 Fermi distribution function
 
MD step: 100000
 

********************************************************************************
 iSCC Total electronic   Diff electronic      SCC error    
    5   -0.28254088E+03    0.41495696E-10    0.95996779E-06
********************************************************************************
 
Coordinates of moved atoms (au):
    1     82.77573239     59.16901636     71.19997900
    2     82.14086271     60.77622704     69.95769380
    3     84.65916755     59.64919089     71.80386513
    4     81.15373536     87.86258759     73.58728208
    5     82.33264499     86.54048903     74.81748086
    6     50.45471562     86.68491983     73.11489055
    7     80.45177742     90.50099717     74.58776205
    8     50.13905432     91.23348764     73.18681356
    9     82.23756378     91.73670684     74.32282189
   10     50.74024010     90.54679502     77.41275738
   11     52.40183502     90.51605314     78.67876750
   12     49.95936854     88.74610739     77.98683474
   13     78.05107079     92.94889474     78.10982869
   14     78.00022311     94.26670700     76.42876231
   15     79.24863349     94.07686238     79.71998395
   16     46.32811908     92.41086268     78.71510060
   17     46.26844457     91.82028716     80.69361333
   18     45.68367968     90.82166357     77.34776941
   19     73.63659553     94.70382428     78.52577886
   20     73.73440252     95.24316422     76.46185781
   21     74.51247688     96.20666494     79.68147164
   22     70.89004834     94.37943524     79.27312406
   23     41.66446927     93.23866677     80.88197082
   24     40.86106870     93.63064825     77.74968744
   25     82.59885482     56.58802143     69.67968018
   26     83.03275947     57.05118671     67.73288665
   27     84.12431140     55.22241850     70.57550454
   28     80.70792560     55.49458466     69.88973134
   29     69.56501110     96.76445860     79.62262918
   30     70.21397912     97.81173083     81.17352093
   31     69.38406081     98.15344655     78.08647131
   32     67.50482308     96.28106855     80.32273126
   33     54.27572804     65.22922975     57.63293759
   34     53.68645315     64.62282770     55.73261129
   35     52.71931838     66.46228781     58.11661954
   36     54.17615851     63.01277920     59.36038647
   37     54.91013205     63.50203268     61.09864141
   38     55.72885863     61.53578841     58.93646996
   39     53.46125488     64.95168858     66.04778445
   40     52.28391935     65.61088981     67.66264253
   41     53.84532059     62.82154979     66.57673787
   42     51.37338495     62.06307926     59.32763579
   43     78.90672340     63.47545331     59.97649522
   44     50.83534849     61.44609786     57.50533765
   45     50.61836640     59.67962708     60.85905228
   46     49.81741226     60.12255621     62.73544263
   47     81.21645398     58.43543261     61.15306315
   48     77.51733867     58.03238607     59.29985859
   49     75.87651695     59.26355397     59.00675710
   50     76.62599851     56.63586444     60.48256173
   51     49.53549789     56.78134333     56.84422903
   52     50.73026856     55.16180078     57.51983846
   53     50.14015937     58.28972748     55.46120717
   54     75.97957959     55.35603942     84.66167585
   55     74.73052274     54.91683766     86.16820336
   56     76.54154188     53.41702554     84.04929421
   57     56.73640458     67.00816461     57.90932724
   58     57.98238571     66.23362558     59.45895820
   59     57.57447515     67.36111348     56.03610220
   60     56.27693533     68.79597154     58.91529910
   61     45.91857312     56.77243984     82.28049427
   62     47.38025474     57.38074047     80.70204038
   63     44.44157104     55.40537311     81.65970447
   64     44.46100203     58.35216130     82.44824092
   65     67.05049075     71.36755878     70.31246538
   66     65.26636294     72.34253467     70.45641342
   67     66.42302143     69.95232827     68.72010740
   68     69.08849555     73.40773465     69.34619207
   69     70.84548945     72.40742199     69.00987087
   70     69.51265795     74.68040631     71.01271782
   71     68.27867028     75.10234849     67.21030033
   72     66.43673443     75.94422338     67.85648839
   73     67.72700164     73.66259722     65.67532319
   74     70.24010395     48.29565372     66.47078968
   75     71.97628799     47.26809516     65.99826136
   76     70.48640415     49.77343388     68.24889085
   77     69.32268672     50.30193687     64.52696674
   78     70.19876566     80.99214376     65.20717127
   79     67.26553221     79.36649727     65.02406674
   80     69.95716688     49.29884800     61.77224145
   81     68.50338344     47.85470936     61.26227923
   82     71.97892317     48.42136760     61.82654224
   83     69.66531965     51.25432755     59.57480233
   84     70.83413041     50.63710140     58.01464604
   85     70.35843824     53.01742962     60.30584406
   86     66.99510438     51.55330188     58.31889172
   87     66.81199155     53.66421432     57.42396349
   88     65.63849180     51.21483496     59.97749078
   89     68.11007789     70.23542668     72.69359564
   90     67.02885398     68.76837289     73.76672620
   91     69.96079396     69.32144628     72.55463236
   92     68.21428134     71.78191231     73.96381934
   93     66.56971279     49.81462882     56.17792139
   94     66.91005307     47.80550628     56.45930552
   95     64.61396759     50.10385892     55.57504392
   96     67.55605148     50.24835315     54.42670644
   97     65.62892170     77.96230675     77.18685460
   98     67.78478640     77.79415596     76.88087872
   99     65.03823472     77.53896528     75.14550544
  100     64.50653456     75.87739488     78.89031439
  101     62.50871056     76.37911412     79.79076081
  102     65.66135932     75.86417491     80.48249529
  103     64.19031316     73.39451134     77.54338020
  104     64.09833332     71.89085132     79.01420263
  105     66.08599764     73.20123909     76.62276597
  106     62.28003589     72.83991141     46.54238765
  107     62.90191491     71.10688887     45.62921372
  108     62.27227125     74.29766683     44.94928026
  109     59.39558027     72.41502025     47.44950383
  110     58.03305162     73.82682799     46.44320264
  111     59.06047173     72.95579378     49.53223491
  112     58.62886725     69.62987545     47.19498069
  113     59.34697262     69.09732237     45.13213632
  114     56.49854890     69.80673076     47.39050365
  115     59.72071571     67.76678809     49.14117293
  116     59.07772053     68.43269202     51.06151099
  117     61.84873711     67.94054175     49.18932417
  118     58.67119925     65.13912232     48.99224521
  119     59.35534786     64.29380182     47.08966191
  120     56.65313144     65.42197031     48.68797796
  121     64.80736782     80.63558155     77.95932250
  122     62.73201024     81.19707319     77.56797754
  123     65.37636793     80.81833945     79.97141408
  124     66.13436354     81.91850522     77.04438417
  125     59.44411439     63.34219040     51.14369931
  126     59.10810666     63.97761352     53.08629592
  127     58.47169307     61.49614840     50.81488263
  128     61.30228819     62.82419805     50.82291182
  129     67.54831018     70.82095418     57.01196914
  130     67.41060737     69.27749661     55.53738874
  131     65.95148934     72.26578989     56.64911715
  132     67.10894128     69.76095681     59.80956589
  133     68.12048233     70.79255614     61.40721498
  134     68.31054340     67.99109309     60.12273694
  135     64.36493866     69.35506055     60.56114480
  136     63.90034989     67.65621646     59.23740131
  137     62.98937065     70.74582031     59.98238491
  138     64.05518966     69.13388489     63.57599150
  139     64.97005623     70.87643684     64.32505848
  140     64.66397155     67.69967642     64.92827246
  141     61.15077421     69.93707642     64.48026179
  142     59.58383777     68.68249167     63.86295461
  143     60.94025029     71.83512289     63.58928474
  144     60.90353763     70.11525629     67.42563222
  145     62.12651651     71.78600677     67.91341378
  146     62.07754661     68.58689897     68.15230650
  147     58.38180883     70.08874889     68.62016311
  148     57.44664088     71.85020384     68.26367571
  149     58.83942018     70.17528991     70.71267838
  150     56.82549337     67.58261373     68.70023063
  151     55.37664826     67.88349426     70.31998885
  152     57.79017174     65.98712606     69.18945170
  153     70.12188928     71.95069029     56.76606013
  154     70.93859913     43.15409093     58.51160334
  155     71.11693564     70.65347260     55.47742897
  156     70.59100564     73.69024968     55.81657910
  157     55.61357252     66.98578385     66.10469256
  158     52.23718451     65.15259002     64.54651760
  159     54.84890553     68.81458688     65.10814636
  160     57.05133417     66.14135706     64.55459101
  161     77.78222442     52.66882079     66.29932526
  162     77.47618272     54.49145112     67.08574432
  163     75.80133343     52.01104817     65.52489642
  164     79.62737954     52.30720443     63.99659371
  165     81.38983816     51.96397242     64.95431401
  166     79.69218887     54.26851708     63.06780944
  167     78.56418570     50.23970847     62.11611989
  168     76.75477631     50.92537021     61.59508720
  169     77.94792711     48.53361698     63.28501395
  170     80.33119147     49.38256017     60.00752533
  171     81.99740444     48.30911563     60.82171375
  172     81.05102458     51.08881089     59.07778702
  173     79.00193784     76.54022020     58.03195274
  174     80.17838537     76.63192423     56.26740354
  175     77.00780441     48.37487591     57.46488663
  176     78.67048762     73.87537229     58.91943072
  177     77.32047960     73.66968037     60.52659353
  178     80.62544206     72.98979978     59.43469328
  179     77.40611287     72.20926242     56.86689414
  180     75.54403004     73.30193480     56.47389544
  181     76.66664992     70.45281676     57.70597251
  182     79.10367938     71.54927658     54.67931955
  183     79.17076890     69.39554591     54.20432112
  184     81.18173661     71.53262245     55.44632916
  185     78.63236916     50.85499206     68.48569632
  186     77.17127616     50.71319964     70.01655963
  187     78.69631535     48.89496982     67.75506100
  188     80.70995734     51.37810344     97.89783302
  189     78.54610039     72.80299954     52.23992189
  190     80.32475278     72.89510206     50.90651395
  191     77.22858061     71.63776884     51.10271761
  192     77.68523651     74.68847844     52.35510399
  193     74.95658286     60.02781121     69.41886096
  194     76.18005709     58.51728084     70.45542184
  195     74.03910043     88.02869967     67.87552319
  196     72.95046074     60.60864732     71.36771708
  197     71.27859800     61.75894405     70.44881498
  198     73.59665811     90.82282203     72.96658821
  199     72.05056628     58.02049852     72.41374069
  200     71.21020564     56.74164241     70.95123705
  201     70.46453278     58.55443413     73.65551852
  202     73.94026703     56.20604894     73.95721784
  203     75.00276812     57.44218791     75.24421763
  204     75.35506720     55.28882995     72.85791198
  205     72.43212322     54.26005487     75.59981522
  206     70.95359151     53.25547882     74.56147182
  207     71.51545015     55.58648473     76.92971714
  208     74.20509839     52.36501234     76.92315988
  209     75.92790291     53.46645737     77.65487721
  210     74.83756333     51.00929302     75.47873937
  211     72.67482238     80.04428758     79.07553182
  212     70.57558218     80.28118927     78.71683043
  213     72.98541623     80.68517006     81.06945781
  214     73.41637362     77.34047861     78.64743249
  215     75.42833322     77.23835743     79.31974393
  216     73.56631490     76.82203021     76.65347784
  217     76.47005795     62.09906644     68.31223383
  218     77.13241542     63.32313000     40.92847610
  219     78.17367655     61.47317575     38.50565104
  220     75.23928366     63.07351997     66.75936340
  221     71.88291317     75.43101254     80.17772569
  222     72.19497461     75.71786789     82.21481507
  223     69.92891593     75.58239843     79.62895768
  224     72.32221595     73.57777473     79.68803117
  225     62.34956811     82.76258053     69.16781554
  226     63.34525299     84.16082458     68.03618915
  227     60.92076834     83.81939892     70.52612201
  228     60.66194615     52.02819447     67.64098383
  229     58.93158515     52.92401151     66.94788702
  230     59.76909925     50.66371617     69.00342876
  231     62.11279722     79.86231072     65.44960311
  232     63.78918803     78.91897928     66.04160526
  233     62.77657235     81.74344110     64.36734415
  234     60.58815330     78.01930201     63.79271386
  235     59.82830008     76.73392290     65.44893611
  236     61.76603012     76.65071604     62.87389049
  237     58.70331187     79.23491096     62.11009169
  238     59.58664003     81.05328211     61.03784347
  239     57.23930796     51.00311813     63.51697304
  240     57.74579491     77.39000882     59.96786004
  241     57.24510916     49.87456449     58.34631643
  242     55.98200812     47.30788209     60.34051201
  243     59.64411607     75.69655792     58.73210887
  244     60.32388568     74.45045569     60.34556433
  245     61.37543582     76.70287420     58.23478771
  246     58.58406271     73.96967098     56.63606167
  247     57.57154058     74.98643454     55.01528247
  248     56.87533082     72.77170493     57.33788180
  249     64.36742113     52.38622191     70.91122560
  250     65.14100790     53.68405699     72.26741157
  251     63.48579819     50.81654714     71.98198524
  252     65.89432345     51.42043576     70.05837429
  253     60.31956182     72.20988981     55.42588134
  254     62.07664506     72.93403503     55.11191083
  255     60.48529763     70.44380914     56.40207659
  256     59.53812825     71.31210331     82.59164525
  257     75.76373669     71.45645376     72.22028892
  258     76.14327721     73.45842082     71.55408546
  259     73.66733139     71.34155106     72.66685459
  260     76.14947189     69.41245294     70.12282141
  261     74.33619035     69.08252056     69.08519537
  262     76.89712785     67.54269373     70.69156916
  263     77.88265109     70.42214255     67.80842234
  264     79.82045106     69.85378670     68.34254897
  265     77.89082942     72.39343299     67.65746063
  266     77.59345736     69.37055334     65.13468291
  267     77.61945956     67.33936991     65.18452630
  268     79.28234567     69.96370388     64.14484828
  269     75.10845844     69.98522245     63.93258790
  270     74.75170057     72.01992406     63.53010703
  271     73.64283474     70.20176384     65.49396714
  272     74.16076359     68.13693205     61.77493531
  273     75.83328367     67.89803294     60.47778182
  274     73.02491071     69.41586278     60.48433166
  275     72.84173897     65.63018889     62.14113139
  276     73.93670215     64.35224350     63.29295023
  277     72.32014887     64.84125775     60.20240708
  278     70.45927278     65.32123812     63.65609297
  279     69.88382163     63.31739637     63.46266378
  280     68.80368152     66.30998501     62.80044466
  281     77.48923217     70.61262250     74.38972474
  282     79.35048469     71.12915967     73.73265705
  283     77.13763825     71.70384152     76.18601205
  284     77.63255931     68.62497974     74.87415595
  285     70.78690823     65.96357582     66.44420682
  286     71.84449534     64.66372550     67.62579349
  287     71.39756144     67.97393802     66.58611379
  288     68.91134746     66.31891389     67.38140347
  289     51.62657216     49.46521940     75.85491054
  290     49.98374811     48.32322676     76.22966560
  291     51.10270239     51.11606362     74.53474628
  292     52.48648790     50.49617580     78.46733579
  293     52.72187670     48.92803026     79.82366215
  294     50.81246642     51.54073139     79.22759221
  295     54.86562325     52.23371245     78.70380503
  296     54.73566583     53.82976174     77.26539857
  297     56.60167181     51.31207480     49.12247368
  298     55.12154450     53.52544890     52.40704819
  299     54.49092688     52.32656638     83.02656764
  300     53.61802858     54.98497008     52.42387698
  301     57.69680836     54.82541089     52.83089529
  302     58.61465258     55.78997996     51.07875461
  303     59.31059409     53.54878471     82.25004402
  304     57.46516624     56.62215539     55.14780404
  305     55.89586240     56.49128043     56.33042092
  306     57.10223923     58.49877329     54.50813622
  307     60.01849083     56.81824349     56.52590314
  308     61.45398364     57.13982953     55.07639838
  309     60.39724052     54.92490659     57.42923711
  310     60.16939609     58.89041862     58.56574030
  311     58.31237177     59.05120447     59.56421526
  312     60.56082420     60.71677097     57.91357994
  313     53.47450949     47.83275463     74.48546216
  314     52.77767142     47.11406860     72.61164092
  315     55.29176903     48.84829731     73.78243153
  316     53.76334704     46.07111252     75.48375465
  317     62.01492196     58.14247813     60.61190329
  318     61.03246414     57.65126150     62.33884934
  319     62.96169171     56.40561824     60.23911701
  320     63.76112239     59.41278797     61.03112296
  321     67.04410832     58.71660097     54.64800929
  322     64.86851664     58.52063444     54.94260410
  323     67.62419727     56.78295414     54.54949937
  324     67.00087883     59.77202029     80.93740469
  325     68.79240759     59.97629455     80.12042492
  326     65.98875396     61.58842939     80.93381406
  327     65.59448883     57.81386243     79.12496947
  328     63.53332050     57.32798346     79.90080126
  329     66.59426789     55.91171048     79.07207592
  330     65.68826465     58.32942475     76.34370763
  331     64.16936176     57.14666126     75.31014740
  332     67.48064184     57.59081181     75.67616619
  333     65.59205096     61.29322113     75.73132655
  334     67.61524792     61.94574658     76.14566828
  335     64.13673312     62.38656827     76.97316496
  336     65.19118230     62.00976058     72.91745311
  337     66.67656812     61.30141439     71.59754285
  338     65.43163620     64.02186791     72.97117000
  339     62.72613259     61.35500486     71.85433726
  340     61.23928187     62.70312218     72.57885113
  341     62.22629729     59.42865047     72.51220204
  342     62.99400520     61.68572229     68.85562048
  343     64.54004271     60.41074999     68.29283722
  344     63.61424677     63.80291414     68.35022633
  345     68.04949905     60.39093080     56.69181210
  346     66.76998950     61.99900221     57.22378664
  347     68.30252018     59.31970720     58.45162387
  348     69.91565144     61.11652660     56.39822689
  349     60.57686771     60.71941319     67.71314697
  350     60.41443570     61.32493828     65.72843573
  351     60.29450139     58.57432280     67.67064512
  352     58.94551056     61.51998751     68.88271980
 
 Total charge:    -0.00000000

 Atomic gross charges (e)
 Atom           Charge
    1      -0.11004686
    2       0.04806449
    3       0.06730881
    4      -0.10363418
    5       0.04977343
    6       0.04633772
    7      -0.09218850
    8       0.06733167
    9       0.03648338
   10      -0.11810196
   11       0.05473707
   12       0.06347583
   13      -0.09394908
   14       0.04788064
   15       0.02997142
   16      -0.09718853
   17       0.05793013
   18       0.05084396
   19      -0.10040900
   20       0.04676077
   21       0.05791772
   22      -0.10384665
   23       0.07220632
   24       0.06642049
   25      -0.19705179
   26       0.07307580
   27       0.04580900
   28       0.06506548
   29      -0.18998389
   30       0.06388903
   31       0.06633345
   32       0.02883400
   33      -0.11004509
   34       0.05893814
   35       0.05451049
   36      -0.10668581
   37       0.07405236
   38       0.04296874
   39      -0.22276114
   40       0.04906868
   41       0.06107191
   42      -0.12274896
   43       0.05637679
   44       0.07524778
   45      -0.12659497
   46       0.05508384
   47       0.05710280
   48      -0.13298160
   49       0.05266228
   50       0.05862485
   51      -0.12450346
   52       0.07150052
   53       0.08146053
   54      -0.11765565
   55       0.07640209
   56       0.04745789
   57      -0.21568774
   58       0.06522271
   59       0.08040683
   60       0.06235079
   61      -0.20079607
   62       0.06442072
   63       0.05944924
   64       0.06026843
   65      -0.09359308
   66       0.06308233
   67       0.03633481
   68      -0.11451594
   69       0.06034310
   70       0.04141099
   71      -0.10342631
   72       0.04767904
   73       0.05023351
   74      -0.10290692
   75       0.07042955
   76       0.02694535
   77      -0.12552108
   78       0.07000764
   79       0.06460867
   80      -0.09790712
   81       0.06239422
   82       0.04949230
   83      -0.13907290
   84       0.06070085
   85       0.06434511
   86      -0.06388477
   87       0.03214497
   88       0.05527522
   89      -0.19798180
   90       0.05561610
   91       0.06765271
   92       0.07130330
   93      -0.20050958
   94       0.07016151
   95       0.05744658
   96       0.06167167
   97      -0.08937819
   98       0.04667404
   99       0.03878422
  100      -0.09981426
  101       0.03331751
  102       0.06814343
  103      -0.08967594
  104       0.04815251
  105       0.04115377
  106      -0.09904337
  107       0.05988320
  108       0.04781053
  109      -0.10956829
  110       0.04495024
  111       0.04616946
  112      -0.09469113
  113       0.04105328
  114       0.05259828
  115      -0.09293736
  116       0.04242601
  117       0.05319731
  118      -0.08391731
  119       0.03378448
  120       0.06058715
  121      -0.19819784
  122       0.07312765
  123       0.06041921
  124       0.06525377
  125      -0.21124953
  126       0.07638260
  127       0.05677891
  128       0.08070662
  129      -0.07274341
  130       0.05325291
  131       0.04127533
  132      -0.11855193
  133       0.04864524
  134       0.05210549
  135      -0.08581924
  136       0.03944411
  137       0.07278085
  138      -0.14430356
  139       0.05334909
  140       0.08607185
  141      -0.14643363
  142       0.06688419
  143       0.05267340
  144      -0.09950610
  145       0.04333227
  146       0.05122428
  147      -0.10101838
  148       0.07321955
  149       0.03792675
  150      -0.09835283
  151       0.04138572
  152       0.08522901
  153      -0.22972981
  154       0.08621053
  155       0.05784798
  156       0.07339602
  157      -0.06955735
  158       0.08892305
  159       0.04042349
  160       0.03237613
  161      -0.11312274
  162       0.07453834
  163       0.03217988
  164      -0.11904407
  165       0.07269266
  166       0.04602587
  167      -0.10163874
  168       0.06906996
  169       0.04134497
  170      -0.11383284
  171       0.06123733
  172       0.05917480
  173      -0.08740873
  174       0.05418697
  175       0.03603336
  176      -0.09095051
  177       0.05757060
  178       0.04108257
  179      -0.10505252
  180       0.04149166
  181       0.05302652
  182      -0.06018367
  183       0.02741874
  184       0.04126901
  185      -0.20427560
  186       0.06801494
  187       0.05699629
  188       0.06498288
  189      -0.17449509
  190       0.04243922
  191       0.05683968
  192       0.06876137
  193      -0.08980195
  194       0.04143869
  195       0.05639423
  196      -0.08207574
  197       0.03486337
  198       0.05256350
  199      -0.12321524
  200       0.05214499
  201       0.05342742
  202      -0.12706255
  203       0.05438247
  204       0.06927112
  205      -0.11964188
  206       0.06307088
  207       0.05568180
  208      -0.10341874
  209       0.05133336
  210       0.06314178
  211      -0.10534257
  212       0.04806109
  213       0.06630736
  214      -0.09127982
  215       0.03925418
  216       0.06084566
  217      -0.19631202
  218       0.06148986
  219       0.07238055
  220       0.05813125
  221      -0.22621608
  222       0.07049281
  223       0.06949676
  224       0.07350363
  225      -0.08378213
  226       0.06639259
  227       0.03292472
  228      -0.09947364
  229       0.05322903
  230       0.04660566
  231      -0.09728246
  232       0.06835858
  233       0.02467434
  234      -0.10605544
  235       0.03486108
  236       0.06523176
  237      -0.07357420
  238       0.03770306
  239       0.05639008
  240      -0.10264234
  241       0.02669119
  242       0.06741709
  243      -0.09298207
  244       0.04096070
  245       0.06399773
  246      -0.06626613
  247       0.04214537
  248       0.03185163
  249      -0.22512633
  250       0.06857727
  251       0.06028549
  252       0.07646137
  253      -0.20924098
  254       0.08339209
  255       0.06149572
  256       0.05108796
  257      -0.07765264
  258       0.06012822
  259       0.04569731
  260      -0.12602220
  261       0.05386999
  262       0.06817548
  263      -0.14269251
  264       0.04728439
  265       0.07039967
  266      -0.09942985
  267       0.06159277
  268       0.06084043
  269      -0.11697564
  270       0.05305214
  271       0.05163139
  272      -0.09532253
  273       0.04204411
  274       0.03937574
  275      -0.09550762
  276       0.07034741
  277       0.04643155
  278      -0.09036285
  279       0.04166913
  280       0.05549557
  281      -0.20619163
  282       0.06530638
  283       0.05314532
  284       0.07658210
  285      -0.21545511
  286       0.08331000
  287       0.06945006
  288       0.04762408
  289      -0.08023312
  290       0.06104678
  291       0.04440223
  292      -0.10807500
  293       0.05442624
  294       0.04574678
  295      -0.10648859
  296       0.04216480
  297       0.06364872
  298      -0.09832102
  299       0.05525339
  300       0.04890009
  301      -0.09214947
  302       0.04622318
  303       0.05065766
  304      -0.14241476
  305       0.07916937
  306       0.05464288
  307      -0.10327765
  308       0.06145520
  309       0.04945770
  310      -0.09734491
  311       0.04867131
  312       0.07341661
  313      -0.18915682
  314       0.04539185
  315       0.05574635
  316       0.06966877
  317      -0.20715565
  318       0.06455237
  319       0.06360423
  320       0.05113848
  321      -0.09067808
  322       0.03501923
  323       0.07004983
  324      -0.11970479
  325       0.07012627
  326       0.06211107
  327      -0.10798787
  328       0.03455332
  329       0.04482194
  330      -0.10229981
  331       0.04888489
  332       0.05761685
  333      -0.10944539
  334       0.04302454
  335       0.05506849
  336      -0.10815965
  337       0.05283285
  338       0.05528840
  339      -0.10883988
  340       0.04796358
  341       0.06505252
  342      -0.09099729
  343       0.05706610
  344       0.04819118
  345      -0.18887943
  346       0.06211848
  347       0.05579302
  348       0.06662240
  349      -0.18365624
  350       0.06247463
  351       0.05843381
  352       0.05189430
 
Nr. of electrons (up):    682.00000000
Atom populations (up)
 Atom       Population
    1       4.11004686
    2       0.95193551
    3       0.93269119
    4       4.10363418
    5       0.95022657
    6       0.95366228
    7       4.09218850
    8       0.93266833
    9       0.96351662
   10       4.11810196
   11       0.94526293
   12       0.93652417
   13       4.09394908
   14       0.95211936
   15       0.97002858
   16       4.09718853
   17       0.94206987
   18       0.94915604
   19       4.10040900
   20       0.95323923
   21       0.94208228
   22       4.10384665
   23       0.92779368
   24       0.93357951
   25       4.19705179
   26       0.92692420
   27       0.95419100
   28       0.93493452
   29       4.18998389
   30       0.93611097
   31       0.93366655
   32       0.97116600
   33       4.11004509
   34       0.94106186
   35       0.94548951
   36       4.10668581
   37       0.92594764
   38       0.95703126
   39       4.22276114
   40       0.95093132
   41       0.93892809
   42       4.12274896
   43       0.94362321
   44       0.92475222
   45       4.12659497
   46       0.94491616
   47       0.94289720
   48       4.13298160
   49       0.94733772
   50       0.94137515
   51       4.12450346
   52       0.92849948
   53       0.91853947
   54       4.11765565
   55       0.92359791
   56       0.95254211
   57       4.21568774
   58       0.93477729
   59       0.91959317
   60       0.93764921
   61       4.20079607
   62       0.93557928
   63       0.94055076
   64       0.93973157
   65       4.09359308
   66       0.93691767
   67       0.96366519
   68       4.11451594
   69       0.93965690
   70       0.95858901
   71       4.10342631
   72       0.95232096
   73       0.94976649
   74       4.10290692
   75       0.92957045
   76       0.97305465
   77       4.12552108
   78       0.92999236
   79       0.93539133
   80       4.09790712
   81       0.93760578
   82       0.95050770
   83       4.13907290
   84       0.93929915
   85       0.93565489
   86       4.06388477
   87       0.96785503
   88       0.94472478
   89       4.19798180
   90       0.94438390
   91       0.93234729
   92       0.92869670
   93       4.20050958
   94       0.92983849
   95       0.94255342
   96       0.93832833
   97       4.08937819
   98       0.95332596
   99       0.96121578
  100       4.09981426
  101       0.96668249
  102       0.93185657
  103       4.08967594
  104       0.95184749
  105       0.95884623
  106       4.09904337
  107       0.94011680
  108       0.95218947
  109       4.10956829
  110       0.95504976
  111       0.95383054
  112       4.09469113
  113       0.95894672
  114       0.94740172
  115       4.09293736
  116       0.95757399
  117       0.94680269
  118       4.08391731
  119       0.96621552
  120       0.93941285
  121       4.19819784
  122       0.92687235
  123       0.93958079
  124       0.93474623
  125       4.21124953
  126       0.92361740
  127       0.94322109
  128       0.91929338
  129       4.07274341
  130       0.94674709
  131       0.95872467
  132       4.11855193
  133       0.95135476
  134       0.94789451
  135       4.08581924
  136       0.96055589
  137       0.92721915
  138       4.14430356
  139       0.94665091
  140       0.91392815
  141       4.14643363
  142       0.93311581
  143       0.94732660
  144       4.09950610
  145       0.95666773
  146       0.94877572
  147       4.10101838
  148       0.92678045
  149       0.96207325
  150       4.09835283
  151       0.95861428
  152       0.91477099
  153       4.22972981
  154       0.91378947
  155       0.94215202
  156       0.92660398
  157       4.06955735
  158       0.91107695
  159       0.95957651
  160       0.96762387
  161       4.11312274
  162       0.92546166
  163       0.96782012
  164       4.11904407
  165       0.92730734
  166       0.95397413
  167       4.10163874
  168       0.93093004
  169       0.95865503
  170       4.11383284
  171       0.93876267
  172       0.94082520
  173       4.08740873
  174       0.94581303
  175       0.96396664
  176       4.09095051
  177       0.94242940
  178       0.95891743
  179       4.10505252
  180       0.95850834
  181       0.94697348
  182       4.06018367
  183       0.97258126
  184       0.95873099
  185       4.20427560
  186       0.93198506
  187       0.94300371
  188       0.93501712
  189       4.17449509
  190       0.95756078
  191       0.94316032
  192       0.93123863
  193       4.08980195
  194       0.95856131
  195       0.94360577
  196       4.08207574
  197       0.96513663
  198       0.94743650
  199       4.12321524
  200       0.94785501
  201       0.94657258
  202       4.12706255
  203       0.94561753
  204       0.93072888
  205       4.11964188
  206       0.93692912
  207       0.94431820
  208       4.10341874
  209       0.94866664
  210       0.93685822
  211       4.10534257
  212       0.95193891
  213       0.93369264
  214       4.09127982
  215       0.96074582
  216       0.93915434
  217       4.19631202
  218       0.93851014
  219       0.92761945
  220       0.94186875
  221       4.22621608
  222       0.92950719
  223       0.93050324
  224       0.92649637
  225       4.08378213
  226       0.93360741
  227       0.96707528
  228       4.09947364
  229       0.94677097
  230       0.95339434
  231       4.09728246
  232       0.93164142
  233       0.97532566
  234       4.10605544
  235       0.96513892
  236       0.93476824
  237       4.07357420
  238       0.96229694
  239       0.94360992
  240       4.10264234
  241       0.97330881
  242       0.93258291
  243       4.09298207
  244       0.95903930
  245       0.93600227
  246       4.06626613
  247       0.95785463
  248       0.96814837
  249       4.22512633
  250       0.93142273
  251       0.93971451
  252       0.92353863
  253       4.20924098
  254       0.91660791
  255       0.93850428
  256       0.94891204
  257       4.07765264
  258       0.93987178
  259       0.95430269
  260       4.12602220
  261       0.94613001
  262       0.93182452
  263       4.14269251
  264       0.95271561
  265       0.92960033
  266       4.09942985
  267       0.93840723
  268       0.93915957
  269       4.11697564
  270       0.94694786
  271       0.94836861
  272       4.09532253
  273       0.95795589
  274       0.96062426
  275       4.09550762
  276       0.92965259
  277       0.95356845
  278       4.09036285
  279       0.95833087
  280       0.94450443
  281       4.20619163
  282       0.93469362
  283       0.94685468
  284       0.92341790
  285       4.21545511
  286       0.91669000
  287       0.93054994
  288       0.95237592
  289       4.08023312
  290       0.93895322
  291       0.95559777
  292       4.10807500
  293       0.94557376
  294       0.95425322
  295       4.10648859
  296       0.95783520
  297       0.93635128
  298       4.09832102
  299       0.94474661
  300       0.95109991
  301       4.09214947
  302       0.95377682
  303       0.94934234
  304       4.14241476
  305       0.92083063
  306       0.94535712
  307       4.10327765
  308       0.93854480
  309       0.95054230
  310       4.09734491
  311       0.95132869
  312       0.92658339
  313       4.18915682
  314       0.95460815
  315       0.94425365
  316       0.93033123
  317       4.20715565
  318       0.93544763
  319       0.93639577
  320       0.94886152
  321       4.09067808
  322       0.96498077
  323       0.92995017
  324       4.11970479
  325       0.92987373
  326       0.93788893
  327       4.10798787
  328       0.96544668
  329       0.95517806
  330       4.10229981
  331       0.95111511
  332       0.94238315
  333       4.10944539
  334       0.95697546
  335       0.94493151
  336       4.10815965
  337       0.94716715
  338       0.94471160
  339       4.10883988
  340       0.95203642
  341       0.93494748
  342       4.09099729
  343       0.94293390
  344       0.95180882
  345       4.18887943
  346       0.93788152
  347       0.94420698
  348       0.93337760
  349       4.18365624
  350       0.93752537
  351       0.94156619
  352       0.94810570
 
l-shell populations (up)
 Atom Sh.   l       Population
    1   1   0       1.24501524
    1   2   1       2.86503162
    2   1   0       0.95193551
    3   1   0       0.93269119
    4   1   0       1.24669884
    4   2   1       2.85693534
    5   1   0       0.95022657
    6   1   0       0.95366228
    7   1   0       1.24274025
    7   2   1       2.84944826
    8   1   0       0.93266833
    9   1   0       0.96351662
   10   1   0       1.24319065
   10   2   1       2.87491131
   11   1   0       0.94526293
   12   1   0       0.93652417
   13   1   0       1.26085974
   13   2   1       2.83308934
   14   1   0       0.95211936
   15   1   0       0.97002858
   16   1   0       1.23035365
   16   2   1       2.86683488
   17   1   0       0.94206987
   18   1   0       0.94915604
   19   1   0       1.22680392
   19   2   1       2.87360508
   20   1   0       0.95323923
   21   1   0       0.94208228
   22   1   0       1.20088326
   22   2   1       2.90296338
   23   1   0       0.92779368
   24   1   0       0.93357951
   25   1   0       1.29201430
   25   2   1       2.90503748
   26   1   0       0.92692420
   27   1   0       0.95419100
   28   1   0       0.93493452
   29   1   0       1.25083208
   29   2   1       2.93915181
   30   1   0       0.93611097
   31   1   0       0.93366655
   32   1   0       0.97116600
   33   1   0       1.23437059
   33   2   1       2.87567450
   34   1   0       0.94106186
   35   1   0       0.94548951
   36   1   0       1.22532687
   36   2   1       2.88135894
   37   1   0       0.92594764
   38   1   0       0.95703126
   39   1   0       1.27611161
   39   2   1       2.94664953
   40   1   0       0.95093132
   41   1   0       0.93892809
   42   1   0       1.23967655
   42   2   1       2.88307240
   43   1   0       0.94362321
   44   1   0       0.92475222
   45   1   0       1.25626507
   45   2   1       2.87032989
   46   1   0       0.94491616
   47   1   0       0.94289720
   48   1   0       1.25306037
   48   2   1       2.87992122
   49   1   0       0.94733772
   50   1   0       0.94137515
   51   1   0       1.26837152
   51   2   1       2.85613194
   52   1   0       0.92849948
   53   1   0       0.91853947
   54   1   0       1.26000862
   54   2   1       2.85764703
   55   1   0       0.92359791
   56   1   0       0.95254211
   57   1   0       1.28630073
   57   2   1       2.92938701
   58   1   0       0.93477729
   59   1   0       0.91959317
   60   1   0       0.93764921
   61   1   0       1.28748701
   61   2   1       2.91330906
   62   1   0       0.93557928
   63   1   0       0.94055076
   64   1   0       0.93973157
   65   1   0       1.24278727
   65   2   1       2.85080581
   66   1   0       0.93691767
   67   1   0       0.96366519
   68   1   0       1.24495746
   68   2   1       2.86955848
   69   1   0       0.93965690
   70   1   0       0.95858901
   71   1   0       1.24763836
   71   2   1       2.85578795
   72   1   0       0.95232096
   73   1   0       0.94976649
   74   1   0       1.26639159
   74   2   1       2.83651532
   75   1   0       0.92957045
   76   1   0       0.97305465
   77   1   0       1.25366701
   77   2   1       2.87185408
   78   1   0       0.92999236
   79   1   0       0.93539133
   80   1   0       1.25979291
   80   2   1       2.83811421
   81   1   0       0.93760578
   82   1   0       0.95050770
   83   1   0       1.24206443
   83   2   1       2.89700847
   84   1   0       0.93929915
   85   1   0       0.93565489
   86   1   0       1.24347568
   86   2   1       2.82040910
   87   1   0       0.96785503
   88   1   0       0.94472478
   89   1   0       1.25226377
   89   2   1       2.94571803
   90   1   0       0.94438390
   91   1   0       0.93234729
   92   1   0       0.92869670
   93   1   0       1.24803557
   93   2   1       2.95247401
   94   1   0       0.92983849
   95   1   0       0.94255342
   96   1   0       0.93832833
   97   1   0       1.24534791
   97   2   1       2.84403027
   98   1   0       0.95332596
   99   1   0       0.96121578
  100   1   0       1.22910454
  100   2   1       2.87070972
  101   1   0       0.96668249
  102   1   0       0.93185657
  103   1   0       1.22032911
  103   2   1       2.86934683
  104   1   0       0.95184749
  105   1   0       0.95884623
  106   1   0       1.24529948
  106   2   1       2.85374389
  107   1   0       0.94011680
  108   1   0       0.95218947
  109   1   0       1.26683749
  109   2   1       2.84273081
  110   1   0       0.95504976
  111   1   0       0.95383054
  112   1   0       1.25039859
  112   2   1       2.84429254
  113   1   0       0.95894672
  114   1   0       0.94740172
  115   1   0       1.23191722
  115   2   1       2.86102013
  116   1   0       0.95757399
  117   1   0       0.94680269
  118   1   0       1.22856872
  118   2   1       2.85534859
  119   1   0       0.96621552
  120   1   0       0.93941285
  121   1   0       1.27243008
  121   2   1       2.92576775
  122   1   0       0.92687235
  123   1   0       0.93958079
  124   1   0       0.93474623
  125   1   0       1.25921904
  125   2   1       2.95203049
  126   1   0       0.92361740
  127   1   0       0.94322109
  128   1   0       0.91929338
  129   1   0       1.24323894
  129   2   1       2.82950447
  130   1   0       0.94674709
  131   1   0       0.95872467
  132   1   0       1.25673377
  132   2   1       2.86181816
  133   1   0       0.95135476
  134   1   0       0.94789451
  135   1   0       1.24514448
  135   2   1       2.84067476
  136   1   0       0.96055589
  137   1   0       0.92721915
  138   1   0       1.27802145
  138   2   1       2.86628211
  139   1   0       0.94665091
  140   1   0       0.91392815
  141   1   0       1.27448460
  141   2   1       2.87194904
  142   1   0       0.93311581
  143   1   0       0.94732660
  144   1   0       1.22589321
  144   2   1       2.87361289
  145   1   0       0.95666773
  146   1   0       0.94877572
  147   1   0       1.22335355
  147   2   1       2.87766482
  148   1   0       0.92678045
  149   1   0       0.96207325
  150   1   0       1.23598917
  150   2   1       2.86236366
  151   1   0       0.95861428
  152   1   0       0.91477099
  153   1   0       1.24554268
  153   2   1       2.98418713
  154   1   0       0.91378947
  155   1   0       0.94215202
  156   1   0       0.92660398
  157   1   0       1.26066522
  157   2   1       2.80889213
  158   1   0       0.91107695
  159   1   0       0.95957651
  160   1   0       0.96762387
  161   1   0       1.25349418
  161   2   1       2.85962856
  162   1   0       0.92546166
  163   1   0       0.96782012
  164   1   0       1.25521875
  164   2   1       2.86382533
  165   1   0       0.92730734
  166   1   0       0.95397413
  167   1   0       1.23799892
  167   2   1       2.86363982
  168   1   0       0.93093004
  169   1   0       0.95865503
  170   1   0       1.24485052
  170   2   1       2.86898231
  171   1   0       0.93876267
  172   1   0       0.94082520
  173   1   0       1.24520113
  173   2   1       2.84220760
  174   1   0       0.94581303
  175   1   0       0.96396664
  176   1   0       1.23962030
  176   2   1       2.85133021
  177   1   0       0.94242940
  178   1   0       0.95891743
  179   1   0       1.23851851
  179   2   1       2.86653401
  180   1   0       0.95850834
  181   1   0       0.94697348
  182   1   0       1.22267074
  182   2   1       2.83751293
  183   1   0       0.97258126
  184   1   0       0.95873099
  185   1   0       1.28468222
  185   2   1       2.91959338
  186   1   0       0.93198506
  187   1   0       0.94300371
  188   1   0       0.93501712
  189   1   0       1.26109859
  189   2   1       2.91339651
  190   1   0       0.95756078
  191   1   0       0.94316032
  192   1   0       0.93123863
  193   1   0       1.21836293
  193   2   1       2.87143902
  194   1   0       0.95856131
  195   1   0       0.94360577
  196   1   0       1.24445444
  196   2   1       2.83762130
  197   1   0       0.96513663
  198   1   0       0.94743650
  199   1   0       1.25381218
  199   2   1       2.86940307
  200   1   0       0.94785501
  201   1   0       0.94657258
  202   1   0       1.25071422
  202   2   1       2.87634833
  203   1   0       0.94561753
  204   1   0       0.93072888
  205   1   0       1.24410709
  205   2   1       2.87553479
  206   1   0       0.93692912
  207   1   0       0.94431820
  208   1   0       1.24889916
  208   2   1       2.85451958
  209   1   0       0.94866664
  210   1   0       0.93685822
  211   1   0       1.23915033
  211   2   1       2.86619223
  212   1   0       0.95193891
  213   1   0       0.93369264
  214   1   0       1.22764500
  214   2   1       2.86363482
  215   1   0       0.96074582
  216   1   0       0.93915434
  217   1   0       1.25866077
  217   2   1       2.93765125
  218   1   0       0.93851014
  219   1   0       0.92761945
  220   1   0       0.94186875
  221   1   0       1.25602265
  221   2   1       2.97019343
  222   1   0       0.92950719
  223   1   0       0.93050324
  224   1   0       0.92649637
  225   1   0       1.24840218
  225   2   1       2.83537995
  226   1   0       0.93360741
  227   1   0       0.96707528
  228   1   0       1.22786450
  228   2   1       2.87160914
  229   1   0       0.94677097
  230   1   0       0.95339434
  231   1   0       1.23884402
  231   2   1       2.85843844
  232   1   0       0.93164142
  233   1   0       0.97532566
  234   1   0       1.22843516
  234   2   1       2.87762028
  235   1   0       0.96513892
  236   1   0       0.93476824
  237   1   0       1.24740546
  237   2   1       2.82616875
  238   1   0       0.96229694
  239   1   0       0.94360992
  240   1   0       1.24749039
  240   2   1       2.85515194
  241   1   0       0.97330881
  242   1   0       0.93258291
  243   1   0       1.22676013
  243   2   1       2.86622195
  244   1   0       0.95903930
  245   1   0       0.93600227
  246   1   0       1.22369501
  246   2   1       2.84257112
  247   1   0       0.95785463
  248   1   0       0.96814837
  249   1   0       1.26981504
  249   2   1       2.95531128
  250   1   0       0.93142273
  251   1   0       0.93971451
  252   1   0       0.92353863
  253   1   0       1.23933420
  253   2   1       2.96990679
  254   1   0       0.91660791
  255   1   0       0.93850428
  256   1   0       0.94891204
  257   1   0       1.24331779
  257   2   1       2.83433485
  258   1   0       0.93987178
  259   1   0       0.95430269
  260   1   0       1.26183774
  260   2   1       2.86418446
  261   1   0       0.94613001
  262   1   0       0.93182452
  263   1   0       1.24564948
  263   2   1       2.89704303
  264   1   0       0.95271561
  265   1   0       0.92960033
  266   1   0       1.21673777
  266   2   1       2.88269208
  267   1   0       0.93840723
  268   1   0       0.93915957
  269   1   0       1.23879537
  269   2   1       2.87818027
  270   1   0       0.94694786
  271   1   0       0.94836861
  272   1   0       1.23928296
  272   2   1       2.85603957
  273   1   0       0.95795589
  274   1   0       0.96062426
  275   1   0       1.22015858
  275   2   1       2.87534904
  276   1   0       0.92965259
  277   1   0       0.95356845
  278   1   0       1.22558035
  278   2   1       2.86478249
  279   1   0       0.95833087
  280   1   0       0.94450443
  281   1   0       1.26401739
  281   2   1       2.94217424
  282   1   0       0.93469362
  283   1   0       0.94685468
  284   1   0       0.92341790
  285   1   0       1.26601960
  285   2   1       2.94943551
  286   1   0       0.91669000
  287   1   0       0.93054994
  288   1   0       0.95237592
  289   1   0       1.22641731
  289   2   1       2.85381581
  290   1   0       0.93895322
  291   1   0       0.95559777
  292   1   0       1.24379347
  292   2   1       2.86428153
  293   1   0       0.94557376
  294   1   0       0.95425322
  295   1   0       1.24819814
  295   2   1       2.85829044
  296   1   0       0.95783520
  297   1   0       0.93635128
  298   1   0       1.24581982
  298   2   1       2.85250120
  299   1   0       0.94474661
  300   1   0       0.95109991
  301   1   0       1.24637132
  301   2   1       2.84577816
  302   1   0       0.95377682
  303   1   0       0.94934234
  304   1   0       1.22946947
  304   2   1       2.91294530
  305   1   0       0.92083063
  306   1   0       0.94535712
  307   1   0       1.24021835
  307   2   1       2.86305929
  308   1   0       0.93854480
  309   1   0       0.95054230
  310   1   0       1.22107528
  310   2   1       2.87626963
  311   1   0       0.95132869
  312   1   0       0.92658339
  313   1   0       1.26145283
  313   2   1       2.92770399
  314   1   0       0.95460815
  315   1   0       0.94425365
  316   1   0       0.93033123
  317   1   0       1.26163503
  317   2   1       2.94552061
  318   1   0       0.93544763
  319   1   0       0.93639577
  320   1   0       0.94886152
  321   1   0       1.22099348
  321   2   1       2.86968460
  322   1   0       0.96498077
  323   1   0       0.92995017
  324   1   0       1.23623105
  324   2   1       2.88347373
  325   1   0       0.92987373
  326   1   0       0.93788893
  327   1   0       1.25729298
  327   2   1       2.85069490
  328   1   0       0.96544668
  329   1   0       0.95517806
  330   1   0       1.24497395
  330   2   1       2.85732586
  331   1   0       0.95111511
  332   1   0       0.94238315
  333   1   0       1.26739765
  333   2   1       2.84204774
  334   1   0       0.95697546
  335   1   0       0.94493151
  336   1   0       1.22138233
  336   2   1       2.88677731
  337   1   0       0.94716715
  338   1   0       0.94471160
  339   1   0       1.23916727
  339   2   1       2.86967260
  340   1   0       0.95203642
  341   1   0       0.93494748
  342   1   0       1.25196664
  342   2   1       2.83903065
  343   1   0       0.94293390
  344   1   0       0.95180882
  345   1   0       1.25143342
  345   2   1       2.93744601
  346   1   0       0.93788152
  347   1   0       0.94420698
  348   1   0       0.93337760
  349   1   0       1.26754447
  349   2   1       2.91611177
  350   1   0       0.93752537
  351   1   0       0.94156619
  352   1   0       0.94810570
 
Orbital populations (up)
 Atom Sh.   l   m       Population  Label
    1   1   0   0       1.24501524  s
    1   2   1  -1       0.93860169  p_y
    1   2   1   0       0.94409813  p_z
    1   2   1   1       0.98233180  p_x
    2   1   0   0       0.95193551  s
    3   1   0   0       0.93269119  s
    4   1   0   0       1.24669884  s
    4   2   1  -1       0.93461530  p_y
    4   2   1   0       0.96920149  p_z
    4   2   1   1       0.95311855  p_x
    5   1   0   0       0.95022657  s
    6   1   0   0       0.95366228  s
    7   1   0   0       1.24274025  s
    7   2   1  -1       0.95455429  p_y
    7   2   1   0       0.92135091  p_z
    7   2   1   1       0.97354305  p_x
    8   1   0   0       0.93266833  s
    9   1   0   0       0.96351662  s
   10   1   0   0       1.24319065  s
   10   2   1  -1       0.95183473  p_y
   10   2   1   0       0.93379361  p_z
   10   2   1   1       0.98928297  p_x
   11   1   0   0       0.94526293  s
   12   1   0   0       0.93652417  s
   13   1   0   0       1.26085974  s
   13   2   1  -1       0.94759385  p_y
   13   2   1   0       0.96474038  p_z
   13   2   1   1       0.92075512  p_x
   14   1   0   0       0.95211936  s
   15   1   0   0       0.97002858  s
   16   1   0   0       1.23035365  s
   16   2   1  -1       0.96599420  p_y
   16   2   1   0       0.96552615  p_z
   16   2   1   1       0.93531453  p_x
   17   1   0   0       0.94206987  s
   18   1   0   0       0.94915604  s
   19   1   0   0       1.22680392  s
   19   2   1  -1       0.97496681  p_y
   19   2   1   0       0.96685213  p_z
   19   2   1   1       0.93178613  p_x
   20   1   0   0       0.95323923  s
   21   1   0   0       0.94208228  s
   22   1   0   0       1.20088326  s
   22   2   1  -1       0.98169496  p_y
   22   2   1   0       0.98611653  p_z
   22   2   1   1       0.93515190  p_x
   23   1   0   0       0.92779368  s
   24   1   0   0       0.93357951  s
   25   1   0   0       1.29201430  s
   25   2   1  -1       0.94790155  p_y
   25   2   1   0       0.97882670  p_z
   25   2   1   1       0.97830923  p_x
   26   1   0   0       0.92692420  s
   27   1   0   0       0.95419100  s
   28   1   0   0       0.93493452  s
   29   1   0   0       1.25083208  s
   29   2   1  -1       0.96206825  p_y
   29   2   1   0       0.99512922  p_z
   29   2   1   1       0.98195434  p_x
   30   1   0   0       0.93611097  s
   31   1   0   0       0.93366655  s
   32   1   0   0       0.97116600  s
   33   1   0   0       1.23437059  s
   33   2   1  -1       0.94155637  p_y
   33   2   1   0       0.97672364  p_z
   33   2   1   1       0.95739448  p_x
   34   1   0   0       0.94106186  s
   35   1   0   0       0.94548951  s
   36   1   0   0       1.22532687  s
   36   2   1  -1       0.96562329  p_y
   36   2   1   0       1.00142439  p_z
   36   2   1   1       0.91431126  p_x
   37   1   0   0       0.92594764  s
   38   1   0   0       0.95703126  s
   39   1   0   0       1.27611161  s
   39   2   1  -1       0.94113947  p_y
   39   2   1   0       1.01163335  p_z
   39   2   1   1       0.99387670  p_x
   40   1   0   0       0.95093132  s
   41   1   0   0       0.93892809  s
   42   1   0   0       1.23967655  s
   42   2   1  -1       0.95390676  p_y
   42   2   1   0       1.00335801  p_z
   42   2   1   1       0.92580763  p_x
   43   1   0   0       0.94362321  s
   44   1   0   0       0.92475222  s
   45   1   0   0       1.25626507  s
   45   2   1  -1       0.94738017  p_y
   45   2   1   0       0.95787634  p_z
   45   2   1   1       0.96507338  p_x
   46   1   0   0       0.94491616  s
   47   1   0   0       0.94289720  s
   48   1   0   0       1.25306037  s
   48   2   1  -1       0.96911796  p_y
   48   2   1   0       0.95146100  p_z
   48   2   1   1       0.95934226  p_x
   49   1   0   0       0.94733772  s
   50   1   0   0       0.94137515  s
   51   1   0   0       1.26837152  s
   51   2   1  -1       0.93938318  p_y
   51   2   1   0       0.94643868  p_z
   51   2   1   1       0.97031008  p_x
   52   1   0   0       0.92849948  s
   53   1   0   0       0.91853947  s
   54   1   0   0       1.26000862  s
   54   2   1  -1       0.95811755  p_y
   54   2   1   0       0.93831966  p_z
   54   2   1   1       0.96120981  p_x
   55   1   0   0       0.92359791  s
   56   1   0   0       0.95254211  s
   57   1   0   0       1.28630073  s
   57   2   1  -1       0.99196825  p_y
   57   2   1   0       0.95570292  p_z
   57   2   1   1       0.98171583  p_x
   58   1   0   0       0.93477729  s
   59   1   0   0       0.91959317  s
   60   1   0   0       0.93764921  s
   61   1   0   0       1.28748701  s
   61   2   1  -1       0.99374240  p_y
   61   2   1   0       0.97154990  p_z
   61   2   1   1       0.94801675  p_x
   62   1   0   0       0.93557928  s
   63   1   0   0       0.94055076  s
   64   1   0   0       0.93973157  s
   65   1   0   0       1.24278727  s
   65   2   1  -1       0.95468292  p_y
   65   2   1   0       0.94036871  p_z
   65   2   1   1       0.95575418  p_x
   66   1   0   0       0.93691767  s
   67   1   0   0       0.96366519  s
   68   1   0   0       1.24495746  s
   68   2   1  -1       0.93924412  p_y
   68   2   1   0       0.96214400  p_z
   68   2   1   1       0.96817036  p_x
   69   1   0   0       0.93965690  s
   70   1   0   0       0.95858901  s
   71   1   0   0       1.24763836  s
   71   2   1  -1       0.92834494  p_y
   71   2   1   0       0.96735834  p_z
   71   2   1   1       0.96008466  p_x
   72   1   0   0       0.95232096  s
   73   1   0   0       0.94976649  s
   74   1   0   0       1.26639159  s
   74   2   1  -1       0.89962070  p_y
   74   2   1   0       0.96812084  p_z
   74   2   1   1       0.96877379  p_x
   75   1   0   0       0.92957045  s
   76   1   0   0       0.97305465  s
   77   1   0   0       1.25366701  s
   77   2   1  -1       0.96704957  p_y
   77   2   1   0       0.92220556  p_z
   77   2   1   1       0.98259894  p_x
   78   1   0   0       0.92999236  s
   79   1   0   0       0.93539133  s
   80   1   0   0       1.25979291  s
   80   2   1  -1       0.97934445  p_y
   80   2   1   0       0.90742379  p_z
   80   2   1   1       0.95134597  p_x
   81   1   0   0       0.93760578  s
   82   1   0   0       0.95050770  s
   83   1   0   0       1.24206443  s
   83   2   1  -1       0.97574428  p_y
   83   2   1   0       0.94632011  p_z
   83   2   1   1       0.97494408  p_x
   84   1   0   0       0.93929915  s
   85   1   0   0       0.93565489  s
   86   1   0   0       1.24347568  s
   86   2   1  -1       0.94273222  p_y
   86   2   1   0       0.92228069  p_z
   86   2   1   1       0.95539619  p_x
   87   1   0   0       0.96785503  s
   88   1   0   0       0.94472478  s
   89   1   0   0       1.25226377  s
   89   2   1  -1       0.97545709  p_y
   89   2   1   0       0.97140778  p_z
   89   2   1   1       0.99885316  p_x
   90   1   0   0       0.94438390  s
   91   1   0   0       0.93234729  s
   92   1   0   0       0.92869670  s
   93   1   0   0       1.24803557  s
   93   2   1  -1       0.97458653  p_y
   93   2   1   0       0.96980060  p_z
   93   2   1   1       1.00808689  p_x
   94   1   0   0       0.92983849  s
   95   1   0   0       0.94255342  s
   96   1   0   0       0.93832833  s
   97   1   0   0       1.24534791  s
   97   2   1  -1       0.92251771  p_y
   97   2   1   0       0.96366866  p_z
   97   2   1   1       0.95784390  p_x
   98   1   0   0       0.95332596  s
   99   1   0   0       0.96121578  s
  100   1   0   0       1.22910454  s
  100   2   1  -1       0.94231398  p_y
  100   2   1   0       0.96649779  p_z
  100   2   1   1       0.96189795  p_x
  101   1   0   0       0.96668249  s
  102   1   0   0       0.93185657  s
  103   1   0   0       1.22032911  s
  103   2   1  -1       0.95726696  p_y
  103   2   1   0       0.94392539  p_z
  103   2   1   1       0.96815448  p_x
  104   1   0   0       0.95184749  s
  105   1   0   0       0.95884623  s
  106   1   0   0       1.24529948  s
  106   2   1  -1       0.98272655  p_y
  106   2   1   0       0.95412073  p_z
  106   2   1   1       0.91689661  p_x
  107   1   0   0       0.94011680  s
  108   1   0   0       0.95218947  s
  109   1   0   0       1.26683749  s
  109   2   1  -1       0.93904563  p_y
  109   2   1   0       0.97384369  p_z
  109   2   1   1       0.92984149  p_x
  110   1   0   0       0.95504976  s
  111   1   0   0       0.95383054  s
  112   1   0   0       1.25039859  s
  112   2   1  -1       0.93190623  p_y
  112   2   1   0       0.95073985  p_z
  112   2   1   1       0.96164646  p_x
  113   1   0   0       0.95894672  s
  114   1   0   0       0.94740172  s
  115   1   0   0       1.23191722  s
  115   2   1  -1       0.94111587  p_y
  115   2   1   0       0.96354908  p_z
  115   2   1   1       0.95635518  p_x
  116   1   0   0       0.95757399  s
  117   1   0   0       0.94680269  s
  118   1   0   0       1.22856872  s
  118   2   1  -1       0.93083596  p_y
  118   2   1   0       0.94661244  p_z
  118   2   1   1       0.97790019  p_x
  119   1   0   0       0.96621552  s
  120   1   0   0       0.93941285  s
  121   1   0   0       1.27243008  s
  121   2   1  -1       0.96981675  p_y
  121   2   1   0       0.99705041  p_z
  121   2   1   1       0.95890060  p_x
  122   1   0   0       0.92687235  s
  123   1   0   0       0.93958079  s
  124   1   0   0       0.93474623  s
  125   1   0   0       1.25921904  s
  125   2   1  -1       0.97859049  p_y
  125   2   1   0       0.95508879  p_z
  125   2   1   1       1.01835121  p_x
  126   1   0   0       0.92361740  s
  127   1   0   0       0.94322109  s
  128   1   0   0       0.91929338  s
  129   1   0   0       1.24323894  s
  129   2   1  -1       0.95909982  p_y
  129   2   1   0       0.93326897  p_z
  129   2   1   1       0.93713569  p_x
  130   1   0   0       0.94674709  s
  131   1   0   0       0.95872467  s
  132   1   0   0       1.25673377  s
  132   2   1  -1       1.00879883  p_y
  132   2   1   0       0.91958613  p_z
  132   2   1   1       0.93343319  p_x
  133   1   0   0       0.95135476  s
  134   1   0   0       0.94789451  s
  135   1   0   0       1.24514448  s
  135   2   1  -1       0.99627991  p_y
  135   2   1   0       0.89721052  p_z
  135   2   1   1       0.94718433  p_x
  136   1   0   0       0.96055589  s
  137   1   0   0       0.92721915  s
  138   1   0   0       1.27802145  s
  138   2   1  -1       0.99115315  p_y
  138   2   1   0       0.90735031  p_z
  138   2   1   1       0.96777865  p_x
  139   1   0   0       0.94665091  s
  140   1   0   0       0.91392815  s
  141   1   0   0       1.27448460  s
  141   2   1  -1       0.97963479  p_y
  141   2   1   0       0.94996661  p_z
  141   2   1   1       0.94234764  p_x
  142   1   0   0       0.93311581  s
  143   1   0   0       0.94732660  s
  144   1   0   0       1.22589321  s
  144   2   1  -1       0.98826181  p_y
  144   2   1   0       0.94239869  p_z
  144   2   1   1       0.94295240  p_x
  145   1   0   0       0.95666773  s
  146   1   0   0       0.94877572  s
  147   1   0   0       1.22335355  s
  147   2   1  -1       0.94193180  p_y
  147   2   1   0       0.98806905  p_z
  147   2   1   1       0.94766398  p_x
  148   1   0   0       0.92678045  s
  149   1   0   0       0.96207325  s
  150   1   0   0       1.23598917  s
  150   2   1  -1       0.94563130  p_y
  150   2   1   0       0.93576079  p_z
  150   2   1   1       0.98097158  p_x
  151   1   0   0       0.95861428  s
  152   1   0   0       0.91477099  s
  153   1   0   0       1.24554268  s
  153   2   1  -1       1.00173470  p_y
  153   2   1   0       0.99293302  p_z
  153   2   1   1       0.98951941  p_x
  154   1   0   0       0.91378947  s
  155   1   0   0       0.94215202  s
  156   1   0   0       0.92660398  s
  157   1   0   0       1.26066522  s
  157   2   1  -1       0.92949330  p_y
  157   2   1   0       0.93243491  p_z
  157   2   1   1       0.94696392  p_x
  158   1   0   0       0.91107695  s
  159   1   0   0       0.95957651  s
  160   1   0   0       0.96762387  s
  161   1   0   0       1.25349418  s
  161   2   1  -1       0.97103738  p_y
  161   2   1   0       0.92905260  p_z
  161   2   1   1       0.95953858  p_x
  162   1   0   0       0.92546166  s
  163   1   0   0       0.96782012  s
  164   1   0   0       1.25521875  s
  164   2   1  -1       0.95110568  p_y
  164   2   1   0       0.93320941  p_z
  164   2   1   1       0.97951023  p_x
  165   1   0   0       0.92730734  s
  166   1   0   0       0.95397413  s
  167   1   0   0       1.23799892  s
  167   2   1  -1       0.95205703  p_y
  167   2   1   0       0.94875393  p_z
  167   2   1   1       0.96282886  p_x
  168   1   0   0       0.93093004  s
  169   1   0   0       0.95865503  s
  170   1   0   0       1.24485052  s
  170   2   1  -1       0.95365579  p_y
  170   2   1   0       0.94668533  p_z
  170   2   1   1       0.96864119  p_x
  171   1   0   0       0.93876267  s
  172   1   0   0       0.94082520  s
  173   1   0   0       1.24520113  s
  173   2   1  -1       0.93221503  p_y
  173   2   1   0       0.96090467  p_z
  173   2   1   1       0.94908790  p_x
  174   1   0   0       0.94581303  s
  175   1   0   0       0.96396664  s
  176   1   0   0       1.23962030  s
  176   2   1  -1       0.93711394  p_y
  176   2   1   0       0.97211320  p_z
  176   2   1   1       0.94210307  p_x
  177   1   0   0       0.94242940  s
  178   1   0   0       0.95891743  s
  179   1   0   0       1.23851851  s
  179   2   1  -1       0.96150793  p_y
  179   2   1   0       0.95438927  p_z
  179   2   1   1       0.95063681  p_x
  180   1   0   0       0.95850834  s
  181   1   0   0       0.94697348  s
  182   1   0   0       1.22267074  s
  182   2   1  -1       0.96682975  p_y
  182   2   1   0       0.91327377  p_z
  182   2   1   1       0.95740941  p_x
  183   1   0   0       0.97258126  s
  184   1   0   0       0.95873099  s
  185   1   0   0       1.28468222  s
  185   2   1  -1       0.98461703  p_y
  185   2   1   0       0.98049712  p_z
  185   2   1   1       0.95447923  p_x
  186   1   0   0       0.93198506  s
  187   1   0   0       0.94300371  s
  188   1   0   0       0.93501712  s
  189   1   0   0       1.26109859  s
  189   2   1  -1       0.97969381  p_y
  189   2   1   0       0.95341179  p_z
  189   2   1   1       0.98029091  p_x
  190   1   0   0       0.95756078  s
  191   1   0   0       0.94316032  s
  192   1   0   0       0.93123863  s
  193   1   0   0       1.21836293  s
  193   2   1  -1       0.96816617  p_y
  193   2   1   0       0.94765823  p_z
  193   2   1   1       0.95561462  p_x
  194   1   0   0       0.95856131  s
  195   1   0   0       0.94360577  s
  196   1   0   0       1.24445444  s
  196   2   1  -1       0.93045456  p_y
  196   2   1   0       0.95024252  p_z
  196   2   1   1       0.95692422  p_x
  197   1   0   0       0.96513663  s
  198   1   0   0       0.94743650  s
  199   1   0   0       1.25381218  s
  199   2   1  -1       0.91427902  p_y
  199   2   1   0       0.97536232  p_z
  199   2   1   1       0.97976173  p_x
  200   1   0   0       0.94785501  s
  201   1   0   0       0.94657258  s
  202   1   0   0       1.25071422  s
  202   2   1  -1       0.94690426  p_y
  202   2   1   0       0.96942087  p_z
  202   2   1   1       0.96002320  p_x
  203   1   0   0       0.94561753  s
  204   1   0   0       0.93072888  s
  205   1   0   0       1.24410709  s
  205   2   1  -1       0.93134561  p_y
  205   2   1   0       0.97716847  p_z
  205   2   1   1       0.96702072  p_x
  206   1   0   0       0.93692912  s
  207   1   0   0       0.94431820  s
  208   1   0   0       1.24889916  s
  208   2   1  -1       0.95765759  p_y
  208   2   1   0       0.94419017  p_z
  208   2   1   1       0.95267182  p_x
  209   1   0   0       0.94866664  s
  210   1   0   0       0.93685822  s
  211   1   0   0       1.23915033  s
  211   2   1  -1       0.96621084  p_y
  211   2   1   0       0.94053639  p_z
  211   2   1   1       0.95944500  p_x
  212   1   0   0       0.95193891  s
  213   1   0   0       0.93369264  s
  214   1   0   0       1.22764500  s
  214   2   1  -1       0.92931060  p_y
  214   2   1   0       0.96200939  p_z
  214   2   1   1       0.97231482  p_x
  215   1   0   0       0.96074582  s
  216   1   0   0       0.93915434  s
  217   1   0   0       1.25866077  s
  217   2   1  -1       0.99653564  p_y
  217   2   1   0       0.96911881  p_z
  217   2   1   1       0.97199680  p_x
  218   1   0   0       0.93851014  s
  219   1   0   0       0.92761945  s
  220   1   0   0       0.94186875  s
  221   1   0   0       1.25602265  s
  221   2   1  -1       0.99137932  p_y
  221   2   1   0       0.97753097  p_z
  221   2   1   1       1.00128314  p_x
  222   1   0   0       0.92950719  s
  223   1   0   0       0.93050324  s
  224   1   0   0       0.92649637  s
  225   1   0   0       1.24840218  s
  225   2   1  -1       0.96119486  p_y
  225   2   1   0       0.94967333  p_z
  225   2   1   1       0.92451176  p_x
  226   1   0   0       0.93360741  s
  227   1   0   0       0.96707528  s
  228   1   0   0       1.22786450  s
  228   2   1  -1       0.98228479  p_y
  228   2   1   0       0.94237580  p_z
  228   2   1   1       0.94694855  p_x
  229   1   0   0       0.94677097  s
  230   1   0   0       0.95339434  s
  231   1   0   0       1.23884402  s
  231   2   1  -1       0.92951201  p_y
  231   2   1   0       0.95668812  p_z
  231   2   1   1       0.97223831  p_x
  232   1   0   0       0.93164142  s
  233   1   0   0       0.97532566  s
  234   1   0   0       1.22843516  s
  234   2   1  -1       0.95890148  p_y
  234   2   1   0       0.93929416  p_z
  234   2   1   1       0.97942463  p_x
  235   1   0   0       0.96513892  s
  236   1   0   0       0.93476824  s
  237   1   0   0       1.24740546  s
  237   2   1  -1       0.94202523  p_y
  237   2   1   0       0.91380701  p_z
  237   2   1   1       0.97033651  p_x
  238   1   0   0       0.96229694  s
  239   1   0   0       0.94360992  s
  240   1   0   0       1.24749039  s
  240   2   1  -1       0.93661061  p_y
  240   2   1   0       0.94934202  p_z
  240   2   1   1       0.96919931  p_x
  241   1   0   0       0.97330881  s
  242   1   0   0       0.93258291  s
  243   1   0   0       1.22676013  s
  243   2   1  -1       0.95883551  p_y
  243   2   1   0       0.94635497  p_z
  243   2   1   1       0.96103147  p_x
  244   1   0   0       0.95903930  s
  245   1   0   0       0.93600227  s
  246   1   0   0       1.22369501  s
  246   2   1  -1       0.95062538  p_y
  246   2   1   0       0.94015439  p_z
  246   2   1   1       0.95179135  p_x
  247   1   0   0       0.95785463  s
  248   1   0   0       0.96814837  s
  249   1   0   0       1.26981504  s
  249   2   1  -1       0.97507440  p_y
  249   2   1   0       0.99682663  p_z
  249   2   1   1       0.98341025  p_x
  250   1   0   0       0.93142273  s
  251   1   0   0       0.93971451  s
  252   1   0   0       0.92353863  s
  253   1   0   0       1.23933420  s
  253   2   1  -1       0.97000097  p_y
  253   2   1   0       1.00787018  p_z
  253   2   1   1       0.99203563  p_x
  254   1   0   0       0.91660791  s
  255   1   0   0       0.93850428  s
  256   1   0   0       0.94891204  s
  257   1   0   0       1.24331779  s
  257   2   1  -1       0.93582121  p_y
  257   2   1   0       0.94729638  p_z
  257   2   1   1       0.95121727  p_x
  258   1   0   0       0.93987178  s
  259   1   0   0       0.95430269  s
  260   1   0   0       1.26183774  s
  260   2   1  -1       0.95251154  p_y
  260   2   1   0       0.92599891  p_z
  260   2   1   1       0.98567401  p_x
  261   1   0   0       0.94613001  s
  262   1   0   0       0.93182452  s
  263   1   0   0       1.24564948  s
  263   2   1  -1       0.98550446  p_y
  263   2   1   0       0.92078400  p_z
  263   2   1   1       0.99075458  p_x
  264   1   0   0       0.95271561  s
  265   1   0   0       0.92960033  s
  266   1   0   0       1.21673777  s
  266   2   1  -1       0.99099725  p_y
  266   2   1   0       0.94921736  p_z
  266   2   1   1       0.94247746  p_x
  267   1   0   0       0.93840723  s
  268   1   0   0       0.93915957  s
  269   1   0   0       1.23879537  s
  269   2   1  -1       0.95143378  p_y
  269   2   1   0       0.97076356  p_z
  269   2   1   1       0.95598293  p_x
  270   1   0   0       0.94694786  s
  271   1   0   0       0.94836861  s
  272   1   0   0       1.23928296  s
  272   2   1  -1       0.92202118  p_y
  272   2   1   0       0.96130074  p_z
  272   2   1   1       0.97271765  p_x
  273   1   0   0       0.95795589  s
  274   1   0   0       0.96062426  s
  275   1   0   0       1.22015858  s
  275   2   1  -1       0.95791546  p_y
  275   2   1   0       0.94325333  p_z
  275   2   1   1       0.97418024  p_x
  276   1   0   0       0.92965259  s
  277   1   0   0       0.95356845  s
  278   1   0   0       1.22558035  s
  278   2   1  -1       0.98275919  p_y
  278   2   1   0       0.92888864  p_z
  278   2   1   1       0.95313466  p_x
  279   1   0   0       0.95833087  s
  280   1   0   0       0.94450443  s
  281   1   0   0       1.26401739  s
  281   2   1  -1       0.98371725  p_y
  281   2   1   0       0.95522758  p_z
  281   2   1   1       1.00322941  p_x
  282   1   0   0       0.93469362  s
  283   1   0   0       0.94685468  s
  284   1   0   0       0.92341790  s
  285   1   0   0       1.26601960  s
  285   2   1  -1       0.98730221  p_y
  285   2   1   0       0.95120486  p_z
  285   2   1   1       1.01092844  p_x
  286   1   0   0       0.91669000  s
  287   1   0   0       0.93054994  s
  288   1   0   0       0.95237592  s
  289   1   0   0       1.22641731  s
  289   2   1  -1       0.95060366  p_y
  289   2   1   0       0.92772964  p_z
  289   2   1   1       0.97548251  p_x
  290   1   0   0       0.93895322  s
  291   1   0   0       0.95559777  s
  292   1   0   0       1.24379347  s
  292   2   1  -1       0.96514814  p_y
  292   2   1   0       0.95224316  p_z
  292   2   1   1       0.94689023  p_x
  293   1   0   0       0.94557376  s
  294   1   0   0       0.95425322  s
  295   1   0   0       1.24819814  s
  295   2   1  -1       0.95910712  p_y
  295   2   1   0       0.94529688  p_z
  295   2   1   1       0.95388645  p_x
  296   1   0   0       0.95783520  s
  297   1   0   0       0.93635128  s
  298   1   0   0       1.24581982  s
  298   2   1  -1       0.97438572  p_y
  298   2   1   0       0.93329380  p_z
  298   2   1   1       0.94482168  p_x
  299   1   0   0       0.94474661  s
  300   1   0   0       0.95109991  s
  301   1   0   0       1.24637132  s
  301   2   1  -1       0.97293046  p_y
  301   2   1   0       0.94270374  p_z
  301   2   1   1       0.93014396  p_x
  302   1   0   0       0.95377682  s
  303   1   0   0       0.94934234  s
  304   1   0   0       1.22946947  s
  304   2   1  -1       0.99410404  p_y
  304   2   1   0       0.96282831  p_z
  304   2   1   1       0.95601295  p_x
  305   1   0   0       0.92083063  s
  306   1   0   0       0.94535712  s
  307   1   0   0       1.24021835  s
  307   2   1  -1       0.95089082  p_y
  307   2   1   0       0.94857537  p_z
  307   2   1   1       0.96359311  p_x
  308   1   0   0       0.93854480  s
  309   1   0   0       0.95054230  s
  310   1   0   0       1.22107528  s
  310   2   1  -1       0.96366376  p_y
  310   2   1   0       0.94351388  p_z
  310   2   1   1       0.96909199  p_x
  311   1   0   0       0.95132869  s
  312   1   0   0       0.92658339  s
  313   1   0   0       1.26145283  s
  313   2   1  -1       0.96943120  p_y
  313   2   1   0       0.97518356  p_z
  313   2   1   1       0.98308923  p_x
  314   1   0   0       0.95460815  s
  315   1   0   0       0.94425365  s
  316   1   0   0       0.93033123  s
  317   1   0   0       1.26163503  s
  317   2   1  -1       1.00501606  p_y
  317   2   1   0       0.98773236  p_z
  317   2   1   1       0.95277220  p_x
  318   1   0   0       0.93544763  s
  319   1   0   0       0.93639577  s
  320   1   0   0       0.94886152  s
  321   1   0   0       1.22099348  s
  321   2   1  -1       0.95914947  p_y
  321   2   1   0       0.92752886  p_z
  321   2   1   1       0.98300626  p_x
  322   1   0   0       0.96498077  s
  323   1   0   0       0.92995017  s
  324   1   0   0       1.23623105  s
  324   2   1  -1       0.96423317  p_y
  324   2   1   0       0.93761535  p_z
  324   2   1   1       0.98162522  p_x
  325   1   0   0       0.92987373  s
  326   1   0   0       0.93788893  s
  327   1   0   0       1.25729298  s
  327   2   1  -1       0.96922668  p_y
  327   2   1   0       0.93157161  p_z
  327   2   1   1       0.94989661  p_x
  328   1   0   0       0.96544668  s
  329   1   0   0       0.95517806  s
  330   1   0   0       1.24497395  s
  330   2   1  -1       0.93178577  p_y
  330   2   1   0       0.94887945  p_z
  330   2   1   1       0.97666063  p_x
  331   1   0   0       0.95111511  s
  332   1   0   0       0.94238315  s
  333   1   0   0       1.26739765  s
  333   2   1  -1       0.93609757  p_y
  333   2   1   0       0.94952198  p_z
  333   2   1   1       0.95642818  p_x
  334   1   0   0       0.95697546  s
  335   1   0   0       0.94493151  s
  336   1   0   0       1.22138233  s
  336   2   1  -1       0.99144714  p_y
  336   2   1   0       0.92934967  p_z
  336   2   1   1       0.96598051  p_x
  337   1   0   0       0.94716715  s
  338   1   0   0       0.94471160  s
  339   1   0   0       1.23916727  s
  339   2   1  -1       0.97049229  p_y
  339   2   1   0       0.93777468  p_z
  339   2   1   1       0.96140564  p_x
  340   1   0   0       0.95203642  s
  341   1   0   0       0.93494748  s
  342   1   0   0       1.25196664  s
  342   2   1  -1       0.94326312  p_y
  342   2   1   0       0.94176862  p_z
  342   2   1   1       0.95399892  p_x
  343   1   0   0       0.94293390  s
  344   1   0   0       0.95180882  s
  345   1   0   0       1.25143342  s
  345   2   1  -1       0.97881969  p_y
  345   2   1   0       0.97654271  p_z
  345   2   1   1       0.98208361  p_x
  346   1   0   0       0.93788152  s
  347   1   0   0       0.94420698  s
  348   1   0   0       0.93337760  s
  349   1   0   0       1.26754447  s
  349   2   1  -1       0.97189516  p_y
  349   2   1   0       0.97418486  p_z
  349   2   1   1       0.97003175  p_x
  350   1   0   0       0.93752537  s
  351   1   0   0       0.94156619  s
  352   1   0   0       0.94810570  s
 
Fermi level:                        -0.0643286162 H           -1.7505 eV
Band energy:                      -278.1406211663 H        -7568.5914 eV
TS:                                  0.0000000000 H            0.0000 eV
Band free energy (E-TS):          -278.1406211663 H        -7568.5914 eV
Extrapolated E(0K):               -278.1406211663 H        -7568.5914 eV
Input / Output electrons (q):    682.0000000000    682.0000000000
 
Energy H0:                        -282.6151542454 H        -7690.3496 eV
Energy SCC:                          0.0742710716 H            2.0210 eV
Total Electronic energy:          -282.5408831738 H        -7688.3286 eV
Repulsive energy:                    4.5024887589 H          122.5190 eV
Dispersion energy:                   1.1230531001 H           30.5598 eV
Total energy:                     -276.9153413148 H        -7535.2498 eV
Extrapolated to 0:                -276.9153413148 H        -7535.2498 eV
Total Mermin free energy:         -276.9153413148 H        -7535.2498 eV
Force related energy:             -276.9153413148 H        -7535.2498 eV
 
SCC converged
 
Full geometry written in geo_end.{xyz|gen}
 
MD Kinetic Energy:                   0.8116852321 H
Total MD Energy:                  -276.1036560827 H
Pressure:                           -0.152013E-04 au    -0.447239E+09 Pa
MD Temperature:                      0.0015416624 H          486.8179 K
MD Kinetic Energy:                   0.8116852321 H
Total MD Energy:                  -276.1036560827 H        -7513.1627 eV
MD Temperature:                      0.0015416624 H          486.8179 K
 
Molecular dynamics completed
 
