 Fermi distribution function
 
MD step: 100000
 

********************************************************************************
 iSCC Total electronic   Diff electronic      SCC error    
    7   -0.28185698E+03    0.85265128E-12    0.41083290E-06
********************************************************************************
 
Coordinates of moved atoms (au):
    1     76.83403744     44.49678892     77.09007969
    2     77.92401674     44.25330081     78.99287023
    3     77.89978730     43.80489152     75.47291283
    4     74.26797161     72.44412794     77.20204916
    5     73.22805139     73.81817483     78.26126564
    6     45.31883223     70.57173814     78.21463947
    7     72.65525562     72.15115203     74.65737807
    8     41.75673172     71.53325091     75.17130891
    9     73.37863516     70.24553614     73.49305688
   10     43.50519275     74.23293472     72.67278239
   11     45.27864431     74.27217975     71.86612704
   12     43.00001577     76.41203803     73.49285238
   13     70.45535805     73.96220810     70.40429058
   14     70.38443034     75.56396582     69.25599318
   15     68.31789127     73.72978657     71.06777205
   16     41.93935456     71.46043828     68.86406089
   17     40.03941187     70.71091124     68.17271183
   18     42.01952826     69.98979189     70.18823715
   19     73.30929955     71.10943527     67.35609845
   20     74.93062049     70.97440698     68.60983980
   21     73.39363058     72.49156245     65.63822182
   22     73.62679175     68.23885658     66.19705206
   23     45.93903062     68.88004084     64.66358333
   24     43.07869621     67.20251396     65.24854523
   25     77.29239086     47.60539272     77.14324739
   26     76.23579905     48.67480894     75.96484451
   27     77.16494756     48.20379014     79.35709058
   28     79.70669327     47.62877897     76.95876046
   29     74.21865075     66.38612113     68.31531344
   30     75.55775662     66.95672939     69.77059817
   31     72.87682009     64.67284553     69.00292398
   32     75.66332658     64.87535926     67.28979136
   33     59.33640142     58.02069849     66.39438821
   34     59.16359898     59.36895703     68.04267436
   35     57.57133992     57.18587148     66.27733370
   36     60.35520287     58.85611270     63.80119639
   37     62.26451528     58.13631885     63.43597485
   38     60.33024714     60.92605663     63.76964427
   39     58.80628023     57.50190947     61.60422617
   40     57.08696489     58.72141936     61.49984189
   41     58.45536573     55.53044014     61.60049895
   42     60.30265385     57.83375145     59.25821049
   43     90.74025070     59.31674532     59.33795832
   44     59.08935537     58.52018037     57.67167944
   45     61.71698664     55.56537503     58.50684816
   46     60.44127863     53.77079395     58.35125106
   47     92.13239617     55.15855804     60.10963114
   48     92.21153479     56.13334018     56.09845789
   49     93.42018749     58.00279254     56.29849063
   50     90.78643736     56.64297358     54.40959149
   51     65.19045544     54.10045196     55.24344163
   52     63.98475677     52.94428568     54.30402873
   53     65.80770061     53.08159996     57.19776072
   54     96.15556864     55.36407700     82.63992660
   55     97.28712465     56.96383380     83.44094409
   56     95.21827045     56.00309254     80.71410530
   57     60.75065482     55.75965882     67.27632670
   58     62.71744504     56.27468886     67.81475599
   59     59.72457525     54.97703745     68.85209147
   60     60.66637082     54.15105229     65.84275690
   61     69.36114889     53.12553377     81.93073072
   62     68.83015372     52.05291859     80.23574396
   63     71.11140296     54.21559408     81.69607033
   64     70.04126088     51.95535626     83.47355200
   65     72.07308417     62.55821159     54.38494938
   66     72.93424499     62.05059875     52.60010027
   67     72.01930461     61.09211248     55.71940284
   68     73.87867499     64.39141918     55.72838841
   69     74.82579979     65.88130979     54.38359089
   70     75.74417909     63.13393974     55.97676435
   71     73.21930197     65.42548651     58.25294135
   72     74.85474430     65.27554648     59.36837392
   73     71.75834263     63.99244608     59.29770737
   74     72.21083998     39.04822567     58.08386612
   75     71.04946166     39.63997914     59.63594778
   76     70.56707726     39.21821503     56.40283246
   77     74.19378750     41.02828064     57.36397581
   78     74.55358020     70.12698399     55.29760362
   79     75.97792821     69.87273810     58.30453685
   80     73.36539548     43.61544240     58.27994202
   81     73.57547891     43.72148319     60.40357416
   82     71.27842447     43.78328891     58.07499252
   83     74.79940432     45.69805693     56.73438692
   84     75.12351232     44.88254939     54.76313457
   85     76.33286685     46.59544520     57.58123250
   86     73.07074437     48.35479068     56.68460302
   87     70.98059748     48.07172714     55.91663400
   88     73.92408180     49.33314330     55.18607104
   89     69.13883687     63.79278390     54.09128568
   90     68.75818791     64.17238265     56.00384226
   91     69.02334971     65.70275997     53.15928896
   92     67.54114462     62.52753779     53.38142896
   93     72.94087868     50.15993265     58.93785509
   94     72.43666360     52.01382567     58.23801604
   95     71.23903600     49.47421328     60.38936543
   96     74.69324689     50.36496600     59.87536255
   97     54.12731704     68.35836197     84.11329699
   98     54.69624463     70.30268322     83.74668034
   99     53.25085415     68.54280970     86.17776200
  100     52.21876855     67.25724494     82.33951219
  101     50.81942231     64.29418960     85.41673327
  102     49.95418262     64.02496736     82.53709529
  103     51.60682420     68.32470759     79.87828593
  104     52.81667027     69.90112095     79.86704214
  105     49.57270186     69.06310318     79.63398535
  106     52.46032777     66.95198037     48.29899935
  107     53.70512888     68.27410904     47.50445480
  108     50.46688050     66.74872783     47.17509984
  109     53.94115234     64.30149863     48.37876450
  110     53.73993735     63.44437285     46.38525896
  111     53.18863287     62.73827003     49.37870922
  112     56.74541159     64.73936320     49.01814770
  113     56.47491141     64.94810484     51.06768254
  114     57.53969388     66.75716683     48.08404925
  115     58.48081207     62.59120461     48.24704853
  116     60.43649925     63.23252729     49.29533517
  117     58.57539632     62.58863255     45.96154828
  118     57.74409790     60.01380054     49.22195331
  119     58.81982995     58.60447417     48.24039851
  120     55.86346794     59.12320930     49.62472358
  121     56.50346940     66.64375107     84.25946968
  122     57.63484330     67.05519635     85.86361316
  123     55.96613905     64.75385164     84.34971889
  124     57.59571811     67.05532847     82.21923405
  125     58.92830517     59.71843096     51.91484674
  126     60.65921205     60.58360667     52.51081057
  127     57.38984614     60.17596108     53.30697328
  128     59.12814705     57.64014105     51.91904842
  129     53.19657098     62.23451158     67.42323734
  130     54.92878348     63.18309287     66.77208531
  131     51.69340621     63.57560107     67.01230479
  132     52.48010187     59.82811760     65.60941752
  133     53.56781692     58.08788642     66.20030917
  134     53.38598645     60.15715240     63.88902601
  135     49.65517136     59.63861605     65.84961209
  136     48.88039572     61.49340472     65.13833641
  137     49.24729834     59.52832331     67.89805971
  138     48.86972024     57.21190263     64.61078152
  139     50.65604441     55.89286804     64.82007166
  140     49.07232686     57.64545879     62.62899971
  141     46.50975713     55.98435926     65.69766063
  142     45.47470901     54.98400400     63.98730592
  143     45.54613015     57.68764752     65.93418240
  144     51.31297344     94.05499173     83.59879007
  145     33.76598978    102.51374281    117.26285924
  146     68.57436161     84.24768477     98.98042756
  147     46.11662402     54.53025605     68.23266699
  148     44.26206401     54.84675973     69.03930260
  149     47.17826548     55.37773376     69.85780082
  150     47.09746231     51.58454045     67.97378967
  151     46.91118985     50.65808844     69.96059056
  152     48.75193513     51.59778237     66.70985266
  153     53.26603415     61.71670438     70.48862503
  154     55.21769874     32.22073813     71.49714174
  155     53.69529823     63.75707278     70.58337223
  156     51.47302421     60.87272891     71.24197723
  157     45.13744660     50.12159320     66.22760859
  158     46.12541713     48.82615054     64.81564493
  159     43.79990994     48.87472252     67.11194253
  160     43.68137690     51.27667169     65.46404887
  161     82.41529314     57.30823959     56.48285851
  162     84.60613282     57.02602991     56.84724274
  163     82.30585360     59.24430115     55.42200764
  164     81.53859903     55.47810953     54.41004861
  165     81.15921682     56.09243906     52.46673811
  166     79.63793348     54.52466107     54.50450195
  167     83.47088993     53.45465332     53.86384175
  168     85.07156816     54.55052425     53.09807860
  169     82.57630074     52.25311206     52.20037562
  170     84.50692902     51.99256276     56.24397622
  171     82.71180561     51.51022659     57.40131472
  172     85.71152769     53.36751449     57.35015739
  173     85.81087391     78.58383815     55.37113874
  174     84.41512621     77.37220920     54.84852138
  175     86.44113331     48.56685860     57.25684713
  176     88.03298379     78.74877398     53.44998624
  177     89.29296666     80.50008957     53.74326288
  178     87.43827704     79.14906837     51.51296900
  179     89.69608577     76.44152587     53.30500519
  180     88.50780894     74.78970145     53.13139783
  181     91.24440133     76.09788944     54.72044394
  182     90.91170419     76.13406215     50.59133792
  183     89.58687714     77.07180728     49.21409060
  184     91.48719820     74.09934402     50.37390275
  185     80.77150461     57.18641358     58.85327858
  186     80.62739092     55.18952446     59.42053476
  187     81.60269947     58.43766385     60.29238106
  188     78.58397602     57.18370213     87.36608973
  189     93.53335477     77.36938193     50.36689201
  190     94.51266884     75.95930010     49.30737938
  191     93.65847917     79.22040463     49.58827957
  192     94.88302400     77.47262853     52.09045512
  193     68.56177932     59.13735036     91.99262107
  194     67.29097411     59.40531564     90.36767048
  195     70.40738180     88.81785830     91.82633854
  196     67.69807769     60.87292998     94.00010641
  197     68.91652058     60.30257542     95.86643918
  198     65.75129246     89.10820922     94.69953895
  199     68.08818363     63.57021687     93.34600766
  200     70.01938966     63.95995275     92.84993145
  201     67.33691830     64.47398845     95.08797471
  202     66.33918159     64.18039619     91.05042751
  203     64.89777246     62.67503687     91.22508471
  204     67.59191448     64.04964416     89.23512213
  205     65.15718827     66.93919532     91.04442436
  206     66.39979863     68.48446851     90.92124800
  207     64.41861022     67.19455338     92.93547033
  208     63.16052797     67.53516026     89.04441712
  209     62.34847274     69.42717863     89.39436208
  210     61.58690558     66.27000538     89.35438541
  211     63.94327281     96.52837671     86.26251664
  212     62.37832429     97.09351730     85.14917547
  213     64.57762914     94.56188701     85.46463885
  214     65.72288087     99.11890248     85.78227145
  215     67.25713521     99.28482804     87.22084335
  216     64.33315378    100.45837457     86.24487883
  217     68.33412672     56.29185365     91.94500816
  218     69.41418052     55.84692538     61.31605780
  219     69.01078560     55.01484175     64.66273156
  220     66.37934118     55.10791526     91.65818658
  221     66.53404239     99.71291701     82.98477170
  222     68.76449887     99.66435768     83.12445062
  223     66.04051577     98.33167231     81.52453127
  224     66.10710350    101.54298170     82.22098806
  225     63.33208359     85.96021932     74.07786221
  226     63.50343658     86.40767264     72.00395281
  227     62.65434418     88.03524181     74.66880579
  228     61.59869978     54.98159742     74.50870180
  229     61.28188908     55.06879494     76.70802652
  230     62.75632354     53.49854432     73.62271778
  231     58.70185311     84.26816338     73.99961117
  232     58.28241769     84.72683554     71.88728875
  233     57.95529953     85.90984498     74.91696760
  234     57.08079235     81.63990668     74.52210281
  235     57.45602430     80.63266425     76.41617588
  236     57.66600965     80.28089319     73.08091332
  237     54.15436804     81.91840665     74.02912437
  238     53.71701708     80.42940350     72.87653457
  239     54.12643031     54.35230295     72.46888123
  240     52.38155248     82.67885615     76.03574280
  241     53.01849329     55.69774236     76.57477215
  242     52.79358487     52.49078774     77.66290148
  243     49.86641810     82.60874400     74.93582288
  244     49.51068812     80.67161368     75.05538349
  245     50.04729074     83.00102568     73.05473809
  246     47.62839209     83.90273907     76.61053711
  247     47.56879226     85.97412078     76.52295698
  248     48.27255974     83.86269318     78.57174809
  249     65.76797645     56.25369492     75.43408585
  250     65.80416022     55.25105536     77.19108085
  251     67.22550332     55.16669715     74.56073971
  252     66.93502748     57.85975934     75.89512487
  253     44.89483149     83.01851981     76.53007837
  254     43.48580667     84.49030250     76.49409644
  255     45.02402585     81.77272387     74.97975998
  256     44.31990975     81.86896123    107.08105720
  257     84.17781517     80.36967338     64.60954742
  258     86.04476242     80.80399091     64.41454080
  259     83.07200801     81.75529112     63.64244044
  260     83.56468012     77.61734716     63.33149286
  261     84.78448636     76.46041004     64.29047142
  262     84.27491342     77.77862494     61.24088099
  263     80.89198405     77.02523742     63.64455754
  264     79.77475647     78.61338208     63.25830977
  265     80.57840722     76.47315653     65.61579685
  266     79.98227275     74.71954495     62.25646297
  267     80.60805239     75.00210226     60.24837949
  268     78.02435058     74.74424423     61.68764180
  269     81.24452154     72.26305617     63.23352231
  270     81.22254584     72.56478813     65.23532597
  271     83.09445700     71.98096965     62.50472636
  272     80.10803287     69.77788275     62.41327921
  273     79.87797600     70.13290932     60.33594785
  274     78.20640195     69.06320093     63.16703323
  275     81.73760588     67.34201258     62.90751506
  276     80.64983348     65.72744099     62.02557050
  277     81.58323793     66.87921471     64.92912166
  278     84.77198047     66.85224390     62.58499528
  279     85.80826167     67.17218384     64.56300655
  280     85.64863778     68.45623019     61.45376616
  281     83.71409044     79.98727592     67.42871852
  282     85.88977551     80.67124346     67.82572109
  283     82.70897534     81.65671835     68.19281318
  284     82.91127002     78.23613026     67.87066363
  285     85.32047575     64.14222390     61.87842806
  286     86.75507914     63.95058683     60.29024932
  287     86.06954647     63.23192726     63.59438473
  288     83.68260742     62.92907684     61.43457958
  289     60.87345768     65.84680635     71.14937123
  290     59.26561849     65.84967341     72.79211480
  291     61.84470158     67.74787663     70.79234097
  292     63.25408952     64.52417752     72.26904439
  293     64.93799727     64.42173547     70.82762655
  294     62.87833665     62.58512709     72.83107867
  295     63.89803384     65.68051377     74.87989629
  296     62.12276124     66.13434621     75.73522406
  297     65.09617681     67.27346545     45.56183905
  298     65.25612512     63.60868223     47.64720896
  299     64.17027978     61.87557806     76.26893721
  300     65.35410158     64.24466489     49.66092584
  301     68.07455779     63.37044496     47.18363014
  302     68.71612303     61.73761935     48.55040682
  303     69.04806353     65.09636469     76.87172395
  304     69.30477383     62.75770879     44.72969989
  305     69.35523724     64.14141416     43.12231153
  306     68.35085709     61.26367410     43.43868491
  307     71.92779962     61.99987475     45.69287021
  308     71.81751538     60.13767822     46.78731476
  309     72.32521042     63.55964328     47.14526005
  310     74.00000081     61.78848181     43.92757020
  311     74.34187652     63.65899902     42.98764172
  312     73.46079305     60.19238960     42.55405754
  313     59.69263043     64.51904052     68.78330874
  314     57.71959469     65.48174359     68.16547035
  315     60.80957950     64.27009109     67.05579280
  316     58.91917540     62.79581187     69.34950828
  317     76.55213569     61.46185442     45.20814427
  318     76.63573354     62.03403384     47.21822929
  319     77.18932382     59.33966516     45.27016314
  320     78.10903399     62.56358630     44.15939867
  321     63.43201674     78.52149772     37.07884921
  322     61.48268049     78.58517173     36.56860002
  323     64.46300282     80.36287916     37.15124967
  324     63.79253318     76.95268722     68.46116260
  325     62.31787833     77.86111858     69.67775573
  326     65.95496218     77.37356012     69.02533852
  327     63.47754428     74.01755295     68.56369928
  328     64.26596074     73.06811472     70.17058229
  329     64.75805043     73.26275327     66.65611239
  330     60.59244084     72.72682800     67.91359952
  331     60.98346854     70.86061784     67.58977471
  332     60.35002465     73.37159671     65.93236481
  333     58.67032981     73.55323464     69.70048677
  334     59.25707650     75.55349377     70.31773613
  335     51.36120746     74.74604757    114.10851182
  336     56.24253309     72.94150262     70.44468091
  337     67.53615179     55.76347509     99.80072846
  338     55.41638185     74.20527772     71.70469318
  339     55.10219840     70.52475267     70.27261854
  340     51.60966824     75.87016465     84.73276807
  341     56.52753593     68.87639530     70.29129592
  342     52.65949456     69.64541327     70.63725194
  343     32.82758359     74.33289598     88.21013662
  344     52.83111204     67.42594119     71.00817519
  345     65.45176107     77.23476424     35.26597450
  346     64.80990567     75.28943824     34.47058245
  347     65.55016091     78.29545692     33.33603099
  348     67.28961829     77.39067687     35.96673689
  349     50.25653559     70.93673064     70.85191731
  350     50.89488702     72.40566459     72.37978133
  351     49.58083748     72.29842430     69.29549322
  352     48.57037833     69.64456145     71.26225298
 
 Total charge:     0.00000000

 Atomic gross charges (e)
 Atom           Charge
    1      -0.10724664
    2       0.04844896
    3       0.06664887
    4      -0.09487866
    5       0.07101142
    6       0.05887615
    7      -0.08657692
    8       0.05273201
    9       0.01471476
   10      -0.09050149
   11       0.07605579
   12       0.01624406
   13      -0.11040853
   14       0.07740304
   15       0.03380621
   16      -0.13306729
   17       0.05498455
   18       0.06602983
   19      -0.11178996
   20       0.08056704
   21       0.04790743
   22      -0.12265432
   23       0.07627451
   24       0.06037758
   25      -0.20433249
   26       0.11077844
   27       0.04280767
   28       0.02883616
   29      -0.18319633
   30       0.07680406
   31       0.07440096
   32       0.00802888
   33      -0.12335660
   34       0.05780136
   35       0.07468599
   36      -0.11142404
   37       0.06643114
   38       0.06454242
   39      -0.12954804
   40       0.05041622
   41       0.08845428
   42      -0.09942204
   43       0.05059538
   44       0.04401292
   45      -0.07812624
   46       0.04372613
   47       0.03860153
   48      -0.10424828
   49       0.03090510
   50       0.02991011
   51      -0.10696748
   52       0.09137573
   53       0.04045551
   54      -0.07944466
   55       0.06812173
   56       0.04624195
   57      -0.19872388
   58       0.06169840
   59       0.06385466
   60       0.04956252
   61      -0.25671763
   62       0.07907362
   63       0.05921841
   64       0.08218002
   65      -0.11773642
   66       0.07170099
   67       0.07720276
   68      -0.07717203
   69       0.04295584
   70       0.01011780
   71      -0.06873450
   72       0.06581508
   73       0.01733924
   74      -0.08038420
   75       0.06279827
   76       0.02092423
   77      -0.12063377
   78       0.05974188
   79       0.06718752
   80      -0.10443192
   81       0.04533857
   82       0.05378510
   83      -0.13708940
   84       0.06449530
   85       0.09093042
   86      -0.12787961
   87       0.03788412
   88       0.06174404
   89      -0.23378040
   90       0.07763156
   91       0.07187369
   92       0.06473976
   93      -0.17677174
   94       0.06732624
   95       0.03654815
   96       0.07671233
   97      -0.08429354
   98       0.04659178
   99       0.03925646
  100       0.07677940
  101       0.12372099
  102       0.05509151
  103      -0.10846511
  104       0.06414864
  105       0.06400817
  106      -0.10673308
  107       0.08112856
  108       0.03614006
  109      -0.11048624
  110       0.03112765
  111       0.08100643
  112      -0.10606228
  113       0.08332087
  114       0.01944537
  115      -0.04994645
  116       0.03917713
  117       0.03538226
  118      -0.12680539
  119       0.07391501
  120       0.08030484
  121      -0.19921342
  122       0.07669972
  123       0.08861727
  124       0.04017858
  125      -0.22601765
  126       0.08449750
  127       0.05404166
  128       0.05821904
  129      -0.13024875
  130       0.06318194
  131       0.06200078
  132      -0.13681460
  133       0.05105958
  134       0.07016788
  135      -0.09242693
  136       0.05276760
  137       0.05812125
  138      -0.09703303
  139       0.02307513
  140       0.07035804
  141      -0.11071882
  142       0.03639181
  143       0.06860644
  144      -0.31076220
  145       0.00599501
  146      -0.01043863
  147      -0.11180127
  148       0.07103609
  149       0.04790651
  150      -0.11557821
  151       0.06510051
  152       0.09377115
  153      -0.25234002
  154       0.06378747
  155       0.08230649
  156       0.10189346
  157      -0.23785146
  158       0.05730098
  159       0.06106617
  160       0.08199616
  161      -0.06307556
  162       0.04939043
  163       0.03754485
  164      -0.12368641
  165       0.05377630
  166       0.04689733
  167      -0.11303176
  168       0.05136261
  169       0.03850787
  170      -0.09246761
  171       0.04427897
  172       0.06116933
  173      -0.09981539
  174       0.07603083
  175       0.02165164
  176      -0.08581723
  177       0.04227747
  178       0.05884974
  179      -0.12737694
  180       0.06018509
  181       0.06867773
  182      -0.10833234
  183       0.07037626
  184       0.05944675
  185      -0.20307241
  186       0.06544343
  187       0.08231027
  188       0.06028179
  189      -0.22414599
  190       0.06395428
  191       0.07589714
  192       0.05118617
  193      -0.11382036
  194       0.06536023
  195       0.07863098
  196      -0.07047609
  197       0.00423952
  198       0.04292159
  199      -0.11635825
  200       0.07627782
  201       0.06386038
  202      -0.11253699
  203       0.07125888
  204       0.04885015
  205      -0.12785223
  206       0.07062650
  207       0.05280036
  208      -0.09955156
  209       0.04924503
  210       0.05430395
  211      -0.12449896
  212       0.06414061
  213       0.05574675
  214      -0.13050073
  215       0.06741594
  216       0.07050646
  217      -0.17736645
  218       0.06331506
  219       0.04090465
  220       0.03977292
  221      -0.19617121
  222       0.04135670
  223       0.07073851
  224       0.07622462
  225      -0.04669737
  226       0.04541993
  227       0.02096912
  228      -0.11002666
  229       0.04768790
  230       0.08732814
  231      -0.12931694
  232       0.03660786
  233       0.08493455
  234      -0.12409227
  235       0.04965136
  236       0.05529927
  237      -0.13566958
  238       0.07099311
  239       0.04448236
  240      -0.07256642
  241       0.03846211
  242       0.05799396
  243      -0.13663074
  244       0.06912071
  245       0.08657652
  246      -0.12780244
  247       0.06227443
  248       0.05289673
  249      -0.23649782
  250       0.07517648
  251       0.07114812
  252       0.06067911
  253      -0.22010341
  254       0.07877809
  255       0.07999826
  256       0.06360774
  257      -0.14983543
  258       0.07190792
  259       0.06646170
  260      -0.11677079
  261       0.07793232
  262       0.03583100
  263      -0.09222388
  264       0.06780277
  265       0.05109853
  266      -0.13134754
  267       0.03141648
  268       0.07140642
  269      -0.11350567
  270       0.06758516
  271       0.07910940
  272      -0.08864290
  273       0.04833101
  274       0.04875782
  275      -0.13941988
  276       0.04803102
  277       0.05595397
  278      -0.07270801
  279       0.02692486
  280       0.05266328
  281      -0.22475636
  282       0.05572634
  283       0.06293720
  284       0.10634697
  285      -0.18884681
  286       0.05943520
  287       0.06263260
  288       0.06838994
  289      -0.08338520
  290       0.04544132
  291       0.06023998
  292      -0.11938616
  293       0.04596042
  294       0.05870001
  295      -0.13827068
  296       0.07279781
  297       0.06972073
  298      -0.12607163
  299       0.07597015
  300       0.05701746
  301      -0.07079049
  302       0.02912192
  303       0.04923486
  304      -0.10381975
  305       0.05365605
  306       0.03923323
  307      -0.08345559
  308       0.04297809
  309       0.04016101
  310      -0.08715874
  311       0.05821068
  312       0.05285795
  313      -0.20379551
  314       0.03678757
  315       0.07693012
  316       0.07915484
  317      -0.19569407
  318       0.06764584
  319       0.04870190
  320       0.05469928
  321      -0.12011395
  322       0.08492805
  323       0.07080206
  324      -0.08250687
  325       0.05340551
  326       0.03857867
  327      -0.12043768
  328       0.08064477
  329       0.00985306
  330      -0.10076073
  331       0.08276349
  332       0.07273211
  333      -0.08251619
  334       0.04577321
  335       0.00242251
  336      -0.08767173
  337       0.00738140
  338       0.08586895
  339      -0.09306500
  340       0.00096358
  341       0.06139099
  342      -0.08153525
  343      -0.00409258
  344       0.04981155
  345      -0.20047164
  346       0.05798708
  347       0.02951991
  348       0.08768375
  349      -0.15198837
  350       0.07088589
  351       0.06887390
  352       0.07234674
 
Nr. of electrons (up):    682.00000000
Atom populations (up)
 Atom       Population
    1       4.10724664
    2       0.95155104
    3       0.93335113
    4       4.09487866
    5       0.92898858
    6       0.94112385
    7       4.08657692
    8       0.94726799
    9       0.98528524
   10       4.09050149
   11       0.92394421
   12       0.98375594
   13       4.11040853
   14       0.92259696
   15       0.96619379
   16       4.13306729
   17       0.94501545
   18       0.93397017
   19       4.11178996
   20       0.91943296
   21       0.95209257
   22       4.12265432
   23       0.92372549
   24       0.93962242
   25       4.20433249
   26       0.88922156
   27       0.95719233
   28       0.97116384
   29       4.18319633
   30       0.92319594
   31       0.92559904
   32       0.99197112
   33       4.12335660
   34       0.94219864
   35       0.92531401
   36       4.11142404
   37       0.93356886
   38       0.93545758
   39       4.12954804
   40       0.94958378
   41       0.91154572
   42       4.09942204
   43       0.94940462
   44       0.95598708
   45       4.07812624
   46       0.95627387
   47       0.96139847
   48       4.10424828
   49       0.96909490
   50       0.97008989
   51       4.10696748
   52       0.90862427
   53       0.95954449
   54       4.07944466
   55       0.93187827
   56       0.95375805
   57       4.19872388
   58       0.93830160
   59       0.93614534
   60       0.95043748
   61       4.25671763
   62       0.92092638
   63       0.94078159
   64       0.91781998
   65       4.11773642
   66       0.92829901
   67       0.92279724
   68       4.07717203
   69       0.95704416
   70       0.98988220
   71       4.06873450
   72       0.93418492
   73       0.98266076
   74       4.08038420
   75       0.93720173
   76       0.97907577
   77       4.12063377
   78       0.94025812
   79       0.93281248
   80       4.10443192
   81       0.95466143
   82       0.94621490
   83       4.13708940
   84       0.93550470
   85       0.90906958
   86       4.12787961
   87       0.96211588
   88       0.93825596
   89       4.23378040
   90       0.92236844
   91       0.92812631
   92       0.93526024
   93       4.17677174
   94       0.93267376
   95       0.96345185
   96       0.92328767
   97       4.08429354
   98       0.95340822
   99       0.96074354
  100       3.92322060
  101       0.87627901
  102       0.94490849
  103       4.10846511
  104       0.93585136
  105       0.93599183
  106       4.10673308
  107       0.91887144
  108       0.96385994
  109       4.11048624
  110       0.96887235
  111       0.91899357
  112       4.10606228
  113       0.91667913
  114       0.98055463
  115       4.04994645
  116       0.96082287
  117       0.96461774
  118       4.12680539
  119       0.92608499
  120       0.91969516
  121       4.19921342
  122       0.92330028
  123       0.91138273
  124       0.95982142
  125       4.22601765
  126       0.91550250
  127       0.94595834
  128       0.94178096
  129       4.13024875
  130       0.93681806
  131       0.93799922
  132       4.13681460
  133       0.94894042
  134       0.92983212
  135       4.09242693
  136       0.94723240
  137       0.94187875
  138       4.09703303
  139       0.97692487
  140       0.92964196
  141       4.11071882
  142       0.96360819
  143       0.93139356
  144       4.31076220
  145       0.99400499
  146       1.01043863
  147       4.11180127
  148       0.92896391
  149       0.95209349
  150       4.11557821
  151       0.93489949
  152       0.90622885
  153       4.25234002
  154       0.93621253
  155       0.91769351
  156       0.89810654
  157       4.23785146
  158       0.94269902
  159       0.93893383
  160       0.91800384
  161       4.06307556
  162       0.95060957
  163       0.96245515
  164       4.12368641
  165       0.94622370
  166       0.95310267
  167       4.11303176
  168       0.94863739
  169       0.96149213
  170       4.09246761
  171       0.95572103
  172       0.93883067
  173       4.09981539
  174       0.92396917
  175       0.97834836
  176       4.08581723
  177       0.95772253
  178       0.94115026
  179       4.12737694
  180       0.93981491
  181       0.93132227
  182       4.10833234
  183       0.92962374
  184       0.94055325
  185       4.20307241
  186       0.93455657
  187       0.91768973
  188       0.93971821
  189       4.22414599
  190       0.93604572
  191       0.92410286
  192       0.94881383
  193       4.11382036
  194       0.93463977
  195       0.92136902
  196       4.07047609
  197       0.99576048
  198       0.95707841
  199       4.11635825
  200       0.92372218
  201       0.93613962
  202       4.11253699
  203       0.92874112
  204       0.95114985
  205       4.12785223
  206       0.92937350
  207       0.94719964
  208       4.09955156
  209       0.95075497
  210       0.94569605
  211       4.12449896
  212       0.93585939
  213       0.94425325
  214       4.13050073
  215       0.93258406
  216       0.92949354
  217       4.17736645
  218       0.93668494
  219       0.95909535
  220       0.96022708
  221       4.19617121
  222       0.95864330
  223       0.92926149
  224       0.92377538
  225       4.04669737
  226       0.95458007
  227       0.97903088
  228       4.11002666
  229       0.95231210
  230       0.91267186
  231       4.12931694
  232       0.96339214
  233       0.91506545
  234       4.12409227
  235       0.95034864
  236       0.94470073
  237       4.13566958
  238       0.92900689
  239       0.95551764
  240       4.07256642
  241       0.96153789
  242       0.94200604
  243       4.13663074
  244       0.93087929
  245       0.91342348
  246       4.12780244
  247       0.93772557
  248       0.94710327
  249       4.23649782
  250       0.92482352
  251       0.92885188
  252       0.93932089
  253       4.22010341
  254       0.92122191
  255       0.92000174
  256       0.93639226
  257       4.14983543
  258       0.92809208
  259       0.93353830
  260       4.11677079
  261       0.92206768
  262       0.96416900
  263       4.09222388
  264       0.93219723
  265       0.94890147
  266       4.13134754
  267       0.96858352
  268       0.92859358
  269       4.11350567
  270       0.93241484
  271       0.92089060
  272       4.08864290
  273       0.95166899
  274       0.95124218
  275       4.13941988
  276       0.95196898
  277       0.94404603
  278       4.07270801
  279       0.97307514
  280       0.94733672
  281       4.22475636
  282       0.94427366
  283       0.93706280
  284       0.89365303
  285       4.18884681
  286       0.94056480
  287       0.93736740
  288       0.93161006
  289       4.08338520
  290       0.95455868
  291       0.93976002
  292       4.11938616
  293       0.95403958
  294       0.94129999
  295       4.13827068
  296       0.92720219
  297       0.93027927
  298       4.12607163
  299       0.92402985
  300       0.94298254
  301       4.07079049
  302       0.97087808
  303       0.95076514
  304       4.10381975
  305       0.94634395
  306       0.96076677
  307       4.08345559
  308       0.95702191
  309       0.95983899
  310       4.08715874
  311       0.94178932
  312       0.94714205
  313       4.20379551
  314       0.96321243
  315       0.92306988
  316       0.92084516
  317       4.19569407
  318       0.93235416
  319       0.95129810
  320       0.94530072
  321       4.12011395
  322       0.91507195
  323       0.92919794
  324       4.08250687
  325       0.94659449
  326       0.96142133
  327       4.12043768
  328       0.91935523
  329       0.99014694
  330       4.10076073
  331       0.91723651
  332       0.92726789
  333       4.08251619
  334       0.95422679
  335       0.99757749
  336       4.08767173
  337       0.99261860
  338       0.91413105
  339       4.09306500
  340       0.99903642
  341       0.93860901
  342       4.08153525
  343       1.00409258
  344       0.95018845
  345       4.20047164
  346       0.94201292
  347       0.97048009
  348       0.91231625
  349       4.15198837
  350       0.92911411
  351       0.93112610
  352       0.92765326
 
l-shell populations (up)
 Atom Sh.   l       Population
    1   1   0       1.24623412
    1   2   1       2.86101253
    2   1   0       0.95155104
    3   1   0       0.93335113
    4   1   0       1.22604143
    4   2   1       2.86883723
    5   1   0       0.92898858
    6   1   0       0.94112385
    7   1   0       1.25976083
    7   2   1       2.82681610
    8   1   0       0.94726799
    9   1   0       0.98528524
   10   1   0       1.25033168
   10   2   1       2.84016980
   11   1   0       0.92394421
   12   1   0       0.98375594
   13   1   0       1.26047697
   13   2   1       2.84993156
   14   1   0       0.92259696
   15   1   0       0.96619379
   16   1   0       1.23305370
   16   2   1       2.90001359
   17   1   0       0.94501545
   18   1   0       0.93397017
   19   1   0       1.26098958
   19   2   1       2.85080037
   20   1   0       0.91943296
   21   1   0       0.95209257
   22   1   0       1.25135726
   22   2   1       2.87129706
   23   1   0       0.92372549
   24   1   0       0.93962242
   25   1   0       1.31754470
   25   2   1       2.88678779
   26   1   0       0.88922156
   27   1   0       0.95719233
   28   1   0       0.97116384
   29   1   0       1.28973626
   29   2   1       2.89346007
   30   1   0       0.92319594
   31   1   0       0.92559904
   32   1   0       0.99197112
   33   1   0       1.22204372
   33   2   1       2.90131288
   34   1   0       0.94219864
   35   1   0       0.92531401
   36   1   0       1.24658715
   36   2   1       2.86483688
   37   1   0       0.93356886
   38   1   0       0.93545758
   39   1   0       1.23536253
   39   2   1       2.89418551
   40   1   0       0.94958378
   41   1   0       0.91154572
   42   1   0       1.21524595
   42   2   1       2.88417609
   43   1   0       0.94940462
   44   1   0       0.95598708
   45   1   0       1.23830532
   45   2   1       2.83982092
   46   1   0       0.95627387
   47   1   0       0.96139847
   48   1   0       1.26773235
   48   2   1       2.83651593
   49   1   0       0.96909490
   50   1   0       0.97008989
   51   1   0       1.23285065
   51   2   1       2.87411683
   52   1   0       0.90862427
   53   1   0       0.95954449
   54   1   0       1.26640201
   54   2   1       2.81304265
   55   1   0       0.93187827
   56   1   0       0.95375805
   57   1   0       1.26243185
   57   2   1       2.93629203
   58   1   0       0.93830160
   59   1   0       0.93614534
   60   1   0       0.95043748
   61   1   0       1.29691523
   61   2   1       2.95980240
   62   1   0       0.92092638
   63   1   0       0.94078159
   64   1   0       0.91781998
   65   1   0       1.25481225
   65   2   1       2.86292418
   66   1   0       0.92829901
   67   1   0       0.92279724
   68   1   0       1.24330195
   68   2   1       2.83387008
   69   1   0       0.95704416
   70   1   0       0.98988220
   71   1   0       1.21258303
   71   2   1       2.85615146
   72   1   0       0.93418492
   73   1   0       0.98266076
   74   1   0       1.22938744
   74   2   1       2.85099677
   75   1   0       0.93720173
   76   1   0       0.97907577
   77   1   0       1.23029895
   77   2   1       2.89033483
   78   1   0       0.94025812
   79   1   0       0.93281248
   80   1   0       1.24346276
   80   2   1       2.86096916
   81   1   0       0.95466143
   82   1   0       0.94621490
   83   1   0       1.26828516
   83   2   1       2.86880424
   84   1   0       0.93550470
   85   1   0       0.90906958
   86   1   0       1.26393805
   86   2   1       2.86394157
   87   1   0       0.96211588
   88   1   0       0.93825596
   89   1   0       1.29889063
   89   2   1       2.93488977
   90   1   0       0.92236844
   91   1   0       0.92812631
   92   1   0       0.93526024
   93   1   0       1.26923379
   93   2   1       2.90753795
   94   1   0       0.93267376
   95   1   0       0.96345185
   96   1   0       0.92328767
   97   1   0       1.23827422
   97   2   1       2.84601932
   98   1   0       0.95340822
   99   1   0       0.96074354
  100   1   0       1.18939530
  100   2   1       2.73382530
  101   1   0       0.87627901
  102   1   0       0.94490849
  103   1   0       1.23363985
  103   2   1       2.87482525
  104   1   0       0.93585136
  105   1   0       0.93599183
  106   1   0       1.27776549
  106   2   1       2.82896759
  107   1   0       0.91887144
  108   1   0       0.96385994
  109   1   0       1.24883605
  109   2   1       2.86165019
  110   1   0       0.96887235
  111   1   0       0.91899357
  112   1   0       1.25193939
  112   2   1       2.85412290
  113   1   0       0.91667913
  114   1   0       0.98055463
  115   1   0       1.25102294
  115   2   1       2.79892351
  116   1   0       0.96082287
  117   1   0       0.96461774
  118   1   0       1.23773367
  118   2   1       2.88907172
  119   1   0       0.92608499
  120   1   0       0.91969516
  121   1   0       1.27722937
  121   2   1       2.92198405
  122   1   0       0.92330028
  123   1   0       0.91138273
  124   1   0       0.95982142
  125   1   0       1.27744109
  125   2   1       2.94857656
  126   1   0       0.91550250
  127   1   0       0.94595834
  128   1   0       0.94178096
  129   1   0       1.28099370
  129   2   1       2.84925504
  130   1   0       0.93681806
  131   1   0       0.93799922
  132   1   0       1.24701671
  132   2   1       2.88979789
  133   1   0       0.94894042
  134   1   0       0.92983212
  135   1   0       1.22665847
  135   2   1       2.86576846
  136   1   0       0.94723240
  137   1   0       0.94187875
  138   1   0       1.23027858
  138   2   1       2.86675445
  139   1   0       0.97692487
  140   1   0       0.92964196
  141   1   0       1.23025821
  141   2   1       2.88046060
  142   1   0       0.96360819
  143   1   0       0.93139356
  144   1   0       1.28461817
  144   2   1       3.02614403
  145   1   0       0.99400499
  146   1   0       1.01043863
  147   1   0       1.25863659
  147   2   1       2.85316468
  148   1   0       0.92896391
  149   1   0       0.95209349
  150   1   0       1.27688014
  150   2   1       2.83869808
  151   1   0       0.93489949
  152   1   0       0.90622885
  153   1   0       1.30448961
  153   2   1       2.94785041
  154   1   0       0.93621253
  155   1   0       0.91769351
  156   1   0       0.89810654
  157   1   0       1.27541287
  157   2   1       2.96243859
  158   1   0       0.94269902
  159   1   0       0.93893383
  160   1   0       0.91800384
  161   1   0       1.24452723
  161   2   1       2.81854833
  162   1   0       0.95060957
  163   1   0       0.96245515
  164   1   0       1.23241406
  164   2   1       2.89127235
  165   1   0       0.94622370
  166   1   0       0.95310267
  167   1   0       1.25345464
  167   2   1       2.85957713
  168   1   0       0.94863739
  169   1   0       0.96149213
  170   1   0       1.24680146
  170   2   1       2.84566614
  171   1   0       0.95572103
  172   1   0       0.93883067
  173   1   0       1.22757319
  173   2   1       2.87224220
  174   1   0       0.92396917
  175   1   0       0.97834836
  176   1   0       1.23227397
  176   2   1       2.85354326
  177   1   0       0.95772253
  178   1   0       0.94115026
  179   1   0       1.23989551
  179   2   1       2.88748143
  180   1   0       0.93981491
  181   1   0       0.93132227
  182   1   0       1.25553019
  182   2   1       2.85280215
  183   1   0       0.92962374
  184   1   0       0.94055325
  185   1   0       1.27277306
  185   2   1       2.93029935
  186   1   0       0.93455657
  187   1   0       0.91768973
  188   1   0       0.93971821
  189   1   0       1.26567928
  189   2   1       2.95846671
  190   1   0       0.93604572
  191   1   0       0.92410286
  192   1   0       0.94881383
  193   1   0       1.20638838
  193   2   1       2.90743198
  194   1   0       0.93463977
  195   1   0       0.92136902
  196   1   0       1.23228986
  196   2   1       2.83818623
  197   1   0       0.99576048
  198   1   0       0.95707841
  199   1   0       1.22987278
  199   2   1       2.88648546
  200   1   0       0.92372218
  201   1   0       0.93613962
  202   1   0       1.26155646
  202   2   1       2.85098052
  203   1   0       0.92874112
  204   1   0       0.95114985
  205   1   0       1.23195095
  205   2   1       2.89590128
  206   1   0       0.92937350
  207   1   0       0.94719964
  208   1   0       1.22566919
  208   2   1       2.87388236
  209   1   0       0.95075497
  210   1   0       0.94569605
  211   1   0       1.26584559
  211   2   1       2.85865336
  212   1   0       0.93585939
  213   1   0       0.94425325
  214   1   0       1.26455665
  214   2   1       2.86594408
  215   1   0       0.93258406
  216   1   0       0.92949354
  217   1   0       1.27559955
  217   2   1       2.90176690
  218   1   0       0.93668494
  219   1   0       0.95909535
  220   1   0       0.96022708
  221   1   0       1.27522375
  221   2   1       2.92094745
  222   1   0       0.95864330
  223   1   0       0.92926149
  224   1   0       0.92377538
  225   1   0       1.21573943
  225   2   1       2.83095794
  226   1   0       0.95458007
  227   1   0       0.97903088
  228   1   0       1.22565107
  228   2   1       2.88437559
  229   1   0       0.95231210
  230   1   0       0.91267186
  231   1   0       1.27175936
  231   2   1       2.85755759
  232   1   0       0.96339214
  233   1   0       0.91506545
  234   1   0       1.27401707
  234   2   1       2.85007520
  235   1   0       0.95034864
  236   1   0       0.94470073
  237   1   0       1.22347104
  237   2   1       2.91219854
  238   1   0       0.92900689
  239   1   0       0.95551764
  240   1   0       1.20673662
  240   2   1       2.86582980
  241   1   0       0.96153789
  242   1   0       0.94200604
  243   1   0       1.22071262
  243   2   1       2.91591812
  244   1   0       0.93087929
  245   1   0       0.91342348
  246   1   0       1.24394491
  246   2   1       2.88385753
  247   1   0       0.93772557
  248   1   0       0.94710327
  249   1   0       1.25414121
  249   2   1       2.98235661
  250   1   0       0.92482352
  251   1   0       0.92885188
  252   1   0       0.93932089
  253   1   0       1.25065632
  253   2   1       2.96944709
  254   1   0       0.92122191
  255   1   0       0.92000174
  256   1   0       0.93639226
  257   1   0       1.24279878
  257   2   1       2.90703665
  258   1   0       0.92809208
  259   1   0       0.93353830
  260   1   0       1.23697760
  260   2   1       2.87979318
  261   1   0       0.92206768
  262   1   0       0.96416900
  263   1   0       1.20076456
  263   2   1       2.89145932
  264   1   0       0.93219723
  265   1   0       0.94890147
  266   1   0       1.23191802
  266   2   1       2.89942952
  267   1   0       0.96858352
  268   1   0       0.92859358
  269   1   0       1.22153975
  269   2   1       2.89196592
  270   1   0       0.93241484
  271   1   0       0.92089060
  272   1   0       1.24333895
  272   2   1       2.84530395
  273   1   0       0.95166899
  274   1   0       0.95124218
  275   1   0       1.26803776
  275   2   1       2.87138212
  276   1   0       0.95196898
  277   1   0       0.94404603
  278   1   0       1.25769353
  278   2   1       2.81501447
  279   1   0       0.97307514
  280   1   0       0.94733672
  281   1   0       1.27566980
  281   2   1       2.94908656
  282   1   0       0.94427366
  283   1   0       0.93706280
  284   1   0       0.89365303
  285   1   0       1.26381427
  285   2   1       2.92503254
  286   1   0       0.94056480
  287   1   0       0.93736740
  288   1   0       0.93161006
  289   1   0       1.26227040
  289   2   1       2.82111480
  290   1   0       0.95455868
  291   1   0       0.93976002
  292   1   0       1.25257628
  292   2   1       2.86680988
  293   1   0       0.95403958
  294   1   0       0.94129999
  295   1   0       1.24537173
  295   2   1       2.89289896
  296   1   0       0.92720219
  297   1   0       0.93027927
  298   1   0       1.24938475
  298   2   1       2.87668688
  299   1   0       0.92402985
  300   1   0       0.94298254
  301   1   0       1.23055813
  301   2   1       2.84023236
  302   1   0       0.97087808
  303   1   0       0.95076514
  304   1   0       1.23149928
  304   2   1       2.87232048
  305   1   0       0.94634395
  306   1   0       0.96076677
  307   1   0       1.22796059
  307   2   1       2.85549500
  308   1   0       0.95702191
  309   1   0       0.95983899
  310   1   0       1.21750310
  310   2   1       2.86965564
  311   1   0       0.94178932
  312   1   0       0.94714205
  313   1   0       1.27530376
  313   2   1       2.92849175
  314   1   0       0.96321243
  315   1   0       0.92306988
  316   1   0       0.92084516
  317   1   0       1.28074868
  317   2   1       2.91494539
  318   1   0       0.93235416
  319   1   0       0.95129810
  320   1   0       0.94530072
  321   1   0       1.24375102
  321   2   1       2.87636293
  322   1   0       0.91507195
  323   1   0       0.92919794
  324   1   0       1.24875127
  324   2   1       2.83375560
  325   1   0       0.94659449
  326   1   0       0.96142133
  327   1   0       1.29355461
  327   2   1       2.82688306
  328   1   0       0.91935523
  329   1   0       0.99014694
  330   1   0       1.23046135
  330   2   1       2.87029938
  331   1   0       0.91723651
  332   1   0       0.92726789
  333   1   0       1.22990661
  333   2   1       2.85260958
  334   1   0       0.95422679
  335   1   0       0.99757749
  336   1   0       1.20440973
  336   2   1       2.88326200
  337   1   0       0.99261860
  338   1   0       0.91413105
  339   1   0       1.22002273
  339   2   1       2.87304226
  340   1   0       0.99903642
  341   1   0       0.93860901
  342   1   0       1.23593827
  342   2   1       2.84559697
  343   1   0       1.00409258
  344   1   0       0.95018845
  345   1   0       1.28580489
  345   2   1       2.91466675
  346   1   0       0.94201292
  347   1   0       0.97048009
  348   1   0       0.91231625
  349   1   0       1.26066860
  349   2   1       2.89131978
  350   1   0       0.92911411
  351   1   0       0.93112610
  352   1   0       0.92765326
 
Orbital populations (up)
 Atom Sh.   l   m       Population  Label
    1   1   0   0       1.24623412  s
    1   2   1  -1       0.93999538  p_y
    1   2   1   0       0.96245405  p_z
    1   2   1   1       0.95856310  p_x
    2   1   0   0       0.95155104  s
    3   1   0   0       0.93335113  s
    4   1   0   0       1.22604143  s
    4   2   1  -1       0.96096783  p_y
    4   2   1   0       0.96305339  p_z
    4   2   1   1       0.94481601  p_x
    5   1   0   0       0.92898858  s
    6   1   0   0       0.94112385  s
    7   1   0   0       1.25976083  s
    7   2   1  -1       0.94476173  p_y
    7   2   1   0       0.91211207  p_z
    7   2   1   1       0.96994230  p_x
    8   1   0   0       0.94726799  s
    9   1   0   0       0.98528524  s
   10   1   0   0       1.25033168  s
   10   2   1  -1       0.92501470  p_y
   10   2   1   0       0.93688633  p_z
   10   2   1   1       0.97826878  p_x
   11   1   0   0       0.92394421  s
   12   1   0   0       0.98375594  s
   13   1   0   0       1.26047697  s
   13   2   1  -1       0.96054252  p_y
   13   2   1   0       0.94947534  p_z
   13   2   1   1       0.93991371  p_x
   14   1   0   0       0.92259696  s
   15   1   0   0       0.96619379  s
   16   1   0   0       1.23305370  s
   16   2   1  -1       0.96067912  p_y
   16   2   1   0       1.00666785  p_z
   16   2   1   1       0.93266662  p_x
   17   1   0   0       0.94501545  s
   18   1   0   0       0.93397017  s
   19   1   0   0       1.26098958  s
   19   2   1  -1       0.94330836  p_y
   19   2   1   0       0.94586116  p_z
   19   2   1   1       0.96163086  p_x
   20   1   0   0       0.91943296  s
   21   1   0   0       0.95209257  s
   22   1   0   0       1.25135726  s
   22   2   1  -1       0.90438253  p_y
   22   2   1   0       0.94636248  p_z
   22   2   1   1       1.02055205  p_x
   23   1   0   0       0.92372549  s
   24   1   0   0       0.93962242  s
   25   1   0   0       1.31754470  s
   25   2   1  -1       0.96074717  p_y
   25   2   1   0       0.97344888  p_z
   25   2   1   1       0.95259174  p_x
   26   1   0   0       0.88922156  s
   27   1   0   0       0.95719233  s
   28   1   0   0       0.97116384  s
   29   1   0   0       1.28973626  s
   29   2   1  -1       0.94121671  p_y
   29   2   1   0       0.96721273  p_z
   29   2   1   1       0.98503063  p_x
   30   1   0   0       0.92319594  s
   31   1   0   0       0.92559904  s
   32   1   0   0       0.99197112  s
   33   1   0   0       1.22204372  s
   33   2   1  -1       0.95828854  p_y
   33   2   1   0       0.93310224  p_z
   33   2   1   1       1.00992210  p_x
   34   1   0   0       0.94219864  s
   35   1   0   0       0.92531401  s
   36   1   0   0       1.24658715  s
   36   2   1  -1       0.95773165  p_y
   36   2   1   0       0.92375123  p_z
   36   2   1   1       0.98335401  p_x
   37   1   0   0       0.93356886  s
   38   1   0   0       0.93545758  s
   39   1   0   0       1.23536253  s
   39   2   1  -1       0.95906837  p_y
   39   2   1   0       0.95888028  p_z
   39   2   1   1       0.97623686  p_x
   40   1   0   0       0.94958378  s
   41   1   0   0       0.91154572  s
   42   1   0   0       1.21524595  s
   42   2   1  -1       0.97023546  p_y
   42   2   1   0       0.95783858  p_z
   42   2   1   1       0.95610205  p_x
   43   1   0   0       0.94940462  s
   44   1   0   0       0.95598708  s
   45   1   0   0       1.23830532  s
   45   2   1  -1       0.94582873  p_y
   45   2   1   0       0.94330972  p_z
   45   2   1   1       0.95068246  p_x
   46   1   0   0       0.95627387  s
   47   1   0   0       0.96139847  s
   48   1   0   0       1.26773235  s
   48   2   1  -1       0.95992535  p_y
   48   2   1   0       0.94137588  p_z
   48   2   1   1       0.93521469  p_x
   49   1   0   0       0.96909490  s
   50   1   0   0       0.97008989  s
   51   1   0   0       1.23285065  s
   51   2   1  -1       0.98493849  p_y
   51   2   1   0       0.95278924  p_z
   51   2   1   1       0.93638910  p_x
   52   1   0   0       0.90862427  s
   53   1   0   0       0.95954449  s
   54   1   0   0       1.26640201  s
   54   2   1  -1       0.93545491  p_y
   54   2   1   0       0.95773703  p_z
   54   2   1   1       0.91985071  p_x
   55   1   0   0       0.93187827  s
   56   1   0   0       0.95375805  s
   57   1   0   0       1.26243185  s
   57   2   1  -1       0.96574554  p_y
   57   2   1   0       0.99825882  p_z
   57   2   1   1       0.97228767  p_x
   58   1   0   0       0.93830160  s
   59   1   0   0       0.93614534  s
   60   1   0   0       0.95043748  s
   61   1   0   0       1.29691523  s
   61   2   1  -1       0.97872890  p_y
   61   2   1   0       0.99938095  p_z
   61   2   1   1       0.98169256  p_x
   62   1   0   0       0.92092638  s
   63   1   0   0       0.94078159  s
   64   1   0   0       0.91781998  s
   65   1   0   0       1.25481225  s
   65   2   1  -1       0.99170203  p_y
   65   2   1   0       0.96207943  p_z
   65   2   1   1       0.90914273  p_x
   66   1   0   0       0.92829901  s
   67   1   0   0       0.92279724  s
   68   1   0   0       1.24330195  s
   68   2   1  -1       0.94866409  p_y
   68   2   1   0       0.93751347  p_z
   68   2   1   1       0.94769252  p_x
   69   1   0   0       0.95704416  s
   70   1   0   0       0.98988220  s
   71   1   0   0       1.21258303  s
   71   2   1  -1       0.93606646  p_y
   71   2   1   0       0.95397956  p_z
   71   2   1   1       0.96610545  p_x
   72   1   0   0       0.93418492  s
   73   1   0   0       0.98266076  s
   74   1   0   0       1.22938744  s
   74   2   1  -1       0.92862070  p_y
   74   2   1   0       0.98166372  p_z
   74   2   1   1       0.94071235  p_x
   75   1   0   0       0.93720173  s
   76   1   0   0       0.97907577  s
   77   1   0   0       1.23029895  s
   77   2   1  -1       0.95167088  p_y
   77   2   1   0       0.96574590  p_z
   77   2   1   1       0.97291805  p_x
   78   1   0   0       0.94025812  s
   79   1   0   0       0.93281248  s
   80   1   0   0       1.24346276  s
   80   2   1  -1       0.94038359  p_y
   80   2   1   0       0.95169675  p_z
   80   2   1   1       0.96888882  p_x
   81   1   0   0       0.95466143  s
   82   1   0   0       0.94621490  s
   83   1   0   0       1.26828516  s
   83   2   1  -1       0.90526906  p_y
   83   2   1   0       0.96456333  p_z
   83   2   1   1       0.99897186  p_x
   84   1   0   0       0.93550470  s
   85   1   0   0       0.90906958  s
   86   1   0   0       1.26393805  s
   86   2   1  -1       0.94920786  p_y
   86   2   1   0       0.97064280  p_z
   86   2   1   1       0.94409090  p_x
   87   1   0   0       0.96211588  s
   88   1   0   0       0.93825596  s
   89   1   0   0       1.29889063  s
   89   2   1  -1       0.97307068  p_y
   89   2   1   0       1.02191868  p_z
   89   2   1   1       0.93990042  p_x
   90   1   0   0       0.92236844  s
   91   1   0   0       0.92812631  s
   92   1   0   0       0.93526024  s
   93   1   0   0       1.26923379  s
   93   2   1  -1       0.97256242  p_y
   93   2   1   0       0.96227143  p_z
   93   2   1   1       0.97270411  p_x
   94   1   0   0       0.93267376  s
   95   1   0   0       0.96345185  s
   96   1   0   0       0.92328767  s
   97   1   0   0       1.23827422  s
   97   2   1  -1       0.94870213  p_y
   97   2   1   0       0.96183768  p_z
   97   2   1   1       0.93547950  p_x
   98   1   0   0       0.95340822  s
   99   1   0   0       0.96074354  s
  100   1   0   0       1.18939530  s
  100   2   1  -1       0.89412708  p_y
  100   2   1   0       0.89579360  p_z
  100   2   1   1       0.94390462  p_x
  101   1   0   0       0.87627901  s
  102   1   0   0       0.94490849  s
  103   1   0   0       1.23363985  s
  103   2   1  -1       1.00937471  p_y
  103   2   1   0       0.90949518  p_z
  103   2   1   1       0.95595536  p_x
  104   1   0   0       0.93585136  s
  105   1   0   0       0.93599183  s
  106   1   0   0       1.27776549  s
  106   2   1  -1       0.94133322  p_y
  106   2   1   0       0.95188171  p_z
  106   2   1   1       0.93575266  p_x
  107   1   0   0       0.91887144  s
  108   1   0   0       0.96385994  s
  109   1   0   0       1.24883605  s
  109   2   1  -1       0.92433304  p_y
  109   2   1   0       0.99277775  p_z
  109   2   1   1       0.94453940  p_x
  110   1   0   0       0.96887235  s
  111   1   0   0       0.91899357  s
  112   1   0   0       1.25193939  s
  112   2   1  -1       0.93397156  p_y
  112   2   1   0       0.99720387  p_z
  112   2   1   1       0.92294747  p_x
  113   1   0   0       0.91667913  s
  114   1   0   0       0.98055463  s
  115   1   0   0       1.25102294  s
  115   2   1  -1       0.90987335  p_y
  115   2   1   0       0.92611907  p_z
  115   2   1   1       0.96293109  p_x
  116   1   0   0       0.96082287  s
  117   1   0   0       0.96461774  s
  118   1   0   0       1.23773367  s
  118   2   1  -1       0.95312440  p_y
  118   2   1   0       0.96257620  p_z
  118   2   1   1       0.97337111  p_x
  119   1   0   0       0.92608499  s
  120   1   0   0       0.91969516  s
  121   1   0   0       1.27722937  s
  121   2   1  -1       0.98905168  p_y
  121   2   1   0       0.95919928  p_z
  121   2   1   1       0.97373309  p_x
  122   1   0   0       0.92330028  s
  123   1   0   0       0.91138273  s
  124   1   0   0       0.95982142  s
  125   1   0   0       1.27744109  s
  125   2   1  -1       1.00200409  p_y
  125   2   1   0       0.97519143  p_z
  125   2   1   1       0.97138104  p_x
  126   1   0   0       0.91550250  s
  127   1   0   0       0.94595834  s
  128   1   0   0       0.94178096  s
  129   1   0   0       1.28099370  s
  129   2   1  -1       0.97072926  p_y
  129   2   1   0       0.89379530  p_z
  129   2   1   1       0.98473049  p_x
  130   1   0   0       0.93681806  s
  131   1   0   0       0.93799922  s
  132   1   0   0       1.24701671  s
  132   2   1  -1       0.95947812  p_y
  132   2   1   0       0.99096558  p_z
  132   2   1   1       0.93935419  p_x
  133   1   0   0       0.94894042  s
  134   1   0   0       0.92983212  s
  135   1   0   0       1.22665847  s
  135   2   1  -1       0.93670955  p_y
  135   2   1   0       0.97829537  p_z
  135   2   1   1       0.95076354  p_x
  136   1   0   0       0.94723240  s
  137   1   0   0       0.94187875  s
  138   1   0   0       1.23027858  s
  138   2   1  -1       0.94389746  p_y
  138   2   1   0       0.98450782  p_z
  138   2   1   1       0.93834917  p_x
  139   1   0   0       0.97692487  s
  140   1   0   0       0.92964196  s
  141   1   0   0       1.23025821  s
  141   2   1  -1       0.96773644  p_y
  141   2   1   0       0.92159462  p_z
  141   2   1   1       0.99112955  p_x
  142   1   0   0       0.96360819  s
  143   1   0   0       0.93139356  s
  144   1   0   0       1.28461817  s
  144   2   1  -1       0.98625523  p_y
  144   2   1   0       0.98716894  p_z
  144   2   1   1       1.05271987  p_x
  145   1   0   0       0.99400499  s
  146   1   0   0       1.01043863  s
  147   1   0   0       1.25863659  s
  147   2   1  -1       0.93287206  p_y
  147   2   1   0       0.92593536  p_z
  147   2   1   1       0.99435726  p_x
  148   1   0   0       0.92896391  s
  149   1   0   0       0.95209349  s
  150   1   0   0       1.27688014  s
  150   2   1  -1       0.92682724  p_y
  150   2   1   0       0.92746333  p_z
  150   2   1   1       0.98440750  p_x
  151   1   0   0       0.93489949  s
  152   1   0   0       0.90622885  s
  153   1   0   0       1.30448961  s
  153   2   1  -1       1.03405812  p_y
  153   2   1   0       0.96032974  p_z
  153   2   1   1       0.95346255  p_x
  154   1   0   0       0.93621253  s
  155   1   0   0       0.91769351  s
  156   1   0   0       0.89810654  s
  157   1   0   0       1.27541287  s
  157   2   1  -1       0.99599971  p_y
  157   2   1   0       1.01395738  p_z
  157   2   1   1       0.95248150  p_x
  158   1   0   0       0.94269902  s
  159   1   0   0       0.93893383  s
  160   1   0   0       0.91800384  s
  161   1   0   0       1.24452723  s
  161   2   1  -1       0.96406085  p_y
  161   2   1   0       0.91335706  p_z
  161   2   1   1       0.94113042  p_x
  162   1   0   0       0.95060957  s
  163   1   0   0       0.96245515  s
  164   1   0   0       1.23241406  s
  164   2   1  -1       0.97411333  p_y
  164   2   1   0       0.95949343  p_z
  164   2   1   1       0.95766559  p_x
  165   1   0   0       0.94622370  s
  166   1   0   0       0.95310267  s
  167   1   0   0       1.25345464  s
  167   2   1  -1       0.95060419  p_y
  167   2   1   0       0.94756871  p_z
  167   2   1   1       0.96140423  p_x
  168   1   0   0       0.94863739  s
  169   1   0   0       0.96149213  s
  170   1   0   0       1.24680146  s
  170   2   1  -1       0.94002149  p_y
  170   2   1   0       0.95583519  p_z
  170   2   1   1       0.94980947  p_x
  171   1   0   0       0.95572103  s
  172   1   0   0       0.93883067  s
  173   1   0   0       1.22757319  s
  173   2   1  -1       0.96830994  p_y
  173   2   1   0       0.94917730  p_z
  173   2   1   1       0.95475496  p_x
  174   1   0   0       0.92396917  s
  175   1   0   0       0.97834836  s
  176   1   0   0       1.23227397  s
  176   2   1  -1       0.95179849  p_y
  176   2   1   0       0.96467549  p_z
  176   2   1   1       0.93706928  p_x
  177   1   0   0       0.95772253  s
  178   1   0   0       0.94115026  s
  179   1   0   0       1.23989551  s
  179   2   1  -1       0.96914359  p_y
  179   2   1   0       0.95789189  p_z
  179   2   1   1       0.96044595  p_x
  180   1   0   0       0.93981491  s
  181   1   0   0       0.93132227  s
  182   1   0   0       1.25553019  s
  182   2   1  -1       0.96396702  p_y
  182   2   1   0       0.96034160  p_z
  182   2   1   1       0.92849352  p_x
  183   1   0   0       0.92962374  s
  184   1   0   0       0.94055325  s
  185   1   0   0       1.27277306  s
  185   2   1  -1       1.00260195  p_y
  185   2   1   0       0.97853977  p_z
  185   2   1   1       0.94915763  p_x
  186   1   0   0       0.93455657  s
  187   1   0   0       0.91768973  s
  188   1   0   0       0.93971821  s
  189   1   0   0       1.26567928  s
  189   2   1  -1       0.96927769  p_y
  189   2   1   0       1.02292480  p_z
  189   2   1   1       0.96626422  p_x
  190   1   0   0       0.93604572  s
  191   1   0   0       0.92410286  s
  192   1   0   0       0.94881383  s
  193   1   0   0       1.20638838  s
  193   2   1  -1       0.91271229  p_y
  193   2   1   0       1.01182044  p_z
  193   2   1   1       0.98289925  p_x
  194   1   0   0       0.93463977  s
  195   1   0   0       0.92136902  s
  196   1   0   0       1.23228986  s
  196   2   1  -1       0.93005187  p_y
  196   2   1   0       0.94615960  p_z
  196   2   1   1       0.96197476  p_x
  197   1   0   0       0.99576048  s
  198   1   0   0       0.95707841  s
  199   1   0   0       1.22987278  s
  199   2   1  -1       0.97386001  p_y
  199   2   1   0       0.94927497  p_z
  199   2   1   1       0.96335048  p_x
  200   1   0   0       0.92372218  s
  201   1   0   0       0.93613962  s
  202   1   0   0       1.26155646  s
  202   2   1  -1       0.93673206  p_y
  202   2   1   0       0.95529896  p_z
  202   2   1   1       0.95894950  p_x
  203   1   0   0       0.92874112  s
  204   1   0   0       0.95114985  s
  205   1   0   0       1.23195095  s
  205   2   1  -1       0.93794789  p_y
  205   2   1   0       0.96665309  p_z
  205   2   1   1       0.99130030  p_x
  206   1   0   0       0.92937350  s
  207   1   0   0       0.94719964  s
  208   1   0   0       1.22566919  s
  208   2   1  -1       0.97916476  p_y
  208   2   1   0       0.92511958  p_z
  208   2   1   1       0.96959802  p_x
  209   1   0   0       0.95075497  s
  210   1   0   0       0.94569605  s
  211   1   0   0       1.26584559  s
  211   2   1  -1       0.91596965  p_y
  211   2   1   0       0.94494904  p_z
  211   2   1   1       0.99773467  p_x
  212   1   0   0       0.93585939  s
  213   1   0   0       0.94425325  s
  214   1   0   0       1.26455665  s
  214   2   1  -1       0.97607752  p_y
  214   2   1   0       0.92718565  p_z
  214   2   1   1       0.96268090  p_x
  215   1   0   0       0.93258406  s
  216   1   0   0       0.92949354  s
  217   1   0   0       1.27559955  s
  217   2   1  -1       0.92532626  p_y
  217   2   1   0       0.98492954  p_z
  217   2   1   1       0.99151111  p_x
  218   1   0   0       0.93668494  s
  219   1   0   0       0.95909535  s
  220   1   0   0       0.96022708  s
  221   1   0   0       1.27522375  s
  221   2   1  -1       0.99100505  p_y
  221   2   1   0       0.93798861  p_z
  221   2   1   1       0.99195379  p_x
  222   1   0   0       0.95864330  s
  223   1   0   0       0.92926149  s
  224   1   0   0       0.92377538  s
  225   1   0   0       1.21573943  s
  225   2   1  -1       0.92731885  p_y
  225   2   1   0       0.96173899  p_z
  225   2   1   1       0.94190010  p_x
  226   1   0   0       0.95458007  s
  227   1   0   0       0.97903088  s
  228   1   0   0       1.22565107  s
  228   2   1  -1       1.01118830  p_y
  228   2   1   0       0.97715282  p_z
  228   2   1   1       0.89603447  p_x
  229   1   0   0       0.95231210  s
  230   1   0   0       0.91267186  s
  231   1   0   0       1.27175936  s
  231   2   1  -1       0.94890959  p_y
  231   2   1   0       0.98319592  p_z
  231   2   1   1       0.92545208  p_x
  232   1   0   0       0.96339214  s
  233   1   0   0       0.91506545  s
  234   1   0   0       1.27401707  s
  234   2   1  -1       0.94594153  p_y
  234   2   1   0       0.96785913  p_z
  234   2   1   1       0.93627453  p_x
  235   1   0   0       0.95034864  s
  236   1   0   0       0.94470073  s
  237   1   0   0       1.22347104  s
  237   2   1  -1       1.01855554  p_y
  237   2   1   0       0.96737084  p_z
  237   2   1   1       0.92627216  p_x
  238   1   0   0       0.92900689  s
  239   1   0   0       0.95551764  s
  240   1   0   0       1.20673662  s
  240   2   1  -1       0.96289893  p_y
  240   2   1   0       0.96246170  p_z
  240   2   1   1       0.94046916  p_x
  241   1   0   0       0.96153789  s
  242   1   0   0       0.94200604  s
  243   1   0   0       1.22071262  s
  243   2   1  -1       1.01325007  p_y
  243   2   1   0       0.97350331  p_z
  243   2   1   1       0.92916474  p_x
  244   1   0   0       0.93087929  s
  245   1   0   0       0.91342348  s
  246   1   0   0       1.24394491  s
  246   2   1  -1       0.98605910  p_y
  246   2   1   0       0.98748583  p_z
  246   2   1   1       0.91031260  p_x
  247   1   0   0       0.93772557  s
  248   1   0   0       0.94710327  s
  249   1   0   0       1.25414121  s
  249   2   1  -1       1.01342681  p_y
  249   2   1   0       1.01106590  p_z
  249   2   1   1       0.95786390  p_x
  250   1   0   0       0.92482352  s
  251   1   0   0       0.92885188  s
  252   1   0   0       0.93932089  s
  253   1   0   0       1.25065632  s
  253   2   1  -1       0.99823803  p_y
  253   2   1   0       1.01794581  p_z
  253   2   1   1       0.95326325  p_x
  254   1   0   0       0.92122191  s
  255   1   0   0       0.92000174  s
  256   1   0   0       0.93639226  s
  257   1   0   0       1.24279878  s
  257   2   1  -1       0.96768605  p_y
  257   2   1   0       0.94403402  p_z
  257   2   1   1       0.99531659  p_x
  258   1   0   0       0.92809208  s
  259   1   0   0       0.93353830  s
  260   1   0   0       1.23697760  s
  260   2   1  -1       0.97447779  p_y
  260   2   1   0       0.95388607  p_z
  260   2   1   1       0.95142932  p_x
  261   1   0   0       0.92206768  s
  262   1   0   0       0.96416900  s
  263   1   0   0       1.20076456  s
  263   2   1  -1       0.95078638  p_y
  263   2   1   0       0.98776417  p_z
  263   2   1   1       0.95290877  p_x
  264   1   0   0       0.93219723  s
  265   1   0   0       0.94890147  s
  266   1   0   0       1.23191802  s
  266   2   1  -1       0.93689027  p_y
  266   2   1   0       0.97919961  p_z
  266   2   1   1       0.98333964  p_x
  267   1   0   0       0.96858352  s
  268   1   0   0       0.92859358  s
  269   1   0   0       1.22153975  s
  269   2   1  -1       0.90873286  p_y
  269   2   1   0       0.98572666  p_z
  269   2   1   1       0.99750639  p_x
  270   1   0   0       0.93241484  s
  271   1   0   0       0.92089060  s
  272   1   0   0       1.24333895  s
  272   2   1  -1       0.90798966  p_y
  272   2   1   0       0.98579026  p_z
  272   2   1   1       0.95152403  p_x
  273   1   0   0       0.95166899  s
  274   1   0   0       0.95124218  s
  275   1   0   0       1.26803776  s
  275   2   1  -1       0.95667311  p_y
  275   2   1   0       1.00938839  p_z
  275   2   1   1       0.90532062  p_x
  276   1   0   0       0.95196898  s
  277   1   0   0       0.94404603  s
  278   1   0   0       1.25769353  s
  278   2   1  -1       0.92079934  p_y
  278   2   1   0       0.97278009  p_z
  278   2   1   1       0.92143505  p_x
  279   1   0   0       0.97307514  s
  280   1   0   0       0.94733672  s
  281   1   0   0       1.27566980  s
  281   2   1  -1       0.97528790  p_y
  281   2   1   0       0.99576659  p_z
  281   2   1   1       0.97803207  p_x
  282   1   0   0       0.94427366  s
  283   1   0   0       0.93706280  s
  284   1   0   0       0.89365303  s
  285   1   0   0       1.26381427  s
  285   2   1  -1       0.94966453  p_y
  285   2   1   0       0.98059770  p_z
  285   2   1   1       0.99477032  p_x
  286   1   0   0       0.94056480  s
  287   1   0   0       0.93736740  s
  288   1   0   0       0.93161006  s
  289   1   0   0       1.26227040  s
  289   2   1  -1       0.98115841  p_y
  289   2   1   0       0.92617628  p_z
  289   2   1   1       0.91378011  p_x
  290   1   0   0       0.95455868  s
  291   1   0   0       0.93976002  s
  292   1   0   0       1.25257628  s
  292   2   1  -1       0.98957881  p_y
  292   2   1   0       0.93202604  p_z
  292   2   1   1       0.94520503  p_x
  293   1   0   0       0.95403958  s
  294   1   0   0       0.94129999  s
  295   1   0   0       1.24537173  s
  295   2   1  -1       0.97509298  p_y
  295   2   1   0       0.94498536  p_z
  295   2   1   1       0.97282061  p_x
  296   1   0   0       0.92720219  s
  297   1   0   0       0.93027927  s
  298   1   0   0       1.24938475  s
  298   2   1  -1       0.96817425  p_y
  298   2   1   0       0.96746116  p_z
  298   2   1   1       0.94105148  p_x
  299   1   0   0       0.92402985  s
  300   1   0   0       0.94298254  s
  301   1   0   0       1.23055813  s
  301   2   1  -1       0.96317732  p_y
  301   2   1   0       0.94821365  p_z
  301   2   1   1       0.92884139  p_x
  302   1   0   0       0.97087808  s
  303   1   0   0       0.95076514  s
  304   1   0   0       1.23149928  s
  304   2   1  -1       1.00339334  p_y
  304   2   1   0       0.90820725  p_z
  304   2   1   1       0.96071988  p_x
  305   1   0   0       0.94634395  s
  306   1   0   0       0.96076677  s
  307   1   0   0       1.22796059  s
  307   2   1  -1       0.95440050  p_y
  307   2   1   0       0.97201106  p_z
  307   2   1   1       0.92908344  p_x
  308   1   0   0       0.95702191  s
  309   1   0   0       0.95983899  s
  310   1   0   0       1.21750310  s
  310   2   1  -1       0.96340394  p_y
  310   2   1   0       0.98098487  p_z
  310   2   1   1       0.92526682  p_x
  311   1   0   0       0.94178932  s
  312   1   0   0       0.94714205  s
  313   1   0   0       1.27530376  s
  313   2   1  -1       1.01445188  p_y
  313   2   1   0       0.95026211  p_z
  313   2   1   1       0.96377776  p_x
  314   1   0   0       0.96321243  s
  315   1   0   0       0.92306988  s
  316   1   0   0       0.92084516  s
  317   1   0   0       1.28074868  s
  317   2   1  -1       0.98034101  p_y
  317   2   1   0       0.97510593  p_z
  317   2   1   1       0.95949845  p_x
  318   1   0   0       0.93235416  s
  319   1   0   0       0.95129810  s
  320   1   0   0       0.94530072  s
  321   1   0   0       1.24375102  s
  321   2   1  -1       0.97362011  p_y
  321   2   1   0       0.97172663  p_z
  321   2   1   1       0.93101620  p_x
  322   1   0   0       0.91507195  s
  323   1   0   0       0.92919794  s
  324   1   0   0       1.24875127  s
  324   2   1  -1       0.91130211  p_y
  324   2   1   0       0.98986093  p_z
  324   2   1   1       0.93259256  p_x
  325   1   0   0       0.94659449  s
  326   1   0   0       0.96142133  s
  327   1   0   0       1.29355461  s
  327   2   1  -1       0.92017058  p_y
  327   2   1   0       0.96178910  p_z
  327   2   1   1       0.94492338  p_x
  328   1   0   0       0.91935523  s
  329   1   0   0       0.99014694  s
  330   1   0   0       1.23046135  s
  330   2   1  -1       0.98871949  p_y
  330   2   1   0       0.95345771  p_z
  330   2   1   1       0.92812217  p_x
  331   1   0   0       0.91723651  s
  332   1   0   0       0.92726789  s
  333   1   0   0       1.22990661  s
  333   2   1  -1       0.97455982  p_y
  333   2   1   0       0.97714602  p_z
  333   2   1   1       0.90090374  p_x
  334   1   0   0       0.95422679  s
  335   1   0   0       0.99757749  s
  336   1   0   0       1.20440973  s
  336   2   1  -1       0.94541132  p_y
  336   2   1   0       1.01194237  p_z
  336   2   1   1       0.92590831  p_x
  337   1   0   0       0.99261860  s
  338   1   0   0       0.91413105  s
  339   1   0   0       1.22002273  s
  339   2   1  -1       0.91827096  p_y
  339   2   1   0       1.03516019  p_z
  339   2   1   1       0.91961111  p_x
  340   1   0   0       0.99903642  s
  341   1   0   0       0.93860901  s
  342   1   0   0       1.23593827  s
  342   2   1  -1       0.93864829  p_y
  342   2   1   0       1.00527512  p_z
  342   2   1   1       0.90167356  p_x
  343   1   0   0       1.00409258  s
  344   1   0   0       0.95018845  s
  345   1   0   0       1.28580489  s
  345   2   1  -1       0.98101762  p_y
  345   2   1   0       0.96071760  p_z
  345   2   1   1       0.97293153  p_x
  346   1   0   0       0.94201292  s
  347   1   0   0       0.97048009  s
  348   1   0   0       0.91231625  s
  349   1   0   0       1.26066860  s
  349   2   1  -1       0.95682911  p_y
  349   2   1   0       0.99811395  p_z
  349   2   1   1       0.93637672  p_x
  350   1   0   0       0.92911411  s
  351   1   0   0       0.93112610  s
  352   1   0   0       0.92765326  s
 
Fermi level:                        -0.1530630640 H           -4.1651 eV
Band energy:                      -277.3169789408 H        -7546.1789 eV
TS:                                  0.0000000000 H            0.0000 eV
Band free energy (E-TS):          -277.3169789408 H        -7546.1789 eV
Extrapolated E(0K):               -277.3169789408 H        -7546.1789 eV
Input / Output electrons (q):    682.0000000000    682.0000000000
 
Energy H0:                        -281.9393944534 H        -7671.9613 eV
Energy SCC:                          0.0824171631 H            2.2427 eV
Total Electronic energy:          -281.8569772904 H        -7669.7186 eV
Repulsive energy:                    4.7609938104 H          129.5532 eV
Dispersion energy:                   1.1165863504 H           30.3839 eV
Total energy:                     -275.9793971295 H        -7509.7815 eV
Extrapolated to 0:                -275.9793971295 H        -7509.7815 eV
Total Mermin free energy:         -275.9793971295 H        -7509.7815 eV
Force related energy:             -275.9793971295 H        -7509.7815 eV
 
SCC converged
 
Full geometry written in geo_end.{xyz|gen}
 
MD Kinetic Energy:                   1.6461888593 H
Total MD Energy:                  -274.3332082702 H
Pressure:                            0.280115E-04 au     0.824125E+09 Pa
MD Temperature:                      0.0031266645 H          987.3214 K
MD Kinetic Energy:                   1.6461888593 H
Total MD Energy:                  -274.3332082702 H        -7464.9864 eV
MD Temperature:                      0.0031266645 H          987.3214 K
 
Molecular dynamics completed
 
