 Fermi distribution function
 
MD step: 100000
 

********************************************************************************
 iSCC Total electronic   Diff electronic      SCC error    
    7   -0.28189562E+03    0.79580786E-12    0.33002633E-06
********************************************************************************
 
Coordinates of moved atoms (au):
    1     64.33132457     63.60597791     94.37729262
    2     63.42769876     63.01385823     92.79032996
    3     65.41858958     65.55930397     93.98749895
    4     62.26366159     93.19460401     96.16471245
    5     72.63517240     72.39571815     63.25666200
    6     76.48457691    105.88803325     68.21801641
    7     60.76706227     93.26342136     97.93648062
    8     30.79086555     93.49467806     99.66170866
    9    105.34091213    105.30611427     66.43432535
   10     45.18125585    121.65385645     90.13857757
   11     45.74822682    122.98382773     88.74396769
   12     44.60952038    119.43055990     89.55231551
   13     71.85840776     71.65619941     64.92073308
   14     80.84399088     86.65241267     74.29006455
   15     73.34854563     72.42931007     66.25191636
   16     49.83856953     86.08657417     74.51602386
   17     49.22273308     84.36664254     75.66231268
   18     49.06391759     85.64767535     72.52509523
   19     77.49402726     88.13107187     76.17554958
   20     78.23342310     87.98601005     78.10040715
   21     75.39087107     87.96005934     76.60431240
   22     77.79260554     90.79685400     75.42167522
   23     50.99898495     91.11930777     74.95301945
   24     48.29365501     92.04416601     77.09953736
   25     66.14626520     61.45702721     94.92890478
   26     67.56706164     61.98251502     96.31448266
   27     65.06783387     59.64967379     95.04998643
   28     67.23061773     61.03127165     93.21682414
   29     75.99253378     91.59597582     73.26291781
   30     73.98411198     91.08773931     73.65531024
   31     76.22414284     93.67496661     72.81960837
   32     76.14123780     90.36919460     71.30120999
   33     51.65761048     53.05892435     53.44605520
   34     52.88893501     52.05146260     54.67569274
   35     51.83399621     55.11741155     54.59073466
   36     52.30871166     53.38471042     50.70912389
   37     53.13479624     55.28985881     50.04172779
   38     50.51174289     53.44248729     49.88495152
   39     53.70000776     51.50179921     49.09724247
   40     52.99643334     51.25086495     47.14023344
   41     53.45679284     49.38805920     49.93537669
   42     56.54399109     52.06513879     48.45863510
   43     85.43869659     53.45103954     46.76149292
   44     57.59400598     50.22946435     48.10680879
   45     58.16945015     53.84955422     50.47671762
   46     57.96542630     53.41103523     52.40791455
   47     86.64271850     55.89001256     50.17914860
   48     90.04820872     53.90272079     50.18821048
   49     90.51742921     54.64541409     48.24534084
   50     90.78721656     51.99317023     49.89476105
   51     62.50477075     55.45385828     52.04460801
   52     62.64834742     54.25068303     53.74822781
   53     61.46228980     57.12397376     52.67425172
   54     93.95394728     56.31105149     79.86515388
   55     93.82563574     58.39885353     79.35413942
   56     94.57125259     55.32364888     78.12967773
   57     49.08639373     51.98249972     53.90340927
   58     49.29971536     49.90012730     54.53357025
   59     48.34352420     52.92880055     55.56907704
   60     47.65934146     52.37619708     52.39528998
   61     67.48510943     56.09079729     81.32246107
   62     69.02609051     54.65477451     80.88451311
   63     68.60154407     57.75672130     80.96469759
   64     67.14536537     55.93937915     83.43989075
   65     63.65568915     79.54069919     66.92260124
   66     61.83788531     79.37665607     65.82268612
   67     63.64350542     79.53362709     69.00143178
   68     65.05010560     77.10507659     66.47677225
   69     64.85549191     76.74513655     64.48360709
   70     63.68415627     75.52063564     66.89458775
   71     67.82963585     77.26317180     67.73623954
   72     67.46962628     76.52475790     69.64300630
   73     68.03178010     79.22250770     67.45017701
   74     69.85991631     46.78999166     66.16591908
   75     71.51937273     47.02223292     67.27742740
   76     69.99754229     47.73080445     64.24726463
   77     69.39436275     43.98660248     65.79050191
   78     72.06094692     69.59316389     64.83622553
   79     67.83542192     72.58629179     64.57334460
   80     68.72187368     42.61511638     68.42698907
   81     67.18309783     43.72963956     69.44215230
   82     70.65827038     42.52381830     69.67382970
   83     67.28749515     39.87856216     67.82374366
   84     68.35547024     39.23953024     66.08845932
   85     65.30214469     40.47942014     67.54660429
   86     67.40321780     38.09270937     70.21411712
   87     66.53776808     36.21379868     69.87711175
   88     66.62924108     39.44749470     71.54856364
   89     64.40288492     82.00831831     65.39505768
   90     66.11081759     82.92217718     66.22904794
   91     64.91588962     81.10084034     63.60525117
   92     62.62896230     83.18150986     65.13180294
   93     70.20208421     37.39384320     70.97639573
   94     71.38893701     36.76005810     69.08372586
   95     71.20387100     38.92927236     71.92032077
   96     70.48383895     35.95755821     72.62144866
   97     63.48046382     72.48869549     76.51474899
   98     64.89307836     71.54937450     75.14952971
   99     61.74371131     71.39623755     76.55674146
  100     65.02170291     72.56411971     79.20587078
  101     64.23366908     70.97907832     80.28327192
  102     64.94407768     74.53995863     80.23327043
  103     67.58581317     71.80681122     78.34453795
  104     67.55037743     70.26647502     77.10591326
  105     68.49185339     70.89925329     80.00262832
  106     69.40687248     73.81268030     47.98682821
  107     68.79537370     73.85192716     46.13475050
  108     71.24774094     73.00563518     47.96271859
  109     69.70911757     76.22695264     49.72061584
  110     70.19355022     76.02904598     51.72356631
  111     67.71140071     77.32076575     49.82358274
  112     71.57507986     77.76412490     48.22819628
  113     71.16383571     79.74974216     48.61108841
  114     71.52856945     77.39666235     46.10913523
  115     74.46126816     77.24329553     49.45094726
  116     74.64432985     75.19366198     49.68308963
  117     74.67870701     77.89788654     51.59522354
  118     76.77423023     77.99693150     47.79746400
  119     78.53627448     77.87231263     48.61013983
  120     76.35216372     79.87752981     47.22479662
  121     62.88895283     75.12549384     75.64755245
  122     61.75709832     76.45670318     76.84521928
  123     64.64508880     76.16107105     75.17833064
  124     61.64283960     75.36219524     73.82301498
  125     77.08395665     76.18713296     45.19229867
  126     79.15351118     75.78824476     44.97323767
  127     76.28861736     74.22556467     45.35746833
  128     76.20559838     77.14271553     43.63881726
  129     67.65738614     63.75711512     54.59849283
  130     69.34018520     64.26515005     53.54461814
  131     67.88847405     61.76977715     54.78608779
  132     67.16474900     65.04505909     57.35061150
  133     66.78212607     63.74487631     58.92697723
  134     65.23930730     66.22303184     57.11948897
  135     69.41227081     66.82372564     57.96213038
  136     71.25731017     66.16866468     56.86383616
  137     69.36148480     66.47080933     60.16746579
  138     68.59316021     69.39023611     56.80624639
  139     67.88721388     69.21999780     54.89445464
  140     70.31070590     70.73178556     56.69080933
  141     66.92711895     71.17028091     58.63704193
  142     68.65111030     72.53638893     59.39283397
  143     66.37331649     69.93361294     60.36214255
  144     64.90547094     72.37825629     57.22271105
  145     63.37594649     71.07453669     56.72207473
  146     65.56133799     73.18506689     55.39609250
  147     63.83060301     74.70960734     58.94589843
  148     65.61927605     75.74994647     59.86493417
  149     63.23406189     73.71237025     60.59394193
  150     62.07620627     76.80501638     58.11546201
  151     60.49880963     76.85692859     59.62440615
  152     61.35006072     76.54521551     56.08233980
  153     65.24190216     64.31030782     53.18207702
  154     65.70884322     34.76240492     51.22269370
  155     63.30819777     63.64161137     53.66139990
  156     64.82894669     66.27501949     52.88356299
  157     63.26671083     79.43885910     57.80793998
  158     64.38145321     79.97325573     59.33165161
  159     64.05717337     79.35293426     55.79474239
  160     61.61064440     80.67484301     57.67019626
  161     86.73560688     57.85670773     71.78731532
  162     86.67898367     59.68426841     72.63418668
  163     85.63479356     56.71321745     73.16923104
  164     85.58886003     57.76964794     69.23709409
  165     85.05259277     55.72632815     68.81307712
  166     86.90609172     58.67261925     67.79611576
  167     83.19249195     59.47611488     69.39848708
  168     83.31529749     61.20403655     70.63750202
  169     81.68408456     58.05137998     70.11750332
  170     82.34845221     60.43501026     66.67944605
  171     80.12376929     60.09427548     66.49412680
  172     83.27687351     60.03139489     64.72016731
  173     82.32581447     92.45150296     66.78571875
  174     81.99023542     93.27220134     64.75041061
  175     84.19619114     64.32624357     67.45383260
  176     79.96367096     93.32989752     68.44760311
  177     80.47671686     94.49810871     70.09786037
  178     78.41122377     91.71006518     69.17090066
  179     78.24170742     95.25575859     66.83362602
  180     79.20768050     96.81764879     66.08377298
  181     77.22046893     96.32084160     68.48525629
  182     75.98302790     94.10402607     65.83875106
  183     74.40440134     95.46517532     65.91165187
  184     75.36052717     92.47754902     66.95489392
  185     89.16573532     56.52097259     71.93430224
  186     91.15642614     57.45849605     71.65622760
  187     89.27188131     55.68791234     73.80040002
  188     89.49653076     54.85499709     99.62539607
  189     76.36142954     92.04033319     63.18612327
  190     75.92845287     90.16039341     63.75289075
  191     72.31800119     93.17665626     62.22732605
  192     78.40743981     92.37733111     62.62313983
  193     85.44121905     50.11128954     68.91186715
  194     83.36879036     49.82619228     69.28506709
  195     85.95191762     80.92433577     70.07473768
  196     86.82938029     47.51351465     69.75010254
  197     86.80819097     47.61241141     71.94606570
  198     88.95848439     76.30928671     69.73067687
  199     85.57903343     45.21385626     68.64651492
  200     86.01268417     45.35565102     66.59015918
  201     83.57195816     45.24472731     68.93899801
  202     86.29824931     42.55961748     69.61750873
  203     84.79617115     41.29578519     68.89974226
  204     86.30606872     42.61868858     71.63531351
  205     89.02109440     41.61624330     68.83819562
  206     88.82662955     39.46380768     69.44095012
  207     90.44727135     42.52007722     70.19504954
  208     88.99785778     41.98433079     66.10890647
  209     90.95820905     41.30973118     65.29131747
  210     88.84881802     44.03589969     65.66711118
  211     86.84809926     69.33530293     64.61527193
  212     85.09832279     70.45009498     64.44501771
  213     86.62776155     67.70178977     65.70438391
  214     87.73306818     68.81165278     61.80661201
  215     88.35612460     70.57264176     61.01017106
  216     85.97084666     68.20895013     61.02762499
  217     85.54368247     50.71809612     66.10932159
  218     86.45749500     52.34267263     36.50062286
  219     86.36856009     49.41499654     35.94907587
  220     83.55370668     50.99043311     65.78233149
  221     89.81557435     66.79481136     61.29312639
  222     89.77047002     66.59692400     59.23511812
  223     91.69675116     67.29117458     61.89298045
  224     89.56902341     64.98655439     62.13889050
  225     51.80610295     71.57902045     59.63239229
  226     52.95398723     72.18834199     57.80069661
  227     52.82554960     72.35608197     61.14469902
  228     49.08541788     43.93550303     59.89493743
  229     48.18426497     43.04039951     61.65144791
  230     47.93129714     42.83064607     58.46152011
  231     48.91570102     75.74136710     59.65626156
  232     49.87094744     76.44082896     57.78301925
  233     49.77454675     76.93646286     61.11634953
  234     46.05281490     76.50480473     59.97108472
  235     46.25856148     78.41842926     60.90585415
  236     45.58670363     75.12375960     61.58512136
  237     44.33700191     76.33277926     57.56320793
  238     42.83193195     74.95890191     58.12935508
  239     45.37222020     45.94370106     56.06920688
  240     43.20452601     78.67974931     56.46299369
  241     42.77975911     48.89882862     54.67503039
  242     44.58503456     51.33464754     56.04222089
  243     41.08242161     79.53908907     57.98063849
  244     40.08798079     78.13431515     59.00098332
  245     39.73162245     80.44585188     56.64572629
  246     41.38210653     81.80885615     59.94377135
  247     42.80410196     81.48349941     61.82182458
  248     39.72139458     82.26091816     60.76028345
  249     51.13976812     39.65354785     59.87796593
  250     49.33214567     39.25029465     61.33552947
  251     50.85202750     38.66158879     57.97691793
  252     52.90482102     38.50439916     60.71819784
  253     42.43320835     84.19750552     58.95382119
  254     43.31214211     84.22639302     57.01206484
  255     41.08343091     85.72147584     58.86554140
  256     43.87703978     85.46678877     89.28147687
  257     77.49166854     54.04944035     63.31470510
  258     76.71167149     52.17331630     62.94057942
  259     76.21573006     54.74669762     61.91108106
  260     77.28707712     54.91096426     65.98289317
  261     78.09468444     56.62487839     66.62301740
  262     78.61733043     53.73693599     67.30122152
  263     74.41028317     54.60917409     66.69741200
  264     73.15337411     53.26805676     65.56956675
  265     73.29366076     56.35726943     66.40816847
  266     74.00625647     54.38765964     69.58077302
  267     75.33817921     56.20766986     70.26639288
  268     74.74194453     52.60734481     70.43169239
  269     71.34140779     54.48578979     70.73649625
  270     71.07788612     53.26454764     72.19914604
  271     70.28678365     53.82202224     69.03376284
  272     70.58800218     56.91568688     72.00637951
  273     70.77171189     58.54727704     70.66179646
  274     71.94445973     57.51930412     73.57073766
  275     67.75478994     57.18649287     73.15038869
  276     67.58775469     55.90262336     74.92424273
  277     66.09405639     56.57965959     71.75747395
  278     67.22031513     59.95906917     74.00023559
  279     65.33325477     59.77744083     74.70861410
  280     66.63410746     60.86554993     72.24700806
  281     80.01662296     54.67222944     61.91082289
  282     80.64501486     56.50579316     62.53219473
  283     81.16902910     53.10335976     62.72756185
  284     79.94734179     54.36847389     59.86925203
  285     69.17119688     61.44207486     75.65728857
  286     70.70593900     62.43813869     74.49785597
  287     68.60047466     63.15390522     76.65466237
  288     69.79015640     59.99054080     77.17388688
  289     58.85141571     72.63500584     81.72202266
  290     60.32926316     73.66069907     80.70908993
  291     58.45379806     73.51360266     83.57567775
  292     56.27651120     72.74305266     79.96018835
  293     56.54023835     74.60448725     79.23579602
  294     54.42494348     72.73585078     81.15116489
  295     55.99009817     71.10210147     77.70864600
  296     56.51412759     68.92581840     78.34153953
  297     57.33641324     71.43072668     47.21866577
  298     53.23013914     71.37427559     47.74703833
  299     52.99032196     70.32875906     74.78645554
  300     52.63143363     73.47140290     47.58310765
  301     51.65128070     69.77383206     49.46787570
  302     52.31194993     70.01692902     51.43782311
  303     51.82537221     67.64980415     77.78815731
  304     49.08842532     71.09203960     49.56210829
  305     48.45685904     71.37116724     47.55416747
  306     49.45037596     72.86155789     50.45918599
  307     47.09906303     69.55339841     50.90169453
  308     45.75313376     70.61869555     52.23874090
  309     48.10839101     68.02863984     51.92617866
  310     45.43696856     68.01967326     48.91430315
  311     46.58778804     66.79788790     47.66234479
  312     44.69981057     69.06609289     47.36842782
  313     59.90035543     69.98009670     82.06430401
  314     61.17049305     69.23451068     80.29898147
  315     61.39837488     69.89010199     83.40571854
  316     58.65098253     68.34420166     82.37250553
  317     43.49134332     66.47346888     50.19933558
  318     42.03367127     67.64222882     50.90135601
  319     42.91621453     64.95219037     49.01157841
  320     44.38979647     65.53419086     51.88125861
  321     58.89215369     62.51030837     50.93277331
  322     59.29985327     64.51028112     51.44476859
  323     59.00297607     61.76482894     52.91170465
  324     55.97377306     62.24337853     79.48879176
  325     55.25471549     61.55185452     77.58034344
  326     55.29621409     64.19579182     79.62290667
  327     54.57544618     60.51642652     81.38685109
  328     55.30231780     58.70562893     81.05520670
  329     52.48207913     60.85659914     81.39898268
  330     55.32089063     61.07687423     84.28884172
  331     54.54146095     63.04372390     84.38790818
  332     57.33318589     60.84014819     84.51816657
  333     54.50332435     59.50472637     86.50635439
  334     54.61773807     57.55483695     85.78858893
  335     52.59524537     59.87329471     87.24445964
  336     56.49376437     60.06503152     88.48224057
  337     55.34204305     60.83728323     90.26840141
  338     57.96431866     61.62253936     87.87281696
  339     58.07928405     57.77189351     89.31696596
  340     57.79266852     56.17074416     88.10832927
  341     57.21850141     57.05531811     91.06460932
  342     60.69587608     58.12575432     90.17989283
  343     61.32738870     56.30668803     91.10922236
  344     60.99409784     59.76146759     91.65601465
  345     60.82273769     61.71177963     49.06006666
  346     60.93223302     62.83961354     47.32014507
  347     62.72401094     61.84729605     50.05234470
  348     60.59303950     59.65947404     48.31559409
  349     62.32896286     58.17205420     87.76872600
  350     64.36192079     57.53022947     87.80276557
  351     62.12518704     56.55571454     86.46341171
  352     62.56300896     60.00008849     86.87049464
 
 Total charge:     0.00000000

 Atomic gross charges (e)
 Atom           Charge
    1      -0.02762075
    2       0.08690654
    3       0.05021204
    4      -0.04457667
    5       0.06980388
    6      -0.00194904
    7      -0.26170879
    8       0.18115878
    9       0.00038773
   10      -0.19115885
   11       0.09527028
   12       0.03221621
   13      -0.22313248
   14       0.07698076
   15       0.04572803
   16      -0.19732814
   17       0.06207852
   18       0.06347517
   19      -0.09166860
   20       0.04834009
   21       0.04576500
   22      -0.06699752
   23       0.03594128
   24       0.04616806
   25      -0.20390454
   26       0.08800073
   27       0.07903022
   28       0.05613859
   29      -0.18810737
   30       0.06475131
   31       0.06476236
   32       0.04241066
   33      -0.05895993
   34       0.06630387
   35       0.00597768
   36      -0.10186430
   37       0.05072790
   38       0.06433194
   39      -0.08168758
   40       0.05528949
   41       0.02296571
   42      -0.11177693
   43       0.05008692
   44       0.06651746
   45      -0.14384058
   46       0.07408465
   47       0.05667335
   48      -0.10638233
   49       0.03472967
   50       0.05395172
   51      -0.08597693
   52       0.05160519
   53       0.06024651
   54      -0.09040343
   55       0.04797108
   56       0.06313690
   57      -0.19994971
   58       0.06094520
   59       0.06344729
   60       0.07119667
   61      -0.20274045
   62       0.05593244
   63       0.05992602
   64       0.05126807
   65      -0.13208365
   66       0.05894122
   67       0.07248393
   68      -0.14675840
   69       0.05737648
   70       0.05124399
   71      -0.13991174
   72       0.07821423
   73       0.08949911
   74      -0.11206722
   75       0.06812571
   76       0.05319644
   77      -0.00430170
   78       0.07705289
   79       0.06536414
   80      -0.13922917
   81       0.05177222
   82       0.04586260
   83      -0.13057308
   84       0.06386377
   85       0.07267043
   86      -0.10939923
   87       0.07931786
   88       0.07882889
   89      -0.20937067
   90       0.06815435
   91       0.06706829
   92       0.06905523
   93      -0.20034896
   94       0.04361534
   95       0.06291334
   96       0.05581199
   97      -0.10301585
   98       0.05168124
   99       0.06622616
  100      -0.11079122
  101       0.06803124
  102       0.06196518
  103      -0.12867335
  104       0.06363554
  105       0.03847488
  106      -0.13504553
  107       0.08988513
  108       0.06618683
  109      -0.08492966
  110       0.07404731
  111       0.02262489
  112      -0.10811107
  113       0.05530841
  114       0.06501136
  115      -0.12706656
  116       0.05769743
  117       0.04365935
  118      -0.13358791
  119       0.08772039
  120       0.06744831
  121      -0.18178879
  122       0.05644443
  123       0.05717722
  124       0.03632009
  125      -0.22977724
  126       0.06202091
  127       0.06707219
  128       0.08119689
  129      -0.10975669
  130       0.07298660
  131       0.06261815
  132      -0.11423491
  133       0.05677312
  134       0.03821211
  135      -0.09599053
  136       0.05232998
  137       0.05986241
  138      -0.12358011
  139       0.07629707
  140       0.03376150
  141      -0.07401558
  142       0.02760094
  143       0.04857713
  144      -0.09589457
  145       0.06911764
  146       0.05709341
  147      -0.12896182
  148       0.02598302
  149       0.06466145
  150      -0.07501475
  151       0.04490695
  152       0.04909264
  153      -0.20512348
  154       0.04760918
  155       0.07447479
  156       0.05987203
  157      -0.21726278
  158       0.09192267
  159       0.06686873
  160       0.05993480
  161      -0.07843608
  162       0.06683094
  163       0.04241798
  164      -0.09844581
  165       0.05966500
  166       0.06114526
  167      -0.09793355
  168       0.07181160
  169       0.04337836
  170      -0.11897070
  171       0.03985463
  172       0.06856539
  173      -0.10578844
  174       0.04084571
  175       0.05774628
  176      -0.11922489
  177       0.05693672
  178       0.04957228
  179      -0.10378774
  180       0.08734358
  181       0.02039846
  182      -0.13443993
  183       0.06722546
  184       0.06219240
  185      -0.19356641
  186       0.04351377
  187       0.05544740
  188       0.05609995
  189      -0.15944082
  190       0.07889322
  191       0.05989141
  192       0.07667662
  193      -0.07867434
  194       0.04624645
  195       0.04303981
  196      -0.10013170
  197       0.02499094
  198       0.05925464
  199      -0.11049594
  200       0.06098880
  201       0.05931448
  202      -0.13322652
  203       0.05803762
  204       0.05990774
  205      -0.09675924
  206       0.04116324
  207       0.06034961
  208      -0.08488872
  209       0.02412649
  210       0.05951477
  211      -0.13631874
  212       0.05885349
  213       0.08761756
  214      -0.11470396
  215       0.06618071
  216       0.06637412
  217      -0.23603318
  218       0.07210953
  219       0.08219291
  220       0.06875266
  221      -0.21275730
  222       0.06046476
  223       0.06716298
  224       0.07391191
  225      -0.11761408
  226       0.05030714
  227       0.07314012
  228      -0.10089071
  229       0.04836891
  230       0.04815991
  231      -0.09752327
  232       0.04084669
  233       0.05948738
  234      -0.12462487
  235       0.05502033
  236       0.05285093
  237      -0.07782190
  238       0.04768776
  239       0.02123102
  240      -0.08764020
  241       0.06964608
  242       0.05600042
  243      -0.09648428
  244       0.07380021
  245       0.04835524
  246      -0.08890553
  247       0.01689419
  248       0.07833872
  249      -0.16586375
  250       0.05225339
  251       0.06290958
  252       0.03671606
  253      -0.17807123
  254       0.05984727
  255       0.05443829
  256       0.02527358
  257      -0.12524667
  258       0.06374769
  259       0.06377587
  260      -0.08053733
  261       0.07969379
  262       0.03078124
  263      -0.11451295
  264       0.05525998
  265       0.05400205
  266      -0.09396127
  267       0.02029148
  268       0.04983735
  269      -0.12243437
  270       0.07751611
  271       0.06110821
  272      -0.09871485
  273       0.04262626
  274       0.05430604
  275      -0.09741817
  276       0.03890054
  277       0.04499588
  278      -0.11728925
  279       0.06410910
  280       0.05718290
  281      -0.22341522
  282       0.08406215
  283       0.05735887
  284       0.07339965
  285      -0.19518692
  286       0.07167534
  287       0.06849100
  288       0.06239895
  289      -0.10247773
  290       0.06869232
  291       0.06394977
  292      -0.11968362
  293       0.05983277
  294       0.05274123
  295      -0.07675812
  296       0.01983980
  297       0.05681673
  298      -0.09715058
  299       0.04098109
  300       0.05727966
  301      -0.10429349
  302       0.05782482
  303       0.05103346
  304      -0.10722361
  305       0.05078533
  306       0.06950610
  307      -0.10455865
  308       0.05363058
  309       0.05757851
  310      -0.11999955
  311       0.04844913
  312       0.06190011
  313      -0.19532943
  314       0.02598927
  315       0.06808980
  316       0.07336897
  317      -0.20651939
  318       0.07764596
  319       0.07183511
  320       0.04918495
  321      -0.10369288
  322       0.04402214
  323       0.06030789
  324      -0.10561518
  325       0.04742161
  326       0.05299138
  327      -0.14178905
  328       0.08011650
  329       0.06679676
  330      -0.15017733
  331       0.05677455
  332       0.08023369
  333      -0.09878774
  334       0.05850979
  335       0.06124425
  336      -0.08054311
  337       0.02978175
  338       0.04687603
  339      -0.11082013
  340       0.06679984
  341       0.04075204
  342      -0.05767399
  343       0.04305330
  344       0.05227505
  345      -0.17452121
  346       0.06399392
  347       0.05897218
  348       0.05038809
  349      -0.23812297
  350       0.04524292
  351       0.07584617
  352       0.07519702
 
Nr. of electrons (up):    682.00000000
Atom populations (up)
 Atom       Population
    1       4.02762075
    2       0.91309346
    3       0.94978796
    4       4.04457667
    5       0.93019612
    6       1.00194904
    7       4.26170879
    8       0.81884122
    9       0.99961227
   10       4.19115885
   11       0.90472972
   12       0.96778379
   13       4.22313248
   14       0.92301924
   15       0.95427197
   16       4.19732814
   17       0.93792148
   18       0.93652483
   19       4.09166860
   20       0.95165991
   21       0.95423500
   22       4.06699752
   23       0.96405872
   24       0.95383194
   25       4.20390454
   26       0.91199927
   27       0.92096978
   28       0.94386141
   29       4.18810737
   30       0.93524869
   31       0.93523764
   32       0.95758934
   33       4.05895993
   34       0.93369613
   35       0.99402232
   36       4.10186430
   37       0.94927210
   38       0.93566806
   39       4.08168758
   40       0.94471051
   41       0.97703429
   42       4.11177693
   43       0.94991308
   44       0.93348254
   45       4.14384058
   46       0.92591535
   47       0.94332665
   48       4.10638233
   49       0.96527033
   50       0.94604828
   51       4.08597693
   52       0.94839481
   53       0.93975349
   54       4.09040343
   55       0.95202892
   56       0.93686310
   57       4.19994971
   58       0.93905480
   59       0.93655271
   60       0.92880333
   61       4.20274045
   62       0.94406756
   63       0.94007398
   64       0.94873193
   65       4.13208365
   66       0.94105878
   67       0.92751607
   68       4.14675840
   69       0.94262352
   70       0.94875601
   71       4.13991174
   72       0.92178577
   73       0.91050089
   74       4.11206722
   75       0.93187429
   76       0.94680356
   77       4.00430170
   78       0.92294711
   79       0.93463586
   80       4.13922917
   81       0.94822778
   82       0.95413740
   83       4.13057308
   84       0.93613623
   85       0.92732957
   86       4.10939923
   87       0.92068214
   88       0.92117111
   89       4.20937067
   90       0.93184565
   91       0.93293171
   92       0.93094477
   93       4.20034896
   94       0.95638466
   95       0.93708666
   96       0.94418801
   97       4.10301585
   98       0.94831876
   99       0.93377384
  100       4.11079122
  101       0.93196876
  102       0.93803482
  103       4.12867335
  104       0.93636446
  105       0.96152512
  106       4.13504553
  107       0.91011487
  108       0.93381317
  109       4.08492966
  110       0.92595269
  111       0.97737511
  112       4.10811107
  113       0.94469159
  114       0.93498864
  115       4.12706656
  116       0.94230257
  117       0.95634065
  118       4.13358791
  119       0.91227961
  120       0.93255169
  121       4.18178879
  122       0.94355557
  123       0.94282278
  124       0.96367991
  125       4.22977724
  126       0.93797909
  127       0.93292781
  128       0.91880311
  129       4.10975669
  130       0.92701340
  131       0.93738185
  132       4.11423491
  133       0.94322688
  134       0.96178789
  135       4.09599053
  136       0.94767002
  137       0.94013759
  138       4.12358011
  139       0.92370293
  140       0.96623850
  141       4.07401558
  142       0.97239906
  143       0.95142287
  144       4.09589457
  145       0.93088236
  146       0.94290659
  147       4.12896182
  148       0.97401698
  149       0.93533855
  150       4.07501475
  151       0.95509305
  152       0.95090736
  153       4.20512348
  154       0.95239082
  155       0.92552521
  156       0.94012797
  157       4.21726278
  158       0.90807733
  159       0.93313127
  160       0.94006520
  161       4.07843608
  162       0.93316906
  163       0.95758202
  164       4.09844581
  165       0.94033500
  166       0.93885474
  167       4.09793355
  168       0.92818840
  169       0.95662164
  170       4.11897070
  171       0.96014537
  172       0.93143461
  173       4.10578844
  174       0.95915429
  175       0.94225372
  176       4.11922489
  177       0.94306328
  178       0.95042772
  179       4.10378774
  180       0.91265642
  181       0.97960154
  182       4.13443993
  183       0.93277454
  184       0.93780760
  185       4.19356641
  186       0.95648623
  187       0.94455260
  188       0.94390005
  189       4.15944082
  190       0.92110678
  191       0.94010859
  192       0.92332338
  193       4.07867434
  194       0.95375355
  195       0.95696019
  196       4.10013170
  197       0.97500906
  198       0.94074536
  199       4.11049594
  200       0.93901120
  201       0.94068552
  202       4.13322652
  203       0.94196238
  204       0.94009226
  205       4.09675924
  206       0.95883676
  207       0.93965039
  208       4.08488872
  209       0.97587351
  210       0.94048523
  211       4.13631874
  212       0.94114651
  213       0.91238244
  214       4.11470396
  215       0.93381929
  216       0.93362588
  217       4.23603318
  218       0.92789047
  219       0.91780709
  220       0.93124734
  221       4.21275730
  222       0.93953524
  223       0.93283702
  224       0.92608809
  225       4.11761408
  226       0.94969286
  227       0.92685988
  228       4.10089071
  229       0.95163109
  230       0.95184009
  231       4.09752327
  232       0.95915331
  233       0.94051262
  234       4.12462487
  235       0.94497967
  236       0.94714907
  237       4.07782190
  238       0.95231224
  239       0.97876898
  240       4.08764020
  241       0.93035392
  242       0.94399958
  243       4.09648428
  244       0.92619979
  245       0.95164476
  246       4.08890553
  247       0.98310581
  248       0.92166128
  249       4.16586375
  250       0.94774661
  251       0.93709042
  252       0.96328394
  253       4.17807123
  254       0.94015273
  255       0.94556171
  256       0.97472642
  257       4.12524667
  258       0.93625231
  259       0.93622413
  260       4.08053733
  261       0.92030621
  262       0.96921876
  263       4.11451295
  264       0.94474002
  265       0.94599795
  266       4.09396127
  267       0.97970852
  268       0.95016265
  269       4.12243437
  270       0.92248389
  271       0.93889179
  272       4.09871485
  273       0.95737374
  274       0.94569396
  275       4.09741817
  276       0.96109946
  277       0.95500412
  278       4.11728925
  279       0.93589090
  280       0.94281710
  281       4.22341522
  282       0.91593785
  283       0.94264113
  284       0.92660035
  285       4.19518692
  286       0.92832466
  287       0.93150900
  288       0.93760105
  289       4.10247773
  290       0.93130768
  291       0.93605023
  292       4.11968362
  293       0.94016723
  294       0.94725877
  295       4.07675812
  296       0.98016020
  297       0.94318327
  298       4.09715058
  299       0.95901891
  300       0.94272034
  301       4.10429349
  302       0.94217518
  303       0.94896654
  304       4.10722361
  305       0.94921467
  306       0.93049390
  307       4.10455865
  308       0.94636942
  309       0.94242149
  310       4.11999955
  311       0.95155087
  312       0.93809989
  313       4.19532943
  314       0.97401073
  315       0.93191020
  316       0.92663103
  317       4.20651939
  318       0.92235404
  319       0.92816489
  320       0.95081505
  321       4.10369288
  322       0.95597786
  323       0.93969211
  324       4.10561518
  325       0.95257839
  326       0.94700862
  327       4.14178905
  328       0.91988350
  329       0.93320324
  330       4.15017733
  331       0.94322545
  332       0.91976631
  333       4.09878774
  334       0.94149021
  335       0.93875575
  336       4.08054311
  337       0.97021825
  338       0.95312397
  339       4.11082013
  340       0.93320016
  341       0.95924796
  342       4.05767399
  343       0.95694670
  344       0.94772495
  345       4.17452121
  346       0.93600608
  347       0.94102782
  348       0.94961191
  349       4.23812297
  350       0.95475708
  351       0.92415383
  352       0.92480298
 
l-shell populations (up)
 Atom Sh.   l       Population
    1   1   0       1.20482329
    1   2   1       2.82279746
    2   1   0       0.91309346
    3   1   0       0.94978796
    4   1   0       1.22635592
    4   2   1       2.81822076
    5   1   0       0.93019612
    6   1   0       1.00194904
    7   1   0       1.26873212
    7   2   1       2.99297667
    8   1   0       0.81884122
    9   1   0       0.99961227
   10   1   0       1.30020542
   10   2   1       2.89095343
   11   1   0       0.90472972
   12   1   0       0.96778379
   13   1   0       1.26749968
   13   2   1       2.95563280
   14   1   0       0.92301924
   15   1   0       0.95427197
   16   1   0       1.28417851
   16   2   1       2.91314962
   17   1   0       0.93792148
   18   1   0       0.93652483
   19   1   0       1.22630519
   19   2   1       2.86536341
   20   1   0       0.95165991
   21   1   0       0.95423500
   22   1   0       1.23496024
   22   2   1       2.83203728
   23   1   0       0.96405872
   24   1   0       0.95383194
   25   1   0       1.26279443
   25   2   1       2.94111011
   26   1   0       0.91199927
   27   1   0       0.92096978
   28   1   0       0.94386141
   29   1   0       1.28877112
   29   2   1       2.89933625
   30   1   0       0.93524869
   31   1   0       0.93523764
   32   1   0       0.95758934
   33   1   0       1.22177241
   33   2   1       2.83718752
   34   1   0       0.93369613
   35   1   0       0.99402232
   36   1   0       1.21365998
   36   2   1       2.88820432
   37   1   0       0.94927210
   38   1   0       0.93566806
   39   1   0       1.24671568
   39   2   1       2.83497190
   40   1   0       0.94471051
   41   1   0       0.97703429
   42   1   0       1.28025713
   42   2   1       2.83151979
   43   1   0       0.94991308
   44   1   0       0.93348254
   45   1   0       1.26083734
   45   2   1       2.88300324
   46   1   0       0.92591535
   47   1   0       0.94332665
   48   1   0       1.22962268
   48   2   1       2.87675965
   49   1   0       0.96527033
   50   1   0       0.94604828
   51   1   0       1.21542283
   51   2   1       2.87055410
   52   1   0       0.94839481
   53   1   0       0.93975349
   54   1   0       1.23031357
   54   2   1       2.86008987
   55   1   0       0.95202892
   56   1   0       0.93686310
   57   1   0       1.26827266
   57   2   1       2.93167705
   58   1   0       0.93905480
   59   1   0       0.93655271
   60   1   0       0.92880333
   61   1   0       1.27061367
   61   2   1       2.93212678
   62   1   0       0.94406756
   63   1   0       0.94007398
   64   1   0       0.94873193
   65   1   0       1.24054401
   65   2   1       2.89153964
   66   1   0       0.94105878
   67   1   0       0.92751607
   68   1   0       1.25027076
   68   2   1       2.89648764
   69   1   0       0.94262352
   70   1   0       0.94875601
   71   1   0       1.25684974
   71   2   1       2.88306200
   72   1   0       0.92178577
   73   1   0       0.91050089
   74   1   0       1.23776686
   74   2   1       2.87430036
   75   1   0       0.93187429
   76   1   0       0.94680356
   77   1   0       1.20738299
   77   2   1       2.79691871
   78   1   0       0.92294711
   79   1   0       0.93463586
   80   1   0       1.30629727
   80   2   1       2.83293190
   81   1   0       0.94822778
   82   1   0       0.95413740
   83   1   0       1.27806261
   83   2   1       2.85251048
   84   1   0       0.93613623
   85   1   0       0.92732957
   86   1   0       1.24753747
   86   2   1       2.86186176
   87   1   0       0.92068214
   88   1   0       0.92117111
   89   1   0       1.28456408
   89   2   1       2.92480659
   90   1   0       0.93184565
   91   1   0       0.93293171
   92   1   0       0.93094477
   93   1   0       1.29664040
   93   2   1       2.90370856
   94   1   0       0.95638466
   95   1   0       0.93708666
   96   1   0       0.94418801
   97   1   0       1.25317913
   97   2   1       2.84983672
   98   1   0       0.94831876
   99   1   0       0.93377384
  100   1   0       1.25657307
  100   2   1       2.85421814
  101   1   0       0.93196876
  102   1   0       0.93803482
  103   1   0       1.23493612
  103   2   1       2.89373723
  104   1   0       0.93636446
  105   1   0       0.96152512
  106   1   0       1.24647479
  106   2   1       2.88857074
  107   1   0       0.91011487
  108   1   0       0.93381317
  109   1   0       1.24589772
  109   2   1       2.83903194
  110   1   0       0.92595269
  111   1   0       0.97737511
  112   1   0       1.25940986
  112   2   1       2.84870121
  113   1   0       0.94469159
  114   1   0       0.93498864
  115   1   0       1.27992809
  115   2   1       2.84713847
  116   1   0       0.94230257
  117   1   0       0.95634065
  118   1   0       1.24965155
  118   2   1       2.88393636
  119   1   0       0.91227961
  120   1   0       0.93255169
  121   1   0       1.26571426
  121   2   1       2.91607453
  122   1   0       0.94355557
  123   1   0       0.94282278
  124   1   0       0.96367991
  125   1   0       1.29797425
  125   2   1       2.93180299
  126   1   0       0.93797909
  127   1   0       0.93292781
  128   1   0       0.91880311
  129   1   0       1.23753695
  129   2   1       2.87221974
  130   1   0       0.92701340
  131   1   0       0.93738185
  132   1   0       1.27488645
  132   2   1       2.83934847
  133   1   0       0.94322688
  134   1   0       0.96178789
  135   1   0       1.26455791
  135   2   1       2.83143261
  136   1   0       0.94767002
  137   1   0       0.94013759
  138   1   0       1.26185601
  138   2   1       2.86172410
  139   1   0       0.92370293
  140   1   0       0.96623850
  141   1   0       1.25430214
  141   2   1       2.81971344
  142   1   0       0.97239906
  143   1   0       0.95142287
  144   1   0       1.23530042
  144   2   1       2.86059415
  145   1   0       0.93088236
  146   1   0       0.94290659
  147   1   0       1.25757526
  147   2   1       2.87138656
  148   1   0       0.97401698
  149   1   0       0.93533855
  150   1   0       1.23812740
  150   2   1       2.83688735
  151   1   0       0.95509305
  152   1   0       0.95090736
  153   1   0       1.25852683
  153   2   1       2.94659665
  154   1   0       0.95239082
  155   1   0       0.92552521
  156   1   0       0.94012797
  157   1   0       1.26805966
  157   2   1       2.94920311
  158   1   0       0.90807733
  159   1   0       0.93313127
  160   1   0       0.94006520
  161   1   0       1.20242550
  161   2   1       2.87601058
  162   1   0       0.93316906
  163   1   0       0.95758202
  164   1   0       1.24042162
  164   2   1       2.85802418
  165   1   0       0.94033500
  166   1   0       0.93885474
  167   1   0       1.26420445
  167   2   1       2.83372910
  168   1   0       0.92818840
  169   1   0       0.95662164
  170   1   0       1.28902180
  170   2   1       2.82994890
  171   1   0       0.96014537
  172   1   0       0.93143461
  173   1   0       1.28156475
  173   2   1       2.82422369
  174   1   0       0.95915429
  175   1   0       0.94225372
  176   1   0       1.28892515
  176   2   1       2.83029974
  177   1   0       0.94306328
  178   1   0       0.95042772
  179   1   0       1.23022837
  179   2   1       2.87355937
  180   1   0       0.91265642
  181   1   0       0.97960154
  182   1   0       1.25848394
  182   2   1       2.87595599
  183   1   0       0.93277454
  184   1   0       0.93780760
  185   1   0       1.25927020
  185   2   1       2.93429621
  186   1   0       0.95648623
  187   1   0       0.94455260
  188   1   0       0.94390005
  189   1   0       1.30285788
  189   2   1       2.85658295
  190   1   0       0.92110678
  191   1   0       0.94010859
  192   1   0       0.92332338
  193   1   0       1.25850484
  193   2   1       2.82016951
  194   1   0       0.95375355
  195   1   0       0.95696019
  196   1   0       1.25100607
  196   2   1       2.84912564
  197   1   0       0.97500906
  198   1   0       0.94074536
  199   1   0       1.22454422
  199   2   1       2.88595171
  200   1   0       0.93901120
  201   1   0       0.94068552
  202   1   0       1.24586016
  202   2   1       2.88736636
  203   1   0       0.94196238
  204   1   0       0.94009226
  205   1   0       1.24274965
  205   2   1       2.85400958
  206   1   0       0.95883676
  207   1   0       0.93965039
  208   1   0       1.24318078
  208   2   1       2.84170795
  209   1   0       0.97587351
  210   1   0       0.94048523
  211   1   0       1.25822198
  211   2   1       2.87809676
  212   1   0       0.94114651
  213   1   0       0.91238244
  214   1   0       1.23704122
  214   2   1       2.87766274
  215   1   0       0.93381929
  216   1   0       0.93362588
  217   1   0       1.24425423
  217   2   1       2.99177895
  218   1   0       0.92789047
  219   1   0       0.91780709
  220   1   0       0.93124734
  221   1   0       1.26027053
  221   2   1       2.95248677
  222   1   0       0.93953524
  223   1   0       0.93283702
  224   1   0       0.92608809
  225   1   0       1.26580078
  225   2   1       2.85181330
  226   1   0       0.94969286
  227   1   0       0.92685988
  228   1   0       1.25426018
  228   2   1       2.84663053
  229   1   0       0.95163109
  230   1   0       0.95184009
  231   1   0       1.24472907
  231   2   1       2.85279420
  232   1   0       0.95915331
  233   1   0       0.94051262
  234   1   0       1.26470040
  234   2   1       2.85992448
  235   1   0       0.94497967
  236   1   0       0.94714907
  237   1   0       1.24743484
  237   2   1       2.83038707
  238   1   0       0.95231224
  239   1   0       0.97876898
  240   1   0       1.20558591
  240   2   1       2.88205429
  241   1   0       0.93035392
  242   1   0       0.94399958
  243   1   0       1.22081813
  243   2   1       2.87566615
  244   1   0       0.92619979
  245   1   0       0.95164476
  246   1   0       1.23650848
  246   2   1       2.85239705
  247   1   0       0.98310581
  248   1   0       0.92166128
  249   1   0       1.31653316
  249   2   1       2.84933059
  250   1   0       0.94774661
  251   1   0       0.93709042
  252   1   0       0.96328394
  253   1   0       1.26597179
  253   2   1       2.91209944
  254   1   0       0.94015273
  255   1   0       0.94556171
  256   1   0       0.97472642
  257   1   0       1.21960316
  257   2   1       2.90564351
  258   1   0       0.93625231
  259   1   0       0.93622413
  260   1   0       1.22617306
  260   2   1       2.85436427
  261   1   0       0.92030621
  262   1   0       0.96921876
  263   1   0       1.25203698
  263   2   1       2.86247596
  264   1   0       0.94474002
  265   1   0       0.94599795
  266   1   0       1.25652112
  266   2   1       2.83744016
  267   1   0       0.97970852
  268   1   0       0.95016265
  269   1   0       1.21579928
  269   2   1       2.90663509
  270   1   0       0.92248389
  271   1   0       0.93889179
  272   1   0       1.24995860
  272   2   1       2.84875625
  273   1   0       0.95737374
  274   1   0       0.94569396
  275   1   0       1.27932421
  275   2   1       2.81809396
  276   1   0       0.96109946
  277   1   0       0.95500412
  278   1   0       1.23325719
  278   2   1       2.88403206
  279   1   0       0.93589090
  280   1   0       0.94281710
  281   1   0       1.27146795
  281   2   1       2.95194727
  282   1   0       0.91593785
  283   1   0       0.94264113
  284   1   0       0.92660035
  285   1   0       1.27858372
  285   2   1       2.91660319
  286   1   0       0.92832466
  287   1   0       0.93150900
  288   1   0       0.93760105
  289   1   0       1.25024808
  289   2   1       2.85222964
  290   1   0       0.93130768
  291   1   0       0.93605023
  292   1   0       1.24798040
  292   2   1       2.87170322
  293   1   0       0.94016723
  294   1   0       0.94725877
  295   1   0       1.23875020
  295   2   1       2.83800793
  296   1   0       0.98016020
  297   1   0       0.94318327
  298   1   0       1.25111685
  298   2   1       2.84603373
  299   1   0       0.95901891
  300   1   0       0.94272034
  301   1   0       1.24054497
  301   2   1       2.86374852
  302   1   0       0.94217518
  303   1   0       0.94896654
  304   1   0       1.22874173
  304   2   1       2.87848189
  305   1   0       0.94921467
  306   1   0       0.93049390
  307   1   0       1.24836982
  307   2   1       2.85618883
  308   1   0       0.94636942
  309   1   0       0.94242149
  310   1   0       1.22878412
  310   2   1       2.89121542
  311   1   0       0.95155087
  312   1   0       0.93809989
  313   1   0       1.26910142
  313   2   1       2.92622801
  314   1   0       0.97401073
  315   1   0       0.93191020
  316   1   0       0.92663103
  317   1   0       1.24811582
  317   2   1       2.95840357
  318   1   0       0.92235404
  319   1   0       0.92816489
  320   1   0       0.95081505
  321   1   0       1.22589101
  321   2   1       2.87780188
  322   1   0       0.95597786
  323   1   0       0.93969211
  324   1   0       1.24457269
  324   2   1       2.86104249
  325   1   0       0.95257839
  326   1   0       0.94700862
  327   1   0       1.25017595
  327   2   1       2.89161309
  328   1   0       0.91988350
  329   1   0       0.93320324
  330   1   0       1.24992226
  330   2   1       2.90025507
  331   1   0       0.94322545
  332   1   0       0.91976631
  333   1   0       1.22428325
  333   2   1       2.87450449
  334   1   0       0.94149021
  335   1   0       0.93875575
  336   1   0       1.25484789
  336   2   1       2.82569522
  337   1   0       0.97021825
  338   1   0       0.95312397
  339   1   0       1.21741845
  339   2   1       2.89340168
  340   1   0       0.93320016
  341   1   0       0.95924796
  342   1   0       1.22867147
  342   2   1       2.82900251
  343   1   0       0.95694670
  344   1   0       0.94772495
  345   1   0       1.26165241
  345   2   1       2.91286880
  346   1   0       0.93600608
  347   1   0       0.94102782
  348   1   0       0.94961191
  349   1   0       1.26794588
  349   2   1       2.97017709
  350   1   0       0.95475708
  351   1   0       0.92415383
  352   1   0       0.92480298
 
Orbital populations (up)
 Atom Sh.   l   m       Population  Label
    1   1   0   0       1.20482329  s
    1   2   1  -1       0.92933977  p_y
    1   2   1   0       0.98165743  p_z
    1   2   1   1       0.91180026  p_x
    2   1   0   0       0.91309346  s
    3   1   0   0       0.94978796  s
    4   1   0   0       1.22635592  s
    4   2   1  -1       0.97598382  p_y
    4   2   1   0       0.93949895  p_z
    4   2   1   1       0.90273799  p_x
    5   1   0   0       0.93019612  s
    6   1   0   0       1.00194904  s
    7   1   0   0       1.26873212  s
    7   2   1  -1       1.03195401  p_y
    7   2   1   0       0.93100597  p_z
    7   2   1   1       1.03001670  p_x
    8   1   0   0       0.81884122  s
    9   1   0   0       0.99961227  s
   10   1   0   0       1.30020542  s
   10   2   1  -1       0.95086468  p_y
   10   2   1   0       0.98552828  p_z
   10   2   1   1       0.95456048  p_x
   11   1   0   0       0.90472972  s
   12   1   0   0       0.96778379  s
   13   1   0   0       1.26749968  s
   13   2   1  -1       0.96811522  p_y
   13   2   1   0       1.01516690  p_z
   13   2   1   1       0.97235068  p_x
   14   1   0   0       0.92301924  s
   15   1   0   0       0.95427197  s
   16   1   0   0       1.28417851  s
   16   2   1  -1       0.98294745  p_y
   16   2   1   0       0.95675719  p_z
   16   2   1   1       0.97344498  p_x
   17   1   0   0       0.93792148  s
   18   1   0   0       0.93652483  s
   19   1   0   0       1.22630519  s
   19   2   1  -1       0.93453712  p_y
   19   2   1   0       0.96652414  p_z
   19   2   1   1       0.96430215  p_x
   20   1   0   0       0.95165991  s
   21   1   0   0       0.95423500  s
   22   1   0   0       1.23496024  s
   22   2   1  -1       0.95415384  p_y
   22   2   1   0       0.94633177  p_z
   22   2   1   1       0.93155167  p_x
   23   1   0   0       0.96405872  s
   24   1   0   0       0.95383194  s
   25   1   0   0       1.26279443  s
   25   2   1  -1       0.95881602  p_y
   25   2   1   0       1.01459733  p_z
   25   2   1   1       0.96769676  p_x
   26   1   0   0       0.91199927  s
   27   1   0   0       0.92096978  s
   28   1   0   0       0.94386141  s
   29   1   0   0       1.28877112  s
   29   2   1  -1       0.96294758  p_y
   29   2   1   0       0.95690592  p_z
   29   2   1   1       0.97948276  p_x
   30   1   0   0       0.93524869  s
   31   1   0   0       0.93523764  s
   32   1   0   0       0.95758934  s
   33   1   0   0       1.22177241  s
   33   2   1  -1       0.96076443  p_y
   33   2   1   0       0.91463939  p_z
   33   2   1   1       0.96178370  p_x
   34   1   0   0       0.93369613  s
   35   1   0   0       0.99402232  s
   36   1   0   0       1.21365998  s
   36   2   1  -1       0.96866572  p_y
   36   2   1   0       0.92442003  p_z
   36   2   1   1       0.99511858  p_x
   37   1   0   0       0.94927210  s
   38   1   0   0       0.93566806  s
   39   1   0   0       1.24671568  s
   39   2   1  -1       0.93926047  p_y
   39   2   1   0       0.95450228  p_z
   39   2   1   1       0.94120915  p_x
   40   1   0   0       0.94471051  s
   41   1   0   0       0.97703429  s
   42   1   0   0       1.28025713  s
   42   2   1  -1       0.93138471  p_y
   42   2   1   0       0.97657356  p_z
   42   2   1   1       0.92356151  p_x
   43   1   0   0       0.94991308  s
   44   1   0   0       0.93348254  s
   45   1   0   0       1.26083734  s
   45   2   1  -1       0.96571476  p_y
   45   2   1   0       0.97210747  p_z
   45   2   1   1       0.94518100  p_x
   46   1   0   0       0.92591535  s
   47   1   0   0       0.94332665  s
   48   1   0   0       1.22962268  s
   48   2   1  -1       0.97548504  p_y
   48   2   1   0       0.96886347  p_z
   48   2   1   1       0.93241114  p_x
   49   1   0   0       0.96527033  s
   50   1   0   0       0.94604828  s
   51   1   0   0       1.21542283  s
   51   2   1  -1       0.95698810  p_y
   51   2   1   0       0.96367593  p_z
   51   2   1   1       0.94989006  p_x
   52   1   0   0       0.94839481  s
   53   1   0   0       0.93975349  s
   54   1   0   0       1.23031357  s
   54   2   1  -1       0.97182870  p_y
   54   2   1   0       0.99124037  p_z
   54   2   1   1       0.89702079  p_x
   55   1   0   0       0.95202892  s
   56   1   0   0       0.93686310  s
   57   1   0   0       1.26827266  s
   57   2   1  -1       0.97797016  p_y
   57   2   1   0       0.99614627  p_z
   57   2   1   1       0.95756063  p_x
   58   1   0   0       0.93905480  s
   59   1   0   0       0.93655271  s
   60   1   0   0       0.92880333  s
   61   1   0   0       1.27061367  s
   61   2   1  -1       1.01280591  p_y
   61   2   1   0       0.97436145  p_z
   61   2   1   1       0.94495943  p_x
   62   1   0   0       0.94406756  s
   63   1   0   0       0.94007398  s
   64   1   0   0       0.94873193  s
   65   1   0   0       1.24054401  s
   65   2   1  -1       0.93299685  p_y
   65   2   1   0       0.94420067  p_z
   65   2   1   1       1.01434212  p_x
   66   1   0   0       0.94105878  s
   67   1   0   0       0.92751607  s
   68   1   0   0       1.25027076  s
   68   2   1  -1       0.95602906  p_y
   68   2   1   0       1.00394948  p_z
   68   2   1   1       0.93650910  p_x
   69   1   0   0       0.94262352  s
   70   1   0   0       0.94875601  s
   71   1   0   0       1.25684974  s
   71   2   1  -1       0.98425918  p_y
   71   2   1   0       0.97169483  p_z
   71   2   1   1       0.92710800  p_x
   72   1   0   0       0.92178577  s
   73   1   0   0       0.91050089  s
   74   1   0   0       1.23776686  s
   74   2   1  -1       0.93711743  p_y
   74   2   1   0       0.94788284  p_z
   74   2   1   1       0.98930009  p_x
   75   1   0   0       0.93187429  s
   76   1   0   0       0.94680356  s
   77   1   0   0       1.20738299  s
   77   2   1  -1       0.91369054  p_y
   77   2   1   0       0.94968300  p_z
   77   2   1   1       0.93354517  p_x
   78   1   0   0       0.92294711  s
   79   1   0   0       0.93463586  s
   80   1   0   0       1.30629727  s
   80   2   1  -1       0.95191197  p_y
   80   2   1   0       0.95224664  p_z
   80   2   1   1       0.92877328  p_x
   81   1   0   0       0.94822778  s
   82   1   0   0       0.95413740  s
   83   1   0   0       1.27806261  s
   83   2   1  -1       0.94003607  p_y
   83   2   1   0       0.95068236  p_z
   83   2   1   1       0.96179204  p_x
   84   1   0   0       0.93613623  s
   85   1   0   0       0.92732957  s
   86   1   0   0       1.24753747  s
   86   2   1  -1       0.92686141  p_y
   86   2   1   0       0.97719739  p_z
   86   2   1   1       0.95780296  p_x
   87   1   0   0       0.92068214  s
   88   1   0   0       0.92117111  s
   89   1   0   0       1.28456408  s
   89   2   1  -1       0.96268906  p_y
   89   2   1   0       1.00391298  p_z
   89   2   1   1       0.95820455  p_x
   90   1   0   0       0.93184565  s
   91   1   0   0       0.93293171  s
   92   1   0   0       0.93094477  s
   93   1   0   0       1.29664040  s
   93   2   1  -1       1.00922507  p_y
   93   2   1   0       0.94007507  p_z
   93   2   1   1       0.95440843  p_x
   94   1   0   0       0.95638466  s
   95   1   0   0       0.93708666  s
   96   1   0   0       0.94418801  s
   97   1   0   0       1.25317913  s
   97   2   1  -1       0.94750247  p_y
   97   2   1   0       0.94751263  p_z
   97   2   1   1       0.95482162  p_x
   98   1   0   0       0.94831876  s
   99   1   0   0       0.93377384  s
  100   1   0   0       1.25657307  s
  100   2   1  -1       0.95003526  p_y
  100   2   1   0       0.94605007  p_z
  100   2   1   1       0.95813282  p_x
  101   1   0   0       0.93196876  s
  102   1   0   0       0.93803482  s
  103   1   0   0       1.23493612  s
  103   2   1  -1       0.97985885  p_y
  103   2   1   0       0.96671920  p_z
  103   2   1   1       0.94715918  p_x
  104   1   0   0       0.93636446  s
  105   1   0   0       0.96152512  s
  106   1   0   0       1.24647479  s
  106   2   1  -1       0.94877833  p_y
  106   2   1   0       0.96276729  p_z
  106   2   1   1       0.97702512  p_x
  107   1   0   0       0.91011487  s
  108   1   0   0       0.93381317  s
  109   1   0   0       1.24589772  s
  109   2   1  -1       0.95542507  p_y
  109   2   1   0       0.93532342  p_z
  109   2   1   1       0.94828345  p_x
  110   1   0   0       0.92595269  s
  111   1   0   0       0.97737511  s
  112   1   0   0       1.25940986  s
  112   2   1  -1       0.97754642  p_y
  112   2   1   0       0.94683759  p_z
  112   2   1   1       0.92431720  p_x
  113   1   0   0       0.94469159  s
  114   1   0   0       0.93498864  s
  115   1   0   0       1.27992809  s
  115   2   1  -1       1.00553740  p_y
  115   2   1   0       0.93256715  p_z
  115   2   1   1       0.90903391  p_x
  116   1   0   0       0.94230257  s
  117   1   0   0       0.95634065  s
  118   1   0   0       1.24965155  s
  118   2   1  -1       0.97841224  p_y
  118   2   1   0       0.95012224  p_z
  118   2   1   1       0.95540189  p_x
  119   1   0   0       0.91227961  s
  120   1   0   0       0.93255169  s
  121   1   0   0       1.26571426  s
  121   2   1  -1       0.95254558  p_y
  121   2   1   0       0.99187063  p_z
  121   2   1   1       0.97165831  p_x
  122   1   0   0       0.94355557  s
  123   1   0   0       0.94282278  s
  124   1   0   0       0.96367991  s
  125   1   0   0       1.29797425  s
  125   2   1  -1       0.96531218  p_y
  125   2   1   0       0.97827038  p_z
  125   2   1   1       0.98822043  p_x
  126   1   0   0       0.93797909  s
  127   1   0   0       0.93292781  s
  128   1   0   0       0.91880311  s
  129   1   0   0       1.23753695  s
  129   2   1  -1       0.99332782  p_y
  129   2   1   0       0.93858713  p_z
  129   2   1   1       0.94030479  p_x
  130   1   0   0       0.92701340  s
  131   1   0   0       0.93738185  s
  132   1   0   0       1.27488645  s
  132   2   1  -1       0.96247784  p_y
  132   2   1   0       0.92828697  p_z
  132   2   1   1       0.94858365  p_x
  133   1   0   0       0.94322688  s
  134   1   0   0       0.96178789  s
  135   1   0   0       1.26455791  s
  135   2   1  -1       0.95119504  p_y
  135   2   1   0       0.93889485  p_z
  135   2   1   1       0.94134272  p_x
  136   1   0   0       0.94767002  s
  137   1   0   0       0.94013759  s
  138   1   0   0       1.26185601  s
  138   2   1  -1       0.91632147  p_y
  138   2   1   0       0.96016039  p_z
  138   2   1   1       0.98524224  p_x
  139   1   0   0       0.92370293  s
  140   1   0   0       0.96623850  s
  141   1   0   0       1.25430214  s
  141   2   1  -1       0.95158791  p_y
  141   2   1   0       0.94527661  p_z
  141   2   1   1       0.92284892  p_x
  142   1   0   0       0.97239906  s
  143   1   0   0       0.95142287  s
  144   1   0   0       1.23530042  s
  144   2   1  -1       0.94547491  p_y
  144   2   1   0       0.95565494  p_z
  144   2   1   1       0.95946430  p_x
  145   1   0   0       0.93088236  s
  146   1   0   0       0.94290659  s
  147   1   0   0       1.25757526  s
  147   2   1  -1       0.91716027  p_y
  147   2   1   0       0.98569758  p_z
  147   2   1   1       0.96852871  p_x
  148   1   0   0       0.97401698  s
  149   1   0   0       0.93533855  s
  150   1   0   0       1.23812740  s
  150   2   1  -1       0.92725403  p_y
  150   2   1   0       0.94191275  p_z
  150   2   1   1       0.96772058  p_x
  151   1   0   0       0.95509305  s
  152   1   0   0       0.95090736  s
  153   1   0   0       1.25852683  s
  153   2   1  -1       1.01382212  p_y
  153   2   1   0       0.99588875  p_z
  153   2   1   1       0.93688578  p_x
  154   1   0   0       0.95239082  s
  155   1   0   0       0.92552521  s
  156   1   0   0       0.94012797  s
  157   1   0   0       1.26805966  s
  157   2   1  -1       0.98443383  p_y
  157   2   1   0       0.97048933  p_z
  157   2   1   1       0.99427995  p_x
  158   1   0   0       0.90807733  s
  159   1   0   0       0.93313127  s
  160   1   0   0       0.94006520  s
  161   1   0   0       1.20242550  s
  161   2   1  -1       0.96906544  p_y
  161   2   1   0       0.95089806  p_z
  161   2   1   1       0.95604708  p_x
  162   1   0   0       0.93316906  s
  163   1   0   0       0.95758202  s
  164   1   0   0       1.24042162  s
  164   2   1  -1       0.94340910  p_y
  164   2   1   0       0.96207204  p_z
  164   2   1   1       0.95254305  p_x
  165   1   0   0       0.94033500  s
  166   1   0   0       0.93885474  s
  167   1   0   0       1.26420445  s
  167   2   1  -1       0.93295936  p_y
  167   2   1   0       0.93374999  p_z
  167   2   1   1       0.96701975  p_x
  168   1   0   0       0.92818840  s
  169   1   0   0       0.95662164  s
  170   1   0   0       1.28902180  s
  170   2   1  -1       0.95303596  p_y
  170   2   1   0       0.91528938  p_z
  170   2   1   1       0.96162356  p_x
  171   1   0   0       0.96014537  s
  172   1   0   0       0.93143461  s
  173   1   0   0       1.28156475  s
  173   2   1  -1       0.93948101  p_y
  173   2   1   0       0.95178133  p_z
  173   2   1   1       0.93296135  p_x
  174   1   0   0       0.95915429  s
  175   1   0   0       0.94225372  s
  176   1   0   0       1.28892515  s
  176   2   1  -1       0.94724846  p_y
  176   2   1   0       0.95571983  p_z
  176   2   1   1       0.92733145  p_x
  177   1   0   0       0.94306328  s
  178   1   0   0       0.95042772  s
  179   1   0   0       1.23022837  s
  179   2   1  -1       0.95404030  p_y
  179   2   1   0       0.97814519  p_z
  179   2   1   1       0.94137388  p_x
  180   1   0   0       0.91265642  s
  181   1   0   0       0.97960154  s
  182   1   0   0       1.25848394  s
  182   2   1  -1       0.92656819  p_y
  182   2   1   0       0.99795302  p_z
  182   2   1   1       0.95143478  p_x
  183   1   0   0       0.93277454  s
  184   1   0   0       0.93780760  s
  185   1   0   0       1.25927020  s
  185   2   1  -1       0.99572772  p_y
  185   2   1   0       1.00203535  p_z
  185   2   1   1       0.93653313  p_x
  186   1   0   0       0.95648623  s
  187   1   0   0       0.94455260  s
  188   1   0   0       0.94390005  s
  189   1   0   0       1.30285788  s
  189   2   1  -1       0.97267422  p_y
  189   2   1   0       0.94664875  p_z
  189   2   1   1       0.93725998  p_x
  190   1   0   0       0.92110678  s
  191   1   0   0       0.94010859  s
  192   1   0   0       0.92332338  s
  193   1   0   0       1.25850484  s
  193   2   1  -1       0.91738695  p_y
  193   2   1   0       0.93128325  p_z
  193   2   1   1       0.97149930  p_x
  194   1   0   0       0.95375355  s
  195   1   0   0       0.95696019  s
  196   1   0   0       1.25100607  s
  196   2   1  -1       0.91983748  p_y
  196   2   1   0       0.97046258  p_z
  196   2   1   1       0.95882557  p_x
  197   1   0   0       0.97500906  s
  198   1   0   0       0.94074536  s
  199   1   0   0       1.22454422  s
  199   2   1  -1       0.91928385  p_y
  199   2   1   0       0.98749563  p_z
  199   2   1   1       0.97917223  p_x
  200   1   0   0       0.93901120  s
  201   1   0   0       0.94068552  s
  202   1   0   0       1.24586016  s
  202   2   1  -1       0.95151699  p_y
  202   2   1   0       0.98187434  p_z
  202   2   1   1       0.95397503  p_x
  203   1   0   0       0.94196238  s
  204   1   0   0       0.94009226  s
  205   1   0   0       1.24274965  s
  205   2   1  -1       0.96814769  p_y
  205   2   1   0       0.93754355  p_z
  205   2   1   1       0.94831834  p_x
  206   1   0   0       0.95883676  s
  207   1   0   0       0.93965039  s
  208   1   0   0       1.24318078  s
  208   2   1  -1       0.96106382  p_y
  208   2   1   0       0.93381480  p_z
  208   2   1   1       0.94682933  p_x
  209   1   0   0       0.97587351  s
  210   1   0   0       0.94048523  s
  211   1   0   0       1.25822198  s
  211   2   1  -1       0.98238938  p_y
  211   2   1   0       0.93539118  p_z
  211   2   1   1       0.96031620  p_x
  212   1   0   0       0.94114651  s
  213   1   0   0       0.91238244  s
  214   1   0   0       1.23704122  s
  214   2   1  -1       0.95877225  p_y
  214   2   1   0       0.97203564  p_z
  214   2   1   1       0.94685485  p_x
  215   1   0   0       0.93381929  s
  216   1   0   0       0.93362588  s
  217   1   0   0       1.24425423  s
  217   2   1  -1       1.02445607  p_y
  217   2   1   0       0.96890622  p_z
  217   2   1   1       0.99841666  p_x
  218   1   0   0       0.92789047  s
  219   1   0   0       0.91780709  s
  220   1   0   0       0.93124734  s
  221   1   0   0       1.26027053  s
  221   2   1  -1       0.98369448  p_y
  221   2   1   0       0.99148188  p_z
  221   2   1   1       0.97731040  p_x
  222   1   0   0       0.93953524  s
  223   1   0   0       0.93283702  s
  224   1   0   0       0.92608809  s
  225   1   0   0       1.26580078  s
  225   2   1  -1       0.91816054  p_y
  225   2   1   0       0.97472882  p_z
  225   2   1   1       0.95892394  p_x
  226   1   0   0       0.94969286  s
  227   1   0   0       0.92685988  s
  228   1   0   0       1.25426018  s
  228   2   1  -1       0.90876593  p_y
  228   2   1   0       0.98902960  p_z
  228   2   1   1       0.94883500  p_x
  229   1   0   0       0.95163109  s
  230   1   0   0       0.95184009  s
  231   1   0   0       1.24472907  s
  231   2   1  -1       0.92390709  p_y
  231   2   1   0       0.97034008  p_z
  231   2   1   1       0.95854702  p_x
  232   1   0   0       0.95915331  s
  233   1   0   0       0.94051262  s
  234   1   0   0       1.26470040  s
  234   2   1  -1       0.96899214  p_y
  234   2   1   0       0.94928308  p_z
  234   2   1   1       0.94164926  p_x
  235   1   0   0       0.94497967  s
  236   1   0   0       0.94714907  s
  237   1   0   0       1.24743484  s
  237   2   1  -1       0.93636718  p_y
  237   2   1   0       0.92625280  p_z
  237   2   1   1       0.96776709  p_x
  238   1   0   0       0.95231224  s
  239   1   0   0       0.97876898  s
  240   1   0   0       1.20558591  s
  240   2   1  -1       0.92875801  p_y
  240   2   1   0       0.98263039  p_z
  240   2   1   1       0.97066589  p_x
  241   1   0   0       0.93035392  s
  242   1   0   0       0.94399958  s
  243   1   0   0       1.22081813  s
  243   2   1  -1       0.95235049  p_y
  243   2   1   0       0.94300491  p_z
  243   2   1   1       0.98031075  p_x
  244   1   0   0       0.92619979  s
  245   1   0   0       0.95164476  s
  246   1   0   0       1.23650848  s
  246   2   1  -1       0.93088027  p_y
  246   2   1   0       0.94394444  p_z
  246   2   1   1       0.97757234  p_x
  247   1   0   0       0.98310581  s
  248   1   0   0       0.92166128  s
  249   1   0   0       1.31653316  s
  249   2   1  -1       0.92689088  p_y
  249   2   1   0       0.96543455  p_z
  249   2   1   1       0.95700516  p_x
  250   1   0   0       0.94774661  s
  251   1   0   0       0.93709042  s
  252   1   0   0       0.96328394  s
  253   1   0   0       1.26597179  s
  253   2   1  -1       0.94627451  p_y
  253   2   1   0       0.96598192  p_z
  253   2   1   1       0.99984301  p_x
  254   1   0   0       0.94015273  s
  255   1   0   0       0.94556171  s
  256   1   0   0       0.97472642  s
  257   1   0   0       1.21960316  s
  257   2   1  -1       1.01864074  p_y
  257   2   1   0       0.91396103  p_z
  257   2   1   1       0.97304174  p_x
  258   1   0   0       0.93625231  s
  259   1   0   0       0.93622413  s
  260   1   0   0       1.22617306  s
  260   2   1  -1       1.00790565  p_y
  260   2   1   0       0.93399738  p_z
  260   2   1   1       0.91246123  p_x
  261   1   0   0       0.92030621  s
  262   1   0   0       0.96921876  s
  263   1   0   0       1.25203698  s
  263   2   1  -1       1.00296583  p_y
  263   2   1   0       0.93866818  p_z
  263   2   1   1       0.92084195  p_x
  264   1   0   0       0.94474002  s
  265   1   0   0       0.94599795  s
  266   1   0   0       1.25652112  s
  266   2   1  -1       0.95237427  p_y
  266   2   1   0       0.93957033  p_z
  266   2   1   1       0.94549555  p_x
  267   1   0   0       0.97970852  s
  268   1   0   0       0.95016265  s
  269   1   0   0       1.21579928  s
  269   2   1  -1       0.99102110  p_y
  269   2   1   0       0.94170000  p_z
  269   2   1   1       0.97391399  p_x
  270   1   0   0       0.92248389  s
  271   1   0   0       0.93889179  s
  272   1   0   0       1.24995860  s
  272   2   1  -1       0.94790469  p_y
  272   2   1   0       0.96493926  p_z
  272   2   1   1       0.93591230  p_x
  273   1   0   0       0.95737374  s
  274   1   0   0       0.94569396  s
  275   1   0   0       1.27932421  s
  275   2   1  -1       0.94453059  p_y
  275   2   1   0       0.95145358  p_z
  275   2   1   1       0.92210979  p_x
  276   1   0   0       0.96109946  s
  277   1   0   0       0.95500412  s
  278   1   0   0       1.23325719  s
  278   2   1  -1       0.94272587  p_y
  278   2   1   0       0.98038297  p_z
  278   2   1   1       0.96092323  p_x
  279   1   0   0       0.93589090  s
  280   1   0   0       0.94281710  s
  281   1   0   0       1.27146795  s
  281   2   1  -1       0.97620256  p_y
  281   2   1   0       0.96449232  p_z
  281   2   1   1       1.01125239  p_x
  282   1   0   0       0.91593785  s
  283   1   0   0       0.94264113  s
  284   1   0   0       0.92660035  s
  285   1   0   0       1.27858372  s
  285   2   1  -1       0.94299256  p_y
  285   2   1   0       0.97192280  p_z
  285   2   1   1       1.00168783  p_x
  286   1   0   0       0.92832466  s
  287   1   0   0       0.93150900  s
  288   1   0   0       0.93760105  s
  289   1   0   0       1.25024808  s
  289   2   1  -1       0.95120321  p_y
  289   2   1   0       0.95595297  p_z
  289   2   1   1       0.94507347  p_x
  290   1   0   0       0.93130768  s
  291   1   0   0       0.93605023  s
  292   1   0   0       1.24798040  s
  292   2   1  -1       1.00220487  p_y
  292   2   1   0       0.94155149  p_z
  292   2   1   1       0.92794686  p_x
  293   1   0   0       0.94016723  s
  294   1   0   0       0.94725877  s
  295   1   0   0       1.23875020  s
  295   2   1  -1       0.95060268  p_y
  295   2   1   0       0.94196458  p_z
  295   2   1   1       0.94544066  p_x
  296   1   0   0       0.98016020  s
  297   1   0   0       0.94318327  s
  298   1   0   0       1.25111685  s
  298   2   1  -1       0.93485586  p_y
  298   2   1   0       0.96472627  p_z
  298   2   1   1       0.94645161  p_x
  299   1   0   0       0.95901891  s
  300   1   0   0       0.94272034  s
  301   1   0   0       1.24054497  s
  301   2   1  -1       0.93269311  p_y
  301   2   1   0       0.96598635  p_z
  301   2   1   1       0.96506906  p_x
  302   1   0   0       0.94217518  s
  303   1   0   0       0.94896654  s
  304   1   0   0       1.22874173  s
  304   2   1  -1       0.97616974  p_y
  304   2   1   0       0.96719305  p_z
  304   2   1   1       0.93511910  p_x
  305   1   0   0       0.94921467  s
  306   1   0   0       0.93049390  s
  307   1   0   0       1.24836982  s
  307   2   1  -1       0.95588697  p_y
  307   2   1   0       0.96200743  p_z
  307   2   1   1       0.93829443  p_x
  308   1   0   0       0.94636942  s
  309   1   0   0       0.94242149  s
  310   1   0   0       1.22878412  s
  310   2   1  -1       0.98504851  p_y
  310   2   1   0       0.93617003  p_z
  310   2   1   1       0.96999689  p_x
  311   1   0   0       0.95155087  s
  312   1   0   0       0.93809989  s
  313   1   0   0       1.26910142  s
  313   2   1  -1       0.94512295  p_y
  313   2   1   0       1.00655091  p_z
  313   2   1   1       0.97455415  p_x
  314   1   0   0       0.97401073  s
  315   1   0   0       0.93191020  s
  316   1   0   0       0.92663103  s
  317   1   0   0       1.24811582  s
  317   2   1  -1       0.97675276  p_y
  317   2   1   0       0.98741913  p_z
  317   2   1   1       0.99423169  p_x
  318   1   0   0       0.92235404  s
  319   1   0   0       0.92816489  s
  320   1   0   0       0.95081505  s
  321   1   0   0       1.22589101  s
  321   2   1  -1       0.99872066  p_y
  321   2   1   0       0.96772768  p_z
  321   2   1   1       0.91135354  p_x
  322   1   0   0       0.95597786  s
  323   1   0   0       0.93969211  s
  324   1   0   0       1.24457269  s
  324   2   1  -1       0.96549476  p_y
  324   2   1   0       0.96444193  p_z
  324   2   1   1       0.93110580  p_x
  325   1   0   0       0.95257839  s
  326   1   0   0       0.94700862  s
  327   1   0   0       1.25017595  s
  327   2   1  -1       0.99692131  p_y
  327   2   1   0       0.93625424  p_z
  327   2   1   1       0.95843754  p_x
  328   1   0   0       0.91988350  s
  329   1   0   0       0.93320324  s
  330   1   0   0       1.24992226  s
  330   2   1  -1       0.98814011  p_y
  330   2   1   0       0.91841576  p_z
  330   2   1   1       0.99369919  p_x
  331   1   0   0       0.94322545  s
  332   1   0   0       0.91976631  s
  333   1   0   0       1.22428325  s
  333   2   1  -1       0.98207094  p_y
  333   2   1   0       0.94161022  p_z
  333   2   1   1       0.95082333  p_x
  334   1   0   0       0.94149021  s
  335   1   0   0       0.93875575  s
  336   1   0   0       1.25484789  s
  336   2   1  -1       0.95576191  p_y
  336   2   1   0       0.94953799  p_z
  336   2   1   1       0.92039532  p_x
  337   1   0   0       0.97021825  s
  338   1   0   0       0.95312397  s
  339   1   0   0       1.21741845  s
  339   2   1  -1       0.95865689  p_y
  339   2   1   0       0.98569018  p_z
  339   2   1   1       0.94905461  p_x
  340   1   0   0       0.93320016  s
  341   1   0   0       0.95924796  s
  342   1   0   0       1.22867147  s
  342   2   1  -1       0.96008764  p_y
  342   2   1   0       0.92702931  p_z
  342   2   1   1       0.94188557  p_x
  343   1   0   0       0.95694670  s
  344   1   0   0       0.94772495  s
  345   1   0   0       1.26165241  s
  345   2   1  -1       0.98054943  p_y
  345   2   1   0       0.95548079  p_z
  345   2   1   1       0.97683859  p_x
  346   1   0   0       0.93600608  s
  347   1   0   0       0.94102782  s
  348   1   0   0       0.94961191  s
  349   1   0   0       1.26794588  s
  349   2   1  -1       0.96500586  p_y
  349   2   1   0       0.99823092  p_z
  349   2   1   1       1.00694030  p_x
  350   1   0   0       0.95475708  s
  351   1   0   0       0.92415383  s
  352   1   0   0       0.92480298  s
 
Fermi level:                        -0.1266696800 H           -3.4469 eV
Band energy:                      -277.2312370782 H        -7543.8458 eV
TS:                                  0.0000000000 H            0.0000 eV
Band free energy (E-TS):          -277.2312370782 H        -7543.8458 eV
Extrapolated E(0K):               -277.2312370782 H        -7543.8458 eV
Input / Output electrons (q):    682.0000000000    682.0000000000
 
Energy H0:                        -281.9798922813 H        -7673.0633 eV
Energy SCC:                          0.0842738569 H            2.2932 eV
Total Electronic energy:          -281.8956184244 H        -7670.7701 eV
Repulsive energy:                    4.5050302143 H          122.5881 eV
Dispersion energy:                   1.1112012071 H           30.2373 eV
Total energy:                     -276.2793870031 H        -7517.9446 eV
Extrapolated to 0:                -276.2793870031 H        -7517.9446 eV
Total Mermin free energy:         -276.2793870031 H        -7517.9446 eV
Force related energy:             -276.2793870031 H        -7517.9446 eV
 
SCC converged
 
Full geometry written in geo_end.{xyz|gen}
 
MD Kinetic Energy:                   1.2828406977 H
Total MD Energy:                  -274.9965463054 H
Pressure:                           -0.118260E-04 au    -0.347933E+09 Pa
MD Temperature:                      0.0024365445 H          769.3990 K
MD Kinetic Energy:                   1.2828406977 H
Total MD Energy:                  -274.9965463054 H        -7483.0368 eV
MD Temperature:                      0.0024365445 H          769.3990 K
 
Molecular dynamics completed
 
