 Fermi distribution function
 
MD step: 100000
 

********************************************************************************
 iSCC Total electronic   Diff electronic      SCC error    
    7   -0.28198345E+03    0.62527761E-12    0.46894473E-06
********************************************************************************
 
Coordinates of moved atoms (au):
    1     78.03028245     48.56263511     79.22239144
    2     78.96962571     46.61411214     78.78092223
    3     79.32133038     50.11536877     78.08140600
    4     75.23862613     77.56761220     78.24593477
    5     74.49269952     79.88899286     78.11776817
    6     45.14239301     76.46620618     79.44953482
    7     74.47609425     76.72984844     75.37272834
    8     46.30754502     77.91429528     73.81211020
    9     72.34612508     76.39916001     75.42613169
   10     47.05682335     74.24773830     74.96083402
   11     46.44092375     73.16212861     76.65184330
   12     48.94075068     74.72475120     75.62241541
   13     75.32948655     72.98938325     72.40323644
   14     73.79461385     74.14927684     71.57897048
   15     74.42550302     71.19901149     72.92134194
   16     48.52801798     72.75939481     70.59512591
   17     47.91186893     71.27984648     68.89768603
   18     49.89748267     71.59575472     71.51055556
   19     78.41158252     75.30479280     69.83743217
   20     80.06196258     75.11912817     68.82556370
   21     79.23443009     76.50598365     71.41312734
   22     76.60731872     77.01094671     68.71147679
   23     46.54319715     77.89520273     70.40946766
   24     46.07334353     76.12209332     67.47394491
   25     77.61360708     49.65091966     81.82352186
   26     75.80759797     48.89213266     82.51576455
   27     79.19798574     49.17630425     83.08574840
   28     77.52982063     51.64083817     81.90538546
   29     77.79332931     79.30744360     67.16096028
   30     76.21035597     80.32260910     66.15862045
   31     79.21193305     80.31791607     68.11038914
   32     79.01649671     78.59683088     65.47742555
   33     55.92069225     67.67074833     40.12791906
   34     58.02995411     67.86217666     40.62268441
   35     55.15962313     65.84111435     39.67420179
   36     54.50530815     67.79939246     42.91418413
   37     54.52198160     69.78517081     43.61479783
   38     55.85729947     66.84401389     44.19396214
   39     52.28585694     65.85335849     43.31565464
   40     52.75487105     64.05163994     42.21917040
   41     50.17468556     66.26056626     42.29259824
   42     52.16953292     65.47076466     46.23918588
   43     81.07044632     67.25757452     47.28143839
   44      5.98867527     26.12765677     49.30726583
   45     52.54879279     63.44191006     47.65404245
   46     31.87796978     60.09248459     69.91166094
   47     81.51103250     61.83824860     46.47156049
   48     81.31100605     63.14704326     50.32018667
   49     79.87898310     64.29820793     50.85565569
   50    126.63329867    105.24285642     51.52068536
   51     53.47428068     61.39503234     51.89468879
   52     96.78559130    106.06095504     79.77720345
   53     54.90259617     60.08455552     50.96774016
   54     82.47389390     61.47140628     83.72178133
   55     80.75738944     62.08872383     84.58513502
   56     84.38053453     62.49264845     84.35368212
   57     55.48522669     69.48503394     38.02269728
   58     56.29895556     69.21469966     36.18154541
   59     53.53384402     69.79426600     38.04823991
   60     56.94097839     71.29611915     38.74037459
   61     53.60396177     58.79792190     84.87836416
   62     55.60333348     58.16983873     84.87398966
   63     53.00396529     58.63922173     86.86175013
   64     52.35925821     57.43065072     83.78618475
   65     68.44179148    100.60734598     54.76357920
   66     67.55825679    102.03059972     56.29978384
   67     67.40608519    101.55297512     53.06711261
   68     71.36082467    101.14753392     54.77641047
   69     71.87819742    103.28458353     55.25832340
   70     72.24341352    100.38126001     53.10185937
   71     72.67402269     99.54330075     56.85487148
   72     74.55107096     99.02116100     55.69790467
   73     71.80995021     98.01656137     57.99027115
   74     73.23334157     72.33700654     59.15123037
   75     71.82320216     72.10407722     60.55834357
   76     73.43613635     74.35538205     58.46526487
   77     75.80664643     71.74075074     60.56079339
   78     75.79214352     98.68082476     61.21002529
   79     75.50325246    102.06842893     62.22453864
   80     78.34407487     72.72164296     58.76968995
   81     79.81079571     73.03241155     60.28157084
   82     77.68638417     74.48606466     57.94562321
   83     79.35973295     70.72907745     56.89660820
   84     78.28966145     68.98805762     57.44027280
   85     81.42378130     70.34979547     57.45547416
   86     79.33123159     71.71672542     54.11258935
   87     80.53468642     73.21009951     54.11043075
   88     77.43497500     71.94725713     53.50888571
   89     67.21546623     98.06291843     55.18133275
   90     65.12162199     98.11299759     55.56193521
   91     67.73913289     96.54815399     53.80036585
   92     68.10834801     97.08801291     56.81881493
   93     80.13120616     69.46567564     52.60900590
   94     80.08782102     67.58266243     53.69392109
   95     79.00370989     69.11088457     50.89909361
   96     82.12832743     69.57673037     52.27979452
   97     57.38400367     76.82466401     86.65316050
   98     59.08969835     76.16766648     85.22638120
   99     58.07627856     77.97103586     88.36929841
  100     55.48520417     78.54501689     85.29194899
  101     53.59760014     77.53923586     84.88829319
  102     55.80966901     78.78461786     83.31859413
  103     55.36199254     81.28446758     86.07773558
  104     54.27422018     82.34058232     84.52900065
  105     57.51666000     81.66023894     85.74299881
  106     54.69790350     81.40470072     59.84332445
  107     56.32542455     82.28807945     60.91640852
  108     54.30582951     79.62983233     60.93878307
  109     52.49164203     82.96923074     60.79449978
  110     53.00797920     84.96213918     60.40437554
  111     52.21584811     82.44641512     62.73680368
  112     50.11155346     81.73722878     59.28558754
  113     50.45032886     79.70073398     59.53615084
  114     50.64374573     82.08762065     57.32352855
  115     47.64334898     82.69418224     60.15071048
  116     47.26429646     84.77131979     60.05547063
  117      9.26739800    -10.16068274    103.19270356
  118     46.16011977     81.02643956     61.44236994
  119     46.78349738     79.07057960     61.61134569
  120     44.71022976     81.99929965     62.77321865
  121     56.83504985     74.05859421     87.62880454
  122     55.55997872     74.03976958     89.34919834
  123     55.81190615     72.82765058     86.27910945
  124     73.45308206     84.89535732     66.28550732
  125     61.11386181     41.34485860     46.03038407
  126      8.99065697     -9.06036361    103.35549739
  127      5.94407433     25.36931697     47.83997648
  128     33.59296675     71.40451576     45.14470499
  129     70.54826216     84.18722450     71.75771184
  130     70.52998339     85.05266957     69.98938731
  131     70.08131231     82.22921844     71.42361794
  132     73.32378538     84.20286042     72.44008106
  133     74.11148468     82.33795340     72.11652882
  134     73.43532666     84.20985727     74.60643572
  135     75.41304492     85.99905962     71.86772098
  136     77.14266989     85.33948790     72.85230096
  137     74.86952420     87.78420054     72.45853358
  138     76.40676075     85.88850839     68.97188999
  139     77.46852990     83.92033938     69.03682354
  140     78.29916435     86.80565525     68.67016369
  141     74.66524490     86.48334666     66.80839273
  142     74.16415110     88.47515899     66.62923087
  143     76.20005656     86.50131432     65.20243059
  144     27.97155663     57.63552720     73.97161472
  145     27.71236218     58.74096887     75.52663903
  146     61.12584211     68.67611346     73.71626422
  147     28.64237437     59.13248055     71.76600277
  148     28.18316632     61.18554808     72.34860863
  149     27.79687620     58.84329576     69.89738855
  150     27.17497108     55.25185943     74.26049818
  151     27.52619195     53.91429638     72.68479302
  152     26.24704281     54.60361019     76.01893825
  153     68.49602127     85.56150724     73.45956538
  154     68.77429102     58.70354939     73.60980640
  155     66.68100422     84.81176457     73.07511483
  156     68.88588047     84.83644838     75.20285276
  157     31.50425792     59.40554189     71.67464775
  158     32.56842457     57.60328858     72.12527248
  159     32.74299282     60.61541353     72.80931765
  160     58.83902564     73.50975965     87.70909466
  161     81.44778702     62.76253598     62.26426163
  162     81.08896985     64.20897229     63.91101743
  163     82.17278614     63.55322505     60.59665318
  164     83.85654986     61.31519921     63.53023209
  165     83.21442702     60.09015103     65.00592806
  166     84.87399847     62.95053879     64.10456851
  167     85.13572256     59.79588878     61.57735280
  168     85.37365960     60.93846264     59.70286172
  169     84.24367898     57.88077271     60.96668695
  170     87.85744354     58.88492970     62.26034493
  171     89.23248174     59.20452576     60.75014834
  172     88.02477706     56.75954721     62.30014834
  173     89.02269315     88.61449048     64.85441293
  174     87.30894188     88.41369046     66.28899385
  175     89.76291853     61.56047753     64.74164030
  176     91.17579694     86.77242050     65.45172539
  177     91.12753757     85.26192870     64.05604332
  178     91.13741484     85.69982033     67.39441177
  179     93.66346300     88.26624832     65.57741696
  180     94.87947912     87.92207459     67.25109276
  181     92.95182349     90.23197686     65.65882846
  182     94.81751696     88.65198479     62.84640996
  183     93.25942102     89.12553520     61.63441782
  184     95.33370066     86.75592478     61.91842609
  185     78.96758775     61.67620002     61.63220338
  186     77.27782380     63.16879511     61.63565547
  187     79.35354057     60.37089055     59.96821631
  188     78.53712128     60.37622918     92.38134026
  189     97.30389012     90.10243915     62.65613168
  190     98.88539145     88.79193083     63.29140845
  191     97.75506507     90.38849118     60.73440467
  192     97.47742933     92.00150681     63.63685103
  193     71.85984363     37.10734931     66.22051750
  194     73.46300947     36.20812710     65.29254245
  195     70.26736060     64.46808149     66.47411787
  196     72.66791311     37.94052417     68.90441346
  197     71.68583018     39.78726370     69.67560322
  198     74.63326652     67.70965903     68.86972366
  199     72.85795779     35.49841265     70.63050764
  200     73.93087608     36.53732946     72.28382540
  201     74.48583798     34.49195161     69.92387417
  202     70.65038480     33.64060221     71.24584951
  203     71.17852383     31.98568571     72.43811638
  204     69.87644475     32.90635863     69.55645776
  205     68.27804875     35.07475650     72.46278969
  206     66.65806569     33.86139096     72.41055179
  207     67.60514418     36.55284346     71.07147545
  208     68.55991028     35.77825288     75.18882497
  209     70.25266308     34.54621809     76.23392476
  210     66.84987580     35.60558991     76.23510701
  211     69.40243511     67.57113080     75.25645943
  212     67.74199253     68.63789228     74.53529048
  213     70.78393883     67.57538500     73.71892611
  214     70.70617892     68.18814403     77.70506773
  215     69.72654071     67.22654134     79.36811542
  216     70.02215181     70.27283123     77.96417730
  217     71.30746722     39.09379941     64.38976369
  218     72.88159830     40.75821868     35.57397238
  219     71.04329466     38.54981205     33.32915565
  220     69.47279146     40.15582166     64.88951785
  221     73.38204055     67.31790761     77.79439355
  222     74.50299254     68.58690868     76.40215996
  223     74.38212020     66.94454726     79.85134539
  224     73.50336464     65.38525908     76.92244807
  225     68.64824582     76.77907444     67.86662365
  226     66.89003113     77.39615967     68.43037845
  227     69.44335851     75.93354560     69.54888436
  228     68.40140198     45.96042599     65.51701212
  229     69.52010579     44.23488256     65.58329578
  230     69.08167615     47.15348044     63.98063598
  231     65.90019872     73.92368075     64.92568784
  232     64.46987244     75.13315895     64.13466475
  233     65.69232697     72.73418035     66.74874242
  234     66.40108472     71.66184680     62.89897571
  235     66.65429029     70.06083624     64.15529297
  236     68.14647473     71.87594184     61.89697723
  237     64.40686809     71.14287093     60.82161031
  238     64.84118507     72.06375524     59.03776354
  239     62.44809336     43.09777479     60.92792062
  240     63.72568581     68.33678150     60.89062116
  241     62.60821283     39.00638081     62.70097134
  242     65.42657724     38.01103282     61.05576575
  243     62.37728955     66.68503001     58.77237511
  244     61.90924434     64.60596832     59.27895518
  245     63.96740706     66.15449901     57.41822781
  246     59.91202740     67.60716150     57.19369255
  247     60.40052321     67.20842153     55.23281561
  248     59.56260219     69.76914590     57.23774761
  249     70.29230465     50.02181131     66.90491166
  250     69.04215256     51.59650441     66.06356677
  251     71.56704423     50.77012301     68.71816780
  252     71.64364908     49.57565589     65.37496681
  253     57.34168702     66.79639003     58.13271442
  254     55.96054790     68.25450313     57.81785145
  255     56.85410413     64.77209654     57.57592159
  256     57.26163973     67.07524518     89.21997109
  257     73.35580745     63.96973605     85.18732583
  258     72.97595702     65.95567027     85.14997633
  259     73.13360259     63.18471173     87.12747449
  260     71.57108417     62.43647151     83.32490975
  261     71.92035519     63.08381993     81.32236378
  262     69.51207570     62.56379202     83.48480440
  263     71.69250264     59.40428854     83.53866070
  264     70.30470671     58.59301730     84.88049108
  265     73.70479713     58.55414165     84.30266194
  266     71.12049495     58.10452784     80.94536554
  267     72.61281845     56.53826398     80.61608518
  268     71.56719282     59.38565863     79.42940890
  269     68.47028777     57.16464571     80.73367594
  270     68.08650745     57.17498200     78.75285240
  271     67.44203911     58.63589159     81.59858957
  272     67.33648850     54.95899759     82.31620870
  273     65.63972192     54.58524559     81.24362788
  274     67.08498412     55.85313564     84.14322083
  275     68.72429225     52.41827430     82.73636538
  276     69.78600062     52.29311372     80.93111372
  277     67.31641725     50.93991928     82.65192076
  278     70.62026152     52.22286347     84.97663075
  279     70.74629824     53.82835809     86.07180013
  280     72.59662095     52.28038094     84.23068322
  281     75.95475030     63.91798859     84.25717475
  282     77.13564354     62.18301951     84.14489737
  283     75.98032166     64.19316005     82.11753223
  284     77.09427608     65.59652536     84.56664623
  285     70.22907987     49.74146445     86.79620863
  286     69.69468953     50.52237899     88.72553711
  287     69.13969128     48.23274594     86.12999348
  288     72.28571867     49.09882075     87.25596132
  289     58.31492631     48.60521274     72.16866236
  290     59.97280895     48.04240059     73.30822147
  291     58.15917311     50.46331152     71.43818329
  292     57.84914191     46.57857726     69.97710126
  293     55.80474481     46.81369387     69.09494924
  294     58.16913154     44.59133662     70.69810092
  295     59.90684839     46.98177431     67.92737607
  296     60.56056826     45.20379137     67.04769702
  297     61.78075904     47.12972650     40.08914337
  298     59.11850071     49.30969954     37.20811248
  299     57.71892297     50.31204285     67.19257204
  300     58.38291990     48.22238616     35.57698355
  301     61.23174176     50.94435055     36.06612177
  302     63.16968959     50.80877007     37.00890677
  303     60.60796887     53.07191963     65.01223441
  304     61.78617525     50.47731773     33.37208352
  305     60.16140321     51.16105952     31.99822881
  306     61.98815351     48.53610357     32.92413059
  307     64.09030086     51.89710965     32.61853907
  308     65.66921717     51.30890646     33.62737116
  309     64.02597154     53.94300158     33.36788697
  310     64.32587841     51.98227772     29.66313401
  311     64.79550666     49.84621382     29.10373964
  312     66.31147763     52.51073893     29.06587126
  313     56.07102019     48.06524632     74.12079910
  314     56.28264012     46.22332428     74.76873994
  315     55.66173686     49.38161754     75.55961389
  316     54.45814199     47.91246838     72.85489263
  317     62.26954427     53.01494415     28.25117284
  318     60.45101906     52.01884914     28.43088452
  319     61.75625279     54.97165177     28.96261630
  320     62.53721631     53.20776848     26.36884266
  321     63.20730867     74.60841312     49.84467030
  322     64.51320310     74.84084300     51.42225826
  323     64.44285137     74.18496540     48.38066152
  324     61.60602007     72.06469015     79.60887941
  325     59.64384115     72.49861499     79.31415738
  326     62.12074407     71.70279667     81.57678411
  327     61.93972290     69.73512390     78.25925072
  328     63.80732499     68.87457274     78.28162305
  329     59.39837205     71.40848618     75.14743925
  330     60.60983058     67.18805021     79.34744363
  331     59.10949882     68.15634513     80.13167157
  332     62.00791872     66.28930462     80.86628319
  333     60.13334405     65.00465006     77.58900095
  334     60.05291988     65.64270505     75.64493305
  335     58.27081323     64.32785126     78.21176978
  336     62.39784628     62.89671194     77.88944093
  337     63.28350856     64.32085693     79.10770546
  338     63.37748191     62.74043830     76.07090558
  339     61.85085724     60.16997087     79.02031636
  340     63.89663636     59.03193421     78.85858529
  341     60.59534213     58.71256067     77.87657962
  342     60.93283614     60.53277575     81.62768596
  343     59.04062365     61.35506061     81.48488063
  344     62.11978864     61.92446476     82.87804548
  345     61.68536139     76.90205268     49.58866357
  346     61.02464705     77.47280813     51.51033452
  347     63.05512783     78.17915277     49.25796470
  348     60.14490037     76.71375668     48.13895000
  349     60.85136791     58.20308146     83.33373927
  350     58.96626641     57.32567648     83.24118853
  351     62.06810807     56.81081054     82.23735088
  352     61.14565551     58.71111699     85.29989259
 
 Total charge:    -0.00000000

 Atomic gross charges (e)
 Atom           Charge
    1      -0.07135866
    2       0.06282636
    3       0.02257148
    4      -0.10706090
    5       0.01244801
    6       0.07716578
    7      -0.13958769
    8       0.07498188
    9       0.06101621
   10      -0.14171352
   11       0.04200096
   12       0.07546240
   13      -0.09657488
   14       0.05458136
   15       0.05362153
   16      -0.07558367
   17       0.01795868
   18       0.06055246
   19      -0.08747150
   20       0.06319676
   21       0.04566692
   22      -0.07000476
   23       0.03616792
   24       0.04351895
   25      -0.19848523
   26       0.06869027
   27       0.05528133
   28       0.08033396
   29      -0.21887142
   30       0.07633072
   31       0.08830799
   32       0.03582303
   33      -0.12060605
   34       0.05102912
   35       0.07012190
   36      -0.13647130
   37       0.07510614
   38       0.06118062
   39      -0.04906254
   40       0.04773257
   41       0.02761912
   42      -0.11528754
   43       0.06689678
   44       0.00584817
   45      -0.08221030
   46       0.07866793
   47       0.08112706
   48      -0.09387113
   49       0.09821640
   50       0.00103937
   51      -0.09993896
   52       0.00077164
   53       0.06937113
   54      -0.07942068
   55       0.08348660
   56       0.06047931
   57      -0.19330326
   58       0.08404163
   59       0.09081397
   60       0.01962390
   61      -0.21486590
   62       0.06074775
   63       0.06881458
   64       0.06293574
   65      -0.06847093
   66       0.01612029
   67       0.03245465
   68      -0.09746447
   69       0.05978112
   70       0.07073590
   71      -0.13117253
   72       0.04397254
   73       0.08529160
   74      -0.12974008
   75       0.06871105
   76       0.05322001
   77      -0.14940056
   78       0.06919121
   79       0.05143151
   80      -0.12889899
   81       0.05249492
   82       0.07426858
   83      -0.10042577
   84       0.06746265
   85       0.03780488
   86      -0.12075626
   87       0.09363356
   88       0.08048298
   89      -0.18996931
   90       0.07683648
   91       0.05920213
   92       0.05163435
   93      -0.20299440
   94       0.04600881
   95       0.06560853
   96       0.06595494
   97      -0.08796496
   98       0.02636104
   99       0.06049063
  100      -0.11779406
  101       0.03910289
  102       0.05328029
  103      -0.08626059
  104       0.06147734
  105       0.04900116
  106      -0.09505587
  107       0.03608541
  108       0.06001062
  109      -0.14653394
  110       0.07803235
  111       0.07533277
  112      -0.10354435
  113       0.06421175
  114       0.06172476
  115      -0.05343722
  116       0.08035824
  117      -0.00042160
  118      -0.24282532
  119       0.10522667
  120       0.07990517
  121      -0.21351270
  122       0.06626591
  123       0.06543102
  124       0.08701607
  125      -0.27740048
  126       0.00115116
  127      -0.01028249
  128       0.07100847
  129      -0.11355055
  130       0.06621212
  131       0.06387523
  132      -0.09735572
  133       0.05131965
  134       0.02700383
  135      -0.11172053
  136       0.05456092
  137       0.07391580
  138      -0.11100473
  139       0.03465462
  140       0.04478678
  141      -0.18824852
  142       0.08682932
  143       0.02928745
  144      -0.06013766
  145       0.08144687
  146       0.07773729
  147      -0.05270718
  148       0.03932399
  149       0.07514469
  150      -0.23971560
  151       0.08476542
  152       0.09132576
  153      -0.24115633
  154       0.07920098
  155       0.08279940
  156       0.07860665
  157      -0.22567126
  158       0.05471608
  159       0.07266207
  160       0.08307868
  161      -0.12681426
  162       0.03181099
  163       0.07089879
  164      -0.11280806
  165       0.07463129
  166       0.07974947
  167      -0.08779588
  168       0.03606283
  169       0.05577116
  170      -0.13277845
  171       0.05522750
  172       0.04416803
  173      -0.10065497
  174       0.03918792
  175       0.07147388
  176      -0.10811781
  177       0.07383062
  178       0.04105295
  179      -0.13766228
  180       0.07443297
  181       0.05804643
  182      -0.09172509
  183       0.06726142
  184       0.02919171
  185      -0.16888375
  186       0.06729475
  187       0.06874246
  188       0.03632267
  189      -0.19523775
  190       0.05285232
  191       0.06935512
  192       0.06451299
  193      -0.07886965
  194       0.05590901
  195       0.03966529
  196      -0.09473263
  197       0.04861527
  198       0.04383934
  199      -0.11027229
  200       0.03887130
  201       0.05842478
  202      -0.10705489
  203       0.07246408
  204       0.06847270
  205      -0.11710435
  206       0.04614089
  207       0.05575340
  208      -0.10064900
  209       0.02929959
  210       0.06577128
  211      -0.13002557
  212       0.06144683
  213       0.06493342
  214      -0.06645784
  215       0.03700470
  216       0.04271397
  217      -0.17174618
  218       0.03943698
  219       0.05329875
  220       0.04930009
  221      -0.16528728
  222       0.05378565
  223       0.04745391
  224       0.06254694
  225      -0.12453672
  226       0.07629146
  227       0.06395388
  228      -0.11673667
  229       0.06563847
  230       0.05565406
  231      -0.12514067
  232       0.09173905
  233       0.05866847
  234      -0.14829744
  235       0.07171657
  236       0.06953260
  237      -0.09266588
  238       0.06817206
  239       0.04052421
  240      -0.08260087
  241       0.04216066
  242       0.03728733
  243      -0.11840308
  244       0.05088651
  245       0.03970894
  246      -0.10747664
  247       0.06637602
  248       0.04053377
  249      -0.17526253
  250       0.05194112
  251       0.03517991
  252       0.06952733
  253      -0.19710256
  254       0.07398753
  255       0.06558785
  256       0.05362878
  257      -0.08045442
  258       0.07396890
  259       0.05602300
  260      -0.12484156
  261       0.05675035
  262       0.06198115
  263      -0.10440924
  264       0.05708945
  265       0.02364931
  266      -0.09568917
  267       0.03684835
  268       0.05896512
  269      -0.13567163
  270       0.06462034
  271       0.06616820
  272      -0.12226038
  273       0.06558117
  274       0.06529413
  275      -0.11622471
  276       0.05518545
  277       0.06612299
  278      -0.11463162
  279       0.07910511
  280       0.05172335
  281      -0.20675687
  282       0.07164629
  283       0.03708725
  284       0.06674405
  285      -0.21460911
  286       0.06140204
  287       0.09703715
  288       0.04969052
  289      -0.12458290
  290       0.07305287
  291       0.08618484
  292      -0.09718235
  293       0.04408165
  294       0.05912021
  295      -0.12848046
  296       0.06050166
  297       0.03640747
  298      -0.11873730
  299       0.08094782
  300       0.06144833
  301      -0.08908232
  302       0.05399167
  303       0.03961678
  304      -0.09720811
  305       0.03558264
  306       0.06291486
  307      -0.11696818
  308       0.07228521
  309       0.03453914
  310      -0.07606207
  311       0.01366262
  312       0.05949877
  313      -0.25069046
  314       0.07701094
  315       0.08472094
  316       0.06091741
  317      -0.19128058
  318       0.07008819
  319       0.04577150
  320       0.08023292
  321      -0.12111634
  322       0.05001344
  323       0.07436707
  324      -0.12202880
  325       0.06869281
  326       0.06157138
  327      -0.04347322
  328       0.05804194
  329       0.08097050
  330      -0.14386023
  331       0.08504988
  332       0.04336230
  333      -0.11960137
  334       0.07350602
  335       0.06721733
  336      -0.17692391
  337       0.10215480
  338       0.06467491
  339      -0.05247477
  340       0.01441453
  341       0.05145000
  342      -0.08285498
  343       0.06138477
  344       0.03671970
  345      -0.20911730
  346       0.05866664
  347       0.08658192
  348       0.07830178
  349      -0.22177957
  350       0.05444474
  351       0.07162188
  352       0.08389997
 
Nr. of electrons (up):    682.00000000
Atom populations (up)
 Atom       Population
    1       4.07135866
    2       0.93717364
    3       0.97742852
    4       4.10706090
    5       0.98755199
    6       0.92283422
    7       4.13958769
    8       0.92501812
    9       0.93898379
   10       4.14171352
   11       0.95799904
   12       0.92453760
   13       4.09657488
   14       0.94541864
   15       0.94637847
   16       4.07558367
   17       0.98204132
   18       0.93944754
   19       4.08747150
   20       0.93680324
   21       0.95433308
   22       4.07000476
   23       0.96383208
   24       0.95648105
   25       4.19848523
   26       0.93130973
   27       0.94471867
   28       0.91966604
   29       4.21887142
   30       0.92366928
   31       0.91169201
   32       0.96417697
   33       4.12060605
   34       0.94897088
   35       0.92987810
   36       4.13647130
   37       0.92489386
   38       0.93881938
   39       4.04906254
   40       0.95226743
   41       0.97238088
   42       4.11528754
   43       0.93310322
   44       0.99415183
   45       4.08221030
   46       0.92133207
   47       0.91887294
   48       4.09387113
   49       0.90178360
   50       0.99896063
   51       4.09993896
   52       0.99922836
   53       0.93062887
   54       4.07942068
   55       0.91651340
   56       0.93952069
   57       4.19330326
   58       0.91595837
   59       0.90918603
   60       0.98037610
   61       4.21486590
   62       0.93925225
   63       0.93118542
   64       0.93706426
   65       4.06847093
   66       0.98387971
   67       0.96754535
   68       4.09746447
   69       0.94021888
   70       0.92926410
   71       4.13117253
   72       0.95602746
   73       0.91470840
   74       4.12974008
   75       0.93128895
   76       0.94677999
   77       4.14940056
   78       0.93080879
   79       0.94856849
   80       4.12889899
   81       0.94750508
   82       0.92573142
   83       4.10042577
   84       0.93253735
   85       0.96219512
   86       4.12075626
   87       0.90636644
   88       0.91951702
   89       4.18996931
   90       0.92316352
   91       0.94079787
   92       0.94836565
   93       4.20299440
   94       0.95399119
   95       0.93439147
   96       0.93404506
   97       4.08796496
   98       0.97363896
   99       0.93950937
  100       4.11779406
  101       0.96089711
  102       0.94671971
  103       4.08626059
  104       0.93852266
  105       0.95099884
  106       4.09505587
  107       0.96391459
  108       0.93998938
  109       4.14653394
  110       0.92196765
  111       0.92466723
  112       4.10354435
  113       0.93578825
  114       0.93827524
  115       4.05343722
  116       0.91964176
  117       1.00042160
  118       4.24282532
  119       0.89477333
  120       0.92009483
  121       4.21351270
  122       0.93373409
  123       0.93456898
  124       0.91298393
  125       4.27740048
  126       0.99884884
  127       1.01028249
  128       0.92899153
  129       4.11355055
  130       0.93378788
  131       0.93612477
  132       4.09735572
  133       0.94868035
  134       0.97299617
  135       4.11172053
  136       0.94543908
  137       0.92608420
  138       4.11100473
  139       0.96534538
  140       0.95521322
  141       4.18824852
  142       0.91317068
  143       0.97071255
  144       4.06013766
  145       0.91855313
  146       0.92226271
  147       4.05270718
  148       0.96067601
  149       0.92485531
  150       4.23971560
  151       0.91523458
  152       0.90867424
  153       4.24115633
  154       0.92079902
  155       0.91720060
  156       0.92139335
  157       4.22567126
  158       0.94528392
  159       0.92733793
  160       0.91692132
  161       4.12681426
  162       0.96818901
  163       0.92910121
  164       4.11280806
  165       0.92536871
  166       0.92025053
  167       4.08779588
  168       0.96393717
  169       0.94422884
  170       4.13277845
  171       0.94477250
  172       0.95583197
  173       4.10065497
  174       0.96081208
  175       0.92852612
  176       4.10811781
  177       0.92616938
  178       0.95894705
  179       4.13766228
  180       0.92556703
  181       0.94195357
  182       4.09172509
  183       0.93273858
  184       0.97080829
  185       4.16888375
  186       0.93270525
  187       0.93125754
  188       0.96367733
  189       4.19523775
  190       0.94714768
  191       0.93064488
  192       0.93548701
  193       4.07886965
  194       0.94409099
  195       0.96033471
  196       4.09473263
  197       0.95138473
  198       0.95616066
  199       4.11027229
  200       0.96112870
  201       0.94157522
  202       4.10705489
  203       0.92753592
  204       0.93152730
  205       4.11710435
  206       0.95385911
  207       0.94424660
  208       4.10064900
  209       0.97070041
  210       0.93422872
  211       4.13002557
  212       0.93855317
  213       0.93506658
  214       4.06645784
  215       0.96299530
  216       0.95728603
  217       4.17174618
  218       0.96056302
  219       0.94670125
  220       0.95069991
  221       4.16528728
  222       0.94621435
  223       0.95254609
  224       0.93745306
  225       4.12453672
  226       0.92370854
  227       0.93604612
  228       4.11673667
  229       0.93436153
  230       0.94434594
  231       4.12514067
  232       0.90826095
  233       0.94133153
  234       4.14829744
  235       0.92828343
  236       0.93046740
  237       4.09266588
  238       0.93182794
  239       0.95947579
  240       4.08260087
  241       0.95783934
  242       0.96271267
  243       4.11840308
  244       0.94911349
  245       0.96029106
  246       4.10747664
  247       0.93362398
  248       0.95946623
  249       4.17526253
  250       0.94805888
  251       0.96482009
  252       0.93047267
  253       4.19710256
  254       0.92601247
  255       0.93441215
  256       0.94637122
  257       4.08045442
  258       0.92603110
  259       0.94397700
  260       4.12484156
  261       0.94324965
  262       0.93801885
  263       4.10440924
  264       0.94291055
  265       0.97635069
  266       4.09568917
  267       0.96315165
  268       0.94103488
  269       4.13567163
  270       0.93537966
  271       0.93383180
  272       4.12226038
  273       0.93441883
  274       0.93470587
  275       4.11622471
  276       0.94481455
  277       0.93387701
  278       4.11463162
  279       0.92089489
  280       0.94827665
  281       4.20675687
  282       0.92835371
  283       0.96291275
  284       0.93325595
  285       4.21460911
  286       0.93859796
  287       0.90296285
  288       0.95030948
  289       4.12458290
  290       0.92694713
  291       0.91381516
  292       4.09718235
  293       0.95591835
  294       0.94087979
  295       4.12848046
  296       0.93949834
  297       0.96359253
  298       4.11873730
  299       0.91905218
  300       0.93855167
  301       4.08908232
  302       0.94600833
  303       0.96038322
  304       4.09720811
  305       0.96441736
  306       0.93708514
  307       4.11696818
  308       0.92771479
  309       0.96546086
  310       4.07606207
  311       0.98633738
  312       0.94050123
  313       4.25069046
  314       0.92298906
  315       0.91527906
  316       0.93908259
  317       4.19128058
  318       0.92991181
  319       0.95422850
  320       0.91976708
  321       4.12111634
  322       0.94998656
  323       0.92563293
  324       4.12202880
  325       0.93130719
  326       0.93842862
  327       4.04347322
  328       0.94195806
  329       0.91902950
  330       4.14386023
  331       0.91495012
  332       0.95663770
  333       4.11960137
  334       0.92649398
  335       0.93278267
  336       4.17692391
  337       0.89784520
  338       0.93532509
  339       4.05247477
  340       0.98558547
  341       0.94855000
  342       4.08285498
  343       0.93861523
  344       0.96328030
  345       4.20911730
  346       0.94133336
  347       0.91341808
  348       0.92169822
  349       4.22177957
  350       0.94555526
  351       0.92837812
  352       0.91610003
 
l-shell populations (up)
 Atom Sh.   l       Population
    1   1   0       1.25488124
    1   2   1       2.81647743
    2   1   0       0.93717364
    3   1   0       0.97742852
    4   1   0       1.28035898
    4   2   1       2.82670192
    5   1   0       0.98755199
    6   1   0       0.92283422
    7   1   0       1.27495275
    7   2   1       2.86463494
    8   1   0       0.92501812
    9   1   0       0.93898379
   10   1   0       1.24784956
   10   2   1       2.89386396
   11   1   0       0.95799904
   12   1   0       0.92453760
   13   1   0       1.22759022
   13   2   1       2.86898466
   14   1   0       0.94541864
   15   1   0       0.94637847
   16   1   0       1.22304544
   16   2   1       2.85253823
   17   1   0       0.98204132
   18   1   0       0.93944754
   19   1   0       1.19360549
   19   2   1       2.89386601
   20   1   0       0.93680324
   21   1   0       0.95433308
   22   1   0       1.23666981
   22   2   1       2.83333494
   23   1   0       0.96383208
   24   1   0       0.95648105
   25   1   0       1.25504790
   25   2   1       2.94343733
   26   1   0       0.93130973
   27   1   0       0.94471867
   28   1   0       0.91966604
   29   1   0       1.28337863
   29   2   1       2.93549279
   30   1   0       0.92366928
   31   1   0       0.91169201
   32   1   0       0.96417697
   33   1   0       1.24608915
   33   2   1       2.87451690
   34   1   0       0.94897088
   35   1   0       0.92987810
   36   1   0       1.27361482
   36   2   1       2.86285648
   37   1   0       0.92489386
   38   1   0       0.93881938
   39   1   0       1.26772885
   39   2   1       2.78133370
   40   1   0       0.95226743
   41   1   0       0.97238088
   42   1   0       1.23818723
   42   2   1       2.87710031
   43   1   0       0.93310322
   44   1   0       0.99415183
   45   1   0       1.19579778
   45   2   1       2.88641251
   46   1   0       0.92133207
   47   1   0       0.91887294
   48   1   0       1.20193931
   48   2   1       2.89193182
   49   1   0       0.90178360
   50   1   0       0.99896063
   51   1   0       1.24826182
   51   2   1       2.85167714
   52   1   0       0.99922836
   53   1   0       0.93062887
   54   1   0       1.23379620
   54   2   1       2.84562448
   55   1   0       0.91651340
   56   1   0       0.93952069
   57   1   0       1.26286918
   57   2   1       2.93043407
   58   1   0       0.91595837
   59   1   0       0.90918603
   60   1   0       0.98037610
   61   1   0       1.27683125
   61   2   1       2.93803466
   62   1   0       0.93925225
   63   1   0       0.93118542
   64   1   0       0.93706426
   65   1   0       1.24624267
   65   2   1       2.82222827
   66   1   0       0.98387971
   67   1   0       0.96754535
   68   1   0       1.25746682
   68   2   1       2.83999765
   69   1   0       0.94021888
   70   1   0       0.92926410
   71   1   0       1.25953277
   71   2   1       2.87163976
   72   1   0       0.95602746
   73   1   0       0.91470840
   74   1   0       1.25606855
   74   2   1       2.87367152
   75   1   0       0.93128895
   76   1   0       0.94677999
   77   1   0       1.29830721
   77   2   1       2.85109335
   78   1   0       0.93080879
   79   1   0       0.94856849
   80   1   0       1.27424065
   80   2   1       2.85465833
   81   1   0       0.94750508
   82   1   0       0.92573142
   83   1   0       1.25289209
   83   2   1       2.84753368
   84   1   0       0.93253735
   85   1   0       0.96219512
   86   1   0       1.21604260
   86   2   1       2.90471367
   87   1   0       0.90636644
   88   1   0       0.91951702
   89   1   0       1.26426663
   89   2   1       2.92570268
   90   1   0       0.92316352
   91   1   0       0.94079787
   92   1   0       0.94836565
   93   1   0       1.26024172
   93   2   1       2.94275268
   94   1   0       0.95399119
   95   1   0       0.93439147
   96   1   0       0.93404506
   97   1   0       1.26250544
   97   2   1       2.82545952
   98   1   0       0.97363896
   99   1   0       0.93950937
  100   1   0       1.22958786
  100   2   1       2.88820620
  101   1   0       0.96089711
  102   1   0       0.94671971
  103   1   0       1.23350417
  103   2   1       2.85275642
  104   1   0       0.93852266
  105   1   0       0.95099884
  106   1   0       1.22511463
  106   2   1       2.86994124
  107   1   0       0.96391459
  108   1   0       0.93998938
  109   1   0       1.25866454
  109   2   1       2.88786941
  110   1   0       0.92196765
  111   1   0       0.92466723
  112   1   0       1.23745157
  112   2   1       2.86609277
  113   1   0       0.93578825
  114   1   0       0.93827524
  115   1   0       1.23138449
  115   2   1       2.82205274
  116   1   0       0.91964176
  117   1   0       1.00042160
  118   1   0       1.29060707
  118   2   1       2.95221825
  119   1   0       0.89477333
  120   1   0       0.92009483
  121   1   0       1.28285232
  121   2   1       2.93066038
  122   1   0       0.93373409
  123   1   0       0.93456898
  124   1   0       0.91298393
  125   1   0       1.31008302
  125   2   1       2.96731746
  126   1   0       0.99884884
  127   1   0       1.01028249
  128   1   0       0.92899153
  129   1   0       1.22392657
  129   2   1       2.88962399
  130   1   0       0.93378788
  131   1   0       0.93612477
  132   1   0       1.21802048
  132   2   1       2.87933524
  133   1   0       0.94868035
  134   1   0       0.97299617
  135   1   0       1.23321393
  135   2   1       2.87850660
  136   1   0       0.94543908
  137   1   0       0.92608420
  138   1   0       1.25274611
  138   2   1       2.85825862
  139   1   0       0.96534538
  140   1   0       0.95521322
  141   1   0       1.26290321
  141   2   1       2.92534531
  142   1   0       0.91317068
  143   1   0       0.97071255
  144   1   0       1.20353316
  144   2   1       2.85660450
  145   1   0       0.91855313
  146   1   0       0.92226271
  147   1   0       1.21281421
  147   2   1       2.83989296
  148   1   0       0.96067601
  149   1   0       0.92485531
  150   1   0       1.27247234
  150   2   1       2.96724326
  151   1   0       0.91523458
  152   1   0       0.90867424
  153   1   0       1.26731141
  153   2   1       2.97384491
  154   1   0       0.92079902
  155   1   0       0.91720060
  156   1   0       0.92139335
  157   1   0       1.25503349
  157   2   1       2.97063777
  158   1   0       0.94528392
  159   1   0       0.92733793
  160   1   0       0.91692132
  161   1   0       1.24153215
  161   2   1       2.88528211
  162   1   0       0.96818901
  163   1   0       0.92910121
  164   1   0       1.23157155
  164   2   1       2.88123650
  165   1   0       0.92536871
  166   1   0       0.92025053
  167   1   0       1.24093443
  167   2   1       2.84686145
  168   1   0       0.96393717
  169   1   0       0.94422884
  170   1   0       1.25326649
  170   2   1       2.87951196
  171   1   0       0.94477250
  172   1   0       0.95583197
  173   1   0       1.25075500
  173   2   1       2.84989997
  174   1   0       0.96081208
  175   1   0       0.92852612
  176   1   0       1.24449535
  176   2   1       2.86362247
  177   1   0       0.92616938
  178   1   0       0.95894705
  179   1   0       1.25062447
  179   2   1       2.88703781
  180   1   0       0.92556703
  181   1   0       0.94195357
  182   1   0       1.23981855
  182   2   1       2.85190655
  183   1   0       0.93273858
  184   1   0       0.97080829
  185   1   0       1.27811726
  185   2   1       2.89076648
  186   1   0       0.93270525
  187   1   0       0.93125754
  188   1   0       0.96367733
  189   1   0       1.26504633
  189   2   1       2.93019143
  190   1   0       0.94714768
  191   1   0       0.93064488
  192   1   0       0.93548701
  193   1   0       1.22475735
  193   2   1       2.85411230
  194   1   0       0.94409099
  195   1   0       0.96033471
  196   1   0       1.25993037
  196   2   1       2.83480226
  197   1   0       0.95138473
  198   1   0       0.95616066
  199   1   0       1.25109770
  199   2   1       2.85917459
  200   1   0       0.96112870
  201   1   0       0.94157522
  202   1   0       1.24593892
  202   2   1       2.86111597
  203   1   0       0.92753592
  204   1   0       0.93152730
  205   1   0       1.23809590
  205   2   1       2.87900845
  206   1   0       0.95385911
  207   1   0       0.94424660
  208   1   0       1.24585265
  208   2   1       2.85479634
  209   1   0       0.97070041
  210   1   0       0.93422872
  211   1   0       1.23971929
  211   2   1       2.89030628
  212   1   0       0.93855317
  213   1   0       0.93506658
  214   1   0       1.22129128
  214   2   1       2.84516656
  215   1   0       0.96299530
  216   1   0       0.95728603
  217   1   0       1.27427335
  217   2   1       2.89747283
  218   1   0       0.96056302
  219   1   0       0.94670125
  220   1   0       0.95069991
  221   1   0       1.27885118
  221   2   1       2.88643610
  222   1   0       0.94621435
  223   1   0       0.95254609
  224   1   0       0.93745306
  225   1   0       1.23349458
  225   2   1       2.89104214
  226   1   0       0.92370854
  227   1   0       0.93604612
  228   1   0       1.23120545
  228   2   1       2.88553122
  229   1   0       0.93436153
  230   1   0       0.94434594
  231   1   0       1.24582158
  231   2   1       2.87931909
  232   1   0       0.90826095
  233   1   0       0.94133153
  234   1   0       1.25738271
  234   2   1       2.89091472
  235   1   0       0.92828343
  236   1   0       0.93046740
  237   1   0       1.23209269
  237   2   1       2.86057319
  238   1   0       0.93182794
  239   1   0       0.95947579
  240   1   0       1.25070043
  240   2   1       2.83190044
  241   1   0       0.95783934
  242   1   0       0.96271267
  243   1   0       1.27710309
  243   2   1       2.84129999
  244   1   0       0.94911349
  245   1   0       0.96029106
  246   1   0       1.24675564
  246   2   1       2.86072100
  247   1   0       0.93362398
  248   1   0       0.95946623
  249   1   0       1.29134012
  249   2   1       2.88392241
  250   1   0       0.94805888
  251   1   0       0.96482009
  252   1   0       0.93047267
  253   1   0       1.26576948
  253   2   1       2.93133308
  254   1   0       0.92601247
  255   1   0       0.93441215
  256   1   0       0.94637122
  257   1   0       1.21928899
  257   2   1       2.86116543
  258   1   0       0.92603110
  259   1   0       0.94397700
  260   1   0       1.26319333
  260   2   1       2.86164824
  261   1   0       0.94324965
  262   1   0       0.93801885
  263   1   0       1.27389934
  263   2   1       2.83050989
  264   1   0       0.94291055
  265   1   0       0.97635069
  266   1   0       1.23376088
  266   2   1       2.86192828
  267   1   0       0.96315165
  268   1   0       0.94103488
  269   1   0       1.22237869
  269   2   1       2.91329293
  270   1   0       0.93537966
  271   1   0       0.93383180
  272   1   0       1.23869492
  272   2   1       2.88356546
  273   1   0       0.93441883
  274   1   0       0.93470587
  275   1   0       1.23723204
  275   2   1       2.87899267
  276   1   0       0.94481455
  277   1   0       0.93387701
  278   1   0       1.24736134
  278   2   1       2.86727028
  279   1   0       0.92089489
  280   1   0       0.94827665
  281   1   0       1.25409141
  281   2   1       2.95266545
  282   1   0       0.92835371
  283   1   0       0.96291275
  284   1   0       0.93325595
  285   1   0       1.29243703
  285   2   1       2.92217208
  286   1   0       0.93859796
  287   1   0       0.90296285
  288   1   0       0.95030948
  289   1   0       1.25679565
  289   2   1       2.86778725
  290   1   0       0.92694713
  291   1   0       0.91381516
  292   1   0       1.26795720
  292   2   1       2.82922515
  293   1   0       0.95591835
  294   1   0       0.94087979
  295   1   0       1.26050670
  295   2   1       2.86797376
  296   1   0       0.93949834
  297   1   0       0.96359253
  298   1   0       1.24177247
  298   2   1       2.87696483
  299   1   0       0.91905218
  300   1   0       0.93855167
  301   1   0       1.23692326
  301   2   1       2.85215906
  302   1   0       0.94600833
  303   1   0       0.96038322
  304   1   0       1.21845396
  304   2   1       2.87875415
  305   1   0       0.96441736
  306   1   0       0.93708514
  307   1   0       1.23053418
  307   2   1       2.88643400
  308   1   0       0.92771479
  309   1   0       0.96546086
  310   1   0       1.22225968
  310   2   1       2.85380239
  311   1   0       0.98633738
  312   1   0       0.94050123
  313   1   0       1.26819563
  313   2   1       2.98249483
  314   1   0       0.92298906
  315   1   0       0.91527906
  316   1   0       0.93908259
  317   1   0       1.23231895
  317   2   1       2.95896164
  318   1   0       0.92991181
  319   1   0       0.95422850
  320   1   0       0.91976708
  321   1   0       1.23015729
  321   2   1       2.89095906
  322   1   0       0.94998656
  323   1   0       0.92563293
  324   1   0       1.22911532
  324   2   1       2.89291348
  325   1   0       0.93130719
  326   1   0       0.93842862
  327   1   0       1.24507413
  327   2   1       2.79839908
  328   1   0       0.94195806
  329   1   0       0.91902950
  330   1   0       1.25478663
  330   2   1       2.88907359
  331   1   0       0.91495012
  332   1   0       0.95663770
  333   1   0       1.24780548
  333   2   1       2.87179589
  334   1   0       0.92649398
  335   1   0       0.93278267
  336   1   0       1.27362119
  336   2   1       2.90330273
  337   1   0       0.89784520
  338   1   0       0.93532509
  339   1   0       1.25408111
  339   2   1       2.79839366
  340   1   0       0.98558547
  341   1   0       0.94855000
  342   1   0       1.22345364
  342   2   1       2.85940134
  343   1   0       0.93861523
  344   1   0       0.96328030
  345   1   0       1.24633216
  345   2   1       2.96278514
  346   1   0       0.94133336
  347   1   0       0.91341808
  348   1   0       0.92169822
  349   1   0       1.27153692
  349   2   1       2.95024264
  350   1   0       0.94555526
  351   1   0       0.92837812
  352   1   0       0.91610003
 
Orbital populations (up)
 Atom Sh.   l   m       Population  Label
    1   1   0   0       1.25488124  s
    1   2   1  -1       0.93630466  p_y
    1   2   1   0       0.95119805  p_z
    1   2   1   1       0.92897472  p_x
    2   1   0   0       0.93717364  s
    3   1   0   0       0.97742852  s
    4   1   0   0       1.28035898  s
    4   2   1  -1       0.94023950  p_y
    4   2   1   0       0.94466769  p_z
    4   2   1   1       0.94179472  p_x
    5   1   0   0       0.98755199  s
    6   1   0   0       0.92283422  s
    7   1   0   0       1.27495275  s
    7   2   1  -1       0.99033843  p_y
    7   2   1   0       0.93406320  p_z
    7   2   1   1       0.94023331  p_x
    8   1   0   0       0.92501812  s
    9   1   0   0       0.93898379  s
   10   1   0   0       1.24784956  s
   10   2   1  -1       0.97195874  p_y
   10   2   1   0       0.93580753  p_z
   10   2   1   1       0.98609768  p_x
   11   1   0   0       0.95799904  s
   12   1   0   0       0.92453760  s
   13   1   0   0       1.22759022  s
   13   2   1  -1       0.97534381  p_y
   13   2   1   0       0.92816590  p_z
   13   2   1   1       0.96547495  p_x
   14   1   0   0       0.94541864  s
   15   1   0   0       0.94637847  s
   16   1   0   0       1.22304544  s
   16   2   1  -1       0.92509854  p_y
   16   2   1   0       0.95294807  p_z
   16   2   1   1       0.97449163  p_x
   17   1   0   0       0.98204132  s
   18   1   0   0       0.93944754  s
   19   1   0   0       1.19360549  s
   19   2   1  -1       0.92029476  p_y
   19   2   1   0       1.00438707  p_z
   19   2   1   1       0.96918418  p_x
   20   1   0   0       0.93680324  s
   21   1   0   0       0.95433308  s
   22   1   0   0       1.23666981  s
   22   2   1  -1       0.93745722  p_y
   22   2   1   0       0.94224733  p_z
   22   2   1   1       0.95363040  p_x
   23   1   0   0       0.96383208  s
   24   1   0   0       0.95648105  s
   25   1   0   0       1.25504790  s
   25   2   1  -1       0.99563230  p_y
   25   2   1   0       0.96695752  p_z
   25   2   1   1       0.98084750  p_x
   26   1   0   0       0.93130973  s
   27   1   0   0       0.94471867  s
   28   1   0   0       0.91966604  s
   29   1   0   0       1.28337863  s
   29   2   1  -1       0.99441658  p_y
   29   2   1   0       0.98013995  p_z
   29   2   1   1       0.96093626  p_x
   30   1   0   0       0.92366928  s
   31   1   0   0       0.91169201  s
   32   1   0   0       0.96417697  s
   33   1   0   0       1.24608915  s
   33   2   1  -1       0.99566446  p_y
   33   2   1   0       0.92365928  p_z
   33   2   1   1       0.95519315  p_x
   34   1   0   0       0.94897088  s
   35   1   0   0       0.92987810  s
   36   1   0   0       1.27361482  s
   36   2   1  -1       0.94196948  p_y
   36   2   1   0       0.95101322  p_z
   36   2   1   1       0.96987379  p_x
   37   1   0   0       0.92489386  s
   38   1   0   0       0.93881938  s
   39   1   0   0       1.26772885  s
   39   2   1  -1       0.96000371  p_y
   39   2   1   0       0.90671522  p_z
   39   2   1   1       0.91461476  p_x
   40   1   0   0       0.95226743  s
   41   1   0   0       0.97238088  s
   42   1   0   0       1.23818723  s
   42   2   1  -1       0.95971056  p_y
   42   2   1   0       0.90718265  p_z
   42   2   1   1       1.01020710  p_x
   43   1   0   0       0.93310322  s
   44   1   0   0       0.99415183  s
   45   1   0   0       1.19579778  s
   45   2   1  -1       0.97040085  p_y
   45   2   1   0       0.91099668  p_z
   45   2   1   1       1.00501498  p_x
   46   1   0   0       0.92133207  s
   47   1   0   0       0.91887294  s
   48   1   0   0       1.20193931  s
   48   2   1  -1       0.97054877  p_y
   48   2   1   0       0.92944978  p_z
   48   2   1   1       0.99193327  p_x
   49   1   0   0       0.90178360  s
   50   1   0   0       0.99896063  s
   51   1   0   0       1.24826182  s
   51   2   1  -1       0.95875631  p_y
   51   2   1   0       0.90429102  p_z
   51   2   1   1       0.98862980  p_x
   52   1   0   0       0.99922836  s
   53   1   0   0       0.93062887  s
   54   1   0   0       1.23379620  s
   54   2   1  -1       0.97398123  p_y
   54   2   1   0       0.91886970  p_z
   54   2   1   1       0.95277355  p_x
   55   1   0   0       0.91651340  s
   56   1   0   0       0.93952069  s
   57   1   0   0       1.26286918  s
   57   2   1  -1       1.00169058  p_y
   57   2   1   0       0.95775780  p_z
   57   2   1   1       0.97098569  p_x
   58   1   0   0       0.91595837  s
   59   1   0   0       0.90918603  s
   60   1   0   0       0.98037610  s
   61   1   0   0       1.27683125  s
   61   2   1  -1       0.96958330  p_y
   61   2   1   0       0.98433406  p_z
   61   2   1   1       0.98411729  p_x
   62   1   0   0       0.93925225  s
   63   1   0   0       0.93118542  s
   64   1   0   0       0.93706426  s
   65   1   0   0       1.24624267  s
   65   2   1  -1       0.92911219  p_y
   65   2   1   0       0.97908626  p_z
   65   2   1   1       0.91402982  p_x
   66   1   0   0       0.98387971  s
   67   1   0   0       0.96754535  s
   68   1   0   0       1.25746682  s
   68   2   1  -1       0.94089312  p_y
   68   2   1   0       0.97918562  p_z
   68   2   1   1       0.91991890  p_x
   69   1   0   0       0.94021888  s
   70   1   0   0       0.92926410  s
   71   1   0   0       1.25953277  s
   71   2   1  -1       0.98093251  p_y
   71   2   1   0       0.90789784  p_z
   71   2   1   1       0.98280940  p_x
   72   1   0   0       0.95602746  s
   73   1   0   0       0.91470840  s
   74   1   0   0       1.25606855  s
   74   2   1  -1       0.95891898  p_y
   74   2   1   0       0.95019270  p_z
   74   2   1   1       0.96455984  p_x
   75   1   0   0       0.93128895  s
   76   1   0   0       0.94677999  s
   77   1   0   0       1.29830721  s
   77   2   1  -1       0.94662134  p_y
   77   2   1   0       0.97140376  p_z
   77   2   1   1       0.93306825  p_x
   78   1   0   0       0.93080879  s
   79   1   0   0       0.94856849  s
   80   1   0   0       1.27424065  s
   80   2   1  -1       0.97010704  p_y
   80   2   1   0       0.94252827  p_z
   80   2   1   1       0.94202302  p_x
   81   1   0   0       0.94750508  s
   82   1   0   0       0.92573142  s
   83   1   0   0       1.25289209  s
   83   2   1  -1       0.96395202  p_y
   83   2   1   0       0.92453848  p_z
   83   2   1   1       0.95904319  p_x
   84   1   0   0       0.93253735  s
   85   1   0   0       0.96219512  s
   86   1   0   0       1.21604260  s
   86   2   1  -1       0.96946654  p_y
   86   2   1   0       0.94637691  p_z
   86   2   1   1       0.98887021  p_x
   87   1   0   0       0.90636644  s
   88   1   0   0       0.91951702  s
   89   1   0   0       1.26426663  s
   89   2   1  -1       0.94021486  p_y
   89   2   1   0       1.01835120  p_z
   89   2   1   1       0.96713661  p_x
   90   1   0   0       0.92316352  s
   91   1   0   0       0.94079787  s
   92   1   0   0       0.94836565  s
   93   1   0   0       1.26024172  s
   93   2   1  -1       0.96148490  p_y
   93   2   1   0       0.99049592  p_z
   93   2   1   1       0.99077186  p_x
   94   1   0   0       0.95399119  s
   95   1   0   0       0.93439147  s
   96   1   0   0       0.93404506  s
   97   1   0   0       1.26250544  s
   97   2   1  -1       0.90803204  p_y
   97   2   1   0       0.94875549  p_z
   97   2   1   1       0.96867199  p_x
   98   1   0   0       0.97363896  s
   99   1   0   0       0.93950937  s
  100   1   0   0       1.22958786  s
  100   2   1  -1       0.92464697  p_y
  100   2   1   0       0.99263239  p_z
  100   2   1   1       0.97092683  p_x
  101   1   0   0       0.96089711  s
  102   1   0   0       0.94671971  s
  103   1   0   0       1.23350417  s
  103   2   1  -1       0.96947640  p_y
  103   2   1   0       0.91855467  p_z
  103   2   1   1       0.96472535  p_x
  104   1   0   0       0.93852266  s
  105   1   0   0       0.95099884  s
  106   1   0   0       1.22511463  s
  106   2   1  -1       0.98355421  p_y
  106   2   1   0       0.92062804  p_z
  106   2   1   1       0.96575899  p_x
  107   1   0   0       0.96391459  s
  108   1   0   0       0.93998938  s
  109   1   0   0       1.25866454  s
  109   2   1  -1       0.96284739  p_y
  109   2   1   0       0.98021280  p_z
  109   2   1   1       0.94480922  p_x
  110   1   0   0       0.92196765  s
  111   1   0   0       0.92466723  s
  112   1   0   0       1.23745157  s
  112   2   1  -1       0.97489837  p_y
  112   2   1   0       0.97926247  p_z
  112   2   1   1       0.91193193  p_x
  113   1   0   0       0.93578825  s
  114   1   0   0       0.93827524  s
  115   1   0   0       1.23138449  s
  115   2   1  -1       0.92937154  p_y
  115   2   1   0       0.98184220  p_z
  115   2   1   1       0.91083900  p_x
  116   1   0   0       0.91964176  s
  117   1   0   0       1.00042160  s
  118   1   0   0       1.29060707  s
  118   2   1  -1       0.95021019  p_y
  118   2   1   0       0.98514799  p_z
  118   2   1   1       1.01686007  p_x
  119   1   0   0       0.89477333  s
  120   1   0   0       0.92009483  s
  121   1   0   0       1.28285232  s
  121   2   1  -1       0.96947218  p_y
  121   2   1   0       0.99831205  p_z
  121   2   1   1       0.96287615  p_x
  122   1   0   0       0.93373409  s
  123   1   0   0       0.93456898  s
  124   1   0   0       0.91298393  s
  125   1   0   0       1.31008302  s
  125   2   1  -1       1.00544864  p_y
  125   2   1   0       0.95903915  p_z
  125   2   1   1       1.00282967  p_x
  126   1   0   0       0.99884884  s
  127   1   0   0       1.01028249  s
  128   1   0   0       0.92899153  s
  129   1   0   0       1.22392657  s
  129   2   1  -1       0.97231145  p_y
  129   2   1   0       1.00221722  p_z
  129   2   1   1       0.91509531  p_x
  130   1   0   0       0.93378788  s
  131   1   0   0       0.93612477  s
  132   1   0   0       1.21802048  s
  132   2   1  -1       0.98255879  p_y
  132   2   1   0       0.98865510  p_z
  132   2   1   1       0.90812134  p_x
  133   1   0   0       0.94868035  s
  134   1   0   0       0.97299617  s
  135   1   0   0       1.23321393  s
  135   2   1  -1       0.97999806  p_y
  135   2   1   0       0.95355731  p_z
  135   2   1   1       0.94495123  p_x
  136   1   0   0       0.94543908  s
  137   1   0   0       0.92608420  s
  138   1   0   0       1.25274611  s
  138   2   1  -1       1.01221324  p_y
  138   2   1   0       0.91327288  p_z
  138   2   1   1       0.93277250  p_x
  139   1   0   0       0.96534538  s
  140   1   0   0       0.95521322  s
  141   1   0   0       1.26290321  s
  141   2   1  -1       0.95678146  p_y
  141   2   1   0       0.98430270  p_z
  141   2   1   1       0.98426115  p_x
  142   1   0   0       0.91317068  s
  143   1   0   0       0.97071255  s
  144   1   0   0       1.20353316  s
  144   2   1  -1       0.93919567  p_y
  144   2   1   0       0.95711991  p_z
  144   2   1   1       0.96028893  p_x
  145   1   0   0       0.91855313  s
  146   1   0   0       0.92226271  s
  147   1   0   0       1.21281421  s
  147   2   1  -1       0.96368632  p_y
  147   2   1   0       0.93305443  p_z
  147   2   1   1       0.94315222  p_x
  148   1   0   0       0.96067601  s
  149   1   0   0       0.92485531  s
  150   1   0   0       1.27247234  s
  150   2   1  -1       0.96801270  p_y
  150   2   1   0       0.97305780  p_z
  150   2   1   1       1.02617275  p_x
  151   1   0   0       0.91523458  s
  152   1   0   0       0.90867424  s
  153   1   0   0       1.26731141  s
  153   2   1  -1       0.96877460  p_y
  153   2   1   0       1.02868751  p_z
  153   2   1   1       0.97638281  p_x
  154   1   0   0       0.92079902  s
  155   1   0   0       0.91720060  s
  156   1   0   0       0.92139335  s
  157   1   0   0       1.25503349  s
  157   2   1  -1       1.00762969  p_y
  157   2   1   0       1.03081307  p_z
  157   2   1   1       0.93219501  p_x
  158   1   0   0       0.94528392  s
  159   1   0   0       0.92733793  s
  160   1   0   0       0.91692132  s
  161   1   0   0       1.24153215  s
  161   2   1  -1       1.01254972  p_y
  161   2   1   0       0.94762142  p_z
  161   2   1   1       0.92511097  p_x
  162   1   0   0       0.96818901  s
  163   1   0   0       0.92910121  s
  164   1   0   0       1.23157155  s
  164   2   1  -1       0.94339680  p_y
  164   2   1   0       0.97436535  p_z
  164   2   1   1       0.96347436  p_x
  165   1   0   0       0.92536871  s
  166   1   0   0       0.92025053  s
  167   1   0   0       1.24093443  s
  167   2   1  -1       0.94546595  p_y
  167   2   1   0       0.95519362  p_z
  167   2   1   1       0.94620189  p_x
  168   1   0   0       0.96393717  s
  169   1   0   0       0.94422884  s
  170   1   0   0       1.25326649  s
  170   2   1  -1       0.98844333  p_y
  170   2   1   0       0.95337739  p_z
  170   2   1   1       0.93769124  p_x
  171   1   0   0       0.94477250  s
  172   1   0   0       0.95583197  s
  173   1   0   0       1.25075500  s
  173   2   1  -1       0.95959170  p_y
  173   2   1   0       0.95500393  p_z
  173   2   1   1       0.93530434  p_x
  174   1   0   0       0.96081208  s
  175   1   0   0       0.92852612  s
  176   1   0   0       1.24449535  s
  176   2   1  -1       0.95101594  p_y
  176   2   1   0       0.97328627  p_z
  176   2   1   1       0.93932025  p_x
  177   1   0   0       0.92616938  s
  178   1   0   0       0.95894705  s
  179   1   0   0       1.25062447  s
  179   2   1  -1       0.99374746  p_y
  179   2   1   0       0.93784506  p_z
  179   2   1   1       0.95544529  p_x
  180   1   0   0       0.92556703  s
  181   1   0   0       0.94195357  s
  182   1   0   0       1.23981855  s
  182   2   1  -1       0.98486215  p_y
  182   2   1   0       0.93956913  p_z
  182   2   1   1       0.92747527  p_x
  183   1   0   0       0.93273858  s
  184   1   0   0       0.97080829  s
  185   1   0   0       1.27811726  s
  185   2   1  -1       0.97080840  p_y
  185   2   1   0       0.96985507  p_z
  185   2   1   1       0.95010301  p_x
  186   1   0   0       0.93270525  s
  187   1   0   0       0.93125754  s
  188   1   0   0       0.96367733  s
  189   1   0   0       1.26504633  s
  189   2   1  -1       0.96101451  p_y
  189   2   1   0       1.00680110  p_z
  189   2   1   1       0.96237582  p_x
  190   1   0   0       0.94714768  s
  191   1   0   0       0.93064488  s
  192   1   0   0       0.93548701  s
  193   1   0   0       1.22475735  s
  193   2   1  -1       0.96358877  p_y
  193   2   1   0       0.91883518  p_z
  193   2   1   1       0.97168835  p_x
  194   1   0   0       0.94409099  s
  195   1   0   0       0.96033471  s
  196   1   0   0       1.25993037  s
  196   2   1  -1       0.91507812  p_y
  196   2   1   0       0.93122201  p_z
  196   2   1   1       0.98850213  p_x
  197   1   0   0       0.95138473  s
  198   1   0   0       0.95616066  s
  199   1   0   0       1.25109770  s
  199   2   1  -1       0.91617538  p_y
  199   2   1   0       0.98971567  p_z
  199   2   1   1       0.95328355  p_x
  200   1   0   0       0.96112870  s
  201   1   0   0       0.94157522  s
  202   1   0   0       1.24593892  s
  202   2   1  -1       0.94917477  p_y
  202   2   1   0       0.98776033  p_z
  202   2   1   1       0.92418086  p_x
  203   1   0   0       0.92753592  s
  204   1   0   0       0.93152730  s
  205   1   0   0       1.23809590  s
  205   2   1  -1       0.99036635  p_y
  205   2   1   0       0.93127688  p_z
  205   2   1   1       0.95736522  p_x
  206   1   0   0       0.95385911  s
  207   1   0   0       0.94424660  s
  208   1   0   0       1.24585265  s
  208   2   1  -1       0.95819197  p_y
  208   2   1   0       0.93789030  p_z
  208   2   1   1       0.95871407  p_x
  209   1   0   0       0.97070041  s
  210   1   0   0       0.93422872  s
  211   1   0   0       1.23971929  s
  211   2   1  -1       0.96183320  p_y
  211   2   1   0       0.96196691  p_z
  211   2   1   1       0.96650618  p_x
  212   1   0   0       0.93855317  s
  213   1   0   0       0.93506658  s
  214   1   0   0       1.22129128  s
  214   2   1  -1       0.96418549  p_y
  214   2   1   0       0.94904425  p_z
  214   2   1   1       0.93193683  p_x
  215   1   0   0       0.96299530  s
  216   1   0   0       0.95728603  s
  217   1   0   0       1.27427335  s
  217   2   1  -1       0.96276753  p_y
  217   2   1   0       0.95146155  p_z
  217   2   1   1       0.98324375  p_x
  218   1   0   0       0.96056302  s
  219   1   0   0       0.94670125  s
  220   1   0   0       0.95069991  s
  221   1   0   0       1.27885118  s
  221   2   1  -1       0.98293981  p_y
  221   2   1   0       0.95078143  p_z
  221   2   1   1       0.95271486  p_x
  222   1   0   0       0.94621435  s
  223   1   0   0       0.95254609  s
  224   1   0   0       0.93745306  s
  225   1   0   0       1.23349458  s
  225   2   1  -1       0.95627957  p_y
  225   2   1   0       0.94909197  p_z
  225   2   1   1       0.98567059  p_x
  226   1   0   0       0.92370854  s
  227   1   0   0       0.93604612  s
  228   1   0   0       1.23120545  s
  228   2   1  -1       0.94289474  p_y
  228   2   1   0       0.96403946  p_z
  228   2   1   1       0.97859702  p_x
  229   1   0   0       0.93436153  s
  230   1   0   0       0.94434594  s
  231   1   0   0       1.24582158  s
  231   2   1  -1       0.95420435  p_y
  231   2   1   0       0.94473811  p_z
  231   2   1   1       0.98037663  p_x
  232   1   0   0       0.90826095  s
  233   1   0   0       0.94133153  s
  234   1   0   0       1.25738271  s
  234   2   1  -1       0.99030864  p_y
  234   2   1   0       0.92505126  p_z
  234   2   1   1       0.97555482  p_x
  235   1   0   0       0.92828343  s
  236   1   0   0       0.93046740  s
  237   1   0   0       1.23209269  s
  237   2   1  -1       0.93134124  p_y
  237   2   1   0       0.97831419  p_z
  237   2   1   1       0.95091776  p_x
  238   1   0   0       0.93182794  s
  239   1   0   0       0.95947579  s
  240   1   0   0       1.25070043  s
  240   2   1  -1       0.90386458  p_y
  240   2   1   0       0.96040122  p_z
  240   2   1   1       0.96763464  p_x
  241   1   0   0       0.95783934  s
  242   1   0   0       0.96271267  s
  243   1   0   0       1.27710309  s
  243   2   1  -1       0.95161829  p_y
  243   2   1   0       0.96288642  p_z
  243   2   1   1       0.92679529  p_x
  244   1   0   0       0.94911349  s
  245   1   0   0       0.96029106  s
  246   1   0   0       1.24675564  s
  246   2   1  -1       0.98104721  p_y
  246   2   1   0       0.97385079  p_z
  246   2   1   1       0.90582300  p_x
  247   1   0   0       0.93362398  s
  248   1   0   0       0.95946623  s
  249   1   0   0       1.29134012  s
  249   2   1  -1       0.97154942  p_y
  249   2   1   0       0.95342903  p_z
  249   2   1   1       0.95894396  p_x
  250   1   0   0       0.94805888  s
  251   1   0   0       0.96482009  s
  252   1   0   0       0.93047267  s
  253   1   0   0       1.26576948  s
  253   2   1  -1       0.95755617  p_y
  253   2   1   0       1.00404114  p_z
  253   2   1   1       0.96973577  p_x
  254   1   0   0       0.92601247  s
  255   1   0   0       0.93441215  s
  256   1   0   0       0.94637122  s
  257   1   0   0       1.21928899  s
  257   2   1  -1       0.97127947  p_y
  257   2   1   0       0.95196352  p_z
  257   2   1   1       0.93792243  p_x
  258   1   0   0       0.92603110  s
  259   1   0   0       0.94397700  s
  260   1   0   0       1.26319333  s
  260   2   1  -1       0.92828592  p_y
  260   2   1   0       0.96446034  p_z
  260   2   1   1       0.96890198  p_x
  261   1   0   0       0.94324965  s
  262   1   0   0       0.93801885  s
  263   1   0   0       1.27389934  s
  263   2   1  -1       0.91367285  p_y
  263   2   1   0       0.96121599  p_z
  263   2   1   1       0.95562105  p_x
  264   1   0   0       0.94291055  s
  265   1   0   0       0.97635069  s
  266   1   0   0       1.23376088  s
  266   2   1  -1       0.97107541  p_y
  266   2   1   0       0.95064756  p_z
  266   2   1   1       0.94020531  p_x
  267   1   0   0       0.96315165  s
  268   1   0   0       0.94103488  s
  269   1   0   0       1.22237869  s
  269   2   1  -1       0.98535765  p_y
  269   2   1   0       0.96075886  p_z
  269   2   1   1       0.96717642  p_x
  270   1   0   0       0.93537966  s
  271   1   0   0       0.93383180  s
  272   1   0   0       1.23869492  s
  272   2   1  -1       0.91817207  p_y
  272   2   1   0       0.96410842  p_z
  272   2   1   1       1.00128497  p_x
  273   1   0   0       0.93441883  s
  274   1   0   0       0.93470587  s
  275   1   0   0       1.23723204  s
  275   2   1  -1       0.96321513  p_y
  275   2   1   0       0.96036222  p_z
  275   2   1   1       0.95541531  p_x
  276   1   0   0       0.94481455  s
  277   1   0   0       0.93387701  s
  278   1   0   0       1.24736134  s
  278   2   1  -1       0.96085538  p_y
  278   2   1   0       0.94219768  p_z
  278   2   1   1       0.96421722  p_x
  279   1   0   0       0.92089489  s
  280   1   0   0       0.94827665  s
  281   1   0   0       1.25409141  s
  281   2   1  -1       0.97373386  p_y
  281   2   1   0       1.01959364  p_z
  281   2   1   1       0.95933795  p_x
  282   1   0   0       0.92835371  s
  283   1   0   0       0.96291275  s
  284   1   0   0       0.93325595  s
  285   1   0   0       1.29243703  s
  285   2   1  -1       0.95697226  p_y
  285   2   1   0       0.97352669  p_z
  285   2   1   1       0.99167314  p_x
  286   1   0   0       0.93859796  s
  287   1   0   0       0.90296285  s
  288   1   0   0       0.95030948  s
  289   1   0   0       1.25679565  s
  289   2   1  -1       0.96342948  p_y
  289   2   1   0       0.93042914  p_z
  289   2   1   1       0.97392863  p_x
  290   1   0   0       0.92694713  s
  291   1   0   0       0.91381516  s
  292   1   0   0       1.26795720  s
  292   2   1  -1       0.95199041  p_y
  292   2   1   0       0.94056300  p_z
  292   2   1   1       0.93667174  p_x
  293   1   0   0       0.95591835  s
  294   1   0   0       0.94087979  s
  295   1   0   0       1.26050670  s
  295   2   1  -1       0.95939024  p_y
  295   2   1   0       0.95498657  p_z
  295   2   1   1       0.95359695  p_x
  296   1   0   0       0.93949834  s
  297   1   0   0       0.96359253  s
  298   1   0   0       1.24177247  s
  298   2   1  -1       0.92876105  p_y
  298   2   1   0       0.96374212  p_z
  298   2   1   1       0.98446166  p_x
  299   1   0   0       0.91905218  s
  300   1   0   0       0.93855167  s
  301   1   0   0       1.23692326  s
  301   2   1  -1       0.95903058  p_y
  301   2   1   0       0.95837039  p_z
  301   2   1   1       0.93475808  p_x
  302   1   0   0       0.94600833  s
  303   1   0   0       0.96038322  s
  304   1   0   0       1.21845396  s
  304   2   1  -1       0.97405906  p_y
  304   2   1   0       0.94184761  p_z
  304   2   1   1       0.96284748  p_x
  305   1   0   0       0.96441736  s
  306   1   0   0       0.93708514  s
  307   1   0   0       1.23053418  s
  307   2   1  -1       0.97878334  p_y
  307   2   1   0       0.93312013  p_z
  307   2   1   1       0.97453053  p_x
  308   1   0   0       0.92771479  s
  309   1   0   0       0.96546086  s
  310   1   0   0       1.22225968  s
  310   2   1  -1       0.98262125  p_y
  310   2   1   0       0.92322195  p_z
  310   2   1   1       0.94795919  p_x
  311   1   0   0       0.98633738  s
  312   1   0   0       0.94050123  s
  313   1   0   0       1.26819563  s
  313   2   1  -1       1.00082558  p_y
  313   2   1   0       0.97864722  p_z
  313   2   1   1       1.00302204  p_x
  314   1   0   0       0.92298906  s
  315   1   0   0       0.91527906  s
  316   1   0   0       0.93908259  s
  317   1   0   0       1.23231895  s
  317   2   1  -1       0.99438536  p_y
  317   2   1   0       0.99228660  p_z
  317   2   1   1       0.97228968  p_x
  318   1   0   0       0.92991181  s
  319   1   0   0       0.95422850  s
  320   1   0   0       0.91976708  s
  321   1   0   0       1.23015729  s
  321   2   1  -1       0.92270786  p_y
  321   2   1   0       0.99949165  p_z
  321   2   1   1       0.96875954  p_x
  322   1   0   0       0.94998656  s
  323   1   0   0       0.92563293  s
  324   1   0   0       1.22911532  s
  324   2   1  -1       0.93122852  p_y
  324   2   1   0       0.97752543  p_z
  324   2   1   1       0.98415954  p_x
  325   1   0   0       0.93130719  s
  326   1   0   0       0.93842862  s
  327   1   0   0       1.24507413  s
  327   2   1  -1       0.90063231  p_y
  327   2   1   0       0.89056184  p_z
  327   2   1   1       1.00720494  p_x
  328   1   0   0       0.94195806  s
  329   1   0   0       0.91902950  s
  330   1   0   0       1.25478663  s
  330   2   1  -1       0.90817693  p_y
  330   2   1   0       0.98492991  p_z
  330   2   1   1       0.99596675  p_x
  331   1   0   0       0.91495012  s
  332   1   0   0       0.95663770  s
  333   1   0   0       1.24780548  s
  333   2   1  -1       0.94613172  p_y
  333   2   1   0       0.96700772  p_z
  333   2   1   1       0.95865645  p_x
  334   1   0   0       0.92649398  s
  335   1   0   0       0.93278267  s
  336   1   0   0       1.27362119  s
  336   2   1  -1       0.89761997  p_y
  336   2   1   0       0.99115634  p_z
  336   2   1   1       1.01452641  p_x
  337   1   0   0       0.89784520  s
  338   1   0   0       0.93532509  s
  339   1   0   0       1.25408111  s
  339   2   1  -1       0.90493577  p_y
  339   2   1   0       0.94738128  p_z
  339   2   1   1       0.94607661  p_x
  340   1   0   0       0.98558547  s
  341   1   0   0       0.94855000  s
  342   1   0   0       1.22345364  s
  342   2   1  -1       0.96509567  p_y
  342   2   1   0       0.91630149  p_z
  342   2   1   1       0.97800417  p_x
  343   1   0   0       0.93861523  s
  344   1   0   0       0.96328030  s
  345   1   0   0       1.24633216  s
  345   2   1  -1       1.00401636  p_y
  345   2   1   0       0.98214927  p_z
  345   2   1   1       0.97661952  p_x
  346   1   0   0       0.94133336  s
  347   1   0   0       0.91341808  s
  348   1   0   0       0.92169822  s
  349   1   0   0       1.27153692  s
  349   2   1  -1       0.98232237  p_y
  349   2   1   0       0.96054804  p_z
  349   2   1   1       1.00737223  p_x
  350   1   0   0       0.94555526  s
  351   1   0   0       0.92837812  s
  352   1   0   0       0.91610003  s
 
Fermi level:                        -0.1584877497 H           -4.3127 eV
Band energy:                      -277.5124769670 H        -7551.4987 eV
TS:                                  0.0000000000 H            0.0000 eV
Band free energy (E-TS):          -277.5124769670 H        -7551.4987 eV
Extrapolated E(0K):               -277.5124769670 H        -7551.4987 eV
Input / Output electrons (q):    682.0000000000    682.0000000000
 
Energy H0:                        -282.0665639939 H        -7675.4217 eV
Energy SCC:                          0.0831171919 H            2.2617 eV
Total Electronic energy:          -281.9834468019 H        -7673.1600 eV
Repulsive energy:                    4.8565575384 H          132.1537 eV
Dispersion energy:                   1.1162290488 H           30.3741 eV
Total energy:                     -276.0106602148 H        -7510.6322 eV
Extrapolated to 0:                -276.0106602148 H        -7510.6322 eV
Total Mermin free energy:         -276.0106602148 H        -7510.6322 eV
Force related energy:             -276.0106602148 H        -7510.6322 eV
 
SCC converged
 
Full geometry written in geo_end.{xyz|gen}
 
MD Kinetic Energy:                   1.7121978563 H
Total MD Energy:                  -274.2984623584 H
Pressure:                            0.411047E-04 au     0.120934E+10 Pa
MD Temperature:                      0.0032520377 H         1026.9111 K
MD Kinetic Energy:                   1.7121978563 H
Total MD Energy:                  -274.2984623584 H        -7464.0409 eV
MD Temperature:                      0.0032520377 H         1026.9111 K
 
Molecular dynamics completed
 
