 Fermi distribution function
 
MD step: 100000
 

********************************************************************************
 iSCC Total electronic   Diff electronic      SCC error    
    5   -0.28296935E+03    0.33935521E-10    0.81794840E-06
********************************************************************************
 
Coordinates of moved atoms (au):
    1     83.16820583     53.70928594     81.26854743
    2     84.45990189     52.51501476     82.45989108
    3     84.31186143     54.45253568     79.65420536
    4     80.72631611     81.04900756     80.67848363
    5     79.48163826     82.08889187     79.37068025
    6     50.63945483     80.63733979     82.32076484
    7     81.44259629     78.34060988     79.59578962
    8     51.08634492     76.78956944     80.09362643
    9     83.10365651     77.74495733     80.87344114
   10     53.01682441     78.26026772     76.72226165
   11     54.66514719     79.61694675     76.31968570
   12     51.34529420     79.21293807     75.82041738
   13     82.25912534     75.55596320     75.89811188
   14     80.42424688     74.50308100     76.26363829
   15     83.51406375     74.82874201     77.30938975
   16     54.37306634     75.09584284     73.27325526
   17     54.79365785     73.16331703     73.04802351
   18     56.17089706     76.24984907     73.26569380
   19     81.64705233     75.94979874     71.14772154
   20     80.25061404     77.37416402     71.82453549
   21     80.71591250     74.19400563     70.63170692
   22     83.06431567     76.83528310     68.84273340
   23     52.58904778     76.73197180     67.36002354
   24     55.64878333     75.57510711     68.34773531
   25     82.84970912     56.23727890     82.62310117
   26     84.67454539     57.13618215     82.65931317
   27     81.51666004     57.45146828     81.82943126
   28     82.44392875     56.26160061     84.64686517
   29     84.31802896     79.38875545     68.90859402
   30     83.20054966     80.70465636     67.83409850
   31     84.32090059     80.24292776     70.70712336
   32     86.32310334     79.29972548     68.33309428
   33     58.38300284     64.90738001     56.64009667
   34     60.01964877     65.93826111     55.92143032
   35     57.10696223     66.17460455     57.45352132
   36     57.07966981     63.32831800     54.56850507
   37     55.36945526     62.41057399     55.21522454
   38     58.34756705     61.85216250     53.77720308
   39     56.59725182     65.19862642     52.38558890
   40     58.41440490     66.36951934     52.15648296
   41     54.94390175     66.58252881     52.84665720
   42     55.90475209     64.28821463     49.60672669
   43     86.61540450     64.53718915     48.33170177
   44     54.71374606     65.73002611     48.59245673
   45     54.63671289     61.63165650     49.37553722
   46     52.77386545     61.93439195     50.30694906
   47     84.62659902     60.36122349     50.74928988
   48     83.26440064     60.76608263     46.65046256
   49     85.20791534     60.25077100     45.76783689
   50     82.58447000     62.34486597     45.32943286
   51     52.51884812     58.36567086     46.59213137
   52     51.25740918     58.63321508     48.28240978
   53     53.75049343     56.59924128     46.72068968
   54     79.72412420     58.13048847     73.11159212
   55     79.15421382     56.18604426     72.94816265
   56     80.68508696     58.43967963     71.29027110
   57     59.26096840     63.26518778     58.86598973
   58     60.40122467     64.48254119     60.06552444
   59     57.55408347     62.57818931     59.98155488
   60     60.25880722     61.57352337     58.31206978
   61     48.30397945     59.53270548     73.37915697
   62     47.53813073     59.78911592     71.50983133
   63     47.18534292     58.50702965     74.81595806
   64     48.68054325     61.40838366     74.35017456
   65     70.51527924     84.61472594     77.46999177
   66     70.58445604     82.62521564     76.86555163
   67     72.59478812     85.03105950     77.67971158
   68     69.42011322     86.29507569     75.07805079
   69     69.96855267     88.35188057     75.00594522
   70     67.51793698     86.37013229     75.34256939
   71     70.26828759     85.21133574     72.46282588
   72     69.50708463     83.34557154     72.54170857
   73     72.43672228     85.03726719     72.53852655
   74     69.17289497     57.72222508     70.14833250
   75     69.68216733     59.72315457     70.36172400
   76     67.03316174     57.46888843     70.25585046
   77     70.10858200     56.76928803     67.54529131
   78     70.92841164     83.79121047     67.58904836
   79     71.54298403     86.72918383     66.59462208
   80     67.87751066     56.82742625     65.60213773
   81     66.51748777     58.34176445     66.07043779
   82     66.98069450     55.02833890     65.92245296
   83     68.90503576     57.24364303     62.89503163
   84     69.89352974     55.49666135     62.15840329
   85     70.14305018     58.84911271     63.01114037
   86     66.83362739     57.76061137     60.85075541
   87     66.08614366     59.79372648     61.05556656
   88     65.23159410     56.48095056     61.18159578
   89     69.19826341     84.92959556     80.01821031
   90     70.16383358     86.57759149     80.88703520
   91     67.01318545     85.27587814     79.81653731
   92     68.99575200     83.02194074     80.95637820
   93     67.93193832     57.41740753     58.21086186
   94     67.97905709     55.39683796     57.66416816
   95     66.63153954     58.25492125     56.78445833
   96     69.86868380     58.35657145     58.13419632
   97     57.76627231     70.21381590     92.38508312
   98     56.13174800     69.87738604     91.27331219
   99     57.63663754     72.19450562     93.23266465
  100     57.73775615     68.26369783     94.71492326
  101     59.48287368     68.39235900     95.54797564
  102     57.26726155     66.48013064     94.11094541
  103     55.60211552     68.74141704     96.52306212
  104     53.74541143     68.60163784     95.39740173
  105     55.49667436     70.69392833     97.27739533
  106     55.48763477     66.72929232     69.49869807
  107     57.31236494     66.51396249     70.53549414
  108     55.13252681     64.90854982     68.40741917
  109     53.35908124     67.17615747     71.54287032
  110     53.55926611     69.10807412     72.52416869
  111     53.56269933     65.53167899     72.93926537
  112     50.70335792     67.48432952     70.60660604
  113     50.39294808     69.21070345     69.80476553
  114     49.47002430     67.71399724     72.34737614
  115     49.39169545     65.31250654     69.17540263
  116     50.12747176     63.61319885     70.27140780
  117     49.88912217     65.36918836     67.02032468
  118     46.13581667     65.54259655     69.07955546
  119     45.80675544     67.47385275     68.57476304
  120     45.21716721     65.32154776     70.92610871
  121     60.15006554     70.18494471     90.90955698
  122     60.34246257     68.27882835     89.80889527
  123     60.71984874     71.75888388     89.76809266
  124     61.75778672     70.44804021     92.30740973
  125     45.29303049     63.66907290     67.21781375
  126     46.65706548     62.01648586     67.10466856
  127     43.30218084     63.17932779     67.42759987
  128     45.25395515     64.55773866     65.37377371
  129     64.69686533     77.95743864     60.18273823
  130     65.91217819     76.24173926     59.95331038
  131     62.81385032     76.91515755     60.32826797
  132     65.27811702     79.39933964     62.60491633
  133     64.49438281     81.38603158     62.39076549
  134     67.26811903     79.32569839     62.98578671
  135     63.85316264     78.42049186     64.92648120
  136     61.76905678     78.72891436     64.68531862
  137     64.35067011     79.56385278     66.66129292
  138     64.32020752     75.51767463     65.57849927
  139     66.32479103     75.70703560     66.50526495
  140     64.20966284     74.18591279     63.84969988
  141     62.35137989     74.95671063     67.67626566
  142     60.50992365     75.28570593     66.51235816
  143     62.54777131     76.45796325     69.21055396
  144     62.64791024     72.31300451     68.99408473
  145     64.68976050     72.15481157     69.55399266
  146     62.19785310     70.60978632     67.77060826
  147     61.16805374     72.28210466     71.35581212
  148     59.09422279     72.39907136     70.62411584
  149     61.41813896     74.26465964     72.17357321
  150     61.63042697     70.08869903     73.12541155
  151     63.25032649     70.73147986     74.34791158
  152     62.32805625     68.28989271     72.19058184
  153     64.91054096     79.59012768     57.82031888
  154     64.26813952     49.48965286     56.14601141
  155     63.67083688     81.27388476     57.90216542
  156     66.84637215     80.18511059     57.76763433
  157     59.40232636     69.41761277     74.87133567
  158     59.88735123     69.37811834     76.88761260
  159     58.07865802     70.98706651     74.95188766
  160     58.49956310     67.66862592     74.28240061
  161     74.30184487     49.49845769     57.89295586
  162     75.96975412     49.59107726     59.18135365
  163     74.86070070     48.13728431     56.36227602
  164     71.96084491     48.45317491     59.10867481
  165     70.83541502     47.36262673     57.83284234
  166     70.86872483     49.92547080     60.14827237
  167     72.61675707     46.38547675     61.03457425
  168     74.08314914     45.35199568     60.08193228
  169     70.96443203     45.00232789     61.09714842
  170     73.35544569     47.29460682     63.69005446
  171     71.67768624     48.07747135     64.65801384
  172     74.41422632     49.16106894     63.41294111
  173     74.51383232     74.42089787     65.47544866
  174     73.47038590     72.77649137     65.90683854
  175     74.75473707     46.34537706     67.25395260
  176     77.14174965     73.34994883     64.75287675
  177     78.21698212     72.96048204     66.51948072
  178     78.42737301     74.65979991     63.71067469
  179     76.67696455     70.94520656     63.24773310
  180     75.52527120     71.64827520     61.56772390
  181     75.36099609     69.57241568     64.37000095
  182     78.60077509     69.06216996     62.27878886
  183     79.35421781     67.90552575     63.85830309
  184     80.38059372     70.01898644     61.47017156
  185     73.89974016     52.16366942     56.86099465
  186     72.62986386     52.12256368     55.08324995
  187     72.93634517     53.41354308     58.14804164
  188     75.64560956     53.22830514     85.06142311
  189     77.37179812     67.25976905     60.29382997
  190     78.78843898     66.18182330     59.17616997
  191     76.15241946     65.88019891     61.26534437
  192     76.30389318     68.24864482     58.90463565
  193     63.11448296     49.93339278     78.95895555
  194     65.09761099     49.37286869     78.77227881
  195     62.37222339     78.95319646     76.85399024
  196     61.35060541     48.02712763     80.33951334
  197     59.44734707     48.55630257     80.15205249
  198     61.85001638     77.09022408     82.34060648
  199     61.95551221     45.27213147     79.61388580
  200     61.75856962     45.03401749     77.56645338
  201     60.42849890     44.02397836     80.39506746
  202     64.54022041     44.28303467     80.21550715
  203     65.77636404     45.46561706     79.18433721
  204     64.87958947     42.48372144     79.27750504
  205     65.42486604     44.41466503     82.98487359
  206     63.89464752     43.73397689     84.32110727
  207     65.52192843     46.36561800     83.56865608
  208     67.85055756     43.13993371     83.59110467
  209     67.81502491     41.03572387     83.13183518
  210     68.00035804     43.15825636     85.66347096
  211     70.35855954     73.13248840     82.25449400
  212     70.78680550     75.19997099     82.66581962
  213     69.91840861     72.88275326     80.22713734
  214     72.61385481     71.48434976     83.11708693
  215     72.21921998     69.63096650     82.31503705
  216     72.63834231     71.33486190     85.21076579
  217     62.64838998     52.58295502     80.10100336
  218     64.45024242     53.39292729     51.95241391
  219     62.23694819     53.82772327     49.61864747
  220     61.23345249     52.48807007     81.59287345
  221     75.32512659     72.19196968     82.16126913
  222     76.06879682     70.97979648     80.61704883
  223     75.64019891     74.14910995     81.63707004
  224     76.80934428     72.04348252     83.66299659
  225     57.05537590     85.89404151     65.56685281
  226     55.74742459     84.37233299     65.90966535
  227     58.61235774     85.46674892     66.88683858
  228     58.18992958     56.52931175     62.89647989
  229     59.95622143     57.74922973     62.61411234
  230     56.60871455     57.17983463     61.55278091
  231     58.83887096     82.84138366     62.44081726
  232     60.25777501     82.12442109     63.84464194
  233     59.76362144     82.63935515     60.51145349
  234     56.62965080     80.93594013     62.43794535
  235     55.55072136     81.11011156     64.15182523
  236     57.55064668     79.05172243     62.25774179
  237     54.53364332     81.61364440     60.40519735
  238     55.34984074     82.23592974     58.61258738
  239     53.51882051     54.35510831     61.05370251
  240     52.56439373     79.45333503     59.79444777
  241     50.96226726     51.18991197     58.84946424
  242     51.83259028     49.70977395     61.51807128
  243     53.55720115     77.40540541     58.12885862
  244     55.21121458     76.56412008     59.06539657
  245     54.28989242     78.11764933     56.23080004
  246     51.59594246     75.32399382     57.90366139
  247     50.14440167     75.53498018     56.47998680
  248     50.49224788     75.25866143     59.68772982
  249     55.92708148     59.50149479     66.05501797
  250     55.35363863     59.63129256     68.02471715
  251     57.20243238     60.90106294     65.70898348
  252     54.32851058     59.68970419     64.70220681
  253     52.89908969     72.87090571     57.24050958
  254     51.38270086     71.50266903     56.79535667
  255     54.23173145     73.25119671     55.55689794
  256     54.05586064     72.21671541     87.85151680
  257     77.57558003     56.57898484     66.20731192
  258     79.61212103     57.33953300     66.80645224
  259     76.40979225     58.07546411     67.06667969
  260     77.28216004     56.69746645     63.35055328
  261     75.28107218     56.63439191     62.73559707
  262     78.24626608     54.81903576     62.66650469
  263     78.16787763     59.20423726     62.18375768
  264     80.21443600     59.15737820     62.48064624
  265     77.31290860     60.93388307     63.04477768
  266     77.83427475     59.41719441     59.32985859
  267     78.87362626     57.73783029     58.23943733
  268     78.72215667     61.29888399     58.72916443
  269     75.19082390     59.29357309     58.27112252
  270     74.26638054     61.22744958     59.05113326
  271     74.05274543     57.73934843     59.26590001
  272     74.88519693     59.28425787     55.48250858
  273     72.87511994     59.09656554     54.97383360
  274     75.75072934     57.39341996     54.79778954
  275     76.24127864     61.55565570     54.16528420
  276     78.34693283     61.39920068     54.22342680
  277     75.86383127     63.27150376     55.21113509
  278     75.52856971     61.62484146     51.27480929
  279     75.54392928     59.82347156     50.53383413
  280     76.89939830     62.74862144     50.22594275
  281     76.59910125     54.05224643     67.19955936
  282     74.42999588     53.97253711     66.97402251
  283     77.46516876     52.60545214     66.07279413
  284     77.17012428     53.64770490     69.04152718
  285     72.95786562     62.79782500     50.91022371
  286     71.70214279     62.61862118     52.66121080
  287     73.16728055     64.86858626     50.79326346
  288     72.01839517     62.22076174     49.03911592
  289     68.90938058     64.80089704     59.11132403
  290     70.56232296     66.08295961     58.88134810
  291     69.51279544     62.74589167     59.58955980
  292     67.06329044     65.87386791     61.09519307
  293     65.24625281     64.53336894     61.45363982
  294     66.32832457     67.76839981     60.27244340
  295     68.57526860     66.13952578     63.59574811
  296     70.23986240     67.36728847     63.27265515
  297     69.34037442     64.26159838     35.10465811
  298     66.94961334     67.18298516     36.85344582
  299     65.99348227     68.96302066     65.33843989
  300     68.28295662     67.68228738     38.30019761
  301     65.18409200     65.32510465     38.10805340
  302     64.01595259     64.10064194     36.96798472
  303     63.88494010     66.36309274     68.14509316
  304     66.71361317     63.74873670     39.91863177
  305     68.30478452     65.04937265     40.53693199
  306     67.58474185     62.04060334     39.01042498
  307     64.91732740     63.01771537     42.21970248
  308     64.04536022     64.76036879     42.91066320
  309     65.87909336     62.20486802     43.87542044
  310     62.79583559     61.08364400     41.48000824
  311     63.41459525     59.85769642     39.96269707
  312     61.10632098     62.26447258     41.21855952
  313     67.74134837     64.52455015     56.39657027
  314     66.23153151     63.15063792     56.24964021
  315     67.05152162     66.34466858     55.83685506
  316     69.08454535     63.95199136     55.04657310
  317     62.15642178     59.33446329     43.61976749
  318     63.79845364     58.44192240     44.62596138
  319     60.92689754     60.31194047     45.11593122
  320     61.02607475     57.74820641     42.89308232
  321     65.86346159     63.02023485     50.04646419
  322     66.33059752     61.48666911     48.62054081
  323     67.03215066     62.74854679     51.65092579
  324     65.79229977     65.58859930     77.85968676
  325     64.83012495     67.12509085     79.15236899
  326     64.62129988     65.49709857     76.09185005
  327     68.37004537     66.46352982     77.05865802
  328     68.93712026     64.86144617     75.91504605
  329     69.46308623     66.97385118     78.81220989
  330     68.56894283     69.03518253     75.58468434
  331     68.79597765     70.47838552     77.19706417
  332     66.85403010     69.21852675     74.54138172
  333     70.82236884     69.32723295     73.71288951
  334     70.90748315     67.43552078     72.86179447
  335     72.57207470     69.44381413     74.83586285
  336     70.53102584     71.53987903     71.74981541
  337     68.38362586     71.70450827     71.65420670
  338     70.85822223     70.66840188     69.73167965
  339     72.01389173     73.95830076     72.14306925
  340     71.33673356     75.50479025     70.73921521
  341     73.92075159     73.75043437     71.37753582
  342     72.04260045     75.05395635     74.90900114
  343     72.42723665     73.52098181     76.22211911
  344     69.96572547     75.54167580     75.63813297
  345     63.24384420     62.29901851     51.07322414
  346     61.49460046     62.81682580     50.05132389
  347     63.12801099     60.23832280     51.44362048
  348     63.15451388     63.32819569     52.94091324
  349     73.52946402     77.45396243     75.35842709
  350     75.55277373     77.19118783     74.87400093
  351     72.84526276     78.84840284     74.07023647
  352     73.25609689     78.20148421     77.23588210
 
 Total charge:     0.00000000

 Atomic gross charges (e)
 Atom           Charge
    1      -0.09120146
    2       0.05029559
    3       0.06055620
    4      -0.11601596
    5       0.05722976
    6       0.06936188
    7      -0.11444124
    8       0.04772515
    9       0.04072200
   10      -0.08668652
   11       0.04980347
   12       0.04443865
   13      -0.10364464
   14       0.04545540
   15       0.05793715
   16      -0.11084030
   17       0.06692351
   18       0.05025938
   19      -0.10491280
   20       0.05994696
   21       0.05238578
   22      -0.09377971
   23       0.04492166
   24       0.06119190
   25      -0.21989732
   26       0.05918055
   27       0.07711496
   28       0.05902911
   29      -0.21337011
   30       0.06849666
   31       0.07183618
   32       0.06458709
   33      -0.11011128
   34       0.06331269
   35       0.07236209
   36      -0.10211495
   37       0.06649478
   38       0.05839524
   39      -0.09988097
   40       0.04550803
   41       0.03823197
   42      -0.11621510
   43       0.03717954
   44       0.04583342
   45      -0.09747150
   46       0.04979654
   47       0.05890737
   48      -0.08992037
   49       0.03792036
   50       0.05651917
   51      -0.11327516
   52       0.06071473
   53       0.05509415
   54      -0.11417722
   55       0.05320530
   56       0.05910716
   57      -0.20977534
   58       0.06900358
   59       0.05051698
   60       0.07134744
   61      -0.19903753
   62       0.08257260
   63       0.06653757
   64       0.05391069
   65      -0.10609425
   66       0.05527066
   67       0.04514593
   68      -0.14119152
   69       0.04913634
   70       0.07886609
   71      -0.11632145
   72       0.06384124
   73       0.05010522
   74      -0.09440178
   75       0.06399746
   76       0.05568819
   77      -0.13257404
   78       0.05323378
   79       0.07129293
   80      -0.12785753
   81       0.06059999
   82       0.06479958
   83      -0.11572905
   84       0.05293598
   85       0.06785102
   86      -0.09705636
   87       0.04516094
   88       0.05888806
   89      -0.19201691
   90       0.08290469
   91       0.04528761
   92       0.07068055
   93      -0.19429227
   94       0.06233045
   95       0.05832867
   96       0.06411414
   97      -0.09899825
   98       0.06679969
   99       0.04398340
  100      -0.15003698
  101       0.08201700
  102       0.07862057
  103      -0.08669644
  104       0.03426041
  105       0.05145174
  106      -0.09761686
  107       0.05072362
  108       0.04782838
  109      -0.09590499
  110       0.04697365
  111       0.05034908
  112      -0.11003560
  113       0.07268255
  114       0.03415043
  115      -0.13079213
  116       0.06649492
  117       0.05167036
  118      -0.11789279
  119       0.06617148
  120       0.06009674
  121      -0.19270685
  122       0.05144116
  123       0.07584946
  124       0.04682413
  125      -0.19052754
  126       0.06592230
  127       0.06634344
  128       0.05802348
  129      -0.08867430
  130       0.04373520
  131       0.04097283
  132      -0.10377531
  133       0.05199774
  134       0.06940634
  135      -0.11435160
  136       0.04858648
  137       0.04615009
  138      -0.11207683
  139       0.04376911
  140       0.06585790
  141      -0.10140743
  142       0.04967514
  143       0.05484767
  144      -0.09951430
  145       0.04591563
  146       0.05553776
  147      -0.08345821
  148       0.03254753
  149       0.04751840
  150      -0.08168974
  151       0.04735042
  152       0.05088212
  153      -0.20547599
  154       0.06556274
  155       0.06356101
  156       0.07591511
  157      -0.21553893
  158       0.06529197
  159       0.06550091
  160       0.07545465
  161      -0.07861521
  162       0.05486562
  163       0.04931798
  164      -0.11667257
  165       0.07263743
  166       0.05753710
  167      -0.11924131
  168       0.06812104
  169       0.03832502
  170      -0.08355053
  171       0.04373606
  172       0.04458113
  173      -0.11524153
  174       0.07315289
  175       0.05706038
  176      -0.10076723
  177       0.04330978
  178       0.05626265
  179      -0.09771510
  180       0.04806082
  181       0.03253738
  182      -0.08137005
  183       0.05264510
  184       0.04056887
  185      -0.19068039
  186       0.03971790
  187       0.07070357
  188       0.05260838
  189      -0.20802798
  190       0.05837925
  191       0.06461862
  192       0.07187468
  193      -0.09399253
  194       0.07011859
  195       0.02498484
  196      -0.12071872
  197       0.07704701
  198       0.05542774
  199      -0.09956423
  200       0.05002894
  201       0.04102227
  202      -0.11639912
  203       0.05997679
  204       0.06114197
  205      -0.09555572
  206       0.04051429
  207       0.06022567
  208      -0.10520665
  209       0.04462743
  210       0.05089578
  211      -0.11220781
  212       0.05454597
  213       0.06364951
  214      -0.09593961
  215       0.05946564
  216       0.05830301
  217      -0.21234726
  218       0.05252992
  219       0.07568214
  220       0.07615031
  221      -0.20912602
  222       0.06360684
  223       0.06818147
  224       0.05337237
  225      -0.11233648
  226       0.06319555
  227       0.04526071
  228      -0.08572970
  229       0.04312973
  230       0.04518059
  231      -0.09010894
  232       0.04824883
  233       0.04069728
  234      -0.12486144
  235       0.06805308
  236       0.06227634
  237      -0.12199131
  238       0.05718771
  239       0.05458762
  240      -0.12216424
  241       0.06472558
  242       0.05942388
  243      -0.09367549
  244       0.05181373
  245       0.04942458
  246      -0.10754723
  247       0.05685713
  248       0.05361225
  249      -0.21020562
  250       0.06828049
  251       0.08058162
  252       0.06351932
  253      -0.19152181
  254       0.06461604
  255       0.05691642
  256       0.06093392
  257      -0.08724361
  258       0.03976507
  259       0.04502065
  260      -0.10185430
  261       0.05539108
  262       0.04754210
  263      -0.10808094
  264       0.05662175
  265       0.06327770
  266      -0.08363587
  267       0.03019587
  268       0.04438414
  269      -0.07408785
  270       0.01102222
  271       0.04603653
  272      -0.08822972
  273       0.05974648
  274       0.03592325
  275      -0.11376430
  276       0.04993021
  277       0.06809163
  278      -0.11191867
  279       0.07557149
  280       0.05875303
  281      -0.20659239
  282       0.06198847
  283       0.06657776
  284       0.07791445
  285      -0.19108869
  286       0.05888186
  287       0.05323284
  288       0.05866919
  289      -0.09368385
  290       0.05903139
  291       0.04721082
  292      -0.08147625
  293       0.03757094
  294       0.04677553
  295      -0.10989010
  296       0.05365402
  297       0.06026676
  298      -0.11408645
  299       0.05576749
  300       0.05868527
  301      -0.11580841
  302       0.06505950
  303       0.06306696
  304      -0.11171495
  305       0.04981978
  306       0.05980292
  307      -0.13042541
  308       0.05729751
  309       0.06038652
  310      -0.10727002
  311       0.07298125
  312       0.06547285
  313      -0.23118537
  314       0.06995637
  315       0.06883721
  316       0.07100707
  317      -0.18947956
  318       0.05889625
  319       0.04977661
  320       0.05589497
  321      -0.09223864
  322       0.04591653
  323       0.07095986
  324      -0.07607086
  325       0.03554850
  326       0.04762243
  327      -0.13396918
  328       0.07216088
  329       0.05837094
  330      -0.12642255
  331       0.04694646
  332       0.07008712
  333      -0.11858363
  334       0.05749102
  335       0.05777755
  336      -0.08284313
  337       0.04868654
  338       0.03130043
  339      -0.08459157
  340       0.03632116
  341       0.05778775
  342      -0.08505824
  343       0.06413140
  344       0.02446969
  345      -0.20932840
  346       0.07137950
  347       0.05612905
  348       0.05064918
  349      -0.20169665
  350       0.06249066
  351       0.06691927
  352       0.07428821
 
Nr. of electrons (up):    682.00000000
Atom populations (up)
 Atom       Population
    1       4.09120146
    2       0.94970441
    3       0.93944380
    4       4.11601596
    5       0.94277024
    6       0.93063812
    7       4.11444124
    8       0.95227485
    9       0.95927800
   10       4.08668652
   11       0.95019653
   12       0.95556135
   13       4.10364464
   14       0.95454460
   15       0.94206285
   16       4.11084030
   17       0.93307649
   18       0.94974062
   19       4.10491280
   20       0.94005304
   21       0.94761422
   22       4.09377971
   23       0.95507834
   24       0.93880810
   25       4.21989732
   26       0.94081945
   27       0.92288504
   28       0.94097089
   29       4.21337011
   30       0.93150334
   31       0.92816382
   32       0.93541291
   33       4.11011128
   34       0.93668731
   35       0.92763791
   36       4.10211495
   37       0.93350522
   38       0.94160476
   39       4.09988097
   40       0.95449197
   41       0.96176803
   42       4.11621510
   43       0.96282046
   44       0.95416658
   45       4.09747150
   46       0.95020346
   47       0.94109263
   48       4.08992037
   49       0.96207964
   50       0.94348083
   51       4.11327516
   52       0.93928527
   53       0.94490585
   54       4.11417722
   55       0.94679470
   56       0.94089284
   57       4.20977534
   58       0.93099642
   59       0.94948302
   60       0.92865256
   61       4.19903753
   62       0.91742740
   63       0.93346243
   64       0.94608931
   65       4.10609425
   66       0.94472934
   67       0.95485407
   68       4.14119152
   69       0.95086366
   70       0.92113391
   71       4.11632145
   72       0.93615876
   73       0.94989478
   74       4.09440178
   75       0.93600254
   76       0.94431181
   77       4.13257404
   78       0.94676622
   79       0.92870707
   80       4.12785753
   81       0.93940001
   82       0.93520042
   83       4.11572905
   84       0.94706402
   85       0.93214898
   86       4.09705636
   87       0.95483906
   88       0.94111194
   89       4.19201691
   90       0.91709531
   91       0.95471239
   92       0.92931945
   93       4.19429227
   94       0.93766955
   95       0.94167133
   96       0.93588586
   97       4.09899825
   98       0.93320031
   99       0.95601660
  100       4.15003698
  101       0.91798300
  102       0.92137943
  103       4.08669644
  104       0.96573959
  105       0.94854826
  106       4.09761686
  107       0.94927638
  108       0.95217162
  109       4.09590499
  110       0.95302635
  111       0.94965092
  112       4.11003560
  113       0.92731745
  114       0.96584957
  115       4.13079213
  116       0.93350508
  117       0.94832964
  118       4.11789279
  119       0.93382852
  120       0.93990326
  121       4.19270685
  122       0.94855884
  123       0.92415054
  124       0.95317587
  125       4.19052754
  126       0.93407770
  127       0.93365656
  128       0.94197652
  129       4.08867430
  130       0.95626480
  131       0.95902717
  132       4.10377531
  133       0.94800226
  134       0.93059366
  135       4.11435160
  136       0.95141352
  137       0.95384991
  138       4.11207683
  139       0.95623089
  140       0.93414210
  141       4.10140743
  142       0.95032486
  143       0.94515233
  144       4.09951430
  145       0.95408437
  146       0.94446224
  147       4.08345821
  148       0.96745247
  149       0.95248160
  150       4.08168974
  151       0.95264958
  152       0.94911788
  153       4.20547599
  154       0.93443726
  155       0.93643899
  156       0.92408489
  157       4.21553893
  158       0.93470803
  159       0.93449909
  160       0.92454535
  161       4.07861521
  162       0.94513438
  163       0.95068202
  164       4.11667257
  165       0.92736257
  166       0.94246290
  167       4.11924131
  168       0.93187896
  169       0.96167498
  170       4.08355053
  171       0.95626394
  172       0.95541887
  173       4.11524153
  174       0.92684711
  175       0.94293962
  176       4.10076723
  177       0.95669022
  178       0.94373735
  179       4.09771510
  180       0.95193918
  181       0.96746262
  182       4.08137005
  183       0.94735490
  184       0.95943113
  185       4.19068039
  186       0.96028210
  187       0.92929643
  188       0.94739162
  189       4.20802798
  190       0.94162075
  191       0.93538138
  192       0.92812532
  193       4.09399253
  194       0.92988141
  195       0.97501516
  196       4.12071872
  197       0.92295299
  198       0.94457226
  199       4.09956423
  200       0.94997106
  201       0.95897773
  202       4.11639912
  203       0.94002321
  204       0.93885803
  205       4.09555572
  206       0.95948571
  207       0.93977433
  208       4.10520665
  209       0.95537257
  210       0.94910422
  211       4.11220781
  212       0.94545403
  213       0.93635049
  214       4.09593961
  215       0.94053436
  216       0.94169699
  217       4.21234726
  218       0.94747008
  219       0.92431786
  220       0.92384969
  221       4.20912602
  222       0.93639316
  223       0.93181853
  224       0.94662763
  225       4.11233648
  226       0.93680445
  227       0.95473929
  228       4.08572970
  229       0.95687027
  230       0.95481941
  231       4.09010894
  232       0.95175117
  233       0.95930272
  234       4.12486144
  235       0.93194692
  236       0.93772366
  237       4.12199131
  238       0.94281229
  239       0.94541238
  240       4.12216424
  241       0.93527442
  242       0.94057612
  243       4.09367549
  244       0.94818627
  245       0.95057542
  246       4.10754723
  247       0.94314287
  248       0.94638775
  249       4.21020562
  250       0.93171951
  251       0.91941838
  252       0.93648068
  253       4.19152181
  254       0.93538396
  255       0.94308358
  256       0.93906608
  257       4.08724361
  258       0.96023493
  259       0.95497935
  260       4.10185430
  261       0.94460892
  262       0.95245790
  263       4.10808094
  264       0.94337825
  265       0.93672230
  266       4.08363587
  267       0.96980413
  268       0.95561586
  269       4.07408785
  270       0.98897778
  271       0.95396347
  272       4.08822972
  273       0.94025352
  274       0.96407675
  275       4.11376430
  276       0.95006979
  277       0.93190837
  278       4.11191867
  279       0.92442851
  280       0.94124697
  281       4.20659239
  282       0.93801153
  283       0.93342224
  284       0.92208555
  285       4.19108869
  286       0.94111814
  287       0.94676716
  288       0.94133081
  289       4.09368385
  290       0.94096861
  291       0.95278918
  292       4.08147625
  293       0.96242906
  294       0.95322447
  295       4.10989010
  296       0.94634598
  297       0.93973324
  298       4.11408645
  299       0.94423251
  300       0.94131473
  301       4.11580841
  302       0.93494050
  303       0.93693304
  304       4.11171495
  305       0.95018022
  306       0.94019708
  307       4.13042541
  308       0.94270249
  309       0.93961348
  310       4.10727002
  311       0.92701875
  312       0.93452715
  313       4.23118537
  314       0.93004363
  315       0.93116279
  316       0.92899293
  317       4.18947956
  318       0.94110375
  319       0.95022339
  320       0.94410503
  321       4.09223864
  322       0.95408347
  323       0.92904014
  324       4.07607086
  325       0.96445150
  326       0.95237757
  327       4.13396918
  328       0.92783912
  329       0.94162906
  330       4.12642255
  331       0.95305354
  332       0.92991288
  333       4.11858363
  334       0.94250898
  335       0.94222245
  336       4.08284313
  337       0.95131346
  338       0.96869957
  339       4.08459157
  340       0.96367884
  341       0.94221225
  342       4.08505824
  343       0.93586860
  344       0.97553031
  345       4.20932840
  346       0.92862050
  347       0.94387095
  348       0.94935082
  349       4.20169665
  350       0.93750934
  351       0.93308073
  352       0.92571179
 
l-shell populations (up)
 Atom Sh.   l       Population
    1   1   0       1.24194071
    1   2   1       2.84926075
    2   1   0       0.94970441
    3   1   0       0.93944380
    4   1   0       1.24848266
    4   2   1       2.86753329
    5   1   0       0.94277024
    6   1   0       0.93063812
    7   1   0       1.26086949
    7   2   1       2.85357175
    8   1   0       0.95227485
    9   1   0       0.95927800
   10   1   0       1.23638499
   10   2   1       2.85030153
   11   1   0       0.95019653
   12   1   0       0.95556135
   13   1   0       1.22469618
   13   2   1       2.87894846
   14   1   0       0.95454460
   15   1   0       0.94206285
   16   1   0       1.22389362
   16   2   1       2.88694667
   17   1   0       0.93307649
   18   1   0       0.94974062
   19   1   0       1.22270005
   19   2   1       2.88221275
   20   1   0       0.94005304
   21   1   0       0.94761422
   22   1   0       1.21874317
   22   2   1       2.87503654
   23   1   0       0.95507834
   24   1   0       0.93880810
   25   1   0       1.25365439
   25   2   1       2.96624293
   26   1   0       0.94081945
   27   1   0       0.92288504
   28   1   0       0.94097089
   29   1   0       1.25135828
   29   2   1       2.96201184
   30   1   0       0.93150334
   31   1   0       0.92816382
   32   1   0       0.93541291
   33   1   0       1.22682937
   33   2   1       2.88328191
   34   1   0       0.93668731
   35   1   0       0.92763791
   36   1   0       1.23395981
   36   2   1       2.86815514
   37   1   0       0.93350522
   38   1   0       0.94160476
   39   1   0       1.26106742
   39   2   1       2.83881356
   40   1   0       0.95449197
   41   1   0       0.96176803
   42   1   0       1.26212467
   42   2   1       2.85409043
   43   1   0       0.96282046
   44   1   0       0.95416658
   45   1   0       1.23982928
   45   2   1       2.85764223
   46   1   0       0.95020346
   47   1   0       0.94109263
   48   1   0       1.25256780
   48   2   1       2.83735257
   49   1   0       0.96207964
   50   1   0       0.94348083
   51   1   0       1.26664271
   51   2   1       2.84663246
   52   1   0       0.93928527
   53   1   0       0.94490585
   54   1   0       1.23504080
   54   2   1       2.87913642
   55   1   0       0.94679470
   56   1   0       0.94089284
   57   1   0       1.26771666
   57   2   1       2.94205868
   58   1   0       0.93099642
   59   1   0       0.94948302
   60   1   0       0.92865256
   61   1   0       1.26257530
   61   2   1       2.93646223
   62   1   0       0.91742740
   63   1   0       0.93346243
   64   1   0       0.94608931
   65   1   0       1.25438438
   65   2   1       2.85170987
   66   1   0       0.94472934
   67   1   0       0.95485407
   68   1   0       1.25580727
   68   2   1       2.88538425
   69   1   0       0.95086366
   70   1   0       0.92113391
   71   1   0       1.24755893
   71   2   1       2.86876252
   72   1   0       0.93615876
   73   1   0       0.94989478
   74   1   0       1.24473507
   74   2   1       2.84966670
   75   1   0       0.93600254
   76   1   0       0.94431181
   77   1   0       1.24100607
   77   2   1       2.89156797
   78   1   0       0.94676622
   79   1   0       0.92870707
   80   1   0       1.24353761
   80   2   1       2.88431992
   81   1   0       0.93940001
   82   1   0       0.93520042
   83   1   0       1.24442547
   83   2   1       2.87130358
   84   1   0       0.94706402
   85   1   0       0.93214898
   86   1   0       1.24153040
   86   2   1       2.85552596
   87   1   0       0.95483906
   88   1   0       0.94111194
   89   1   0       1.27597735
   89   2   1       2.91603957
   90   1   0       0.91709531
   91   1   0       0.95471239
   92   1   0       0.92931945
   93   1   0       1.27027307
   93   2   1       2.92401920
   94   1   0       0.93766955
   95   1   0       0.94167133
   96   1   0       0.93588586
   97   1   0       1.23253786
   97   2   1       2.86646039
   98   1   0       0.93320031
   99   1   0       0.95601660
  100   1   0       1.22691140
  100   2   1       2.92312558
  101   1   0       0.91798300
  102   1   0       0.92137943
  103   1   0       1.22167768
  103   2   1       2.86501875
  104   1   0       0.96573959
  105   1   0       0.94854826
  106   1   0       1.23775348
  106   2   1       2.85986338
  107   1   0       0.94927638
  108   1   0       0.95217162
  109   1   0       1.24778300
  109   2   1       2.84812199
  110   1   0       0.95302635
  111   1   0       0.94965092
  112   1   0       1.21933525
  112   2   1       2.89070035
  113   1   0       0.92731745
  114   1   0       0.96584957
  115   1   0       1.29109598
  115   2   1       2.83969615
  116   1   0       0.93350508
  117   1   0       0.94832964
  118   1   0       1.24723554
  118   2   1       2.87065726
  119   1   0       0.93382852
  120   1   0       0.93990326
  121   1   0       1.26066486
  121   2   1       2.93204199
  122   1   0       0.94855884
  123   1   0       0.92415054
  124   1   0       0.95317587
  125   1   0       1.25083016
  125   2   1       2.93969738
  126   1   0       0.93407770
  127   1   0       0.93365656
  128   1   0       0.94197652
  129   1   0       1.23180459
  129   2   1       2.85686971
  130   1   0       0.95626480
  131   1   0       0.95902717
  132   1   0       1.23021099
  132   2   1       2.87356432
  133   1   0       0.94800226
  134   1   0       0.93059366
  135   1   0       1.25623956
  135   2   1       2.85811204
  136   1   0       0.95141352
  137   1   0       0.95384991
  138   1   0       1.26892340
  138   2   1       2.84315343
  139   1   0       0.95623089
  140   1   0       0.93414210
  141   1   0       1.26137019
  141   2   1       2.84003724
  142   1   0       0.95032486
  143   1   0       0.94515233
  144   1   0       1.23676498
  144   2   1       2.86274932
  145   1   0       0.95408437
  146   1   0       0.94446224
  147   1   0       1.22867781
  147   2   1       2.85478040
  148   1   0       0.96745247
  149   1   0       0.95248160
  150   1   0       1.23109226
  150   2   1       2.85059747
  151   1   0       0.95264958
  152   1   0       0.94911788
  153   1   0       1.26491000
  153   2   1       2.94056599
  154   1   0       0.93443726
  155   1   0       0.93643899
  156   1   0       0.92408489
  157   1   0       1.26312113
  157   2   1       2.95241780
  158   1   0       0.93470803
  159   1   0       0.93449909
  160   1   0       0.92454535
  161   1   0       1.22458184
  161   2   1       2.85403337
  162   1   0       0.94513438
  163   1   0       0.95068202
  164   1   0       1.22794780
  164   2   1       2.88872477
  165   1   0       0.92736257
  166   1   0       0.94246290
  167   1   0       1.23834640
  167   2   1       2.88089491
  168   1   0       0.93187896
  169   1   0       0.96167498
  170   1   0       1.22320184
  170   2   1       2.86034869
  171   1   0       0.95626394
  172   1   0       0.95541887
  173   1   0       1.21524481
  173   2   1       2.89999672
  174   1   0       0.92684711
  175   1   0       0.94293962
  176   1   0       1.23715806
  176   2   1       2.86360917
  177   1   0       0.95669022
  178   1   0       0.94373735
  179   1   0       1.23808236
  179   2   1       2.85963275
  180   1   0       0.95193918
  181   1   0       0.96746262
  182   1   0       1.23716269
  182   2   1       2.84420736
  183   1   0       0.94735490
  184   1   0       0.95943113
  185   1   0       1.27289256
  185   2   1       2.91778783
  186   1   0       0.96028210
  187   1   0       0.92929643
  188   1   0       0.94739162
  189   1   0       1.26748516
  189   2   1       2.94054282
  190   1   0       0.94162075
  191   1   0       0.93538138
  192   1   0       0.92812532
  193   1   0       1.24716540
  193   2   1       2.84682712
  194   1   0       0.92988141
  195   1   0       0.97501516
  196   1   0       1.23302339
  196   2   1       2.88769533
  197   1   0       0.92295299
  198   1   0       0.94457226
  199   1   0       1.22701740
  199   2   1       2.87254682
  200   1   0       0.94997106
  201   1   0       0.95897773
  202   1   0       1.21870278
  202   2   1       2.89769634
  203   1   0       0.94002321
  204   1   0       0.93885803
  205   1   0       1.22186028
  205   2   1       2.87369544
  206   1   0       0.95948571
  207   1   0       0.93977433
  208   1   0       1.24030224
  208   2   1       2.86490441
  209   1   0       0.95537257
  210   1   0       0.94910422
  211   1   0       1.25506077
  211   2   1       2.85714704
  212   1   0       0.94545403
  213   1   0       0.93635049
  214   1   0       1.23657249
  214   2   1       2.85936712
  215   1   0       0.94053436
  216   1   0       0.94169699
  217   1   0       1.26656098
  217   2   1       2.94578628
  218   1   0       0.94747008
  219   1   0       0.92431786
  220   1   0       0.92384969
  221   1   0       1.27193800
  221   2   1       2.93718802
  222   1   0       0.93639316
  223   1   0       0.93181853
  224   1   0       0.94662763
  225   1   0       1.22678109
  225   2   1       2.88555539
  226   1   0       0.93680445
  227   1   0       0.95473929
  228   1   0       1.23191695
  228   2   1       2.85381276
  229   1   0       0.95687027
  230   1   0       0.95481941
  231   1   0       1.22628861
  231   2   1       2.86382032
  232   1   0       0.95175117
  233   1   0       0.95930272
  234   1   0       1.24461146
  234   2   1       2.88024997
  235   1   0       0.93194692
  236   1   0       0.93772366
  237   1   0       1.25227051
  237   2   1       2.86972081
  238   1   0       0.94281229
  239   1   0       0.94541238
  240   1   0       1.22517609
  240   2   1       2.89698815
  241   1   0       0.93527442
  242   1   0       0.94057612
  243   1   0       1.22612276
  243   2   1       2.86755274
  244   1   0       0.94818627
  245   1   0       0.95057542
  246   1   0       1.22449996
  246   2   1       2.88304727
  247   1   0       0.94314287
  248   1   0       0.94638775
  249   1   0       1.24990574
  249   2   1       2.96029988
  250   1   0       0.93171951
  251   1   0       0.91941838
  252   1   0       0.93648068
  253   1   0       1.27242788
  253   2   1       2.91909393
  254   1   0       0.93538396
  255   1   0       0.94308358
  256   1   0       0.93906608
  257   1   0       1.23669718
  257   2   1       2.85054643
  258   1   0       0.96023493
  259   1   0       0.95497935
  260   1   0       1.24042214
  260   2   1       2.86143216
  261   1   0       0.94460892
  262   1   0       0.95245790
  263   1   0       1.23307606
  263   2   1       2.87500488
  264   1   0       0.94337825
  265   1   0       0.93672230
  266   1   0       1.24191233
  266   2   1       2.84172354
  267   1   0       0.96980413
  268   1   0       0.95561586
  269   1   0       1.23329506
  269   2   1       2.84079279
  270   1   0       0.98897778
  271   1   0       0.95396347
  272   1   0       1.23357015
  272   2   1       2.85465957
  273   1   0       0.94025352
  274   1   0       0.96407675
  275   1   0       1.24706732
  275   2   1       2.86669698
  276   1   0       0.95006979
  277   1   0       0.93190837
  278   1   0       1.22400706
  278   2   1       2.88791161
  279   1   0       0.92442851
  280   1   0       0.94124697
  281   1   0       1.25984433
  281   2   1       2.94674806
  282   1   0       0.93801153
  283   1   0       0.93342224
  284   1   0       0.92208555
  285   1   0       1.27148999
  285   2   1       2.91959869
  286   1   0       0.94111814
  287   1   0       0.94676716
  288   1   0       0.94133081
  289   1   0       1.25001621
  289   2   1       2.84366764
  290   1   0       0.94096861
  291   1   0       0.95278918
  292   1   0       1.25909751
  292   2   1       2.82237874
  293   1   0       0.96242906
  294   1   0       0.95322447
  295   1   0       1.24323320
  295   2   1       2.86665690
  296   1   0       0.94634598
  297   1   0       0.93973324
  298   1   0       1.23109404
  298   2   1       2.88299241
  299   1   0       0.94423251
  300   1   0       0.94131473
  301   1   0       1.21429765
  301   2   1       2.90151076
  302   1   0       0.93494050
  303   1   0       0.93693304
  304   1   0       1.25179344
  304   2   1       2.85992152
  305   1   0       0.95018022
  306   1   0       0.94019708
  307   1   0       1.25567866
  307   2   1       2.87474675
  308   1   0       0.94270249
  309   1   0       0.93961348
  310   1   0       1.22967862
  310   2   1       2.87759140
  311   1   0       0.92701875
  312   1   0       0.93452715
  313   1   0       1.26325350
  313   2   1       2.96793188
  314   1   0       0.93004363
  315   1   0       0.93116279
  316   1   0       0.92899293
  317   1   0       1.26717492
  317   2   1       2.92230464
  318   1   0       0.94110375
  319   1   0       0.95022339
  320   1   0       0.94410503
  321   1   0       1.22197263
  321   2   1       2.87026600
  322   1   0       0.95408347
  323   1   0       0.92904014
  324   1   0       1.22800059
  324   2   1       2.84807027
  325   1   0       0.96445150
  326   1   0       0.95237757
  327   1   0       1.23905276
  327   2   1       2.89491642
  328   1   0       0.92783912
  329   1   0       0.94162906
  330   1   0       1.25112817
  330   2   1       2.87529438
  331   1   0       0.95305354
  332   1   0       0.92991288
  333   1   0       1.24514897
  333   2   1       2.87343467
  334   1   0       0.94250898
  335   1   0       0.94222245
  336   1   0       1.24589557
  336   2   1       2.83694756
  337   1   0       0.95131346
  338   1   0       0.96869957
  339   1   0       1.23709273
  339   2   1       2.84749884
  340   1   0       0.96367884
  341   1   0       0.94221225
  342   1   0       1.23932068
  342   2   1       2.84573756
  343   1   0       0.93586860
  344   1   0       0.97553031
  345   1   0       1.27351257
  345   2   1       2.93581583
  346   1   0       0.92862050
  347   1   0       0.94387095
  348   1   0       0.94935082
  349   1   0       1.25438051
  349   2   1       2.94731614
  350   1   0       0.93750934
  351   1   0       0.93308073
  352   1   0       0.92571179
 
Orbital populations (up)
 Atom Sh.   l   m       Population  Label
    1   1   0   0       1.24194071  s
    1   2   1  -1       0.91808029  p_y
    1   2   1   0       0.97926617  p_z
    1   2   1   1       0.95191429  p_x
    2   1   0   0       0.94970441  s
    3   1   0   0       0.93944380  s
    4   1   0   0       1.24848266  s
    4   2   1  -1       0.92873778  p_y
    4   2   1   0       0.98865663  p_z
    4   2   1   1       0.95013889  p_x
    5   1   0   0       0.94277024  s
    6   1   0   0       0.93063812  s
    7   1   0   0       1.26086949  s
    7   2   1  -1       0.93509344  p_y
    7   2   1   0       0.93023130  p_z
    7   2   1   1       0.98824702  p_x
    8   1   0   0       0.95227485  s
    9   1   0   0       0.95927800  s
   10   1   0   0       1.23638499  s
   10   2   1  -1       0.93680980  p_y
   10   2   1   0       0.94448884  p_z
   10   2   1   1       0.96900288  p_x
   11   1   0   0       0.95019653  s
   12   1   0   0       0.95556135  s
   13   1   0   0       1.22469618  s
   13   2   1  -1       0.95559508  p_y
   13   2   1   0       0.95006909  p_z
   13   2   1   1       0.97328429  p_x
   14   1   0   0       0.95454460  s
   15   1   0   0       0.94206285  s
   16   1   0   0       1.22389362  s
   16   2   1  -1       0.97459439  p_y
   16   2   1   0       0.93317270  p_z
   16   2   1   1       0.97917958  p_x
   17   1   0   0       0.93307649  s
   18   1   0   0       0.94974062  s
   19   1   0   0       1.22270005  s
   19   2   1  -1       0.96155143  p_y
   19   2   1   0       0.94168418  p_z
   19   2   1   1       0.97897713  p_x
   20   1   0   0       0.94005304  s
   21   1   0   0       0.94761422  s
   22   1   0   0       1.21874317  s
   22   2   1  -1       0.96064991  p_y
   22   2   1   0       0.97650424  p_z
   22   2   1   1       0.93788240  p_x
   23   1   0   0       0.95507834  s
   24   1   0   0       0.93880810  s
   25   1   0   0       1.25365439  s
   25   2   1  -1       0.98233117  p_y
   25   2   1   0       0.98662991  p_z
   25   2   1   1       0.99728185  p_x
   26   1   0   0       0.94081945  s
   27   1   0   0       0.92288504  s
   28   1   0   0       0.94097089  s
   29   1   0   0       1.25135828  s
   29   2   1  -1       0.97006420  p_y
   29   2   1   0       1.02192282  p_z
   29   2   1   1       0.97002482  p_x
   30   1   0   0       0.93150334  s
   31   1   0   0       0.92816382  s
   32   1   0   0       0.93541291  s
   33   1   0   0       1.22682937  s
   33   2   1  -1       0.97695945  p_y
   33   2   1   0       0.93703385  p_z
   33   2   1   1       0.96928861  p_x
   34   1   0   0       0.93668731  s
   35   1   0   0       0.92763791  s
   36   1   0   0       1.23395981  s
   36   2   1  -1       0.95470005  p_y
   36   2   1   0       0.94055553  p_z
   36   2   1   1       0.97289956  p_x
   37   1   0   0       0.93350522  s
   38   1   0   0       0.94160476  s
   39   1   0   0       1.26106742  s
   39   2   1  -1       0.97370272  p_y
   39   2   1   0       0.91314885  p_z
   39   2   1   1       0.95196198  p_x
   40   1   0   0       0.95449197  s
   41   1   0   0       0.96176803  s
   42   1   0   0       1.26212467  s
   42   2   1  -1       0.94773751  p_y
   42   2   1   0       0.93125736  p_z
   42   2   1   1       0.97509556  p_x
   43   1   0   0       0.96282046  s
   44   1   0   0       0.95416658  s
   45   1   0   0       1.23982928  s
   45   2   1  -1       0.94811965  p_y
   45   2   1   0       0.93241124  p_z
   45   2   1   1       0.97711133  p_x
   46   1   0   0       0.95020346  s
   47   1   0   0       0.94109263  s
   48   1   0   0       1.25256780  s
   48   2   1  -1       0.94708281  p_y
   48   2   1   0       0.93134987  p_z
   48   2   1   1       0.95891990  p_x
   49   1   0   0       0.96207964  s
   50   1   0   0       0.94348083  s
   51   1   0   0       1.26664271  s
   51   2   1  -1       0.94752257  p_y
   51   2   1   0       0.95700125  p_z
   51   2   1   1       0.94210864  p_x
   52   1   0   0       0.93928527  s
   53   1   0   0       0.94490585  s
   54   1   0   0       1.23504080  s
   54   2   1  -1       0.99752466  p_y
   54   2   1   0       0.94156466  p_z
   54   2   1   1       0.94004711  p_x
   55   1   0   0       0.94679470  s
   56   1   0   0       0.94089284  s
   57   1   0   0       1.26771666  s
   57   2   1  -1       0.96907225  p_y
   57   2   1   0       0.98523904  p_z
   57   2   1   1       0.98774739  p_x
   58   1   0   0       0.93099642  s
   59   1   0   0       0.94948302  s
   60   1   0   0       0.92865256  s
   61   1   0   0       1.26257530  s
   61   2   1  -1       0.98522263  p_y
   61   2   1   0       0.96418193  p_z
   61   2   1   1       0.98705767  p_x
   62   1   0   0       0.91742740  s
   63   1   0   0       0.93346243  s
   64   1   0   0       0.94608931  s
   65   1   0   0       1.25438438  s
   65   2   1  -1       0.97151949  p_y
   65   2   1   0       0.91387080  p_z
   65   2   1   1       0.96631958  p_x
   66   1   0   0       0.94472934  s
   67   1   0   0       0.95485407  s
   68   1   0   0       1.25580727  s
   68   2   1  -1       0.95879337  p_y
   68   2   1   0       0.92327284  p_z
   68   2   1   1       1.00331804  p_x
   69   1   0   0       0.95086366  s
   70   1   0   0       0.92113391  s
   71   1   0   0       1.24755893  s
   71   2   1  -1       0.99068723  p_y
   71   2   1   0       0.92339742  p_z
   71   2   1   1       0.95467787  p_x
   72   1   0   0       0.93615876  s
   73   1   0   0       0.94989478  s
   74   1   0   0       1.24473507  s
   74   2   1  -1       0.97238473  p_y
   74   2   1   0       0.91202141  p_z
   74   2   1   1       0.96526057  p_x
   75   1   0   0       0.93600254  s
   76   1   0   0       0.94431181  s
   77   1   0   0       1.24100607  s
   77   2   1  -1       0.98969230  p_y
   77   2   1   0       0.92955474  p_z
   77   2   1   1       0.97232093  p_x
   78   1   0   0       0.94676622  s
   79   1   0   0       0.92870707  s
   80   1   0   0       1.24353761  s
   80   2   1  -1       0.97894901  p_y
   80   2   1   0       0.93575810  p_z
   80   2   1   1       0.96961281  p_x
   81   1   0   0       0.93940001  s
   82   1   0   0       0.93520042  s
   83   1   0   0       1.24442547  s
   83   2   1  -1       0.96868562  p_y
   83   2   1   0       0.92169771  p_z
   83   2   1   1       0.98092025  p_x
   84   1   0   0       0.94706402  s
   85   1   0   0       0.93214898  s
   86   1   0   0       1.24153040  s
   86   2   1  -1       0.96420053  p_y
   86   2   1   0       0.93109104  p_z
   86   2   1   1       0.96023439  p_x
   87   1   0   0       0.95483906  s
   88   1   0   0       0.94111194  s
   89   1   0   0       1.27597735  s
   89   2   1  -1       0.96824737  p_y
   89   2   1   0       0.98676033  p_z
   89   2   1   1       0.96103186  p_x
   90   1   0   0       0.91709531  s
   91   1   0   0       0.95471239  s
   92   1   0   0       0.92931945  s
   93   1   0   0       1.27027307  s
   93   2   1  -1       0.98477734  p_y
   93   2   1   0       0.96476891  p_z
   93   2   1   1       0.97447295  p_x
   94   1   0   0       0.93766955  s
   95   1   0   0       0.94167133  s
   96   1   0   0       0.93588586  s
   97   1   0   0       1.23253786  s
   97   2   1  -1       0.96190813  p_y
   97   2   1   0       0.94806772  p_z
   97   2   1   1       0.95648454  p_x
   98   1   0   0       0.93320031  s
   99   1   0   0       0.95601660  s
  100   1   0   0       1.22691140  s
  100   2   1  -1       0.99157385  p_y
  100   2   1   0       0.95854983  p_z
  100   2   1   1       0.97300190  p_x
  101   1   0   0       0.91798300  s
  102   1   0   0       0.92137943  s
  103   1   0   0       1.22167768  s
  103   2   1  -1       0.95050375  p_y
  103   2   1   0       0.95394158  p_z
  103   2   1   1       0.96057343  p_x
  104   1   0   0       0.96573959  s
  105   1   0   0       0.94854826  s
  106   1   0   0       1.23775348  s
  106   2   1  -1       0.96926957  p_y
  106   2   1   0       0.93379956  p_z
  106   2   1   1       0.95679424  p_x
  107   1   0   0       0.94927638  s
  108   1   0   0       0.95217162  s
  109   1   0   0       1.24778300  s
  109   2   1  -1       0.94734833  p_y
  109   2   1   0       0.96916846  p_z
  109   2   1   1       0.93160520  p_x
  110   1   0   0       0.95302635  s
  111   1   0   0       0.94965092  s
  112   1   0   0       1.21933525  s
  112   2   1  -1       0.97310889  p_y
  112   2   1   0       0.98332085  p_z
  112   2   1   1       0.93427061  p_x
  113   1   0   0       0.92731745  s
  114   1   0   0       0.96584957  s
  115   1   0   0       1.29109598  s
  115   2   1  -1       0.97906053  p_y
  115   2   1   0       0.94047490  p_z
  115   2   1   1       0.92016072  p_x
  116   1   0   0       0.93350508  s
  117   1   0   0       0.94832964  s
  118   1   0   0       1.24723554  s
  118   2   1  -1       0.96848521  p_y
  118   2   1   0       0.97080601  p_z
  118   2   1   1       0.93136604  p_x
  119   1   0   0       0.93382852  s
  120   1   0   0       0.93990326  s
  121   1   0   0       1.26066486  s
  121   2   1  -1       0.97214484  p_y
  121   2   1   0       0.98843399  p_z
  121   2   1   1       0.97146316  p_x
  122   1   0   0       0.94855884  s
  123   1   0   0       0.92415054  s
  124   1   0   0       0.95317587  s
  125   1   0   0       1.25083016  s
  125   2   1  -1       0.98027448  p_y
  125   2   1   0       0.99163298  p_z
  125   2   1   1       0.96778991  p_x
  126   1   0   0       0.93407770  s
  127   1   0   0       0.93365656  s
  128   1   0   0       0.94197652  s
  129   1   0   0       1.23180459  s
  129   2   1  -1       0.94350507  p_y
  129   2   1   0       0.92744888  p_z
  129   2   1   1       0.98591576  p_x
  130   1   0   0       0.95626480  s
  131   1   0   0       0.95902717  s
  132   1   0   0       1.23021099  s
  132   2   1  -1       0.97463659  p_y
  132   2   1   0       0.93089213  p_z
  132   2   1   1       0.96803561  p_x
  133   1   0   0       0.94800226  s
  134   1   0   0       0.93059366  s
  135   1   0   0       1.25623956  s
  135   2   1  -1       0.93924379  p_y
  135   2   1   0       0.94952027  p_z
  135   2   1   1       0.96934797  p_x
  136   1   0   0       0.95141352  s
  137   1   0   0       0.95384991  s
  138   1   0   0       1.26892340  s
  138   2   1  -1       0.94131449  p_y
  138   2   1   0       0.94700919  p_z
  138   2   1   1       0.95482975  p_x
  139   1   0   0       0.95623089  s
  140   1   0   0       0.93414210  s
  141   1   0   0       1.26137019  s
  141   2   1  -1       0.93947665  p_y
  141   2   1   0       0.92852527  p_z
  141   2   1   1       0.97203532  p_x
  142   1   0   0       0.95032486  s
  143   1   0   0       0.94515233  s
  144   1   0   0       1.23676498  s
  144   2   1  -1       0.93434017  p_y
  144   2   1   0       0.95409767  p_z
  144   2   1   1       0.97431148  p_x
  145   1   0   0       0.95408437  s
  146   1   0   0       0.94446224  s
  147   1   0   0       1.22867781  s
  147   2   1  -1       0.94034022  p_y
  147   2   1   0       0.94055138  p_z
  147   2   1   1       0.97388880  p_x
  148   1   0   0       0.96745247  s
  149   1   0   0       0.95248160  s
  150   1   0   0       1.23109226  s
  150   2   1  -1       0.93590027  p_y
  150   2   1   0       0.95517835  p_z
  150   2   1   1       0.95951885  p_x
  151   1   0   0       0.95264958  s
  152   1   0   0       0.94911788  s
  153   1   0   0       1.26491000  s
  153   2   1  -1       0.97718682  p_y
  153   2   1   0       0.97609978  p_z
  153   2   1   1       0.98727939  p_x
  154   1   0   0       0.93443726  s
  155   1   0   0       0.93643899  s
  156   1   0   0       0.92408489  s
  157   1   0   0       1.26312113  s
  157   2   1  -1       0.98846776  p_y
  157   2   1   0       0.97446036  p_z
  157   2   1   1       0.98948968  p_x
  158   1   0   0       0.93470803  s
  159   1   0   0       0.93449909  s
  160   1   0   0       0.92454535  s
  161   1   0   0       1.22458184  s
  161   2   1  -1       0.92766092  p_y
  161   2   1   0       0.97255543  p_z
  161   2   1   1       0.95381702  p_x
  162   1   0   0       0.94513438  s
  163   1   0   0       0.95068202  s
  164   1   0   0       1.22794780  s
  164   2   1  -1       0.94921116  p_y
  164   2   1   0       0.97071967  p_z
  164   2   1   1       0.96879395  p_x
  165   1   0   0       0.92736257  s
  166   1   0   0       0.94246290  s
  167   1   0   0       1.23834640  s
  167   2   1  -1       0.97428091  p_y
  167   2   1   0       0.92650019  p_z
  167   2   1   1       0.98011381  p_x
  168   1   0   0       0.93187896  s
  169   1   0   0       0.96167498  s
  170   1   0   0       1.22320184  s
  170   2   1  -1       0.94839007  p_y
  170   2   1   0       0.92397630  p_z
  170   2   1   1       0.98798232  p_x
  171   1   0   0       0.95626394  s
  172   1   0   0       0.95541887  s
  173   1   0   0       1.21524481  s
  173   2   1  -1       0.96272213  p_y
  173   2   1   0       0.97780834  p_z
  173   2   1   1       0.95946624  p_x
  174   1   0   0       0.92684711  s
  175   1   0   0       0.94293962  s
  176   1   0   0       1.23715806  s
  176   2   1  -1       0.95617835  p_y
  176   2   1   0       0.96396670  p_z
  176   2   1   1       0.94346412  p_x
  177   1   0   0       0.95669022  s
  178   1   0   0       0.94373735  s
  179   1   0   0       1.23808236  s
  179   2   1  -1       0.90502623  p_y
  179   2   1   0       0.96952434  p_z
  179   2   1   1       0.98508217  p_x
  180   1   0   0       0.95193918  s
  181   1   0   0       0.96746262  s
  182   1   0   0       1.23716269  s
  182   2   1  -1       0.94547173  p_y
  182   2   1   0       0.95425909  p_z
  182   2   1   1       0.94447655  p_x
  183   1   0   0       0.94735490  s
  184   1   0   0       0.95943113  s
  185   1   0   0       1.27289256  s
  185   2   1  -1       0.95452171  p_y
  185   2   1   0       0.97842382  p_z
  185   2   1   1       0.98484230  p_x
  186   1   0   0       0.96028210  s
  187   1   0   0       0.92929643  s
  188   1   0   0       0.94739162  s
  189   1   0   0       1.26748516  s
  189   2   1  -1       0.98147253  p_y
  189   2   1   0       0.96637963  p_z
  189   2   1   1       0.99269066  p_x
  190   1   0   0       0.94162075  s
  191   1   0   0       0.93538138  s
  192   1   0   0       0.92812532  s
  193   1   0   0       1.24716540  s
  193   2   1  -1       0.93396068  p_y
  193   2   1   0       0.95698050  p_z
  193   2   1   1       0.95588595  p_x
  194   1   0   0       0.92988141  s
  195   1   0   0       0.97501516  s
  196   1   0   0       1.23302339  s
  196   2   1  -1       0.93149223  p_y
  196   2   1   0       0.98910594  p_z
  196   2   1   1       0.96709716  p_x
  197   1   0   0       0.92295299  s
  198   1   0   0       0.94457226  s
  199   1   0   0       1.22701740  s
  199   2   1  -1       0.94185038  p_y
  199   2   1   0       0.98478279  p_z
  199   2   1   1       0.94591365  p_x
  200   1   0   0       0.94997106  s
  201   1   0   0       0.95897773  s
  202   1   0   0       1.21870278  s
  202   2   1  -1       0.98833869  p_y
  202   2   1   0       0.94663355  p_z
  202   2   1   1       0.96272411  p_x
  203   1   0   0       0.94002321  s
  204   1   0   0       0.93885803  s
  205   1   0   0       1.22186028  s
  205   2   1  -1       0.99074160  p_y
  205   2   1   0       0.93799009  p_z
  205   2   1   1       0.94496376  p_x
  206   1   0   0       0.95948571  s
  207   1   0   0       0.93977433  s
  208   1   0   0       1.24030224  s
  208   2   1  -1       0.96813361  p_y
  208   2   1   0       0.97200965  p_z
  208   2   1   1       0.92476115  p_x
  209   1   0   0       0.95537257  s
  210   1   0   0       0.94910422  s
  211   1   0   0       1.25506077  s
  211   2   1  -1       0.95151015  p_y
  211   2   1   0       0.98018446  p_z
  211   2   1   1       0.92545243  p_x
  212   1   0   0       0.94545403  s
  213   1   0   0       0.93635049  s
  214   1   0   0       1.23657249  s
  214   2   1  -1       0.99032776  p_y
  214   2   1   0       0.96383057  p_z
  214   2   1   1       0.90520880  p_x
  215   1   0   0       0.94053436  s
  216   1   0   0       0.94169699  s
  217   1   0   0       1.26656098  s
  217   2   1  -1       0.97146816  p_y
  217   2   1   0       0.98090567  p_z
  217   2   1   1       0.99341245  p_x
  218   1   0   0       0.94747008  s
  219   1   0   0       0.92431786  s
  220   1   0   0       0.92384969  s
  221   1   0   0       1.27193800  s
  221   2   1  -1       0.99187518  p_y
  221   2   1   0       0.99706662  p_z
  221   2   1   1       0.94824622  p_x
  222   1   0   0       0.93639316  s
  223   1   0   0       0.93181853  s
  224   1   0   0       0.94662763  s
  225   1   0   0       1.22678109  s
  225   2   1  -1       0.94882344  p_y
  225   2   1   0       0.96233701  p_z
  225   2   1   1       0.97439495  p_x
  226   1   0   0       0.93680445  s
  227   1   0   0       0.95473929  s
  228   1   0   0       1.23191695  s
  228   2   1  -1       0.95266244  p_y
  228   2   1   0       0.95915113  p_z
  228   2   1   1       0.94199919  p_x
  229   1   0   0       0.95687027  s
  230   1   0   0       0.95481941  s
  231   1   0   0       1.22628861  s
  231   2   1  -1       0.93301259  p_y
  231   2   1   0       0.96441087  p_z
  231   2   1   1       0.96639686  p_x
  232   1   0   0       0.95175117  s
  233   1   0   0       0.95930272  s
  234   1   0   0       1.24461146  s
  234   2   1  -1       0.96768321  p_y
  234   2   1   0       0.98981788  p_z
  234   2   1   1       0.92274888  p_x
  235   1   0   0       0.93194692  s
  236   1   0   0       0.93772366  s
  237   1   0   0       1.25227051  s
  237   2   1  -1       0.96086595  p_y
  237   2   1   0       0.96105797  p_z
  237   2   1   1       0.94779688  p_x
  238   1   0   0       0.94281229  s
  239   1   0   0       0.94541238  s
  240   1   0   0       1.22517609  s
  240   2   1  -1       0.95632480  p_y
  240   2   1   0       0.96852367  p_z
  240   2   1   1       0.97213968  p_x
  241   1   0   0       0.93527442  s
  242   1   0   0       0.94057612  s
  243   1   0   0       1.22612276  s
  243   2   1  -1       0.94697857  p_y
  243   2   1   0       0.95633166  p_z
  243   2   1   1       0.96424250  p_x
  244   1   0   0       0.94818627  s
  245   1   0   0       0.95057542  s
  246   1   0   0       1.22449996  s
  246   2   1  -1       0.95040979  p_y
  246   2   1   0       0.97965220  p_z
  246   2   1   1       0.95298528  p_x
  247   1   0   0       0.94314287  s
  248   1   0   0       0.94638775  s
  249   1   0   0       1.24990574  s
  249   2   1  -1       0.98163626  p_y
  249   2   1   0       0.97819578  p_z
  249   2   1   1       1.00046783  p_x
  250   1   0   0       0.93171951  s
  251   1   0   0       0.91941838  s
  252   1   0   0       0.93648068  s
  253   1   0   0       1.27242788  s
  253   2   1  -1       0.97927654  p_y
  253   2   1   0       0.97527882  p_z
  253   2   1   1       0.96453857  p_x
  254   1   0   0       0.93538396  s
  255   1   0   0       0.94308358  s
  256   1   0   0       0.93906608  s
  257   1   0   0       1.23669718  s
  257   2   1  -1       0.94676460  p_y
  257   2   1   0       0.94375132  p_z
  257   2   1   1       0.96003050  p_x
  258   1   0   0       0.96023493  s
  259   1   0   0       0.95497935  s
  260   1   0   0       1.24042214  s
  260   2   1  -1       0.93230939  p_y
  260   2   1   0       0.94379981  p_z
  260   2   1   1       0.98532295  p_x
  261   1   0   0       0.94460892  s
  262   1   0   0       0.95245790  s
  263   1   0   0       1.23307606  s
  263   2   1  -1       0.94519639  p_y
  263   2   1   0       0.94414608  p_z
  263   2   1   1       0.98566242  p_x
  264   1   0   0       0.94337825  s
  265   1   0   0       0.93672230  s
  266   1   0   0       1.24191233  s
  266   2   1  -1       0.94924481  p_y
  266   2   1   0       0.93279609  p_z
  266   2   1   1       0.95968264  p_x
  267   1   0   0       0.96980413  s
  268   1   0   0       0.95561586  s
  269   1   0   0       1.23329506  s
  269   2   1  -1       0.95192800  p_y
  269   2   1   0       0.93421830  p_z
  269   2   1   1       0.95464648  p_x
  270   1   0   0       0.98897778  s
  271   1   0   0       0.95396347  s
  272   1   0   0       1.23357015  s
  272   2   1  -1       0.94724351  p_y
  272   2   1   0       0.94178520  p_z
  272   2   1   1       0.96563087  p_x
  273   1   0   0       0.94025352  s
  274   1   0   0       0.96407675  s
  275   1   0   0       1.24706732  s
  275   2   1  -1       0.96473036  p_y
  275   2   1   0       0.93283417  p_z
  275   2   1   1       0.96913244  p_x
  276   1   0   0       0.95006979  s
  277   1   0   0       0.93190837  s
  278   1   0   0       1.22400706  s
  278   2   1  -1       0.98691827  p_y
  278   2   1   0       0.94689703  p_z
  278   2   1   1       0.95409631  p_x
  279   1   0   0       0.92442851  s
  280   1   0   0       0.94124697  s
  281   1   0   0       1.25984433  s
  281   2   1  -1       0.97613728  p_y
  281   2   1   0       0.99998174  p_z
  281   2   1   1       0.97062904  p_x
  282   1   0   0       0.93801153  s
  283   1   0   0       0.93342224  s
  284   1   0   0       0.92208555  s
  285   1   0   0       1.27148999  s
  285   2   1  -1       0.99608838  p_y
  285   2   1   0       0.95880022  p_z
  285   2   1   1       0.96471009  p_x
  286   1   0   0       0.94111814  s
  287   1   0   0       0.94676716  s
  288   1   0   0       0.94133081  s
  289   1   0   0       1.25001621  s
  289   2   1  -1       0.94931183  p_y
  289   2   1   0       0.92580292  p_z
  289   2   1   1       0.96855289  p_x
  290   1   0   0       0.94096861  s
  291   1   0   0       0.95278918  s
  292   1   0   0       1.25909751  s
  292   2   1  -1       0.95565781  p_y
  292   2   1   0       0.93240955  p_z
  292   2   1   1       0.93431139  p_x
  293   1   0   0       0.96242906  s
  294   1   0   0       0.95322447  s
  295   1   0   0       1.24323320  s
  295   2   1  -1       0.97504111  p_y
  295   2   1   0       0.93210539  p_z
  295   2   1   1       0.95951040  p_x
  296   1   0   0       0.94634598  s
  297   1   0   0       0.93973324  s
  298   1   0   0       1.23109404  s
  298   2   1  -1       0.96180594  p_y
  298   2   1   0       0.96487971  p_z
  298   2   1   1       0.95630676  p_x
  299   1   0   0       0.94423251  s
  300   1   0   0       0.94131473  s
  301   1   0   0       1.21429765  s
  301   2   1  -1       0.95676159  p_y
  301   2   1   0       0.98127316  p_z
  301   2   1   1       0.96347601  p_x
  302   1   0   0       0.93494050  s
  303   1   0   0       0.93693304  s
  304   1   0   0       1.25179344  s
  304   2   1  -1       0.95988363  p_y
  304   2   1   0       0.94821793  p_z
  304   2   1   1       0.95181997  p_x
  305   1   0   0       0.95018022  s
  306   1   0   0       0.94019708  s
  307   1   0   0       1.25567866  s
  307   2   1  -1       0.96416198  p_y
  307   2   1   0       0.95452706  p_z
  307   2   1   1       0.95605771  p_x
  308   1   0   0       0.94270249  s
  309   1   0   0       0.93961348  s
  310   1   0   0       1.22967862  s
  310   2   1  -1       0.93273412  p_y
  310   2   1   0       0.98244237  p_z
  310   2   1   1       0.96241491  p_x
  311   1   0   0       0.92701875  s
  312   1   0   0       0.93452715  s
  313   1   0   0       1.26325350  s
  313   2   1  -1       0.99331987  p_y
  313   2   1   0       0.97315116  p_z
  313   2   1   1       1.00146085  p_x
  314   1   0   0       0.93004363  s
  315   1   0   0       0.93116279  s
  316   1   0   0       0.92899293  s
  317   1   0   0       1.26717492  s
  317   2   1  -1       0.97374998  p_y
  317   2   1   0       0.96445169  p_z
  317   2   1   1       0.98410297  p_x
  318   1   0   0       0.94110375  s
  319   1   0   0       0.95022339  s
  320   1   0   0       0.94410503  s
  321   1   0   0       1.22197263  s
  321   2   1  -1       0.94037316  p_y
  321   2   1   0       0.96277664  p_z
  321   2   1   1       0.96711621  p_x
  322   1   0   0       0.95408347  s
  323   1   0   0       0.92904014  s
  324   1   0   0       1.22800059  s
  324   2   1  -1       0.93166771  p_y
  324   2   1   0       0.95992001  p_z
  324   2   1   1       0.95648255  p_x
  325   1   0   0       0.96445150  s
  326   1   0   0       0.95237757  s
  327   1   0   0       1.23905276  s
  327   2   1  -1       0.93620048  p_y
  327   2   1   0       0.96687757  p_z
  327   2   1   1       0.99183837  p_x
  328   1   0   0       0.92783912  s
  329   1   0   0       0.94162906  s
  330   1   0   0       1.25112817  s
  330   2   1  -1       0.96584836  p_y
  330   2   1   0       0.94045277  p_z
  330   2   1   1       0.96899325  p_x
  331   1   0   0       0.95305354  s
  332   1   0   0       0.92991288  s
  333   1   0   0       1.24514897  s
  333   2   1  -1       0.95342101  p_y
  333   2   1   0       0.95372168  p_z
  333   2   1   1       0.96629198  p_x
  334   1   0   0       0.94250898  s
  335   1   0   0       0.94222245  s
  336   1   0   0       1.24589557  s
  336   2   1  -1       0.92072182  p_y
  336   2   1   0       0.94497477  p_z
  336   2   1   1       0.97125097  p_x
  337   1   0   0       0.95131346  s
  338   1   0   0       0.96869957  s
  339   1   0   0       1.23709273  s
  339   2   1  -1       0.93469185  p_y
  339   2   1   0       0.93289499  p_z
  339   2   1   1       0.97991200  p_x
  340   1   0   0       0.96367884  s
  341   1   0   0       0.94221225  s
  342   1   0   0       1.23932068  s
  342   2   1  -1       0.94044488  p_y
  342   2   1   0       0.93579369  p_z
  342   2   1   1       0.96949899  p_x
  343   1   0   0       0.93586860  s
  344   1   0   0       0.97553031  s
  345   1   0   0       1.27351257  s
  345   2   1  -1       0.97740686  p_y
  345   2   1   0       1.00351731  p_z
  345   2   1   1       0.95489166  p_x
  346   1   0   0       0.92862050  s
  347   1   0   0       0.94387095  s
  348   1   0   0       0.94935082  s
  349   1   0   0       1.25438051  s
  349   2   1  -1       0.97660501  p_y
  349   2   1   0       0.99168211  p_z
  349   2   1   1       0.97902901  p_x
  350   1   0   0       0.93750934  s
  351   1   0   0       0.93308073  s
  352   1   0   0       0.92571179  s
 
Fermi level:                        -0.0812621196 H           -2.2113 eV
Band energy:                      -278.4664523607 H        -7577.4577 eV
TS:                                  0.0000000000 H            0.0000 eV
Band free energy (E-TS):          -278.4664523607 H        -7577.4577 eV
Extrapolated E(0K):               -278.4664523607 H        -7577.4577 eV
Input / Output electrons (q):    682.0000000000    682.0000000000
 
Energy H0:                        -283.0433171095 H        -7702.0005 eV
Energy SCC:                          0.0739705203 H            2.0128 eV
Total Electronic energy:          -282.9693465892 H        -7699.9877 eV
Repulsive energy:                    4.6871469773 H          127.5438 eV
Dispersion energy:                   1.1176621617 H           30.4131 eV
Total energy:                     -277.1645374502 H        -7542.0308 eV
Extrapolated to 0:                -277.1645374502 H        -7542.0308 eV
Total Mermin free energy:         -277.1645374502 H        -7542.0308 eV
Force related energy:             -277.1645374502 H        -7542.0308 eV
 
SCC converged
 
Full geometry written in geo_end.{xyz|gen}
 
MD Kinetic Energy:                   0.6697323728 H
Total MD Energy:                  -276.4948050774 H
Pressure:                            0.248320E-05 au     0.730583E+08 Pa
MD Temperature:                      0.0012720463 H          401.6800 K
MD Kinetic Energy:                   0.6697323728 H
Total MD Energy:                  -276.4948050774 H        -7523.8065 eV
MD Temperature:                      0.0012720463 H          401.6800 K
 
Molecular dynamics completed
 
