 Fermi distribution function
 
MD step: 100000
 

********************************************************************************
 iSCC Total electronic   Diff electronic      SCC error    
    7   -0.28211155E+03    0.12505552E-11    0.38904596E-06
********************************************************************************
 
Coordinates of moved atoms (au):
    1     73.23806521     55.47624194     74.87170291
    2     72.62223598     53.89728197     73.34117511
    3     73.12711346     54.67346331     76.81540919
    4     76.16446104     84.69331267     74.40269458
    5     77.30471229     85.61757774     75.91338686
    6     47.64179534     85.68257511     72.59482152
    7     77.30069587     82.04600675     74.32381807
    8     46.74558021     80.58570151     74.17889222
    9     77.96985288     81.59221677     76.11525660
   10     50.54475098     81.58583169     72.50446132
   11     51.83424211     79.99828831     72.81489698
   12     51.68496261     83.09436006     72.93253727
   13     78.63797931     81.67236729     69.74655884
   14     76.42735187     81.13179190     69.99497770
   15     79.17165184     79.96222980     68.84429403
   16     50.13317778     84.00799861     68.33402834
   17     49.91920088     85.74520521     69.39898722
   18     48.86756343     84.01435686     66.76894716
   19     81.73665739     84.50759773     67.20863247
   20     81.41341201     84.17573812     65.23950394
   21     83.16995079     83.19114561     67.97073591
   22     82.48097485     87.43071468     67.61092438
   23     55.66948929     87.19612040     67.30643528
   24     53.20461245     88.04313973     69.43640223
   25     72.05302612     58.25438982     74.96959454
   26     72.99561450     59.60889461     76.42693930
   27     72.16818173     59.02692173     73.17970916
   28     70.08489305     58.18447156     75.32190081
   29     81.24169392     88.90708441     65.27364233
   30     82.07001328     90.76564101     65.28501099
   31     81.86453707     88.21212589     63.37870870
   32     79.33136158     88.90801717     65.30422785
   33     55.00134507     66.29724892     49.85482728
   34     55.92630163     64.46231314     48.75982831
   35     56.21269928     68.09525915     49.40281168
   36     52.30989049     66.45738214     48.58476769
   37     52.12786887     67.01492928     46.73154172
   38     51.20681711     67.73471302     49.57447564
   39     51.09479739     63.61754893     48.27413926
   40     52.17600630     62.01111630     49.03349509
   41     51.41126549     63.18407069     46.37898366
   42     48.25366980     63.12724864     47.74195107
   43     77.19572341     60.91370312     47.44824390
   44     47.40434046     63.87922877     46.13472730
   45     46.49342127     63.75886080     49.89129242
   46     44.70252272     63.30614078     49.11946268
   47     75.64494349     65.71130772     50.63758932
   48     75.77460304     62.22122728     52.38799440
   49     76.77118113     63.30313883     53.93677488
   50     77.05896324     60.54150016     51.68002705
   51     44.15971735     61.59375684     53.58206239
   52     44.25270415     60.06411064     54.98053238
   53     43.05680294     60.90971840     51.93494484
   54     72.00013499     63.88421344     84.01224285
   55     73.40980146     64.19661456     85.56755329
   56     70.25544831     63.14549751     85.01119828
   57     54.49481655     65.66394755     52.56574036
   58     53.17533561     67.16275630     52.94112812
   59     59.46118701     69.29212016     63.43126774
   60     53.52115186     63.77867923     53.02763131
   61     42.53812335     66.45772823     82.82611561
   62     41.64335056     66.09184994     81.16927331
   63     41.20935600     67.78223535     83.70630613
   64     44.25638921     67.43787894     82.31728489
   65     63.15354060     74.61856382     68.44401417
   66     61.98447807     73.22627142     67.31586309
   67     64.24119534     76.03737116     67.34878974
   68     60.74191636     75.87684736     69.61585435
   69     59.55891594     74.25172687     70.84392480
   70     59.18949888     75.93017673     68.23176350
   71     60.97461397     78.47187954     70.72263836
   72     61.65155780     79.83075498     69.30474655
   73     62.52377292     78.34993434     72.18868273
   74     58.40587608     50.51137837     71.70664974
   75     57.45548494     48.72654618     72.50295825
   76     57.30823704     51.34377367     70.06680013
   77     58.49370841     52.25614649     73.90887697
   78     59.15222397     83.24322145     73.35982257
   79     60.11333402     80.79087183     75.23591764
   80     56.11878962     52.00888417     75.56996544
   81     56.44046090     50.53090555     76.89194831
   82     54.45135330     51.36091454     74.46237299
   83     55.02491774     54.53027143     76.71760671
   84     54.97207347     53.79476599     78.64869696
   85     52.75903956     54.92372177     76.31453356
   86     56.37233275     56.99825512     76.58865179
   87     58.40425002     56.40227200     76.39375398
   88     56.89419628     57.76647485     78.51451363
   89     64.79016972     73.22237785     70.36986540
   90     64.47390759     73.78056946     72.33507882
   91     64.91303209     71.11856267     70.44420653
   92     66.67611463     73.85182289     70.18416888
   93     55.30556872     58.82279983     74.37400320
   94     55.24483061     58.05843719     72.45369890
   95     53.54115196     59.48158007     74.64660052
   96     56.70935285     60.25282453     74.77447815
   97     64.25580028     70.98366268     82.76260510
   98     63.39639160     72.15563337     84.31611788
   99     65.32506953     69.53869843     84.09035616
  100     62.43704902     69.57926962     81.28110350
  101     63.57518604     68.63649177     79.69612861
  102     60.96759276     70.75615836     80.52005831
  103     61.53012883     67.47014433     83.29378384
  104     59.26034993     67.19054361     83.58195163
  105     61.90081270     68.46764529     85.44529408
  106     62.70514670     64.75519149     53.87875948
  107     62.98901231     64.37013310     51.79864928
  108     60.92439906     63.51629583     54.59317969
  109     64.65317390     64.02179834     55.81698106
  110     63.81841358     64.43631751     57.75130188
  111     66.61991611     65.03043534     55.95563765
  112     65.24305967     61.24656080     55.91871238
  113     67.11590514     60.71400802     56.65932085
  114     64.96916948     60.60763771     53.77902440
  115     63.28557407     59.86043863     57.56976943
  116     61.44771020     60.44567802     56.51361479
  117     63.29589256     60.45239273     59.39256126
  118     63.69789727     56.87768554     57.60503270
  119     61.93189242     56.42453449     58.47083704
  120     64.90582801     56.40374208     59.20062727
  121     66.42180787     72.25213540     81.07605159
  122     65.56829025     72.64182576     79.18440796
  123     66.37157732     74.18195181     81.62356885
  124     68.42404168     71.65463123     81.50303072
  125     64.49447396     55.44867670     55.25292738
  126     66.36062724     56.10102874     54.79376709
  127     64.69371637     53.49924691     55.49129787
  128     63.75764388     56.26469663     53.25794848
  129     80.08697102     66.62640198     89.38013664
  130     80.47456697     68.22479805     90.68505525
  131     79.19745084     65.18609339     90.78066011
  132     78.18556079     67.56651136     87.49391466
  133     76.32592296     68.25511882     88.17604530
  134     77.73288455     65.91462718     85.99274512
  135     79.35926536     69.81094262     85.89755195
  136     81.08942892     68.96504492     84.85494936
  137     79.87490484     71.42826001     87.31483498
  138     76.96986658     70.76492255     84.52858284
  139     77.04928371     72.82296040     84.38417081
  140     75.31505236     70.05758129     85.32700746
  141     77.19995266     69.86751978     81.74758322
  142     77.11481014     67.72716046     81.83971734
  143     79.26227635     69.97797021     81.11021259
  144     74.94533731     71.07151620     80.01799716
  145     73.45961107     71.68715280     81.39020897
  146     74.04896174     69.71443908     78.94379385
  147     75.62052668     72.93378822     77.98911964
  148     76.60494579     72.02430203     76.34045303
  149     76.88701488     74.47355342     78.70039673
  150     73.35692271     74.41438718     76.90046590
  151     74.05683586     75.70311959     75.32277859
  152     73.05015109     75.53784236     78.55768301
  153     82.07054743     65.06070903     88.25706472
  154     81.00870983     34.86399788     86.99440685
  155     83.48826473     65.91105584     86.94710412
  156     83.33184582     63.90527493     89.39752736
  157     70.72218408     72.92643900     76.25980750
  158     70.71244119     71.86769995     77.95942782
  159     69.14911703     74.13380890     76.63653897
  160     70.47600376     71.84478052     74.53381363
  161     68.29927475     51.13133829     66.28170853
  162     68.54024172     49.01996853     66.26678400
  163     70.21540790     52.19236212     65.98118114
  164     66.32156934     51.48232352     64.38986661
  165     65.99607834     53.51503419     63.58905743
  166     64.37934570     50.93403470     65.24665457
  167     66.35596318     49.83493305     61.77786341
  168     67.95714402     50.88011532     61.04477006
  169     64.38766188     50.17645798     60.77737785
  170     66.60216709     47.01805908     62.21706259
  171     64.93662499     46.42338860     63.01954140
  172     68.07309524     46.26698151     63.44836709
  173     66.82469061     74.85588828     59.61987622
  174     66.33662858     76.46890453     58.16339672
  175     65.71550158     44.21777026     58.96836471
  176     69.40913190     74.02239695     58.47221956
  177     70.84642810     75.49150638     59.04996865
  178     69.50078966     73.81126899     56.69976325
  179     70.10591220     71.22628441     59.23907010
  180     71.93533835     70.75151026     58.38425759
  181     68.90734979     69.98763674     57.73906033
  182     69.76768269     70.34239236     61.88416421
  183     67.84508901     69.65705904     62.33615811
  184     69.97415324     71.88771333     63.18024773
  185     67.83416909     52.17597077     68.97842349
  186     69.80520039     52.64654178     69.65784278
  187     66.30665508     53.68426111     69.05113223
  188     67.43923648     50.57474026     99.31910573
  189     71.80128113     68.42648412     63.00397401
  190     71.43689184     67.69926417     64.77442023
  191     71.70229065     66.95362362     61.68977480
  192     74.03978443     69.10891802     63.11783397
  193     75.45275543     46.09939134     97.46383492
  194     76.53461937     45.12291696     98.82372657
  195     76.57515297     76.68005902     96.86676280
  196     75.21077921     44.37248121     94.82457553
  197     73.21152108     44.20582765     94.22680354
  198     75.24404209     71.39183051     95.58329044
  199     76.67627609     45.08187631     92.33634076
  200     75.60573415     43.98480219     90.72559521
  201     78.55350850     44.07941252     92.34475866
  202     77.22813173     47.95899338     91.41416999
  203     77.07257739     47.71085884     89.33824590
  204     79.18574277     48.48347527     91.72831975
  205     75.28176370     49.72521278     92.33518153
  206     75.88301400     50.78748844     94.17748449
  207     73.48848592     48.89890185     92.55717995
  208     75.43554678     51.79771918     90.02989778
  209     75.25455810     50.60821007     88.18789991
  210     76.95765490     52.84845571     89.67235783
  211     73.59939498     83.00308219     90.30659078
  212     74.50529855     84.75405824     91.38627514
  213     71.82794693     82.75730219     91.28847311
  214     72.67984690     84.18097202     87.78586391
  215     71.35082454     82.72119785     87.12719451
  216     74.30421899     84.32192762     86.66161935
  217     72.67142339     46.36443828     98.76542664
  218     72.11807955     44.48288701     70.26557566
  219     72.68309985     47.28621536     71.67017467
  220     71.81445388     47.79008448     97.58523250
  221     70.82476745     86.44040908     87.75742669
  222     69.29507883     86.02329285     86.46384353
  223     69.82246149     86.66349550     89.52305737
  224     71.66105912     88.30190259     87.50410037
  225     59.11270784     93.56061291     69.22890363
  226     58.24675316     91.77180851     68.65620752
  227     61.25746100     93.79394408     69.45653402
  228     57.50613315     66.56916639     68.01393233
  229     57.96523006     68.61402236     68.42279465
  230     55.76550939     66.53695342     68.80064953
  231     57.08827091     95.13253672     64.86450856
  232     55.26577653     96.19509265     64.11756046
  233     57.02771730     92.87024220     64.73876286
  234     59.26811766     96.05015386     63.45928062
  235     60.89154285     95.81972910     59.97941473
  236     60.45973924     92.75004226     61.62240040
  237     55.94011294     88.07806051     56.57239891
  238     56.14426198     89.23679336     54.85586828
  239     55.54616379     60.74173376     57.92688724
  240     53.51756754     86.69176645     55.77651672
  241     53.17614971     57.86426060     53.59625726
  242     51.90052996     58.49818619     56.72663988
  243     53.27652253     83.85113236     56.32322683
  244     52.34751317     83.72609340     58.27112344
  245     54.94990680     82.99247041     55.86160981
  246     51.18838222     83.01148654     54.29391023
  247     52.20683226     82.28015417     52.46742119
  248     49.92090992     84.51968383     53.51913952
  249     58.77453963     65.03794592     72.29955448
  250     60.26482307     63.84766931     73.21264270
  251     58.99073025     66.88792402     72.73198774
  252     57.01501156     64.68502836     73.27581397
  253     49.83772099     80.80929533     55.03794364
  254     47.77950129     80.92690686     54.99290006
  255     50.15517097     78.99629661     54.16021601
  256     50.09642652     80.32963303     85.90674199
  257     86.35120248     83.28134698     63.02080864
  258    106.45508204    118.95586878     87.51623915
  259     85.02040232     84.14064224     61.75782372
  260     86.33924882     80.40687069     63.25026667
  261     85.78396835     80.42889672     65.26351733
  262     88.11881733     79.46465637     62.56367190
  263     83.85606868     79.85523657     61.31793723
  264     84.68877669     80.75302147     59.47979576
  265     81.88787074     80.76416379     61.86386377
  266     83.10351601     76.71144626     60.98432167
  267     82.58852929     76.22063068     59.10322099
  268     83.41464220     72.99345961     61.79155324
  269     83.72909916     74.87484262     62.66997696
  270     68.64053742     63.49165215     67.24777616
  271     83.72541504     75.09131639     64.71658563
  272     89.44147305     65.69773911     32.61181073
  273    105.58071067    119.80924941     58.14689004
  274     57.86220211     86.81466542     85.98654208
  275     67.11959447     62.55178492     66.30855250
  276     65.87154682     62.29349949     67.91108361
  277     65.65746631     63.62972780     64.91400385
  278     67.71639717     60.14435381     65.12919344
  279     68.07522627     60.19663053     63.16711209
  280     65.90998027     58.88622137     65.49725834
  281     87.31042530     84.88000941     64.73829599
  282     87.20096507     86.99086739     63.92158860
  283    118.52099993     57.06015803     69.16078224
  284     87.99197750     84.42629073     66.94255163
  285     69.66454132     58.65964919     66.60397697
  286     68.73000850     57.96398787     68.25237834
  287     69.79787152     56.74318382     65.68457540
  288     71.31400427     59.73720559     66.88184529
  289     58.51084138     49.47172933     53.00346006
  290     57.55255786     49.35252865     51.17317279
  291     58.39599411     51.29257859     53.50657997
  292     57.51794701     47.73499121     55.16082836
  293     55.78161279     48.88343245     55.89942875
  294     58.82765550     47.42664333     56.86393115
  295     56.85144662     45.09756542     54.08397825
  296     57.24317944     43.92477843     55.88201072
  297     58.12925526     44.51566108     23.49718882
  298     54.03830507     44.90085349     24.43937514
  299     52.62915326     45.37501360     54.95478739
  300     53.71779299     42.95306866     24.19150914
  301     53.11513163     46.49328324     21.97855613
  302     53.44036142     48.54978263     22.19490825
  303     51.11843770     46.64286709     50.88359960
  304     54.34240229     45.80431729     19.51250992
  305     54.91908489     43.73771194     19.60453166
  306     56.17062392     46.80699876     19.68747667
  307     53.01503133     46.63172173     17.05076276
  308     54.42710709     47.72439347     16.18621410
  309     51.42777873     48.05611275     17.87122216
  310     51.79404334     44.89670454     15.12924052
  311     49.67045712     44.84628733     14.96334317
  312     52.43719341     42.68119415     15.13598337
  313     61.21802347     48.68242682     52.39879836
  314     62.43931108     48.61962392     54.27451076
  315     61.33919399     47.11703418     51.42307995
  316     62.10854950     49.92045933     51.01794007
  317     53.09543746     45.61707093     12.29279950
  318     52.98624813     47.60679092     11.86131345
  319     54.95131806     45.25568081     12.01457633
  320     52.00334028     44.81132780     10.60191594
  321     76.89582336     66.53804611     41.82107314
  322     90.19542435     57.92603204     40.53234650
  323     77.00787501     64.37131556     41.93030336
  324     74.20115440     67.75656718     71.26066547
  325     73.83722413     69.72443906     70.36973786
  326     74.00157994     68.41470763     73.42357056
  327     72.21557078     65.77970310     70.81117219
  328     73.07603172     63.91751272     71.36127111
  329     72.37919558     65.39359359     68.30123046
  330     69.42102488     66.09002441     71.82450028
  331     68.23890008     65.22860176     70.31635307
  332     68.70007768     68.19617282     71.96208164
  333     68.87423810     65.06862416     74.38345166
  334     69.19143087     66.28428729     75.89384074
  335     69.83976196     63.35098216     74.71761481
  336     66.05061342     64.42533952     74.05064777
  337     65.70741029     63.29677563     72.29328688
  338     65.38597202     66.32900526     73.69535659
  339     64.39782985     63.19159244     76.41850473
  340     62.34164052     63.74328439     76.34248748
  341     65.31718161     64.03810146     77.96046239
  342     64.88667313     60.40825910     76.48596338
  343     64.48540440     60.10129145     78.42393335
  344     66.98367874     60.06075272     76.06927206
  345     78.80646441     68.03028215     41.17856657
  346     78.62107734     69.93695647     40.57462715
  347     85.06934685     65.80173570     53.70456777
  348     80.71374329     67.03604373     40.72354320
  349     63.10138117     58.48409894     75.18322695
  350     62.93653981     56.75202003     76.68015003
  351     61.25832924     59.37649286     75.00441054
  352     63.65056068     57.87452487     73.37763469
 
 Total charge:    -0.00000000

 Atomic gross charges (e)
 Atom           Charge
    1      -0.09229023
    2       0.05852850
    3       0.05680482
    4      -0.11517452
    5       0.05610183
    6       0.05683209
    7      -0.10999505
    8       0.03394022
    9       0.05686631
   10      -0.14308360
   11       0.06734789
   12       0.07810216
   13      -0.08501220
   14       0.01773318
   15       0.06054155
   16      -0.11654647
   17       0.06575927
   18       0.05943600
   19      -0.13600011
   20       0.06749484
   21       0.06083887
   22      -0.13016499
   23       0.05052115
   24       0.08977952
   25      -0.21841990
   26       0.06709593
   27       0.07623215
   28       0.07172204
   29      -0.21575726
   30       0.06383926
   31       0.06038649
   32       0.09100053
   33      -0.05709842
   34       0.01691596
   35       0.05241256
   36      -0.14833936
   37       0.07657890
   38       0.07737359
   39      -0.17681409
   40       0.07853587
   41       0.06359993
   42      -0.07951499
   43       0.02814821
   44       0.07153131
   45      -0.14021047
   46       0.06373081
   47       0.07135865
   48      -0.11235580
   49       0.05227095
   50       0.04505098
   51      -0.11199000
   52       0.06065304
   53       0.05488971
   54      -0.08016548
   55       0.04147507
   56       0.04448839
   57      -0.20901759
   58       0.07497677
   59       0.04907098
   60       0.06904598
   61      -0.23047884
   62       0.07217443
   63       0.07223899
   64       0.07649012
   65      -0.09628985
   66       0.06091154
   67       0.07262591
   68      -0.09618763
   69       0.01899561
   70       0.04097666
   71      -0.09940033
   72       0.05740730
   73       0.05144687
   74      -0.09519710
   75       0.04650542
   76       0.05509879
   77      -0.08748987
   78       0.04571602
   79       0.03852596
   80      -0.13395535
   81       0.07076447
   82       0.06207782
   83      -0.10121192
   84       0.05045090
   85       0.02697803
   86      -0.10669835
   87       0.05197747
   88       0.06239394
   89      -0.20825431
   90       0.06233960
   91       0.06626407
   92       0.06298121
   93      -0.23730125
   94       0.08231095
   95       0.08824133
   96       0.07807999
   97      -0.07621080
   98       0.05552647
   99       0.02940716
  100      -0.09925575
  101       0.05228043
  102       0.07023523
  103      -0.09170415
  104       0.02523025
  105       0.02163318
  106      -0.07982551
  107       0.07135458
  108       0.03123682
  109      -0.08227443
  110       0.04454549
  111       0.04235178
  112      -0.10330126
  113       0.06241148
  114       0.03306357
  115      -0.12964215
  116       0.04749806
  117       0.08311330
  118      -0.11475148
  119       0.05987801
  120       0.05589851
  121      -0.24691953
  122       0.08022578
  123       0.06190366
  124       0.08822218
  125      -0.20091498
  126       0.05795725
  127       0.09040239
  128       0.05453283
  129      -0.06081169
  130       0.05299902
  131       0.02741498
  132      -0.10361993
  133       0.06486827
  134       0.02960769
  135      -0.11971431
  136       0.07205558
  137       0.04202702
  138      -0.11968468
  139       0.05889585
  140       0.08599611
  141      -0.13277799
  142       0.05476208
  143       0.06219319
  144      -0.12155779
  145       0.05346633
  146       0.07538598
  147      -0.08862851
  148       0.04928061
  149       0.04852489
  150      -0.12229529
  151       0.05414188
  152       0.06523904
  153      -0.19384026
  154       0.06312245
  155       0.04989345
  156       0.06711421
  157      -0.24561310
  158       0.07794316
  159       0.07254050
  160       0.08781889
  161      -0.07905005
  162       0.05829257
  163       0.04671138
  164      -0.10544981
  165       0.03824449
  166       0.03446829
  167      -0.12263719
  168       0.08304688
  169       0.05117687
  170      -0.09689821
  171       0.07031713
  172       0.07011448
  173      -0.10330969
  174       0.02567272
  175       0.06102817
  176      -0.14749730
  177       0.04919082
  178       0.09569749
  179      -0.08749472
  180       0.05343617
  181       0.01233951
  182      -0.08991991
  183       0.06049524
  184       0.05891033
  185      -0.20102074
  186       0.05992583
  187       0.07831461
  188       0.05185897
  189      -0.22419310
  190       0.08520119
  191       0.07317939
  192       0.04190751
  193      -0.14804930
  194       0.06617800
  195       0.07932022
  196      -0.14070133
  197       0.05227152
  198       0.06477020
  199      -0.10106465
  200       0.03778745
  201       0.04227455
  202      -0.10318121
  203       0.05126032
  204       0.07512517
  205      -0.09211756
  206       0.04776803
  207       0.08926896
  208      -0.14556535
  209       0.04417664
  210       0.09480658
  211      -0.10701482
  212       0.02489049
  213       0.06133293
  214      -0.12487745
  215       0.05201114
  216       0.07593921
  217      -0.23613826
  218       0.09409831
  219       0.05958937
  220       0.09199385
  221      -0.21229577
  222       0.07018315
  223       0.06381161
  224       0.07008518
  225      -0.09628638
  226       0.07817680
  227       0.07956081
  228      -0.13274357
  229       0.05189610
  230       0.07649562
  231      -0.08348515
  232       0.07223937
  233       0.04618697
  234      -0.03931758
  235       0.10977958
  236       0.11429789
  237      -0.20322451
  238       0.06457550
  239       0.06376133
  240      -0.09992040
  241       0.04064035
  242       0.06533716
  243      -0.13604515
  244       0.06217085
  245       0.09576794
  246      -0.08227641
  247       0.03132709
  248       0.06210798
  249      -0.26162038
  250       0.06048753
  251       0.08386849
  252       0.07079286
  253      -0.20520279
  254       0.05344266
  255       0.06195679
  256       0.06086452
  257      -0.08421556
  258      -0.00472848
  259       0.09345773
  260      -0.11810947
  261       0.09330079
  262       0.09614495
  263      -0.12147556
  264       0.06391347
  265       0.06475548
  266      -0.09582293
  267       0.09345476
  268       0.08268783
  269      -0.21994929
  270       0.08595218
  271       0.11114262
  272      -0.27941842
  273       0.00597821
  274       0.06239255
  275      -0.19498143
  276       0.05070042
  277       0.04662539
  278      -0.07250621
  279       0.07071643
  280       0.02421581
  281      -0.21973426
  282       0.06812484
  283       0.00776707
  284       0.09113776
  285      -0.22624571
  286       0.07018714
  287       0.05904083
  288       0.08849455
  289      -0.12069208
  290       0.06583595
  291       0.07616883
  292      -0.09539551
  293       0.03824022
  294       0.05347011
  295      -0.09254419
  296       0.04346009
  297       0.06513290
  298      -0.11498926
  299       0.05020922
  300       0.06532109
  301      -0.12703200
  302       0.04751283
  303       0.06766845
  304      -0.09770332
  305       0.04766585
  306       0.04826508
  307      -0.09537670
  308       0.08104612
  309       0.03238046
  310      -0.07130838
  311       0.07256414
  312       0.03709104
  313      -0.21649244
  314       0.04663407
  315       0.08829487
  316       0.05537079
  317      -0.25644120
  318       0.06205043
  319       0.09139999
  320       0.05558570
  321      -0.06239075
  322      -0.00336054
  323       0.08147774
  324      -0.07338229
  325       0.06016792
  326       0.03635504
  327      -0.07393350
  328       0.05473622
  329      -0.01532583
  330      -0.08686179
  331       0.06525444
  332       0.03508525
  333      -0.11235501
  334       0.07758559
  335       0.06379045
  336      -0.15132604
  337       0.06067388
  338       0.05587931
  339      -0.12528099
  340       0.06660381
  341       0.07363688
  342      -0.10624936
  343       0.06412547
  344       0.05510934
  345      -0.21530736
  346       0.11124156
  347       0.07553215
  348       0.06591078
  349      -0.19440169
  350       0.03931247
  351       0.07059151
  352       0.08167398
 
Nr. of electrons (up):    682.00000000
Atom populations (up)
 Atom       Population
    1       4.09229023
    2       0.94147150
    3       0.94319518
    4       4.11517452
    5       0.94389817
    6       0.94316791
    7       4.10999505
    8       0.96605978
    9       0.94313369
   10       4.14308360
   11       0.93265211
   12       0.92189784
   13       4.08501220
   14       0.98226682
   15       0.93945845
   16       4.11654647
   17       0.93424073
   18       0.94056400
   19       4.13600011
   20       0.93250516
   21       0.93916113
   22       4.13016499
   23       0.94947885
   24       0.91022048
   25       4.21841990
   26       0.93290407
   27       0.92376785
   28       0.92827796
   29       4.21575726
   30       0.93616074
   31       0.93961351
   32       0.90899947
   33       4.05709842
   34       0.98308404
   35       0.94758744
   36       4.14833936
   37       0.92342110
   38       0.92262641
   39       4.17681409
   40       0.92146413
   41       0.93640007
   42       4.07951499
   43       0.97185179
   44       0.92846869
   45       4.14021047
   46       0.93626919
   47       0.92864135
   48       4.11235580
   49       0.94772905
   50       0.95494902
   51       4.11199000
   52       0.93934696
   53       0.94511029
   54       4.08016548
   55       0.95852493
   56       0.95551161
   57       4.20901759
   58       0.92502323
   59       0.95092902
   60       0.93095402
   61       4.23047884
   62       0.92782557
   63       0.92776101
   64       0.92350988
   65       4.09628985
   66       0.93908846
   67       0.92737409
   68       4.09618763
   69       0.98100439
   70       0.95902334
   71       4.09940033
   72       0.94259270
   73       0.94855313
   74       4.09519710
   75       0.95349458
   76       0.94490121
   77       4.08748987
   78       0.95428398
   79       0.96147404
   80       4.13395535
   81       0.92923553
   82       0.93792218
   83       4.10121192
   84       0.94954910
   85       0.97302197
   86       4.10669835
   87       0.94802253
   88       0.93760606
   89       4.20825431
   90       0.93766040
   91       0.93373593
   92       0.93701879
   93       4.23730125
   94       0.91768905
   95       0.91175867
   96       0.92192001
   97       4.07621080
   98       0.94447353
   99       0.97059284
  100       4.09925575
  101       0.94771957
  102       0.92976477
  103       4.09170415
  104       0.97476975
  105       0.97836682
  106       4.07982551
  107       0.92864542
  108       0.96876318
  109       4.08227443
  110       0.95545451
  111       0.95764822
  112       4.10330126
  113       0.93758852
  114       0.96693643
  115       4.12964215
  116       0.95250194
  117       0.91688670
  118       4.11475148
  119       0.94012199
  120       0.94410149
  121       4.24691953
  122       0.91977422
  123       0.93809634
  124       0.91177782
  125       4.20091498
  126       0.94204275
  127       0.90959761
  128       0.94546717
  129       4.06081169
  130       0.94700098
  131       0.97258502
  132       4.10361993
  133       0.93513173
  134       0.97039231
  135       4.11971431
  136       0.92794442
  137       0.95797298
  138       4.11968468
  139       0.94110415
  140       0.91400389
  141       4.13277799
  142       0.94523792
  143       0.93780681
  144       4.12155779
  145       0.94653367
  146       0.92461402
  147       4.08862851
  148       0.95071939
  149       0.95147511
  150       4.12229529
  151       0.94585812
  152       0.93476096
  153       4.19384026
  154       0.93687755
  155       0.95010655
  156       0.93288579
  157       4.24561310
  158       0.92205684
  159       0.92745950
  160       0.91218111
  161       4.07905005
  162       0.94170743
  163       0.95328862
  164       4.10544981
  165       0.96175551
  166       0.96553171
  167       4.12263719
  168       0.91695312
  169       0.94882313
  170       4.09689821
  171       0.92968287
  172       0.92988552
  173       4.10330969
  174       0.97432728
  175       0.93897183
  176       4.14749730
  177       0.95080918
  178       0.90430251
  179       4.08749472
  180       0.94656383
  181       0.98766049
  182       4.08991991
  183       0.93950476
  184       0.94108967
  185       4.20102074
  186       0.94007417
  187       0.92168539
  188       0.94814103
  189       4.22419310
  190       0.91479881
  191       0.92682061
  192       0.95809249
  193       4.14804930
  194       0.93382200
  195       0.92067978
  196       4.14070133
  197       0.94772848
  198       0.93522980
  199       4.10106465
  200       0.96221255
  201       0.95772545
  202       4.10318121
  203       0.94873968
  204       0.92487483
  205       4.09211756
  206       0.95223197
  207       0.91073104
  208       4.14556535
  209       0.95582336
  210       0.90519342
  211       4.10701482
  212       0.97510951
  213       0.93866707
  214       4.12487745
  215       0.94798886
  216       0.92406079
  217       4.23613826
  218       0.90590169
  219       0.94041063
  220       0.90800615
  221       4.21229577
  222       0.92981685
  223       0.93618839
  224       0.92991482
  225       4.09628638
  226       0.92182320
  227       0.92043919
  228       4.13274357
  229       0.94810390
  230       0.92350438
  231       4.08348515
  232       0.92776063
  233       0.95381303
  234       4.03931758
  235       0.89022042
  236       0.88570211
  237       4.20322451
  238       0.93542450
  239       0.93623867
  240       4.09992040
  241       0.95935965
  242       0.93466284
  243       4.13604515
  244       0.93782915
  245       0.90423206
  246       4.08227641
  247       0.96867291
  248       0.93789202
  249       4.26162038
  250       0.93951247
  251       0.91613151
  252       0.92920714
  253       4.20520279
  254       0.94655734
  255       0.93804321
  256       0.93913548
  257       4.08421556
  258       1.00472848
  259       0.90654227
  260       4.11810947
  261       0.90669921
  262       0.90385505
  263       4.12147556
  264       0.93608653
  265       0.93524452
  266       4.09582293
  267       0.90654524
  268       0.91731217
  269       4.21994929
  270       0.91404782
  271       0.88885738
  272       4.27941842
  273       0.99402179
  274       0.93760745
  275       4.19498143
  276       0.94929958
  277       0.95337461
  278       4.07250621
  279       0.92928357
  280       0.97578419
  281       4.21973426
  282       0.93187516
  283       0.99223293
  284       0.90886224
  285       4.22624571
  286       0.92981286
  287       0.94095917
  288       0.91150545
  289       4.12069208
  290       0.93416405
  291       0.92383117
  292       4.09539551
  293       0.96175978
  294       0.94652989
  295       4.09254419
  296       0.95653991
  297       0.93486710
  298       4.11498926
  299       0.94979078
  300       0.93467891
  301       4.12703200
  302       0.95248717
  303       0.93233155
  304       4.09770332
  305       0.95233415
  306       0.95173492
  307       4.09537670
  308       0.91895388
  309       0.96761954
  310       4.07130838
  311       0.92743586
  312       0.96290896
  313       4.21649244
  314       0.95336593
  315       0.91170513
  316       0.94462921
  317       4.25644120
  318       0.93794957
  319       0.90860001
  320       0.94441430
  321       4.06239075
  322       1.00336054
  323       0.91852226
  324       4.07338229
  325       0.93983208
  326       0.96364496
  327       4.07393350
  328       0.94526378
  329       1.01532583
  330       4.08686179
  331       0.93474556
  332       0.96491475
  333       4.11235501
  334       0.92241441
  335       0.93620955
  336       4.15132604
  337       0.93932612
  338       0.94412069
  339       4.12528099
  340       0.93339619
  341       0.92636312
  342       4.10624936
  343       0.93587453
  344       0.94489066
  345       4.21530736
  346       0.88875844
  347       0.92446785
  348       0.93408922
  349       4.19440169
  350       0.96068753
  351       0.92940849
  352       0.91832602
 
l-shell populations (up)
 Atom Sh.   l       Population
    1   1   0       1.27049772
    1   2   1       2.82179251
    2   1   0       0.94147150
    3   1   0       0.94319518
    4   1   0       1.24561196
    4   2   1       2.86956256
    5   1   0       0.94389817
    6   1   0       0.94316791
    7   1   0       1.23029271
    7   2   1       2.87970234
    8   1   0       0.96605978
    9   1   0       0.94313369
   10   1   0       1.22573658
   10   2   1       2.91734702
   11   1   0       0.93265211
   12   1   0       0.92189784
   13   1   0       1.22087327
   13   2   1       2.86413893
   14   1   0       0.98226682
   15   1   0       0.93945845
   16   1   0       1.21352698
   16   2   1       2.90301949
   17   1   0       0.93424073
   18   1   0       0.94056400
   19   1   0       1.25319354
   19   2   1       2.88280657
   20   1   0       0.93250516
   21   1   0       0.93916113
   22   1   0       1.26059068
   22   2   1       2.86957431
   23   1   0       0.94947885
   24   1   0       0.91022048
   25   1   0       1.27197052
   25   2   1       2.94644938
   26   1   0       0.93290407
   27   1   0       0.92376785
   28   1   0       0.92827796
   29   1   0       1.26433287
   29   2   1       2.95142438
   30   1   0       0.93616074
   31   1   0       0.93961351
   32   1   0       0.90899947
   33   1   0       1.25546175
   33   2   1       2.80163668
   34   1   0       0.98308404
   35   1   0       0.94758744
   36   1   0       1.24675130
   36   2   1       2.90158806
   37   1   0       0.92342110
   38   1   0       0.92262641
   39   1   0       1.25654918
   39   2   1       2.92026491
   40   1   0       0.92146413
   41   1   0       0.93640007
   42   1   0       1.23334253
   42   2   1       2.84617246
   43   1   0       0.97185179
   44   1   0       0.92846869
   45   1   0       1.23220509
   45   2   1       2.90800538
   46   1   0       0.93626919
   47   1   0       0.92864135
   48   1   0       1.26366812
   48   2   1       2.84868768
   49   1   0       0.94772905
   50   1   0       0.95494902
   51   1   0       1.24788373
   51   2   1       2.86410626
   52   1   0       0.93934696
   53   1   0       0.94511029
   54   1   0       1.23454425
   54   2   1       2.84562123
   55   1   0       0.95852493
   56   1   0       0.95551161
   57   1   0       1.25465139
   57   2   1       2.95436620
   58   1   0       0.92502323
   59   1   0       0.95092902
   60   1   0       0.93095402
   61   1   0       1.24957526
   61   2   1       2.98090359
   62   1   0       0.92782557
   63   1   0       0.92776101
   64   1   0       0.92350988
   65   1   0       1.23953485
   65   2   1       2.85675500
   66   1   0       0.93908846
   67   1   0       0.92737409
   68   1   0       1.25050400
   68   2   1       2.84568363
   69   1   0       0.98100439
   70   1   0       0.95902334
   71   1   0       1.23093862
   71   2   1       2.86846172
   72   1   0       0.94259270
   73   1   0       0.94855313
   74   1   0       1.23754551
   74   2   1       2.85765159
   75   1   0       0.95349458
   76   1   0       0.94490121
   77   1   0       1.23212079
   77   2   1       2.85536909
   78   1   0       0.95428398
   79   1   0       0.96147404
   80   1   0       1.24399767
   80   2   1       2.88995768
   81   1   0       0.92923553
   82   1   0       0.93792218
   83   1   0       1.24367762
   83   2   1       2.85753430
   84   1   0       0.94954910
   85   1   0       0.97302197
   86   1   0       1.24189505
   86   2   1       2.86480330
   87   1   0       0.94802253
   88   1   0       0.93760606
   89   1   0       1.25628680
   89   2   1       2.95196751
   90   1   0       0.93766040
   91   1   0       0.93373593
   92   1   0       0.93701879
   93   1   0       1.26540818
   93   2   1       2.97189307
   94   1   0       0.91768905
   95   1   0       0.91175867
   96   1   0       0.92192001
   97   1   0       1.24056102
   97   2   1       2.83564979
   98   1   0       0.94447353
   99   1   0       0.97059284
  100   1   0       1.23495658
  100   2   1       2.86429917
  101   1   0       0.94771957
  102   1   0       0.92976477
  103   1   0       1.30549300
  103   2   1       2.78621116
  104   1   0       0.97476975
  105   1   0       0.97836682
  106   1   0       1.25250499
  106   2   1       2.82732052
  107   1   0       0.92864542
  108   1   0       0.96876318
  109   1   0       1.23179743
  109   2   1       2.85047700
  110   1   0       0.95545451
  111   1   0       0.95764822
  112   1   0       1.24163775
  112   2   1       2.86166351
  113   1   0       0.93758852
  114   1   0       0.96693643
  115   1   0       1.24733288
  115   2   1       2.88230927
  116   1   0       0.95250194
  117   1   0       0.91688670
  118   1   0       1.22850788
  118   2   1       2.88624360
  119   1   0       0.94012199
  120   1   0       0.94410149
  121   1   0       1.28362487
  121   2   1       2.96329466
  122   1   0       0.91977422
  123   1   0       0.93809634
  124   1   0       0.91177782
  125   1   0       1.25888422
  125   2   1       2.94203077
  126   1   0       0.94204275
  127   1   0       0.90959761
  128   1   0       0.94546717
  129   1   0       1.21101851
  129   2   1       2.84979318
  130   1   0       0.94700098
  131   1   0       0.97258502
  132   1   0       1.25765416
  132   2   1       2.84596577
  133   1   0       0.93513173
  134   1   0       0.97039231
  135   1   0       1.26788619
  135   2   1       2.85182812
  136   1   0       0.92794442
  137   1   0       0.95797298
  138   1   0       1.23559265
  138   2   1       2.88409203
  139   1   0       0.94110415
  140   1   0       0.91400389
  141   1   0       1.27378530
  141   2   1       2.85899269
  142   1   0       0.94523792
  143   1   0       0.93780681
  144   1   0       1.23641646
  144   2   1       2.88514133
  145   1   0       0.94653367
  146   1   0       0.92461402
  147   1   0       1.23231632
  147   2   1       2.85631218
  148   1   0       0.95071939
  149   1   0       0.95147511
  150   1   0       1.25797597
  150   2   1       2.86431932
  151   1   0       0.94585812
  152   1   0       0.93476096
  153   1   0       1.24689046
  153   2   1       2.94694979
  154   1   0       0.93687755
  155   1   0       0.95010655
  156   1   0       0.93288579
  157   1   0       1.27466685
  157   2   1       2.97094625
  158   1   0       0.92205684
  159   1   0       0.92745950
  160   1   0       0.91218111
  161   1   0       1.22524659
  161   2   1       2.85380345
  162   1   0       0.94170743
  163   1   0       0.95328862
  164   1   0       1.25254482
  164   2   1       2.85290499
  165   1   0       0.96175551
  166   1   0       0.96553171
  167   1   0       1.26151349
  167   2   1       2.86112370
  168   1   0       0.91695312
  169   1   0       0.94882313
  170   1   0       1.20838025
  170   2   1       2.88851796
  171   1   0       0.92968287
  172   1   0       0.92988552
  173   1   0       1.24260290
  173   2   1       2.86070679
  174   1   0       0.97432728
  175   1   0       0.93897183
  176   1   0       1.23451351
  176   2   1       2.91298379
  177   1   0       0.95080918
  178   1   0       0.90430251
  179   1   0       1.24112730
  179   2   1       2.84636743
  180   1   0       0.94656383
  181   1   0       0.98766049
  182   1   0       1.22267548
  182   2   1       2.86724443
  183   1   0       0.93950476
  184   1   0       0.94108967
  185   1   0       1.28414406
  185   2   1       2.91687668
  186   1   0       0.94007417
  187   1   0       0.92168539
  188   1   0       0.94814103
  189   1   0       1.27827597
  189   2   1       2.94591713
  190   1   0       0.91479881
  191   1   0       0.92682061
  192   1   0       0.95809249
  193   1   0       1.27200954
  193   2   1       2.87603976
  194   1   0       0.93382200
  195   1   0       0.92067978
  196   1   0       1.26843697
  196   2   1       2.87226435
  197   1   0       0.94772848
  198   1   0       0.93522980
  199   1   0       1.27066366
  199   2   1       2.83040098
  200   1   0       0.96221255
  201   1   0       0.95772545
  202   1   0       1.23898034
  202   2   1       2.86420086
  203   1   0       0.94873968
  204   1   0       0.92487483
  205   1   0       1.24250148
  205   2   1       2.84961608
  206   1   0       0.95223197
  207   1   0       0.91073104
  208   1   0       1.25591692
  208   2   1       2.88964843
  209   1   0       0.95582336
  210   1   0       0.90519342
  211   1   0       1.24743480
  211   2   1       2.85958002
  212   1   0       0.97510951
  213   1   0       0.93866707
  214   1   0       1.22911603
  214   2   1       2.89576142
  215   1   0       0.94798886
  216   1   0       0.92406079
  217   1   0       1.27750137
  217   2   1       2.95863689
  218   1   0       0.90590169
  219   1   0       0.94041063
  220   1   0       0.90800615
  221   1   0       1.26172514
  221   2   1       2.95057063
  222   1   0       0.92981685
  223   1   0       0.93618839
  224   1   0       0.92991482
  225   1   0       1.25028208
  225   2   1       2.84600430
  226   1   0       0.92182320
  227   1   0       0.92043919
  228   1   0       1.24769795
  228   2   1       2.88504563
  229   1   0       0.94810390
  230   1   0       0.92350438
  231   1   0       1.27194901
  231   2   1       2.81153613
  232   1   0       0.92776063
  233   1   0       0.95381303
  234   1   0       1.24421487
  234   2   1       2.79510271
  235   1   0       0.89022042
  236   1   0       0.88570211
  237   1   0       1.28906060
  237   2   1       2.91416392
  238   1   0       0.93542450
  239   1   0       0.93623867
  240   1   0       1.24104681
  240   2   1       2.85887359
  241   1   0       0.95935965
  242   1   0       0.93466284
  243   1   0       1.25053174
  243   2   1       2.88551340
  244   1   0       0.93782915
  245   1   0       0.90423206
  246   1   0       1.23199695
  246   2   1       2.85027946
  247   1   0       0.96867291
  248   1   0       0.93789202
  249   1   0       1.28393404
  249   2   1       2.97768634
  250   1   0       0.93951247
  251   1   0       0.91613151
  252   1   0       0.92920714
  253   1   0       1.23023269
  253   2   1       2.97497010
  254   1   0       0.94655734
  255   1   0       0.93804321
  256   1   0       0.93913548
  257   1   0       1.24045227
  257   2   1       2.84376329
  258   1   0       1.00472848
  259   1   0       0.90654227
  260   1   0       1.26897886
  260   2   1       2.84913062
  261   1   0       0.90669921
  262   1   0       0.90385505
  263   1   0       1.32844552
  263   2   1       2.79303004
  264   1   0       0.93608653
  265   1   0       0.93524452
  266   1   0       1.28424178
  266   2   1       2.81158115
  267   1   0       0.90654524
  268   1   0       0.91731217
  269   1   0       1.28261651
  269   2   1       2.93733278
  270   1   0       0.91404782
  271   1   0       0.88885738
  272   1   0       1.27287703
  272   2   1       3.00654139
  273   1   0       0.99402179
  274   1   0       0.93760745
  275   1   0       1.25544319
  275   2   1       2.93953825
  276   1   0       0.94929958
  277   1   0       0.95337461
  278   1   0       1.21026642
  278   2   1       2.86223980
  279   1   0       0.92928357
  280   1   0       0.97578419
  281   1   0       1.30989622
  281   2   1       2.90983804
  282   1   0       0.93187516
  283   1   0       0.99223293
  284   1   0       0.90886224
  285   1   0       1.25769302
  285   2   1       2.96855269
  286   1   0       0.92981286
  287   1   0       0.94095917
  288   1   0       0.91150545
  289   1   0       1.22183233
  289   2   1       2.89885975
  290   1   0       0.93416405
  291   1   0       0.92383117
  292   1   0       1.25665464
  292   2   1       2.83874087
  293   1   0       0.96175978
  294   1   0       0.94652989
  295   1   0       1.24662998
  295   2   1       2.84591420
  296   1   0       0.95653991
  297   1   0       0.93486710
  298   1   0       1.24816320
  298   2   1       2.86682607
  299   1   0       0.94979078
  300   1   0       0.93467891
  301   1   0       1.24129272
  301   2   1       2.88573928
  302   1   0       0.95248717
  303   1   0       0.93233155
  304   1   0       1.23328313
  304   2   1       2.86442019
  305   1   0       0.95233415
  306   1   0       0.95173492
  307   1   0       1.23390760
  307   2   1       2.86146909
  308   1   0       0.91895388
  309   1   0       0.96761954
  310   1   0       1.27244764
  310   2   1       2.79886074
  311   1   0       0.92743586
  312   1   0       0.96290896
  313   1   0       1.25752103
  313   2   1       2.95897141
  314   1   0       0.95336593
  315   1   0       0.91170513
  316   1   0       0.94462921
  317   1   0       1.29331943
  317   2   1       2.96312178
  318   1   0       0.93794957
  319   1   0       0.90860001
  320   1   0       0.94441430
  321   1   0       1.25253297
  321   2   1       2.80985778
  322   1   0       1.00336054
  323   1   0       0.91852226
  324   1   0       1.25350689
  324   2   1       2.81987540
  325   1   0       0.93983208
  326   1   0       0.96364496
  327   1   0       1.26773890
  327   2   1       2.80619460
  328   1   0       0.94526378
  329   1   0       1.01532583
  330   1   0       1.24366926
  330   2   1       2.84319254
  331   1   0       0.93474556
  332   1   0       0.96491475
  333   1   0       1.21333440
  333   2   1       2.89902061
  334   1   0       0.92241441
  335   1   0       0.93620955
  336   1   0       1.26997272
  336   2   1       2.88135332
  337   1   0       0.93932612
  338   1   0       0.94412069
  339   1   0       1.24994040
  339   2   1       2.87534059
  340   1   0       0.93339619
  341   1   0       0.92636312
  342   1   0       1.22580444
  342   2   1       2.88044492
  343   1   0       0.93587453
  344   1   0       0.94489066
  345   1   0       1.27184562
  345   2   1       2.94346174
  346   1   0       0.88875844
  347   1   0       0.92446785
  348   1   0       0.93408922
  349   1   0       1.27365057
  349   2   1       2.92075112
  350   1   0       0.96068753
  351   1   0       0.92940849
  352   1   0       0.91832602
 
Orbital populations (up)
 Atom Sh.   l   m       Population  Label
    1   1   0   0       1.27049772  s
    1   2   1  -1       0.91682263  p_y
    1   2   1   0       0.96144297  p_z
    1   2   1   1       0.94352691  p_x
    2   1   0   0       0.94147150  s
    3   1   0   0       0.94319518  s
    4   1   0   0       1.24561196  s
    4   2   1  -1       0.96404297  p_y
    4   2   1   0       0.97435445  p_z
    4   2   1   1       0.93116515  p_x
    5   1   0   0       0.94389817  s
    6   1   0   0       0.94316791  s
    7   1   0   0       1.23029271  s
    7   2   1  -1       0.94686252  p_y
    7   2   1   0       0.99186464  p_z
    7   2   1   1       0.94097518  p_x
    8   1   0   0       0.96605978  s
    9   1   0   0       0.94313369  s
   10   1   0   0       1.22573658  s
   10   2   1  -1       1.01048659  p_y
   10   2   1   0       0.94047755  p_z
   10   2   1   1       0.96638288  p_x
   11   1   0   0       0.93265211  s
   12   1   0   0       0.92189784  s
   13   1   0   0       1.22087327  s
   13   2   1  -1       0.94867386  p_y
   13   2   1   0       0.94112167  p_z
   13   2   1   1       0.97434340  p_x
   14   1   0   0       0.98226682  s
   15   1   0   0       0.93945845  s
   16   1   0   0       1.21352698  s
   16   2   1  -1       0.95268375  p_y
   16   2   1   0       0.97609173  p_z
   16   2   1   1       0.97424401  p_x
   17   1   0   0       0.93424073  s
   18   1   0   0       0.94056400  s
   19   1   0   0       1.25319354  s
   19   2   1  -1       0.94047359  p_y
   19   2   1   0       0.99411728  p_z
   19   2   1   1       0.94821570  p_x
   20   1   0   0       0.93250516  s
   21   1   0   0       0.93916113  s
   22   1   0   0       1.26059068  s
   22   2   1  -1       0.94382479  p_y
   22   2   1   0       0.94389479  p_z
   22   2   1   1       0.98185473  p_x
   23   1   0   0       0.94947885  s
   24   1   0   0       0.91022048  s
   25   1   0   0       1.27197052  s
   25   2   1  -1       0.95240965  p_y
   25   2   1   0       1.00047724  p_z
   25   2   1   1       0.99356250  p_x
   26   1   0   0       0.93290407  s
   27   1   0   0       0.92376785  s
   28   1   0   0       0.92827796  s
   29   1   0   0       1.26433287  s
   29   2   1  -1       1.00567235  p_y
   29   2   1   0       0.95436002  p_z
   29   2   1   1       0.99139201  p_x
   30   1   0   0       0.93616074  s
   31   1   0   0       0.93961351  s
   32   1   0   0       0.90899947  s
   33   1   0   0       1.25546175  s
   33   2   1  -1       0.93310565  p_y
   33   2   1   0       0.93227495  p_z
   33   2   1   1       0.93625608  p_x
   34   1   0   0       0.98308404  s
   35   1   0   0       0.94758744  s
   36   1   0   0       1.24675130  s
   36   2   1  -1       0.94630598  p_y
   36   2   1   0       0.99745449  p_z
   36   2   1   1       0.95782759  p_x
   37   1   0   0       0.92342110  s
   38   1   0   0       0.92262641  s
   39   1   0   0       1.25654918  s
   39   2   1  -1       0.92336721  p_y
   39   2   1   0       1.05025916  p_z
   39   2   1   1       0.94663854  p_x
   40   1   0   0       0.92146413  s
   41   1   0   0       0.93640007  s
   42   1   0   0       1.23334253  s
   42   2   1  -1       0.96451835  p_y
   42   2   1   0       0.97297856  p_z
   42   2   1   1       0.90867555  p_x
   43   1   0   0       0.97185179  s
   44   1   0   0       0.92846869  s
   45   1   0   0       1.23220509  s
   45   2   1  -1       0.99251793  p_y
   45   2   1   0       0.92024405  p_z
   45   2   1   1       0.99524340  p_x
   46   1   0   0       0.93626919  s
   47   1   0   0       0.92864135  s
   48   1   0   0       1.26366812  s
   48   2   1  -1       0.97243525  p_y
   48   2   1   0       0.93103289  p_z
   48   2   1   1       0.94521953  p_x
   49   1   0   0       0.94772905  s
   50   1   0   0       0.95494902  s
   51   1   0   0       1.24788373  s
   51   2   1  -1       0.95942017  p_y
   51   2   1   0       0.94598257  p_z
   51   2   1   1       0.95870353  p_x
   52   1   0   0       0.93934696  s
   53   1   0   0       0.94511029  s
   54   1   0   0       1.23454425  s
   54   2   1  -1       0.90389099  p_y
   54   2   1   0       0.97842288  p_z
   54   2   1   1       0.96330736  p_x
   55   1   0   0       0.95852493  s
   56   1   0   0       0.95551161  s
   57   1   0   0       1.25465139  s
   57   2   1  -1       0.98464971  p_y
   57   2   1   0       0.97547699  p_z
   57   2   1   1       0.99423950  p_x
   58   1   0   0       0.92502323  s
   59   1   0   0       0.95092902  s
   60   1   0   0       0.93095402  s
   61   1   0   0       1.24957526  s
   61   2   1  -1       0.95422073  p_y
   61   2   1   0       1.03130441  p_z
   61   2   1   1       0.99537845  p_x
   62   1   0   0       0.92782557  s
   63   1   0   0       0.92776101  s
   64   1   0   0       0.92350988  s
   65   1   0   0       1.23953485  s
   65   2   1  -1       0.96246080  p_y
   65   2   1   0       0.98081123  p_z
   65   2   1   1       0.91348298  p_x
   66   1   0   0       0.93908846  s
   67   1   0   0       0.92737409  s
   68   1   0   0       1.25050400  s
   68   2   1  -1       0.91761038  p_y
   68   2   1   0       0.99442608  p_z
   68   2   1   1       0.93364717  p_x
   69   1   0   0       0.98100439  s
   70   1   0   0       0.95902334  s
   71   1   0   0       1.23093862  s
   71   2   1  -1       0.94075796  p_y
   71   2   1   0       0.98066804  p_z
   71   2   1   1       0.94703572  p_x
   72   1   0   0       0.94259270  s
   73   1   0   0       0.94855313  s
   74   1   0   0       1.23754551  s
   74   2   1  -1       0.95690270  p_y
   74   2   1   0       0.93791589  p_z
   74   2   1   1       0.96283300  p_x
   75   1   0   0       0.95349458  s
   76   1   0   0       0.94490121  s
   77   1   0   0       1.23212079  s
   77   2   1  -1       0.96317419  p_y
   77   2   1   0       0.93677760  p_z
   77   2   1   1       0.95541730  p_x
   78   1   0   0       0.95428398  s
   79   1   0   0       0.96147404  s
   80   1   0   0       1.24399767  s
   80   2   1  -1       0.95831475  p_y
   80   2   1   0       0.98473452  p_z
   80   2   1   1       0.94690842  p_x
   81   1   0   0       0.92923553  s
   82   1   0   0       0.93792218  s
   83   1   0   0       1.24367762  s
   83   2   1  -1       0.90042433  p_y
   83   2   1   0       1.01576485  p_z
   83   2   1   1       0.94134512  p_x
   84   1   0   0       0.94954910  s
   85   1   0   0       0.97302197  s
   86   1   0   0       1.24189505  s
   86   2   1  -1       0.93352609  p_y
   86   2   1   0       0.95195036  p_z
   86   2   1   1       0.97932685  p_x
   87   1   0   0       0.94802253  s
   88   1   0   0       0.93760606  s
   89   1   0   0       1.25628680  s
   89   2   1  -1       0.96817835  p_y
   89   2   1   0       0.97859929  p_z
   89   2   1   1       1.00518987  p_x
   90   1   0   0       0.93766040  s
   91   1   0   0       0.93373593  s
   92   1   0   0       0.93701879  s
   93   1   0   0       1.26540818  s
   93   2   1  -1       1.02183607  p_y
   93   2   1   0       0.95901849  p_z
   93   2   1   1       0.99103852  p_x
   94   1   0   0       0.91768905  s
   95   1   0   0       0.91175867  s
   96   1   0   0       0.92192001  s
   97   1   0   0       1.24056102  s
   97   2   1  -1       0.96957835  p_y
   97   2   1   0       0.93187916  p_z
   97   2   1   1       0.93419227  p_x
   98   1   0   0       0.94447353  s
   99   1   0   0       0.97059284  s
  100   1   0   0       1.23495658  s
  100   2   1  -1       0.95595757  p_y
  100   2   1   0       0.94601230  p_z
  100   2   1   1       0.96232930  p_x
  101   1   0   0       0.94771957  s
  102   1   0   0       0.92976477  s
  103   1   0   0       1.30549300  s
  103   2   1  -1       0.90858919  p_y
  103   2   1   0       0.93112045  p_z
  103   2   1   1       0.94650152  p_x
  104   1   0   0       0.97476975  s
  105   1   0   0       0.97836682  s
  106   1   0   0       1.25250499  s
  106   2   1  -1       0.93967099  p_y
  106   2   1   0       0.93408719  p_z
  106   2   1   1       0.95356234  p_x
  107   1   0   0       0.92864542  s
  108   1   0   0       0.96876318  s
  109   1   0   0       1.23179743  s
  109   2   1  -1       0.95671757  p_y
  109   2   1   0       0.96001864  p_z
  109   2   1   1       0.93374079  p_x
  110   1   0   0       0.95545451  s
  111   1   0   0       0.95764822  s
  112   1   0   0       1.24163775  s
  112   2   1  -1       0.94893854  p_y
  112   2   1   0       0.94660101  p_z
  112   2   1   1       0.96612396  p_x
  113   1   0   0       0.93758852  s
  114   1   0   0       0.96693643  s
  115   1   0   0       1.24733288  s
  115   2   1  -1       0.93155789  p_y
  115   2   1   0       0.96724542  p_z
  115   2   1   1       0.98350596  p_x
  116   1   0   0       0.95250194  s
  117   1   0   0       0.91688670  s
  118   1   0   0       1.22850788  s
  118   2   1  -1       0.94310806  p_y
  118   2   1   0       0.94425316  p_z
  118   2   1   1       0.99888238  p_x
  119   1   0   0       0.94012199  s
  120   1   0   0       0.94410149  s
  121   1   0   0       1.28362487  s
  121   2   1  -1       1.02651980  p_y
  121   2   1   0       0.99373288  p_z
  121   2   1   1       0.94304198  p_x
  122   1   0   0       0.91977422  s
  123   1   0   0       0.93809634  s
  124   1   0   0       0.91177782  s
  125   1   0   0       1.25888422  s
  125   2   1  -1       0.96921947  p_y
  125   2   1   0       0.93081378  p_z
  125   2   1   1       1.04199752  p_x
  126   1   0   0       0.94204275  s
  127   1   0   0       0.90959761  s
  128   1   0   0       0.94546717  s
  129   1   0   0       1.21101851  s
  129   2   1  -1       0.93753257  p_y
  129   2   1   0       0.94974371  p_z
  129   2   1   1       0.96251689  p_x
  130   1   0   0       0.94700098  s
  131   1   0   0       0.97258502  s
  132   1   0   0       1.25765416  s
  132   2   1  -1       0.95251840  p_y
  132   2   1   0       0.94688337  p_z
  132   2   1   1       0.94656400  p_x
  133   1   0   0       0.93513173  s
  134   1   0   0       0.97039231  s
  135   1   0   0       1.26788619  s
  135   2   1  -1       0.94403887  p_y
  135   2   1   0       0.97295785  p_z
  135   2   1   1       0.93483140  p_x
  136   1   0   0       0.92794442  s
  137   1   0   0       0.95797298  s
  138   1   0   0       1.23559265  s
  138   2   1  -1       0.97442016  p_y
  138   2   1   0       0.95395577  p_z
  138   2   1   1       0.95571610  p_x
  139   1   0   0       0.94110415  s
  140   1   0   0       0.91400389  s
  141   1   0   0       1.27378530  s
  141   2   1  -1       0.98223526  p_y
  141   2   1   0       0.93880633  p_z
  141   2   1   1       0.93795110  p_x
  142   1   0   0       0.94523792  s
  143   1   0   0       0.93780681  s
  144   1   0   0       1.23641646  s
  144   2   1  -1       0.99750088  p_y
  144   2   1   0       0.92957956  p_z
  144   2   1   1       0.95806088  p_x
  145   1   0   0       0.94653367  s
  146   1   0   0       0.92461402  s
  147   1   0   0       1.23231632  s
  147   2   1  -1       0.94410715  p_y
  147   2   1   0       0.94311775  p_z
  147   2   1   1       0.96908729  p_x
  148   1   0   0       0.95071939  s
  149   1   0   0       0.95147511  s
  150   1   0   0       1.25797597  s
  150   2   1  -1       0.98772153  p_y
  150   2   1   0       0.95989972  p_z
  150   2   1   1       0.91669807  p_x
  151   1   0   0       0.94585812  s
  152   1   0   0       0.93476096  s
  153   1   0   0       1.24689046  s
  153   2   1  -1       1.00346625  p_y
  153   2   1   0       0.99508112  p_z
  153   2   1   1       0.94840243  p_x
  154   1   0   0       0.93687755  s
  155   1   0   0       0.95010655  s
  156   1   0   0       0.93288579  s
  157   1   0   0       1.27466685  s
  157   2   1  -1       1.02339108  p_y
  157   2   1   0       0.98457414  p_z
  157   2   1   1       0.96298102  p_x
  158   1   0   0       0.92205684  s
  159   1   0   0       0.92745950  s
  160   1   0   0       0.91218111  s
  161   1   0   0       1.22524659  s
  161   2   1  -1       0.95866459  p_y
  161   2   1   0       0.93374860  p_z
  161   2   1   1       0.96139026  p_x
  162   1   0   0       0.94170743  s
  163   1   0   0       0.95328862  s
  164   1   0   0       1.25254482  s
  164   2   1  -1       0.96329466  p_y
  164   2   1   0       0.93202561  p_z
  164   2   1   1       0.95758472  p_x
  165   1   0   0       0.96175551  s
  166   1   0   0       0.96553171  s
  167   1   0   0       1.26151349  s
  167   2   1  -1       0.91308145  p_y
  167   2   1   0       0.99042231  p_z
  167   2   1   1       0.95761994  p_x
  168   1   0   0       0.91695312  s
  169   1   0   0       0.94882313  s
  170   1   0   0       1.20838025  s
  170   2   1  -1       0.94239020  p_y
  170   2   1   0       0.94852749  p_z
  170   2   1   1       0.99760027  p_x
  171   1   0   0       0.92968287  s
  172   1   0   0       0.92988552  s
  173   1   0   0       1.24260290  s
  173   2   1  -1       0.94699672  p_y
  173   2   1   0       0.92995253  p_z
  173   2   1   1       0.98375754  p_x
  174   1   0   0       0.97432728  s
  175   1   0   0       0.93897183  s
  176   1   0   0       1.23451351  s
  176   2   1  -1       0.92982837  p_y
  176   2   1   0       1.01905682  p_z
  176   2   1   1       0.96409861  p_x
  177   1   0   0       0.95080918  s
  178   1   0   0       0.90430251  s
  179   1   0   0       1.24112730  s
  179   2   1  -1       0.94015241  p_y
  179   2   1   0       0.91690062  p_z
  179   2   1   1       0.98931440  p_x
  180   1   0   0       0.94656383  s
  181   1   0   0       0.98766049  s
  182   1   0   0       1.22267548  s
  182   2   1  -1       0.98315955  p_y
  182   2   1   0       0.93540459  p_z
  182   2   1   1       0.94868029  p_x
  183   1   0   0       0.93950476  s
  184   1   0   0       0.94108967  s
  185   1   0   0       1.28414406  s
  185   2   1  -1       0.98916041  p_y
  185   2   1   0       0.95838358  p_z
  185   2   1   1       0.96933269  p_x
  186   1   0   0       0.94007417  s
  187   1   0   0       0.92168539  s
  188   1   0   0       0.94814103  s
  189   1   0   0       1.27827597  s
  189   2   1  -1       1.01067779  p_y
  189   2   1   0       0.99150078  p_z
  189   2   1   1       0.94373856  p_x
  190   1   0   0       0.91479881  s
  191   1   0   0       0.92682061  s
  192   1   0   0       0.95809249  s
  193   1   0   0       1.27200954  s
  193   2   1  -1       0.99513816  p_y
  193   2   1   0       0.93172548  p_z
  193   2   1   1       0.94917612  p_x
  194   1   0   0       0.93382200  s
  195   1   0   0       0.92067978  s
  196   1   0   0       1.26843697  s
  196   2   1  -1       0.97905581  p_y
  196   2   1   0       0.89337669  p_z
  196   2   1   1       0.99983186  p_x
  197   1   0   0       0.94772848  s
  198   1   0   0       0.93522980  s
  199   1   0   0       1.27066366  s
  199   2   1  -1       0.94225386  p_y
  199   2   1   0       0.92699268  p_z
  199   2   1   1       0.96115444  p_x
  200   1   0   0       0.96221255  s
  201   1   0   0       0.95772545  s
  202   1   0   0       1.23898034  s
  202   2   1  -1       0.91665588  p_y
  202   2   1   0       0.98303790  p_z
  202   2   1   1       0.96450709  p_x
  203   1   0   0       0.94873968  s
  204   1   0   0       0.92487483  s
  205   1   0   0       1.24250148  s
  205   2   1  -1       0.94635334  p_y
  205   2   1   0       0.93179678  p_z
  205   2   1   1       0.97146596  p_x
  206   1   0   0       0.95223197  s
  207   1   0   0       0.91073104  s
  208   1   0   0       1.25591692  s
  208   2   1  -1       0.91168567  p_y
  208   2   1   0       0.95114838  p_z
  208   2   1   1       1.02681439  p_x
  209   1   0   0       0.95582336  s
  210   1   0   0       0.90519342  s
  211   1   0   0       1.24743480  s
  211   2   1  -1       0.93588989  p_y
  211   2   1   0       0.97408220  p_z
  211   2   1   1       0.94960792  p_x
  212   1   0   0       0.97510951  s
  213   1   0   0       0.93866707  s
  214   1   0   0       1.22911603  s
  214   2   1  -1       0.96188403  p_y
  214   2   1   0       0.99689583  p_z
  214   2   1   1       0.93698156  p_x
  215   1   0   0       0.94798886  s
  216   1   0   0       0.92406079  s
  217   1   0   0       1.27750137  s
  217   2   1  -1       0.97350784  p_y
  217   2   1   0       0.98391244  p_z
  217   2   1   1       1.00121662  p_x
  218   1   0   0       0.90590169  s
  219   1   0   0       0.94041063  s
  220   1   0   0       0.90800615  s
  221   1   0   0       1.26172514  s
  221   2   1  -1       0.95625941  p_y
  221   2   1   0       1.02041791  p_z
  221   2   1   1       0.97389331  p_x
  222   1   0   0       0.92981685  s
  223   1   0   0       0.93618839  s
  224   1   0   0       0.92991482  s
  225   1   0   0       1.25028208  s
  225   2   1  -1       0.96993331  p_y
  225   2   1   0       0.92624177  p_z
  225   2   1   1       0.94982922  p_x
  226   1   0   0       0.92182320  s
  227   1   0   0       0.92043919  s
  228   1   0   0       1.24769795  s
  228   2   1  -1       0.95272933  p_y
  228   2   1   0       0.92788660  p_z
  228   2   1   1       1.00442970  p_x
  229   1   0   0       0.94810390  s
  230   1   0   0       0.92350438  s
  231   1   0   0       1.27194901  s
  231   2   1  -1       0.94357353  p_y
  231   2   1   0       0.93287216  p_z
  231   2   1   1       0.93509045  p_x
  232   1   0   0       0.92776063  s
  233   1   0   0       0.95381303  s
  234   1   0   0       1.24421487  s
  234   2   1  -1       0.93011485  p_y
  234   2   1   0       0.95629262  p_z
  234   2   1   1       0.90869524  p_x
  235   1   0   0       0.89022042  s
  236   1   0   0       0.88570211  s
  237   1   0   0       1.28906060  s
  237   2   1  -1       0.96322103  p_y
  237   2   1   0       1.00588785  p_z
  237   2   1   1       0.94505503  p_x
  238   1   0   0       0.93542450  s
  239   1   0   0       0.93623867  s
  240   1   0   0       1.24104681  s
  240   2   1  -1       0.95018553  p_y
  240   2   1   0       0.95818454  p_z
  240   2   1   1       0.95050352  p_x
  241   1   0   0       0.95935965  s
  242   1   0   0       0.93466284  s
  243   1   0   0       1.25053174  s
  243   2   1  -1       0.97683847  p_y
  243   2   1   0       0.94618955  p_z
  243   2   1   1       0.96248539  p_x
  244   1   0   0       0.93782915  s
  245   1   0   0       0.90423206  s
  246   1   0   0       1.23199695  s
  246   2   1  -1       0.94825239  p_y
  246   2   1   0       0.95052228  p_z
  246   2   1   1       0.95150479  p_x
  247   1   0   0       0.96867291  s
  248   1   0   0       0.93789202  s
  249   1   0   0       1.28393404  s
  249   2   1  -1       1.01578378  p_y
  249   2   1   0       0.96097612  p_z
  249   2   1   1       1.00092645  p_x
  250   1   0   0       0.93951247  s
  251   1   0   0       0.91613151  s
  252   1   0   0       0.92920714  s
  253   1   0   0       1.23023269  s
  253   2   1  -1       0.96607747  p_y
  253   2   1   0       1.01742030  p_z
  253   2   1   1       0.99147233  p_x
  254   1   0   0       0.94655734  s
  255   1   0   0       0.93804321  s
  256   1   0   0       0.93913548  s
  257   1   0   0       1.24045227  s
  257   2   1  -1       0.91165853  p_y
  257   2   1   0       0.98978631  p_z
  257   2   1   1       0.94231845  p_x
  258   1   0   0       1.00472848  s
  259   1   0   0       0.90654227  s
  260   1   0   0       1.26897886  s
  260   2   1  -1       0.96439824  p_y
  260   2   1   0       0.95527418  p_z
  260   2   1   1       0.92945820  p_x
  261   1   0   0       0.90669921  s
  262   1   0   0       0.90385505  s
  263   1   0   0       1.32844552  s
  263   2   1  -1       0.91737844  p_y
  263   2   1   0       0.96923743  p_z
  263   2   1   1       0.90641418  p_x
  264   1   0   0       0.93608653  s
  265   1   0   0       0.93524452  s
  266   1   0   0       1.28424178  s
  266   2   1  -1       0.90058582  p_y
  266   2   1   0       0.96816295  p_z
  266   2   1   1       0.94283239  p_x
  267   1   0   0       0.90654524  s
  268   1   0   0       0.91731217  s
  269   1   0   0       1.28261651  s
  269   2   1  -1       0.96151662  p_y
  269   2   1   0       0.94336234  p_z
  269   2   1   1       1.03245383  p_x
  270   1   0   0       0.91404782  s
  271   1   0   0       0.88885738  s
  272   1   0   0       1.27287703  s
  272   2   1  -1       0.96162568  p_y
  272   2   1   0       0.94543079  p_z
  272   2   1   1       1.09948492  p_x
  273   1   0   0       0.99402179  s
  274   1   0   0       0.93760745  s
  275   1   0   0       1.25544319  s
  275   2   1  -1       0.98789562  p_y
  275   2   1   0       0.97363889  p_z
  275   2   1   1       0.97800374  p_x
  276   1   0   0       0.94929958  s
  277   1   0   0       0.95337461  s
  278   1   0   0       1.21026642  s
  278   2   1  -1       0.93968977  p_y
  278   2   1   0       0.95945635  p_z
  278   2   1   1       0.96309368  p_x
  279   1   0   0       0.92928357  s
  280   1   0   0       0.97578419  s
  281   1   0   0       1.30989622  s
  281   2   1  -1       0.94628099  p_y
  281   2   1   0       0.91829371  p_z
  281   2   1   1       1.04526334  p_x
  282   1   0   0       0.93187516  s
  283   1   0   0       0.99223293  s
  284   1   0   0       0.90886224  s
  285   1   0   0       1.25769302  s
  285   2   1  -1       0.96342420  p_y
  285   2   1   0       1.01898684  p_z
  285   2   1   1       0.98614165  p_x
  286   1   0   0       0.92981286  s
  287   1   0   0       0.94095917  s
  288   1   0   0       0.91150545  s
  289   1   0   0       1.22183233  s
  289   2   1  -1       0.98542726  p_y
  289   2   1   0       0.95250675  p_z
  289   2   1   1       0.96092573  p_x
  290   1   0   0       0.93416405  s
  291   1   0   0       0.92383117  s
  292   1   0   0       1.25665464  s
  292   2   1  -1       0.92579537  p_y
  292   2   1   0       0.94060382  p_z
  292   2   1   1       0.97234168  p_x
  293   1   0   0       0.96175978  s
  294   1   0   0       0.94652989  s
  295   1   0   0       1.24662998  s
  295   2   1  -1       0.96951237  p_y
  295   2   1   0       0.94022625  p_z
  295   2   1   1       0.93617559  p_x
  296   1   0   0       0.95653991  s
  297   1   0   0       0.93486710  s
  298   1   0   0       1.24816320  s
  298   2   1  -1       0.98525513  p_y
  298   2   1   0       0.95218574  p_z
  298   2   1   1       0.92938519  p_x
  299   1   0   0       0.94979078  s
  300   1   0   0       0.93467891  s
  301   1   0   0       1.24129272  s
  301   2   1  -1       0.97600100  p_y
  301   2   1   0       0.92436421  p_z
  301   2   1   1       0.98537406  p_x
  302   1   0   0       0.95248717  s
  303   1   0   0       0.93233155  s
  304   1   0   0       1.23328313  s
  304   2   1  -1       0.96691171  p_y
  304   2   1   0       0.91606431  p_z
  304   2   1   1       0.98144416  p_x
  305   1   0   0       0.95233415  s
  306   1   0   0       0.95173492  s
  307   1   0   0       1.23390760  s
  307   2   1  -1       0.98273588  p_y
  307   2   1   0       0.92599819  p_z
  307   2   1   1       0.95273503  p_x
  308   1   0   0       0.91895388  s
  309   1   0   0       0.96761954  s
  310   1   0   0       1.27244764  s
  310   2   1  -1       0.94357603  p_y
  310   2   1   0       0.91198489  p_z
  310   2   1   1       0.94329982  p_x
  311   1   0   0       0.92743586  s
  312   1   0   0       0.96290896  s
  313   1   0   0       1.25752103  s
  313   2   1  -1       1.03390479  p_y
  313   2   1   0       0.96067886  p_z
  313   2   1   1       0.96438776  p_x
  314   1   0   0       0.95336593  s
  315   1   0   0       0.91170513  s
  316   1   0   0       0.94462921  s
  317   1   0   0       1.29331943  s
  317   2   1  -1       1.01566881  p_y
  317   2   1   0       0.95031870  p_z
  317   2   1   1       0.99713426  p_x
  318   1   0   0       0.93794957  s
  319   1   0   0       0.90860001  s
  320   1   0   0       0.94441430  s
  321   1   0   0       1.25253297  s
  321   2   1  -1       0.92142215  p_y
  321   2   1   0       0.97920941  p_z
  321   2   1   1       0.90922622  p_x
  322   1   0   0       1.00336054  s
  323   1   0   0       0.91852226  s
  324   1   0   0       1.25350689  s
  324   2   1  -1       0.92796221  p_y
  324   2   1   0       0.97001196  p_z
  324   2   1   1       0.92190123  p_x
  325   1   0   0       0.93983208  s
  326   1   0   0       0.96364496  s
  327   1   0   0       1.26773890  s
  327   2   1  -1       0.96325993  p_y
  327   2   1   0       0.92822492  p_z
  327   2   1   1       0.91470975  p_x
  328   1   0   0       0.94526378  s
  329   1   0   0       1.01532583  s
  330   1   0   0       1.24366926  s
  330   2   1  -1       0.97039614  p_y
  330   2   1   0       0.94110094  p_z
  330   2   1   1       0.93169545  p_x
  331   1   0   0       0.93474556  s
  332   1   0   0       0.96491475  s
  333   1   0   0       1.21333440  s
  333   2   1  -1       0.98148548  p_y
  333   2   1   0       0.95028391  p_z
  333   2   1   1       0.96725122  p_x
  334   1   0   0       0.92241441  s
  335   1   0   0       0.93620955  s
  336   1   0   0       1.26997272  s
  336   2   1  -1       0.97468963  p_y
  336   2   1   0       0.96174905  p_z
  336   2   1   1       0.94491465  p_x
  337   1   0   0       0.93932612  s
  338   1   0   0       0.94412069  s
  339   1   0   0       1.24994040  s
  339   2   1  -1       0.94637613  p_y
  339   2   1   0       0.98339985  p_z
  339   2   1   1       0.94556461  p_x
  340   1   0   0       0.93339619  s
  341   1   0   0       0.92636312  s
  342   1   0   0       1.22580444  s
  342   2   1  -1       0.92744792  p_y
  342   2   1   0       1.00434980  p_z
  342   2   1   1       0.94864720  p_x
  343   1   0   0       0.93587453  s
  344   1   0   0       0.94489066  s
  345   1   0   0       1.27184562  s
  345   2   1  -1       0.96335358  p_y
  345   2   1   0       1.02252370  p_z
  345   2   1   1       0.95758446  p_x
  346   1   0   0       0.88875844  s
  347   1   0   0       0.92446785  s
  348   1   0   0       0.93408922  s
  349   1   0   0       1.27365057  s
  349   2   1  -1       0.96545760  p_y
  349   2   1   0       0.96450495  p_z
  349   2   1   1       0.99078857  p_x
  350   1   0   0       0.96068753  s
  351   1   0   0       0.92940849  s
  352   1   0   0       0.91832602  s
 
Fermi level:                        -0.1544177710 H           -4.2019 eV
Band energy:                      -277.6633362483 H        -7555.6038 eV
TS:                                  0.0000000000 H            0.0000 eV
Band free energy (E-TS):          -277.6633362483 H        -7555.6038 eV
Extrapolated E(0K):               -277.6633362483 H        -7555.6038 eV
Input / Output electrons (q):    682.0000000000    682.0000000000
 
Energy H0:                        -282.1988922427 H        -7679.0226 eV
Energy SCC:                          0.0873414579 H            2.3767 eV
Total Electronic energy:          -282.1115507848 H        -7676.6459 eV
Repulsive energy:                    5.0446088770 H          137.2708 eV
Dispersion energy:                   1.1002406819 H           29.9391 eV
Total energy:                     -275.9667012260 H        -7509.4360 eV
Extrapolated to 0:                -275.9667012260 H        -7509.4360 eV
Total Mermin free energy:         -275.9667012260 H        -7509.4360 eV
Force related energy:             -275.9667012260 H        -7509.4360 eV
 
SCC converged
 
Full geometry written in geo_end.{xyz|gen}
 
MD Kinetic Energy:                   1.7063506460 H
Total MD Energy:                  -274.2603505800 H
Pressure:                            0.479091E-04 au     0.140953E+10 Pa
MD Temperature:                      0.0032409319 H         1023.4041 K
MD Kinetic Energy:                   1.7063506460 H
Total MD Energy:                  -274.2603505800 H        -7463.0039 eV
MD Temperature:                      0.0032409319 H         1023.4041 K
 
Molecular dynamics completed
 
