 Fermi distribution function
 
MD step: 100000
 

********************************************************************************
 iSCC Total electronic   Diff electronic      SCC error    
    5   -0.28290965E+03    0.28649083E-10    0.83912809E-06
********************************************************************************
 
Coordinates of moved atoms (au):
    1     70.46365259     61.03675006     63.55876631
    2     70.64610791     62.93257744     64.43398299
    3     71.98568262     61.09571087     62.16599328
    4     71.06292572     87.77663306     65.41609307
    5     70.43832982     85.78021464     64.56895061
    6     40.88848070     87.97461410     67.11099093
    7     73.65450214     87.51061523     66.50574717
    8     44.81797771     88.91868392     68.05116028
    9     75.01271817     87.98142571     64.80938276
   10     45.26180380     84.98000634     67.96757966
   11     44.78968077     83.39662649     66.58511850
   12     43.89303831     84.92271506     69.59159966
   13     77.03350923     84.63934373     68.92409940
   14     77.66783851     85.97253873     70.40935841
   15     78.30237992     85.05699362     67.41039514
   16     48.47922716     81.95429434     70.06434433
   17     46.96695481     81.66300898     71.61091600
   18     50.30719634     81.87942431     71.04154759
   19     77.19160164     79.77784172     68.25865171
   20     78.01620755     80.10320792     66.34641794
   21     75.22043916     79.26421646     67.85183761
   22     78.64826066     77.44767345     69.65223534
   23     48.20540027     76.11366361     70.49585451
   24     50.83881630     78.19783032     71.27367540
   25     67.96429668     60.99570695     62.13223005
   26     67.86909090     59.69172715     60.61939680
   27     66.36039639     60.61209580     63.42425012
   28     67.64535854     63.01902678     61.27687571
   29     80.15323544     76.03852546     67.80637547
   30     78.99199172     75.67401898     66.15433931
   31     81.98778093     77.07568407     67.22616468
   32     81.01416266     74.25604913     68.57525153
   33     56.06194577     57.11061291     70.30556734
   34     56.58471227     57.51029385     72.33071986
   35     53.95370840     56.72608198     70.19905584
   36     56.57295657     59.53937364     68.82037305
   37     58.22895087     59.44779857     67.53705121
   38     56.63252266     61.33992990     70.04512455
   39     54.47492152     59.95014621     66.72150470
   40     54.39507372     61.93391323     65.94587636
   41     52.76790245     59.45363591     67.74176423
   42     54.69657520     58.07739948     64.38652233
   43     83.52826267     56.15281676     65.15905075
   44     56.69292351     58.30851387     63.63514616
   45     52.60152837     58.62269209     62.48346296
   46     52.21208934     60.67406354     62.72839898
   47     79.94449002     57.54188243     62.88817010
   48     82.42296138     58.27263842     59.75049935
   49     80.68413346     57.73345068     58.57801121
   50     83.63629749     56.67352037     59.66930486
   51     55.10220372     60.33758232     58.55081223
   52     56.29401657     61.37627688     59.82123635
   53     53.83863900     61.84411976     57.84216675
   54     86.03692809     59.50486348     85.51791093
   55     87.38585876     58.19192615     86.65465453
   56     86.96917645     61.33485408     85.11629565
   57     57.50129196     54.90821721     69.28091991
   58     56.82337375     53.03935141     70.06047739
   59     57.35729662     54.66309709     67.26076607
   60     59.53090560     54.94962828     69.53294673
   61     56.03753304     58.03023997     83.34219957
   62     57.44639426     57.32230001     81.98185353
   63     54.96360038     56.45166153     84.10521729
   64     54.84394239     59.13167689     82.16783621
   65     69.76230525     77.57778517     70.26538565
   66     71.50870460     78.18084685     69.22203617
   67     69.68789291     78.23788985     72.17571592
   68     67.45570458     78.73126146     69.04285324
   69     65.83873538     78.64037873     70.41015138
   70     67.04071391     77.51244649     67.33258175
   71     67.77981377     81.43418146     68.21930691
   72     69.04735073     81.46904530     66.62876130
   73     68.74684751     82.69435196     69.77473911
   74     65.15190683     53.59064182     67.11681948
   75     65.56362185     55.65006356     67.01057383
   76     63.91879022     53.23067067     68.69756728
   77     64.26280607     52.46493338     64.57704509
   78     63.09323186     79.68062828     64.83840752
   79     66.02844427     80.68132171     63.68754352
   80     62.90019380     54.41807487     62.93194166
   81     62.25552018     55.87026856     64.36695976
   82     61.16242114     53.42768061     62.22145053
   83     64.44743581     55.53043311     60.72223321
   84     66.23288396     56.19540818     61.49533858
   85     63.23362829     57.13156351     60.06341462
   86     65.23365473     53.87183524     58.47496283
   87     63.51912178     53.46534370     57.39547983
   88     66.18563517     52.22835991     59.21106621
   89     69.61683510     74.69456642     70.07925761
   90     68.13716561     74.23640201     68.65352369
   91     71.46078938     73.89652458     69.59873481
   92     69.27118822     73.78806987     71.94911372
   93     67.08670735     55.02946792     56.62002493
   94     66.16656469     56.11619226     55.20781514
   95     68.40718718     56.12528352     57.69164650
   96     68.10529257     53.42202346     55.78902312
   97     59.92352196     77.42772338     68.43228008
   98     58.51049379     78.64453423     67.33794298
   99     61.47571050     78.55778835     69.09652637
  100     58.57527855     76.44527201     70.77352652
  101     57.18459852     74.90244505     70.19905868
  102     57.56394798     78.02428776     71.56640828
  103     60.03021618     75.30259518     73.04443364
  104     61.75589574     76.43534197     73.32621536
  105     60.86828355     73.45009825     72.61372781
  106     58.35285111     75.26169997     46.38716079
  107     56.35929048     74.78634615     46.14738720
  108     58.58960337     77.15970317     47.17957205
  109     59.36873693     73.23036174     48.40039048
  110     61.45841942     73.15644461     47.97971849
  111     59.00220309     71.22679098     48.19757425
  112     59.17594162     73.80581071     51.22670769
  113     57.13674559     73.94109677     51.78275967
  114     59.82660518     75.76555946     51.67630040
  115     60.82760914     72.02983403     52.65923869
  116     62.88532650     72.06396547     52.24330656
  117     60.30766936     69.99254863     52.40964389
  118     61.21400051     72.25995101     55.55884809
  119     62.47192491     70.70070690     56.13435032
  120     59.43625151     71.90229371     56.57729850
  121     60.85535862     75.35625519     66.72941585
  122     62.17252940     74.39114909     67.93053250
  123     59.39154108     74.17590487     65.69516329
  124     61.92935983     76.21696176     65.27391534
  125     62.46936725     74.74135595     56.38601997
  126     61.26790990     76.56334593     56.51670996
  127     63.37507100     74.58626514     58.32646656
  128     63.90022975     75.20341483     54.91650202
  129     62.47475627     66.26518180     62.74506482
  130     62.87938473     64.22860191     63.20875013
  131     61.02413144     66.23513645     61.25716761
  132     60.97219325     67.73371654     65.03786648
  133     60.11316616     69.43437956     64.30967320
  134     62.44921913     68.32879832     66.44137857
  135     59.29821439     65.76859618     66.44221301
  136     60.67390758     64.06177986     66.81763421
  137     57.67429916     65.03690018     65.33514403
  138     58.04235474     66.76820188     68.77060179
  139     58.97088068     68.38250277     69.51388594
  140     58.15344447     65.19570473     70.29222208
  141     55.31351744     67.58362217     68.41442837
  142     54.39835899     66.44947251     67.01043048
  143     55.27222632     69.46787580     67.46916059
  144     53.87112417     67.49496024     70.88216899
  145     54.80196643     66.36904060     72.29328767
  146     51.93673508     66.57205686     70.39851414
  147     53.51561854     70.12509301     72.10615062
  148     52.24414501     71.38720830     70.92417923
  149     55.35010776     70.73672644     72.70992195
  150     52.25571628     69.64021676     74.76432084
  151     52.43769192     71.36140878     75.72679439
  152     53.44053431     68.17048588     75.80283046
  153     64.80420617     67.49676432     61.65612955
  154     65.38710761     37.43298716     59.85123068
  155     64.64636643     69.38647901     61.09299726
  156     66.40727535     67.38517937     62.99066015
  157     49.47582894     68.63545648     74.77144946
  158     48.87739120     68.32068081     76.79360242
  159     48.21346675     69.91963674     73.60937340
  160     49.31595512     66.72441566     74.05339804
  161     75.36726176     61.56710700     54.92203189
  162     75.35635904     60.58854277     52.87385429
  163     73.35426443     61.87779427     55.54651868
  164     76.89981753     59.98970147     56.70689842
  165     77.66074505     61.19037928     58.32827263
  166     78.51956510     59.13820193     55.59831946
  167     75.63773052     57.75444307     57.81629508
  168     73.99164921     58.17319648     59.06383410
  169     77.04909606     56.93863535     59.01708269
  170     74.67801027     55.90139903     55.80972747
  171     75.89798879     55.88780831     54.05594548
  172     72.73690580     56.57736466     55.08161158
  173     74.65267852     82.08201532     56.94354856
  174     76.70033684     81.59289782     57.51744943
  175     74.10520790     51.64364243     55.31025419
  176     73.10239942     81.51393217     59.39161736
  177     70.99636214     81.67628665     58.98247377
  178     73.36346408     82.79525823     60.88960888
  179     73.80546533     78.86311823     60.58986996
  180     75.64547310     79.12754532     61.50396130
  181     73.86713881     77.45989137     59.04300931
  182     71.87159911     78.28574525     62.62404496
  183     71.29824888     80.23779916     63.39624827
  184     72.68475890     77.34323181     64.38534504
  185     76.51226509     64.17820087     54.63819136
  186     77.29134243     65.02448770     56.37039466
  187     77.96082328     64.29305343     53.22726655
  188     74.77890461     65.33888982     83.12796764
  189     69.62158000     76.84163579     61.66118796
  190     68.93452237     77.37521290     59.81652507
  191     69.88275604     74.82792452     61.60291522
  192     67.97881337     77.20221664     62.97591192
  193     68.08425538     47.52115378     79.92206342
  194     69.05191713     48.47504269     78.29059775
  195     66.18531834     77.46370326     80.27911934
  196     67.47588248     44.87805951     79.25875228
  197     66.27405135     44.87550355     77.54599181
  198     66.23549449     72.80621520     80.64743103
  199     69.87130684     43.20931069     78.85023630
  200     70.95184662     43.00047565     80.63111412
  201     71.31419988     44.14733866     77.43846475
  202     69.18060752     40.52858238     77.89946550
  203     69.18462614     40.43230885     75.87102910
  204     67.25124100     40.18794687     78.28058199
  205     71.09589259     38.27736522     78.78182575
  206     72.15587580     38.85137809     80.25615120
  207     72.50122457     37.85089317     77.42941412
  208     69.67629020     35.86752690     79.70166139
  209     71.04935784     34.67108811     80.77032099
  210     68.97844030     34.56449417     78.14789290
  211     67.56418400     65.67948160     81.44251527
  212     66.01475585     66.52045370     80.23348036
  213     68.48957340     67.11636078     82.81814765
  214     66.20026693     63.76757741     83.06273837
  215     64.96741457     64.86504164     84.22326082
  216     67.59011584     62.79531000     84.31553223
  217     69.70095934     47.79720385     82.30675183
  218     69.95331728     49.80975381     53.71740646
  219     68.81700648     47.09514242     55.12219184
  220     71.62284068     46.99521229     82.08920316
  221     64.57093062     61.85683135     81.56776485
  222     65.72658418     60.82676885     80.19724035
  223     63.62164965     60.59027216     82.77383670
  224     63.29396712     63.18867335     80.61556006
  225     54.43084289     76.10584381     59.04404941
  226     52.77067019     74.86782193     59.04664301
  227     55.60336918     75.64333127     57.36745962
  228     53.58528464     49.91394696     58.69581307
  229     55.23257917     51.05615534     59.33766761
  230     52.16178469     50.26131505     59.95700710
  231     52.47149712     79.46659613     56.13244381
  232     51.41701062     81.26206502     56.37975378
  233     51.10164845     77.89131328     55.65991390
  234     54.47214246     79.81199327     53.92078637
  235     55.63480824     78.20062695     53.49970340
  236     55.85343185     81.09925870     54.60557200
  237     53.21640362     80.88908240     51.53698532
  238     54.75502361     81.26759684     50.13917843
  239     52.25083681     53.71862639     51.90830113
  240     51.08937151     79.22693978     50.27215887
  241     49.67437381     49.64289400     51.57749106
  242     52.00643558     48.64393617     49.31408502
  243     49.62178127     80.89570311     48.33793451
  244     48.91737372     79.75048858     46.63605179
  245     50.91745513     82.22961880     47.56338880
  246     47.42904224     82.27370075     49.55173016
  247     47.14878578     83.92940747     48.24603351
  248     48.24367476     82.97913120     51.35706579
  249     55.96709108     46.61792299     61.45062680
  250     56.28108948     44.65659718     61.94412016
  251     57.74107861     47.42388607     61.40153508
  252     54.97422279     47.34029490     63.13901731
  253     45.01270921     80.68309161     49.75358219
  254     44.34445574     80.31899508     47.79524723
  255     45.32093511     78.75597769     50.50622516
  256     43.56835088     81.49402167     79.85266275
  257     71.80182167     69.10450919     86.15322536
  258     69.88923978     69.20133299     85.65513338
  259     72.87123803     67.72750734     85.07468561
  260     73.11693207     71.75180497     85.75267109
  261     72.57675486     72.89015483     87.54273315
  262     72.26988239     72.85181587     84.21672352
  263     75.99418601     71.67751891     85.37209106
  264     76.80509784     69.82548040     85.78300165
  265     77.11473895     73.04007169     86.61166945
  266     76.65394182     72.40841969     82.66702488
  267     76.01887435     74.44332182     82.35579458
  268     75.48933902     71.43673586     81.18109797
  269     79.38737318     72.32849912     81.75690470
  270     80.27258815     74.09364879     82.41944696
  271     79.27819799     72.17314867     79.67137965
  272     81.30645820     70.21845958     82.50287438
  273     82.99175573     70.19879393     81.17949045
  274     80.23987446     68.28126024     82.25464160
  275     82.22311090     70.18365189     85.45130926
  276     80.57697404     70.58698214     86.81900743
  277     83.56763071     71.69472261     85.33037133
  278     83.30757569     67.54869329     85.70710085
  279     84.65413947     67.03900549     84.23835976
  280     81.86043256     66.18728651     85.73111155
  281     71.79510102     68.42565414     88.85563383
  282     70.51624871     66.67816204     89.09288341
  283     73.71173529     67.85000237     89.59449840
  284     70.79774195     69.71096053     90.13013208
  285     84.92896889     67.26324681     88.03752657
  286     85.56961740     65.37542092     88.53519135
  287     86.70647163     68.34791153     87.80971566
  288     83.98245353     67.93930922     89.87820353
  289     66.69573182     54.46532444     75.01615580
  290     65.51106262     55.07902328     73.44244298
  291     68.06872551     53.23866221     74.12277913
  292     67.96657257     56.73201297     76.23949098
  293     68.56900532     56.42782993     78.31685236
  294     66.81700480     58.34723733     76.53399680
  295     70.36941606     57.35198486     74.76137580
  296     69.94945546     58.08808291     72.74760063
  297     71.44871451     55.53418776     45.42147908
  298     72.00865582     59.32430922     47.22776406
  299     72.29045529     58.86378092     78.26329662
  300     70.84066623     61.07363060     47.11874485
  301     74.68384948     59.57770657     45.94216781
  302     74.62738971     60.91705963     44.35934940
  303     75.01489698     57.74609997     74.04851890
  304     76.85543683     60.29959426     47.66223821
  305     77.17150355     58.95089298     49.17328417
  306     76.25501643     62.19637621     48.56861740
  307     79.49220434     60.49362790     46.41236459
  308     79.48728736     62.09884274     44.97622619
  309     80.02724742     58.68360252     45.39606948
  310     81.55253558     61.21786455     48.25915735
  311     81.70570268     59.56797838     49.60907491
  312     80.61978170     62.70543192     49.35347420
  313     64.94662770     53.04203007     76.89463882
  314     66.05223096     52.10286908     78.39108111
  315     63.51022683     54.40093681     77.65944543
  316     63.89563255     51.35998389     76.07958200
  317     84.04946535     61.59870526     47.00386519
  318     84.30239555     63.27539346     45.82712132
  319     85.50507787     61.81160735     48.56797595
  320     84.50087106     59.97962282     45.89077937
  321     77.56592768     64.66010128     37.79099463
  322     78.89117404     65.31403370     39.12514759
  323     77.62621511     62.54314305     37.99400073
  324     75.31917004     66.21504626     67.22538616
  325     74.13414652     66.72121344     65.58641731
  326     75.96237042     68.12512356     67.85430146
  327     73.70551800     65.37007274     69.56320620
  328     75.20818065     65.03389834     71.17509326
  329     72.74812337     63.57230773     69.17295691
  330     71.81832378     67.46383477     70.96085279
  331     71.99170297     69.38851462     69.92749436
  332     72.24800980     67.18698444     73.07036367
  333     68.81316929     67.01644086     70.81409448
  334     68.52155889     66.89366820     68.69159801
  335     68.14610051     68.89439488     71.38622039
  336     67.90102055     64.50765278     72.07461080
  337     68.16128215     64.31211649     74.14529305
  338     68.66303318     62.85328278     71.00148918
  339     64.95203496     64.26566298     71.57530595
  340     64.72079167     64.65692895     69.42376416
  341     63.73625461     65.98406908     72.26780488
  342     63.93528011     61.46678609     72.01801567
  343     61.87354628     61.28249612     72.38547761
  344     64.75472382     60.83851903     73.90270903
  345     78.24691597     65.36768690     35.06778178
  346     80.03242459     64.60609916     34.50219989
  347     76.62143200     64.69377396     33.56063438
  348     78.22673731     67.64025277     34.42727098
  349     64.68490681     59.70060736     69.85617630
  350     66.69326633     59.33820585     69.17114258
  351     63.92458517     57.76445068     70.27477434
  352     63.59267843     60.43882823     68.23485000
 
 Total charge:    -0.00000000

 Atomic gross charges (e)
 Atom           Charge
    1      -0.09545214
    2       0.05751966
    3       0.05233677
    4      -0.08918474
    5       0.03156772
    6       0.04526199
    7      -0.10481789
    8       0.05625401
    9       0.04344852
   10      -0.10219277
   11       0.05151951
   12       0.05666568
   13      -0.12190541
   14       0.05396401
   15       0.06681585
   16      -0.09099676
   17       0.04084261
   18       0.05864545
   19      -0.11732443
   20       0.05722075
   21       0.05988033
   22      -0.09399371
   23       0.04536597
   24       0.05524633
   25      -0.19220565
   26       0.07629854
   27       0.06189624
   28       0.04639644
   29      -0.18028639
   30       0.07170415
   31       0.04559939
   32       0.05447575
   33      -0.06874693
   34       0.04793278
   35       0.05103569
   36      -0.11858245
   37       0.06458055
   38       0.05159408
   39      -0.13847306
   40       0.05710524
   41       0.05843943
   42      -0.11289968
   43       0.05809175
   44       0.05147276
   45      -0.11037995
   46       0.05398733
   47       0.07137661
   48      -0.11370061
   49       0.04797933
   50       0.06254232
   51      -0.11988756
   52       0.06128889
   53       0.04737529
   54      -0.08325189
   55       0.03780578
   56       0.05744598
   57      -0.19716103
   58       0.05036948
   59       0.06704309
   60       0.06477870
   61      -0.20194950
   62       0.05860531
   63       0.07161439
   64       0.06863263
   65      -0.10717975
   66       0.05503729
   67       0.06823514
   68      -0.09377510
   69       0.04705769
   70       0.04870524
   71      -0.12274084
   72       0.06050322
   73       0.04360571
   74      -0.13215908
   75       0.06015896
   76       0.06293489
   77      -0.10368933
   78       0.05237189
   79       0.05499763
   80      -0.09885943
   81       0.05375993
   82       0.04768865
   83      -0.11247574
   84       0.06472816
   85       0.05007634
   86      -0.10812176
   87       0.05763169
   88       0.06624821
   89      -0.20698613
   90       0.07018600
   91       0.06311546
   92       0.05999761
   93      -0.21667903
   94       0.07614875
   95       0.07361966
   96       0.06463879
   97      -0.08710821
   98       0.04190023
   99       0.06647432
  100      -0.11877681
  101       0.04599368
  102       0.05820065
  103      -0.10211441
  104       0.05022606
  105       0.05348143
  106      -0.10430049
  107       0.06740574
  108       0.06324036
  109      -0.14009436
  110       0.03790995
  111       0.06981220
  112      -0.07780991
  113       0.05222329
  114       0.04687887
  115      -0.10849096
  116       0.06046948
  117       0.04331120
  118      -0.09828979
  119       0.05128931
  120       0.05404289
  121      -0.21423230
  122       0.07688123
  123       0.06811339
  124       0.06418632
  125      -0.18820170
  126       0.05226062
  127       0.05400102
  128       0.06113542
  129      -0.11134459
  130       0.05771374
  131       0.05084712
  132      -0.12316490
  133       0.07314321
  134       0.05081143
  135      -0.09055510
  136       0.04121631
  137       0.05601536
  138      -0.10161845
  139       0.06557008
  140       0.03683399
  141      -0.11343545
  142       0.05669367
  143       0.05047628
  144      -0.10533199
  145       0.06635220
  146       0.04216902
  147      -0.12915266
  148       0.06992072
  149       0.07754249
  150      -0.11734466
  151       0.06683200
  152       0.04439967
  153      -0.18719786
  154       0.04479077
  155       0.07585916
  156       0.06036424
  157      -0.19898136
  158       0.05842352
  159       0.06603356
  160       0.06772866
  161      -0.07306432
  162       0.03261571
  163       0.05255529
  164      -0.08625972
  165       0.04752724
  166       0.04945434
  167      -0.10859508
  168       0.05267790
  169       0.06092344
  170      -0.09962001
  171       0.05263149
  172       0.04650462
  173      -0.09363845
  174       0.04168231
  175       0.03451445
  176      -0.12347249
  177       0.04863493
  178       0.07093868
  179      -0.11493998
  180       0.05789288
  181       0.06570229
  182      -0.07224417
  183       0.03891679
  184       0.04401908
  185      -0.21049420
  186       0.06602476
  187       0.07433018
  188       0.05521766
  189      -0.19661682
  190       0.06838370
  191       0.06815566
  192       0.04899573
  193      -0.07101670
  194       0.05572557
  195       0.04154585
  196      -0.09719831
  197       0.04815135
  198       0.05162464
  199      -0.09897553
  200       0.05922223
  201       0.03596441
  202      -0.14203380
  203       0.05946467
  204       0.07590497
  205      -0.14475991
  206       0.07697048
  207       0.06779788
  208      -0.09780833
  209       0.04752405
  210       0.04907057
  211      -0.09450426
  212       0.05270460
  213       0.04265572
  214      -0.10663251
  215       0.05889528
  216       0.04824912
  217      -0.20421502
  218       0.05799927
  219       0.06341000
  220       0.06873958
  221      -0.21920449
  222       0.06998272
  223       0.07919521
  224       0.06786892
  225      -0.09890733
  226       0.05538505
  227       0.05341374
  228      -0.12400976
  229       0.05591221
  230       0.06874846
  231      -0.10037143
  232       0.05610945
  233       0.05473823
  234      -0.12638739
  235       0.06746090
  236       0.06089003
  237      -0.11002958
  238       0.04852021
  239       0.05856180
  240      -0.12605940
  241       0.07467114
  242       0.05443441
  243      -0.11490988
  244       0.04127901
  245       0.05810688
  246      -0.09563432
  247       0.05121418
  248       0.06076026
  249      -0.21613994
  250       0.06478044
  251       0.07651738
  252       0.05649460
  253      -0.19747142
  254       0.05926966
  255       0.05988318
  256       0.07552772
  257      -0.10867780
  258       0.07480063
  259       0.07008946
  260      -0.11625538
  261       0.04012402
  262       0.06171985
  263      -0.09222961
  264       0.06456200
  265       0.04686296
  266      -0.09130013
  267       0.03317308
  268       0.04437810
  269      -0.11288431
  270       0.05692561
  271       0.05733566
  272      -0.11832231
  273       0.05747633
  274       0.03100466
  275      -0.12421476
  276       0.06518871
  277       0.07772259
  278      -0.08990772
  279       0.06020415
  280       0.06886040
  281      -0.18207560
  282       0.03475592
  283       0.06084579
  284       0.06578630
  285      -0.20152920
  286       0.06183881
  287       0.05554684
  288       0.04570017
  289      -0.09578530
  290       0.05638733
  291       0.06349676
  292      -0.10183994
  293       0.03825669
  294       0.06733023
  295      -0.09592936
  296       0.04174270
  297       0.04552425
  298      -0.11435193
  299       0.05580225
  300       0.05779314
  301      -0.11512959
  302       0.05850713
  303       0.05958117
  304      -0.10187994
  305       0.06058734
  306       0.04313964
  307      -0.10477385
  308       0.04269273
  309       0.04808250
  310      -0.09205567
  311       0.03986557
  312       0.06536980
  313      -0.20156346
  314       0.06448576
  315       0.06380466
  316       0.05253897
  317      -0.19075591
  318       0.06750817
  319       0.04767742
  320       0.07482779
  321      -0.09070542
  322       0.07280499
  323       0.06258640
  324      -0.08762701
  325       0.05811430
  326       0.04417396
  327      -0.12979697
  328       0.03259207
  329       0.06811327
  330      -0.13666856
  331       0.06259791
  332       0.06601899
  333      -0.11908156
  334       0.05096264
  335       0.07010625
  336      -0.09648418
  337       0.06698819
  338       0.06775333
  339      -0.11798040
  340       0.03421337
  341       0.04895886
  342      -0.07929303
  343       0.05856525
  344       0.03874516
  345      -0.16865112
  346       0.06976424
  347       0.03176293
  348       0.03172276
  349      -0.19218647
  350       0.07001399
  351       0.05243267
  352       0.05957010
 
Nr. of electrons (up):    682.00000000
Atom populations (up)
 Atom       Population
    1       4.09545214
    2       0.94248034
    3       0.94766323
    4       4.08918474
    5       0.96843228
    6       0.95473801
    7       4.10481789
    8       0.94374599
    9       0.95655148
   10       4.10219277
   11       0.94848049
   12       0.94333432
   13       4.12190541
   14       0.94603599
   15       0.93318415
   16       4.09099676
   17       0.95915739
   18       0.94135455
   19       4.11732443
   20       0.94277925
   21       0.94011967
   22       4.09399371
   23       0.95463403
   24       0.94475367
   25       4.19220565
   26       0.92370146
   27       0.93810376
   28       0.95360356
   29       4.18028639
   30       0.92829585
   31       0.95440061
   32       0.94552425
   33       4.06874693
   34       0.95206722
   35       0.94896431
   36       4.11858245
   37       0.93541945
   38       0.94840592
   39       4.13847306
   40       0.94289476
   41       0.94156057
   42       4.11289968
   43       0.94190825
   44       0.94852724
   45       4.11037995
   46       0.94601267
   47       0.92862339
   48       4.11370061
   49       0.95202067
   50       0.93745768
   51       4.11988756
   52       0.93871111
   53       0.95262471
   54       4.08325189
   55       0.96219422
   56       0.94255402
   57       4.19716103
   58       0.94963052
   59       0.93295691
   60       0.93522130
   61       4.20194950
   62       0.94139469
   63       0.92838561
   64       0.93136737
   65       4.10717975
   66       0.94496271
   67       0.93176486
   68       4.09377510
   69       0.95294231
   70       0.95129476
   71       4.12274084
   72       0.93949678
   73       0.95639429
   74       4.13215908
   75       0.93984104
   76       0.93706511
   77       4.10368933
   78       0.94762811
   79       0.94500237
   80       4.09885943
   81       0.94624007
   82       0.95231135
   83       4.11247574
   84       0.93527184
   85       0.94992366
   86       4.10812176
   87       0.94236831
   88       0.93375179
   89       4.20698613
   90       0.92981400
   91       0.93688454
   92       0.94000239
   93       4.21667903
   94       0.92385125
   95       0.92638034
   96       0.93536121
   97       4.08710821
   98       0.95809977
   99       0.93352568
  100       4.11877681
  101       0.95400632
  102       0.94179935
  103       4.10211441
  104       0.94977394
  105       0.94651857
  106       4.10430049
  107       0.93259426
  108       0.93675964
  109       4.14009436
  110       0.96209005
  111       0.93018780
  112       4.07780991
  113       0.94777671
  114       0.95312113
  115       4.10849096
  116       0.93953052
  117       0.95668880
  118       4.09828979
  119       0.94871069
  120       0.94595711
  121       4.21423230
  122       0.92311877
  123       0.93188661
  124       0.93581368
  125       4.18820170
  126       0.94773938
  127       0.94599898
  128       0.93886458
  129       4.11134459
  130       0.94228626
  131       0.94915288
  132       4.12316490
  133       0.92685679
  134       0.94918857
  135       4.09055510
  136       0.95878369
  137       0.94398464
  138       4.10161845
  139       0.93442992
  140       0.96316601
  141       4.11343545
  142       0.94330633
  143       0.94952372
  144       4.10533199
  145       0.93364780
  146       0.95783098
  147       4.12915266
  148       0.93007928
  149       0.92245751
  150       4.11734466
  151       0.93316800
  152       0.95560033
  153       4.18719786
  154       0.95520923
  155       0.92414084
  156       0.93963576
  157       4.19898136
  158       0.94157648
  159       0.93396644
  160       0.93227134
  161       4.07306432
  162       0.96738429
  163       0.94744471
  164       4.08625972
  165       0.95247276
  166       0.95054566
  167       4.10859508
  168       0.94732210
  169       0.93907656
  170       4.09962001
  171       0.94736851
  172       0.95349538
  173       4.09363845
  174       0.95831769
  175       0.96548555
  176       4.12347249
  177       0.95136507
  178       0.92906132
  179       4.11493998
  180       0.94210712
  181       0.93429771
  182       4.07224417
  183       0.96108321
  184       0.95598092
  185       4.21049420
  186       0.93397524
  187       0.92566982
  188       0.94478234
  189       4.19661682
  190       0.93161630
  191       0.93184434
  192       0.95100427
  193       4.07101670
  194       0.94427443
  195       0.95845415
  196       4.09719831
  197       0.95184865
  198       0.94837536
  199       4.09897553
  200       0.94077777
  201       0.96403559
  202       4.14203380
  203       0.94053533
  204       0.92409503
  205       4.14475991
  206       0.92302952
  207       0.93220212
  208       4.09780833
  209       0.95247595
  210       0.95092943
  211       4.09450426
  212       0.94729540
  213       0.95734428
  214       4.10663251
  215       0.94110472
  216       0.95175088
  217       4.20421502
  218       0.94200073
  219       0.93659000
  220       0.93126042
  221       4.21920449
  222       0.93001728
  223       0.92080479
  224       0.93213108
  225       4.09890733
  226       0.94461495
  227       0.94658626
  228       4.12400976
  229       0.94408779
  230       0.93125154
  231       4.10037143
  232       0.94389055
  233       0.94526177
  234       4.12638739
  235       0.93253910
  236       0.93910997
  237       4.11002958
  238       0.95147979
  239       0.94143820
  240       4.12605940
  241       0.92532886
  242       0.94556559
  243       4.11490988
  244       0.95872099
  245       0.94189312
  246       4.09563432
  247       0.94878582
  248       0.93923974
  249       4.21613994
  250       0.93521956
  251       0.92348262
  252       0.94350540
  253       4.19747142
  254       0.94073034
  255       0.94011682
  256       0.92447228
  257       4.10867780
  258       0.92519937
  259       0.92991054
  260       4.11625538
  261       0.95987598
  262       0.93828015
  263       4.09222961
  264       0.93543800
  265       0.95313704
  266       4.09130013
  267       0.96682692
  268       0.95562190
  269       4.11288431
  270       0.94307439
  271       0.94266434
  272       4.11832231
  273       0.94252367
  274       0.96899534
  275       4.12421476
  276       0.93481129
  277       0.92227741
  278       4.08990772
  279       0.93979585
  280       0.93113960
  281       4.18207560
  282       0.96524408
  283       0.93915421
  284       0.93421370
  285       4.20152920
  286       0.93816119
  287       0.94445316
  288       0.95429983
  289       4.09578530
  290       0.94361267
  291       0.93650324
  292       4.10183994
  293       0.96174331
  294       0.93266977
  295       4.09592936
  296       0.95825730
  297       0.95447575
  298       4.11435193
  299       0.94419775
  300       0.94220686
  301       4.11512959
  302       0.94149287
  303       0.94041883
  304       4.10187994
  305       0.93941266
  306       0.95686036
  307       4.10477385
  308       0.95730727
  309       0.95191750
  310       4.09205567
  311       0.96013443
  312       0.93463020
  313       4.20156346
  314       0.93551424
  315       0.93619534
  316       0.94746103
  317       4.19075591
  318       0.93249183
  319       0.95232258
  320       0.92517221
  321       4.09070542
  322       0.92719501
  323       0.93741360
  324       4.08762701
  325       0.94188570
  326       0.95582604
  327       4.12979697
  328       0.96740793
  329       0.93188673
  330       4.13666856
  331       0.93740209
  332       0.93398101
  333       4.11908156
  334       0.94903736
  335       0.92989375
  336       4.09648418
  337       0.93301181
  338       0.93224667
  339       4.11798040
  340       0.96578663
  341       0.95104114
  342       4.07929303
  343       0.94143475
  344       0.96125484
  345       4.16865112
  346       0.93023576
  347       0.96823707
  348       0.96827724
  349       4.19218647
  350       0.92998601
  351       0.94756733
  352       0.94042990
 
l-shell populations (up)
 Atom Sh.   l       Population
    1   1   0       1.23104941
    1   2   1       2.86440273
    2   1   0       0.94248034
    3   1   0       0.94766323
    4   1   0       1.24011027
    4   2   1       2.84907447
    5   1   0       0.96843228
    6   1   0       0.95473801
    7   1   0       1.24347770
    7   2   1       2.86134019
    8   1   0       0.94374599
    9   1   0       0.95655148
   10   1   0       1.25843668
   10   2   1       2.84375609
   11   1   0       0.94848049
   12   1   0       0.94333432
   13   1   0       1.24370922
   13   2   1       2.87819618
   14   1   0       0.94603599
   15   1   0       0.93318415
   16   1   0       1.23779185
   16   2   1       2.85320491
   17   1   0       0.95915739
   18   1   0       0.94135455
   19   1   0       1.24838958
   19   2   1       2.86893486
   20   1   0       0.94277925
   21   1   0       0.94011967
   22   1   0       1.24572708
   22   2   1       2.84826662
   23   1   0       0.95463403
   24   1   0       0.94475367
   25   1   0       1.26610113
   25   2   1       2.92610452
   26   1   0       0.92370146
   27   1   0       0.93810376
   28   1   0       0.95360356
   29   1   0       1.25627059
   29   2   1       2.92401580
   30   1   0       0.92829585
   31   1   0       0.95440061
   32   1   0       0.94552425
   33   1   0       1.22556327
   33   2   1       2.84318365
   34   1   0       0.95206722
   35   1   0       0.94896431
   36   1   0       1.25292009
   36   2   1       2.86566235
   37   1   0       0.93541945
   38   1   0       0.94840592
   39   1   0       1.26319550
   39   2   1       2.87527756
   40   1   0       0.94289476
   41   1   0       0.94156057
   42   1   0       1.24808703
   42   2   1       2.86481264
   43   1   0       0.94190825
   44   1   0       0.94852724
   45   1   0       1.22523264
   45   2   1       2.88514731
   46   1   0       0.94601267
   47   1   0       0.92862339
   48   1   0       1.23074515
   48   2   1       2.88295547
   49   1   0       0.95202067
   50   1   0       0.93745768
   51   1   0       1.23366128
   51   2   1       2.88622628
   52   1   0       0.93871111
   53   1   0       0.95262471
   54   1   0       1.23350014
   54   2   1       2.84975174
   55   1   0       0.96219422
   56   1   0       0.94255402
   57   1   0       1.25353570
   57   2   1       2.94362533
   58   1   0       0.94963052
   59   1   0       0.93295691
   60   1   0       0.93522130
   61   1   0       1.24863904
   61   2   1       2.95331046
   62   1   0       0.94139469
   63   1   0       0.92838561
   64   1   0       0.93136737
   65   1   0       1.22633097
   65   2   1       2.88084878
   66   1   0       0.94496271
   67   1   0       0.93176486
   68   1   0       1.23116140
   68   2   1       2.86261371
   69   1   0       0.95294231
   70   1   0       0.95129476
   71   1   0       1.25457528
   71   2   1       2.86816556
   72   1   0       0.93949678
   73   1   0       0.95639429
   74   1   0       1.25304922
   74   2   1       2.87910986
   75   1   0       0.93984104
   76   1   0       0.93706511
   77   1   0       1.23835940
   77   2   1       2.86532992
   78   1   0       0.94762811
   79   1   0       0.94500237
   80   1   0       1.24153071
   80   2   1       2.85732872
   81   1   0       0.94624007
   82   1   0       0.95231135
   83   1   0       1.23440759
   83   2   1       2.87806815
   84   1   0       0.93527184
   85   1   0       0.94992366
   86   1   0       1.22370447
   86   2   1       2.88441729
   87   1   0       0.94236831
   88   1   0       0.93375179
   89   1   0       1.26935969
   89   2   1       2.93762645
   90   1   0       0.92981400
   91   1   0       0.93688454
   92   1   0       0.94000239
   93   1   0       1.25614776
   93   2   1       2.96053127
   94   1   0       0.92385125
   95   1   0       0.92638034
   96   1   0       0.93536121
   97   1   0       1.22386907
   97   2   1       2.86323914
   98   1   0       0.95809977
   99   1   0       0.93352568
  100   1   0       1.23682716
  100   2   1       2.88194965
  101   1   0       0.95400632
  102   1   0       0.94179935
  103   1   0       1.23046653
  103   2   1       2.87164788
  104   1   0       0.94977394
  105   1   0       0.94651857
  106   1   0       1.23816702
  106   2   1       2.86613347
  107   1   0       0.93259426
  108   1   0       0.93675964
  109   1   0       1.25234685
  109   2   1       2.88774750
  110   1   0       0.96209005
  111   1   0       0.93018780
  112   1   0       1.22088956
  112   2   1       2.85692034
  113   1   0       0.94777671
  114   1   0       0.95312113
  115   1   0       1.22981326
  115   2   1       2.87867770
  116   1   0       0.93953052
  117   1   0       0.95668880
  118   1   0       1.23567133
  118   2   1       2.86261846
  119   1   0       0.94871069
  120   1   0       0.94595711
  121   1   0       1.25596259
  121   2   1       2.95826971
  122   1   0       0.92311877
  123   1   0       0.93188661
  124   1   0       0.93581368
  125   1   0       1.27566191
  125   2   1       2.91253979
  126   1   0       0.94773938
  127   1   0       0.94599898
  128   1   0       0.93886458
  129   1   0       1.24988135
  129   2   1       2.86146324
  130   1   0       0.94228626
  131   1   0       0.94915288
  132   1   0       1.26050743
  132   2   1       2.86265747
  133   1   0       0.92685679
  134   1   0       0.94918857
  135   1   0       1.23983975
  135   2   1       2.85071534
  136   1   0       0.95878369
  137   1   0       0.94398464
  138   1   0       1.22527242
  138   2   1       2.87634602
  139   1   0       0.93442992
  140   1   0       0.96316601
  141   1   0       1.22586614
  141   2   1       2.88756932
  142   1   0       0.94330633
  143   1   0       0.94952372
  144   1   0       1.23837592
  144   2   1       2.86695608
  145   1   0       0.93364780
  146   1   0       0.95783098
  147   1   0       1.25101253
  147   2   1       2.87814013
  148   1   0       0.93007928
  149   1   0       0.92245751
  150   1   0       1.24584499
  150   2   1       2.87149968
  151   1   0       0.93316800
  152   1   0       0.95560033
  153   1   0       1.25763784
  153   2   1       2.92956003
  154   1   0       0.95520923
  155   1   0       0.92414084
  156   1   0       0.93963576
  157   1   0       1.27467001
  157   2   1       2.92431134
  158   1   0       0.94157648
  159   1   0       0.93396644
  160   1   0       0.93227134
  161   1   0       1.23539074
  161   2   1       2.83767358
  162   1   0       0.96738429
  163   1   0       0.94744471
  164   1   0       1.22490418
  164   2   1       2.86135554
  165   1   0       0.95247276
  166   1   0       0.95054566
  167   1   0       1.22092072
  167   2   1       2.88767437
  168   1   0       0.94732210
  169   1   0       0.93907656
  170   1   0       1.25450836
  170   2   1       2.84511164
  171   1   0       0.94736851
  172   1   0       0.95349538
  173   1   0       1.26911675
  173   2   1       2.82452170
  174   1   0       0.95831769
  175   1   0       0.96548555
  176   1   0       1.24945745
  176   2   1       2.87401503
  177   1   0       0.95136507
  178   1   0       0.92906132
  179   1   0       1.24175272
  179   2   1       2.87318727
  180   1   0       0.94210712
  181   1   0       0.93429771
  182   1   0       1.22918886
  182   2   1       2.84305531
  183   1   0       0.96108321
  184   1   0       0.95598092
  185   1   0       1.26396552
  185   2   1       2.94652868
  186   1   0       0.93397524
  187   1   0       0.92566982
  188   1   0       0.94478234
  189   1   0       1.25453327
  189   2   1       2.94208355
  190   1   0       0.93161630
  191   1   0       0.93184434
  192   1   0       0.95100427
  193   1   0       1.22452805
  193   2   1       2.84648865
  194   1   0       0.94427443
  195   1   0       0.95845415
  196   1   0       1.23003297
  196   2   1       2.86716533
  197   1   0       0.95184865
  198   1   0       0.94837536
  199   1   0       1.25177266
  199   2   1       2.84720287
  200   1   0       0.94077777
  201   1   0       0.96403559
  202   1   0       1.24644307
  202   2   1       2.89559074
  203   1   0       0.94053533
  204   1   0       0.92409503
  205   1   0       1.24117677
  205   2   1       2.90358315
  206   1   0       0.92302952
  207   1   0       0.93220212
  208   1   0       1.23995923
  208   2   1       2.85784910
  209   1   0       0.95247595
  210   1   0       0.95092943
  211   1   0       1.23613602
  211   2   1       2.85836825
  212   1   0       0.94729540
  213   1   0       0.95734428
  214   1   0       1.22807741
  214   2   1       2.87855510
  215   1   0       0.94110472
  216   1   0       0.95175088
  217   1   0       1.26599229
  217   2   1       2.93822273
  218   1   0       0.94200073
  219   1   0       0.93659000
  220   1   0       0.93126042
  221   1   0       1.26231406
  221   2   1       2.95689043
  222   1   0       0.93001728
  223   1   0       0.92080479
  224   1   0       0.93213108
  225   1   0       1.23249275
  225   2   1       2.86641458
  226   1   0       0.94461495
  227   1   0       0.94658626
  228   1   0       1.22305406
  228   2   1       2.90095570
  229   1   0       0.94408779
  230   1   0       0.93125154
  231   1   0       1.24450269
  231   2   1       2.85586874
  232   1   0       0.94389055
  233   1   0       0.94526177
  234   1   0       1.23523288
  234   2   1       2.89115450
  235   1   0       0.93253910
  236   1   0       0.93910997
  237   1   0       1.24324079
  237   2   1       2.86678879
  238   1   0       0.95147979
  239   1   0       0.94143820
  240   1   0       1.24563180
  240   2   1       2.88042759
  241   1   0       0.92532886
  242   1   0       0.94556559
  243   1   0       1.23834418
  243   2   1       2.87656569
  244   1   0       0.95872099
  245   1   0       0.94189312
  246   1   0       1.23149490
  246   2   1       2.86413942
  247   1   0       0.94878582
  248   1   0       0.93923974
  249   1   0       1.25428435
  249   2   1       2.96185559
  250   1   0       0.93521956
  251   1   0       0.92348262
  252   1   0       0.94350540
  253   1   0       1.26006356
  253   2   1       2.93740786
  254   1   0       0.94073034
  255   1   0       0.94011682
  256   1   0       0.92447228
  257   1   0       1.22056505
  257   2   1       2.88811275
  258   1   0       0.92519937
  259   1   0       0.92991054
  260   1   0       1.25125590
  260   2   1       2.86499948
  261   1   0       0.95987598
  262   1   0       0.93828015
  263   1   0       1.23247745
  263   2   1       2.85975215
  264   1   0       0.93543800
  265   1   0       0.95313704
  266   1   0       1.23661688
  266   2   1       2.85468325
  267   1   0       0.96682692
  268   1   0       0.95562190
  269   1   0       1.23569748
  269   2   1       2.87718683
  270   1   0       0.94307439
  271   1   0       0.94266434
  272   1   0       1.27827619
  272   2   1       2.84004612
  273   1   0       0.94252367
  274   1   0       0.96899534
  275   1   0       1.25332986
  275   2   1       2.87088491
  276   1   0       0.93481129
  277   1   0       0.92227741
  278   1   0       1.21234512
  278   2   1       2.87756260
  279   1   0       0.93979585
  280   1   0       0.93113960
  281   1   0       1.26031102
  281   2   1       2.92176459
  282   1   0       0.96524408
  283   1   0       0.93915421
  284   1   0       0.93421370
  285   1   0       1.26621245
  285   2   1       2.93531674
  286   1   0       0.93816119
  287   1   0       0.94445316
  288   1   0       0.95429983
  289   1   0       1.22694192
  289   2   1       2.86884338
  290   1   0       0.94361267
  291   1   0       0.93650324
  292   1   0       1.22899174
  292   2   1       2.87284820
  293   1   0       0.96174331
  294   1   0       0.93266977
  295   1   0       1.24981863
  295   2   1       2.84611073
  296   1   0       0.95825730
  297   1   0       0.95447575
  298   1   0       1.25355015
  298   2   1       2.86080177
  299   1   0       0.94419775
  300   1   0       0.94220686
  301   1   0       1.23429839
  301   2   1       2.88083120
  302   1   0       0.94149287
  303   1   0       0.94041883
  304   1   0       1.23547820
  304   2   1       2.86640174
  305   1   0       0.93941266
  306   1   0       0.95686036
  307   1   0       1.24334031
  307   2   1       2.86143354
  308   1   0       0.95730727
  309   1   0       0.95191750
  310   1   0       1.22045318
  310   2   1       2.87160249
  311   1   0       0.96013443
  312   1   0       0.93463020
  313   1   0       1.27553293
  313   2   1       2.92603053
  314   1   0       0.93551424
  315   1   0       0.93619534
  316   1   0       0.94746103
  317   1   0       1.25350292
  317   2   1       2.93725299
  318   1   0       0.93249183
  319   1   0       0.95232258
  320   1   0       0.92517221
  321   1   0       1.21316313
  321   2   1       2.87754228
  322   1   0       0.92719501
  323   1   0       0.93741360
  324   1   0       1.22721489
  324   2   1       2.86041212
  325   1   0       0.94188570
  326   1   0       0.95582604
  327   1   0       1.27841408
  327   2   1       2.85138289
  328   1   0       0.96740793
  329   1   0       0.93188673
  330   1   0       1.29473523
  330   2   1       2.84193333
  331   1   0       0.93740209
  332   1   0       0.93398101
  333   1   0       1.25901292
  333   2   1       2.86006864
  334   1   0       0.94903736
  335   1   0       0.92989375
  336   1   0       1.25113449
  336   2   1       2.84534969
  337   1   0       0.93301181
  338   1   0       0.93224667
  339   1   0       1.27667067
  339   2   1       2.84130973
  340   1   0       0.96578663
  341   1   0       0.95104114
  342   1   0       1.24352518
  342   2   1       2.83576785
  343   1   0       0.94143475
  344   1   0       0.96125484
  345   1   0       1.29213820
  345   2   1       2.87651292
  346   1   0       0.93023576
  347   1   0       0.96823707
  348   1   0       0.96827724
  349   1   0       1.27045151
  349   2   1       2.92173496
  350   1   0       0.92998601
  351   1   0       0.94756733
  352   1   0       0.94042990
 
Orbital populations (up)
 Atom Sh.   l   m       Population  Label
    1   1   0   0       1.23104941  s
    1   2   1  -1       0.94969218  p_y
    1   2   1   0       0.96131721  p_z
    1   2   1   1       0.95339334  p_x
    2   1   0   0       0.94248034  s
    3   1   0   0       0.94766323  s
    4   1   0   0       1.24011027  s
    4   2   1  -1       0.93525270  p_y
    4   2   1   0       0.95154947  p_z
    4   2   1   1       0.96227230  p_x
    5   1   0   0       0.96843228  s
    6   1   0   0       0.95473801  s
    7   1   0   0       1.24347770  s
    7   2   1  -1       0.97209396  p_y
    7   2   1   0       0.93004302  p_z
    7   2   1   1       0.95920321  p_x
    8   1   0   0       0.94374599  s
    9   1   0   0       0.95655148  s
   10   1   0   0       1.25843668  s
   10   2   1  -1       0.95250601  p_y
   10   2   1   0       0.95352599  p_z
   10   2   1   1       0.93772409  p_x
   11   1   0   0       0.94848049  s
   12   1   0   0       0.94333432  s
   13   1   0   0       1.24370922  s
   13   2   1  -1       0.96036093  p_y
   13   2   1   0       0.97406240  p_z
   13   2   1   1       0.94377286  p_x
   14   1   0   0       0.94603599  s
   15   1   0   0       0.93318415  s
   16   1   0   0       1.23779185  s
   16   2   1  -1       0.91957476  p_y
   16   2   1   0       0.96376736  p_z
   16   2   1   1       0.96986279  p_x
   17   1   0   0       0.95915739  s
   18   1   0   0       0.94135455  s
   19   1   0   0       1.24838958  s
   19   2   1  -1       0.94914313  p_y
   19   2   1   0       0.94686883  p_z
   19   2   1   1       0.97292290  p_x
   20   1   0   0       0.94277925  s
   21   1   0   0       0.94011967  s
   22   1   0   0       1.24572708  s
   22   2   1  -1       0.94434153  p_y
   22   2   1   0       0.95018520  p_z
   22   2   1   1       0.95373989  p_x
   23   1   0   0       0.95463403  s
   24   1   0   0       0.94475367  s
   25   1   0   0       1.26610113  s
   25   2   1  -1       0.98091645  p_y
   25   2   1   0       0.97917161  p_z
   25   2   1   1       0.96601646  p_x
   26   1   0   0       0.92370146  s
   27   1   0   0       0.93810376  s
   28   1   0   0       0.95360356  s
   29   1   0   0       1.25627059  s
   29   2   1  -1       0.98594683  p_y
   29   2   1   0       0.98408080  p_z
   29   2   1   1       0.95398816  p_x
   30   1   0   0       0.92829585  s
   31   1   0   0       0.95440061  s
   32   1   0   0       0.94552425  s
   33   1   0   0       1.22556327  s
   33   2   1  -1       0.92485188  p_y
   33   2   1   0       0.95926668  p_z
   33   2   1   1       0.95906509  p_x
   34   1   0   0       0.95206722  s
   35   1   0   0       0.94896431  s
   36   1   0   0       1.25292009  s
   36   2   1  -1       0.93944240  p_y
   36   2   1   0       0.93130753  p_z
   36   2   1   1       0.99491242  p_x
   37   1   0   0       0.93541945  s
   38   1   0   0       0.94840592  s
   39   1   0   0       1.26319550  s
   39   2   1  -1       0.95526476  p_y
   39   2   1   0       0.93412302  p_z
   39   2   1   1       0.98588977  p_x
   40   1   0   0       0.94289476  s
   41   1   0   0       0.94156057  s
   42   1   0   0       1.24808703  s
   42   2   1  -1       0.97075288  p_y
   42   2   1   0       0.94425499  p_z
   42   2   1   1       0.94980477  p_x
   43   1   0   0       0.94190825  s
   44   1   0   0       0.94852724  s
   45   1   0   0       1.22523264  s
   45   2   1  -1       0.98164588  p_y
   45   2   1   0       0.93291564  p_z
   45   2   1   1       0.97058578  p_x
   46   1   0   0       0.94601267  s
   47   1   0   0       0.92862339  s
   48   1   0   0       1.23074515  s
   48   2   1  -1       0.99133509  p_y
   48   2   1   0       0.94030024  p_z
   48   2   1   1       0.95132014  p_x
   49   1   0   0       0.95202067  s
   50   1   0   0       0.93745768  s
   51   1   0   0       1.23366128  s
   51   2   1  -1       0.96224907  p_y
   51   2   1   0       0.98587859  p_z
   51   2   1   1       0.93809863  p_x
   52   1   0   0       0.93871111  s
   53   1   0   0       0.95262471  s
   54   1   0   0       1.23350014  s
   54   2   1  -1       0.93736302  p_y
   54   2   1   0       0.93724472  p_z
   54   2   1   1       0.97514400  p_x
   55   1   0   0       0.96219422  s
   56   1   0   0       0.94255402  s
   57   1   0   0       1.25353570  s
   57   2   1  -1       0.96205650  p_y
   57   2   1   0       1.00019656  p_z
   57   2   1   1       0.98137227  p_x
   58   1   0   0       0.94963052  s
   59   1   0   0       0.93295691  s
   60   1   0   0       0.93522130  s
   61   1   0   0       1.24863904  s
   61   2   1  -1       0.99369764  p_y
   61   2   1   0       0.95828571  p_z
   61   2   1   1       1.00132710  p_x
   62   1   0   0       0.94139469  s
   63   1   0   0       0.92838561  s
   64   1   0   0       0.93136737  s
   65   1   0   0       1.22633097  s
   65   2   1  -1       0.93885647  p_y
   65   2   1   0       0.97822999  p_z
   65   2   1   1       0.96376232  p_x
   66   1   0   0       0.94496271  s
   67   1   0   0       0.93176486  s
   68   1   0   0       1.23116140  s
   68   2   1  -1       0.94319700  p_y
   68   2   1   0       0.95566219  p_z
   68   2   1   1       0.96375451  p_x
   69   1   0   0       0.95294231  s
   70   1   0   0       0.95129476  s
   71   1   0   0       1.25457528  s
   71   2   1  -1       0.94378584  p_y
   71   2   1   0       0.96417451  p_z
   71   2   1   1       0.96020521  p_x
   72   1   0   0       0.93949678  s
   73   1   0   0       0.95639429  s
   74   1   0   0       1.25304922  s
   74   2   1  -1       0.97548940  p_y
   74   2   1   0       0.94043234  p_z
   74   2   1   1       0.96318812  p_x
   75   1   0   0       0.93984104  s
   76   1   0   0       0.93706511  s
   77   1   0   0       1.23835940  s
   77   2   1  -1       0.95303567  p_y
   77   2   1   0       0.94351176  p_z
   77   2   1   1       0.96878249  p_x
   78   1   0   0       0.94762811  s
   79   1   0   0       0.94500237  s
   80   1   0   0       1.24153071  s
   80   2   1  -1       0.95691006  p_y
   80   2   1   0       0.93123724  p_z
   80   2   1   1       0.96918142  p_x
   81   1   0   0       0.94624007  s
   82   1   0   0       0.95231135  s
   83   1   0   0       1.23440759  s
   83   2   1  -1       0.98939118  p_y
   83   2   1   0       0.93377289  p_z
   83   2   1   1       0.95490407  p_x
   84   1   0   0       0.93527184  s
   85   1   0   0       0.94992366  s
   86   1   0   0       1.22370447  s
   86   2   1  -1       0.99307606  p_y
   86   2   1   0       0.93523950  p_z
   86   2   1   1       0.95610173  p_x
   87   1   0   0       0.94236831  s
   88   1   0   0       0.93375179  s
   89   1   0   0       1.26935969  s
   89   2   1  -1       0.96244470  p_y
   89   2   1   0       0.98681599  p_z
   89   2   1   1       0.98836575  p_x
   90   1   0   0       0.92981400  s
   91   1   0   0       0.93688454  s
   92   1   0   0       0.94000239  s
   93   1   0   0       1.25614776  s
   93   2   1  -1       0.98738697  p_y
   93   2   1   0       0.98309466  p_z
   93   2   1   1       0.99004963  p_x
   94   1   0   0       0.92385125  s
   95   1   0   0       0.92638034  s
   96   1   0   0       0.93536121  s
   97   1   0   0       1.22386907  s
   97   2   1  -1       0.96576173  p_y
   97   2   1   0       0.93468991  p_z
   97   2   1   1       0.96278750  p_x
   98   1   0   0       0.95809977  s
   99   1   0   0       0.93352568  s
  100   1   0   0       1.23682716  s
  100   2   1  -1       0.95875993  p_y
  100   2   1   0       0.92813981  p_z
  100   2   1   1       0.99504991  p_x
  101   1   0   0       0.95400632  s
  102   1   0   0       0.94179935  s
  103   1   0   0       1.23046653  s
  103   2   1  -1       0.98075585  p_y
  103   2   1   0       0.93867247  p_z
  103   2   1   1       0.95221956  p_x
  104   1   0   0       0.94977394  s
  105   1   0   0       0.94651857  s
  106   1   0   0       1.23816702  s
  106   2   1  -1       0.95617006  p_y
  106   2   1   0       0.94778292  p_z
  106   2   1   1       0.96218049  p_x
  107   1   0   0       0.93259426  s
  108   1   0   0       0.93675964  s
  109   1   0   0       1.25234685  s
  109   2   1  -1       0.95771056  p_y
  109   2   1   0       0.92549405  p_z
  109   2   1   1       1.00454289  p_x
  110   1   0   0       0.96209005  s
  111   1   0   0       0.93018780  s
  112   1   0   0       1.22088956  s
  112   2   1  -1       0.96644908  p_y
  112   2   1   0       0.93685800  p_z
  112   2   1   1       0.95361326  p_x
  113   1   0   0       0.94777671  s
  114   1   0   0       0.95312113  s
  115   1   0   0       1.22981326  s
  115   2   1  -1       0.96128978  p_y
  115   2   1   0       0.95179903  p_z
  115   2   1   1       0.96558889  p_x
  116   1   0   0       0.93953052  s
  117   1   0   0       0.95668880  s
  118   1   0   0       1.23567133  s
  118   2   1  -1       0.94836186  p_y
  118   2   1   0       0.94553753  p_z
  118   2   1   1       0.96871907  p_x
  119   1   0   0       0.94871069  s
  120   1   0   0       0.94595711  s
  121   1   0   0       1.25596259  s
  121   2   1  -1       0.99320208  p_y
  121   2   1   0       0.96903827  p_z
  121   2   1   1       0.99602936  p_x
  122   1   0   0       0.92311877  s
  123   1   0   0       0.93188661  s
  124   1   0   0       0.93581368  s
  125   1   0   0       1.27566191  s
  125   2   1  -1       0.94749568  p_y
  125   2   1   0       0.96625785  p_z
  125   2   1   1       0.99878626  p_x
  126   1   0   0       0.94773938  s
  127   1   0   0       0.94599898  s
  128   1   0   0       0.93886458  s
  129   1   0   0       1.24988135  s
  129   2   1  -1       0.95749713  p_y
  129   2   1   0       0.96757417  p_z
  129   2   1   1       0.93639193  p_x
  130   1   0   0       0.94228626  s
  131   1   0   0       0.94915288  s
  132   1   0   0       1.26050743  s
  132   2   1  -1       0.95168903  p_y
  132   2   1   0       0.94628970  p_z
  132   2   1   1       0.96467874  p_x
  133   1   0   0       0.92685679  s
  134   1   0   0       0.94918857  s
  135   1   0   0       1.23983975  s
  135   2   1  -1       0.95359873  p_y
  135   2   1   0       0.96183435  p_z
  135   2   1   1       0.93528226  p_x
  136   1   0   0       0.95878369  s
  137   1   0   0       0.94398464  s
  138   1   0   0       1.22527242  s
  138   2   1  -1       0.95953842  p_y
  138   2   1   0       0.96041106  p_z
  138   2   1   1       0.95639654  p_x
  139   1   0   0       0.93442992  s
  140   1   0   0       0.96316601  s
  141   1   0   0       1.22586614  s
  141   2   1  -1       0.98980869  p_y
  141   2   1   0       0.95396690  p_z
  141   2   1   1       0.94379373  p_x
  142   1   0   0       0.94330633  s
  143   1   0   0       0.94952372  s
  144   1   0   0       1.23837592  s
  144   2   1  -1       0.96265282  p_y
  144   2   1   0       0.93757933  p_z
  144   2   1   1       0.96672392  p_x
  145   1   0   0       0.93364780  s
  146   1   0   0       0.95783098  s
  147   1   0   0       1.25101253  s
  147   2   1  -1       0.96484979  p_y
  147   2   1   0       0.94332237  p_z
  147   2   1   1       0.96996797  p_x
  148   1   0   0       0.93007928  s
  149   1   0   0       0.92245751  s
  150   1   0   0       1.24584499  s
  150   2   1  -1       0.96740230  p_y
  150   2   1   0       0.97049702  p_z
  150   2   1   1       0.93360035  p_x
  151   1   0   0       0.93316800  s
  152   1   0   0       0.95560033  s
  153   1   0   0       1.25763784  s
  153   2   1  -1       0.98515422  p_y
  153   2   1   0       0.97145920  p_z
  153   2   1   1       0.97294661  p_x
  154   1   0   0       0.95520923  s
  155   1   0   0       0.92414084  s
  156   1   0   0       0.93963576  s
  157   1   0   0       1.27467001  s
  157   2   1  -1       0.98239280  p_y
  157   2   1   0       0.98018357  p_z
  157   2   1   1       0.96173498  p_x
  158   1   0   0       0.94157648  s
  159   1   0   0       0.93396644  s
  160   1   0   0       0.93227134  s
  161   1   0   0       1.23539074  s
  161   2   1  -1       0.93412849  p_y
  161   2   1   0       0.94668793  p_z
  161   2   1   1       0.95685716  p_x
  162   1   0   0       0.96738429  s
  163   1   0   0       0.94744471  s
  164   1   0   0       1.22490418  s
  164   2   1  -1       0.94092129  p_y
  164   2   1   0       0.94307759  p_z
  164   2   1   1       0.97735666  p_x
  165   1   0   0       0.95247276  s
  166   1   0   0       0.95054566  s
  167   1   0   0       1.22092072  s
  167   2   1  -1       0.96426502  p_y
  167   2   1   0       0.96589842  p_z
  167   2   1   1       0.95751093  p_x
  168   1   0   0       0.94732210  s
  169   1   0   0       0.93907656  s
  170   1   0   0       1.25450836  s
  170   2   1  -1       0.92511426  p_y
  170   2   1   0       0.94923284  p_z
  170   2   1   1       0.97076455  p_x
  171   1   0   0       0.94736851  s
  172   1   0   0       0.95349538  s
  173   1   0   0       1.26911675  s
  173   2   1  -1       0.93017196  p_y
  173   2   1   0       0.92523859  p_z
  173   2   1   1       0.96911116  p_x
  174   1   0   0       0.95831769  s
  175   1   0   0       0.96548555  s
  176   1   0   0       1.24945745  s
  176   2   1  -1       0.96803535  p_y
  176   2   1   0       0.94064631  p_z
  176   2   1   1       0.96533338  p_x
  177   1   0   0       0.95136507  s
  178   1   0   0       0.92906132  s
  179   1   0   0       1.24175272  s
  179   2   1  -1       0.95664515  p_y
  179   2   1   0       0.94714782  p_z
  179   2   1   1       0.96939429  p_x
  180   1   0   0       0.94210712  s
  181   1   0   0       0.93429771  s
  182   1   0   0       1.22918886  s
  182   2   1  -1       0.95772944  p_y
  182   2   1   0       0.94294355  p_z
  182   2   1   1       0.94238231  p_x
  183   1   0   0       0.96108321  s
  184   1   0   0       0.95598092  s
  185   1   0   0       1.26396552  s
  185   2   1  -1       0.98000457  p_y
  185   2   1   0       1.00084632  p_z
  185   2   1   1       0.96567778  p_x
  186   1   0   0       0.93397524  s
  187   1   0   0       0.92566982  s
  188   1   0   0       0.94478234  s
  189   1   0   0       1.25453327  s
  189   2   1  -1       0.98504919  p_y
  189   2   1   0       0.98680947  p_z
  189   2   1   1       0.97022489  p_x
  190   1   0   0       0.93161630  s
  191   1   0   0       0.93184434  s
  192   1   0   0       0.95100427  s
  193   1   0   0       1.22452805  s
  193   2   1  -1       0.95668444  p_y
  193   2   1   0       0.94231150  p_z
  193   2   1   1       0.94749271  p_x
  194   1   0   0       0.94427443  s
  195   1   0   0       0.95845415  s
  196   1   0   0       1.23003297  s
  196   2   1  -1       0.93518406  p_y
  196   2   1   0       0.98388331  p_z
  196   2   1   1       0.94809797  p_x
  197   1   0   0       0.95184865  s
  198   1   0   0       0.94837536  s
  199   1   0   0       1.25177266  s
  199   2   1  -1       0.93125466  p_y
  199   2   1   0       0.97116682  p_z
  199   2   1   1       0.94478140  p_x
  200   1   0   0       0.94077777  s
  201   1   0   0       0.96403559  s
  202   1   0   0       1.24644307  s
  202   2   1  -1       0.92197006  p_y
  202   2   1   0       0.99999181  p_z
  202   2   1   1       0.97362887  p_x
  203   1   0   0       0.94053533  s
  204   1   0   0       0.92409503  s
  205   1   0   0       1.24117677  s
  205   2   1  -1       0.93744059  p_y
  205   2   1   0       1.00374934  p_z
  205   2   1   1       0.96239322  p_x
  206   1   0   0       0.92302952  s
  207   1   0   0       0.93220212  s
  208   1   0   0       1.23995923  s
  208   2   1  -1       0.93989363  p_y
  208   2   1   0       0.96268190  p_z
  208   2   1   1       0.95527356  p_x
  209   1   0   0       0.95247595  s
  210   1   0   0       0.95092943  s
  211   1   0   0       1.23613602  s
  211   2   1  -1       0.98366989  p_y
  211   2   1   0       0.93920812  p_z
  211   2   1   1       0.93549023  p_x
  212   1   0   0       0.94729540  s
  213   1   0   0       0.95734428  s
  214   1   0   0       1.22807741  s
  214   2   1  -1       0.94581583  p_y
  214   2   1   0       0.97603392  p_z
  214   2   1   1       0.95670535  p_x
  215   1   0   0       0.94110472  s
  216   1   0   0       0.95175088  s
  217   1   0   0       1.26599229  s
  217   2   1  -1       1.00115635  p_y
  217   2   1   0       0.95924648  p_z
  217   2   1   1       0.97781989  p_x
  218   1   0   0       0.94200073  s
  219   1   0   0       0.93659000  s
  220   1   0   0       0.93126042  s
  221   1   0   0       1.26231406  s
  221   2   1  -1       0.96364395  p_y
  221   2   1   0       0.99514265  p_z
  221   2   1   1       0.99810383  p_x
  222   1   0   0       0.93001728  s
  223   1   0   0       0.92080479  s
  224   1   0   0       0.93213108  s
  225   1   0   0       1.23249275  s
  225   2   1  -1       0.95637452  p_y
  225   2   1   0       0.94844658  p_z
  225   2   1   1       0.96159347  p_x
  226   1   0   0       0.94461495  s
  227   1   0   0       0.94658626  s
  228   1   0   0       1.22305406  s
  228   2   1  -1       0.96092280  p_y
  228   2   1   0       0.96991335  p_z
  228   2   1   1       0.97011955  p_x
  229   1   0   0       0.94408779  s
  230   1   0   0       0.93125154  s
  231   1   0   0       1.24450269  s
  231   2   1  -1       0.96551976  p_y
  231   2   1   0       0.92384520  p_z
  231   2   1   1       0.96650378  p_x
  232   1   0   0       0.94389055  s
  233   1   0   0       0.94526177  s
  234   1   0   0       1.23523288  s
  234   2   1  -1       0.99819174  p_y
  234   2   1   0       0.93428639  p_z
  234   2   1   1       0.95867637  p_x
  235   1   0   0       0.93253910  s
  236   1   0   0       0.93910997  s
  237   1   0   0       1.24324079  s
  237   2   1  -1       0.98133596  p_y
  237   2   1   0       0.94860125  p_z
  237   2   1   1       0.93685159  p_x
  238   1   0   0       0.95147979  s
  239   1   0   0       0.94143820  s
  240   1   0   0       1.24563180  s
  240   2   1  -1       0.96496109  p_y
  240   2   1   0       0.97276634  p_z
  240   2   1   1       0.94270016  p_x
  241   1   0   0       0.92532886  s
  242   1   0   0       0.94556559  s
  243   1   0   0       1.23834418  s
  243   2   1  -1       0.96743756  p_y
  243   2   1   0       0.95389579  p_z
  243   2   1   1       0.95523234  p_x
  244   1   0   0       0.95872099  s
  245   1   0   0       0.94189312  s
  246   1   0   0       1.23149490  s
  246   2   1  -1       0.97188764  p_y
  246   2   1   0       0.96822733  p_z
  246   2   1   1       0.92402446  p_x
  247   1   0   0       0.94878582  s
  248   1   0   0       0.93923974  s
  249   1   0   0       1.25428435  s
  249   2   1  -1       1.00294137  p_y
  249   2   1   0       0.96801999  p_z
  249   2   1   1       0.99089423  p_x
  250   1   0   0       0.93521956  s
  251   1   0   0       0.92348262  s
  252   1   0   0       0.94350540  s
  253   1   0   0       1.26006356  s
  253   2   1  -1       0.97822878  p_y
  253   2   1   0       0.98670268  p_z
  253   2   1   1       0.97247640  p_x
  254   1   0   0       0.94073034  s
  255   1   0   0       0.94011682  s
  256   1   0   0       0.92447228  s
  257   1   0   0       1.22056505  s
  257   2   1  -1       0.95415790  p_y
  257   2   1   0       0.96286560  p_z
  257   2   1   1       0.97108925  p_x
  258   1   0   0       0.92519937  s
  259   1   0   0       0.92991054  s
  260   1   0   0       1.25125590  s
  260   2   1  -1       0.95506701  p_y
  260   2   1   0       0.97808082  p_z
  260   2   1   1       0.93185165  p_x
  261   1   0   0       0.95987598  s
  262   1   0   0       0.93828015  s
  263   1   0   0       1.23247745  s
  263   2   1  -1       0.97773160  p_y
  263   2   1   0       0.95361146  p_z
  263   2   1   1       0.92840910  p_x
  264   1   0   0       0.93543800  s
  265   1   0   0       0.95313704  s
  266   1   0   0       1.23661688  s
  266   2   1  -1       0.97696167  p_y
  266   2   1   0       0.93499679  p_z
  266   2   1   1       0.94272479  p_x
  267   1   0   0       0.96682692  s
  268   1   0   0       0.95562190  s
  269   1   0   0       1.23569748  s
  269   2   1  -1       0.97792574  p_y
  269   2   1   0       0.97615409  p_z
  269   2   1   1       0.92310699  p_x
  270   1   0   0       0.94307439  s
  271   1   0   0       0.94266434  s
  272   1   0   0       1.27827619  s
  272   2   1  -1       0.95776431  p_y
  272   2   1   0       0.93992718  p_z
  272   2   1   1       0.94235463  p_x
  273   1   0   0       0.94252367  s
  274   1   0   0       0.96899534  s
  275   1   0   0       1.25332986  s
  275   2   1  -1       0.94874946  p_y
  275   2   1   0       0.94269185  p_z
  275   2   1   1       0.97944360  p_x
  276   1   0   0       0.93481129  s
  277   1   0   0       0.92227741  s
  278   1   0   0       1.21234512  s
  278   2   1  -1       0.95216066  p_y
  278   2   1   0       0.97204666  p_z
  278   2   1   1       0.95335528  p_x
  279   1   0   0       0.93979585  s
  280   1   0   0       0.93113960  s
  281   1   0   0       1.26031102  s
  281   2   1  -1       0.99598203  p_y
  281   2   1   0       0.95965079  p_z
  281   2   1   1       0.96613177  p_x
  282   1   0   0       0.96524408  s
  283   1   0   0       0.93915421  s
  284   1   0   0       0.93421370  s
  285   1   0   0       1.26621245  s
  285   2   1  -1       0.99829543  p_y
  285   2   1   0       0.95795022  p_z
  285   2   1   1       0.97907110  p_x
  286   1   0   0       0.93816119  s
  287   1   0   0       0.94445316  s
  288   1   0   0       0.95429983  s
  289   1   0   0       1.22694192  s
  289   2   1  -1       0.95019874  p_y
  289   2   1   0       0.95993391  p_z
  289   2   1   1       0.95871073  p_x
  290   1   0   0       0.94361267  s
  291   1   0   0       0.93650324  s
  292   1   0   0       1.22899174  s
  292   2   1  -1       0.96229722  p_y
  292   2   1   0       0.95305089  p_z
  292   2   1   1       0.95750009  p_x
  293   1   0   0       0.96174331  s
  294   1   0   0       0.93266977  s
  295   1   0   0       1.24981863  s
  295   2   1  -1       0.95048929  p_y
  295   2   1   0       0.94838998  p_z
  295   2   1   1       0.94723147  p_x
  296   1   0   0       0.95825730  s
  297   1   0   0       0.95447575  s
  298   1   0   0       1.25355015  s
  298   2   1  -1       0.97990333  p_y
  298   2   1   0       0.95545870  p_z
  298   2   1   1       0.92543974  p_x
  299   1   0   0       0.94419775  s
  300   1   0   0       0.94220686  s
  301   1   0   0       1.23429839  s
  301   2   1  -1       0.98420504  p_y
  301   2   1   0       0.97259549  p_z
  301   2   1   1       0.92403067  p_x
  302   1   0   0       0.94149287  s
  303   1   0   0       0.94041883  s
  304   1   0   0       1.23547820  s
  304   2   1  -1       0.97170169  p_y
  304   2   1   0       0.97678637  p_z
  304   2   1   1       0.91791368  p_x
  305   1   0   0       0.93941266  s
  306   1   0   0       0.95686036  s
  307   1   0   0       1.24334031  s
  307   2   1  -1       0.95570631  p_y
  307   2   1   0       0.97263825  p_z
  307   2   1   1       0.93308899  p_x
  308   1   0   0       0.95730727  s
  309   1   0   0       0.95191750  s
  310   1   0   0       1.22045318  s
  310   2   1  -1       0.98084813  p_y
  310   2   1   0       0.96945654  p_z
  310   2   1   1       0.92129782  p_x
  311   1   0   0       0.96013443  s
  312   1   0   0       0.93463020  s
  313   1   0   0       1.27553293  s
  313   2   1  -1       0.95725093  p_y
  313   2   1   0       0.99466837  p_z
  313   2   1   1       0.97411123  p_x
  314   1   0   0       0.93551424  s
  315   1   0   0       0.93619534  s
  316   1   0   0       0.94746103  s
  317   1   0   0       1.25350292  s
  317   2   1  -1       0.99252283  p_y
  317   2   1   0       0.97500562  p_z
  317   2   1   1       0.96972454  p_x
  318   1   0   0       0.93249183  s
  319   1   0   0       0.95232258  s
  320   1   0   0       0.92517221  s
  321   1   0   0       1.21316313  s
  321   2   1  -1       0.94670801  p_y
  321   2   1   0       0.94130212  p_z
  321   2   1   1       0.98953216  p_x
  322   1   0   0       0.92719501  s
  323   1   0   0       0.93741360  s
  324   1   0   0       1.22721489  s
  324   2   1  -1       0.97507743  p_y
  324   2   1   0       0.94450214  p_z
  324   2   1   1       0.94083256  p_x
  325   1   0   0       0.94188570  s
  326   1   0   0       0.95582604  s
  327   1   0   0       1.27841408  s
  327   2   1  -1       0.96543277  p_y
  327   2   1   0       0.94112257  p_z
  327   2   1   1       0.94482756  p_x
  328   1   0   0       0.96740793  s
  329   1   0   0       0.93188673  s
  330   1   0   0       1.29473523  s
  330   2   1  -1       0.95478412  p_y
  330   2   1   0       0.95186654  p_z
  330   2   1   1       0.93528268  p_x
  331   1   0   0       0.93740209  s
  332   1   0   0       0.93398101  s
  333   1   0   0       1.25901292  s
  333   2   1  -1       0.92814574  p_y
  333   2   1   0       0.97332981  p_z
  333   2   1   1       0.95859309  p_x
  334   1   0   0       0.94903736  s
  335   1   0   0       0.92989375  s
  336   1   0   0       1.25113449  s
  336   2   1  -1       0.94397940  p_y
  336   2   1   0       0.95220713  p_z
  336   2   1   1       0.94916316  p_x
  337   1   0   0       0.93301181  s
  338   1   0   0       0.93224667  s
  339   1   0   0       1.27667067  s
  339   2   1  -1       0.91311751  p_y
  339   2   1   0       0.99471125  p_z
  339   2   1   1       0.93348097  p_x
  340   1   0   0       0.96578663  s
  341   1   0   0       0.95104114  s
  342   1   0   0       1.24352518  s
  342   2   1  -1       0.92554500  p_y
  342   2   1   0       0.94541956  p_z
  342   2   1   1       0.96480328  p_x
  343   1   0   0       0.94143475  s
  344   1   0   0       0.96125484  s
  345   1   0   0       1.29213820  s
  345   2   1  -1       0.96276256  p_y
  345   2   1   0       0.94384071  p_z
  345   2   1   1       0.96990965  p_x
  346   1   0   0       0.93023576  s
  347   1   0   0       0.96823707  s
  348   1   0   0       0.96827724  s
  349   1   0   0       1.27045151  s
  349   2   1  -1       0.96680473  p_y
  349   2   1   0       0.97832990  p_z
  349   2   1   1       0.97660033  p_x
  350   1   0   0       0.92998601  s
  351   1   0   0       0.94756733  s
  352   1   0   0       0.94042990  s
 
Fermi level:                        -0.0744187375 H           -2.0250 eV
Band energy:                      -278.3066754497 H        -7573.1100 eV
TS:                                  0.0000000000 H            0.0000 eV
Band free energy (E-TS):          -278.3066754497 H        -7573.1100 eV
Extrapolated E(0K):               -278.3066754497 H        -7573.1100 eV
Input / Output electrons (q):    682.0000000000    682.0000000000
 
Energy H0:                        -282.9846869308 H        -7700.4051 eV
Energy SCC:                          0.0750391820 H            2.0419 eV
Total Electronic energy:          -282.9096477488 H        -7698.3632 eV
Repulsive energy:                    4.6356768098 H          126.1432 eV
Dispersion energy:                   1.1235293322 H           30.5728 eV
Total energy:                     -277.1504416068 H        -7541.6472 eV
Extrapolated to 0:                -277.1504416068 H        -7541.6472 eV
Total Mermin free energy:         -277.1504416068 H        -7541.6472 eV
Force related energy:             -277.1504416068 H        -7541.6472 eV
 
SCC converged
 
Full geometry written in geo_end.{xyz|gen}
 
MD Kinetic Energy:                   0.6581884973 H
Total MD Energy:                  -276.4922531095 H
Pressure:                           -0.197219E-05 au    -0.580237E+08 Pa
MD Temperature:                      0.0012501206 H          394.7564 K
MD Kinetic Energy:                   0.6581884973 H
Total MD Energy:                  -276.4922531095 H        -7523.7370 eV
MD Temperature:                      0.0012501206 H          394.7564 K
 
Molecular dynamics completed
 
