 Fermi distribution function
 
MD step: 50000
 

********************************************************************************
 iSCC Total electronic   Diff electronic      SCC error    
    5   -0.28253568E+03    0.38312464E-10    0.97466723E-06
********************************************************************************
 
Coordinates of moved atoms (au):
    1     80.16836342     42.26790474     60.91297128
    2     82.08753092     42.23423027     59.88462429
    3     79.76626717     40.47315412     61.68592064
    4     80.20807926     73.14195560     63.07986516
    5     78.67475589     72.59924128     64.34007993
    6     50.67429947     74.90852269     62.04700489
    7     82.55842049     73.33642505     64.54698631
    8     55.20365583     73.29948639     63.36142644
    9     83.23701052     71.71477992     65.66637111
   10     53.23558664     75.71147382     66.31469637
   11     51.61995123     77.04140679     65.44041155
   12     55.11410912     76.76745337     66.43809429
   13     81.48786839     74.90611123     68.91050877
   14     80.10640699     73.36397596     68.78126883
   15     80.31439359     76.32116669     69.92747265
   16     54.78485713     73.98679345     70.44649285
   17     55.71946842     75.61768793     71.32465318
   18     56.27084097     72.97478800     69.42721452
   19     83.32230878     72.21959854     72.74890786
   20     81.97886669     73.22754467     73.91857972
   21     85.18058397     72.33315629     73.67473168
   22     82.53461397     69.52647875     72.33498728
   23     51.44937732     69.67437639     71.83222847
   24     53.73972453     68.37858996     74.08995134
   25     78.14844547     42.63836658     58.87700835
   26     78.14030696     44.48124892     57.81409459
   27     78.42014579     40.81700743     57.69084871
   28     76.40114064     42.55006696     60.10129427
   29     83.89832247     68.15467718     70.33236056
   30     83.50570147     66.13302297     70.73712332
   31     83.40848258     68.40210787     68.39241510
   32     86.10632071     68.29853905     70.62288513
   33     50.11659788     53.85121786     74.51059072
   34     49.11154978     55.49314186     73.68939706
   35     48.50437292     52.70341996     75.24549718
   36     51.71384032     52.23830728     72.76241684
   37     50.96005276     50.30387992     73.13044810
   38     53.76135971     52.34986238     73.26765152
   39     51.57028815     52.78321805     69.95864559
   40     49.74838231     52.11210330     69.32173590
   41     52.87728745     51.47367170     68.85296364
   42     52.01400836     55.37041658     68.82233382
   43     81.52408487     54.94596977     66.66131202
   44     53.73551099     56.02479285     69.93260831
   45     49.97586840     57.32751279     69.11213349
   46     50.33259951     58.07869888     71.02129296
   47     76.88559767     56.55826856     69.00047265
   48     78.88727840     59.60610748     67.39172588
   49     78.01422993     61.16331143     68.45294098
   50     77.62919280     59.06528542     65.73723195
   51     52.61442121     60.58527366     66.35095004
   52     53.03438841     59.26262329     64.81147377
   53     54.12918492     60.09241670     67.61568806
   54     81.50792658     63.33877625     94.64322452
   55     82.38646248     64.25347642     96.24584706
   56     79.46377500     63.96465237     94.51332377
   57     51.69548440     54.79788230     76.84234703
   58     52.45999306     53.30395192     78.10726501
   59     53.23516963     55.96085622     76.15992107
   60     50.55369716     56.14620142     77.96541003
   61     53.81380281     64.00970377     92.23941570
   62     55.94599564     63.78480946     92.22399626
   63     53.17222016     62.83531811     90.65218065
   64     53.65007353     66.00763670     91.56876696
   65     73.14588702     74.88382053     73.41560729
   66     71.89353506     76.79390280     73.28531050
   67     72.13735813     73.97504997     74.89166417
   68     72.81007306     73.45472743     70.87313464
   69     70.81423907     73.26255651     70.69542273
   70     73.48075412     71.59113509     71.30222621
   71     74.57885120     74.18326838     68.61958554
   72     74.53452754     72.39874990     67.48135822
   73     76.47645600     74.49648192     69.42814929
   74     73.71174729     47.41539034     67.06167121
   75     75.11899458     48.38870412     65.80319699
   76     73.24880021     49.15147743     68.15223927
   77     71.35215851     46.66706618     65.41967662
   78     69.90882743     77.04642981     65.84070274
   79     70.53321292     73.77248040     66.42438960
   80     71.89553855     46.75944372     62.54886412
   81     73.86606792     46.65758660     62.14372801
   82     71.57811617     48.80262019     61.92649359
   83     70.60881449     44.70521180     60.89990288
   84     71.62401973     42.92674689     60.61900952
   85     70.20683444     45.38302634     58.96518256
   86     67.97205959     43.79772574     61.91831904
   87     67.20711515     45.21508433     63.20878970
   88     68.35741300     42.12316495     63.26377521
   89     75.68977047     75.78242078     74.44090840
   90     76.42087897     77.49740512     73.45962389
   91     74.87199047     76.70429152     76.25858407
   92     77.10671575     74.21903116     74.63638054
   93     66.38327105     42.35388225     59.94597097
   94     65.47992781     40.60296782     60.66192906
   95     64.92088875     43.67468503     59.21368432
   96     67.33290077     42.11959315     57.96010822
   97     67.41405058     68.99033551     72.07881054
   98     67.91126314     67.59216354     70.54292062
   99     69.34717854     69.28512441     72.89802375
  100     66.57258471     71.57843459     71.02694551
  101     64.64352072     71.36612921     70.16126363
  102     67.98672484     72.07519562     69.61624277
  103     66.77486807     73.62146202     73.17161520
  104     68.76028351     73.25126591     73.96494611
  105     65.33197374     73.04726363     74.68895323
  106     66.51905843     76.31610425     43.23955370
  107     65.06347289     76.26846646     41.75154247
  108     68.27705999     76.98150048     42.18141481
  109     65.87810006     78.26826042     45.34226530
  110     67.58573127     79.28433441     45.72678495
  111     65.36532107     77.02157538     47.14595282
  112     63.73842943     80.09293551     44.76177205
  113     64.50827703     81.19106619     43.28170278
  114     63.35835814     81.42834758     46.33373311
  115     61.14039578     78.74545996     44.13379206
  116     60.54683505     78.09581906     45.96545225
  117     61.29864907     77.28658232     42.78861799
  118     59.12189318     80.37538881     42.81904726
  119     58.19167024     81.59462566     44.34335389
  120     57.71110154     79.17633243     41.76926917
  121     65.51049575     67.72929197     73.87684554
  122     63.55868648     67.95715326     73.19668518
  123     66.08258270     65.66554810     73.90155039
  124     65.90499289     68.39242713     75.79977716
  125     60.19764606     81.98024283     40.55907040
  126     61.83157003     83.32765798     40.78917379
  127     60.74547812     80.65623384     38.93314708
  128     58.44459123     83.12919148     39.78472187
  129     70.48987056     72.94487664     50.87854606
  130     71.49095229     71.43259285     49.85612184
  131     69.12986801     73.99075153     49.74319183
  132     69.04578498     71.59654655     52.92114833
  133     68.86365922     72.77233474     54.55266458
  134     70.05868458     69.90447302     53.57714945
  135     66.43316492     70.67913443     52.00386157
  136     65.74799775     69.07764906     53.24559166
  137     66.39320536     69.73117968     50.11917829
  138     64.39534004     72.77692518     51.92170784
  139     65.22124147     74.13334050     50.48771639
  140     63.98297652     73.76547233     53.85597327
  141     61.78609443     71.71953160     50.67463767
  142     61.98259279     70.99649922     48.61533932
  143     60.55493336     73.37175147     50.39874628
  144     60.23621886     69.90142757     52.20655206
  145     61.19648333     67.90771654     52.18995215
  146     58.39856240     69.41757678     51.23900134
  147     59.69319711     70.55447735     54.86287849
  148     57.81829380     71.60807685     54.97643284
  149     61.12696509     71.93098020     55.69877228
  150     59.87121676     68.29638084     56.77744611
  151     61.58796674     68.45132347     57.98378995
  152     60.59817918     66.45381182     55.76845087
  153     72.58788423     74.50649012     51.93993204
  154     73.63613310     45.09007323     53.74744992
  155     74.25073762     74.74810873     50.67022002
  156     71.81192657     76.36982102     51.95749573
  157     57.28398402     68.06919361     57.96775833
  158     55.86811018     67.27372219     56.88589615
  159     57.45442870     66.97118270     59.78059459
  160     56.76486612     69.95445498     58.36654548
  161     75.25698776     66.77440988     64.21873584
  162     77.05779059     65.97606928     63.62863651
  163     75.07299779     68.80497210     63.43709285
  164     73.27934069     65.49536574     62.72270891
  165     71.55252806     66.67327010     62.83241482
  166     73.06360422     63.54000082     63.26773515
  167     74.06299136     65.50114886     59.86427964
  168     76.15821482     65.83174074     59.73011411
  169     72.96995594     66.95719441     58.82946388
  170     72.87725707     62.80908152     58.69753951
  171     71.74981942     63.44667608     57.14984662
  172     71.55650224     62.47945084     60.13035271
  173     74.51620632     89.50360096     58.22602026
  174     76.42143056     89.91930380     57.74961067
  175     73.53081406     59.37531030     56.62489914
  176     74.40163830     87.58864782     60.70328912
  177     72.16425184     86.93225913     60.60213320
  178     74.75816415     88.98722643     62.11591790
  179     76.53935453     85.54071130     60.89109700
  180     78.31979719     85.84765416     59.63916110
  181     80.55450802     76.95117481     47.46965386
  182     76.24711798     83.51674402     62.45223791
  183     77.86684538     82.21618598     62.92386230
  184     82.76428456     76.98048124     50.71661387
  185     74.86901482     66.67148470     67.05310787
  186     76.42653627     66.64669245     68.26757860
  187     73.49012970     68.12752902     67.54344233
  188     73.57331098     65.22593309     96.51965987
  189     74.09228819     83.29395598     64.10046616
  190     74.04670465     81.37451260     65.03906934
  191     73.87840315     84.57949126     65.61918445
  192     72.06945280     83.06777863     63.38011833
  193     60.33747807     52.17306561     81.30873142
  194     59.81545051     53.24409545     83.17959830
  195     61.31149566     82.47084775     80.22470303
  196     61.64025442     49.67854249     81.71137128
  197     60.99821389     48.36693766     80.13815389
  198     61.01133623     77.67631724     83.44331061
  199     64.42960948     49.99593704     81.70951534
  200     64.65950631     51.36206785     79.99769371
  201     65.46217274     48.43158730     81.03926416
  202     65.65507194     51.76508423     83.99741166
  203     67.01026339     50.30696836     84.64923211
  204     63.78365906     52.01256866     85.28447798
  205     67.29073714     54.12251015     82.84260231
  206     67.73054094     54.73169366     84.83775065
  207     66.18991295     55.18758682     81.64924628
  208     69.96479200     53.73162946     81.14871766
  209     71.14713694     52.08430779     81.96434327
  210     71.03144974     55.57687460     81.34531780
  211     69.54401432     82.43633340     78.42340573
  212     69.12506599     84.50912986     77.64042031
  213     67.84150474     81.59693048     77.53713720
  214     72.01592191     81.67419699     77.08893091
  215     72.69377290     79.65552308     77.79604991
  216     73.59284521     82.99112060     77.57536871
  217     57.50219782     51.88501901     80.15503489
  218     57.87664658     52.64239450     49.28305589
  219     56.38043977     50.27372799     51.20653823
  220     56.30520623     53.25656946     81.32402641
  221     80.99762498     76.00341612     78.33635111
  222     71.63587816     81.55626111     74.92324373
  223     80.55499449     73.90649868     78.79286650
  224     79.14457666     76.36549938     78.62071904
  225     66.73061932     84.58379266     62.65925510
  226     68.33929221     85.28053089     63.62466934
  227     67.22466877     84.77698946     60.64160887
  228     66.51846541     52.74784131     63.21735928
  229     68.12475722     52.79752810     64.72969823
  230     67.43154907     51.63219390     61.67117879
  231     63.98477206     80.61878796     64.11938426
  232     62.84365618     82.31400445     64.75346218
  233     64.29184359     79.19862691     65.60211012
  234     62.89305094     79.37203767     61.67919104
  235     63.68337349     77.55047418     61.17224570
  236     63.04533014     80.84560398     60.15639373
  237     59.92240327     79.14455440     61.66844007
  238     59.22401848     78.11201226     63.19894746
  239     59.18588339     49.10396741     60.07631381
  240     58.58432687     81.72827188     61.66645595
  241     59.54495464     54.17856108     60.29664100
  242     58.95265187     53.64875442     63.55998895
  243     55.80982977     81.55153291     60.96662960
  244     54.92195885     83.45321459     61.56954238
  245     54.93426928     80.06309677     62.22895523
  246     55.52569125     80.92690575     58.16369881
  247     56.45235254     79.06375870     57.69096054
  248     56.28402927     82.46739468     56.91588774
  249     64.55993044     57.53130109     63.51809856
  250     62.64852428     56.84566437     63.19270032
  251     64.73757064     58.22513301     65.45817494
  252     64.57387425     59.30341603     62.47690515
  253     52.76063566     80.20895420     57.69091392
  254     52.31738691     78.24791778     56.84533836
  255     51.65175847     80.22124936     59.42717045
  256     51.78388575     81.53782109     85.25409070
  257     77.11134001     68.84927119     79.40962642
  258     78.41198125     68.39535354     77.61711178
  259     75.57947682     70.04616909     78.68477282
  260     75.52120202     66.69544472     80.56267043
  261     74.09738989     67.59856546     81.61893798
  262     76.91729118     65.51738120     81.74455247
  263     74.58705115     64.75124680     78.58188507
  264     76.03088223     64.67574698     77.13731305
  265     73.06112803     65.63908927     77.68147228
  266     73.94300808     62.16653731     79.62637083
  267     72.02408121     62.35882964     80.45210494
  268     74.97117194     61.75569309     81.43386973
  269     74.27947021     60.03479923     77.58479881
  270     74.89059072     58.11242535     78.15057391
  271     75.83707517     60.84741068     76.48205644
  272     72.03458748     59.73812263     75.70932880
  273     70.99762153     61.52160719     75.29666491
  274     70.32413437     58.42811113     76.28901177
  275     72.94403748     58.61887184     73.12379386
  276     74.48973216     57.29422807     73.42178873
  277     73.85388096     60.17069747     71.82030910
  278     71.19844954     57.34995311     71.38086437
  279     70.33861277     55.53764176     72.10764362
  280     72.32145886     56.46016811     69.66979777
  281     78.52190316     70.34666734     81.57470989
  282     77.14088088     70.68323321     83.01611333
  283     80.06107874     69.20548736     82.38040634
  284     79.57784756     71.96497624     80.64798002
  285     68.73759548     58.93431514     70.64887584
  286     67.60445935     59.27071331     72.29666327
  287     69.34468944     60.95039636     70.06423352
  288     67.47398489     57.91695127     69.39717172
  289     53.29427511     62.97082248     81.73682787
  290     52.52436017     64.70223200     82.44129807
  291     55.27861596     63.45176474     81.07709538
  292     53.38202392     60.88141868     83.61546931
  293     53.99438417     59.28220275     82.47528965
  294     51.54755720     60.50561219     84.47806052
  295     55.27813369     61.07026918     85.74818457
  296     55.11447575     59.13479176     86.73192170
  297     54.67692921     62.34763258     58.32832656
  298     57.95168656     61.56073443     55.98810324
  299     58.93880333     62.86845729     86.43433444
  300     57.76165101     62.48630089     54.21087757
  301     59.54025684     59.29689964     55.53040900
  302     58.58261987     57.75319030     54.24537130
  303     59.88378125     58.23193722     86.29732149
  304     62.30171950     59.93159330     54.81399708
  305     62.27111763     61.35600814     53.31203694
  306     62.88379480     58.18953909     53.65877812
  307     64.22944171     60.32010721     56.85887398
  308     65.05410043     58.63685635     57.40790387
  309     63.14781972     60.98585181     58.49287441
  310     66.16832722     62.29759529     56.04264188
  311     66.84164197     62.98266301     57.83741010
  312     65.30485307     64.01542741     55.06396698
  313     52.21592294     62.32533196     79.23712861
  314     51.78085800     63.91576379     78.05065478
  315     53.42405068     61.07314846     78.06603221
  316     50.33989833     61.39803626     79.26403935
  317     68.11730349     61.40231257     54.10320607
  318     69.37603939     59.87853566     54.72644832
  319     67.23326241     61.05327853     52.24876724
  320     69.34589505     63.03300300     53.60865682
  321     63.86766145     59.76373609     45.87578752
  322     64.90992807     58.08627547     46.42542211
  323     65.32579624     60.87746118     44.79301276
  324     61.86006816     58.45452411     72.94461078
  325     60.46088768     57.22110351     74.15923886
  326     62.90934034     57.04338480     71.78826098
  327     60.33080095     60.07290083     71.09595025
  328     58.47465699     60.49027444     71.98521747
  329     59.88023061     58.91288326     69.48465072
  330     61.54539759     62.59628489     70.29844919
  331     63.58418249     62.45545288     70.16449199
  332     61.19356499     63.81026820     71.86555352
  333     60.11133446     63.85189187     68.09852531
  334     58.07696089     63.95041426     68.54974243
  335     60.27801166     62.76941160     66.32294710
  336     61.17238203     66.72483240     67.51710347
  337     63.19460246     66.49347640     67.73485800
  338     60.52480524     67.92790197     69.11237630
  339     60.31138947     67.84433165     64.96206844
  340     58.28658471     68.21963224     64.95325174
  341     60.52317723     66.50922785     63.45585080
  342     61.84958800     70.37817965     64.53723783
  343     61.42023933     71.12379428     62.46365060
  344     63.88282215     70.01055352     64.84313458
  345     62.49193279     60.81285717     48.05548187
  346     60.93697080     62.15507186     47.25237821
  347     62.07721563     59.25167376     49.29786146
  348     63.74162548     61.94136374     49.27791190
  349     60.89763561     72.49538179     66.10140616
  350     62.46918976     73.77366694     66.33710536
  351     59.25451313     73.29495338     65.16126869
  352     60.82575598     71.95020659     68.06568971
 
 Total charge:     0.00000000

 Atomic gross charges (e)
 Atom           Charge
    1      -0.11305403
    2       0.03740542
    3       0.06447304
    4      -0.09376565
    5       0.05708355
    6       0.05381871
    7      -0.12239321
    8       0.06239833
    9       0.06057353
   10      -0.08260163
   11       0.03622508
   12       0.04625957
   13      -0.09489244
   14       0.05301801
   15       0.05151361
   16      -0.11798105
   17       0.04845961
   18       0.06340183
   19      -0.11966202
   20       0.05641347
   21       0.05090322
   22      -0.06327745
   23       0.03566570
   24       0.05204164
   25      -0.20318620
   26       0.07251355
   27       0.06294691
   28       0.05991786
   29      -0.18832102
   30       0.04727043
   31       0.07985996
   32       0.04786746
   33      -0.09748876
   34       0.06134990
   35       0.04227747
   36      -0.09062204
   37       0.05117573
   38       0.05627268
   39      -0.10821344
   40       0.04940849
   41       0.03996409
   42      -0.07087257
   43       0.03160431
   44       0.04810589
   45      -0.09100610
   46       0.05314740
   47       0.04161538
   48      -0.11573908
   49       0.05514816
   50       0.05315923
   51      -0.12448284
   52       0.05611229
   53       0.06151892
   54      -0.07876369
   55       0.06043632
   56       0.05256851
   57      -0.21172254
   58       0.07151663
   59       0.06624762
   60       0.05642344
   61      -0.18703648
   62       0.04834707
   63       0.06233933
   64       0.05277081
   65      -0.09213698
   66       0.01170390
   67       0.06488465
   68      -0.14643442
   69       0.08816905
   70       0.05142362
   71      -0.08233446
   72       0.05264501
   73       0.06321352
   74      -0.10918384
   75       0.04796491
   76       0.05002198
   77      -0.10680432
   78       0.05184558
   79       0.04492350
   80      -0.09520714
   81       0.06159640
   82       0.04751236
   83      -0.11174412
   84       0.06398116
   85       0.05400397
   86      -0.10697714
   87       0.07582822
   88       0.02843056
   89      -0.19682765
   90       0.06639303
   91       0.05486593
   92       0.07620917
   93      -0.19285059
   94       0.07427095
   95       0.05153532
   96       0.05586913
   97      -0.09888263
   98       0.04079841
   99       0.04602253
  100      -0.12603453
  101       0.06016975
  102       0.06357922
  103      -0.10172267
  104       0.04946192
  105       0.05500752
  106      -0.10244878
  107       0.05587826
  108       0.04832466
  109      -0.10219202
  110       0.06725627
  111       0.03020994
  112      -0.11375373
  113       0.06772196
  114       0.05433960
  115      -0.13328969
  116       0.06923779
  117       0.07463638
  118      -0.08750144
  119       0.05019246
  120       0.05654288
  121      -0.19945084
  122       0.07898939
  123       0.05195509
  124       0.07186766
  125      -0.19176356
  126       0.07156853
  127       0.05256492
  128       0.04004309
  129      -0.09023567
  130       0.05418414
  131       0.07298034
  132      -0.10997417
  133       0.06661127
  134       0.04960508
  135      -0.10952306
  136       0.04341835
  137       0.05551821
  138      -0.10609987
  139       0.05562894
  140       0.06261382
  141      -0.10850136
  142       0.04585402
  143       0.05051972
  144      -0.06773142
  145       0.02739233
  146       0.04328188
  147      -0.09639215
  148       0.04663603
  149       0.04360835
  150      -0.09536994
  151       0.05744661
  152       0.03281709
  153      -0.20969181
  154       0.06748064
  155       0.04891769
  156       0.06761870
  157      -0.20428204
  158       0.08561771
  159       0.05210358
  160       0.07427147
  161      -0.08230916
  162       0.06115026
  163       0.04052288
  164      -0.11744904
  165       0.05784906
  166       0.06861557
  167      -0.14630036
  168       0.06710546
  169       0.05804780
  170      -0.14682573
  171       0.06701624
  172       0.07299734
  173      -0.10862762
  174       0.07755091
  175       0.03847610
  176      -0.11175081
  177       0.04955306
  178       0.08575770
  179      -0.09837178
  180       0.07411020
  181       0.10174494
  182      -0.07455058
  183       0.07321553
  184       0.07975356
  185      -0.23063102
  186       0.08647723
  187       0.06191327
  188       0.06910982
  189      -0.17243028
  190       0.03778566
  191       0.08318109
  192       0.05956744
  193      -0.09342718
  194       0.03278811
  195       0.07656524
  196      -0.07117714
  197       0.04505672
  198       0.04954229
  199      -0.15931465
  200       0.02848488
  201       0.08074314
  202      -0.13203062
  203       0.06825875
  204       0.07605916
  205      -0.16094461
  206       0.07205959
  207       0.09544397
  208      -0.07915420
  209       0.05133536
  210       0.05574875
  211      -0.08225679
  212       0.01728612
  213       0.07275398
  214      -0.17871812
  215       0.04187437
  216       0.06754216
  217      -0.24455093
  218       0.06784809
  219       0.09633463
  220       0.04844369
  221      -0.38581315
  222       0.05549067
  223       0.10022244
  224       0.09878839
  225      -0.10819267
  226       0.06029216
  227       0.05243647
  228      -0.10412172
  229       0.02970245
  230       0.05553421
  231      -0.09931605
  232       0.07333189
  233       0.06386413
  234      -0.12037197
  235       0.07334059
  236       0.06132132
  237      -0.13922118
  238       0.06420210
  239       0.05828868
  240      -0.09989760
  241       0.03617164
  242       0.04571726
  243      -0.08538630
  244       0.04333706
  245       0.05043291
  246      -0.08463945
  247       0.05895584
  248       0.06648037
  249      -0.21452964
  250       0.07173516
  251       0.06671663
  252       0.06131039
  253      -0.19421556
  254       0.04744468
  255       0.06483945
  256       0.04813931
  257      -0.10488293
  258       0.04275709
  259       0.05190121
  260      -0.11734353
  261       0.07671626
  262       0.04488315
  263      -0.12035644
  264       0.05987374
  265       0.06365746
  266      -0.10591523
  267       0.05385486
  268       0.05455427
  269      -0.10819587
  270       0.06609388
  271       0.06061244
  272      -0.09955496
  273       0.05636722
  274       0.04406972
  275      -0.09165970
  276       0.05419304
  277       0.03125042
  278      -0.07224847
  279       0.03781480
  280       0.03345301
  281      -0.22347477
  282       0.08813055
  283       0.06254099
  284       0.07358740
  285      -0.22645486
  286       0.07500934
  287       0.05621791
  288       0.07750802
  289      -0.08582040
  290       0.06152967
  291       0.04587393
  292      -0.10490074
  293       0.06098347
  294       0.05716843
  295      -0.10051386
  296       0.03187671
  297       0.05148203
  298      -0.09705713
  299       0.04445427
  300       0.07148397
  301      -0.09258074
  302       0.04253170
  303       0.04094991
  304      -0.10788480
  305       0.05570457
  306       0.02718690
  307      -0.10699119
  308       0.07797609
  309       0.05291976
  310      -0.09521952
  311       0.06066595
  312       0.04583374
  313      -0.19815042
  314       0.06256255
  315       0.05465127
  316       0.05134642
  317      -0.19957382
  318       0.07169730
  319       0.06818070
  320       0.05425396
  321      -0.10882721
  322       0.05024110
  323       0.06594137
  324      -0.11171680
  325       0.03946047
  326       0.04673959
  327      -0.10501795
  328       0.04709779
  329       0.05840754
  330      -0.11553450
  331       0.06756051
  332       0.06003306
  333      -0.12716862
  334       0.05944377
  335       0.05557264
  336      -0.12850807
  337       0.06611771
  338       0.05670185
  339      -0.11635583
  340       0.05947746
  341       0.06399324
  342      -0.08702698
  343       0.03194694
  344       0.06266127
  345      -0.18521548
  346       0.06619986
  347       0.08098953
  348       0.05292990
  349      -0.21773093
  350       0.06227100
  351       0.08291385
  352       0.07267879
 
Nr. of electrons (up):    682.00000000
Atom populations (up)
 Atom       Population
    1       4.11305403
    2       0.96259458
    3       0.93552696
    4       4.09376565
    5       0.94291645
    6       0.94618129
    7       4.12239321
    8       0.93760167
    9       0.93942647
   10       4.08260163
   11       0.96377492
   12       0.95374043
   13       4.09489244
   14       0.94698199
   15       0.94848639
   16       4.11798105
   17       0.95154039
   18       0.93659817
   19       4.11966202
   20       0.94358653
   21       0.94909678
   22       4.06327745
   23       0.96433430
   24       0.94795836
   25       4.20318620
   26       0.92748645
   27       0.93705309
   28       0.94008214
   29       4.18832102
   30       0.95272957
   31       0.92014004
   32       0.95213254
   33       4.09748876
   34       0.93865010
   35       0.95772253
   36       4.09062204
   37       0.94882427
   38       0.94372732
   39       4.10821344
   40       0.95059151
   41       0.96003591
   42       4.07087257
   43       0.96839569
   44       0.95189411
   45       4.09100610
   46       0.94685260
   47       0.95838462
   48       4.11573908
   49       0.94485184
   50       0.94684077
   51       4.12448284
   52       0.94388771
   53       0.93848108
   54       4.07876369
   55       0.93956368
   56       0.94743149
   57       4.21172254
   58       0.92848337
   59       0.93375238
   60       0.94357656
   61       4.18703648
   62       0.95165293
   63       0.93766067
   64       0.94722919
   65       4.09213698
   66       0.98829610
   67       0.93511535
   68       4.14643442
   69       0.91183095
   70       0.94857638
   71       4.08233446
   72       0.94735499
   73       0.93678648
   74       4.10918384
   75       0.95203509
   76       0.94997802
   77       4.10680432
   78       0.94815442
   79       0.95507650
   80       4.09520714
   81       0.93840360
   82       0.95248764
   83       4.11174412
   84       0.93601884
   85       0.94599603
   86       4.10697714
   87       0.92417178
   88       0.97156944
   89       4.19682765
   90       0.93360697
   91       0.94513407
   92       0.92379083
   93       4.19285059
   94       0.92572905
   95       0.94846468
   96       0.94413087
   97       4.09888263
   98       0.95920159
   99       0.95397747
  100       4.12603453
  101       0.93983025
  102       0.93642078
  103       4.10172267
  104       0.95053808
  105       0.94499248
  106       4.10244878
  107       0.94412174
  108       0.95167534
  109       4.10219202
  110       0.93274373
  111       0.96979006
  112       4.11375373
  113       0.93227804
  114       0.94566040
  115       4.13328969
  116       0.93076221
  117       0.92536362
  118       4.08750144
  119       0.94980754
  120       0.94345712
  121       4.19945084
  122       0.92101061
  123       0.94804491
  124       0.92813234
  125       4.19176356
  126       0.92843147
  127       0.94743508
  128       0.95995691
  129       4.09023567
  130       0.94581586
  131       0.92701966
  132       4.10997417
  133       0.93338873
  134       0.95039492
  135       4.10952306
  136       0.95658165
  137       0.94448179
  138       4.10609987
  139       0.94437106
  140       0.93738618
  141       4.10850136
  142       0.95414598
  143       0.94948028
  144       4.06773142
  145       0.97260767
  146       0.95671812
  147       4.09639215
  148       0.95336397
  149       0.95639165
  150       4.09536994
  151       0.94255339
  152       0.96718291
  153       4.20969181
  154       0.93251936
  155       0.95108231
  156       0.93238130
  157       4.20428204
  158       0.91438229
  159       0.94789642
  160       0.92572853
  161       4.08230916
  162       0.93884974
  163       0.95947712
  164       4.11744904
  165       0.94215094
  166       0.93138443
  167       4.14630036
  168       0.93289454
  169       0.94195220
  170       4.14682573
  171       0.93298376
  172       0.92700266
  173       4.10862762
  174       0.92244909
  175       0.96152390
  176       4.11175081
  177       0.95044694
  178       0.91424230
  179       4.09837178
  180       0.92588980
  181       0.89825506
  182       4.07455058
  183       0.92678447
  184       0.92024644
  185       4.23063102
  186       0.91352277
  187       0.93808673
  188       0.93089018
  189       4.17243028
  190       0.96221434
  191       0.91681891
  192       0.94043256
  193       4.09342718
  194       0.96721189
  195       0.92343476
  196       4.07117714
  197       0.95494328
  198       0.95045771
  199       4.15931465
  200       0.97151512
  201       0.91925686
  202       4.13203062
  203       0.93174125
  204       0.92394084
  205       4.16094461
  206       0.92794041
  207       0.90455603
  208       4.07915420
  209       0.94866464
  210       0.94425125
  211       4.08225679
  212       0.98271388
  213       0.92724602
  214       4.17871812
  215       0.95812563
  216       0.93245784
  217       4.24455093
  218       0.93215191
  219       0.90366537
  220       0.95155631
  221       4.38581315
  222       0.94450933
  223       0.89977756
  224       0.90121161
  225       4.10819267
  226       0.93970784
  227       0.94756353
  228       4.10412172
  229       0.97029755
  230       0.94446579
  231       4.09931605
  232       0.92666811
  233       0.93613587
  234       4.12037197
  235       0.92665941
  236       0.93867868
  237       4.13922118
  238       0.93579790
  239       0.94171132
  240       4.09989760
  241       0.96382836
  242       0.95428274
  243       4.08538630
  244       0.95666294
  245       0.94956709
  246       4.08463945
  247       0.94104416
  248       0.93351963
  249       4.21452964
  250       0.92826484
  251       0.93328337
  252       0.93868961
  253       4.19421556
  254       0.95255532
  255       0.93516055
  256       0.95186069
  257       4.10488293
  258       0.95724291
  259       0.94809879
  260       4.11734353
  261       0.92328374
  262       0.95511685
  263       4.12035644
  264       0.94012626
  265       0.93634254
  266       4.10591523
  267       0.94614514
  268       0.94544573
  269       4.10819587
  270       0.93390612
  271       0.93938756
  272       4.09955496
  273       0.94363278
  274       0.95593028
  275       4.09165970
  276       0.94580696
  277       0.96874958
  278       4.07224847
  279       0.96218520
  280       0.96654699
  281       4.22347477
  282       0.91186945
  283       0.93745901
  284       0.92641260
  285       4.22645486
  286       0.92499066
  287       0.94378209
  288       0.92249198
  289       4.08582040
  290       0.93847033
  291       0.95412607
  292       4.10490074
  293       0.93901653
  294       0.94283157
  295       4.10051386
  296       0.96812329
  297       0.94851797
  298       4.09705713
  299       0.95554573
  300       0.92851603
  301       4.09258074
  302       0.95746830
  303       0.95905009
  304       4.10788480
  305       0.94429543
  306       0.97281310
  307       4.10699119
  308       0.92202391
  309       0.94708024
  310       4.09521952
  311       0.93933405
  312       0.95416626
  313       4.19815042
  314       0.93743745
  315       0.94534873
  316       0.94865358
  317       4.19957382
  318       0.92830270
  319       0.93181930
  320       0.94574604
  321       4.10882721
  322       0.94975890
  323       0.93405863
  324       4.11171680
  325       0.96053953
  326       0.95326041
  327       4.10501795
  328       0.95290221
  329       0.94159246
  330       4.11553450
  331       0.93243949
  332       0.93996694
  333       4.12716862
  334       0.94055623
  335       0.94442736
  336       4.12850807
  337       0.93388229
  338       0.94329815
  339       4.11635583
  340       0.94052254
  341       0.93600676
  342       4.08702698
  343       0.96805306
  344       0.93733873
  345       4.18521548
  346       0.93380014
  347       0.91901047
  348       0.94707010
  349       4.21773093
  350       0.93772900
  351       0.91708615
  352       0.92732121
 
l-shell populations (up)
 Atom Sh.   l       Population
    1   1   0       1.23407160
    1   2   1       2.87898243
    2   1   0       0.96259458
    3   1   0       0.93552696
    4   1   0       1.21826557
    4   2   1       2.87550008
    5   1   0       0.94291645
    6   1   0       0.94618129
    7   1   0       1.22154153
    7   2   1       2.90085169
    8   1   0       0.93760167
    9   1   0       0.93942647
   10   1   0       1.25130311
   10   2   1       2.83129852
   11   1   0       0.96377492
   12   1   0       0.95374043
   13   1   0       1.21958599
   13   2   1       2.87530645
   14   1   0       0.94698199
   15   1   0       0.94848639
   16   1   0       1.23449352
   16   2   1       2.88348753
   17   1   0       0.95154039
   18   1   0       0.93659817
   19   1   0       1.22898003
   19   2   1       2.89068199
   20   1   0       0.94358653
   21   1   0       0.94909678
   22   1   0       1.21502265
   22   2   1       2.84825480
   23   1   0       0.96433430
   24   1   0       0.94795836
   25   1   0       1.28238574
   25   2   1       2.92080046
   26   1   0       0.92748645
   27   1   0       0.93705309
   28   1   0       0.94008214
   29   1   0       1.25773261
   29   2   1       2.93058842
   30   1   0       0.95272957
   31   1   0       0.92014004
   32   1   0       0.95213254
   33   1   0       1.23710369
   33   2   1       2.86038507
   34   1   0       0.93865010
   35   1   0       0.95772253
   36   1   0       1.22689971
   36   2   1       2.86372233
   37   1   0       0.94882427
   38   1   0       0.94372732
   39   1   0       1.22659544
   39   2   1       2.88161800
   40   1   0       0.95059151
   41   1   0       0.96003591
   42   1   0       1.23580609
   42   2   1       2.83506649
   43   1   0       0.96839569
   44   1   0       0.95189411
   45   1   0       1.22753811
   45   2   1       2.86346799
   46   1   0       0.94685260
   47   1   0       0.95838462
   48   1   0       1.25193557
   48   2   1       2.86380350
   49   1   0       0.94485184
   50   1   0       0.94684077
   51   1   0       1.23733610
   51   2   1       2.88714674
   52   1   0       0.94388771
   53   1   0       0.93848108
   54   1   0       1.21055419
   54   2   1       2.86820951
   55   1   0       0.93956368
   56   1   0       0.94743149
   57   1   0       1.27412184
   57   2   1       2.93760070
   58   1   0       0.92848337
   59   1   0       0.93375238
   60   1   0       0.94357656
   61   1   0       1.25744850
   61   2   1       2.92958798
   62   1   0       0.95165293
   63   1   0       0.93766067
   64   1   0       0.94722919
   65   1   0       1.24210490
   65   2   1       2.85003208
   66   1   0       0.98829610
   67   1   0       0.93511535
   68   1   0       1.23909269
   68   2   1       2.90734173
   69   1   0       0.91183095
   70   1   0       0.94857638
   71   1   0       1.23111201
   71   2   1       2.85122245
   72   1   0       0.94735499
   73   1   0       0.93678648
   74   1   0       1.23574481
   74   2   1       2.87343903
   75   1   0       0.95203509
   76   1   0       0.94997802
   77   1   0       1.25489952
   77   2   1       2.85190480
   78   1   0       0.94815442
   79   1   0       0.95507650
   80   1   0       1.23535189
   80   2   1       2.85985525
   81   1   0       0.93840360
   82   1   0       0.95248764
   83   1   0       1.24334923
   83   2   1       2.86839489
   84   1   0       0.93601884
   85   1   0       0.94599603
   86   1   0       1.24453674
   86   2   1       2.86244040
   87   1   0       0.92417178
   88   1   0       0.97156944
   89   1   0       1.27656361
   89   2   1       2.92026404
   90   1   0       0.93360697
   91   1   0       0.94513407
   92   1   0       0.92379083
   93   1   0       1.27624706
   93   2   1       2.91660353
   94   1   0       0.92572905
   95   1   0       0.94846468
   96   1   0       0.94413087
   97   1   0       1.24040060
   97   2   1       2.85848203
   98   1   0       0.95920159
   99   1   0       0.95397747
  100   1   0       1.24871580
  100   2   1       2.87731873
  101   1   0       0.93983025
  102   1   0       0.93642078
  103   1   0       1.25242613
  103   2   1       2.84929653
  104   1   0       0.95053808
  105   1   0       0.94499248
  106   1   0       1.23878282
  106   2   1       2.86366596
  107   1   0       0.94412174
  108   1   0       0.95167534
  109   1   0       1.24256630
  109   2   1       2.85962573
  110   1   0       0.93274373
  111   1   0       0.96979006
  112   1   0       1.23375438
  112   2   1       2.87999935
  113   1   0       0.93227804
  114   1   0       0.94566040
  115   1   0       1.23382933
  115   2   1       2.89946035
  116   1   0       0.93076221
  117   1   0       0.92536362
  118   1   0       1.24897405
  118   2   1       2.83852739
  119   1   0       0.94980754
  120   1   0       0.94345712
  121   1   0       1.26952539
  121   2   1       2.92992544
  122   1   0       0.92101061
  123   1   0       0.94804491
  124   1   0       0.92813234
  125   1   0       1.29249752
  125   2   1       2.89926604
  126   1   0       0.92843147
  127   1   0       0.94743508
  128   1   0       0.95995691
  129   1   0       1.21478007
  129   2   1       2.87545560
  130   1   0       0.94581586
  131   1   0       0.92701966
  132   1   0       1.22570080
  132   2   1       2.88427337
  133   1   0       0.93338873
  134   1   0       0.95039492
  135   1   0       1.24457328
  135   2   1       2.86494979
  136   1   0       0.95658165
  137   1   0       0.94448179
  138   1   0       1.26997726
  138   2   1       2.83612261
  139   1   0       0.94437106
  140   1   0       0.93738618
  141   1   0       1.25173992
  141   2   1       2.85676144
  142   1   0       0.95414598
  143   1   0       0.94948028
  144   1   0       1.22093845
  144   2   1       2.84679297
  145   1   0       0.97260767
  146   1   0       0.95671812
  147   1   0       1.23722793
  147   2   1       2.85916422
  148   1   0       0.95336397
  149   1   0       0.95639165
  150   1   0       1.24435503
  150   2   1       2.85101491
  151   1   0       0.94255339
  152   1   0       0.96718291
  153   1   0       1.25701434
  153   2   1       2.95267747
  154   1   0       0.93251936
  155   1   0       0.95108231
  156   1   0       0.93238130
  157   1   0       1.25014822
  157   2   1       2.95413382
  158   1   0       0.91438229
  159   1   0       0.94789642
  160   1   0       0.92572853
  161   1   0       1.21993489
  161   2   1       2.86237427
  162   1   0       0.93884974
  163   1   0       0.95947712
  164   1   0       1.23240023
  164   2   1       2.88504881
  165   1   0       0.94215094
  166   1   0       0.93138443
  167   1   0       1.28087145
  167   2   1       2.86542891
  168   1   0       0.93289454
  169   1   0       0.94195220
  170   1   0       1.24415846
  170   2   1       2.90266728
  171   1   0       0.93298376
  172   1   0       0.92700266
  173   1   0       1.25294286
  173   2   1       2.85568477
  174   1   0       0.92244909
  175   1   0       0.96152390
  176   1   0       1.27798564
  176   2   1       2.83376518
  177   1   0       0.95044694
  178   1   0       0.91424230
  179   1   0       1.25764536
  179   2   1       2.84072642
  180   1   0       0.92588980
  181   1   0       0.89825506
  182   1   0       1.21617194
  182   2   1       2.85837865
  183   1   0       0.92678447
  184   1   0       0.92024644
  185   1   0       1.24890294
  185   2   1       2.98172808
  186   1   0       0.91352277
  187   1   0       0.93808673
  188   1   0       0.93089018
  189   1   0       1.23971153
  189   2   1       2.93271876
  190   1   0       0.96221434
  191   1   0       0.91681891
  192   1   0       0.94043256
  193   1   0       1.24681168
  193   2   1       2.84661550
  194   1   0       0.96721189
  195   1   0       0.92343476
  196   1   0       1.21609319
  196   2   1       2.85508395
  197   1   0       0.95494328
  198   1   0       0.95045771
  199   1   0       1.25744226
  199   2   1       2.90187239
  200   1   0       0.97151512
  201   1   0       0.91925686
  202   1   0       1.30054802
  202   2   1       2.83148260
  203   1   0       0.93174125
  204   1   0       0.92394084
  205   1   0       1.27556356
  205   2   1       2.88538105
  206   1   0       0.92794041
  207   1   0       0.90455603
  208   1   0       1.25748054
  208   2   1       2.82167365
  209   1   0       0.94866464
  210   1   0       0.94425125
  211   1   0       1.22782961
  211   2   1       2.85442719
  212   1   0       0.98271388
  213   1   0       0.92724602
  214   1   0       1.28793242
  214   2   1       2.89078570
  215   1   0       0.95812563
  216   1   0       0.93245784
  217   1   0       1.28463538
  217   2   1       2.95991554
  218   1   0       0.93215191
  219   1   0       0.90366537
  220   1   0       0.95155631
  221   1   0       1.33114431
  221   2   1       3.05466884
  222   1   0       0.94450933
  223   1   0       0.89977756
  224   1   0       0.90121161
  225   1   0       1.24093320
  225   2   1       2.86725947
  226   1   0       0.93970784
  227   1   0       0.94756353
  228   1   0       1.24867738
  228   2   1       2.85544434
  229   1   0       0.97029755
  230   1   0       0.94446579
  231   1   0       1.24227981
  231   2   1       2.85703623
  232   1   0       0.92666811
  233   1   0       0.93613587
  234   1   0       1.25096930
  234   2   1       2.86940267
  235   1   0       0.92665941
  236   1   0       0.93867868
  237   1   0       1.23680973
  237   2   1       2.90241146
  238   1   0       0.93579790
  239   1   0       0.94171132
  240   1   0       1.24142910
  240   2   1       2.85846851
  241   1   0       0.96382836
  242   1   0       0.95428274
  243   1   0       1.23886791
  243   2   1       2.84651839
  244   1   0       0.95666294
  245   1   0       0.94956709
  246   1   0       1.23370605
  246   2   1       2.85093340
  247   1   0       0.94104416
  248   1   0       0.93351963
  249   1   0       1.27159205
  249   2   1       2.94293758
  250   1   0       0.92826484
  251   1   0       0.93328337
  252   1   0       0.93868961
  253   1   0       1.27539415
  253   2   1       2.91882140
  254   1   0       0.95255532
  255   1   0       0.93516055
  256   1   0       0.95186069
  257   1   0       1.25659153
  257   2   1       2.84829140
  258   1   0       0.95724291
  259   1   0       0.94809879
  260   1   0       1.24131190
  260   2   1       2.87603163
  261   1   0       0.92328374
  262   1   0       0.95511685
  263   1   0       1.22362768
  263   2   1       2.89672876
  264   1   0       0.94012626
  265   1   0       0.93634254
  266   1   0       1.23821560
  266   2   1       2.86769963
  267   1   0       0.94614514
  268   1   0       0.94544573
  269   1   0       1.24481484
  269   2   1       2.86338103
  270   1   0       0.93390612
  271   1   0       0.93938756
  272   1   0       1.25442621
  272   2   1       2.84512875
  273   1   0       0.94363278
  274   1   0       0.95593028
  275   1   0       1.23074242
  275   2   1       2.86091728
  276   1   0       0.94580696
  277   1   0       0.96874958
  278   1   0       1.23860329
  278   2   1       2.83364518
  279   1   0       0.96218520
  280   1   0       0.96654699
  281   1   0       1.27866222
  281   2   1       2.94481255
  282   1   0       0.91186945
  283   1   0       0.93745901
  284   1   0       0.92641260
  285   1   0       1.28094404
  285   2   1       2.94551082
  286   1   0       0.92499066
  287   1   0       0.94378209
  288   1   0       0.92249198
  289   1   0       1.20698689
  289   2   1       2.87883351
  290   1   0       0.93847033
  291   1   0       0.95412607
  292   1   0       1.21591179
  292   2   1       2.88898895
  293   1   0       0.93901653
  294   1   0       0.94283157
  295   1   0       1.22934048
  295   2   1       2.87117338
  296   1   0       0.96812329
  297   1   0       0.94851797
  298   1   0       1.21767429
  298   2   1       2.87938284
  299   1   0       0.95554573
  300   1   0       0.92851603
  301   1   0       1.23736182
  301   2   1       2.85521892
  302   1   0       0.95746830
  303   1   0       0.95905009
  304   1   0       1.23420663
  304   2   1       2.87367817
  305   1   0       0.94429543
  306   1   0       0.97281310
  307   1   0       1.21552646
  307   2   1       2.89146473
  308   1   0       0.92202391
  309   1   0       0.94708024
  310   1   0       1.22886817
  310   2   1       2.86635135
  311   1   0       0.93933405
  312   1   0       0.95416626
  313   1   0       1.25183334
  313   2   1       2.94631708
  314   1   0       0.93743745
  315   1   0       0.94534873
  316   1   0       0.94865358
  317   1   0       1.26480938
  317   2   1       2.93476444
  318   1   0       0.92830270
  319   1   0       0.93181930
  320   1   0       0.94574604
  321   1   0       1.23664130
  321   2   1       2.87218590
  322   1   0       0.94975890
  323   1   0       0.93405863
  324   1   0       1.26342186
  324   2   1       2.84829494
  325   1   0       0.96053953
  326   1   0       0.95326041
  327   1   0       1.23073407
  327   2   1       2.87428388
  328   1   0       0.95290221
  329   1   0       0.94159246
  330   1   0       1.22772380
  330   2   1       2.88781070
  331   1   0       0.93243949
  332   1   0       0.93996694
  333   1   0       1.25947315
  333   2   1       2.86769547
  334   1   0       0.94055623
  335   1   0       0.94442736
  336   1   0       1.25775879
  336   2   1       2.87074929
  337   1   0       0.93388229
  338   1   0       0.94329815
  339   1   0       1.23869152
  339   2   1       2.87766431
  340   1   0       0.94052254
  341   1   0       0.93600676
  342   1   0       1.24277488
  342   2   1       2.84425210
  343   1   0       0.96805306
  344   1   0       0.93733873
  345   1   0       1.25651599
  345   2   1       2.92869949
  346   1   0       0.93380014
  347   1   0       0.91901047
  348   1   0       0.94707010
  349   1   0       1.25004128
  349   2   1       2.96768964
  350   1   0       0.93772900
  351   1   0       0.91708615
  352   1   0       0.92732121
 
Orbital populations (up)
 Atom Sh.   l   m       Population  Label
    1   1   0   0       1.23407160  s
    1   2   1  -1       0.98976732  p_y
    1   2   1   0       0.93432556  p_z
    1   2   1   1       0.95488955  p_x
    2   1   0   0       0.96259458  s
    3   1   0   0       0.93552696  s
    4   1   0   0       1.21826557  s
    4   2   1  -1       0.97633524  p_y
    4   2   1   0       0.93410431  p_z
    4   2   1   1       0.96506053  p_x
    5   1   0   0       0.94291645  s
    6   1   0   0       0.94618129  s
    7   1   0   0       1.22154153  s
    7   2   1  -1       0.97112731  p_y
    7   2   1   0       0.97428934  p_z
    7   2   1   1       0.95543503  p_x
    8   1   0   0       0.93760167  s
    9   1   0   0       0.93942647  s
   10   1   0   0       1.25130311  s
   10   2   1  -1       0.94531726  p_y
   10   2   1   0       0.93946487  p_z
   10   2   1   1       0.94651639  p_x
   11   1   0   0       0.96377492  s
   12   1   0   0       0.95374043  s
   13   1   0   0       1.21958599  s
   13   2   1  -1       0.98460161  p_y
   13   2   1   0       0.94080088  p_z
   13   2   1   1       0.94990396  p_x
   14   1   0   0       0.94698199  s
   15   1   0   0       0.94848639  s
   16   1   0   0       1.23449352  s
   16   2   1  -1       0.96059788  p_y
   16   2   1   0       0.95691779  p_z
   16   2   1   1       0.96597186  p_x
   17   1   0   0       0.95154039  s
   18   1   0   0       0.93659817  s
   19   1   0   0       1.22898003  s
   19   2   1  -1       0.92958057  p_y
   19   2   1   0       0.98933076  p_z
   19   2   1   1       0.97177066  p_x
   20   1   0   0       0.94358653  s
   21   1   0   0       0.94909678  s
   22   1   0   0       1.21502265  s
   22   2   1  -1       0.93126766  p_y
   22   2   1   0       0.95706116  p_z
   22   2   1   1       0.95992597  p_x
   23   1   0   0       0.96433430  s
   24   1   0   0       0.94795836  s
   25   1   0   0       1.28238574  s
   25   2   1  -1       0.95603728  p_y
   25   2   1   0       0.96324766  p_z
   25   2   1   1       1.00151552  p_x
   26   1   0   0       0.92748645  s
   27   1   0   0       0.93705309  s
   28   1   0   0       0.94008214  s
   29   1   0   0       1.25773261  s
   29   2   1  -1       0.99691693  p_y
   29   2   1   0       0.96441725  p_z
   29   2   1   1       0.96925423  p_x
   30   1   0   0       0.95272957  s
   31   1   0   0       0.92014004  s
   32   1   0   0       0.95213254  s
   33   1   0   0       1.23710369  s
   33   2   1  -1       0.96330794  p_y
   33   2   1   0       0.94585012  p_z
   33   2   1   1       0.95122701  p_x
   34   1   0   0       0.93865010  s
   35   1   0   0       0.95772253  s
   36   1   0   0       1.22689971  s
   36   2   1  -1       0.97640903  p_y
   36   2   1   0       0.92962085  p_z
   36   2   1   1       0.95769245  p_x
   37   1   0   0       0.94882427  s
   38   1   0   0       0.94372732  s
   39   1   0   0       1.22659544  s
   39   2   1  -1       0.95817202  p_y
   39   2   1   0       0.93317095  p_z
   39   2   1   1       0.99027504  p_x
   40   1   0   0       0.95059151  s
   41   1   0   0       0.96003591  s
   42   1   0   0       1.23580609  s
   42   2   1  -1       0.93013309  p_y
   42   2   1   0       0.93661828  p_z
   42   2   1   1       0.96831512  p_x
   43   1   0   0       0.96839569  s
   44   1   0   0       0.95189411  s
   45   1   0   0       1.22753811  s
   45   2   1  -1       0.94164886  p_y
   45   2   1   0       0.98406774  p_z
   45   2   1   1       0.93775139  p_x
   46   1   0   0       0.94685260  s
   47   1   0   0       0.95838462  s
   48   1   0   0       1.25193557  s
   48   2   1  -1       0.95045540  p_y
   48   2   1   0       0.95781864  p_z
   48   2   1   1       0.95552946  p_x
   49   1   0   0       0.94485184  s
   50   1   0   0       0.94684077  s
   51   1   0   0       1.23733610  s
   51   2   1  -1       0.93314072  p_y
   51   2   1   0       1.00412071  p_z
   51   2   1   1       0.94988531  p_x
   52   1   0   0       0.94388771  s
   53   1   0   0       0.93848108  s
   54   1   0   0       1.21055419  s
   54   2   1  -1       0.95665062  p_y
   54   2   1   0       0.94472389  p_z
   54   2   1   1       0.96683500  p_x
   55   1   0   0       0.93956368  s
   56   1   0   0       0.94743149  s
   57   1   0   0       1.27412184  s
   57   2   1  -1       0.98154472  p_y
   57   2   1   0       0.96640473  p_z
   57   2   1   1       0.98965125  p_x
   58   1   0   0       0.92848337  s
   59   1   0   0       0.93375238  s
   60   1   0   0       0.94357656  s
   61   1   0   0       1.25744850  s
   61   2   1  -1       0.98308153  p_y
   61   2   1   0       0.96626185  p_z
   61   2   1   1       0.98024461  p_x
   62   1   0   0       0.95165293  s
   63   1   0   0       0.93766067  s
   64   1   0   0       0.94722919  s
   65   1   0   0       1.24210490  s
   65   2   1  -1       0.96249996  p_y
   65   2   1   0       0.94560067  p_z
   65   2   1   1       0.94193145  p_x
   66   1   0   0       0.98829610  s
   67   1   0   0       0.93511535  s
   68   1   0   0       1.23909269  s
   68   2   1  -1       1.00243376  p_y
   68   2   1   0       0.93218794  p_z
   68   2   1   1       0.97272003  p_x
   69   1   0   0       0.91183095  s
   70   1   0   0       0.94857638  s
   71   1   0   0       1.23111201  s
   71   2   1  -1       0.94416171  p_y
   71   2   1   0       0.94147479  p_z
   71   2   1   1       0.96558595  p_x
   72   1   0   0       0.94735499  s
   73   1   0   0       0.93678648  s
   74   1   0   0       1.23574481  s
   74   2   1  -1       0.93844052  p_y
   74   2   1   0       0.97073164  p_z
   74   2   1   1       0.96426687  p_x
   75   1   0   0       0.95203509  s
   76   1   0   0       0.94997802  s
   77   1   0   0       1.25489952  s
   77   2   1  -1       0.97267719  p_y
   77   2   1   0       0.91445220  p_z
   77   2   1   1       0.96477541  p_x
   78   1   0   0       0.94815442  s
   79   1   0   0       0.95507650  s
   80   1   0   0       1.23535189  s
   80   2   1  -1       0.94427916  p_y
   80   2   1   0       0.91925138  p_z
   80   2   1   1       0.99632472  p_x
   81   1   0   0       0.93840360  s
   82   1   0   0       0.95248764  s
   83   1   0   0       1.24334923  s
   83   2   1  -1       0.94688736  p_y
   83   2   1   0       0.96773175  p_z
   83   2   1   1       0.95377578  p_x
   84   1   0   0       0.93601884  s
   85   1   0   0       0.94599603  s
   86   1   0   0       1.24453674  s
   86   2   1  -1       0.95175159  p_y
   86   2   1   0       0.95989398  p_z
   86   2   1   1       0.95079482  p_x
   87   1   0   0       0.92417178  s
   88   1   0   0       0.97156944  s
   89   1   0   0       1.27656361  s
   89   2   1  -1       0.95841764  p_y
   89   2   1   0       1.01142073  p_z
   89   2   1   1       0.95042568  p_x
   90   1   0   0       0.93360697  s
   91   1   0   0       0.94513407  s
   92   1   0   0       0.92379083  s
   93   1   0   0       1.27624706  s
   93   2   1  -1       0.97171542  p_y
   93   2   1   0       0.93927373  p_z
   93   2   1   1       1.00561438  p_x
   94   1   0   0       0.92572905  s
   95   1   0   0       0.94846468  s
   96   1   0   0       0.94413087  s
   97   1   0   0       1.24040060  s
   97   2   1  -1       0.93638666  p_y
   97   2   1   0       0.97077183  p_z
   97   2   1   1       0.95132353  p_x
   98   1   0   0       0.95920159  s
   99   1   0   0       0.95397747  s
  100   1   0   0       1.24871580  s
  100   2   1  -1       0.94247969  p_y
  100   2   1   0       0.97425948  p_z
  100   2   1   1       0.96057956  p_x
  101   1   0   0       0.93983025  s
  102   1   0   0       0.93642078  s
  103   1   0   0       1.25242613  s
  103   2   1  -1       0.91941722  p_y
  103   2   1   0       0.96094146  p_z
  103   2   1   1       0.96893785  p_x
  104   1   0   0       0.95053808  s
  105   1   0   0       0.94499248  s
  106   1   0   0       1.23878282  s
  106   2   1  -1       0.92502839  p_y
  106   2   1   0       0.95875953  p_z
  106   2   1   1       0.97987804  p_x
  107   1   0   0       0.94412174  s
  108   1   0   0       0.95167534  s
  109   1   0   0       1.24256630  s
  109   2   1  -1       0.94192206  p_y
  109   2   1   0       0.95774460  p_z
  109   2   1   1       0.95995907  p_x
  110   1   0   0       0.93274373  s
  111   1   0   0       0.96979006  s
  112   1   0   0       1.23375438  s
  112   2   1  -1       0.97010918  p_y
  112   2   1   0       0.99195734  p_z
  112   2   1   1       0.91793283  p_x
  113   1   0   0       0.93227804  s
  114   1   0   0       0.94566040  s
  115   1   0   0       1.23382933  s
  115   2   1  -1       1.00226034  p_y
  115   2   1   0       0.95619132  p_z
  115   2   1   1       0.94100869  p_x
  116   1   0   0       0.93076221  s
  117   1   0   0       0.92536362  s
  118   1   0   0       1.24897405  s
  118   2   1  -1       0.95494612  p_y
  118   2   1   0       0.91726702  p_z
  118   2   1   1       0.96631426  p_x
  119   1   0   0       0.94980754  s
  120   1   0   0       0.94345712  s
  121   1   0   0       1.26952539  s
  121   2   1  -1       0.98523231  p_y
  121   2   1   0       0.97898626  p_z
  121   2   1   1       0.96570687  p_x
  122   1   0   0       0.92101061  s
  123   1   0   0       0.94804491  s
  124   1   0   0       0.92813234  s
  125   1   0   0       1.29249752  s
  125   2   1  -1       0.96845410  p_y
  125   2   1   0       0.97178062  p_z
  125   2   1   1       0.95903132  p_x
  126   1   0   0       0.92843147  s
  127   1   0   0       0.94743508  s
  128   1   0   0       0.95995691  s
  129   1   0   0       1.21478007  s
  129   2   1  -1       0.96128489  p_y
  129   2   1   0       0.98349478  p_z
  129   2   1   1       0.93067593  p_x
  130   1   0   0       0.94581586  s
  131   1   0   0       0.92701966  s
  132   1   0   0       1.22570080  s
  132   2   1  -1       0.96799871  p_y
  132   2   1   0       0.97012173  p_z
  132   2   1   1       0.94615294  p_x
  133   1   0   0       0.93338873  s
  134   1   0   0       0.95039492  s
  135   1   0   0       1.24457328  s
  135   2   1  -1       0.95425400  p_y
  135   2   1   0       0.97917640  p_z
  135   2   1   1       0.93151939  p_x
  136   1   0   0       0.95658165  s
  137   1   0   0       0.94448179  s
  138   1   0   0       1.26997726  s
  138   2   1  -1       0.97078149  p_y
  138   2   1   0       0.94676692  p_z
  138   2   1   1       0.91857421  p_x
  139   1   0   0       0.94437106  s
  140   1   0   0       0.93738618  s
  141   1   0   0       1.25173992  s
  141   2   1  -1       0.97094459  p_y
  141   2   1   0       0.94662177  p_z
  141   2   1   1       0.93919508  p_x
  142   1   0   0       0.95414598  s
  143   1   0   0       0.94948028  s
  144   1   0   0       1.22093845  s
  144   2   1  -1       0.95323796  p_y
  144   2   1   0       0.93762856  p_z
  144   2   1   1       0.95592645  p_x
  145   1   0   0       0.97260767  s
  146   1   0   0       0.95671812  s
  147   1   0   0       1.23722793  s
  147   2   1  -1       0.96217596  p_y
  147   2   1   0       0.92768239  p_z
  147   2   1   1       0.96930587  p_x
  148   1   0   0       0.95336397  s
  149   1   0   0       0.95639165  s
  150   1   0   0       1.24435503  s
  150   2   1  -1       0.94661589  p_y
  150   2   1   0       0.98100466  p_z
  150   2   1   1       0.92339436  p_x
  151   1   0   0       0.94255339  s
  152   1   0   0       0.96718291  s
  153   1   0   0       1.25701434  s
  153   2   1  -1       1.01003228  p_y
  153   2   1   0       0.99294114  p_z
  153   2   1   1       0.94970405  p_x
  154   1   0   0       0.93251936  s
  155   1   0   0       0.95108231  s
  156   1   0   0       0.93238130  s
  157   1   0   0       1.25014822  s
  157   2   1  -1       0.99685696  p_y
  157   2   1   0       0.99252851  p_z
  157   2   1   1       0.96474834  p_x
  158   1   0   0       0.91438229  s
  159   1   0   0       0.94789642  s
  160   1   0   0       0.92572853  s
  161   1   0   0       1.21993489  s
  161   2   1  -1       0.97201516  p_y
  161   2   1   0       0.91528182  p_z
  161   2   1   1       0.97507729  p_x
  162   1   0   0       0.93884974  s
  163   1   0   0       0.95947712  s
  164   1   0   0       1.23240023  s
  164   2   1  -1       0.96028223  p_y
  164   2   1   0       0.94625868  p_z
  164   2   1   1       0.97850790  p_x
  165   1   0   0       0.94215094  s
  166   1   0   0       0.93138443  s
  167   1   0   0       1.28087145  s
  167   2   1  -1       0.96160276  p_y
  167   2   1   0       0.95184094  p_z
  167   2   1   1       0.95198521  p_x
  168   1   0   0       0.93289454  s
  169   1   0   0       0.94195220  s
  170   1   0   0       1.24415846  s
  170   2   1  -1       0.91724859  p_y
  170   2   1   0       0.99503235  p_z
  170   2   1   1       0.99038634  p_x
  171   1   0   0       0.93298376  s
  172   1   0   0       0.92700266  s
  173   1   0   0       1.25294286  s
  173   2   1  -1       0.93405639  p_y
  173   2   1   0       0.96179196  p_z
  173   2   1   1       0.95983641  p_x
  174   1   0   0       0.92244909  s
  175   1   0   0       0.96152390  s
  176   1   0   0       1.27798564  s
  176   2   1  -1       0.92951016  p_y
  176   2   1   0       0.99093391  p_z
  176   2   1   1       0.91332112  p_x
  177   1   0   0       0.95044694  s
  178   1   0   0       0.91424230  s
  179   1   0   0       1.25764536  s
  179   2   1  -1       0.92079373  p_y
  179   2   1   0       0.99095491  p_z
  179   2   1   1       0.92897777  p_x
  180   1   0   0       0.92588980  s
  181   1   0   0       0.89825506  s
  182   1   0   0       1.21617194  s
  182   2   1  -1       0.96192552  p_y
  182   2   1   0       0.96191461  p_z
  182   2   1   1       0.93453851  p_x
  183   1   0   0       0.92678447  s
  184   1   0   0       0.92024644  s
  185   1   0   0       1.24890294  s
  185   2   1  -1       1.04916856  p_y
  185   2   1   0       0.95787922  p_z
  185   2   1   1       0.97468030  p_x
  186   1   0   0       0.91352277  s
  187   1   0   0       0.93808673  s
  188   1   0   0       0.93089018  s
  189   1   0   0       1.23971153  s
  189   2   1  -1       0.99140804  p_y
  189   2   1   0       0.98982826  p_z
  189   2   1   1       0.95148245  p_x
  190   1   0   0       0.96221434  s
  191   1   0   0       0.91681891  s
  192   1   0   0       0.94043256  s
  193   1   0   0       1.24681168  s
  193   2   1  -1       0.94990645  p_y
  193   2   1   0       0.97478206  p_z
  193   2   1   1       0.92192700  p_x
  194   1   0   0       0.96721189  s
  195   1   0   0       0.92343476  s
  196   1   0   0       1.21609319  s
  196   2   1  -1       0.94491048  p_y
  196   2   1   0       0.96961377  p_z
  196   2   1   1       0.94055970  p_x
  197   1   0   0       0.95494328  s
  198   1   0   0       0.95045771  s
  199   1   0   0       1.25744226  s
  199   2   1  -1       0.97545290  p_y
  199   2   1   0       0.98282817  p_z
  199   2   1   1       0.94359132  p_x
  200   1   0   0       0.97151512  s
  201   1   0   0       0.91925686  s
  202   1   0   0       1.30054802  s
  202   2   1  -1       0.92343573  p_y
  202   2   1   0       0.97900578  p_z
  202   2   1   1       0.92904109  p_x
  203   1   0   0       0.93174125  s
  204   1   0   0       0.92394084  s
  205   1   0   0       1.27556356  s
  205   2   1  -1       1.01172915  p_y
  205   2   1   0       0.92593531  p_z
  205   2   1   1       0.94771660  p_x
  206   1   0   0       0.92794041  s
  207   1   0   0       0.90455603  s
  208   1   0   0       1.25748054  s
  208   2   1  -1       0.95715201  p_y
  208   2   1   0       0.92710959  p_z
  208   2   1   1       0.93741205  p_x
  209   1   0   0       0.94866464  s
  210   1   0   0       0.94425125  s
  211   1   0   0       1.22782961  s
  211   2   1  -1       0.98528323  p_y
  211   2   1   0       0.93004442  p_z
  211   2   1   1       0.93909953  p_x
  212   1   0   0       0.98271388  s
  213   1   0   0       0.92724602  s
  214   1   0   0       1.28793242  s
  214   2   1  -1       0.97145794  p_y
  214   2   1   0       0.96104572  p_z
  214   2   1   1       0.95828204  p_x
  215   1   0   0       0.95812563  s
  216   1   0   0       0.93245784  s
  217   1   0   0       1.28463538  s
  217   2   1  -1       1.01248454  p_y
  217   2   1   0       0.99484000  p_z
  217   2   1   1       0.95259100  p_x
  218   1   0   0       0.93215191  s
  219   1   0   0       0.90366537  s
  220   1   0   0       0.95155631  s
  221   1   0   0       1.33114431  s
  221   2   1  -1       1.00168070  p_y
  221   2   1   0       1.03611366  p_z
  221   2   1   1       1.01687448  p_x
  222   1   0   0       0.94450933  s
  223   1   0   0       0.89977756  s
  224   1   0   0       0.90121161  s
  225   1   0   0       1.24093320  s
  225   2   1  -1       0.91558202  p_y
  225   2   1   0       0.97607756  p_z
  225   2   1   1       0.97559989  p_x
  226   1   0   0       0.93970784  s
  227   1   0   0       0.94756353  s
  228   1   0   0       1.24867738  s
  228   2   1  -1       0.93221858  p_y
  228   2   1   0       0.98278164  p_z
  228   2   1   1       0.94044412  p_x
  229   1   0   0       0.97029755  s
  230   1   0   0       0.94446579  s
  231   1   0   0       1.24227981  s
  231   2   1  -1       0.95210960  p_y
  231   2   1   0       0.94817212  p_z
  231   2   1   1       0.95675451  p_x
  232   1   0   0       0.92666811  s
  233   1   0   0       0.93613587  s
  234   1   0   0       1.25096930  s
  234   2   1  -1       0.95594056  p_y
  234   2   1   0       0.96988632  p_z
  234   2   1   1       0.94357579  p_x
  235   1   0   0       0.92665941  s
  236   1   0   0       0.93867868  s
  237   1   0   0       1.23680973  s
  237   2   1  -1       0.96450088  p_y
  237   2   1   0       1.00132307  p_z
  237   2   1   1       0.93658751  p_x
  238   1   0   0       0.93579790  s
  239   1   0   0       0.94171132  s
  240   1   0   0       1.24142910  s
  240   2   1  -1       0.94613840  p_y
  240   2   1   0       0.96778954  p_z
  240   2   1   1       0.94454056  p_x
  241   1   0   0       0.96382836  s
  242   1   0   0       0.95428274  s
  243   1   0   0       1.23886791  s
  243   2   1  -1       0.95836443  p_y
  243   2   1   0       0.93280174  p_z
  243   2   1   1       0.95535222  p_x
  244   1   0   0       0.95666294  s
  245   1   0   0       0.94956709  s
  246   1   0   0       1.23370605  s
  246   2   1  -1       0.95704731  p_y
  246   2   1   0       0.94040979  p_z
  246   2   1   1       0.95347630  p_x
  247   1   0   0       0.94104416  s
  248   1   0   0       0.93351963  s
  249   1   0   0       1.27159205  s
  249   2   1  -1       0.97288167  p_y
  249   2   1   0       0.99840910  p_z
  249   2   1   1       0.97164681  p_x
  250   1   0   0       0.92826484  s
  251   1   0   0       0.93328337  s
  252   1   0   0       0.93868961  s
  253   1   0   0       1.27539415  s
  253   2   1  -1       0.97740630  p_y
  253   2   1   0       0.98412389  p_z
  253   2   1   1       0.95729121  p_x
  254   1   0   0       0.95255532  s
  255   1   0   0       0.93516055  s
  256   1   0   0       0.95186069  s
  257   1   0   0       1.25659153  s
  257   2   1  -1       0.97599541  p_y
  257   2   1   0       0.93224365  p_z
  257   2   1   1       0.94005235  p_x
  258   1   0   0       0.95724291  s
  259   1   0   0       0.94809879  s
  260   1   0   0       1.24131190  s
  260   2   1  -1       0.93184351  p_y
  260   2   1   0       0.98386281  p_z
  260   2   1   1       0.96032530  p_x
  261   1   0   0       0.92328374  s
  262   1   0   0       0.95511685  s
  263   1   0   0       1.22362768  s
  263   2   1  -1       0.92851595  p_y
  263   2   1   0       0.97621592  p_z
  263   2   1   1       0.99199689  p_x
  264   1   0   0       0.94012626  s
  265   1   0   0       0.93634254  s
  266   1   0   0       1.23821560  s
  266   2   1  -1       0.92353805  p_y
  266   2   1   0       0.93953357  p_z
  266   2   1   1       1.00462802  p_x
  267   1   0   0       0.94614514  s
  268   1   0   0       0.94544573  s
  269   1   0   0       1.24481484  s
  269   2   1  -1       0.93662584  p_y
  269   2   1   0       0.95555200  p_z
  269   2   1   1       0.97120319  p_x
  270   1   0   0       0.93390612  s
  271   1   0   0       0.93938756  s
  272   1   0   0       1.25442621  s
  272   2   1  -1       0.97609568  p_y
  272   2   1   0       0.93379464  p_z
  272   2   1   1       0.93523843  p_x
  273   1   0   0       0.94363278  s
  274   1   0   0       0.95593028  s
  275   1   0   0       1.23074242  s
  275   2   1  -1       0.96341944  p_y
  275   2   1   0       0.91834894  p_z
  275   2   1   1       0.97914891  p_x
  276   1   0   0       0.94580696  s
  277   1   0   0       0.96874958  s
  278   1   0   0       1.23860329  s
  278   2   1  -1       0.95201823  p_y
  278   2   1   0       0.96579469  p_z
  278   2   1   1       0.91583226  p_x
  279   1   0   0       0.96218520  s
  280   1   0   0       0.96654699  s
  281   1   0   0       1.27866222  s
  281   2   1  -1       1.00182673  p_y
  281   2   1   0       0.97363814  p_z
  281   2   1   1       0.96934768  p_x
  282   1   0   0       0.91186945  s
  283   1   0   0       0.93745901  s
  284   1   0   0       0.92641260  s
  285   1   0   0       1.28094404  s
  285   2   1  -1       0.96158046  p_y
  285   2   1   0       1.02141221  p_z
  285   2   1   1       0.96251814  p_x
  286   1   0   0       0.92499066  s
  287   1   0   0       0.94378209  s
  288   1   0   0       0.92249198  s
  289   1   0   0       1.20698689  s
  289   2   1  -1       0.96453961  p_y
  289   2   1   0       0.92609937  p_z
  289   2   1   1       0.98819453  p_x
  290   1   0   0       0.93847033  s
  291   1   0   0       0.95412607  s
  292   1   0   0       1.21591179  s
  292   2   1  -1       0.98994609  p_y
  292   2   1   0       0.93570837  p_z
  292   2   1   1       0.96333449  p_x
  293   1   0   0       0.93901653  s
  294   1   0   0       0.94283157  s
  295   1   0   0       1.22934048  s
  295   2   1  -1       0.97731901  p_y
  295   2   1   0       0.95566335  p_z
  295   2   1   1       0.93819102  p_x
  296   1   0   0       0.96812329  s
  297   1   0   0       0.94851797  s
  298   1   0   0       1.21767429  s
  298   2   1  -1       0.97587170  p_y
  298   2   1   0       0.97395650  p_z
  298   2   1   1       0.92955464  p_x
  299   1   0   0       0.95554573  s
  300   1   0   0       0.92851603  s
  301   1   0   0       1.23736182  s
  301   2   1  -1       0.94366826  p_y
  301   2   1   0       0.98365391  p_z
  301   2   1   1       0.92789676  p_x
  302   1   0   0       0.95746830  s
  303   1   0   0       0.95905009  s
  304   1   0   0       1.23420663  s
  304   2   1  -1       0.98274579  p_y
  304   2   1   0       0.96091355  p_z
  304   2   1   1       0.93001883  p_x
  305   1   0   0       0.94429543  s
  306   1   0   0       0.97281310  s
  307   1   0   0       1.21552646  s
  307   2   1  -1       0.97525202  p_y
  307   2   1   0       0.96957921  p_z
  307   2   1   1       0.94663349  p_x
  308   1   0   0       0.92202391  s
  309   1   0   0       0.94708024  s
  310   1   0   0       1.22886817  s
  310   2   1  -1       0.96072622  p_y
  310   2   1   0       0.93839751  p_z
  310   2   1   1       0.96722762  p_x
  311   1   0   0       0.93933405  s
  312   1   0   0       0.95416626  s
  313   1   0   0       1.25183334  s
  313   2   1  -1       1.00158442  p_y
  313   2   1   0       0.96377979  p_z
  313   2   1   1       0.98095286  p_x
  314   1   0   0       0.93743745  s
  315   1   0   0       0.94534873  s
  316   1   0   0       0.94865358  s
  317   1   0   0       1.26480938  s
  317   2   1  -1       0.99131563  p_y
  317   2   1   0       0.96958175  p_z
  317   2   1   1       0.97386705  p_x
  318   1   0   0       0.92830270  s
  319   1   0   0       0.93181930  s
  320   1   0   0       0.94574604  s
  321   1   0   0       1.23664130  s
  321   2   1  -1       0.97250124  p_y
  321   2   1   0       0.94921994  p_z
  321   2   1   1       0.95046472  p_x
  322   1   0   0       0.94975890  s
  323   1   0   0       0.93405863  s
  324   1   0   0       1.26342186  s
  324   2   1  -1       0.96707000  p_y
  324   2   1   0       0.93788337  p_z
  324   2   1   1       0.94334157  p_x
  325   1   0   0       0.96053953  s
  326   1   0   0       0.95326041  s
  327   1   0   0       1.23073407  s
  327   2   1  -1       0.93919901  p_y
  327   2   1   0       0.96381671  p_z
  327   2   1   1       0.97126815  p_x
  328   1   0   0       0.95290221  s
  329   1   0   0       0.94159246  s
  330   1   0   0       1.22772380  s
  330   2   1  -1       0.95551714  p_y
  330   2   1   0       0.97566413  p_z
  330   2   1   1       0.95662943  p_x
  331   1   0   0       0.93243949  s
  332   1   0   0       0.93996694  s
  333   1   0   0       1.25947315  s
  333   2   1  -1       0.94317053  p_y
  333   2   1   0       0.95403107  p_z
  333   2   1   1       0.97049387  p_x
  334   1   0   0       0.94055623  s
  335   1   0   0       0.94442736  s
  336   1   0   0       1.25775879  s
  336   2   1  -1       0.93798254  p_y
  336   2   1   0       0.94930314  p_z
  336   2   1   1       0.98346360  p_x
  337   1   0   0       0.93388229  s
  338   1   0   0       0.94329815  s
  339   1   0   0       1.23869152  s
  339   2   1  -1       0.95225402  p_y
  339   2   1   0       0.95248008  p_z
  339   2   1   1       0.97293021  p_x
  340   1   0   0       0.94052254  s
  341   1   0   0       0.93600676  s
  342   1   0   0       1.24277488  s
  342   2   1  -1       0.92415743  p_y
  342   2   1   0       0.96311681  p_z
  342   2   1   1       0.95697786  p_x
  343   1   0   0       0.96805306  s
  344   1   0   0       0.93733873  s
  345   1   0   0       1.25651599  s
  345   2   1  -1       0.97688161  p_y
  345   2   1   0       0.95485179  p_z
  345   2   1   1       0.99696608  p_x
  346   1   0   0       0.93380014  s
  347   1   0   0       0.91901047  s
  348   1   0   0       0.94707010  s
  349   1   0   0       1.25004128  s
  349   2   1  -1       1.00316764  p_y
  349   2   1   0       0.97530161  p_z
  349   2   1   1       0.98922039  p_x
  350   1   0   0       0.93772900  s
  351   1   0   0       0.91708615  s
  352   1   0   0       0.92732121  s
 
Fermi level:                        -0.1461380510 H           -3.9766 eV
Band energy:                      -277.9840314381 H        -7564.3304 eV
TS:                                  0.0000000000 H            0.0000 eV
Band free energy (E-TS):          -277.9840314381 H        -7564.3304 eV
Extrapolated E(0K):               -277.9840314381 H        -7564.3304 eV
Input / Output electrons (q):    682.0000000000    682.0000000000
 
Energy H0:                        -282.6144452450 H        -7690.3303 eV
Energy SCC:                          0.0787644434 H            2.1433 eV
Total Electronic energy:          -282.5356808016 H        -7688.1870 eV
Repulsive energy:                    4.6372466518 H          126.1859 eV
Dispersion energy:                   1.1282322637 H           30.7008 eV
Total energy:                     -276.7702018861 H        -7531.3004 eV
Extrapolated to 0:                -276.7702018861 H        -7531.3004 eV
Total Mermin free energy:         -276.7702018861 H        -7531.3004 eV
Force related energy:             -276.7702018861 H        -7531.3004 eV
 
SCC converged
 
Full geometry written in geo_end.{xyz|gen}
 
MD Kinetic Energy:                   1.0364581787 H
Total MD Energy:                  -275.7337437073 H
Pressure:                            0.142466E-04 au     0.419149E+09 Pa
MD Temperature:                      0.0019685815 H          621.6281 K
MD Kinetic Energy:                   1.0364581787 H
Total MD Energy:                  -275.7337437073 H        -7503.0969 eV
MD Temperature:                      0.0019685815 H          621.6281 K
 
Molecular dynamics completed
 
