 Fermi distribution function
 
MD step: 100000
 

********************************************************************************
 iSCC Total electronic   Diff electronic      SCC error    
    7   -0.28158209E+03    0.96633812E-12    0.31383603E-06
********************************************************************************
 
Coordinates of moved atoms (au):
    1     80.93979497     58.85610543     77.24920191
    2     82.35250284     59.41673657     75.40947590
    3     81.42566278     60.74008076     78.49167760
    4     78.08150775     87.83813536     76.83251420
    5     36.15021276    105.41757257     38.04940957
    6     48.65363561     85.93223628     75.92238171
    7     76.17089229     88.77098168     78.16676110
    8     47.43871465     90.47396212     79.25388831
    9     53.95772666     58.30398793     41.40309376
   10     44.35198467     88.35169922     77.28425808
   11     44.07003584     88.32728783     75.18935699
   12     43.40738728     89.87481283     77.88636574
   13     71.81399650     86.24294571     79.05360589
   14     69.72777816     86.76183478     78.53175834
   15     71.95964823     86.78908660     80.98166262
   16     43.87329542     83.52037602     79.06454000
   17     45.84834798     83.49779984     78.35564470
   18     42.50889179     82.66453239     77.78602281
   19     72.57865786     82.15992090     81.60638621
   20     70.51338912     82.48794926     82.12731743
   21     73.51474164     82.90409045     83.30706241
   22     73.26363865     79.23379275     81.41818195
   23     44.24941468     78.51454796     79.63984322
   24     43.08169725     78.01327080     82.69558053
   25     81.95488839     56.32606064     78.17233053
   26     80.90866409     55.88964618     79.93669201
   27     81.72070067     55.10836455     76.52279094
   28     84.19928372     56.07647730     78.46366908
   29     75.92547229     78.88063435     82.73727889
   30     76.43016527     76.68638272     82.85406131
   31     77.60290181     80.07249374     82.12246457
   32     75.95303608     79.36654651     84.59122491
   33     50.05713621     70.39934493     54.95199636
   34     48.76375614     69.55062338     53.52896015
   35     48.97883869     71.26875235     56.43021444
   36     51.76898074     68.03348918     56.07768468
   37     53.68836413     68.78919207     57.02994492
   38     52.40290910     67.35487588     53.99525357
   39     50.24253210     65.83678807     57.36527698
   40     49.06003051     66.35699666     59.06237654
   41     51.62817049     64.47296776     58.03304559
   42     48.61786169     64.24786221     55.31372032
   43     78.36627356     64.16914592     53.43323395
   44     46.30376316     64.95381275     55.38577011
   45     48.49999101     61.37807311     55.81603459
   46     50.48195159     60.46462672     55.18045856
   47     76.26320506     60.77675407     54.13885117
   48     76.41748466     60.32410356     58.15712388
   49     75.98833366     58.22046987     57.88993720
   50     74.74018198     61.64139681     58.74257982
   51     48.98486161     60.30203419     60.52319269
   52     48.99471362     62.26720139     61.51825415
   53     51.17367075     59.97288572     59.95664464
   54     76.86344840     58.82239463     91.80463121
   55     77.01750600     60.09503054     93.49279745
   56     78.49264993     57.73021766     92.50975515
   57     51.80865700     72.58150430     54.06731321
   58     52.36652687     73.80025555     55.77107306
   59     50.39537811     73.90258005     53.06622271
   60     54.55732814     54.77522228     69.80607770
   61     45.45964705     57.33039521     91.56813723
   62     45.51508086     55.91813593     92.88548686
   63     43.81471457     58.59624788     91.54863524
   64     45.50180283     56.53909804     89.64249841
   65     64.89530323     87.21032292     62.07114288
   66     65.83615185     88.83368083     63.13038337
   67     63.46348002     88.32723548     60.94500632
   68     67.06314954     86.39689744     60.38185233
   69     68.65707292     86.04489673     61.64824977
   70     67.64609378     88.25515341     59.29517265
   71     67.02111525     84.35317464     58.47050363
   72     65.94574883     82.70750834     58.81322543
   73     68.97760136     83.77483520     58.25006482
   74     66.03002403     56.15273034     55.63317404
   75     67.66581850     57.28484185     54.89346280
   76     64.40243914     57.53497574     56.02151722
   77     65.47689685     53.60199378     53.86992545
   78     63.70361332     82.14046542     54.63950159
   79     67.25859974     81.51728699     54.23359153
   80     65.43582358     54.24555998     51.01609181
   81     65.12253494     52.21810710     50.11695795
   82     67.33160306     54.27567640     50.20384630
   83     63.17301859     55.84456491     50.23615609
   84     63.64789363     56.78756169     48.39339247
   85     62.95469576     57.32822429     51.65833796
   86     60.39617149     54.78876468     49.93932015
   87     59.40140641     55.25000829     48.09965342
   88     59.13335693     55.49252837     51.62907399
   89     63.65628410     85.42702880     63.60753811
   90     64.82977868     84.21110613     64.81994344
   91     62.48801449     86.79278032     64.88925440
   92     62.51017864     84.00825815     62.68102110
   93     59.77204634     51.69417515     50.58262482
   94     59.70240112     50.54722190     48.74776600
   95     60.99833865     50.59354911     51.86976702
   96     57.54757110     51.52757938     51.29520338
   97     49.46314785     63.79072247     96.19130657
   98     50.08049319     61.88116004     95.48350722
   99     50.52415632     65.12788728     94.93505754
  100     46.44248882     63.88647769     95.85883327
  101     45.65295206     62.03796325     96.24295018
  102     45.93308440     64.11318835     93.85731130
  103     45.06268291     65.94932468     97.15389809
  104     46.55067153     67.31879208     97.82004310
  105     44.37982514     65.39537102     98.94611671
  106     43.01162596     67.35723920     66.59631201
  107     41.88300995     67.96584606     68.25723986
  108     41.54671351     66.00196792     65.64134861
  109     43.75059364     69.37665008     64.78437655
  110     44.01324054     68.54449855     62.75479838
  111     45.61003499     70.49766811     65.46059707
  112     41.48207150     71.19250860     64.23839912
  113     40.82141097     72.37740544     66.10208030
  114     39.97072101     69.88821803     63.46297793
  115     42.39893860     73.38883228     62.25483040
  116     44.63068495     73.79058590     63.27488921
  117     41.24927781     75.15211021     62.52657053
  118     42.37882670     72.73428262     59.56122991
  119     41.36441624     70.75953756     59.42797640
  120     44.17506751     72.07732564     58.92190357
  121     50.19950862     64.32920997     99.13153503
  122     52.21844323     65.04614239     99.59493083
  123     49.30094362     66.13552908     99.92651129
  124     50.27211338     62.72373778    100.22377553
  125     42.21189563     74.67367587     57.61737973
  126     43.66100448     76.01077627     58.22008094
  127     42.45254232     73.71837133     55.68057893
  128     40.52480147     75.66053684     57.20689769
  129     63.29037937     78.17677045     59.22123566
  130     63.76910640     76.16442848     58.79395018
  131     64.64961995     79.40036469     57.97975803
  132     60.62338530     78.55815191     57.89718469
  133     60.95053108     79.41434093     55.97246390
  134     59.51495213     80.17078171     58.74252647
  135     58.79071916     76.35406750     58.13608436
  136     56.85261415     77.12465007     58.04995329
  137     59.23116049     75.45618643     60.00898203
  138     58.82482905     74.19281286     56.11440040
  139     58.88045161     75.43637716     54.48027475
  140     56.79094246     73.53814687     55.91914977
  141     60.53154106     71.92212317     56.66889407
  142     59.52265279     70.05660849     56.89150295
  143     61.97532004     72.07673491     58.29612269
  144     62.40385080     71.72632637     54.35117319
  145     61.15751051     72.20245843     52.74080046
  146     62.61213279     69.58677522     54.39935820
  147     64.71100441     73.15846446     54.68154865
  148     65.73640151     71.54542403     55.36616314
  149     64.53709999     74.64514090     56.27809527
  150     65.69800225     74.48664979     52.20804612
  151     65.81991525     76.46486353     52.88177156
  152     63.90427137     74.52841701     50.84755388
  153     63.42957724     79.09214017     61.85501733
  154     63.49937846     48.58599888     62.93637826
  155     64.82275564     80.36910203     62.16595812
  156     61.75606160     80.10537986     62.29825218
  157     68.55320703     74.06224549     51.01605687
  158     68.66098208     72.92092745     49.38136783
  159     69.35230473     76.09357752     51.08242019
  160     69.62903462     73.07912635     52.48747472
  161     84.33292081     45.75769518     77.08869858
  162     83.06222230     44.39035452     75.99272633
  163     84.30544434     45.07277047     79.00565550
  164     86.73462597     45.82923067     75.38073309
  165     88.51075783     45.01793569     75.87200228
  166     86.96747038     48.08429605     75.72909270
  167     86.54852998     45.72189643     72.27909901
  168     88.63797416     45.81952628     72.11285486
  169     85.90736156     47.54256454     71.22917258
  170     85.70360906     43.30982642     71.20846457
  171     86.54513965     43.29445519     69.03610254
  172     83.59281252     43.06373989     70.92733875
  173     87.08701659     69.78127664     72.22516305
  174     88.00798927     70.32529138     74.13254855
  175     88.79547491     40.58732770     70.92197545
  176     85.07080946     67.66315072     73.23823918
  177     83.61766471     67.45805179     71.69035021
  178     84.20454160     68.50685765     75.11413343
  179     86.57104035     65.06758929     73.65168167
  180     87.53508320     64.86745815     71.73338224
  181     85.09991825     63.47825734     73.85469979
  182     88.63346854     64.71397506     75.72659331
  183     90.43008026     66.00521140     75.04425225
  184     89.83681063     62.92478923     75.87599654
  185     82.86585322     48.27849202     76.93547198
  186     80.94281072     48.03711957     77.21313949
  187     83.77903213     49.70858898     78.18187010
  188     82.80116368     49.39833319    104.07723015
  189     88.05504211     65.54780299     78.33346619
  190     86.42029760     66.81060459     78.30901613
  191     87.41634502     64.17747210     79.87838501
  192     89.62593945     66.53165174     79.31964199
  193     58.08810455     31.65713027     55.79692082
  194     58.43134186     29.51852355     56.11744124
  195     57.11757478     60.87116078     54.02030818
  196     56.81928693     32.54268609     58.06759872
  197     54.67207610     31.95071270     57.78864458
  198     57.47817185     63.59495870     58.09414406
  199     57.56856200     31.68700365     60.73853100
  200     59.35817865     32.59424067     61.19836851
  201     57.46162065     29.50029837     61.04111664
  202     55.27527998     32.50527519     62.56273259
  203     54.51087736     31.16127654     64.05432607
  204     53.67106730     32.78410632     61.23598910
  205     55.54252292     35.19062447     63.64371334
  206     53.70488439     35.71066315     64.54977346
  207     55.25343811     36.40073362     61.85238000
  208     53.85103827     81.97877372     40.47584702
  209     82.92551119     30.63506555     69.37397632
  210     80.01794173     49.38075554    128.48091536
  211     57.61945216     64.85664987     65.49609358
  212     59.41030988     63.90098394     65.11557535
  213     57.38041536     64.11963439     67.70359483
  214     58.15946266     67.76556421     65.91823719
  215     59.85552530     68.10505647     67.06887071
  216     56.84882496     69.01186689     66.83450284
  217     61.01017317     32.31299511     55.28958129
  218     60.93233199     34.29782752     26.92914246
  219     62.08027888     31.38921124     28.05869057
  220     61.52323203     31.78834055     53.38747828
  221     58.83258852     69.13467014     63.45926635
  222     57.29166580     69.12996666     62.14452065
  223     58.90541564     71.00779778     64.19676742
  224     60.50173433     68.46923616     62.43397901
  225     56.25008406     80.43943377     65.72687016
  226     55.88702933     80.02464553     63.69069798
  227     57.62307554     82.19711217     65.57615144
  228     53.88107249     51.98168820     66.84608507
  229     54.90828381     51.98762245     70.78926462
  230     52.70532447     50.00666112     67.13896226
  231     51.88635196     82.78580487     65.18303892
  232     53.06707071     85.01982446     64.67312793
  233     50.06125208     83.69049803     66.29635725
  234     51.11398091     82.01833117     62.56062839
  235     53.02880380     82.09508532     61.66240020
  236     49.79159293     83.02140005     61.57555752
  237     50.13208374     79.19770863     62.24778166
  238     48.80447021     79.43566889     60.42571290
  239     48.57918492     49.51453298     63.65978361
  240     52.54610246     77.55544576     62.14627347
  241     53.16559719     47.65399977     64.12477558
  242     54.57988314     49.09948847     61.36875088
  243     51.97823428     75.19470927     60.61224085
  244     53.76923124     74.06553328     60.45871039
  245     51.44977545     75.70299843     58.70491638
  246     49.97238245     73.29875419     61.60936019
  247     49.87188741     71.53812462     60.30778870
  248     47.93293663     73.85803564     61.78287955
  249     57.95611906     49.46195194     66.97760129
  250     58.97364857     50.50669988     68.64953881
  251     56.91958830     47.91201846     67.56430090
  252     59.28935599     48.11092527     65.91222662
  253     50.38713483     72.23212901     64.24272441
  254     52.25368317     72.20849652     64.97328956
  255     48.94026337     73.17873118     65.41242940
  256     49.92872079     70.22075404     93.17867766
  257    102.95395667     72.34340049     73.01120628
  258    103.52712512     71.43221741     74.85324919
  259    101.86276686     70.92414754     71.89665526
  260    101.02399768     74.38126004     73.73346068
  261    101.11086939     75.56268666     72.26991505
  262    101.50052439     75.41949675     75.24330159
  263     98.16498381     73.32742551     73.43471541
  264     97.35825022     72.27288905     75.22659757
  265     98.60442924     71.70010295     72.04704262
  266     96.80650297     75.66068627     72.14138197
  267     94.95104122     74.86595784     71.75137739
  268     97.47401275     76.19845108     70.24194340
  269     96.30962325     78.04202020     73.62331761
  270     96.46800542     79.61333157     72.34457689
  271     97.79246336     78.09689455     74.94351328
  272     93.68590192     78.63473382     74.65049790
  273     94.20786308     80.07697457     76.02304112
  274     92.59981812     77.08540428     75.78450520
  275     92.04191576     79.74526493     72.72929496
  276     90.48420564     80.41718590     73.84221273
  277     91.28772900     78.41428322     71.44933396
  278     93.03263421     81.94651775     71.62236715
  279     64.50179235     41.04950078     37.89576691
  280     93.36795320     83.81885628     72.62691588
  281    105.32666339     72.77684867     71.54040011
  282    107.12709466     72.12280325     72.68769255
  283    105.34464839     71.80331143     69.67182467
  284    105.65451502     74.81950790     71.03211130
  285     92.76047979     82.27136615     69.20166459
  286     93.19659947     84.01941510     68.11119651
  287     92.63275851     80.61917719     68.13101324
  288     66.38909085     75.92137096     37.14755933
  289     65.39731153     60.56748657     70.38575627
  290     64.46430447     58.88130207     69.17650046
  291     65.00242501     60.38513683     72.57252191
  292     68.46928272     60.10263567     70.26681800
  293     69.85888715     61.63602539     70.69681348
  294     68.77775510     60.29435334     68.27082287
  295     69.06927971     57.74149773     71.47752568
  296     67.53510250     56.48060249     71.30686485
  297     69.84806482     58.20479819     44.55952706
  298     71.51701671     56.30470860     41.37078652
  299     72.98375107     57.66810505     69.96472288
  300     70.66544717     55.80639151     39.33375881
  301     72.70154536     54.13686021     42.94156599
  302     71.34254469     53.41231840     44.43924690
  303     74.29658825     55.26753674     72.96009067
  304     73.83736844     51.86699349     41.35439907
  305     74.45576111     49.90316096     42.57979287
  306     75.59748447     52.65521825     40.72170019
  307     72.51145298     50.80221430     38.93720250
  308     72.46065149     48.35097151     39.03078855
  309     73.94369750     51.46390933     37.54501469
  310     70.07512273     51.61706204     38.25187646
  311     65.49449271     41.06018167     38.46054742
  312     68.40346436     50.97117139     39.20732022
  313     64.29747049     63.05192993     69.26173406
  314     64.41802452     63.40775999     67.24515984
  315     62.14155291     63.64040378     69.69324455
  316     65.07490967     64.89906498     70.13028727
  317     69.76926064     53.01131905     36.12599728
  318     67.84891071     53.47295719     35.53337205
  319     51.93308400     82.15020599     41.17789564
  320     71.33161030     53.84152599     35.08570663
  321     69.24424428     66.03031535     56.34416784
  322     71.24165612     66.72721078     56.25662050
  323     68.29545942     67.66577908     55.42393980
  324     68.95973807     63.50157981     83.91406716
  325     53.47038108    101.05686398     52.67639450
  326     69.76833659     61.79362259     84.81233669
  327     68.53271114     63.42958995     81.39605890
  328     80.20121510     47.97834024    129.46638451
  329     68.89868054     61.48752431     80.65785929
  330     67.97876561     65.17683507     79.28432764
  331     67.60852157     67.15728167     79.79434022
  332     66.00796996     64.65894402     78.56369671
  333     69.89073759     65.28564130     77.39492981
  334     69.13503905     66.82910775     76.07407052
  335     70.55855437     63.64391331     76.43078973
  336     72.23865889     66.44857104     78.43356820
  337     73.08896587     65.69182546     80.33480118
  338     71.76651861     68.36794541     79.01325476
  339     74.39892702     66.67116464     76.61881276
  340     74.14064595     67.86663013     74.98623136
  341     75.14891351     65.22744590     75.45563346
  342     76.78926982     67.65098397     77.93514374
  343     76.85460393     67.24066668     80.05601276
  344     77.25716489     69.74658706     77.70579679
  345     68.60909044     65.72600379     59.38405745
  346     66.81200583     64.48080492     59.38370049
  347     69.99462528     64.43044473     60.15998037
  348     68.46858693     67.35831916     60.39183431
  349     79.25046906     66.23241931     77.20307345
  350     80.47369613     67.34286714     75.82978256
  351     80.92207876     65.98107412     79.03654846
  352     79.07129223     64.37017366     76.25349620
 
 Total charge:    -0.00000000

 Atomic gross charges (e)
 Atom           Charge
    1      -0.03090214
    2       0.01584419
    3       0.02297029
    4      -0.09454546
    5      -0.00297226
    6       0.05511123
    7      -0.09737421
    8       0.08788739
    9      -0.00314884
   10      -0.14816916
   11       0.07832718
   12       0.08202397
   13      -0.12302970
   14       0.04531232
   15       0.06849959
   16      -0.09855714
   17       0.07361311
   18       0.05981462
   19      -0.11305465
   20       0.04370833
   21       0.06665105
   22      -0.11193182
   23       0.08557082
   24       0.05295624
   25      -0.18841554
   26       0.08014499
   27       0.07344645
   28       0.04900192
   29      -0.21278551
   30       0.04177363
   31       0.06309407
   32       0.07564071
   33      -0.12136388
   34       0.06928513
   35       0.06524158
   36      -0.10786097
   37       0.05359883
   38       0.03349217
   39      -0.10299792
   40       0.06452105
   41       0.06482966
   42      -0.10145097
   43       0.08274595
   44       0.01754315
   45      -0.08441081
   46       0.02553819
   47       0.04060258
   48      -0.07175318
   49       0.05248406
   50       0.04945353
   51      -0.09400296
   52       0.02987281
   53       0.03744632
   54      -0.12970204
   55       0.05465562
   56       0.05714465
   57      -0.18387995
   58       0.06215273
   59       0.04496248
   60       0.08084052
   61      -0.20653199
   62       0.09173168
   63       0.07296416
   64       0.06247194
   65      -0.05964561
   66       0.03318084
   67       0.04032209
   68      -0.08545290
   69       0.04873241
   70       0.02664314
   71      -0.13012323
   72       0.07489438
   73       0.05066476
   74      -0.16577138
   75       0.05227731
   76       0.06510573
   77      -0.13660404
   78       0.10253805
   79       0.07627706
   80      -0.10652926
   81       0.02427015
   82       0.08302246
   83      -0.08106057
   84       0.04481958
   85       0.06441968
   86      -0.10076056
   87       0.06673498
   88       0.04738545
   89      -0.18539461
   90       0.06567959
   91       0.04821841
   92       0.07355568
   93      -0.20659842
   94       0.05214146
   95       0.08470599
   96       0.03605804
   97      -0.09996361
   98       0.05871799
   99       0.06198648
  100      -0.11262352
  101       0.05791169
  102       0.05534741
  103      -0.10835226
  104       0.05238686
  105       0.05929339
  106      -0.09676275
  107       0.04865641
  108       0.03771184
  109      -0.07147702
  110       0.04616297
  111       0.04715097
  112      -0.11291636
  113       0.03690801
  114       0.06216653
  115      -0.08045091
  116       0.00660013
  117       0.05751841
  118      -0.08777629
  119       0.04111878
  120       0.06278506
  121      -0.22734061
  122       0.04179317
  123       0.07054308
  124       0.09354046
  125      -0.18771676
  126       0.07531539
  127       0.04770072
  128       0.06646021
  129      -0.09460994
  130       0.06860402
  131       0.02980078
  132      -0.11439182
  133       0.04989980
  134       0.04062459
  135      -0.10910262
  136       0.05268570
  137       0.05400928
  138      -0.11733594
  139       0.07566086
  140       0.03838725
  141      -0.10155467
  142       0.05598034
  143       0.05125000
  144      -0.10807389
  145       0.05437915
  146       0.03734628
  147      -0.11037790
  148       0.07670506
  149       0.05822083
  150      -0.11756459
  151       0.04858184
  152       0.04873705
  153      -0.23202706
  154       0.08760639
  155       0.08722387
  156       0.07114926
  157      -0.21737372
  158       0.10112980
  159       0.06591823
  160       0.06449916
  161      -0.08262878
  162       0.03722562
  163       0.07899369
  164      -0.12548191
  165       0.08297301
  166       0.02386941
  167      -0.10027412
  168       0.04562043
  169       0.06018957
  170      -0.06938423
  171       0.00226429
  172       0.05628090
  173      -0.13798883
  174       0.04334650
  175       0.07257113
  176      -0.08722841
  177       0.06525236
  178       0.05958162
  179      -0.09150223
  180       0.05146969
  181       0.04656505
  182      -0.05393270
  183       0.00942271
  184       0.05476136
  185      -0.21504707
  186       0.07838547
  187       0.05836607
  188       0.05306357
  189      -0.19112745
  190       0.06311676
  191       0.05022106
  192       0.05888050
  193      -0.11150653
  194       0.03137548
  195       0.06880877
  196      -0.07872332
  197       0.04845207
  198       0.05128061
  199      -0.10641176
  200       0.07672852
  201       0.04904344
  202      -0.13177032
  203       0.06204244
  204       0.05767335
  205      -0.09302846
  206       0.04438664
  207       0.04788989
  208      -0.22897095
  209       0.00068844
  210       0.00101750
  211      -0.06838309
  212       0.05730446
  213       0.01412662
  214      -0.11683783
  215       0.04987683
  216       0.07326658
  217      -0.23139438
  218       0.07417118
  219       0.05851548
  220       0.09534303
  221      -0.22676387
  222       0.06668012
  223       0.06863669
  224       0.07157555
  225      -0.07056918
  226       0.05743567
  227       0.03349704
  228       0.05676204
  229       0.06863017
  230       0.02063908
  231      -0.07649427
  232      -0.02598090
  233       0.03405063
  234      -0.13304246
  235       0.06143320
  236       0.09254606
  237      -0.08288156
  238       0.03070140
  239       0.05711759
  240      -0.08550013
  241       0.04081920
  242       0.06098139
  243      -0.10569422
  244       0.04618621
  245       0.05766383
  246      -0.09558941
  247       0.03732973
  248       0.05631749
  249      -0.22190642
  250       0.05972633
  251       0.08009610
  252       0.06591745
  253      -0.21476840
  254       0.07825455
  255       0.06360483
  256       0.05783058
  257      -0.09680605
  258       0.04678276
  259       0.05112132
  260      -0.17229513
  261       0.08417857
  262       0.08615589
  263      -0.11421227
  264       0.06345009
  265       0.05237442
  266      -0.10894224
  267       0.04698683
  268       0.06418496
  269      -0.12881050
  270       0.06952835
  271       0.06883589
  272      -0.10188544
  273       0.06063844
  274       0.04049858
  275      -0.07504578
  276       0.06957442
  277       0.07233326
  278      -0.04458396
  279       0.00006249
  280       0.06749202
  281      -0.17297479
  282       0.04513779
  283       0.05982149
  284       0.05535309
  285      -0.26152549
  286       0.08939184
  287       0.08817337
  288       0.00466813
  289      -0.07123489
  290       0.04458050
  291       0.04493880
  292      -0.12335715
  293       0.05801419
  294       0.06088929
  295      -0.10407208
  296       0.08357700
  297       0.03808815
  298      -0.14040132
  299       0.06077405
  300       0.05139356
  301      -0.07488290
  302       0.04972391
  303       0.04136368
  304      -0.10047793
  305       0.02467627
  306       0.06186106
  307      -0.04653652
  308       0.02012035
  309       0.05775973
  310      -0.03742408
  311       0.00006175
  312       0.08643443
  313      -0.18662262
  314       0.07289978
  315       0.04359783
  316       0.04379270
  317      -0.25413023
  318       0.08697082
  319       0.06104982
  320       0.09542397
  321      -0.08696629
  322       0.05477836
  323       0.06112023
  324      -0.11016106
  325       0.06402927
  326       0.08492585
  327      -0.09809206
  328      -0.00742635
  329       0.05136582
  330      -0.04630444
  331       0.05169461
  332       0.04175383
  333      -0.09115949
  334       0.04299638
  335       0.07621908
  336      -0.08534459
  337       0.04633256
  338       0.04856371
  339      -0.13895964
  340       0.06308769
  341       0.07864290
  342      -0.09675983
  343       0.05649436
  344       0.05349752
  345      -0.23329906
  346       0.05770183
  347       0.07027375
  348       0.09593706
  349      -0.17807731
  350       0.04604788
  351       0.01075941
  352       0.07156220
 
Nr. of electrons (up):    682.00000000
Atom populations (up)
 Atom       Population
    1       4.03090214
    2       0.98415581
    3       0.97702971
    4       4.09454546
    5       1.00297226
    6       0.94488877
    7       4.09737421
    8       0.91211261
    9       1.00314884
   10       4.14816916
   11       0.92167282
   12       0.91797603
   13       4.12302970
   14       0.95468768
   15       0.93150041
   16       4.09855714
   17       0.92638689
   18       0.94018538
   19       4.11305465
   20       0.95629167
   21       0.93334895
   22       4.11193182
   23       0.91442918
   24       0.94704376
   25       4.18841554
   26       0.91985501
   27       0.92655355
   28       0.95099808
   29       4.21278551
   30       0.95822637
   31       0.93690593
   32       0.92435929
   33       4.12136388
   34       0.93071487
   35       0.93475842
   36       4.10786097
   37       0.94640117
   38       0.96650783
   39       4.10299792
   40       0.93547895
   41       0.93517034
   42       4.10145097
   43       0.91725405
   44       0.98245685
   45       4.08441081
   46       0.97446181
   47       0.95939742
   48       4.07175318
   49       0.94751594
   50       0.95054647
   51       4.09400296
   52       0.97012719
   53       0.96255368
   54       4.12970204
   55       0.94534438
   56       0.94285535
   57       4.18387995
   58       0.93784727
   59       0.95503752
   60       0.91915948
   61       4.20653199
   62       0.90826832
   63       0.92703584
   64       0.93752806
   65       4.05964561
   66       0.96681916
   67       0.95967791
   68       4.08545290
   69       0.95126759
   70       0.97335686
   71       4.13012323
   72       0.92510562
   73       0.94933524
   74       4.16577138
   75       0.94772269
   76       0.93489427
   77       4.13660404
   78       0.89746195
   79       0.92372294
   80       4.10652926
   81       0.97572985
   82       0.91697754
   83       4.08106057
   84       0.95518042
   85       0.93558032
   86       4.10076056
   87       0.93326502
   88       0.95261455
   89       4.18539461
   90       0.93432041
   91       0.95178159
   92       0.92644432
   93       4.20659842
   94       0.94785854
   95       0.91529401
   96       0.96394196
   97       4.09996361
   98       0.94128201
   99       0.93801352
  100       4.11262352
  101       0.94208831
  102       0.94465259
  103       4.10835226
  104       0.94761314
  105       0.94070661
  106       4.09676275
  107       0.95134359
  108       0.96228816
  109       4.07147702
  110       0.95383703
  111       0.95284903
  112       4.11291636
  113       0.96309199
  114       0.93783347
  115       4.08045091
  116       0.99339987
  117       0.94248159
  118       4.08777629
  119       0.95888122
  120       0.93721494
  121       4.22734061
  122       0.95820683
  123       0.92945692
  124       0.90645954
  125       4.18771676
  126       0.92468461
  127       0.95229928
  128       0.93353979
  129       4.09460994
  130       0.93139598
  131       0.97019922
  132       4.11439182
  133       0.95010020
  134       0.95937541
  135       4.10910262
  136       0.94731430
  137       0.94599072
  138       4.11733594
  139       0.92433914
  140       0.96161275
  141       4.10155467
  142       0.94401966
  143       0.94875000
  144       4.10807389
  145       0.94562085
  146       0.96265372
  147       4.11037790
  148       0.92329494
  149       0.94177917
  150       4.11756459
  151       0.95141816
  152       0.95126295
  153       4.23202706
  154       0.91239361
  155       0.91277613
  156       0.92885074
  157       4.21737372
  158       0.89887020
  159       0.93408177
  160       0.93550084
  161       4.08262878
  162       0.96277438
  163       0.92100631
  164       4.12548191
  165       0.91702699
  166       0.97613059
  167       4.10027412
  168       0.95437957
  169       0.93981043
  170       4.06938423
  171       0.99773571
  172       0.94371910
  173       4.13798883
  174       0.95665350
  175       0.92742887
  176       4.08722841
  177       0.93474764
  178       0.94041838
  179       4.09150223
  180       0.94853031
  181       0.95343495
  182       4.05393270
  183       0.99057729
  184       0.94523864
  185       4.21504707
  186       0.92161453
  187       0.94163393
  188       0.94693643
  189       4.19112745
  190       0.93688324
  191       0.94977894
  192       0.94111950
  193       4.11150653
  194       0.96862452
  195       0.93119123
  196       4.07872332
  197       0.95154793
  198       0.94871939
  199       4.10641176
  200       0.92327148
  201       0.95095656
  202       4.13177032
  203       0.93795756
  204       0.94232665
  205       4.09302846
  206       0.95561336
  207       0.95211011
  208       4.22897095
  209       0.99931156
  210       0.99898250
  211       4.06838309
  212       0.94269554
  213       0.98587338
  214       4.11683783
  215       0.95012317
  216       0.92673342
  217       4.23139438
  218       0.92582882
  219       0.94148452
  220       0.90465697
  221       4.22676387
  222       0.93331988
  223       0.93136331
  224       0.92842445
  225       4.07056918
  226       0.94256433
  227       0.96650296
  228       3.94323796
  229       0.93136983
  230       0.97936092
  231       4.07649427
  232       1.02598090
  233       0.96594937
  234       4.13304246
  235       0.93856680
  236       0.90745394
  237       4.08288156
  238       0.96929860
  239       0.94288241
  240       4.08550013
  241       0.95918080
  242       0.93901861
  243       4.10569422
  244       0.95381379
  245       0.94233617
  246       4.09558941
  247       0.96267027
  248       0.94368251
  249       4.22190642
  250       0.94027367
  251       0.91990390
  252       0.93408255
  253       4.21476840
  254       0.92174545
  255       0.93639517
  256       0.94216942
  257       4.09680605
  258       0.95321724
  259       0.94887868
  260       4.17229513
  261       0.91582143
  262       0.91384411
  263       4.11421227
  264       0.93654991
  265       0.94762558
  266       4.10894224
  267       0.95301317
  268       0.93581504
  269       4.12881050
  270       0.93047165
  271       0.93116411
  272       4.10188544
  273       0.93936156
  274       0.95950142
  275       4.07504578
  276       0.93042558
  277       0.92766674
  278       4.04458396
  279       0.99993751
  280       0.93250798
  281       4.17297479
  282       0.95486221
  283       0.94017851
  284       0.94464691
  285       4.26152549
  286       0.91060816
  287       0.91182663
  288       0.99533187
  289       4.07123489
  290       0.95541950
  291       0.95506120
  292       4.12335715
  293       0.94198581
  294       0.93911071
  295       4.10407208
  296       0.91642300
  297       0.96191185
  298       4.14040132
  299       0.93922595
  300       0.94860644
  301       4.07488290
  302       0.95027609
  303       0.95863632
  304       4.10047793
  305       0.97532373
  306       0.93813894
  307       4.04653652
  308       0.97987965
  309       0.94224027
  310       4.03742408
  311       0.99993825
  312       0.91356557
  313       4.18662262
  314       0.92710022
  315       0.95640217
  316       0.95620730
  317       4.25413023
  318       0.91302918
  319       0.93895018
  320       0.90457603
  321       4.08696629
  322       0.94522164
  323       0.93887977
  324       4.11016106
  325       0.93597073
  326       0.91507415
  327       4.09809206
  328       1.00742635
  329       0.94863418
  330       4.04630444
  331       0.94830539
  332       0.95824617
  333       4.09115949
  334       0.95700362
  335       0.92378092
  336       4.08534459
  337       0.95366744
  338       0.95143629
  339       4.13895964
  340       0.93691231
  341       0.92135710
  342       4.09675983
  343       0.94350564
  344       0.94650248
  345       4.23329906
  346       0.94229817
  347       0.92972625
  348       0.90406294
  349       4.17807731
  350       0.95395212
  351       0.98924059
  352       0.92843780
 
l-shell populations (up)
 Atom Sh.   l       Population
    1   1   0       1.25394367
    1   2   1       2.77695846
    2   1   0       0.98415581
    3   1   0       0.97702971
    4   1   0       1.24613662
    4   2   1       2.84840883
    5   1   0       1.00297226
    6   1   0       0.94488877
    7   1   0       1.25275997
    7   2   1       2.84461424
    8   1   0       0.91211261
    9   1   0       1.00314884
   10   1   0       1.26311410
   10   2   1       2.88505506
   11   1   0       0.92167282
   12   1   0       0.91797603
   13   1   0       1.26480790
   13   2   1       2.85822180
   14   1   0       0.95468768
   15   1   0       0.93150041
   16   1   0       1.22995035
   16   2   1       2.86860679
   17   1   0       0.92638689
   18   1   0       0.94018538
   19   1   0       1.24986781
   19   2   1       2.86318684
   20   1   0       0.95629167
   21   1   0       0.93334895
   22   1   0       1.24593230
   22   2   1       2.86599951
   23   1   0       0.91442918
   24   1   0       0.94704376
   25   1   0       1.27441490
   25   2   1       2.91400064
   26   1   0       0.91985501
   27   1   0       0.92655355
   28   1   0       0.95099808
   29   1   0       1.28043045
   29   2   1       2.93235507
   30   1   0       0.95822637
   31   1   0       0.93690593
   32   1   0       0.92435929
   33   1   0       1.25879629
   33   2   1       2.86256759
   34   1   0       0.93071487
   35   1   0       0.93475842
   36   1   0       1.29427989
   36   2   1       2.81358107
   37   1   0       0.94640117
   38   1   0       0.96650783
   39   1   0       1.25583278
   39   2   1       2.84716514
   40   1   0       0.93547895
   41   1   0       0.93517034
   42   1   0       1.27773688
   42   2   1       2.82371410
   43   1   0       0.91725405
   44   1   0       0.98245685
   45   1   0       1.23720072
   45   2   1       2.84721009
   46   1   0       0.97446181
   47   1   0       0.95939742
   48   1   0       1.21827239
   48   2   1       2.85348079
   49   1   0       0.94751594
   50   1   0       0.95054647
   51   1   0       1.25291708
   51   2   1       2.84108589
   52   1   0       0.97012719
   53   1   0       0.96255368
   54   1   0       1.23793317
   54   2   1       2.89176887
   55   1   0       0.94534438
   56   1   0       0.94285535
   57   1   0       1.29104710
   57   2   1       2.89283285
   58   1   0       0.93784727
   59   1   0       0.95503752
   60   1   0       0.91915948
   61   1   0       1.25155377
   61   2   1       2.95497822
   62   1   0       0.90826832
   63   1   0       0.92703584
   64   1   0       0.93752806
   65   1   0       1.20345336
   65   2   1       2.85619225
   66   1   0       0.96681916
   67   1   0       0.95967791
   68   1   0       1.22387354
   68   2   1       2.86157936
   69   1   0       0.95126759
   70   1   0       0.97335686
   71   1   0       1.23356542
   71   2   1       2.89655781
   72   1   0       0.92510562
   73   1   0       0.94933524
   74   1   0       1.30161609
   74   2   1       2.86415529
   75   1   0       0.94772269
   76   1   0       0.93489427
   77   1   0       1.25932212
   77   2   1       2.87728192
   78   1   0       0.89746195
   79   1   0       0.92372294
   80   1   0       1.23945078
   80   2   1       2.86707848
   81   1   0       0.97572985
   82   1   0       0.91697754
   83   1   0       1.23216419
   83   2   1       2.84889638
   84   1   0       0.95518042
   85   1   0       0.93558032
   86   1   0       1.28830569
   86   2   1       2.81245487
   87   1   0       0.93326502
   88   1   0       0.95261455
   89   1   0       1.24233827
   89   2   1       2.94305633
   90   1   0       0.93432041
   91   1   0       0.95178159
   92   1   0       0.92644432
   93   1   0       1.32523833
   93   2   1       2.88136009
   94   1   0       0.94785854
   95   1   0       0.91529401
   96   1   0       0.96394196
   97   1   0       1.27015198
   97   2   1       2.82981164
   98   1   0       0.94128201
   99   1   0       0.93801352
  100   1   0       1.23256222
  100   2   1       2.88006130
  101   1   0       0.94208831
  102   1   0       0.94465259
  103   1   0       1.22506859
  103   2   1       2.88328367
  104   1   0       0.94761314
  105   1   0       0.94070661
  106   1   0       1.23531955
  106   2   1       2.86144320
  107   1   0       0.95134359
  108   1   0       0.96228816
  109   1   0       1.24989087
  109   2   1       2.82158615
  110   1   0       0.95383703
  111   1   0       0.95284903
  112   1   0       1.28736827
  112   2   1       2.82554810
  113   1   0       0.96309199
  114   1   0       0.93783347
  115   1   0       1.26709799
  115   2   1       2.81335292
  116   1   0       0.99339987
  117   1   0       0.94248159
  118   1   0       1.20135296
  118   2   1       2.88642333
  119   1   0       0.95888122
  120   1   0       0.93721494
  121   1   0       1.28516051
  121   2   1       2.94218010
  122   1   0       0.95820683
  123   1   0       0.92945692
  124   1   0       0.90645954
  125   1   0       1.24741763
  125   2   1       2.94029913
  126   1   0       0.92468461
  127   1   0       0.95229928
  128   1   0       0.93353979
  129   1   0       1.24077404
  129   2   1       2.85383589
  130   1   0       0.93139598
  131   1   0       0.97019922
  132   1   0       1.25079567
  132   2   1       2.86359615
  133   1   0       0.95010020
  134   1   0       0.95937541
  135   1   0       1.24223885
  135   2   1       2.86686378
  136   1   0       0.94731430
  137   1   0       0.94599072
  138   1   0       1.23946805
  138   2   1       2.87786789
  139   1   0       0.92433914
  140   1   0       0.96161275
  141   1   0       1.25385247
  141   2   1       2.84770219
  142   1   0       0.94401966
  143   1   0       0.94875000
  144   1   0       1.23420051
  144   2   1       2.87387338
  145   1   0       0.94562085
  146   1   0       0.96265372
  147   1   0       1.22870727
  147   2   1       2.88167063
  148   1   0       0.92329494
  149   1   0       0.94177917
  150   1   0       1.27893399
  150   2   1       2.83863060
  151   1   0       0.95141816
  152   1   0       0.95126295
  153   1   0       1.22909123
  153   2   1       3.00293583
  154   1   0       0.91239361
  155   1   0       0.91277613
  156   1   0       0.92885074
  157   1   0       1.29085330
  157   2   1       2.92652042
  158   1   0       0.89887020
  159   1   0       0.93408177
  160   1   0       0.93550084
  161   1   0       1.23591973
  161   2   1       2.84670905
  162   1   0       0.96277438
  163   1   0       0.92100631
  164   1   0       1.27086083
  164   2   1       2.85462108
  165   1   0       0.91702699
  166   1   0       0.97613059
  167   1   0       1.24826151
  167   2   1       2.85201260
  168   1   0       0.95437957
  169   1   0       0.93981043
  170   1   0       1.24738113
  170   2   1       2.82200311
  171   1   0       0.99773571
  172   1   0       0.94371910
  173   1   0       1.28541334
  173   2   1       2.85257550
  174   1   0       0.95665350
  175   1   0       0.92742887
  176   1   0       1.28395367
  176   2   1       2.80327474
  177   1   0       0.93474764
  178   1   0       0.94041838
  179   1   0       1.25806760
  179   2   1       2.83343463
  180   1   0       0.94853031
  181   1   0       0.95343495
  182   1   0       1.23528730
  182   2   1       2.81864540
  183   1   0       0.99057729
  184   1   0       0.94523864
  185   1   0       1.26468672
  185   2   1       2.95036034
  186   1   0       0.92161453
  187   1   0       0.94163393
  188   1   0       0.94693643
  189   1   0       1.25505078
  189   2   1       2.93607667
  190   1   0       0.93688324
  191   1   0       0.94977894
  192   1   0       0.94111950
  193   1   0       1.23308115
  193   2   1       2.87842539
  194   1   0       0.96862452
  195   1   0       0.93119123
  196   1   0       1.23256419
  196   2   1       2.84615913
  197   1   0       0.95154793
  198   1   0       0.94871939
  199   1   0       1.25627268
  199   2   1       2.85013908
  200   1   0       0.92327148
  201   1   0       0.95095656
  202   1   0       1.26309829
  202   2   1       2.86867203
  203   1   0       0.93795756
  204   1   0       0.94232665
  205   1   0       1.23336041
  205   2   1       2.85966805
  206   1   0       0.95561336
  207   1   0       0.95211011
  208   1   0       1.24044056
  208   2   1       2.98853039
  209   1   0       0.99931156
  210   1   0       0.99898250
  211   1   0       1.24519228
  211   2   1       2.82319081
  212   1   0       0.94269554
  213   1   0       0.98587338
  214   1   0       1.24002397
  214   2   1       2.87681386
  215   1   0       0.95012317
  216   1   0       0.92673342
  217   1   0       1.29168842
  217   2   1       2.93970596
  218   1   0       0.92582882
  219   1   0       0.94148452
  220   1   0       0.90465697
  221   1   0       1.25873608
  221   2   1       2.96802780
  222   1   0       0.93331988
  223   1   0       0.93136331
  224   1   0       0.92842445
  225   1   0       1.21283742
  225   2   1       2.85773177
  226   1   0       0.94256433
  227   1   0       0.96650296
  228   1   0       1.19694709
  228   2   1       2.74629088
  229   1   0       0.93136983
  230   1   0       0.97936092
  231   1   0       1.31228360
  231   2   1       2.76421067
  232   1   0       1.02598090
  233   1   0       0.96594937
  234   1   0       1.23273275
  234   2   1       2.90030971
  235   1   0       0.93856680
  236   1   0       0.90745394
  237   1   0       1.26561926
  237   2   1       2.81726230
  238   1   0       0.96929860
  239   1   0       0.94288241
  240   1   0       1.25616366
  240   2   1       2.82933647
  241   1   0       0.95918080
  242   1   0       0.93901861
  243   1   0       1.23534746
  243   2   1       2.87034676
  244   1   0       0.95381379
  245   1   0       0.94233617
  246   1   0       1.24280788
  246   2   1       2.85278153
  247   1   0       0.96267027
  248   1   0       0.94368251
  249   1   0       1.27393858
  249   2   1       2.94796784
  250   1   0       0.94027367
  251   1   0       0.91990390
  252   1   0       0.93408255
  253   1   0       1.25827508
  253   2   1       2.95649332
  254   1   0       0.92174545
  255   1   0       0.93639517
  256   1   0       0.94216942
  257   1   0       1.22653318
  257   2   1       2.87027287
  258   1   0       0.95321724
  259   1   0       0.94887868
  260   1   0       1.22975937
  260   2   1       2.94253576
  261   1   0       0.91582143
  262   1   0       0.91384411
  263   1   0       1.28449844
  263   2   1       2.82971383
  264   1   0       0.93654991
  265   1   0       0.94762558
  266   1   0       1.23330013
  266   2   1       2.87564210
  267   1   0       0.95301317
  268   1   0       0.93581504
  269   1   0       1.21865679
  269   2   1       2.91015371
  270   1   0       0.93047165
  271   1   0       0.93116411
  272   1   0       1.22691663
  272   2   1       2.87496880
  273   1   0       0.93936156
  274   1   0       0.95950142
  275   1   0       1.18312699
  275   2   1       2.89191879
  276   1   0       0.93042558
  277   1   0       0.92766674
  278   1   0       1.20789992
  278   2   1       2.83668405
  279   1   0       0.99993751
  280   1   0       0.93250798
  281   1   0       1.26907044
  281   2   1       2.90390436
  282   1   0       0.95486221
  283   1   0       0.94017851
  284   1   0       0.94464691
  285   1   0       1.26567324
  285   2   1       2.99585225
  286   1   0       0.91060816
  287   1   0       0.91182663
  288   1   0       0.99533187
  289   1   0       1.27829065
  289   2   1       2.79294423
  290   1   0       0.95541950
  291   1   0       0.95506120
  292   1   0       1.22989423
  292   2   1       2.89346293
  293   1   0       0.94198581
  294   1   0       0.93911071
  295   1   0       1.23330503
  295   2   1       2.87076706
  296   1   0       0.91642300
  297   1   0       0.96191185
  298   1   0       1.26515752
  298   2   1       2.87524379
  299   1   0       0.93922595
  300   1   0       0.94860644
  301   1   0       1.25568270
  301   2   1       2.81920019
  302   1   0       0.95027609
  303   1   0       0.95863632
  304   1   0       1.26748813
  304   2   1       2.83298980
  305   1   0       0.97532373
  306   1   0       0.93813894
  307   1   0       1.23069779
  307   2   1       2.81583872
  308   1   0       0.97987965
  309   1   0       0.94224027
  310   1   0       1.20590588
  310   2   1       2.83151820
  311   1   0       0.99993825
  312   1   0       0.91356557
  313   1   0       1.28061874
  313   2   1       2.90600388
  314   1   0       0.92710022
  315   1   0       0.95640217
  316   1   0       0.95620730
  317   1   0       1.27711320
  317   2   1       2.97701704
  318   1   0       0.91302918
  319   1   0       0.93895018
  320   1   0       0.90457603
  321   1   0       1.25351125
  321   2   1       2.83345504
  322   1   0       0.94522164
  323   1   0       0.93887977
  324   1   0       1.23952228
  324   2   1       2.87063877
  325   1   0       0.93597073
  326   1   0       0.91507415
  327   1   0       1.22558663
  327   2   1       2.87250543
  328   1   0       1.00742635
  329   1   0       0.94863418
  330   1   0       1.19551649
  330   2   1       2.85078795
  331   1   0       0.94830539
  332   1   0       0.95824617
  333   1   0       1.20497434
  333   2   1       2.88618515
  334   1   0       0.95700362
  335   1   0       0.92378092
  336   1   0       1.22469098
  336   2   1       2.86065361
  337   1   0       0.95366744
  338   1   0       0.95143629
  339   1   0       1.21859704
  339   2   1       2.92036260
  340   1   0       0.93691231
  341   1   0       0.92135710
  342   1   0       1.24799647
  342   2   1       2.84876336
  343   1   0       0.94350564
  344   1   0       0.94650248
  345   1   0       1.28363004
  345   2   1       2.94966902
  346   1   0       0.94229817
  347   1   0       0.92972625
  348   1   0       0.90406294
  349   1   0       1.30216650
  349   2   1       2.87591080
  350   1   0       0.95395212
  351   1   0       0.98924059
  352   1   0       0.92843780
 
Orbital populations (up)
 Atom Sh.   l   m       Population  Label
    1   1   0   0       1.25394367  s
    1   2   1  -1       0.91696941  p_y
    1   2   1   0       0.95852302  p_z
    1   2   1   1       0.90146604  p_x
    2   1   0   0       0.98415581  s
    3   1   0   0       0.97702971  s
    4   1   0   0       1.24613662  s
    4   2   1  -1       0.96619269  p_y
    4   2   1   0       0.98294571  p_z
    4   2   1   1       0.89927043  p_x
    5   1   0   0       1.00297226  s
    6   1   0   0       0.94488877  s
    7   1   0   0       1.25275997  s
    7   2   1  -1       0.98028140  p_y
    7   2   1   0       0.95439506  p_z
    7   2   1   1       0.90993778  p_x
    8   1   0   0       0.91211261  s
    9   1   0   0       1.00314884  s
   10   1   0   0       1.26311410  s
   10   2   1  -1       1.01447260  p_y
   10   2   1   0       0.94424937  p_z
   10   2   1   1       0.92633309  p_x
   11   1   0   0       0.92167282  s
   12   1   0   0       0.91797603  s
   13   1   0   0       1.26480790  s
   13   2   1  -1       0.92677696  p_y
   13   2   1   0       0.98069623  p_z
   13   2   1   1       0.95074862  p_x
   14   1   0   0       0.95468768  s
   15   1   0   0       0.93150041  s
   16   1   0   0       1.22995035  s
   16   2   1  -1       0.95106450  p_y
   16   2   1   0       0.96235322  p_z
   16   2   1   1       0.95518906  p_x
   17   1   0   0       0.92638689  s
   18   1   0   0       0.94018538  s
   19   1   0   0       1.24986781  s
   19   2   1  -1       0.93211560  p_y
   19   2   1   0       0.94178726  p_z
   19   2   1   1       0.98928398  p_x
   20   1   0   0       0.95629167  s
   21   1   0   0       0.93334895  s
   22   1   0   0       1.24593230  s
   22   2   1  -1       0.93859774  p_y
   22   2   1   0       0.97354181  p_z
   22   2   1   1       0.95385996  p_x
   23   1   0   0       0.91442918  s
   24   1   0   0       0.94704376  s
   25   1   0   0       1.27441490  s
   25   2   1  -1       0.98716759  p_y
   25   2   1   0       0.96874711  p_z
   25   2   1   1       0.95808594  p_x
   26   1   0   0       0.91985501  s
   27   1   0   0       0.92655355  s
   28   1   0   0       0.95099808  s
   29   1   0   0       1.28043045  s
   29   2   1  -1       0.96123396  p_y
   29   2   1   0       1.02165500  p_z
   29   2   1   1       0.94946611  p_x
   30   1   0   0       0.95822637  s
   31   1   0   0       0.93690593  s
   32   1   0   0       0.92435929  s
   33   1   0   0       1.25879629  s
   33   2   1  -1       0.92046160  p_y
   33   2   1   0       0.98008794  p_z
   33   2   1   1       0.96201805  p_x
   34   1   0   0       0.93071487  s
   35   1   0   0       0.93475842  s
   36   1   0   0       1.29427989  s
   36   2   1  -1       0.93612066  p_y
   36   2   1   0       0.94031828  p_z
   36   2   1   1       0.93714213  p_x
   37   1   0   0       0.94640117  s
   38   1   0   0       0.96650783  s
   39   1   0   0       1.25583278  s
   39   2   1  -1       0.94326584  p_y
   39   2   1   0       0.94785794  p_z
   39   2   1   1       0.95604135  p_x
   40   1   0   0       0.93547895  s
   41   1   0   0       0.93517034  s
   42   1   0   0       1.27773688  s
   42   2   1  -1       0.93402395  p_y
   42   2   1   0       0.96761597  p_z
   42   2   1   1       0.92207417  p_x
   43   1   0   0       0.91725405  s
   44   1   0   0       0.98245685  s
   45   1   0   0       1.23720072  s
   45   2   1  -1       0.94262860  p_y
   45   2   1   0       0.94713384  p_z
   45   2   1   1       0.95744765  p_x
   46   1   0   0       0.97446181  s
   47   1   0   0       0.95939742  s
   48   1   0   0       1.21827239  s
   48   2   1  -1       0.93860543  p_y
   48   2   1   0       0.92181140  p_z
   48   2   1   1       0.99306397  p_x
   49   1   0   0       0.94751594  s
   50   1   0   0       0.95054647  s
   51   1   0   0       1.25291708  s
   51   2   1  -1       0.98668086  p_y
   51   2   1   0       0.91224368  p_z
   51   2   1   1       0.94216134  p_x
   52   1   0   0       0.97012719  s
   53   1   0   0       0.96255368  s
   54   1   0   0       1.23793317  s
   54   2   1  -1       0.99736981  p_y
   54   2   1   0       0.95008894  p_z
   54   2   1   1       0.94431012  p_x
   55   1   0   0       0.94534438  s
   56   1   0   0       0.94285535  s
   57   1   0   0       1.29104710  s
   57   2   1  -1       0.96943260  p_y
   57   2   1   0       0.97152716  p_z
   57   2   1   1       0.95187309  p_x
   58   1   0   0       0.93784727  s
   59   1   0   0       0.95503752  s
   60   1   0   0       0.91915948  s
   61   1   0   0       1.25155377  s
   61   2   1  -1       0.98988111  p_y
   61   2   1   0       0.99746904  p_z
   61   2   1   1       0.96762807  p_x
   62   1   0   0       0.90826832  s
   63   1   0   0       0.92703584  s
   64   1   0   0       0.93752806  s
   65   1   0   0       1.20345336  s
   65   2   1  -1       0.95519138  p_y
   65   2   1   0       0.96329404  p_z
   65   2   1   1       0.93770684  p_x
   66   1   0   0       0.96681916  s
   67   1   0   0       0.95967791  s
   68   1   0   0       1.22387354  s
   68   2   1  -1       0.94750138  p_y
   68   2   1   0       0.93708378  p_z
   68   2   1   1       0.97699421  p_x
   69   1   0   0       0.95126759  s
   70   1   0   0       0.97335686  s
   71   1   0   0       1.23356542  s
   71   2   1  -1       0.97805422  p_y
   71   2   1   0       0.94108499  p_z
   71   2   1   1       0.97741861  p_x
   72   1   0   0       0.92510562  s
   73   1   0   0       0.94933524  s
   74   1   0   0       1.30161609  s
   74   2   1  -1       0.95427830  p_y
   74   2   1   0       0.94160925  p_z
   74   2   1   1       0.96826774  p_x
   75   1   0   0       0.94772269  s
   76   1   0   0       0.93489427  s
   77   1   0   0       1.25932212  s
   77   2   1  -1       0.99222616  p_y
   77   2   1   0       0.92177271  p_z
   77   2   1   1       0.96328306  p_x
   78   1   0   0       0.89746195  s
   79   1   0   0       0.92372294  s
   80   1   0   0       1.23945078  s
   80   2   1  -1       0.98286775  p_y
   80   2   1   0       0.93914981  p_z
   80   2   1   1       0.94506091  p_x
   81   1   0   0       0.97572985  s
   82   1   0   0       0.91697754  s
   83   1   0   0       1.23216419  s
   83   2   1  -1       0.98647300  p_y
   83   2   1   0       0.96897502  p_z
   83   2   1   1       0.89344836  p_x
   84   1   0   0       0.95518042  s
   85   1   0   0       0.93558032  s
   86   1   0   0       1.28830569  s
   86   2   1  -1       0.93076949  p_y
   86   2   1   0       0.95235650  p_z
   86   2   1   1       0.92932888  p_x
   87   1   0   0       0.93326502  s
   88   1   0   0       0.95261455  s
   89   1   0   0       1.24233827  s
   89   2   1  -1       0.94185912  p_y
   89   2   1   0       0.99429387  p_z
   89   2   1   1       1.00690334  p_x
   90   1   0   0       0.93432041  s
   91   1   0   0       0.95178159  s
   92   1   0   0       0.92644432  s
   93   1   0   0       1.32523833  s
   93   2   1  -1       0.93533018  p_y
   93   2   1   0       0.98798846  p_z
   93   2   1   1       0.95804145  p_x
   94   1   0   0       0.94785854  s
   95   1   0   0       0.91529401  s
   96   1   0   0       0.96394196  s
   97   1   0   0       1.27015198  s
   97   2   1  -1       0.98031664  p_y
   97   2   1   0       0.91945706  p_z
   97   2   1   1       0.93003794  p_x
   98   1   0   0       0.94128201  s
   99   1   0   0       0.93801352  s
  100   1   0   0       1.23256222  s
  100   2   1  -1       0.96472551  p_y
  100   2   1   0       0.99557233  p_z
  100   2   1   1       0.91976346  p_x
  101   1   0   0       0.94208831  s
  102   1   0   0       0.94465259  s
  103   1   0   0       1.22506859  s
  103   2   1  -1       0.96965151  p_y
  103   2   1   0       0.95914205  p_z
  103   2   1   1       0.95449011  p_x
  104   1   0   0       0.94761314  s
  105   1   0   0       0.94070661  s
  106   1   0   0       1.23531955  s
  106   2   1  -1       0.96473590  p_y
  106   2   1   0       0.93327844  p_z
  106   2   1   1       0.96342885  p_x
  107   1   0   0       0.95134359  s
  108   1   0   0       0.96228816  s
  109   1   0   0       1.24989087  s
  109   2   1  -1       0.94245270  p_y
  109   2   1   0       0.93985456  p_z
  109   2   1   1       0.93927890  p_x
  110   1   0   0       0.95383703  s
  111   1   0   0       0.95284903  s
  112   1   0   0       1.28736827  s
  112   2   1  -1       0.91553839  p_y
  112   2   1   0       0.94857455  p_z
  112   2   1   1       0.96143516  p_x
  113   1   0   0       0.96309199  s
  114   1   0   0       0.93783347  s
  115   1   0   0       1.26709799  s
  115   2   1  -1       0.95520636  p_y
  115   2   1   0       0.91733212  p_z
  115   2   1   1       0.94081444  p_x
  116   1   0   0       0.99339987  s
  117   1   0   0       0.94248159  s
  118   1   0   0       1.20135296  s
  118   2   1  -1       0.94292914  p_y
  118   2   1   0       0.91531063  p_z
  118   2   1   1       1.02818356  p_x
  119   1   0   0       0.95888122  s
  120   1   0   0       0.93721494  s
  121   1   0   0       1.28516051  s
  121   2   1  -1       0.96812513  p_y
  121   2   1   0       0.95619148  p_z
  121   2   1   1       1.01786349  p_x
  122   1   0   0       0.95820683  s
  123   1   0   0       0.92945692  s
  124   1   0   0       0.90645954  s
  125   1   0   0       1.24741763  s
  125   2   1  -1       0.97344590  p_y
  125   2   1   0       0.95928049  p_z
  125   2   1   1       1.00757274  p_x
  126   1   0   0       0.92468461  s
  127   1   0   0       0.95229928  s
  128   1   0   0       0.93353979  s
  129   1   0   0       1.24077404  s
  129   2   1  -1       0.96468678  p_y
  129   2   1   0       0.93330842  p_z
  129   2   1   1       0.95584069  p_x
  130   1   0   0       0.93139598  s
  131   1   0   0       0.97019922  s
  132   1   0   0       1.25079567  s
  132   2   1  -1       0.95800587  p_y
  132   2   1   0       0.98366753  p_z
  132   2   1   1       0.92192275  p_x
  133   1   0   0       0.95010020  s
  134   1   0   0       0.95937541  s
  135   1   0   0       1.24223885  s
  135   2   1  -1       0.93464770  p_y
  135   2   1   0       0.97229041  p_z
  135   2   1   1       0.95992567  p_x
  136   1   0   0       0.94731430  s
  137   1   0   0       0.94599072  s
  138   1   0   0       1.23946805  s
  138   2   1  -1       0.90978919  p_y
  138   2   1   0       0.99902711  p_z
  138   2   1   1       0.96905159  p_x
  139   1   0   0       0.92433914  s
  140   1   0   0       0.96161275  s
  141   1   0   0       1.25385247  s
  141   2   1  -1       0.93490925  p_y
  141   2   1   0       0.97571151  p_z
  141   2   1   1       0.93708143  p_x
  142   1   0   0       0.94401966  s
  143   1   0   0       0.94875000  s
  144   1   0   0       1.23420051  s
  144   2   1  -1       0.96231627  p_y
  144   2   1   0       0.97719178  p_z
  144   2   1   1       0.93436533  p_x
  145   1   0   0       0.94562085  s
  146   1   0   0       0.96265372  s
  147   1   0   0       1.22870727  s
  147   2   1  -1       0.93566525  p_y
  147   2   1   0       0.94615244  p_z
  147   2   1   1       0.99985294  p_x
  148   1   0   0       0.92329494  s
  149   1   0   0       0.94177917  s
  150   1   0   0       1.27893399  s
  150   2   1  -1       1.00459530  p_y
  150   2   1   0       0.93329906  p_z
  150   2   1   1       0.90073624  p_x
  151   1   0   0       0.95141816  s
  152   1   0   0       0.95126295  s
  153   1   0   0       1.22909123  s
  153   2   1  -1       0.99028010  p_y
  153   2   1   0       0.98984006  p_z
  153   2   1   1       1.02281567  p_x
  154   1   0   0       0.91239361  s
  155   1   0   0       0.91277613  s
  156   1   0   0       0.92885074  s
  157   1   0   0       1.29085330  s
  157   2   1  -1       0.97390192  p_y
  157   2   1   0       0.99886274  p_z
  157   2   1   1       0.95375575  p_x
  158   1   0   0       0.89887020  s
  159   1   0   0       0.93408177  s
  160   1   0   0       0.93550084  s
  161   1   0   0       1.23591973  s
  161   2   1  -1       0.95351906  p_y
  161   2   1   0       0.94501567  p_z
  161   2   1   1       0.94817431  p_x
  162   1   0   0       0.96277438  s
  163   1   0   0       0.92100631  s
  164   1   0   0       1.27086083  s
  164   2   1  -1       0.99505213  p_y
  164   2   1   0       0.91220969  p_z
  164   2   1   1       0.94735926  p_x
  165   1   0   0       0.91702699  s
  166   1   0   0       0.97613059  s
  167   1   0   0       1.24826151  s
  167   2   1  -1       0.93761248  p_y
  167   2   1   0       0.91815899  p_z
  167   2   1   1       0.99624114  p_x
  168   1   0   0       0.95437957  s
  169   1   0   0       0.93981043  s
  170   1   0   0       1.24738113  s
  170   2   1  -1       0.92265611  p_y
  170   2   1   0       0.95597653  p_z
  170   2   1   1       0.94337047  p_x
  171   1   0   0       0.99773571  s
  172   1   0   0       0.94371910  s
  173   1   0   0       1.28541334  s
  173   2   1  -1       0.94314084  p_y
  173   2   1   0       0.96469745  p_z
  173   2   1   1       0.94473721  p_x
  174   1   0   0       0.95665350  s
  175   1   0   0       0.92742887  s
  176   1   0   0       1.28395367  s
  176   2   1  -1       0.91483612  p_y
  176   2   1   0       0.94541942  p_z
  176   2   1   1       0.94301920  p_x
  177   1   0   0       0.93474764  s
  178   1   0   0       0.94041838  s
  179   1   0   0       1.25806760  s
  179   2   1  -1       0.94721271  p_y
  179   2   1   0       0.95281898  p_z
  179   2   1   1       0.93340294  p_x
  180   1   0   0       0.94853031  s
  181   1   0   0       0.95343495  s
  182   1   0   0       1.23528730  s
  182   2   1  -1       0.98041219  p_y
  182   2   1   0       0.91289541  p_z
  182   2   1   1       0.92533779  p_x
  183   1   0   0       0.99057729  s
  184   1   0   0       0.94523864  s
  185   1   0   0       1.26468672  s
  185   2   1  -1       0.95123385  p_y
  185   2   1   0       1.01432185  p_z
  185   2   1   1       0.98480465  p_x
  186   1   0   0       0.92161453  s
  187   1   0   0       0.94163393  s
  188   1   0   0       0.94693643  s
  189   1   0   0       1.25505078  s
  189   2   1  -1       1.01251415  p_y
  189   2   1   0       0.93700705  p_z
  189   2   1   1       0.98655547  p_x
  190   1   0   0       0.93688324  s
  191   1   0   0       0.94977894  s
  192   1   0   0       0.94111950  s
  193   1   0   0       1.23308115  s
  193   2   1  -1       0.99477907  p_y
  193   2   1   0       0.94823903  p_z
  193   2   1   1       0.93540729  p_x
  194   1   0   0       0.96862452  s
  195   1   0   0       0.93119123  s
  196   1   0   0       1.23256419  s
  196   2   1  -1       0.98154867  p_y
  196   2   1   0       0.91296276  p_z
  196   2   1   1       0.95164771  p_x
  197   1   0   0       0.95154793  s
  198   1   0   0       0.94871939  s
  199   1   0   0       1.25627268  s
  199   2   1  -1       0.95690901  p_y
  199   2   1   0       0.94096210  p_z
  199   2   1   1       0.95226797  p_x
  200   1   0   0       0.92327148  s
  201   1   0   0       0.95095656  s
  202   1   0   0       1.26309829  s
  202   2   1  -1       0.94261305  p_y
  202   2   1   0       0.95706425  p_z
  202   2   1   1       0.96899472  p_x
  203   1   0   0       0.93795756  s
  204   1   0   0       0.94232665  s
  205   1   0   0       1.23336041  s
  205   2   1  -1       0.95509803  p_y
  205   2   1   0       0.94152792  p_z
  205   2   1   1       0.96304210  p_x
  206   1   0   0       0.95561336  s
  207   1   0   0       0.95211011  s
  208   1   0   0       1.24044056  s
  208   2   1  -1       1.02077461  p_y
  208   2   1   0       0.97090799  p_z
  208   2   1   1       0.99684778  p_x
  209   1   0   0       0.99931156  s
  210   1   0   0       0.99898250  s
  211   1   0   0       1.24519228  s
  211   2   1  -1       0.93059411  p_y
  211   2   1   0       0.92950598  p_z
  211   2   1   1       0.96309072  p_x
  212   1   0   0       0.94269554  s
  213   1   0   0       0.98587338  s
  214   1   0   0       1.24002397  s
  214   2   1  -1       0.91705514  p_y
  214   2   1   0       0.96723864  p_z
  214   2   1   1       0.99252009  p_x
  215   1   0   0       0.95012317  s
  216   1   0   0       0.92673342  s
  217   1   0   0       1.29168842  s
  217   2   1  -1       1.00735013  p_y
  217   2   1   0       0.95359759  p_z
  217   2   1   1       0.97875824  p_x
  218   1   0   0       0.92582882  s
  219   1   0   0       0.94148452  s
  220   1   0   0       0.90465697  s
  221   1   0   0       1.25873608  s
  221   2   1  -1       1.01127037  p_y
  221   2   1   0       0.96160059  p_z
  221   2   1   1       0.99515684  p_x
  222   1   0   0       0.93331988  s
  223   1   0   0       0.93136331  s
  224   1   0   0       0.92842445  s
  225   1   0   0       1.21283742  s
  225   2   1  -1       0.95925893  p_y
  225   2   1   0       0.98106865  p_z
  225   2   1   1       0.91740419  p_x
  226   1   0   0       0.94256433  s
  227   1   0   0       0.96650296  s
  228   1   0   0       1.19694709  s
  228   2   1  -1       0.92415947  p_y
  228   2   1   0       0.91148605  p_z
  228   2   1   1       0.91064536  p_x
  229   1   0   0       0.93136983  s
  230   1   0   0       0.97936092  s
  231   1   0   0       1.31228360  s
  231   2   1  -1       0.91425821  p_y
  231   2   1   0       0.92604217  p_z
  231   2   1   1       0.92391030  p_x
  232   1   0   0       1.02598090  s
  233   1   0   0       0.96594937  s
  234   1   0   0       1.23273275  s
  234   2   1  -1       0.96855050  p_y
  234   2   1   0       0.97059447  p_z
  234   2   1   1       0.96116475  p_x
  235   1   0   0       0.93856680  s
  236   1   0   0       0.90745394  s
  237   1   0   0       1.26561926  s
  237   2   1  -1       0.93878122  p_y
  237   2   1   0       0.97695394  p_z
  237   2   1   1       0.90152715  p_x
  238   1   0   0       0.96929860  s
  239   1   0   0       0.94288241  s
  240   1   0   0       1.25616366  s
  240   2   1  -1       0.95153172  p_y
  240   2   1   0       0.97045029  p_z
  240   2   1   1       0.90735446  p_x
  241   1   0   0       0.95918080  s
  242   1   0   0       0.93901861  s
  243   1   0   0       1.23534746  s
  243   2   1  -1       0.93708270  p_y
  243   2   1   0       0.97756621  p_z
  243   2   1   1       0.95569784  p_x
  244   1   0   0       0.95381379  s
  245   1   0   0       0.94233617  s
  246   1   0   0       1.24280788  s
  246   2   1  -1       0.95511153  p_y
  246   2   1   0       0.94388482  p_z
  246   2   1   1       0.95378519  p_x
  247   1   0   0       0.96267027  s
  248   1   0   0       0.94368251  s
  249   1   0   0       1.27393858  s
  249   2   1  -1       0.93870228  p_y
  249   2   1   0       1.00864608  p_z
  249   2   1   1       1.00061947  p_x
  250   1   0   0       0.94027367  s
  251   1   0   0       0.91990390  s
  252   1   0   0       0.93408255  s
  253   1   0   0       1.25827508  s
  253   2   1  -1       0.99143895  p_y
  253   2   1   0       0.98347543  p_z
  253   2   1   1       0.98157893  p_x
  254   1   0   0       0.92174545  s
  255   1   0   0       0.93639517  s
  256   1   0   0       0.94216942  s
  257   1   0   0       1.22653318  s
  257   2   1  -1       0.98475010  p_y
  257   2   1   0       0.95534048  p_z
  257   2   1   1       0.93018230  p_x
  258   1   0   0       0.95321724  s
  259   1   0   0       0.94887868  s
  260   1   0   0       1.22975937  s
  260   2   1  -1       0.99670805  p_y
  260   2   1   0       1.01444109  p_z
  260   2   1   1       0.93138661  p_x
  261   1   0   0       0.91582143  s
  262   1   0   0       0.91384411  s
  263   1   0   0       1.28449844  s
  263   2   1  -1       0.92926910  p_y
  263   2   1   0       0.96249026  p_z
  263   2   1   1       0.93795447  p_x
  264   1   0   0       0.93654991  s
  265   1   0   0       0.94762558  s
  266   1   0   0       1.23330013  s
  266   2   1  -1       0.91569546  p_y
  266   2   1   0       0.96314203  p_z
  266   2   1   1       0.99680462  p_x
  267   1   0   0       0.95301317  s
  268   1   0   0       0.93581504  s
  269   1   0   0       1.21865679  s
  269   2   1  -1       0.96857720  p_y
  269   2   1   0       0.98958819  p_z
  269   2   1   1       0.95198833  p_x
  270   1   0   0       0.93047165  s
  271   1   0   0       0.93116411  s
  272   1   0   0       1.22691663  s
  272   2   1  -1       0.98187655  p_y
  272   2   1   0       0.97025253  p_z
  272   2   1   1       0.92283972  p_x
  273   1   0   0       0.93936156  s
  274   1   0   0       0.95950142  s
  275   1   0   0       1.18312699  s
  275   2   1  -1       0.94809811  p_y
  275   2   1   0       0.96276309  p_z
  275   2   1   1       0.98105759  p_x
  276   1   0   0       0.93042558  s
  277   1   0   0       0.92766674  s
  278   1   0   0       1.20789992  s
  278   2   1  -1       0.92447810  p_y
  278   2   1   0       0.96211001  p_z
  278   2   1   1       0.95009594  p_x
  279   1   0   0       0.99993751  s
  280   1   0   0       0.93250798  s
  281   1   0   0       1.26907044  s
  281   2   1  -1       0.98882363  p_y
  281   2   1   0       0.96335917  p_z
  281   2   1   1       0.95172155  p_x
  282   1   0   0       0.95486221  s
  283   1   0   0       0.94017851  s
  284   1   0   0       0.94464691  s
  285   1   0   0       1.26567324  s
  285   2   1  -1       0.96712160  p_y
  285   2   1   0       0.96862711  p_z
  285   2   1   1       1.06010354  p_x
  286   1   0   0       0.91060816  s
  287   1   0   0       0.91182663  s
  288   1   0   0       0.99533187  s
  289   1   0   0       1.27829065  s
  289   2   1  -1       0.93021085  p_y
  289   2   1   0       0.93584589  p_z
  289   2   1   1       0.92688749  p_x
  290   1   0   0       0.95541950  s
  291   1   0   0       0.95506120  s
  292   1   0   0       1.22989423  s
  292   2   1  -1       0.96813099  p_y
  292   2   1   0       1.01082982  p_z
  292   2   1   1       0.91450212  p_x
  293   1   0   0       0.94198581  s
  294   1   0   0       0.93911071  s
  295   1   0   0       1.23330503  s
  295   2   1  -1       0.94700545  p_y
  295   2   1   0       0.97188717  p_z
  295   2   1   1       0.95187444  p_x
  296   1   0   0       0.91642300  s
  297   1   0   0       0.96191185  s
  298   1   0   0       1.26515752  s
  298   2   1  -1       0.95737123  p_y
  298   2   1   0       0.97851890  p_z
  298   2   1   1       0.93935367  p_x
  299   1   0   0       0.93922595  s
  300   1   0   0       0.94860644  s
  301   1   0   0       1.25568270  s
  301   2   1  -1       0.90520698  p_y
  301   2   1   0       0.95523070  p_z
  301   2   1   1       0.95876252  p_x
  302   1   0   0       0.95027609  s
  303   1   0   0       0.95863632  s
  304   1   0   0       1.26748813  s
  304   2   1  -1       0.90900397  p_y
  304   2   1   0       0.93206814  p_z
  304   2   1   1       0.99191770  p_x
  305   1   0   0       0.97532373  s
  306   1   0   0       0.93813894  s
  307   1   0   0       1.23069779  s
  307   2   1  -1       0.91322708  p_y
  307   2   1   0       0.96667591  p_z
  307   2   1   1       0.93593573  p_x
  308   1   0   0       0.97987965  s
  309   1   0   0       0.94224027  s
  310   1   0   0       1.20590588  s
  310   2   1  -1       0.94778355  p_y
  310   2   1   0       0.94644202  p_z
  310   2   1   1       0.93729263  p_x
  311   1   0   0       0.99993825  s
  312   1   0   0       0.91356557  s
  313   1   0   0       1.28061874  s
  313   2   1  -1       0.93992439  p_y
  313   2   1   0       0.98227399  p_z
  313   2   1   1       0.98380549  p_x
  314   1   0   0       0.92710022  s
  315   1   0   0       0.95640217  s
  316   1   0   0       0.95620730  s
  317   1   0   0       1.27711320  s
  317   2   1  -1       1.02857467  p_y
  317   2   1   0       0.98339057  p_z
  317   2   1   1       0.96505179  p_x
  318   1   0   0       0.91302918  s
  319   1   0   0       0.93895018  s
  320   1   0   0       0.90457603  s
  321   1   0   0       1.25351125  s
  321   2   1  -1       0.93301165  p_y
  321   2   1   0       0.91501923  p_z
  321   2   1   1       0.98542416  p_x
  322   1   0   0       0.94522164  s
  323   1   0   0       0.93887977  s
  324   1   0   0       1.23952228  s
  324   2   1  -1       0.92301542  p_y
  324   2   1   0       0.93630689  p_z
  324   2   1   1       1.01131646  p_x
  325   1   0   0       0.93597073  s
  326   1   0   0       0.91507415  s
  327   1   0   0       1.22558663  s
  327   2   1  -1       0.96132155  p_y
  327   2   1   0       0.90662963  p_z
  327   2   1   1       1.00455425  p_x
  328   1   0   0       1.00742635  s
  329   1   0   0       0.94863418  s
  330   1   0   0       1.19551649  s
  330   2   1  -1       0.95707204  p_y
  330   2   1   0       0.95087441  p_z
  330   2   1   1       0.94284150  p_x
  331   1   0   0       0.94830539  s
  332   1   0   0       0.95824617  s
  333   1   0   0       1.20497434  s
  333   2   1  -1       0.96841818  p_y
  333   2   1   0       0.97829585  p_z
  333   2   1   1       0.93947112  p_x
  334   1   0   0       0.95700362  s
  335   1   0   0       0.92378092  s
  336   1   0   0       1.22469098  s
  336   2   1  -1       0.99254837  p_y
  336   2   1   0       0.94561492  p_z
  336   2   1   1       0.92249032  p_x
  337   1   0   0       0.95366744  s
  338   1   0   0       0.95143629  s
  339   1   0   0       1.21859704  s
  339   2   1  -1       1.03896836  p_y
  339   2   1   0       0.94736504  p_z
  339   2   1   1       0.93402921  p_x
  340   1   0   0       0.93691231  s
  341   1   0   0       0.92135710  s
  342   1   0   0       1.24799647  s
  342   2   1  -1       0.95147813  p_y
  342   2   1   0       0.97854641  p_z
  342   2   1   1       0.91873883  p_x
  343   1   0   0       0.94350564  s
  344   1   0   0       0.94650248  s
  345   1   0   0       1.28363004  s
  345   2   1  -1       0.98427151  p_y
  345   2   1   0       0.95993972  p_z
  345   2   1   1       1.00545779  p_x
  346   1   0   0       0.94229817  s
  347   1   0   0       0.92972625  s
  348   1   0   0       0.90406294  s
  349   1   0   0       1.30216650  s
  349   2   1  -1       0.97920761  p_y
  349   2   1   0       0.95873779  p_z
  349   2   1   1       0.93796540  p_x
  350   1   0   0       0.95395212  s
  351   1   0   0       0.98924059  s
  352   1   0   0       0.92843780  s
 
Fermi level:                        -0.1497558879 H           -4.0751 eV
Band energy:                      -277.3008423441 H        -7545.7398 eV
TS:                                  0.0000000000 H            0.0000 eV
Band free energy (E-TS):          -277.3008423441 H        -7545.7398 eV
Extrapolated E(0K):               -277.3008423441 H        -7545.7398 eV
Input / Output electrons (q):    682.0000000000    682.0000000000
 
Energy H0:                        -281.6600467341 H        -7664.3598 eV
Energy SCC:                          0.0779527462 H            2.1212 eV
Total Electronic energy:          -281.5820939879 H        -7662.2386 eV
Repulsive energy:                    4.6692936061 H          127.0579 eV
Dispersion energy:                   1.1003261608 H           29.9414 eV
Total energy:                     -275.8124742211 H        -7505.2393 eV
Extrapolated to 0:                -275.8124742211 H        -7505.2393 eV
Total Mermin free energy:         -275.8124742211 H        -7505.2393 eV
Force related energy:             -275.8124742211 H        -7505.2393 eV
 
SCC converged
 
Full geometry written in geo_end.{xyz|gen}
 
MD Kinetic Energy:                   1.5493633276 H
Total MD Energy:                  -274.2631108934 H
Pressure:                            0.594430E-05 au     0.174887E+09 Pa
MD Temperature:                      0.0029427604 H          929.2491 K
MD Kinetic Energy:                   1.5493633276 H
Total MD Energy:                  -274.2631108934 H        -7463.0790 eV
MD Temperature:                      0.0029427604 H          929.2491 K
 
Molecular dynamics completed
 
