 Fermi distribution function
 
MD step: 100000
 

********************************************************************************
 iSCC Total electronic   Diff electronic      SCC error    
    5   -0.28303862E+03    0.26147973E-10    0.63129112E-06
********************************************************************************
 
Coordinates of moved atoms (au):
    1     82.62579198     58.51953182     68.91192401
    2     80.53032601     58.67391874     68.57373080
    3     83.25656751     60.31694760     69.43868554
    4     82.64380453     85.95218771     71.31845282
    5     81.75904098     87.15568195     73.04973396
    6     55.75378251     85.76887023     72.12272551
    7     81.29538214     83.37640223     71.23139544
    8     52.84412884     82.33669947     69.56150228
    9     79.20356353     83.82413287     71.07215130
   10     52.72179607     81.69692609     73.63793486
   11     53.22115767     82.91362807     75.17676847
   12     54.52304420     80.61234169     73.22732827
   13     79.32692018     79.94164802     74.14773518
   14     78.81267947     79.17616971     72.21423942
   15     77.74851554     81.25999146     74.58752557
   16     50.65988557     77.78369122     75.90583938
   17     50.14445355     78.56660458     77.93023153
   18     52.57149045     76.96537986     75.69381347
   19     77.70662645     75.75335122     75.27272962
   20     78.42148360     74.94141711     73.50705725
   21     75.69043150     76.48995904     74.95154553
   22     77.68092921     73.63303735     77.42554994
   23     50.51309232     72.71013485     77.60333093
   24     47.59978103     71.94136682     76.53783098
   25     84.10992086     57.33337294     66.76545412
   26     83.59728889     55.25249361     66.61802539
   27     83.89832060     58.37131845     64.99369886
   28     86.19834512     57.50233745     67.10010918
   29     76.65286263     74.51752827     79.87399110
   30     74.66480309     74.67667724     79.84260433
   31     76.85091408     73.04225793     81.33813672
   32     77.47549731     76.30499372     80.80825695
   33     54.19614272     59.01909974     59.12250502
   34     54.71405383     60.57490013     60.33134006
   35     52.25762691     58.54580665     59.19904052
   36     55.02221830     60.27719656     56.52254322
   37     57.03569885     60.67556292     56.50275066
   38     54.28228273     62.26911579     56.42442493
   39     54.33066942     58.52853061     54.37923295
   40     52.55181912     57.47351685     54.89366869
   41     55.68520110     56.98094204     53.85032123
   42     53.74001280     59.84055679     51.91429134
   43     81.44780886     61.37182283     52.35367277
   44     52.75472662     58.43321282     50.59734088
   45     56.32804639     60.74453285     50.80856074
   46     57.78237974     59.45512430     51.61805070
   47     85.53628387     62.79034616     51.33015882
   48     85.68082763     60.44616988     47.91127687
   49     84.44188995     61.91118286     46.90868145
   50     85.07954622     58.60037623     47.04898607
   51     59.48474056     60.91935161     47.03080397
   52     60.78706249     60.18898293     48.47733698
   53     59.66946501     63.13523727     46.81990932
   54     89.55246419     59.97616312     73.48882334
   55     90.94754702     61.40966301     72.68018990
   56     87.98049838     59.75020097     72.13693438
   57     55.55524506     56.55035107     59.45045467
   58     55.99839618     56.11958572     61.44232515
   59     54.13159437     55.05531112     59.08919329
   60     57.18571296     56.08017742     58.42142759
   61     61.90828831     57.42326669     73.71035368
   62     62.85758193     56.77104424     71.92268493
   63     63.44535955     57.36233381     75.04201040
   64     60.46720052     56.06179801     74.15363526
   65     67.27555717     75.83922485     77.87688103
   66     67.56649822     77.42587367     79.15797223
   67     66.42188585     74.41791492     79.02834270
   68     65.18944764     76.52062939     75.94229650
   69     63.35274714     76.76342611     76.99221793
   70     64.96774614     74.89639642     74.86913193
   71     65.99368066     78.73298179     74.04165833
   72     67.77755531     78.53694595     73.28610447
   73     66.04936560     80.67609752     75.14440272
   74     64.11610835     49.96861956     71.90461815
   75     62.53753767     51.07400222     72.54102723
   76     63.38708582     47.99490971     71.35546751
   77     65.16270247     51.30927591     69.63893944
   78     66.51473769     79.14601278     68.66466868
   79     66.34631876     81.89525237     70.42591115
   80     63.16727578     52.17276842     67.71318291
   81     61.27277908     52.39478579     68.64279761
   82     62.72355299     50.63066567     66.32019343
   83     63.93616363     54.55374816     66.27229790
   84     64.89726101     55.93328266     67.57763026
   85     62.39800472     55.77280025     65.45213048
   86     66.04672069     54.07674240     64.28578436
   87     65.43481143     53.15447720     62.52797865
   88     67.30133978     52.56982404     65.08330219
   89     69.65248819     74.91486828     76.96593283
   90     69.53694974     73.09518424     76.00622599
   91     70.87330023     76.27462055     75.90897655
   92     70.74479967     74.39962671     78.56911087
   93     67.68060410     56.36652782     63.70482808
   94     66.62322015     57.90163326     62.97399366
   95     68.97414144     56.85246535     65.30373463
   96     69.09311582     55.97427516     62.16345736
   97     58.33217835     80.80658102     79.64683781
   98     59.22536435     82.72355797     79.51221662
   99     58.62797430     79.78939389     77.83608986
  100     59.80590195     79.40120428     81.76487357
  101     59.87672804     80.80110503     83.34788478
  102     61.91258147     79.07019537     81.11722332
  103     58.54544072     76.96064265     82.81448233
  104     56.81087425     77.63925474     83.69885499
  105     59.55545335     76.14283675     84.46328698
  106     58.03188901     74.79994699     52.02503060
  107     57.54706076     75.52013511     50.09247530
  108     56.38891510     73.59572008     52.57616846
  109     60.09374802     72.83355470     51.53411058
  110     61.45274137     72.96852041     53.01135829
  111     60.95334539     73.34130809     49.73454164
  112     58.67223614     70.39380164     51.38096300
  113     56.87966773     70.35685997     50.31114553
  114     58.23222350     70.07738342     53.42352133
  115     60.38324936     68.37569080     50.23067317
  116     62.30588076     69.18034018     49.74625196
  117     59.39445742     67.59979060     48.37147162
  118     60.87970643     66.06801724     51.88081426
  119     62.06674347     64.54340944     51.00275334
  120     59.10874201     65.14817513     52.30677345
  121     55.51783142     80.85543442     80.03449020
  122     54.97988281     78.90791215     79.61594450
  123     54.77313489     81.36579335     82.07193154
  124     54.38269656     82.00134678     78.78264160
  125     62.34448155     66.61186221     54.28445775
  126     64.05055764     67.86197315     54.40577937
  127     60.99238099     67.43996641     55.73856795
  128     62.68277407     64.93207320     55.36266708
  129     63.04787283     73.78585394     60.13964176
  130     61.82884796     75.48002533     60.13749735
  131     64.79998787     74.17352356     61.30366858
  132     61.37259697     71.51342283     61.21546980
  133     60.88068718     72.20728821     63.14546193
  134     62.61333119     69.83548928     61.44163922
  135     58.93117826     70.81980476     59.63576509
  136     59.50976023     69.62397210     57.98103785
  137     58.26968393     72.63069880     58.85627772
  138     56.79305651     69.21722568     60.98229213
  139     56.03222535     70.06665543     62.83768387
  140     57.69497130     67.32309114     61.41167657
  141     54.62690552     68.62353568     59.19515358
  142     54.01901351     66.64899840     59.65918331
  143     55.42863693     68.29478307     57.08760715
  144     52.28540480     70.32062816     59.11374678
  145     53.01198901     72.29380251     59.16092242
  146     51.04499528     70.30697214     60.94454270
  147     50.24082617     70.04860883     57.17704925
  148     50.98484212     70.24107216     55.14570121
  149     48.65243069     71.63071829     57.43309838
  150     48.74335948     67.55377121     57.40999514
  151     47.69876692     67.71185563     59.30890273
  152     50.11779713     65.91583202     57.66478311
  153     63.62487310     73.27345782     57.39350791
  154     64.63468091     45.89461066     56.47511415
  155     64.69279880     71.49292485     57.10299182
  156     61.89255805     73.08682702     56.07588612
  157     47.11453221     67.04345793     55.08905002
  158     46.27283381     68.70138579     54.13824123
  159     48.34704107     66.17184670     53.73416326
  160     45.68684316     65.62866004     55.36523231
  161     74.47873518     57.74379523     62.61722363
  162     73.19241451     56.22823489     62.36473536
  163     73.71751599     58.78962847     64.17038657
  164     77.18945132     56.72207740     63.52204901
  165     78.30966596     58.29442815     64.09852566
  166     78.22365661     56.10867328     61.80380468
  167     77.37621989     54.35304163     65.56098476
  168     76.76426045     55.04217091     67.36266824
  169     79.39802760     54.04430782     65.70541483
  170     75.84269730     52.20705866     64.76670606
  171     76.18870617     51.58941035     62.92327754
  172     73.81533044     52.55897641     64.62724366
  173     76.16996609     78.91075682     66.56970181
  174     78.29369009     78.81135186     67.08592690
  175     76.00896710     48.41720083     65.43074074
  176     74.16381050     78.64543450     68.68529989
  177     73.79854399     80.40876621     69.82395868
  178     75.04962619     77.08828460     69.95791784
  179     71.54899956     77.82348700     67.69091953
  180     70.87753366     78.68508117     65.91911204
  181     70.13964656     78.06033610     69.10368469
  182     71.66604113     75.08286424     67.40726804
  183     71.97378909     74.50063210     69.46948404
  184     73.26143760     74.59403379     66.28925306
  185     74.84877047     59.36095402     60.24321182
  186     75.50287014     58.30326283     58.57112014
  187     73.05753341     60.52270801     60.10395429
  188     76.20565350     60.96257558     89.58332967
  189     69.31842719     73.62783149     66.65074183
  190     67.65424364     74.28050294     67.78759512
  191     68.53209039     73.82276905     64.84284179
  192     69.88902406     71.67861265     67.06488916
  193     63.50166133     57.01971748     83.17625486
  194     63.66187078     56.58551674     81.20379669
  195     61.50860923     86.02890971     83.62692472
  196     64.82574382     55.16599485     84.90674547
  197     63.61365462     53.24637649     84.79814882
  198     64.66260739     84.73586556     86.92437961
  199     67.79330501     54.58278916     84.68266928
  200     68.42121349     53.69498217     86.41479027
  201     68.56412690     56.57086388     84.64198972
  202     68.44466539     52.93655885     82.36623662
  203     68.95989705     54.07584812     80.85211781
  204     66.72872863     52.00806410     81.68303236
  205     70.43182200     50.95987606     83.05974057
  206     72.00748575     51.53919602     84.29574935
  207     71.33782009     50.36651175     81.19605134
  208     69.30879071     48.54463848     84.34084304
  209     67.30736342     48.15989023     83.55222767
  210     68.93777250     48.88495584     86.32680163
  211     71.11703898     75.28090685     84.09712770
  212     72.77054560     75.42382962     85.24526143
  213     71.85124411     75.40215812     82.11289334
  214     70.01219957     72.59538455     84.52636396
  215     70.96926801     71.29625070     83.17266215
  216     67.95387549     72.85438412     83.97132743
  217     64.49889711     59.67930762     83.48590261
  218     66.45245204     59.88433631     53.63090292
  219     63.32314529     60.94898900     53.42749993
  220     64.37331260     60.06041262     85.53793523
  221     70.46552062     71.40671623     87.09763942
  222     69.87211954     72.69419380     88.64592423
  223     69.35517278     69.65950993     87.36038682
  224     72.52352919     71.17387438     87.39789416
  225     58.86037483     73.50077750     70.33783924
  226     59.99233309     72.42888195     68.76638750
  227     59.90854082     75.31588877     70.87952800
  228     56.28121141     45.40311373     69.24414686
  229     55.21449295     46.28059684     70.72789162
  230     55.22772362     43.68822897     68.72773737
  231     56.63471078     75.95353452     66.87440071
  232     58.05531368     75.06580170     65.59729552
  233     57.15714526     77.98071602     67.22203237
  234     54.20261582     76.16444558     65.16331042
  235     52.70395845     77.28564040     66.42907460
  236     53.54957440     74.21346659     64.92087282
  237     54.79503904     77.19320753     62.50178851
  238     55.80072364     75.66902477     61.38373802
  239     55.79138263     50.12431835     62.68642443
  240     52.47123226     77.80536112     60.90443752
  241     51.63646712     50.58100179     61.62394603
  242     51.08173833     47.27094514     61.24973607
  243     53.35385638     78.21166250     58.22045152
  244     54.10329403     76.52957053     57.43016137
  245     54.81732180     79.55403183     58.01650701
  246     51.11965848     78.71448749     56.42513856
  247     49.76319551     77.28691945     56.67427225
  248     51.73067400     78.60794448     54.40135382
  249     58.85150310     42.87511971     72.68972434
  250     60.52277429     43.11542826     73.98849842
  251     57.11245144     43.27404722     73.83200369
  252     58.91066220     40.81574878     72.26964499
  253     49.56628157     81.10797329     56.65895224
  254     47.70462551     80.94026924     55.51494104
  255     49.16452309     81.56065481     58.65098437
  256     50.65100493     82.73990269     85.07382667
  257     76.15996341     69.66927035     67.46779522
  258     75.11529830     70.88913666     68.89979327
  259     77.03947609     68.02863614     68.39560722
  260     74.35760892     68.80547223     65.41530568
  261     74.11120320     70.41814035     64.02268063
  262     72.54793351     68.65420838     66.21733066
  263     75.05456685     66.23289055     64.36562003
  264     75.01124976     64.82097322     65.86555280
  265     76.92211749     66.36895778     63.51230985
  266     73.16547124     65.70624556     62.10233320
  267     73.89619087     64.53209711     60.52762879
  268     72.58139730     67.44078269     61.10101423
  269     70.64770127     64.40150761     63.10256675
  270     70.17520567     65.46367905     64.79656262
  271     71.10464448     62.50713793     63.85161747
  272     68.57387804     64.56583051     61.30039567
  273     68.70834580     63.42087992     59.64478174
  274     68.35774065     66.42279078     60.22393496
  275     66.00254523     64.12038421     62.77239928
  276     65.58725564     65.75367740     63.93353480
  277     66.11288393     62.57125091     64.09669888
  278     63.59024380     63.89236555     61.15857812
  279     63.94671775     62.32361483     59.84277914
  280     63.25858515     65.66433768     59.90162211
  281     78.35524666     71.34154238     66.40000857
  282     77.65277009     72.77053556     64.99622765
  283     79.62928723     72.21602040     67.85109714
  284     79.73085392     70.12277374     65.45844745
  285     61.09389735     63.31945725     62.43636663
  286     60.35641765     65.02033143     63.50216484
  287     59.73492618     62.73480859     61.01818614
  288     61.21888380     61.81779148     63.83378900
  289     71.34923438     58.90206230     70.71432522
  290     73.38320383     59.55838812     70.31473867
  291     70.91392899     57.67691313     69.00972585
  292     71.18649345     57.55947982     73.26345894
  293     69.13210569     56.88740569     73.70800013
  294     71.97825833     58.84049601     74.65897641
  295     73.15774985     55.39236120     73.37949515
  296     75.07548530     56.20728751     73.16722882
  297     72.81529211     54.34095614     42.71527851
  298     72.79059221     53.62090309     46.60616610
  299     73.59554718     51.80562938     74.89640405
  300     70.83719360     53.64671685     47.28800581
  301     74.46963767     54.44395515     48.90491805
  302     76.49942997     54.78638870     48.30615162
  303     74.42094411     52.86586717     79.44840557
  304     73.71257686     56.86146982     50.20193354
  305     71.66136531     56.74451348     50.66800955
  306     73.98060266     58.33779406     48.68024551
  307     75.17896985     57.71044352     52.54846354
  308     77.22044138     57.23129193     52.37150036
  309     74.54267348     56.56442791     54.33890410
  310     75.05248316     60.43775943     53.24245647
  311     76.42037551     61.63098555     51.93414349
  312     75.94045082     60.66823895     55.14919740
  313     69.46465372     61.08809900     70.68417656
  314     69.52030027     62.17557829     68.93890227
  315     67.40963176     60.39957864     70.92099274
  316     69.98253020     62.50357020     72.16584446
  317     72.38185649     61.63750859     53.31434669
  318     71.25815871     60.36283999     54.37086917
  319     72.22288086     63.37772204     54.28490344
  320     71.52671382     62.11053199     51.38895793
  321     78.92802450     63.54153960     43.66351358
  322     80.44776137     62.02155693     43.53776079
  323     77.72202369     63.05997701     42.13079800
  324     77.42111751     63.28757865     75.19102942
  325     78.79076587     63.14015815     76.69512222
  326     76.25905721     61.54708541     75.07809413
  327     75.52832734     65.38011830     75.96684590
  328     76.53359343     67.07985823     76.77364315
  329     74.44664431     64.46436765     77.60644977
  330     73.62352922     66.23827172     73.95187598
  331     73.15675175     64.53458826     72.81804686
  332     74.58663343     67.61216650     72.64083968
  333     71.21834231     67.56019242     74.99926998
  334     71.78884733     69.03920271     76.37163600
  335     70.31826591     66.25130231     76.54285099
  336     69.16560421     68.20723800     73.03492557
  337     69.66005664     67.07463130     71.33888967
  338     69.56662089     70.12371449     72.19346729
  339     66.59021373     67.72665854     74.08275586
  340     66.15747890     68.90189819     75.65857424
  341     66.22732008     65.81991839     74.81259679
  342     64.56892907     68.46020421     72.10914554
  343     64.72424329     70.44907370     71.85838370
  344     62.70533514     68.29414282     72.99878468
  345     80.36732081     66.19915309     43.55860555
  346     78.99458113     67.75399568     43.06479955
  347     81.48431097     66.44206590     45.30564912
  348     81.77790646     65.92343966     42.09086944
  349     64.40924024     67.03389105     69.68478859
  350     62.92850333     67.70549606     68.36348070
  351     66.09574879     66.92715077     68.68079361
  352     64.00357362     65.02827143     70.09830252
 
 Total charge:    -0.00000000

 Atomic gross charges (e)
 Atom           Charge
    1      -0.09812071
    2       0.05083216
    3       0.07075016
    4      -0.07661535
    5       0.01859223
    6       0.02915525
    7      -0.11185115
    8       0.06666282
    9       0.04403202
   10      -0.12396612
   11       0.06743328
   12       0.04552711
   13      -0.10413715
   14       0.04222013
   15       0.05898999
   16      -0.08383989
   17       0.04270658
   18       0.06441856
   19      -0.11266582
   20       0.05651160
   21       0.05310639
   22      -0.08870855
   23       0.06129067
   24       0.03316698
   25      -0.18833162
   26       0.06555669
   27       0.06697863
   28       0.05605354
   29      -0.19069976
   30       0.07167577
   31       0.05158461
   32       0.06164503
   33      -0.11552436
   34       0.06444776
   35       0.07690562
   36      -0.11060738
   37       0.05711413
   38       0.04869359
   39      -0.09323042
   40       0.03795233
   41       0.05599846
   42      -0.11433820
   43       0.06576917
   44       0.04861001
   45      -0.11020260
   46       0.05936376
   47       0.06087201
   48      -0.10054927
   49       0.03902393
   50       0.05809802
   51      -0.10609050
   52       0.05853820
   53       0.03121034
   54      -0.08343812
   55       0.04635953
   56       0.05554996
   57      -0.20364228
   58       0.05249004
   59       0.05301684
   60       0.08199748
   61      -0.20920595
   62       0.05449701
   63       0.06800468
   64       0.07064365
   65      -0.09445569
   66       0.05559283
   67       0.05403085
   68      -0.13298123
   69       0.05735072
   70       0.06942492
   71      -0.10574068
   72       0.07891178
   73       0.03022733
   74      -0.10207232
   75       0.06143078
   76       0.04356189
   77      -0.10737468
   78       0.06336467
   79       0.04568293
   80      -0.09139719
   81       0.04766169
   82       0.04670062
   83      -0.10048136
   84       0.04799127
   85       0.05302971
   86      -0.09666837
   87       0.05470122
   88       0.04423703
   89      -0.19143012
   90       0.06265819
   91       0.05859424
   92       0.06014518
   93      -0.20091192
   94       0.07733897
   95       0.06250991
   96       0.04722992
   97      -0.08232850
   98       0.04837158
   99       0.05277844
  100      -0.09274141
  101       0.04808128
  102       0.03842812
  103      -0.10744102
  104       0.05821552
  105       0.05183230
  106      -0.11483369
  107       0.04843380
  108       0.05064625
  109      -0.12507788
  110       0.08020595
  111       0.05539850
  112      -0.09717620
  113       0.06091647
  114       0.05612048
  115      -0.08855574
  116       0.05172178
  117       0.03010382
  118      -0.08770078
  119       0.04737902
  120       0.06233390
  121      -0.19574247
  122       0.06404459
  123       0.04752409
  124       0.06999256
  125      -0.21046499
  126       0.07243561
  127       0.04072917
  128       0.06482503
  129      -0.09131114
  130       0.05405658
  131       0.06028379
  132      -0.11994846
  133       0.05066345
  134       0.05852131
  135      -0.11180608
  136       0.05732518
  137       0.06159846
  138      -0.09248118
  139       0.05518275
  140       0.05031408
  141      -0.07733689
  142       0.04170150
  143       0.02986740
  144      -0.09054231
  145       0.04889143
  146       0.03649254
  147      -0.07446759
  148       0.04213651
  149       0.03097748
  150      -0.08758202
  151       0.04672024
  152       0.04481864
  153      -0.19992281
  154       0.05876879
  155       0.06194261
  156       0.05792437
  157      -0.21208974
  158       0.06774625
  159       0.06460874
  160       0.07202207
  161      -0.10890611
  162       0.06945689
  163       0.06064276
  164      -0.16099367
  165       0.06487257
  166       0.04880967
  167      -0.10305454
  168       0.06270241
  169       0.06343143
  170      -0.10700976
  171       0.06167761
  172       0.05737436
  173      -0.13175836
  174       0.04550021
  175       0.07207909
  176      -0.09112014
  177       0.05302379
  178       0.04450262
  179      -0.11738903
  180       0.06267341
  181       0.06384692
  182      -0.09125924
  183       0.03537200
  184       0.06674198
  185      -0.19539689
  186       0.08004836
  187       0.06021873
  188       0.05236968
  189      -0.21729582
  190       0.05552822
  191       0.07634604
  192       0.06794926
  193      -0.09556715
  194       0.06195145
  195       0.05836997
  196      -0.10015156
  197       0.02195030
  198       0.04771650
  199      -0.11687324
  200       0.06658429
  201       0.05482157
  202      -0.11074279
  203       0.07119385
  204       0.06140467
  205      -0.10509996
  206       0.06186899
  207       0.04174570
  208      -0.10282662
  209       0.04375907
  210       0.05749596
  211      -0.11814507
  212       0.06548513
  213       0.04583086
  214      -0.09858179
  215       0.04910481
  216       0.05527177
  217      -0.20647857
  218       0.05890422
  219       0.06397318
  220       0.07026097
  221      -0.19305080
  222       0.05547488
  223       0.06783486
  224       0.06623745
  225      -0.08281433
  226       0.04043321
  227       0.04600856
  228      -0.10496691
  229       0.06734803
  230       0.05381775
  231      -0.11191398
  232       0.05648733
  233       0.05427916
  234      -0.11558739
  235       0.04109777
  236       0.05755318
  237      -0.10571247
  238       0.05955862
  239       0.05260449
  240      -0.10668778
  241       0.06111675
  242       0.05415317
  243      -0.11393399
  244       0.06092839
  245       0.07185189
  246      -0.11191012
  247       0.06411659
  248       0.04701431
  249      -0.19152168
  250       0.05791446
  251       0.05820006
  252       0.06028555
  253      -0.19866169
  254       0.05501242
  255       0.06148550
  256       0.06441795
  257      -0.09696313
  258       0.04698069
  259       0.06207847
  260      -0.10747315
  261       0.05216431
  262       0.06152753
  263      -0.10520397
  264       0.07035078
  265       0.06172452
  266      -0.13814663
  267       0.05699082
  268       0.06110032
  269      -0.10426143
  270       0.05444558
  271       0.05928754
  272      -0.09490829
  273       0.06174295
  274       0.04301183
  275      -0.12999890
  276       0.05727839
  277       0.06541691
  278      -0.08887064
  279       0.04721086
  280       0.04082577
  281      -0.20850164
  282       0.06447914
  283       0.06041982
  284       0.05903267
  285      -0.19481952
  286       0.05446901
  287       0.06757019
  288       0.06492056
  289      -0.08040202
  290       0.04276306
  291       0.04467877
  292      -0.11293113
  293       0.05446020
  294       0.06965583
  295      -0.12181511
  296       0.06170454
  297       0.05435763
  298      -0.10871330
  299       0.06148113
  300       0.07442319
  301      -0.10052194
  302       0.05135839
  303       0.03200167
  304      -0.09907259
  305       0.05206569
  306       0.05020346
  307      -0.07970761
  308       0.04921053
  309       0.03091899
  310      -0.07014690
  311       0.02837178
  312       0.04735076
  313      -0.19772156
  314       0.05858149
  315       0.05811904
  316       0.06375750
  317      -0.21660551
  318       0.07475189
  319       0.07071025
  320       0.06066866
  321      -0.11590090
  322       0.04444412
  323       0.06940317
  324      -0.11565423
  325       0.06360248
  326       0.05288433
  327      -0.09293822
  328       0.04691572
  329       0.04161237
  330      -0.10209906
  331       0.05757031
  332       0.04811051
  333      -0.11109568
  334       0.05590826
  335       0.02730803
  336      -0.08761020
  337       0.05197018
  338       0.05179844
  339      -0.09997793
  340       0.05971911
  341       0.06271975
  342      -0.10825555
  343       0.06009647
  344       0.04667425
  345      -0.20768670
  346       0.07385302
  347       0.07324457
  348       0.06247140
  349      -0.19722323
  350       0.06149028
  351       0.07140577
  352       0.05404274
 
Nr. of electrons (up):    682.00000000
Atom populations (up)
 Atom       Population
    1       4.09812071
    2       0.94916784
    3       0.92924984
    4       4.07661535
    5       0.98140777
    6       0.97084475
    7       4.11185115
    8       0.93333718
    9       0.95596798
   10       4.12396612
   11       0.93256672
   12       0.95447289
   13       4.10413715
   14       0.95777987
   15       0.94101001
   16       4.08383989
   17       0.95729342
   18       0.93558144
   19       4.11266582
   20       0.94348840
   21       0.94689361
   22       4.08870855
   23       0.93870933
   24       0.96683302
   25       4.18833162
   26       0.93444331
   27       0.93302137
   28       0.94394646
   29       4.19069976
   30       0.92832423
   31       0.94841539
   32       0.93835497
   33       4.11552436
   34       0.93555224
   35       0.92309438
   36       4.11060738
   37       0.94288587
   38       0.95130641
   39       4.09323042
   40       0.96204767
   41       0.94400154
   42       4.11433820
   43       0.93423083
   44       0.95138999
   45       4.11020260
   46       0.94063624
   47       0.93912799
   48       4.10054927
   49       0.96097607
   50       0.94190198
   51       4.10609050
   52       0.94146180
   53       0.96878966
   54       4.08343812
   55       0.95364047
   56       0.94445004
   57       4.20364228
   58       0.94750996
   59       0.94698316
   60       0.91800252
   61       4.20920595
   62       0.94550299
   63       0.93199532
   64       0.92935635
   65       4.09445569
   66       0.94440717
   67       0.94596915
   68       4.13298123
   69       0.94264928
   70       0.93057508
   71       4.10574068
   72       0.92108822
   73       0.96977267
   74       4.10207232
   75       0.93856922
   76       0.95643811
   77       4.10737468
   78       0.93663533
   79       0.95431707
   80       4.09139719
   81       0.95233831
   82       0.95329938
   83       4.10048136
   84       0.95200873
   85       0.94697029
   86       4.09666837
   87       0.94529878
   88       0.95576297
   89       4.19143012
   90       0.93734181
   91       0.94140576
   92       0.93985482
   93       4.20091192
   94       0.92266103
   95       0.93749009
   96       0.95277008
   97       4.08232850
   98       0.95162842
   99       0.94722156
  100       4.09274141
  101       0.95191872
  102       0.96157188
  103       4.10744102
  104       0.94178448
  105       0.94816770
  106       4.11483369
  107       0.95156620
  108       0.94935375
  109       4.12507788
  110       0.91979405
  111       0.94460150
  112       4.09717620
  113       0.93908353
  114       0.94387952
  115       4.08855574
  116       0.94827822
  117       0.96989618
  118       4.08770078
  119       0.95262098
  120       0.93766610
  121       4.19574247
  122       0.93595541
  123       0.95247591
  124       0.93000744
  125       4.21046499
  126       0.92756439
  127       0.95927083
  128       0.93517497
  129       4.09131114
  130       0.94594342
  131       0.93971621
  132       4.11994846
  133       0.94933655
  134       0.94147869
  135       4.11180608
  136       0.94267482
  137       0.93840154
  138       4.09248118
  139       0.94481725
  140       0.94968592
  141       4.07733689
  142       0.95829850
  143       0.97013260
  144       4.09054231
  145       0.95110857
  146       0.96350746
  147       4.07446759
  148       0.95786349
  149       0.96902252
  150       4.08758202
  151       0.95327976
  152       0.95518136
  153       4.19992281
  154       0.94123121
  155       0.93805739
  156       0.94207563
  157       4.21208974
  158       0.93225375
  159       0.93539126
  160       0.92797793
  161       4.10890611
  162       0.93054311
  163       0.93935724
  164       4.16099367
  165       0.93512743
  166       0.95119033
  167       4.10305454
  168       0.93729759
  169       0.93656857
  170       4.10700976
  171       0.93832239
  172       0.94262564
  173       4.13175836
  174       0.95449979
  175       0.92792091
  176       4.09112014
  177       0.94697621
  178       0.95549738
  179       4.11738903
  180       0.93732659
  181       0.93615308
  182       4.09125924
  183       0.96462800
  184       0.93325802
  185       4.19539689
  186       0.91995164
  187       0.93978127
  188       0.94763032
  189       4.21729582
  190       0.94447178
  191       0.92365396
  192       0.93205074
  193       4.09556715
  194       0.93804855
  195       0.94163003
  196       4.10015156
  197       0.97804970
  198       0.95228350
  199       4.11687324
  200       0.93341571
  201       0.94517843
  202       4.11074279
  203       0.92880615
  204       0.93859533
  205       4.10509996
  206       0.93813101
  207       0.95825430
  208       4.10282662
  209       0.95624093
  210       0.94250404
  211       4.11814507
  212       0.93451487
  213       0.95416914
  214       4.09858179
  215       0.95089519
  216       0.94472823
  217       4.20647857
  218       0.94109578
  219       0.93602682
  220       0.92973903
  221       4.19305080
  222       0.94452512
  223       0.93216514
  224       0.93376255
  225       4.08281433
  226       0.95956679
  227       0.95399144
  228       4.10496691
  229       0.93265197
  230       0.94618225
  231       4.11191398
  232       0.94351267
  233       0.94572084
  234       4.11558739
  235       0.95890223
  236       0.94244682
  237       4.10571247
  238       0.94044138
  239       0.94739551
  240       4.10668778
  241       0.93888325
  242       0.94584683
  243       4.11393399
  244       0.93907161
  245       0.92814811
  246       4.11191012
  247       0.93588341
  248       0.95298569
  249       4.19152168
  250       0.94208554
  251       0.94179994
  252       0.93971445
  253       4.19866169
  254       0.94498758
  255       0.93851450
  256       0.93558205
  257       4.09696313
  258       0.95301931
  259       0.93792153
  260       4.10747315
  261       0.94783569
  262       0.93847247
  263       4.10520397
  264       0.92964922
  265       0.93827548
  266       4.13814663
  267       0.94300918
  268       0.93889968
  269       4.10426143
  270       0.94555442
  271       0.94071246
  272       4.09490829
  273       0.93825705
  274       0.95698817
  275       4.12999890
  276       0.94272161
  277       0.93458309
  278       4.08887064
  279       0.95278914
  280       0.95917423
  281       4.20850164
  282       0.93552086
  283       0.93958018
  284       0.94096733
  285       4.19481952
  286       0.94553099
  287       0.93242981
  288       0.93507944
  289       4.08040202
  290       0.95723694
  291       0.95532123
  292       4.11293113
  293       0.94553980
  294       0.93034417
  295       4.12181511
  296       0.93829546
  297       0.94564237
  298       4.10871330
  299       0.93851887
  300       0.92557681
  301       4.10052194
  302       0.94864161
  303       0.96799833
  304       4.09907259
  305       0.94793431
  306       0.94979654
  307       4.07970761
  308       0.95078947
  309       0.96908101
  310       4.07014690
  311       0.97162822
  312       0.95264924
  313       4.19772156
  314       0.94141851
  315       0.94188096
  316       0.93624250
  317       4.21660551
  318       0.92524811
  319       0.92928975
  320       0.93933134
  321       4.11590090
  322       0.95555588
  323       0.93059683
  324       4.11565423
  325       0.93639752
  326       0.94711567
  327       4.09293822
  328       0.95308428
  329       0.95838763
  330       4.10209906
  331       0.94242969
  332       0.95188949
  333       4.11109568
  334       0.94409174
  335       0.97269197
  336       4.08761020
  337       0.94802982
  338       0.94820156
  339       4.09997793
  340       0.94028089
  341       0.93728025
  342       4.10825555
  343       0.93990353
  344       0.95332575
  345       4.20768670
  346       0.92614698
  347       0.92675543
  348       0.93752860
  349       4.19722323
  350       0.93850972
  351       0.92859423
  352       0.94595726
 
l-shell populations (up)
 Atom Sh.   l       Population
    1   1   0       1.21682586
    1   2   1       2.88129485
    2   1   0       0.94916784
    3   1   0       0.92924984
    4   1   0       1.25223869
    4   2   1       2.82437665
    5   1   0       0.98140777
    6   1   0       0.97084475
    7   1   0       1.24167239
    7   2   1       2.87017876
    8   1   0       0.93333718
    9   1   0       0.95596798
   10   1   0       1.25084047
   10   2   1       2.87312564
   11   1   0       0.93256672
   12   1   0       0.95447289
   13   1   0       1.23695538
   13   2   1       2.86718178
   14   1   0       0.95777987
   15   1   0       0.94101001
   16   1   0       1.22784554
   16   2   1       2.85599435
   17   1   0       0.95729342
   18   1   0       0.93558144
   19   1   0       1.25077209
   19   2   1       2.86189373
   20   1   0       0.94348840
   21   1   0       0.94689361
   22   1   0       1.23285894
   22   2   1       2.85584961
   23   1   0       0.93870933
   24   1   0       0.96683302
   25   1   0       1.26499080
   25   2   1       2.92334081
   26   1   0       0.93444331
   27   1   0       0.93302137
   28   1   0       0.94394646
   29   1   0       1.25105576
   29   2   1       2.93964400
   30   1   0       0.92832423
   31   1   0       0.94841539
   32   1   0       0.93835497
   33   1   0       1.22721784
   33   2   1       2.88830652
   34   1   0       0.93555224
   35   1   0       0.92309438
   36   1   0       1.24030654
   36   2   1       2.87030084
   37   1   0       0.94288587
   38   1   0       0.95130641
   39   1   0       1.22959092
   39   2   1       2.86363950
   40   1   0       0.96204767
   41   1   0       0.94400154
   42   1   0       1.24025457
   42   2   1       2.87408362
   43   1   0       0.93423083
   44   1   0       0.95138999
   45   1   0       1.24983891
   45   2   1       2.86036370
   46   1   0       0.94063624
   47   1   0       0.93912799
   48   1   0       1.24923913
   48   2   1       2.85131014
   49   1   0       0.96097607
   50   1   0       0.94190198
   51   1   0       1.24587551
   51   2   1       2.86021499
   52   1   0       0.94146180
   53   1   0       0.96878966
   54   1   0       1.23250421
   54   2   1       2.85093391
   55   1   0       0.95364047
   56   1   0       0.94445004
   57   1   0       1.25160134
   57   2   1       2.95204094
   58   1   0       0.94750996
   59   1   0       0.94698316
   60   1   0       0.91800252
   61   1   0       1.26005349
   61   2   1       2.94915247
   62   1   0       0.94550299
   63   1   0       0.93199532
   64   1   0       0.92935635
   65   1   0       1.20487879
   65   2   1       2.88957690
   66   1   0       0.94440717
   67   1   0       0.94596915
   68   1   0       1.24705693
   68   2   1       2.88592430
   69   1   0       0.94264928
   70   1   0       0.93057508
   71   1   0       1.24144904
   71   2   1       2.86429164
   72   1   0       0.92108822
   73   1   0       0.96977267
   74   1   0       1.22509097
   74   2   1       2.87698135
   75   1   0       0.93856922
   76   1   0       0.95643811
   77   1   0       1.22727938
   77   2   1       2.88009530
   78   1   0       0.93663533
   79   1   0       0.95431707
   80   1   0       1.23476485
   80   2   1       2.85663234
   81   1   0       0.95233831
   82   1   0       0.95329938
   83   1   0       1.24076938
   83   2   1       2.85971198
   84   1   0       0.95200873
   85   1   0       0.94697029
   86   1   0       1.23230583
   86   2   1       2.86436254
   87   1   0       0.94529878
   88   1   0       0.95576297
   89   1   0       1.23813149
   89   2   1       2.95329862
   90   1   0       0.93734181
   91   1   0       0.94140576
   92   1   0       0.93985482
   93   1   0       1.26109330
   93   2   1       2.93981863
   94   1   0       0.92266103
   95   1   0       0.93749009
   96   1   0       0.95277008
   97   1   0       1.22973270
   97   2   1       2.85259580
   98   1   0       0.95162842
   99   1   0       0.94722156
  100   1   0       1.25309673
  100   2   1       2.83964468
  101   1   0       0.95191872
  102   1   0       0.96157188
  103   1   0       1.23153048
  103   2   1       2.87591054
  104   1   0       0.94178448
  105   1   0       0.94816770
  106   1   0       1.23745161
  106   2   1       2.87738208
  107   1   0       0.95156620
  108   1   0       0.94935375
  109   1   0       1.22562937
  109   2   1       2.89944851
  110   1   0       0.91979405
  111   1   0       0.94460150
  112   1   0       1.22826183
  112   2   1       2.86891437
  113   1   0       0.93908353
  114   1   0       0.94387952
  115   1   0       1.24474802
  115   2   1       2.84380771
  116   1   0       0.94827822
  117   1   0       0.96989618
  118   1   0       1.22318338
  118   2   1       2.86451740
  119   1   0       0.95262098
  120   1   0       0.93766610
  121   1   0       1.26307739
  121   2   1       2.93266508
  122   1   0       0.93595541
  123   1   0       0.95247591
  124   1   0       0.93000744
  125   1   0       1.26472270
  125   2   1       2.94574229
  126   1   0       0.92756439
  127   1   0       0.95927083
  128   1   0       0.93517497
  129   1   0       1.24215402
  129   2   1       2.84915712
  130   1   0       0.94594342
  131   1   0       0.93971621
  132   1   0       1.25818155
  132   2   1       2.86176692
  133   1   0       0.94933655
  134   1   0       0.94147869
  135   1   0       1.25481632
  135   2   1       2.85698976
  136   1   0       0.94267482
  137   1   0       0.93840154
  138   1   0       1.24993630
  138   2   1       2.84254487
  139   1   0       0.94481725
  140   1   0       0.94968592
  141   1   0       1.23954173
  141   2   1       2.83779516
  142   1   0       0.95829850
  143   1   0       0.97013260
  144   1   0       1.22889005
  144   2   1       2.86165227
  145   1   0       0.95110857
  146   1   0       0.96350746
  147   1   0       1.24383667
  147   2   1       2.83063092
  148   1   0       0.95786349
  149   1   0       0.96902252
  150   1   0       1.24159933
  150   2   1       2.84598269
  151   1   0       0.95327976
  152   1   0       0.95518136
  153   1   0       1.26844450
  153   2   1       2.93147831
  154   1   0       0.94123121
  155   1   0       0.93805739
  156   1   0       0.94207563
  157   1   0       1.25693701
  157   2   1       2.95515273
  158   1   0       0.93225375
  159   1   0       0.93539126
  160   1   0       0.92797793
  161   1   0       1.23338183
  161   2   1       2.87552428
  162   1   0       0.93054311
  163   1   0       0.93935724
  164   1   0       1.27444091
  164   2   1       2.88655276
  165   1   0       0.93512743
  166   1   0       0.95119033
  167   1   0       1.23168382
  167   2   1       2.87137072
  168   1   0       0.93729759
  169   1   0       0.93656857
  170   1   0       1.20740218
  170   2   1       2.89960758
  171   1   0       0.93832239
  172   1   0       0.94262564
  173   1   0       1.23558320
  173   2   1       2.89617516
  174   1   0       0.95449979
  175   1   0       0.92792091
  176   1   0       1.24848245
  176   2   1       2.84263769
  177   1   0       0.94697621
  178   1   0       0.95549738
  179   1   0       1.21898823
  179   2   1       2.89840079
  180   1   0       0.93732659
  181   1   0       0.93615308
  182   1   0       1.21493258
  182   2   1       2.87632666
  183   1   0       0.96462800
  184   1   0       0.93325802
  185   1   0       1.27162875
  185   2   1       2.92376814
  186   1   0       0.91995164
  187   1   0       0.93978127
  188   1   0       0.94763032
  189   1   0       1.25702960
  189   2   1       2.96026622
  190   1   0       0.94447178
  191   1   0       0.92365396
  192   1   0       0.93205074
  193   1   0       1.21528175
  193   2   1       2.88028539
  194   1   0       0.93804855
  195   1   0       0.94163003
  196   1   0       1.25781052
  196   2   1       2.84234104
  197   1   0       0.97804970
  198   1   0       0.95228350
  199   1   0       1.25127561
  199   2   1       2.86559763
  200   1   0       0.93341571
  201   1   0       0.94517843
  202   1   0       1.22359902
  202   2   1       2.88714376
  203   1   0       0.92880615
  204   1   0       0.93859533
  205   1   0       1.24354386
  205   2   1       2.86155610
  206   1   0       0.93813101
  207   1   0       0.95825430
  208   1   0       1.24171059
  208   2   1       2.86111604
  209   1   0       0.95624093
  210   1   0       0.94250404
  211   1   0       1.23377247
  211   2   1       2.88437260
  212   1   0       0.93451487
  213   1   0       0.95416914
  214   1   0       1.23674819
  214   2   1       2.86183360
  215   1   0       0.95089519
  216   1   0       0.94472823
  217   1   0       1.26691628
  217   2   1       2.93956229
  218   1   0       0.94109578
  219   1   0       0.93602682
  220   1   0       0.92973903
  221   1   0       1.26323051
  221   2   1       2.92982029
  222   1   0       0.94452512
  223   1   0       0.93216514
  224   1   0       0.93376255
  225   1   0       1.24517734
  225   2   1       2.83763699
  226   1   0       0.95956679
  227   1   0       0.95399144
  228   1   0       1.22838836
  228   2   1       2.87657855
  229   1   0       0.93265197
  230   1   0       0.94618225
  231   1   0       1.24422069
  231   2   1       2.86769329
  232   1   0       0.94351267
  233   1   0       0.94572084
  234   1   0       1.25802592
  234   2   1       2.85756147
  235   1   0       0.95890223
  236   1   0       0.94244682
  237   1   0       1.24458144
  237   2   1       2.86113103
  238   1   0       0.94044138
  239   1   0       0.94739551
  240   1   0       1.22945117
  240   2   1       2.87723661
  241   1   0       0.93888325
  242   1   0       0.94584683
  243   1   0       1.21916400
  243   2   1       2.89476999
  244   1   0       0.93907161
  245   1   0       0.92814811
  246   1   0       1.22497649
  246   2   1       2.88693363
  247   1   0       0.93588341
  248   1   0       0.95298569
  249   1   0       1.26844693
  249   2   1       2.92307474
  250   1   0       0.94208554
  251   1   0       0.94179994
  252   1   0       0.93971445
  253   1   0       1.26518814
  253   2   1       2.93347355
  254   1   0       0.94498758
  255   1   0       0.93851450
  256   1   0       0.93558205
  257   1   0       1.23931672
  257   2   1       2.85764640
  258   1   0       0.95301931
  259   1   0       0.93792153
  260   1   0       1.22414919
  260   2   1       2.88332396
  261   1   0       0.94783569
  262   1   0       0.93847247
  263   1   0       1.23646362
  263   2   1       2.86874035
  264   1   0       0.92964922
  265   1   0       0.93827548
  266   1   0       1.26209150
  266   2   1       2.87605513
  267   1   0       0.94300918
  268   1   0       0.93889968
  269   1   0       1.22479119
  269   2   1       2.87947023
  270   1   0       0.94555442
  271   1   0       0.94071246
  272   1   0       1.22278891
  272   2   1       2.87211938
  273   1   0       0.93825705
  274   1   0       0.95698817
  275   1   0       1.24127551
  275   2   1       2.88872340
  276   1   0       0.94272161
  277   1   0       0.93458309
  278   1   0       1.23305092
  278   2   1       2.85581972
  279   1   0       0.95278914
  280   1   0       0.95917423
  281   1   0       1.27697235
  281   2   1       2.93152928
  282   1   0       0.93552086
  283   1   0       0.93958018
  284   1   0       0.94096733
  285   1   0       1.26016746
  285   2   1       2.93465205
  286   1   0       0.94553099
  287   1   0       0.93242981
  288   1   0       0.93507944
  289   1   0       1.23711536
  289   2   1       2.84328666
  290   1   0       0.95723694
  291   1   0       0.95532123
  292   1   0       1.24523343
  292   2   1       2.86769771
  293   1   0       0.94553980
  294   1   0       0.93034417
  295   1   0       1.23132552
  295   2   1       2.89048959
  296   1   0       0.93829546
  297   1   0       0.94564237
  298   1   0       1.23568483
  298   2   1       2.87302847
  299   1   0       0.93851887
  300   1   0       0.92557681
  301   1   0       1.25147499
  301   2   1       2.84904695
  302   1   0       0.94864161
  303   1   0       0.96799833
  304   1   0       1.22983486
  304   2   1       2.86923773
  305   1   0       0.94793431
  306   1   0       0.94979654
  307   1   0       1.23066913
  307   2   1       2.84903848
  308   1   0       0.95078947
  309   1   0       0.96908101
  310   1   0       1.23440486
  310   2   1       2.83574204
  311   1   0       0.97162822
  312   1   0       0.95264924
  313   1   0       1.27087858
  313   2   1       2.92684298
  314   1   0       0.94141851
  315   1   0       0.94188096
  316   1   0       0.93624250
  317   1   0       1.26210140
  317   2   1       2.95450411
  318   1   0       0.92524811
  319   1   0       0.92928975
  320   1   0       0.93933134
  321   1   0       1.25378788
  321   2   1       2.86211302
  322   1   0       0.95555588
  323   1   0       0.93059683
  324   1   0       1.24326852
  324   2   1       2.87238570
  325   1   0       0.93639752
  326   1   0       0.94711567
  327   1   0       1.24429539
  327   2   1       2.84864284
  328   1   0       0.95308428
  329   1   0       0.95838763
  330   1   0       1.24046964
  330   2   1       2.86162942
  331   1   0       0.94242969
  332   1   0       0.95188949
  333   1   0       1.24954576
  333   2   1       2.86154992
  334   1   0       0.94409174
  335   1   0       0.97269197
  336   1   0       1.22558000
  336   2   1       2.86203019
  337   1   0       0.94802982
  338   1   0       0.94820156
  339   1   0       1.22024829
  339   2   1       2.87972964
  340   1   0       0.94028089
  341   1   0       0.93728025
  342   1   0       1.21787767
  342   2   1       2.89037789
  343   1   0       0.93990353
  344   1   0       0.95332575
  345   1   0       1.28031955
  345   2   1       2.92736716
  346   1   0       0.92614698
  347   1   0       0.92675543
  348   1   0       0.93752860
  349   1   0       1.24701433
  349   2   1       2.95020890
  350   1   0       0.93850972
  351   1   0       0.92859423
  352   1   0       0.94595726
 
Orbital populations (up)
 Atom Sh.   l   m       Population  Label
    1   1   0   0       1.21682586  s
    1   2   1  -1       0.98137341  p_y
    1   2   1   0       0.93818574  p_z
    1   2   1   1       0.96173569  p_x
    2   1   0   0       0.94916784  s
    3   1   0   0       0.92924984  s
    4   1   0   0       1.25223869  s
    4   2   1  -1       0.93319238  p_y
    4   2   1   0       0.93563433  p_z
    4   2   1   1       0.95554994  p_x
    5   1   0   0       0.98140777  s
    6   1   0   0       0.97084475  s
    7   1   0   0       1.24167239  s
    7   2   1  -1       0.93574661  p_y
    7   2   1   0       0.96319516  p_z
    7   2   1   1       0.97123700  p_x
    8   1   0   0       0.93333718  s
    9   1   0   0       0.95596798  s
   10   1   0   0       1.25084047  s
   10   2   1  -1       0.96230826  p_y
   10   2   1   0       0.96144455  p_z
   10   2   1   1       0.94937283  p_x
   11   1   0   0       0.93256672  s
   12   1   0   0       0.95447289  s
   13   1   0   0       1.23695538  s
   13   2   1  -1       0.93669894  p_y
   13   2   1   0       0.97020378  p_z
   13   2   1   1       0.96027905  p_x
   14   1   0   0       0.95777987  s
   15   1   0   0       0.94101001  s
   16   1   0   0       1.22784554  s
   16   2   1  -1       0.93771845  p_y
   16   2   1   0       0.95962647  p_z
   16   2   1   1       0.95864943  p_x
   17   1   0   0       0.95729342  s
   18   1   0   0       0.93558144  s
   19   1   0   0       1.25077209  s
   19   2   1  -1       0.95398653  p_y
   19   2   1   0       0.96232425  p_z
   19   2   1   1       0.94558295  p_x
   20   1   0   0       0.94348840  s
   21   1   0   0       0.94689361  s
   22   1   0   0       1.23285894  s
   22   2   1  -1       0.94461739  p_y
   22   2   1   0       0.92178571  p_z
   22   2   1   1       0.98944651  p_x
   23   1   0   0       0.93870933  s
   24   1   0   0       0.96683302  s
   25   1   0   0       1.26499080  s
   25   2   1  -1       0.97199348  p_y
   25   2   1   0       0.97342200  p_z
   25   2   1   1       0.97792534  p_x
   26   1   0   0       0.93444331  s
   27   1   0   0       0.93302137  s
   28   1   0   0       0.94394646  s
   29   1   0   0       1.25105576  s
   29   2   1  -1       0.98245900  p_y
   29   2   1   0       0.95736203  p_z
   29   2   1   1       0.99982298  p_x
   30   1   0   0       0.92832423  s
   31   1   0   0       0.94841539  s
   32   1   0   0       0.93835497  s
   33   1   0   0       1.22721784  s
   33   2   1  -1       0.92168389  p_y
   33   2   1   0       0.98710191  p_z
   33   2   1   1       0.97952072  p_x
   34   1   0   0       0.93555224  s
   35   1   0   0       0.92309438  s
   36   1   0   0       1.24030654  s
   36   2   1  -1       0.94100818  p_y
   36   2   1   0       0.93880362  p_z
   36   2   1   1       0.99048904  p_x
   37   1   0   0       0.94288587  s
   38   1   0   0       0.95130641  s
   39   1   0   0       1.22959092  s
   39   2   1  -1       0.95760575  p_y
   39   2   1   0       0.93224957  p_z
   39   2   1   1       0.97378418  p_x
   40   1   0   0       0.96204767  s
   41   1   0   0       0.94400154  s
   42   1   0   0       1.24025457  s
   42   2   1  -1       0.96888184  p_y
   42   2   1   0       0.95837477  p_z
   42   2   1   1       0.94682702  p_x
   43   1   0   0       0.93423083  s
   44   1   0   0       0.95138999  s
   45   1   0   0       1.24983891  s
   45   2   1  -1       0.95882292  p_y
   45   2   1   0       0.94075437  p_z
   45   2   1   1       0.96078640  p_x
   46   1   0   0       0.94063624  s
   47   1   0   0       0.93912799  s
   48   1   0   0       1.24923913  s
   48   2   1  -1       0.97446983  p_y
   48   2   1   0       0.93337267  p_z
   48   2   1   1       0.94346764  p_x
   49   1   0   0       0.96097607  s
   50   1   0   0       0.94190198  s
   51   1   0   0       1.24587551  s
   51   2   1  -1       0.96123108  p_y
   51   2   1   0       0.95801493  p_z
   51   2   1   1       0.94096898  p_x
   52   1   0   0       0.94146180  s
   53   1   0   0       0.96878966  s
   54   1   0   0       1.23250421  s
   54   2   1  -1       0.93909519  p_y
   54   2   1   0       0.95920644  p_z
   54   2   1   1       0.95263228  p_x
   55   1   0   0       0.95364047  s
   56   1   0   0       0.94445004  s
   57   1   0   0       1.25160134  s
   57   2   1  -1       0.97094507  p_y
   57   2   1   0       1.00027106  p_z
   57   2   1   1       0.98082481  p_x
   58   1   0   0       0.94750996  s
   59   1   0   0       0.94698316  s
   60   1   0   0       0.91800252  s
   61   1   0   0       1.26005349  s
   61   2   1  -1       0.97976745  p_y
   61   2   1   0       1.00219425  p_z
   61   2   1   1       0.96719077  p_x
   62   1   0   0       0.94550299  s
   63   1   0   0       0.93199532  s
   64   1   0   0       0.92935635  s
   65   1   0   0       1.20487879  s
   65   2   1  -1       0.98085781  p_y
   65   2   1   0       0.97739895  p_z
   65   2   1   1       0.93132015  p_x
   66   1   0   0       0.94440717  s
   67   1   0   0       0.94596915  s
   68   1   0   0       1.24705693  s
   68   2   1  -1       0.97266707  p_y
   68   2   1   0       0.95304244  p_z
   68   2   1   1       0.96021479  p_x
   69   1   0   0       0.94264928  s
   70   1   0   0       0.93057508  s
   71   1   0   0       1.24144904  s
   71   2   1  -1       0.94380511  p_y
   71   2   1   0       0.93873704  p_z
   71   2   1   1       0.98174948  p_x
   72   1   0   0       0.92108822  s
   73   1   0   0       0.96977267  s
   74   1   0   0       1.22509097  s
   74   2   1  -1       0.95755187  p_y
   74   2   1   0       0.94022372  p_z
   74   2   1   1       0.97920576  p_x
   75   1   0   0       0.93856922  s
   76   1   0   0       0.95643811  s
   77   1   0   0       1.22727938  s
   77   2   1  -1       0.98260503  p_y
   77   2   1   0       0.93469866  p_z
   77   2   1   1       0.96279161  p_x
   78   1   0   0       0.93663533  s
   79   1   0   0       0.95431707  s
   80   1   0   0       1.23476485  s
   80   2   1  -1       0.95122268  p_y
   80   2   1   0       0.95256808  p_z
   80   2   1   1       0.95284158  p_x
   81   1   0   0       0.95233831  s
   82   1   0   0       0.95329938  s
   83   1   0   0       1.24076938  s
   83   2   1  -1       0.94373395  p_y
   83   2   1   0       0.96384480  p_z
   83   2   1   1       0.95213323  p_x
   84   1   0   0       0.95200873  s
   85   1   0   0       0.94697029  s
   86   1   0   0       1.23230583  s
   86   2   1  -1       0.95199098  p_y
   86   2   1   0       0.95749804  p_z
   86   2   1   1       0.95487352  p_x
   87   1   0   0       0.94529878  s
   88   1   0   0       0.95576297  s
   89   1   0   0       1.23813149  s
   89   2   1  -1       0.97484985  p_y
   89   2   1   0       1.00471108  p_z
   89   2   1   1       0.97373770  p_x
   90   1   0   0       0.93734181  s
   91   1   0   0       0.94140576  s
   92   1   0   0       0.93985482  s
   93   1   0   0       1.26109330  s
   93   2   1  -1       0.98554030  p_y
   93   2   1   0       0.98790617  p_z
   93   2   1   1       0.96637216  p_x
   94   1   0   0       0.92266103  s
   95   1   0   0       0.93749009  s
   96   1   0   0       0.95277008  s
   97   1   0   0       1.22973270  s
   97   2   1  -1       0.96056851  p_y
   97   2   1   0       0.96654528  p_z
   97   2   1   1       0.92548201  p_x
   98   1   0   0       0.95162842  s
   99   1   0   0       0.94722156  s
  100   1   0   0       1.25309673  s
  100   2   1  -1       0.93589460  p_y
  100   2   1   0       0.95795794  p_z
  100   2   1   1       0.94579215  p_x
  101   1   0   0       0.95191872  s
  102   1   0   0       0.96157188  s
  103   1   0   0       1.23153048  s
  103   2   1  -1       0.91771065  p_y
  103   2   1   0       0.96331413  p_z
  103   2   1   1       0.99488576  p_x
  104   1   0   0       0.94178448  s
  105   1   0   0       0.94816770  s
  106   1   0   0       1.23745161  s
  106   2   1  -1       0.93378158  p_y
  106   2   1   0       0.96197631  p_z
  106   2   1   1       0.98162418  p_x
  107   1   0   0       0.95156620  s
  108   1   0   0       0.94935375  s
  109   1   0   0       1.22562937  s
  109   2   1  -1       0.95342919  p_y
  109   2   1   0       0.97843877  p_z
  109   2   1   1       0.96758054  p_x
  110   1   0   0       0.91979405  s
  111   1   0   0       0.94460150  s
  112   1   0   0       1.22826183  s
  112   2   1  -1       0.95129699  p_y
  112   2   1   0       0.96512704  p_z
  112   2   1   1       0.95249034  p_x
  113   1   0   0       0.93908353  s
  114   1   0   0       0.94387952  s
  115   1   0   0       1.24474802  s
  115   2   1  -1       0.93557444  p_y
  115   2   1   0       0.96039379  p_z
  115   2   1   1       0.94783948  p_x
  116   1   0   0       0.94827822  s
  117   1   0   0       0.96989618  s
  118   1   0   0       1.22318338  s
  118   2   1  -1       0.95493611  p_y
  118   2   1   0       0.95265922  p_z
  118   2   1   1       0.95692208  p_x
  119   1   0   0       0.95262098  s
  120   1   0   0       0.93766610  s
  121   1   0   0       1.26307739  s
  121   2   1  -1       1.00168987  p_y
  121   2   1   0       0.97708921  p_z
  121   2   1   1       0.95388601  p_x
  122   1   0   0       0.93595541  s
  123   1   0   0       0.95247591  s
  124   1   0   0       0.93000744  s
  125   1   0   0       1.26472270  s
  125   2   1  -1       1.00403466  p_y
  125   2   1   0       0.96342790  p_z
  125   2   1   1       0.97827973  p_x
  126   1   0   0       0.92756439  s
  127   1   0   0       0.95927083  s
  128   1   0   0       0.93517497  s
  129   1   0   0       1.24215402  s
  129   2   1  -1       0.96151824  p_y
  129   2   1   0       0.93791612  p_z
  129   2   1   1       0.94972275  p_x
  130   1   0   0       0.94594342  s
  131   1   0   0       0.93971621  s
  132   1   0   0       1.25818155  s
  132   2   1  -1       0.95019439  p_y
  132   2   1   0       0.97421441  p_z
  132   2   1   1       0.93735812  p_x
  133   1   0   0       0.94933655  s
  134   1   0   0       0.94147869  s
  135   1   0   0       1.25481632  s
  135   2   1  -1       0.95685405  p_y
  135   2   1   0       0.97318279  p_z
  135   2   1   1       0.92695292  p_x
  136   1   0   0       0.94267482  s
  137   1   0   0       0.93840154  s
  138   1   0   0       1.24993630  s
  138   2   1  -1       0.96458380  p_y
  138   2   1   0       0.94950518  p_z
  138   2   1   1       0.92845589  p_x
  139   1   0   0       0.94481725  s
  140   1   0   0       0.94968592  s
  141   1   0   0       1.23954173  s
  141   2   1  -1       0.96693992  p_y
  141   2   1   0       0.94837526  p_z
  141   2   1   1       0.92247998  p_x
  142   1   0   0       0.95829850  s
  143   1   0   0       0.97013260  s
  144   1   0   0       1.22889005  s
  144   2   1  -1       0.97778537  p_y
  144   2   1   0       0.97719394  p_z
  144   2   1   1       0.90667295  p_x
  145   1   0   0       0.95110857  s
  146   1   0   0       0.96350746  s
  147   1   0   0       1.24383667  s
  147   2   1  -1       0.95533119  p_y
  147   2   1   0       0.94588105  p_z
  147   2   1   1       0.92941868  p_x
  148   1   0   0       0.95786349  s
  149   1   0   0       0.96902252  s
  150   1   0   0       1.24159933  s
  150   2   1  -1       0.95074488  p_y
  150   2   1   0       0.93832981  p_z
  150   2   1   1       0.95690800  p_x
  151   1   0   0       0.95327976  s
  152   1   0   0       0.95518136  s
  153   1   0   0       1.26844450  s
  153   2   1  -1       0.97956100  p_y
  153   2   1   0       0.94957258  p_z
  153   2   1   1       1.00234473  p_x
  154   1   0   0       0.94123121  s
  155   1   0   0       0.93805739  s
  156   1   0   0       0.94207563  s
  157   1   0   0       1.25693701  s
  157   2   1  -1       0.98952813  p_y
  157   2   1   0       0.97901797  p_z
  157   2   1   1       0.98660662  p_x
  158   1   0   0       0.93225375  s
  159   1   0   0       0.93539126  s
  160   1   0   0       0.92797793  s
  161   1   0   0       1.23338183  s
  161   2   1  -1       0.97489112  p_y
  161   2   1   0       0.94720615  p_z
  161   2   1   1       0.95342701  p_x
  162   1   0   0       0.93054311  s
  163   1   0   0       0.93935724  s
  164   1   0   0       1.27444091  s
  164   2   1  -1       0.95703911  p_y
  164   2   1   0       0.97235954  p_z
  164   2   1   1       0.95715411  p_x
  165   1   0   0       0.93512743  s
  166   1   0   0       0.95119033  s
  167   1   0   0       1.23168382  s
  167   2   1  -1       0.93690213  p_y
  167   2   1   0       0.96783243  p_z
  167   2   1   1       0.96663617  p_x
  168   1   0   0       0.93729759  s
  169   1   0   0       0.93656857  s
  170   1   0   0       1.20740218  s
  170   2   1  -1       0.94810904  p_y
  170   2   1   0       0.97390743  p_z
  170   2   1   1       0.97759111  p_x
  171   1   0   0       0.93832239  s
  172   1   0   0       0.94262564  s
  173   1   0   0       1.23558320  s
  173   2   1  -1       0.99432200  p_y
  173   2   1   0       0.96190940  p_z
  173   2   1   1       0.93994376  p_x
  174   1   0   0       0.95449979  s
  175   1   0   0       0.92792091  s
  176   1   0   0       1.24848245  s
  176   2   1  -1       0.96515630  p_y
  176   2   1   0       0.96197557  p_z
  176   2   1   1       0.91550581  p_x
  177   1   0   0       0.94697621  s
  178   1   0   0       0.95549738  s
  179   1   0   0       1.21898823  s
  179   2   1  -1       0.97809382  p_y
  179   2   1   0       0.96985743  p_z
  179   2   1   1       0.95044955  p_x
  180   1   0   0       0.93732659  s
  181   1   0   0       0.93615308  s
  182   1   0   0       1.21493258  s
  182   2   1  -1       0.95204209  p_y
  182   2   1   0       0.96396905  p_z
  182   2   1   1       0.96031553  p_x
  183   1   0   0       0.96462800  s
  184   1   0   0       0.93325802  s
  185   1   0   0       1.27162875  s
  185   2   1  -1       0.96269918  p_y
  185   2   1   0       0.96750895  p_z
  185   2   1   1       0.99356001  p_x
  186   1   0   0       0.91995164  s
  187   1   0   0       0.93978127  s
  188   1   0   0       0.94763032  s
  189   1   0   0       1.25702960  s
  189   2   1  -1       0.99547740  p_y
  189   2   1   0       1.00917791  p_z
  189   2   1   1       0.95561091  p_x
  190   1   0   0       0.94447178  s
  191   1   0   0       0.92365396  s
  192   1   0   0       0.93205074  s
  193   1   0   0       1.21528175  s
  193   2   1  -1       0.94135783  p_y
  193   2   1   0       0.96786193  p_z
  193   2   1   1       0.97106563  p_x
  194   1   0   0       0.93804855  s
  195   1   0   0       0.94163003  s
  196   1   0   0       1.25781052  s
  196   2   1  -1       0.95085441  p_y
  196   2   1   0       0.96890797  p_z
  196   2   1   1       0.92257866  p_x
  197   1   0   0       0.97804970  s
  198   1   0   0       0.95228350  s
  199   1   0   0       1.25127561  s
  199   2   1  -1       0.95322514  p_y
  199   2   1   0       0.96201634  p_z
  199   2   1   1       0.95035615  p_x
  200   1   0   0       0.93341571  s
  201   1   0   0       0.94517843  s
  202   1   0   0       1.22359902  s
  202   2   1  -1       0.95620882  p_y
  202   2   1   0       0.96139426  p_z
  202   2   1   1       0.96954069  p_x
  203   1   0   0       0.92880615  s
  204   1   0   0       0.93859533  s
  205   1   0   0       1.24354386  s
  205   2   1  -1       0.94755076  p_y
  205   2   1   0       0.95559980  p_z
  205   2   1   1       0.95840554  p_x
  206   1   0   0       0.93813101  s
  207   1   0   0       0.95825430  s
  208   1   0   0       1.24171059  s
  208   2   1  -1       0.93637362  p_y
  208   2   1   0       0.98204097  p_z
  208   2   1   1       0.94270145  p_x
  209   1   0   0       0.95624093  s
  210   1   0   0       0.94250404  s
  211   1   0   0       1.23377247  s
  211   2   1  -1       0.92523089  p_y
  211   2   1   0       0.98609835  p_z
  211   2   1   1       0.97304336  p_x
  212   1   0   0       0.93451487  s
  213   1   0   0       0.95416914  s
  214   1   0   0       1.23674819  s
  214   2   1  -1       0.93599399  p_y
  214   2   1   0       0.95497285  p_z
  214   2   1   1       0.97086676  p_x
  215   1   0   0       0.95089519  s
  216   1   0   0       0.94472823  s
  217   1   0   0       1.26691628  s
  217   2   1  -1       0.98387425  p_y
  217   2   1   0       0.97186835  p_z
  217   2   1   1       0.98381969  p_x
  218   1   0   0       0.94109578  s
  219   1   0   0       0.93602682  s
  220   1   0   0       0.92973903  s
  221   1   0   0       1.26323051  s
  221   2   1  -1       0.98673624  p_y
  221   2   1   0       0.96425622  p_z
  221   2   1   1       0.97882783  p_x
  222   1   0   0       0.94452512  s
  223   1   0   0       0.93216514  s
  224   1   0   0       0.93376255  s
  225   1   0   0       1.24517734  s
  225   2   1  -1       0.94495623  p_y
  225   2   1   0       0.93306722  p_z
  225   2   1   1       0.95961354  p_x
  226   1   0   0       0.95956679  s
  227   1   0   0       0.95399144  s
  228   1   0   0       1.22838836  s
  228   2   1  -1       0.97074305  p_y
  228   2   1   0       0.94623424  p_z
  228   2   1   1       0.95960126  p_x
  229   1   0   0       0.93265197  s
  230   1   0   0       0.94618225  s
  231   1   0   0       1.24422069  s
  231   2   1  -1       0.95263423  p_y
  231   2   1   0       0.93604289  p_z
  231   2   1   1       0.97901617  p_x
  232   1   0   0       0.94351267  s
  233   1   0   0       0.94572084  s
  234   1   0   0       1.25802592  s
  234   2   1  -1       0.97436727  p_y
  234   2   1   0       0.92042421  p_z
  234   2   1   1       0.96276998  p_x
  235   1   0   0       0.95890223  s
  236   1   0   0       0.94244682  s
  237   1   0   0       1.24458144  s
  237   2   1  -1       0.94480903  p_y
  237   2   1   0       0.92602452  p_z
  237   2   1   1       0.99029749  p_x
  238   1   0   0       0.94044138  s
  239   1   0   0       0.94739551  s
  240   1   0   0       1.22945117  s
  240   2   1  -1       0.97056687  p_y
  240   2   1   0       0.94316810  p_z
  240   2   1   1       0.96350164  p_x
  241   1   0   0       0.93888325  s
  242   1   0   0       0.94584683  s
  243   1   0   0       1.21916400  s
  243   2   1  -1       0.99902803  p_y
  243   2   1   0       0.93166380  p_z
  243   2   1   1       0.96407816  p_x
  244   1   0   0       0.93907161  s
  245   1   0   0       0.92814811  s
  246   1   0   0       1.22497649  s
  246   2   1  -1       0.97781228  p_y
  246   2   1   0       0.96235264  p_z
  246   2   1   1       0.94676872  p_x
  247   1   0   0       0.93588341  s
  248   1   0   0       0.95298569  s
  249   1   0   0       1.26844693  s
  249   2   1  -1       0.97575225  p_y
  249   2   1   0       0.96481648  p_z
  249   2   1   1       0.98250601  p_x
  250   1   0   0       0.94208554  s
  251   1   0   0       0.94179994  s
  252   1   0   0       0.93971445  s
  253   1   0   0       1.26518814  s
  253   2   1  -1       0.97379404  p_y
  253   2   1   0       0.99150927  p_z
  253   2   1   1       0.96817024  p_x
  254   1   0   0       0.94498758  s
  255   1   0   0       0.93851450  s
  256   1   0   0       0.93558205  s
  257   1   0   0       1.23931672  s
  257   2   1  -1       0.95192992  p_y
  257   2   1   0       0.96683457  p_z
  257   2   1   1       0.93888192  p_x
  258   1   0   0       0.95301931  s
  259   1   0   0       0.93792153  s
  260   1   0   0       1.22414919  s
  260   2   1  -1       0.93499424  p_y
  260   2   1   0       0.96715928  p_z
  260   2   1   1       0.98117045  p_x
  261   1   0   0       0.94783569  s
  262   1   0   0       0.93847247  s
  263   1   0   0       1.23646362  s
  263   2   1  -1       0.95567348  p_y
  263   2   1   0       0.94145650  p_z
  263   2   1   1       0.97161037  p_x
  264   1   0   0       0.92964922  s
  265   1   0   0       0.93827548  s
  266   1   0   0       1.26209150  s
  266   2   1  -1       0.98315104  p_y
  266   2   1   0       0.94575603  p_z
  266   2   1   1       0.94714806  p_x
  267   1   0   0       0.94300918  s
  268   1   0   0       0.93889968  s
  269   1   0   0       1.22479119  s
  269   2   1  -1       0.97291354  p_y
  269   2   1   0       0.97137292  p_z
  269   2   1   1       0.93518378  p_x
  270   1   0   0       0.94555442  s
  271   1   0   0       0.94071246  s
  272   1   0   0       1.22278891  s
  272   2   1  -1       1.00120295  p_y
  272   2   1   0       0.93866814  p_z
  272   2   1   1       0.93224829  p_x
  273   1   0   0       0.93825705  s
  274   1   0   0       0.95698817  s
  275   1   0   0       1.24127551  s
  275   2   1  -1       0.99279840  p_y
  275   2   1   0       0.97883657  p_z
  275   2   1   1       0.91708842  p_x
  276   1   0   0       0.94272161  s
  277   1   0   0       0.93458309  s
  278   1   0   0       1.23305092  s
  278   2   1  -1       0.96628389  p_y
  278   2   1   0       0.97550340  p_z
  278   2   1   1       0.91403243  p_x
  279   1   0   0       0.95278914  s
  280   1   0   0       0.95917423  s
  281   1   0   0       1.27697235  s
  281   2   1  -1       0.98041287  p_y
  281   2   1   0       0.98981467  p_z
  281   2   1   1       0.96130174  p_x
  282   1   0   0       0.93552086  s
  283   1   0   0       0.93958018  s
  284   1   0   0       0.94096733  s
  285   1   0   0       1.26016746  s
  285   2   1  -1       0.98559859  p_y
  285   2   1   0       0.97644665  p_z
  285   2   1   1       0.97260682  p_x
  286   1   0   0       0.94553099  s
  287   1   0   0       0.93242981  s
  288   1   0   0       0.93507944  s
  289   1   0   0       1.23711536  s
  289   2   1  -1       0.95812213  p_y
  289   2   1   0       0.94024273  p_z
  289   2   1   1       0.94492180  p_x
  290   1   0   0       0.95723694  s
  291   1   0   0       0.95532123  s
  292   1   0   0       1.24523343  s
  292   2   1  -1       0.97213255  p_y
  292   2   1   0       0.96371974  p_z
  292   2   1   1       0.93184541  p_x
  293   1   0   0       0.94553980  s
  294   1   0   0       0.93034417  s
  295   1   0   0       1.23132552  s
  295   2   1  -1       0.95423027  p_y
  295   2   1   0       0.97334587  p_z
  295   2   1   1       0.96291345  p_x
  296   1   0   0       0.93829546  s
  297   1   0   0       0.94564237  s
  298   1   0   0       1.23568483  s
  298   2   1  -1       0.97806301  p_y
  298   2   1   0       0.93207611  p_z
  298   2   1   1       0.96288935  p_x
  299   1   0   0       0.93851887  s
  300   1   0   0       0.92557681  s
  301   1   0   0       1.25147499  s
  301   2   1  -1       0.94886057  p_y
  301   2   1   0       0.93596806  p_z
  301   2   1   1       0.96421832  p_x
  302   1   0   0       0.94864161  s
  303   1   0   0       0.96799833  s
  304   1   0   0       1.22983486  s
  304   2   1  -1       0.96535178  p_y
  304   2   1   0       0.93560428  p_z
  304   2   1   1       0.96828167  p_x
  305   1   0   0       0.94793431  s
  306   1   0   0       0.94979654  s
  307   1   0   0       1.23066913  s
  307   2   1  -1       0.94376090  p_y
  307   2   1   0       0.93801327  p_z
  307   2   1   1       0.96726431  p_x
  308   1   0   0       0.95078947  s
  309   1   0   0       0.96908101  s
  310   1   0   0       1.23440486  s
  310   2   1  -1       0.93501306  p_y
  310   2   1   0       0.97042349  p_z
  310   2   1   1       0.93030550  p_x
  311   1   0   0       0.97162822  s
  312   1   0   0       0.95264924  s
  313   1   0   0       1.27087858  s
  313   2   1  -1       0.96670150  p_y
  313   2   1   0       0.99796143  p_z
  313   2   1   1       0.96218005  p_x
  314   1   0   0       0.94141851  s
  315   1   0   0       0.94188096  s
  316   1   0   0       0.93624250  s
  317   1   0   0       1.26210140  s
  317   2   1  -1       0.98891998  p_y
  317   2   1   0       0.98764924  p_z
  317   2   1   1       0.97793489  p_x
  318   1   0   0       0.92524811  s
  319   1   0   0       0.92928975  s
  320   1   0   0       0.93933134  s
  321   1   0   0       1.25378788  s
  321   2   1  -1       0.94473438  p_y
  321   2   1   0       0.96183640  p_z
  321   2   1   1       0.95554224  p_x
  322   1   0   0       0.95555588  s
  323   1   0   0       0.93059683  s
  324   1   0   0       1.24326852  s
  324   2   1  -1       0.97476971  p_y
  324   2   1   0       0.95388007  p_z
  324   2   1   1       0.94373592  p_x
  325   1   0   0       0.93639752  s
  326   1   0   0       0.94711567  s
  327   1   0   0       1.24429539  s
  327   2   1  -1       0.93991812  p_y
  327   2   1   0       0.96449326  p_z
  327   2   1   1       0.94423146  p_x
  328   1   0   0       0.95308428  s
  329   1   0   0       0.95838763  s
  330   1   0   0       1.24046964  s
  330   2   1  -1       0.95529388  p_y
  330   2   1   0       0.96936041  p_z
  330   2   1   1       0.93697513  p_x
  331   1   0   0       0.94242969  s
  332   1   0   0       0.95188949  s
  333   1   0   0       1.24954576  s
  333   2   1  -1       0.99031637  p_y
  333   2   1   0       0.94015284  p_z
  333   2   1   1       0.93108070  p_x
  334   1   0   0       0.94409174  s
  335   1   0   0       0.97269197  s
  336   1   0   0       1.22558000  s
  336   2   1  -1       0.98608594  p_y
  336   2   1   0       0.95209106  p_z
  336   2   1   1       0.92385318  p_x
  337   1   0   0       0.94802982  s
  338   1   0   0       0.94820156  s
  339   1   0   0       1.22024829  s
  339   2   1  -1       0.98176168  p_y
  339   2   1   0       0.96746042  p_z
  339   2   1   1       0.93050754  p_x
  340   1   0   0       0.94028089  s
  341   1   0   0       0.93728025  s
  342   1   0   0       1.21787767  s
  342   2   1  -1       0.98112924  p_y
  342   2   1   0       0.93833558  p_z
  342   2   1   1       0.97091306  p_x
  343   1   0   0       0.93990353  s
  344   1   0   0       0.95332575  s
  345   1   0   0       1.28031955  s
  345   2   1  -1       0.96083998  p_y
  345   2   1   0       0.99594063  p_z
  345   2   1   1       0.97058655  p_x
  346   1   0   0       0.92614698  s
  347   1   0   0       0.92675543  s
  348   1   0   0       0.93752860  s
  349   1   0   0       1.24701433  s
  349   2   1  -1       0.98762026  p_y
  349   2   1   0       0.96365660  p_z
  349   2   1   1       0.99893203  p_x
  350   1   0   0       0.93850972  s
  351   1   0   0       0.92859423  s
  352   1   0   0       0.94595726  s
 
Fermi level:                        -0.0639519559 H           -1.7402 eV
Band energy:                      -278.4656919346 H        -7577.4370 eV
TS:                                  0.0000000000 H            0.0000 eV
Band free energy (E-TS):          -278.4656919346 H        -7577.4370 eV
Extrapolated E(0K):               -278.4656919346 H        -7577.4370 eV
Input / Output electrons (q):    682.0000000000    682.0000000000
 
Energy H0:                        -283.1121633754 H        -7703.8739 eV
Energy SCC:                          0.0735465027 H            2.0013 eV
Total Electronic energy:          -283.0386168727 H        -7701.8726 eV
Repulsive energy:                    4.7350065851 H          128.8461 eV
Dispersion energy:                   1.1322217255 H           30.8093 eV
Total energy:                     -277.1713885621 H        -7542.2172 eV
Extrapolated to 0:                -277.1713885621 H        -7542.2172 eV
Total Mermin free energy:         -277.1713885621 H        -7542.2172 eV
Force related energy:             -277.1713885621 H        -7542.2172 eV
 
SCC converged
 
Full geometry written in geo_end.{xyz|gen}
 
MD Kinetic Energy:                   0.6820135016 H
Total MD Energy:                  -276.4893750605 H
Pressure:                            0.131580E-04 au     0.387121E+09 Pa
MD Temperature:                      0.0012953723 H          409.0457 K
MD Kinetic Energy:                   0.6820135016 H
Total MD Energy:                  -276.4893750605 H        -7523.6587 eV
MD Temperature:                      0.0012953723 H          409.0457 K
 
Molecular dynamics completed
 
