 Fermi distribution function
 
MD step: 100000
 

********************************************************************************
 iSCC Total electronic   Diff electronic      SCC error    
    5   -0.28287446E+03    0.20293101E-10    0.78783205E-06
********************************************************************************
 
Coordinates of moved atoms (au):
    1     68.67060170     53.47233435     76.94937741
    2     67.86806960     51.72706013     76.10357323
    3     69.33197085     52.84857273     78.84573414
    4     70.69269114     83.45116635     75.34918348
    5     71.81907506     84.72978866     76.49107676
    6     40.97960381     84.54502098     73.83394323
    7     72.42865434     81.40637603     74.45858991
    8     42.55889861     80.62008596     72.80656234
    9     72.85915267     79.99961828     75.90289300
   10     45.92189491     82.74492723     73.61427761
   11     46.94036106     83.79159090     75.15110481
   12     45.31784345     84.14552300     72.08191924
   13     76.48129470     80.74192900     72.39580032
   14     75.30052132     79.66052091     70.90560843
   15     77.23257788     79.12284430     73.66971924
   16     49.80383958     81.81579103     71.07259190
   17     51.26574893     82.46381926     72.52989146
   18     49.21773891     83.55697938     70.05956251
   19     79.86885946     79.94991264     68.97524145
   20     78.16447162     79.40359665     67.76967271
   21     80.44416468     78.09586474     69.84342640
   22     82.35487163     81.10630176     68.02336013
   23     55.07448399     80.05929158     68.78897770
   24     53.50340476     83.12366720     68.73053586
   25     66.45860086     55.42916745     77.26488658
   26     65.54259141     55.73001082     75.39112061
   27     64.97542992     54.82889258     78.50201105
   28     67.21263409     57.30849693     78.05515357
   29     82.64957761     81.38714606     65.22727593
   30     81.94594052     79.66609848     64.02129424
   31     81.61696164     83.07794500     64.51169129
   32     84.50681959     81.79759299     64.61496559
   33     54.22523926     56.55680396     59.63941312
   34     52.23349181     55.98370452     59.48918763
   35     54.47996799     57.17105298     61.60633571
   36     55.78696562     54.19410801     59.20337594
   37     55.35612906     52.79063785     60.79472432
   38     57.97303679     54.62766776     59.13579589
   39     55.18425291     52.90444004     56.67102743
   40     56.56199417     51.57376913     56.05952328
   41     55.13641744     54.38797833     55.07460316
   42     52.63850142     51.52239664     56.44465421
   43     79.98297849     52.79545470     56.68361992
   44     52.29427163     50.08347189     57.97221723
   45     52.48545069     50.06234850     53.95795996
   46     53.73295007     48.28441804     53.96397638
   47     82.34353635     51.45659580     52.62065785
   48     78.69518878     49.39851698     53.25094590
   49     77.51246154     51.10977885     53.73740108
   50     77.98363419     47.89289627     54.51808202
   51     49.57795954     48.43900999     50.67116460
   52     51.05800140     46.98563779     50.51736956
   53     49.74666310     49.98706847     49.17291908
   54     75.96141429     47.17866501     78.90541795
   55     74.67985225     48.69086955     78.53913975
   56     75.46801138     45.97736302     80.46659562
   57     54.52157148     58.75536258     57.75310508
   58     52.92207031     60.14299183     58.38022462
   59     56.49969287     59.66948977     57.90416966
   60     54.01282346     58.18892269     55.80636609
   61     47.32624651     45.46550913     76.63896640
   62     46.06885118     43.75640997     76.51360369
   63     47.24530865     46.40776842     74.68074603
   64     49.09036348     44.37936221     76.77077395
   65     67.13082414     78.47066463     66.30934200
   66     67.65300891     76.98591489     67.60830749
   67     65.08083915     78.77622976     66.35264043
   68     68.67572876     80.91192633     66.54239577
   69     70.54793263     80.79281639     65.66763759
   70     68.90175989     81.38917217     68.60053565
   71     67.12622479     83.09858716     65.23607264
   72     65.37063356     83.36565934     66.27440480
   73     66.73574744     82.26661595     63.31840240
   74     68.73071904     56.68645628     65.10126453
   75     70.35799312     56.77188964     63.79223066
   76     69.63196896     57.13394739     67.08198352
   77     67.11837091     59.10700051     64.56148823
   78     66.08982479     87.81038784     62.69338647
   79     68.37701646     89.74122320     64.24334766
   80     65.09798368     59.84001685     66.73216820
   81     65.25255259     61.91623465     67.28428436
   82     65.18011965     58.61459737     68.45868013
   83     62.23951132     59.52603440     66.11910120
   84     61.94054372     57.88383395     65.01578358
   85     61.49603860     61.16659657     65.08767117
   86     60.69829753     59.60457565     68.67057137
   87     60.65465485     61.67935302     69.28004178
   88     61.43383742     58.33960309     70.14053687
   89     67.52374928     77.04584151     63.73490807
   90     66.64190225     77.96943972     62.08868436
   91     69.48205871     76.70058045     63.21985829
   92     66.78122537     75.11201718     63.87562883
   93     57.96420670     58.91079778     68.39267396
   94     56.96119000     58.76272404     70.25682844
   95     56.96034469     60.46209944     67.31893412
   96     57.57823759     57.13774129     67.42780259
   97     55.94996829     71.58527364     77.39515576
   98     57.60653966     70.33713633     76.77303471
   99     54.45553195     70.08838781     77.31333605
  100     56.24251162     72.59428691     80.08590583
  101     54.39746434     72.84374236     81.09356576
  102     57.27040787     74.39873759     80.15211048
  103     58.05853363     70.87581822     81.61182310
  104     57.80271537     71.83446868     83.47415770
  105     59.95743602     71.17829858     80.87628063
  106     57.66381533     68.03052868     52.55088953
  107     57.88984734     67.21076345     50.51527869
  108     55.76529472     67.43662510     53.11735951
  109     59.44818502     66.45963849     54.38273009
  110     61.07813497     67.56771528     55.18025153
  111     60.36130467     64.97616895     53.19253839
  112     58.02052368     64.78185745     56.36969600
  113     59.25426851     63.06314638     56.70941660
  114     56.23855939     63.93307928     55.42232604
  115     57.57088764     66.06730947     58.92847864
  116     56.70341307     67.99417951     58.77759305
  117     59.55468905     66.93063261     59.49747518
  118     56.81284002     64.34743056     61.17765921
  119     58.13879103     62.65917287     61.16505135
  120     54.79140180     63.93143946     61.02673328
  121     55.52249453     73.53143169     75.40313319
  122     53.77326844     74.64384256     75.73201794
  123     57.12123287     74.79818483     75.25402359
  124     55.23678280     72.38887349     73.66709989
  125     57.24181311     65.70444027     63.76389984
  126     59.15587856     65.90533967     63.83976133
  127     56.53756965     67.63167581     63.77014440
  128     56.63144658     64.71462898     65.43222069
  129     73.15950900     69.15619225     69.20132415
  130     71.53299402     67.96840980     68.85813191
  131     74.90700334     68.06515010     69.31609168
  132     73.56935898     71.09729866     66.93080179
  133     75.43287491     71.87881162     67.03103782
  134     71.97763787     72.47122801     66.85865186
  135     73.75496730     69.70999059     64.35249246
  136     72.38681056     68.25158984     64.18132960
  137     75.51275818     68.66686749     64.42924231
  138     73.85143883     71.32954001     61.95710655
  139     75.41082269     70.44187257     60.79915702
  140     74.66048976     73.12059437     62.53606121
  141     71.32211677     71.26684451     60.53644211
  142     69.83431541     71.69843301     61.90339929
  143     70.74525378     69.35727698     59.92018102
  144     71.40230577     73.29774420     58.35350815
  145     72.85312545     73.02831201     56.84728201
  146     71.43612001     75.25319607     59.11196911
  147     68.91997325     72.93509457     56.78255175
  148     68.86453132     70.88956496     56.18094499
  149     68.74917703     74.30196197     55.29304744
  150     66.41963838     73.60457035     58.19856064
  151     66.09108567     75.72930414     58.18507821
  152     66.67821919     72.80408587     60.16187815
  153     72.55115359     70.64028002     71.52302325
  154     72.18546900     40.34781572     73.28423641
  155     74.03060252     71.97878436     71.92574692
  156     70.72616866     71.66901288     71.34744305
  157     64.18569861     72.37211319     56.90292356
  158     64.07063566     72.91931674     54.90034060
  159     64.20284952     70.34269075     56.79178904
  160     62.33105730     72.85455524     57.87995566
  161     67.54185255     64.24547817     57.20709634
  162     65.59331783     64.45882414     56.36987356
  163     67.54771643     65.27189290     58.99666761
  164     68.51476445     61.44978373     57.54487131
  165     67.25726546     60.35423086     58.83468199
  166     70.55843675     61.58161291     58.05726356
  167     68.32868705     59.86714684     55.17644271
  168     69.37173780     60.54440898     53.60994622
  169     66.24562528     59.63126753     54.69627895
  170     69.19512988     57.12876920     55.60062582
  171     68.34308564     55.82493681     54.16486715
  172     68.42245416     56.57550421     57.65348455
  173     72.24843862     85.96750403     55.74663986
  174     72.99126978     87.26761687     57.20452870
  175     72.87487643     57.82372843     54.00943563
  176     73.12358849     83.14290074     56.07880830
  177     75.20764993     83.04171057     55.96131406
  178     72.34021478     82.05436027     54.56068113
  179     72.28849466     81.82610709     58.62761137
  180     71.78894565     79.75484170     58.16902205
  181     70.53911663     82.61304873     59.44176901
  182     74.31772914     82.01202985     60.73797563
  183     73.36563072     81.43746433     62.41669579
  184     75.10960918     83.92058833     61.20375497
  185     69.28094315     65.57521881     55.34705301
  186     68.39831696     67.23997252     54.57908613
  187     71.19580127     65.86346129     56.03468137
  188     69.77720591     64.38468086     82.56511549
  189     76.43482888     79.99111713     60.63621829
  190     78.10232085     80.41660769     61.69736867
  191     75.82904979     78.22030373     61.44587155
  192     76.81349570     79.53658615     58.65001581
  193     62.89589804     52.04197307     86.33797675
  194     61.32340174     50.76355562     86.59774738
  195     64.35567562     79.70562081     86.92703634
  196     63.16602873     52.43104333     83.46390392
  197     65.21536219     52.03902152     83.10029351
  198     63.15005190     83.43514757     82.98336605
  199     61.25786287     51.12059422     81.82721861
  200     59.40287489     52.30286943     81.59202899
  201     60.50524874     49.56046741     83.11586167
  202     62.09677201     50.04327896     79.34449530
  203     62.75158154     51.46247002     77.98730957
  204     60.45866182     49.33920576     78.44655159
  205     64.22288442     47.99215663     79.42256595
  206     64.00971938     46.93278838     81.28795321
  207     66.17155585     48.92415029     79.59103524
  208     63.98283422     46.50665423     76.95824965
  209     65.19796760     47.40045312     75.37657523
  210     62.01655706     46.35109844     76.33220184
  211     64.87556958     72.65471983     77.34387331
  212     63.65656381     71.52692282     76.04194698
  213     64.33573992     72.09580666     79.33301089
  214     67.59279485     71.91255325     76.81214334
  215     68.06447508     72.73182097     74.79668166
  216     67.99405578     69.86857464     76.71480785
  217     63.28321369     54.42841348     87.93607828
  218     65.10203056     55.20435281     58.74106827
  219     61.91587850     55.89832677     58.87500234
  220     63.23191162     53.80938577     89.87987745
  221     69.50122846     72.94768710     78.67190620
  222     69.27015235     72.02264186     80.59265420
  223     71.43587939     72.53634159     78.27837520
  224     69.30449639     75.14482099     78.74851563
  225     60.85805736     80.92507362     71.04183063
  226     60.32965059     82.21467992     69.45113238
  227     59.52567918     81.34361687     72.50395569
  228     60.89522810     49.12156705     70.16737698
  229     59.74095512     48.23189457     71.51539391
  230     62.85715023     48.48015922     70.58772592
  231     59.94061139     77.49085871     67.36411455
  232     60.80863227     78.95492569     66.20672481
  233     57.89509230     77.71693385     67.34269751
  234     60.73223899     74.85145232     66.40139917
  235     59.61169321     73.30928258     67.39431703
  236     62.61877817     74.40129831     67.06490455
  237     60.43292699     74.28217169     63.45956210
  238     61.81184014     72.72517760     62.99295852
  239     61.42554403     46.99504027     62.49400162
  240     57.68809657     73.72309678     62.74215670
  241     56.57670273     46.37437386     63.57164658
  242     57.16285465     43.07747384     63.86369162
  243     57.07528142     73.17269245     60.01939526
  244     58.34066116     71.65579895     59.27924940
  245     57.45798448     74.85678437     58.85485264
  246     54.29704229     72.16798546     59.82530870
  247     53.72974198     71.08172246     61.51628812
  248     54.18936581     70.68828418     58.28674926
  249     63.39090068     52.97367863     71.88136958
  250     63.40902185     55.02643545     71.54422300
  251     63.65977883     52.65882768     73.85699944
  252     65.01646853     52.39499715     70.84681007
  253     52.48753213     74.24572972     59.22336781
  254     52.65292093     75.73260587     60.64806354
  255     52.68209331     75.09577070     57.28187848
  256     50.42479581     73.42113836     88.47687514
  257     81.01565534     70.55363310     67.10262362
  258     81.65115827     70.40798470     65.08083128
  259     79.60941719     69.05063451     67.14093445
  260     83.21028744     69.95587673     68.89925022
  261     84.14116913     71.63994569     69.71558799
  262     84.93828996     69.22834161     67.88975720
  263     82.39696909     68.39712450     71.21943467
  264     81.81670008     69.61101572     72.79184667
  265     83.91244082     67.43274217     72.20178303
  266     80.20392888     66.43050263     70.95528376
  267     78.40952826     67.09322440     69.90223179
  268     79.43198679     66.05274344     72.83184311
  269     81.24850481     63.82368100     69.85551757
  270     83.00493142     63.05001561     70.85921915
  271     82.01096895     64.21136352     67.87641532
  272     79.43600448     61.73634040     69.95302098
  273     77.74331492     62.35640390     71.04126088
  274     80.14278563     60.01808643     70.87756984
  275     78.57587661     60.93951279     67.27270078
  276     77.52243271     59.04063102     67.38028062
  277     80.21076213     60.49479781     65.98958130
  278     76.97746830     63.12454869     65.97358300
  279     76.38960497     64.50497501     67.49061894
  280     75.19949859     62.22143507     65.26611848
  281     80.04589596     73.38480997     67.39289446
  282     79.26659303     73.68110370     69.37076470
  283     81.54510832     74.68524931     67.06280157
  284     78.64520392     73.44170085     65.77179524
  285     78.36368157     64.52813078     63.96390575
  286     80.21230782     63.65059385     63.16539455
  287     77.02591709     64.96283824     62.49801184
  288     79.41658834     66.29633775     64.34897387
  289     56.56485165     55.82306846     77.18935047
  290     57.15091144     55.07210525     79.08481861
  291     54.99319161     56.97856602     78.05631523
  292     58.59596424     57.22547111     75.73309793
  293     57.97615410     57.51658774     73.74532365
  294     60.15933419     55.88579301     75.39121184
  295     59.60426045     59.69046971     76.95714323
  296     60.65060199     59.11953172     78.77855830
  297     58.06938867     60.57079304     48.80218013
  298     61.20645046     61.47393671     46.27732527
  299     59.69155166     62.10121834     73.81875400
  300     62.62720002     60.23170268     45.47368925
  301     61.73533890     63.96000952     47.76344575
  302     62.23973428     63.45420920     49.69604735
  303     59.79433972     64.71631633     76.97238653
  304     63.95741706     65.60691703     46.34641359
  305     65.73082180     64.20072324     46.31221094
  306     64.08939919     67.38702625     47.29813155
  307     63.48808019     66.12809356     43.49231035
  308     61.43073344     66.45256919     42.79892770
  309     63.90956278     64.19809763     42.47900597
  310     65.14674920     68.28127875     42.56751986
  311     67.02815518     67.82105825     42.90834554
  312     64.64375448     70.02061238     43.44987426
  313     55.16899627     53.53291321     76.08848729
  314     55.94849189     53.13359713     74.34250264
  315     55.39637271     52.03608335     77.49737712
  316     53.14221420     53.95115421     76.29344646
  317     64.50551220     68.81217007     39.81678201
  318     62.48906321     68.90322246     39.52885828
  319     65.72614019     70.45606423     39.11189822
  320     65.02582972     67.13794916     38.71247360
  321     79.33389887     68.35862552     53.70541383
  322     79.60394145     66.67062026     54.96034947
  323     81.00893375     69.40968651     53.15917338
  324     78.20560932     67.43678675     80.10063202
  325     79.77241552     67.54740920     78.74247652
  326     76.94211221     68.98293584     79.24163152
  327     77.00582947     64.84774827     80.21916343
  328     75.80545182     64.90959476     81.94690577
  329     78.59488867     63.41037761     80.51515959
  330     75.39470739     64.18295972     77.88057553
  331     74.66138844     62.19804304     77.89488089
  332     76.53886240     64.47563537     76.24767074
  333     72.85476916     65.77434110     77.75483708
  334     73.49494933     67.77854534     77.23366891
  335     72.06325425     65.86559753     79.73163890
  336     70.78925317     64.88172509     76.10283866
  337     69.40507070     66.28291973     75.40381626
  338     69.60798779     63.28294560     76.84513091
  339     71.73425181     63.84600337     73.45503390
  340     73.25661624     64.88981026     72.60192611
  341     70.21872508     64.44486048     72.31370169
  342     72.10384500     60.89970379     73.28344537
  343     70.43339285     59.97023864     74.02070669
  344     73.66310725     60.29576301     74.79518311
  345     77.26570112     69.87077525     55.09222889
  346     78.13613616     70.95927500     56.65052271
  347     76.27126877     70.97499935     53.60801270
  348     75.90132488     68.61814130     55.94354525
  349     72.68568302     60.23372519     70.58425386
  350     74.33754546     61.12875605     70.01794747
  351     72.96689854     58.21900763     70.30370679
  352     71.21888426     60.88079653     69.22624819
 
 Total charge:    -0.00000000

 Atomic gross charges (e)
 Atom           Charge
    1      -0.08889291
    2       0.04694842
    3       0.04957237
    4      -0.10678203
    5       0.05233706
    6       0.06678838
    7      -0.12213253
    8       0.06460050
    9       0.06720274
   10      -0.10008593
   11       0.06062678
   12       0.04865025
   13      -0.08688935
   14       0.03563133
   15       0.04293053
   16      -0.11578433
   17       0.04949102
   18       0.05166065
   19      -0.11161792
   20       0.06512995
   21       0.04546092
   22      -0.07276392
   23       0.05192544
   24       0.04960542
   25      -0.21443315
   26       0.06183785
   27       0.07389109
   28       0.05475322
   29      -0.19280730
   30       0.04506122
   31       0.05472688
   32       0.07127438
   33      -0.09715253
   34       0.05481353
   35       0.05351847
   36      -0.08644612
   37       0.04865999
   38       0.04081183
   39      -0.10793496
   40       0.06468274
   41       0.04137076
   42      -0.11668214
   43       0.05980814
   44       0.04355267
   45      -0.10841065
   46       0.04595114
   47       0.05148983
   48      -0.09183309
   49       0.04921600
   50       0.05062506
   51      -0.10462390
   52       0.06224052
   53       0.04838677
   54      -0.11513431
   55       0.07250583
   56       0.06695705
   57      -0.18417140
   58       0.04481808
   59       0.06217148
   60       0.07239962
   61      -0.19561259
   62       0.05388659
   63       0.05521016
   64       0.05961275
   65      -0.10864622
   66       0.06383681
   67       0.06872429
   68      -0.10658255
   69       0.06666641
   70       0.04768146
   71      -0.11532185
   72       0.07309465
   73       0.06006302
   74      -0.10291431
   75       0.06389670
   76       0.03690488
   77      -0.10502828
   78       0.04843441
   79       0.05248140
   80      -0.12109844
   81       0.05221951
   82       0.06315746
   83      -0.12549239
   84       0.07224250
   85       0.05573872
   86      -0.09640931
   87       0.05009967
   88       0.06222825
   89      -0.21797564
   90       0.06268906
   91       0.06387029
   92       0.05781903
   93      -0.19343117
   94       0.05547285
   95       0.05071663
   96       0.06414836
   97      -0.08250495
   98       0.04084202
   99       0.04407381
  100      -0.11118234
  101       0.05654436
  102       0.05694202
  103      -0.11348386
  104       0.05886140
  105       0.06018521
  106      -0.09749278
  107       0.04239091
  108       0.05966568
  109      -0.12279674
  110       0.06179819
  111       0.04630262
  112      -0.08467630
  113       0.04287922
  114       0.04502658
  115      -0.10645534
  116       0.06556713
  117       0.02119513
  118      -0.08980424
  119       0.05881345
  120       0.06329175
  121      -0.20293291
  122       0.06296588
  123       0.07032987
  124       0.06419184
  125      -0.23576518
  126       0.07691653
  127       0.06798856
  128       0.07721957
  129      -0.10709817
  130       0.06454554
  131       0.06462703
  132      -0.13586892
  133       0.07488979
  134       0.06398975
  135      -0.13940411
  136       0.06119225
  137       0.05006527
  138      -0.10703147
  139       0.04023809
  140       0.06627731
  141      -0.10049740
  142       0.06096533
  143       0.06310796
  144      -0.11729923
  145       0.06259398
  146       0.06452227
  147      -0.14114841
  148       0.06050530
  149       0.06998449
  150      -0.09338978
  151       0.05224860
  152       0.05376468
  153      -0.18554116
  154       0.04069110
  155       0.07074311
  156       0.05809333
  157      -0.19777939
  158       0.05986565
  159       0.06507581
  160       0.05129336
  161      -0.09837605
  162       0.05375559
  163       0.06025542
  164      -0.10504544
  165       0.06060948
  166       0.06359852
  167      -0.11121643
  168       0.07235585
  169       0.04295404
  170      -0.11179541
  171       0.06410847
  172       0.03129277
  173      -0.12605528
  174       0.06236673
  175       0.06324605
  176      -0.11584120
  177       0.05924140
  178       0.06299887
  179      -0.09633728
  180       0.04469620
  181       0.06057531
  182      -0.10934869
  183       0.05600668
  184       0.06129292
  185      -0.20697305
  186       0.06981270
  187       0.06581524
  188       0.04783843
  189      -0.21873121
  190       0.07477457
  191       0.05807975
  192       0.06657516
  193      -0.11100866
  194       0.06698888
  195       0.04931586
  196      -0.10701157
  197       0.04966725
  198       0.04780234
  199      -0.07189051
  200       0.03669792
  201       0.03363121
  202      -0.12100508
  203       0.05700285
  204       0.06204416
  205      -0.09679887
  206       0.05576615
  207       0.04845480
  208      -0.09657614
  209       0.05169084
  210       0.06175486
  211      -0.10888964
  212       0.04467367
  213       0.05084022
  214      -0.07236183
  215       0.03006346
  216       0.05713406
  217      -0.21017764
  218       0.07847311
  219       0.07494493
  220       0.05729109
  221      -0.19611197
  222       0.05510895
  223       0.06947247
  224       0.05198320
  225      -0.10640035
  226       0.04727586
  227       0.06446144
  228      -0.13540456
  229       0.06500165
  230       0.05994871
  231      -0.10605898
  232       0.06329064
  233       0.06498749
  234      -0.11662850
  235       0.03904659
  236       0.06141936
  237      -0.10381476
  238       0.04867066
  239       0.04450483
  240      -0.08891341
  241       0.05327582
  242       0.05240331
  243      -0.10563748
  244       0.05320518
  245       0.06167899
  246      -0.09418425
  247       0.06052272
  248       0.04500677
  249      -0.21425330
  250       0.05330268
  251       0.07165997
  252       0.07507586
  253      -0.18013716
  254       0.06537736
  255       0.07134075
  256       0.03783960
  257      -0.11003655
  258       0.04039782
  259       0.07635457
  260      -0.09425095
  261       0.04915234
  262       0.04825703
  263      -0.11475054
  264       0.05231130
  265       0.06035032
  266      -0.11334164
  267       0.05639599
  268       0.05324642
  269      -0.09318938
  270       0.04139883
  271       0.04986378
  272      -0.09614692
  273       0.05386709
  274       0.05379721
  275      -0.11282753
  276       0.03962767
  277       0.05415865
  278      -0.08068673
  279       0.05262066
  280       0.05060787
  281      -0.20831899
  282       0.06877651
  283       0.08084930
  284       0.06576733
  285      -0.20084378
  286       0.05119962
  287       0.06858852
  288       0.06357714
  289      -0.10664690
  290       0.04282609
  291       0.04115131
  292      -0.09197298
  293       0.05043750
  294       0.04852477
  295      -0.12636539
  296       0.03609683
  297       0.07023269
  298      -0.11430455
  299       0.04801731
  300       0.08041224
  301      -0.12514411
  302       0.06117568
  303       0.06481607
  304      -0.11399793
  305       0.05407272
  306       0.07829826
  307      -0.09017195
  308       0.04471405
  309       0.03271892
  310      -0.11697478
  311       0.07664286
  312       0.06727071
  313      -0.22429393
  314       0.09306272
  315       0.06224003
  316       0.07131953
  317      -0.20492535
  318       0.07730383
  319       0.05903324
  320       0.05530706
  321      -0.11805759
  322       0.06002851
  323       0.07512348
  324      -0.11077064
  325       0.04327608
  326       0.04478480
  327      -0.08818203
  328       0.05449427
  329       0.04649735
  330      -0.11980454
  331       0.05733780
  332       0.07085884
  333      -0.08799772
  334       0.04348006
  335       0.04675727
  336      -0.10291910
  337       0.05680670
  338       0.05373515
  339      -0.15504312
  340       0.06835960
  341       0.05876242
  342      -0.07929488
  343       0.05868334
  344       0.03367687
  345      -0.20973108
  346       0.06690587
  347       0.06668651
  348       0.06780642
  349      -0.20833548
  350       0.07901748
  351       0.06385699
  352       0.06317744
 
Nr. of electrons (up):    682.00000000
Atom populations (up)
 Atom       Population
    1       4.08889291
    2       0.95305158
    3       0.95042763
    4       4.10678203
    5       0.94766294
    6       0.93321162
    7       4.12213253
    8       0.93539950
    9       0.93279726
   10       4.10008593
   11       0.93937322
   12       0.95134975
   13       4.08688935
   14       0.96436867
   15       0.95706947
   16       4.11578433
   17       0.95050898
   18       0.94833935
   19       4.11161792
   20       0.93487005
   21       0.95453908
   22       4.07276392
   23       0.94807456
   24       0.95039458
   25       4.21443315
   26       0.93816215
   27       0.92610891
   28       0.94524678
   29       4.19280730
   30       0.95493878
   31       0.94527312
   32       0.92872562
   33       4.09715253
   34       0.94518647
   35       0.94648153
   36       4.08644612
   37       0.95134001
   38       0.95918817
   39       4.10793496
   40       0.93531726
   41       0.95862924
   42       4.11668214
   43       0.94019186
   44       0.95644733
   45       4.10841065
   46       0.95404886
   47       0.94851017
   48       4.09183309
   49       0.95078400
   50       0.94937494
   51       4.10462390
   52       0.93775948
   53       0.95161323
   54       4.11513431
   55       0.92749417
   56       0.93304295
   57       4.18417140
   58       0.95518192
   59       0.93782852
   60       0.92760038
   61       4.19561259
   62       0.94611341
   63       0.94478984
   64       0.94038725
   65       4.10864622
   66       0.93616319
   67       0.93127571
   68       4.10658255
   69       0.93333359
   70       0.95231854
   71       4.11532185
   72       0.92690535
   73       0.93993698
   74       4.10291431
   75       0.93610330
   76       0.96309512
   77       4.10502828
   78       0.95156559
   79       0.94751860
   80       4.12109844
   81       0.94778049
   82       0.93684254
   83       4.12549239
   84       0.92775750
   85       0.94426128
   86       4.09640931
   87       0.94990033
   88       0.93777175
   89       4.21797564
   90       0.93731094
   91       0.93612971
   92       0.94218097
   93       4.19343117
   94       0.94452715
   95       0.94928337
   96       0.93585164
   97       4.08250495
   98       0.95915798
   99       0.95592619
  100       4.11118234
  101       0.94345564
  102       0.94305798
  103       4.11348386
  104       0.94113860
  105       0.93981479
  106       4.09749278
  107       0.95760909
  108       0.94033432
  109       4.12279674
  110       0.93820181
  111       0.95369738
  112       4.08467630
  113       0.95712078
  114       0.95497342
  115       4.10645534
  116       0.93443287
  117       0.97880487
  118       4.08980424
  119       0.94118655
  120       0.93670825
  121       4.20293291
  122       0.93703412
  123       0.92967013
  124       0.93580816
  125       4.23576518
  126       0.92308347
  127       0.93201144
  128       0.92278043
  129       4.10709817
  130       0.93545446
  131       0.93537297
  132       4.13586892
  133       0.92511021
  134       0.93601025
  135       4.13940411
  136       0.93880775
  137       0.94993473
  138       4.10703147
  139       0.95976191
  140       0.93372269
  141       4.10049740
  142       0.93903467
  143       0.93689204
  144       4.11729923
  145       0.93740602
  146       0.93547773
  147       4.14114841
  148       0.93949470
  149       0.93001551
  150       4.09338978
  151       0.94775140
  152       0.94623532
  153       4.18554116
  154       0.95930890
  155       0.92925689
  156       0.94190667
  157       4.19777939
  158       0.94013435
  159       0.93492419
  160       0.94870664
  161       4.09837605
  162       0.94624441
  163       0.93974458
  164       4.10504544
  165       0.93939052
  166       0.93640148
  167       4.11121643
  168       0.92764415
  169       0.95704596
  170       4.11179541
  171       0.93589153
  172       0.96870723
  173       4.12605528
  174       0.93763327
  175       0.93675395
  176       4.11584120
  177       0.94075860
  178       0.93700113
  179       4.09633728
  180       0.95530380
  181       0.93942469
  182       4.10934869
  183       0.94399332
  184       0.93870708
  185       4.20697305
  186       0.93018730
  187       0.93418476
  188       0.95216157
  189       4.21873121
  190       0.92522543
  191       0.94192025
  192       0.93342484
  193       4.11100866
  194       0.93301112
  195       0.95068414
  196       4.10701157
  197       0.95033275
  198       0.95219766
  199       4.07189051
  200       0.96330208
  201       0.96636879
  202       4.12100508
  203       0.94299715
  204       0.93795584
  205       4.09679887
  206       0.94423385
  207       0.95154520
  208       4.09657614
  209       0.94830916
  210       0.93824514
  211       4.10888964
  212       0.95532633
  213       0.94915978
  214       4.07236183
  215       0.96993654
  216       0.94286594
  217       4.21017764
  218       0.92152689
  219       0.92505507
  220       0.94270891
  221       4.19611197
  222       0.94489105
  223       0.93052753
  224       0.94801680
  225       4.10640035
  226       0.95272414
  227       0.93553856
  228       4.13540456
  229       0.93499835
  230       0.94005129
  231       4.10605898
  232       0.93670936
  233       0.93501251
  234       4.11662850
  235       0.96095341
  236       0.93858064
  237       4.10381476
  238       0.95132934
  239       0.95549517
  240       4.08891341
  241       0.94672418
  242       0.94759669
  243       4.10563748
  244       0.94679482
  245       0.93832101
  246       4.09418425
  247       0.93947728
  248       0.95499323
  249       4.21425330
  250       0.94669732
  251       0.92834003
  252       0.92492414
  253       4.18013716
  254       0.93462264
  255       0.92865925
  256       0.96216040
  257       4.11003655
  258       0.95960218
  259       0.92364543
  260       4.09425095
  261       0.95084766
  262       0.95174297
  263       4.11475054
  264       0.94768870
  265       0.93964968
  266       4.11334164
  267       0.94360401
  268       0.94675358
  269       4.09318938
  270       0.95860117
  271       0.95013622
  272       4.09614692
  273       0.94613291
  274       0.94620279
  275       4.11282753
  276       0.96037233
  277       0.94584135
  278       4.08068673
  279       0.94737934
  280       0.94939213
  281       4.20831899
  282       0.93122349
  283       0.91915070
  284       0.93423267
  285       4.20084378
  286       0.94880038
  287       0.93141148
  288       0.93642286
  289       4.10664690
  290       0.95717391
  291       0.95884869
  292       4.09197298
  293       0.94956250
  294       0.95147523
  295       4.12636539
  296       0.96390317
  297       0.92976731
  298       4.11430455
  299       0.95198269
  300       0.91958776
  301       4.12514411
  302       0.93882432
  303       0.93518393
  304       4.11399793
  305       0.94592728
  306       0.92170174
  307       4.09017195
  308       0.95528595
  309       0.96728108
  310       4.11697478
  311       0.92335714
  312       0.93272929
  313       4.22429393
  314       0.90693728
  315       0.93775997
  316       0.92868047
  317       4.20492535
  318       0.92269617
  319       0.94096676
  320       0.94469294
  321       4.11805759
  322       0.93997149
  323       0.92487652
  324       4.11077064
  325       0.95672392
  326       0.95521520
  327       4.08818203
  328       0.94550573
  329       0.95350265
  330       4.11980454
  331       0.94266220
  332       0.92914116
  333       4.08799772
  334       0.95651994
  335       0.95324273
  336       4.10291910
  337       0.94319330
  338       0.94626485
  339       4.15504312
  340       0.93164040
  341       0.94123758
  342       4.07929488
  343       0.94131666
  344       0.96632313
  345       4.20973108
  346       0.93309413
  347       0.93331349
  348       0.93219358
  349       4.20833548
  350       0.92098252
  351       0.93614301
  352       0.93682256
 
l-shell populations (up)
 Atom Sh.   l       Population
    1   1   0       1.22649703
    1   2   1       2.86239588
    2   1   0       0.95305158
    3   1   0       0.95042763
    4   1   0       1.20752287
    4   2   1       2.89925916
    5   1   0       0.94766294
    6   1   0       0.93321162
    7   1   0       1.22972081
    7   2   1       2.89241172
    8   1   0       0.93539950
    9   1   0       0.93279726
   10   1   0       1.24000095
   10   2   1       2.86008498
   11   1   0       0.93937322
   12   1   0       0.95134975
   13   1   0       1.23559633
   13   2   1       2.85129302
   14   1   0       0.96436867
   15   1   0       0.95706947
   16   1   0       1.25184070
   16   2   1       2.86394362
   17   1   0       0.95050898
   18   1   0       0.94833935
   19   1   0       1.25462878
   19   2   1       2.85698914
   20   1   0       0.93487005
   21   1   0       0.95453908
   22   1   0       1.22755918
   22   2   1       2.84520473
   23   1   0       0.94807456
   24   1   0       0.95039458
   25   1   0       1.27863417
   25   2   1       2.93579898
   26   1   0       0.93816215
   27   1   0       0.92610891
   28   1   0       0.94524678
   29   1   0       1.26126698
   29   2   1       2.93154032
   30   1   0       0.95493878
   31   1   0       0.94527312
   32   1   0       0.92872562
   33   1   0       1.22687512
   33   2   1       2.87027741
   34   1   0       0.94518647
   35   1   0       0.94648153
   36   1   0       1.24421874
   36   2   1       2.84222738
   37   1   0       0.95134001
   38   1   0       0.95918817
   39   1   0       1.23614155
   39   2   1       2.87179341
   40   1   0       0.93531726
   41   1   0       0.95862924
   42   1   0       1.23753487
   42   2   1       2.87914727
   43   1   0       0.94019186
   44   1   0       0.95644733
   45   1   0       1.24678630
   45   2   1       2.86162435
   46   1   0       0.95404886
   47   1   0       0.94851017
   48   1   0       1.22318614
   48   2   1       2.86864695
   49   1   0       0.95078400
   50   1   0       0.94937494
   51   1   0       1.23124166
   51   2   1       2.87338224
   52   1   0       0.93775948
   53   1   0       0.95161323
   54   1   0       1.22693149
   54   2   1       2.88820282
   55   1   0       0.92749417
   56   1   0       0.93304295
   57   1   0       1.28184584
   57   2   1       2.90232557
   58   1   0       0.95518192
   59   1   0       0.93782852
   60   1   0       0.92760038
   61   1   0       1.26815746
   61   2   1       2.92745512
   62   1   0       0.94611341
   63   1   0       0.94478984
   64   1   0       0.94038725
   65   1   0       1.23580980
   65   2   1       2.87283643
   66   1   0       0.93616319
   67   1   0       0.93127571
   68   1   0       1.24420386
   68   2   1       2.86237869
   69   1   0       0.93333359
   70   1   0       0.95231854
   71   1   0       1.25686556
   71   2   1       2.85845628
   72   1   0       0.92690535
   73   1   0       0.93993698
   74   1   0       1.26087423
   74   2   1       2.84204009
   75   1   0       0.93610330
   76   1   0       0.96309512
   77   1   0       1.26164799
   77   2   1       2.84338029
   78   1   0       0.95156559
   79   1   0       0.94751860
   80   1   0       1.26377960
   80   2   1       2.85731885
   81   1   0       0.94778049
   82   1   0       0.93684254
   83   1   0       1.24277330
   83   2   1       2.88271909
   84   1   0       0.92775750
   85   1   0       0.94426128
   86   1   0       1.23921233
   86   2   1       2.85719698
   87   1   0       0.94990033
   88   1   0       0.93777175
   89   1   0       1.27293644
   89   2   1       2.94503920
   90   1   0       0.93731094
   91   1   0       0.93612971
   92   1   0       0.94218097
   93   1   0       1.26231794
   93   2   1       2.93111323
   94   1   0       0.94452715
   95   1   0       0.94928337
   96   1   0       0.93585164
   97   1   0       1.22595095
   97   2   1       2.85655400
   98   1   0       0.95915798
   99   1   0       0.95592619
  100   1   0       1.23980346
  100   2   1       2.87137888
  101   1   0       0.94345564
  102   1   0       0.94305798
  103   1   0       1.23373905
  103   2   1       2.87974481
  104   1   0       0.94113860
  105   1   0       0.93981479
  106   1   0       1.24623878
  106   2   1       2.85125400
  107   1   0       0.95760909
  108   1   0       0.94033432
  109   1   0       1.25897930
  109   2   1       2.86381744
  110   1   0       0.93820181
  111   1   0       0.95369738
  112   1   0       1.25043763
  112   2   1       2.83423868
  113   1   0       0.95712078
  114   1   0       0.95497342
  115   1   0       1.24819665
  115   2   1       2.85825869
  116   1   0       0.93443287
  117   1   0       0.97880487
  118   1   0       1.24226906
  118   2   1       2.84753518
  119   1   0       0.94118655
  120   1   0       0.93670825
  121   1   0       1.25774922
  121   2   1       2.94518369
  122   1   0       0.93703412
  123   1   0       0.92967013
  124   1   0       0.93580816
  125   1   0       1.25905971
  125   2   1       2.97670548
  126   1   0       0.92308347
  127   1   0       0.93201144
  128   1   0       0.92278043
  129   1   0       1.23162898
  129   2   1       2.87546919
  130   1   0       0.93545446
  131   1   0       0.93537297
  132   1   0       1.25157865
  132   2   1       2.88429027
  133   1   0       0.92511021
  134   1   0       0.93601025
  135   1   0       1.23317390
  135   2   1       2.90623021
  136   1   0       0.93880775
  137   1   0       0.94993473
  138   1   0       1.23399151
  138   2   1       2.87303996
  139   1   0       0.95976191
  140   1   0       0.93372269
  141   1   0       1.23994188
  141   2   1       2.86055552
  142   1   0       0.93903467
  143   1   0       0.93689204
  144   1   0       1.25341283
  144   2   1       2.86388640
  145   1   0       0.93740602
  146   1   0       0.93547773
  147   1   0       1.25097809
  147   2   1       2.89017032
  148   1   0       0.93949470
  149   1   0       0.93001551
  150   1   0       1.24112531
  150   2   1       2.85226447
  151   1   0       0.94775140
  152   1   0       0.94623532
  153   1   0       1.26406263
  153   2   1       2.92147853
  154   1   0       0.95930890
  155   1   0       0.92925689
  156   1   0       0.94190667
  157   1   0       1.26127643
  157   2   1       2.93650296
  158   1   0       0.94013435
  159   1   0       0.93492419
  160   1   0       0.94870664
  161   1   0       1.23864039
  161   2   1       2.85973566
  162   1   0       0.94624441
  163   1   0       0.93974458
  164   1   0       1.24173091
  164   2   1       2.86331453
  165   1   0       0.93939052
  166   1   0       0.93640148
  167   1   0       1.22915521
  167   2   1       2.88206122
  168   1   0       0.92764415
  169   1   0       0.95704596
  170   1   0       1.27011687
  170   2   1       2.84167854
  171   1   0       0.93589153
  172   1   0       0.96870723
  173   1   0       1.25431875
  173   2   1       2.87173653
  174   1   0       0.93763327
  175   1   0       0.93675395
  176   1   0       1.24586477
  176   2   1       2.86997643
  177   1   0       0.94075860
  178   1   0       0.93700113
  179   1   0       1.25152091
  179   2   1       2.84481637
  180   1   0       0.95530380
  181   1   0       0.93942469
  182   1   0       1.23442692
  182   2   1       2.87492177
  183   1   0       0.94399332
  184   1   0       0.93870708
  185   1   0       1.26302648
  185   2   1       2.94394658
  186   1   0       0.93018730
  187   1   0       0.93418476
  188   1   0       0.95216157
  189   1   0       1.26222068
  189   2   1       2.95651053
  190   1   0       0.92522543
  191   1   0       0.94192025
  192   1   0       0.93342484
  193   1   0       1.22708404
  193   2   1       2.88392462
  194   1   0       0.93301112
  195   1   0       0.95068414
  196   1   0       1.22845048
  196   2   1       2.87856110
  197   1   0       0.95033275
  198   1   0       0.95219766
  199   1   0       1.22845749
  199   2   1       2.84343302
  200   1   0       0.96330208
  201   1   0       0.96636879
  202   1   0       1.22659485
  202   2   1       2.89441023
  203   1   0       0.94299715
  204   1   0       0.93795584
  205   1   0       1.24906404
  205   2   1       2.84773483
  206   1   0       0.94423385
  207   1   0       0.95154520
  208   1   0       1.24777089
  208   2   1       2.84880526
  209   1   0       0.94830916
  210   1   0       0.93824514
  211   1   0       1.24391803
  211   2   1       2.86497162
  212   1   0       0.95532633
  213   1   0       0.94915978
  214   1   0       1.22889604
  214   2   1       2.84346579
  215   1   0       0.96993654
  216   1   0       0.94286594
  217   1   0       1.25113168
  217   2   1       2.95904596
  218   1   0       0.92152689
  219   1   0       0.92505507
  220   1   0       0.94270891
  221   1   0       1.26793945
  221   2   1       2.92817251
  222   1   0       0.94489105
  223   1   0       0.93052753
  224   1   0       0.94801680
  225   1   0       1.23307409
  225   2   1       2.87332626
  226   1   0       0.95272414
  227   1   0       0.93553856
  228   1   0       1.25027840
  228   2   1       2.88512616
  229   1   0       0.93499835
  230   1   0       0.94005129
  231   1   0       1.24202845
  231   2   1       2.86403052
  232   1   0       0.93670936
  233   1   0       0.93501251
  234   1   0       1.24886782
  234   2   1       2.86776067
  235   1   0       0.96095341
  236   1   0       0.93858064
  237   1   0       1.25318683
  237   2   1       2.85062793
  238   1   0       0.95132934
  239   1   0       0.95549517
  240   1   0       1.22730622
  240   2   1       2.86160720
  241   1   0       0.94672418
  242   1   0       0.94759669
  243   1   0       1.23572509
  243   2   1       2.86991239
  244   1   0       0.94679482
  245   1   0       0.93832101
  246   1   0       1.23385510
  246   2   1       2.86032916
  247   1   0       0.93947728
  248   1   0       0.95499323
  249   1   0       1.25385672
  249   2   1       2.96039658
  250   1   0       0.94669732
  251   1   0       0.92834003
  252   1   0       0.92492414
  253   1   0       1.26826472
  253   2   1       2.91187244
  254   1   0       0.93462264
  255   1   0       0.92865925
  256   1   0       0.96216040
  257   1   0       1.24452868
  257   2   1       2.86550787
  258   1   0       0.95960218
  259   1   0       0.92364543
  260   1   0       1.23279801
  260   2   1       2.86145294
  261   1   0       0.95084766
  262   1   0       0.95174297
  263   1   0       1.23589949
  263   2   1       2.87885105
  264   1   0       0.94768870
  265   1   0       0.93964968
  266   1   0       1.25972476
  266   2   1       2.85361688
  267   1   0       0.94360401
  268   1   0       0.94675358
  269   1   0       1.23922480
  269   2   1       2.85396458
  270   1   0       0.95860117
  271   1   0       0.95013622
  272   1   0       1.22282646
  272   2   1       2.87332046
  273   1   0       0.94613291
  274   1   0       0.94620279
  275   1   0       1.26111524
  275   2   1       2.85171229
  276   1   0       0.96037233
  277   1   0       0.94584135
  278   1   0       1.23443652
  278   2   1       2.84625021
  279   1   0       0.94737934
  280   1   0       0.94939213
  281   1   0       1.28249462
  281   2   1       2.92582437
  282   1   0       0.93122349
  283   1   0       0.91915070
  284   1   0       0.93423267
  285   1   0       1.25642287
  285   2   1       2.94442091
  286   1   0       0.94880038
  287   1   0       0.93141148
  288   1   0       0.93642286
  289   1   0       1.23135761
  289   2   1       2.87528929
  290   1   0       0.95717391
  291   1   0       0.95884869
  292   1   0       1.22911207
  292   2   1       2.86286091
  293   1   0       0.94956250
  294   1   0       0.95147523
  295   1   0       1.24068940
  295   2   1       2.88567600
  296   1   0       0.96390317
  297   1   0       0.92976731
  298   1   0       1.24895318
  298   2   1       2.86535137
  299   1   0       0.95198269
  300   1   0       0.91958776
  301   1   0       1.26287956
  301   2   1       2.86226455
  302   1   0       0.93882432
  303   1   0       0.93518393
  304   1   0       1.26880779
  304   2   1       2.84519013
  305   1   0       0.94592728
  306   1   0       0.92170174
  307   1   0       1.25129478
  307   2   1       2.83887718
  308   1   0       0.95528595
  309   1   0       0.96728108
  310   1   0       1.21548469
  310   2   1       2.90149009
  311   1   0       0.92335714
  312   1   0       0.93272929
  313   1   0       1.25995306
  313   2   1       2.96434087
  314   1   0       0.90693728
  315   1   0       0.93775997
  316   1   0       0.92868047
  317   1   0       1.26687003
  317   2   1       2.93805531
  318   1   0       0.92269617
  319   1   0       0.94096676
  320   1   0       0.94469294
  321   1   0       1.24325036
  321   2   1       2.87480723
  322   1   0       0.93997149
  323   1   0       0.92487652
  324   1   0       1.24151529
  324   2   1       2.86925535
  325   1   0       0.95672392
  326   1   0       0.95521520
  327   1   0       1.23559282
  327   2   1       2.85258921
  328   1   0       0.94550573
  329   1   0       0.95350265
  330   1   0       1.24331585
  330   2   1       2.87648869
  331   1   0       0.94266220
  332   1   0       0.92914116
  333   1   0       1.23581207
  333   2   1       2.85218566
  334   1   0       0.95651994
  335   1   0       0.95324273
  336   1   0       1.23469666
  336   2   1       2.86822244
  337   1   0       0.94319330
  338   1   0       0.94626485
  339   1   0       1.24777999
  339   2   1       2.90726314
  340   1   0       0.93164040
  341   1   0       0.94123758
  342   1   0       1.23824910
  342   2   1       2.84104579
  343   1   0       0.94131666
  344   1   0       0.96632313
  345   1   0       1.26873964
  345   2   1       2.94099144
  346   1   0       0.93309413
  347   1   0       0.93331349
  348   1   0       0.93219358
  349   1   0       1.25068788
  349   2   1       2.95764759
  350   1   0       0.92098252
  351   1   0       0.93614301
  352   1   0       0.93682256
 
Orbital populations (up)
 Atom Sh.   l   m       Population  Label
    1   1   0   0       1.22649703  s
    1   2   1  -1       0.95573499  p_y
    1   2   1   0       0.96416221  p_z
    1   2   1   1       0.94249867  p_x
    2   1   0   0       0.95305158  s
    3   1   0   0       0.95042763  s
    4   1   0   0       1.20752287  s
    4   2   1  -1       0.97162595  p_y
    4   2   1   0       0.97225361  p_z
    4   2   1   1       0.95537960  p_x
    5   1   0   0       0.94766294  s
    6   1   0   0       0.93321162  s
    7   1   0   0       1.22972081  s
    7   2   1  -1       0.96827392  p_y
    7   2   1   0       0.97577777  p_z
    7   2   1   1       0.94836003  p_x
    8   1   0   0       0.93539950  s
    9   1   0   0       0.93279726  s
   10   1   0   0       1.24000095  s
   10   2   1  -1       0.95090207  p_y
   10   2   1   0       0.96402620  p_z
   10   2   1   1       0.94515671  p_x
   11   1   0   0       0.93937322  s
   12   1   0   0       0.95134975  s
   13   1   0   0       1.23559633  s
   13   2   1  -1       0.94581121  p_y
   13   2   1   0       0.96519453  p_z
   13   2   1   1       0.94028728  p_x
   14   1   0   0       0.96436867  s
   15   1   0   0       0.95706947  s
   16   1   0   0       1.25184070  s
   16   2   1  -1       0.96606986  p_y
   16   2   1   0       0.94089229  p_z
   16   2   1   1       0.95698147  p_x
   17   1   0   0       0.95050898  s
   18   1   0   0       0.94833935  s
   19   1   0   0       1.25462878  s
   19   2   1  -1       0.95794677  p_y
   19   2   1   0       0.97805753  p_z
   19   2   1   1       0.92098484  p_x
   20   1   0   0       0.93487005  s
   21   1   0   0       0.95453908  s
   22   1   0   0       1.22755918  s
   22   2   1  -1       0.96281277  p_y
   22   2   1   0       0.94357057  p_z
   22   2   1   1       0.93882140  p_x
   23   1   0   0       0.94807456  s
   24   1   0   0       0.95039458  s
   25   1   0   0       1.27863417  s
   25   2   1  -1       0.97577840  p_y
   25   2   1   0       0.99021956  p_z
   25   2   1   1       0.96980103  p_x
   26   1   0   0       0.93816215  s
   27   1   0   0       0.92610891  s
   28   1   0   0       0.94524678  s
   29   1   0   0       1.26126698  s
   29   2   1  -1       0.97517965  p_y
   29   2   1   0       0.95084053  p_z
   29   2   1   1       1.00552014  p_x
   30   1   0   0       0.95493878  s
   31   1   0   0       0.94527312  s
   32   1   0   0       0.92872562  s
   33   1   0   0       1.22687512  s
   33   2   1  -1       0.92996655  p_y
   33   2   1   0       0.95758403  p_z
   33   2   1   1       0.98272684  p_x
   34   1   0   0       0.94518647  s
   35   1   0   0       0.94648153  s
   36   1   0   0       1.24421874  s
   36   2   1  -1       0.94562732  p_y
   36   2   1   0       0.94745912  p_z
   36   2   1   1       0.94914095  p_x
   37   1   0   0       0.95134001  s
   38   1   0   0       0.95918817  s
   39   1   0   0       1.23614155  s
   39   2   1  -1       0.95941257  p_y
   39   2   1   0       0.94985034  p_z
   39   2   1   1       0.96253051  p_x
   40   1   0   0       0.93531726  s
   41   1   0   0       0.95862924  s
   42   1   0   0       1.23753487  s
   42   2   1  -1       0.95873161  p_y
   42   2   1   0       0.96547180  p_z
   42   2   1   1       0.95494386  p_x
   43   1   0   0       0.94019186  s
   44   1   0   0       0.95644733  s
   45   1   0   0       1.24678630  s
   45   2   1  -1       0.94468120  p_y
   45   2   1   0       0.97492635  p_z
   45   2   1   1       0.94201680  p_x
   46   1   0   0       0.95404886  s
   47   1   0   0       0.94851017  s
   48   1   0   0       1.22318614  s
   48   2   1  -1       0.96424351  p_y
   48   2   1   0       0.95703265  p_z
   48   2   1   1       0.94737079  p_x
   49   1   0   0       0.95078400  s
   50   1   0   0       0.94937494  s
   51   1   0   0       1.23124166  s
   51   2   1  -1       0.96557820  p_y
   51   2   1   0       0.94562644  p_z
   51   2   1   1       0.96217759  p_x
   52   1   0   0       0.93775948  s
   53   1   0   0       0.95161323  s
   54   1   0   0       1.22693149  s
   54   2   1  -1       0.94889569  p_y
   54   2   1   0       0.95742049  p_z
   54   2   1   1       0.98188664  p_x
   55   1   0   0       0.92749417  s
   56   1   0   0       0.93304295  s
   57   1   0   0       1.28184584  s
   57   2   1  -1       0.97638438  p_y
   57   2   1   0       0.97005497  p_z
   57   2   1   1       0.95588621  p_x
   58   1   0   0       0.95518192  s
   59   1   0   0       0.93782852  s
   60   1   0   0       0.92760038  s
   61   1   0   0       1.26815746  s
   61   2   1  -1       0.95522529  p_y
   61   2   1   0       0.95197872  p_z
   61   2   1   1       1.02025111  p_x
   62   1   0   0       0.94611341  s
   63   1   0   0       0.94478984  s
   64   1   0   0       0.94038725  s
   65   1   0   0       1.23580980  s
   65   2   1  -1       0.93138555  p_y
   65   2   1   0       0.96975156  p_z
   65   2   1   1       0.97169932  p_x
   66   1   0   0       0.93616319  s
   67   1   0   0       0.93127571  s
   68   1   0   0       1.24420386  s
   68   2   1  -1       0.93914472  p_y
   68   2   1   0       0.96245471  p_z
   68   2   1   1       0.96077927  p_x
   69   1   0   0       0.93333359  s
   70   1   0   0       0.95231854  s
   71   1   0   0       1.25686556  s
   71   2   1  -1       0.91333907  p_y
   71   2   1   0       0.97893190  p_z
   71   2   1   1       0.96618532  p_x
   72   1   0   0       0.92690535  s
   73   1   0   0       0.93993698  s
   74   1   0   0       1.26087423  s
   74   2   1  -1       0.91650114  p_y
   74   2   1   0       0.97149541  p_z
   74   2   1   1       0.95404354  p_x
   75   1   0   0       0.93610330  s
   76   1   0   0       0.96309512  s
   77   1   0   0       1.26164799  s
   77   2   1  -1       0.94695858  p_y
   77   2   1   0       0.95071659  p_z
   77   2   1   1       0.94570512  p_x
   78   1   0   0       0.95156559  s
   79   1   0   0       0.94751860  s
   80   1   0   0       1.26377960  s
   80   2   1  -1       0.96116996  p_y
   80   2   1   0       0.96689388  p_z
   80   2   1   1       0.92925501  p_x
   81   1   0   0       0.94778049  s
   82   1   0   0       0.93684254  s
   83   1   0   0       1.24277330  s
   83   2   1  -1       0.98353688  p_y
   83   2   1   0       0.95946943  p_z
   83   2   1   1       0.93971279  p_x
   84   1   0   0       0.92775750  s
   85   1   0   0       0.94426128  s
   86   1   0   0       1.23921233  s
   86   2   1  -1       0.95858318  p_y
   86   2   1   0       0.95602044  p_z
   86   2   1   1       0.94259336  p_x
   87   1   0   0       0.94990033  s
   88   1   0   0       0.93777175  s
   89   1   0   0       1.27293644  s
   89   2   1  -1       0.98121723  p_y
   89   2   1   0       0.96168424  p_z
   89   2   1   1       1.00213773  p_x
   90   1   0   0       0.93731094  s
   91   1   0   0       0.93612971  s
   92   1   0   0       0.94218097  s
   93   1   0   0       1.26231794  s
   93   2   1  -1       0.97965667  p_y
   93   2   1   0       0.98644392  p_z
   93   2   1   1       0.96501264  p_x
   94   1   0   0       0.94452715  s
   95   1   0   0       0.94928337  s
   96   1   0   0       0.93585164  s
   97   1   0   0       1.22595095  s
   97   2   1  -1       0.94593507  p_y
   97   2   1   0       0.92251180  p_z
   97   2   1   1       0.98810713  p_x
   98   1   0   0       0.95915798  s
   99   1   0   0       0.95592619  s
  100   1   0   0       1.23980346  s
  100   2   1  -1       0.98011774  p_y
  100   2   1   0       0.93945764  p_z
  100   2   1   1       0.95180350  p_x
  101   1   0   0       0.94345564  s
  102   1   0   0       0.94305798  s
  103   1   0   0       1.23373905  s
  103   2   1  -1       0.91485879  p_y
  103   2   1   0       0.98712558  p_z
  103   2   1   1       0.97776044  p_x
  104   1   0   0       0.94113860  s
  105   1   0   0       0.93981479  s
  106   1   0   0       1.24623878  s
  106   2   1  -1       0.92241432  p_y
  106   2   1   0       0.94917971  p_z
  106   2   1   1       0.97965997  p_x
  107   1   0   0       0.95760909  s
  108   1   0   0       0.94033432  s
  109   1   0   0       1.25897930  s
  109   2   1  -1       0.95192321  p_y
  109   2   1   0       0.95523034  p_z
  109   2   1   1       0.95666388  p_x
  110   1   0   0       0.93820181  s
  111   1   0   0       0.95369738  s
  112   1   0   0       1.25043763  s
  112   2   1  -1       0.95502435  p_y
  112   2   1   0       0.92235857  p_z
  112   2   1   1       0.95685576  p_x
  113   1   0   0       0.95712078  s
  114   1   0   0       0.95497342  s
  115   1   0   0       1.24819665  s
  115   2   1  -1       0.93904789  p_y
  115   2   1   0       0.91871565  p_z
  115   2   1   1       1.00049515  p_x
  116   1   0   0       0.93443287  s
  117   1   0   0       0.97880487  s
  118   1   0   0       1.24226906  s
  118   2   1  -1       0.96939210  p_y
  118   2   1   0       0.91912559  p_z
  118   2   1   1       0.95901749  p_x
  119   1   0   0       0.94118655  s
  120   1   0   0       0.93670825  s
  121   1   0   0       1.25774922  s
  121   2   1  -1       0.96779333  p_y
  121   2   1   0       0.99588521  p_z
  121   2   1   1       0.98150515  p_x
  122   1   0   0       0.93703412  s
  123   1   0   0       0.92967013  s
  124   1   0   0       0.93580816  s
  125   1   0   0       1.25905971  s
  125   2   1  -1       0.98639665  p_y
  125   2   1   0       0.96194627  p_z
  125   2   1   1       1.02836257  p_x
  126   1   0   0       0.92308347  s
  127   1   0   0       0.93201144  s
  128   1   0   0       0.92278043  s
  129   1   0   0       1.23162898  s
  129   2   1  -1       0.96685738  p_y
  129   2   1   0       0.94469206  p_z
  129   2   1   1       0.96391975  p_x
  130   1   0   0       0.93545446  s
  131   1   0   0       0.93537297  s
  132   1   0   0       1.25157865  s
  132   2   1  -1       0.98120760  p_y
  132   2   1   0       0.93352051  p_z
  132   2   1   1       0.96956217  p_x
  133   1   0   0       0.92511021  s
  134   1   0   0       0.93601025  s
  135   1   0   0       1.23317390  s
  135   2   1  -1       0.97905067  p_y
  135   2   1   0       0.92828226  p_z
  135   2   1   1       0.99889728  p_x
  136   1   0   0       0.93880775  s
  137   1   0   0       0.94993473  s
  138   1   0   0       1.23399151  s
  138   2   1  -1       0.97928743  p_y
  138   2   1   0       0.94833312  p_z
  138   2   1   1       0.94541941  p_x
  139   1   0   0       0.95976191  s
  140   1   0   0       0.93372269  s
  141   1   0   0       1.23994188  s
  141   2   1  -1       0.95664616  p_y
  141   2   1   0       0.95166978  p_z
  141   2   1   1       0.95223958  p_x
  142   1   0   0       0.93903467  s
  143   1   0   0       0.93689204  s
  144   1   0   0       1.25341283  s
  144   2   1  -1       0.95570563  p_y
  144   2   1   0       0.93292704  p_z
  144   2   1   1       0.97525373  p_x
  145   1   0   0       0.93740602  s
  146   1   0   0       0.93547773  s
  147   1   0   0       1.25097809  s
  147   2   1  -1       0.95795749  p_y
  147   2   1   0       1.00139613  p_z
  147   2   1   1       0.93081669  p_x
  148   1   0   0       0.93949470  s
  149   1   0   0       0.93001551  s
  150   1   0   0       1.24112531  s
  150   2   1  -1       0.95115162  p_y
  150   2   1   0       0.97015468  p_z
  150   2   1   1       0.93095816  p_x
  151   1   0   0       0.94775140  s
  152   1   0   0       0.94623532  s
  153   1   0   0       1.26406263  s
  153   2   1  -1       0.97901157  p_y
  153   2   1   0       0.96271470  p_z
  153   2   1   1       0.97975226  p_x
  154   1   0   0       0.95930890  s
  155   1   0   0       0.92925689  s
  156   1   0   0       0.94190667  s
  157   1   0   0       1.26127643  s
  157   2   1  -1       0.99079154  p_y
  157   2   1   0       0.97912471  p_z
  157   2   1   1       0.96658671  p_x
  158   1   0   0       0.94013435  s
  159   1   0   0       0.93492419  s
  160   1   0   0       0.94870664  s
  161   1   0   0       1.23864039  s
  161   2   1  -1       0.94130078  p_y
  161   2   1   0       0.95752692  p_z
  161   2   1   1       0.96090795  p_x
  162   1   0   0       0.94624441  s
  163   1   0   0       0.93974458  s
  164   1   0   0       1.24173091  s
  164   2   1  -1       0.92094437  p_y
  164   2   1   0       0.98573925  p_z
  164   2   1   1       0.95663091  p_x
  165   1   0   0       0.93939052  s
  166   1   0   0       0.93640148  s
  167   1   0   0       1.22915521  s
  167   2   1  -1       0.94871565  p_y
  167   2   1   0       0.96835007  p_z
  167   2   1   1       0.96499550  p_x
  168   1   0   0       0.92764415  s
  169   1   0   0       0.95704596  s
  170   1   0   0       1.27011687  s
  170   2   1  -1       0.95450662  p_y
  170   2   1   0       0.95449763  p_z
  170   2   1   1       0.93267429  p_x
  171   1   0   0       0.93589153  s
  172   1   0   0       0.96870723  s
  173   1   0   0       1.25431875  s
  173   2   1  -1       0.93729067  p_y
  173   2   1   0       0.98986714  p_z
  173   2   1   1       0.94457872  p_x
  174   1   0   0       0.93763327  s
  175   1   0   0       0.93675395  s
  176   1   0   0       1.24586477  s
  176   2   1  -1       0.93583234  p_y
  176   2   1   0       0.96172882  p_z
  176   2   1   1       0.97241527  p_x
  177   1   0   0       0.94075860  s
  178   1   0   0       0.93700113  s
  179   1   0   0       1.25152091  s
  179   2   1  -1       0.96380120  p_y
  179   2   1   0       0.92048812  p_z
  179   2   1   1       0.96052705  p_x
  180   1   0   0       0.95530380  s
  181   1   0   0       0.93942469  s
  182   1   0   0       1.23442692  s
  182   2   1  -1       0.94817174  p_y
  182   2   1   0       0.98437855  p_z
  182   2   1   1       0.94237148  p_x
  183   1   0   0       0.94399332  s
  184   1   0   0       0.93870708  s
  185   1   0   0       1.26302648  s
  185   2   1  -1       0.99808232  p_y
  185   2   1   0       0.98094508  p_z
  185   2   1   1       0.96491918  p_x
  186   1   0   0       0.93018730  s
  187   1   0   0       0.93418476  s
  188   1   0   0       0.95216157  s
  189   1   0   0       1.26222068  s
  189   2   1  -1       0.98328198  p_y
  189   2   1   0       0.98966129  p_z
  189   2   1   1       0.98356726  p_x
  190   1   0   0       0.92522543  s
  191   1   0   0       0.94192025  s
  192   1   0   0       0.93342484  s
  193   1   0   0       1.22708404  s
  193   2   1  -1       0.94082556  p_y
  193   2   1   0       0.93245661  p_z
  193   2   1   1       1.01064245  p_x
  194   1   0   0       0.93301112  s
  195   1   0   0       0.95068414  s
  196   1   0   0       1.22845048  s
  196   2   1  -1       0.98679209  p_y
  196   2   1   0       0.93512849  p_z
  196   2   1   1       0.95664051  p_x
  197   1   0   0       0.95033275  s
  198   1   0   0       0.95219766  s
  199   1   0   0       1.22845749  s
  199   2   1  -1       0.96864398  p_y
  199   2   1   0       0.93044934  p_z
  199   2   1   1       0.94433970  p_x
  200   1   0   0       0.96330208  s
  201   1   0   0       0.96636879  s
  202   1   0   0       1.22659485  s
  202   2   1  -1       0.97835718  p_y
  202   2   1   0       0.95626022  p_z
  202   2   1   1       0.95979283  p_x
  203   1   0   0       0.94299715  s
  204   1   0   0       0.93795584  s
  205   1   0   0       1.24906404  s
  205   2   1  -1       0.96297881  p_y
  205   2   1   0       0.93366855  p_z
  205   2   1   1       0.95108747  p_x
  206   1   0   0       0.94423385  s
  207   1   0   0       0.95154520  s
  208   1   0   0       1.24777089  s
  208   2   1  -1       0.93294414  p_y
  208   2   1   0       0.94729015  p_z
  208   2   1   1       0.96857097  p_x
  209   1   0   0       0.94830916  s
  210   1   0   0       0.93824514  s
  211   1   0   0       1.24391803  s
  211   2   1  -1       0.95377775  p_y
  211   2   1   0       0.96712401  p_z
  211   2   1   1       0.94406985  p_x
  212   1   0   0       0.95532633  s
  213   1   0   0       0.94915978  s
  214   1   0   0       1.22889604  s
  214   2   1  -1       0.96525539  p_y
  214   2   1   0       0.95264254  p_z
  214   2   1   1       0.92556785  p_x
  215   1   0   0       0.96993654  s
  216   1   0   0       0.94286594  s
  217   1   0   0       1.25113168  s
  217   2   1  -1       0.96057852  p_y
  217   2   1   0       0.99767753  p_z
  217   2   1   1       1.00078990  p_x
  218   1   0   0       0.92152689  s
  219   1   0   0       0.92505507  s
  220   1   0   0       0.94270891  s
  221   1   0   0       1.26793945  s
  221   2   1  -1       0.96624323  p_y
  221   2   1   0       0.98308658  p_z
  221   2   1   1       0.97884270  p_x
  222   1   0   0       0.94489105  s
  223   1   0   0       0.93052753  s
  224   1   0   0       0.94801680  s
  225   1   0   0       1.23307409  s
  225   2   1  -1       0.93231267  p_y
  225   2   1   0       0.97840038  p_z
  225   2   1   1       0.96261321  p_x
  226   1   0   0       0.95272414  s
  227   1   0   0       0.93553856  s
  228   1   0   0       1.25027840  s
  228   2   1  -1       0.96043715  p_y
  228   2   1   0       0.94508800  p_z
  228   2   1   1       0.97960101  p_x
  229   1   0   0       0.93499835  s
  230   1   0   0       0.94005129  s
  231   1   0   0       1.24202845  s
  231   2   1  -1       0.95059578  p_y
  231   2   1   0       0.94194601  p_z
  231   2   1   1       0.97148873  p_x
  232   1   0   0       0.93670936  s
  233   1   0   0       0.93501251  s
  234   1   0   0       1.24886782  s
  234   2   1  -1       0.93826388  p_y
  234   2   1   0       0.93970554  p_z
  234   2   1   1       0.98979125  p_x
  235   1   0   0       0.96095341  s
  236   1   0   0       0.93858064  s
  237   1   0   0       1.25318683  s
  237   2   1  -1       0.97569189  p_y
  237   2   1   0       0.94175715  p_z
  237   2   1   1       0.93317888  p_x
  238   1   0   0       0.95132934  s
  239   1   0   0       0.95549517  s
  240   1   0   0       1.22730622  s
  240   2   1  -1       0.97005746  p_y
  240   2   1   0       0.94499184  p_z
  240   2   1   1       0.94655789  p_x
  241   1   0   0       0.94672418  s
  242   1   0   0       0.94759669  s
  243   1   0   0       1.23572509  s
  243   2   1  -1       0.96751450  p_y
  243   2   1   0       0.95359170  p_z
  243   2   1   1       0.94880619  p_x
  244   1   0   0       0.94679482  s
  245   1   0   0       0.93832101  s
  246   1   0   0       1.23385510  s
  246   2   1  -1       0.94984045  p_y
  246   2   1   0       0.97997518  p_z
  246   2   1   1       0.93051352  p_x
  247   1   0   0       0.93947728  s
  248   1   0   0       0.95499323  s
  249   1   0   0       1.25385672  s
  249   2   1  -1       1.00008739  p_y
  249   2   1   0       0.99442534  p_z
  249   2   1   1       0.96588385  p_x
  250   1   0   0       0.94669732  s
  251   1   0   0       0.92834003  s
  252   1   0   0       0.92492414  s
  253   1   0   0       1.26826472  s
  253   2   1  -1       0.97164621  p_y
  253   2   1   0       0.97670491  p_z
  253   2   1   1       0.96352132  p_x
  254   1   0   0       0.93462264  s
  255   1   0   0       0.92865925  s
  256   1   0   0       0.96216040  s
  257   1   0   0       1.24452868  s
  257   2   1  -1       0.93385102  p_y
  257   2   1   0       0.96189846  p_z
  257   2   1   1       0.96975839  p_x
  258   1   0   0       0.95960218  s
  259   1   0   0       0.92364543  s
  260   1   0   0       1.23279801  s
  260   2   1  -1       0.99064252  p_y
  260   2   1   0       0.93409655  p_z
  260   2   1   1       0.93671386  p_x
  261   1   0   0       0.95084766  s
  262   1   0   0       0.95174297  s
  263   1   0   0       1.23589949  s
  263   2   1  -1       0.96068782  p_y
  263   2   1   0       0.95135522  p_z
  263   2   1   1       0.96680802  p_x
  264   1   0   0       0.94768870  s
  265   1   0   0       0.93964968  s
  266   1   0   0       1.25972476  s
  266   2   1  -1       0.93350037  p_y
  266   2   1   0       0.98329152  p_z
  266   2   1   1       0.93682499  p_x
  267   1   0   0       0.94360401  s
  268   1   0   0       0.94675358  s
  269   1   0   0       1.23922480  s
  269   2   1  -1       0.91736370  p_y
  269   2   1   0       0.97900583  p_z
  269   2   1   1       0.95759504  p_x
  270   1   0   0       0.95860117  s
  271   1   0   0       0.95013622  s
  272   1   0   0       1.22282646  s
  272   2   1  -1       0.95080531  p_y
  272   2   1   0       0.95343993  p_z
  272   2   1   1       0.96907522  p_x
  273   1   0   0       0.94613291  s
  274   1   0   0       0.94620279  s
  275   1   0   0       1.26111524  s
  275   2   1  -1       0.93835215  p_y
  275   2   1   0       0.94373186  p_z
  275   2   1   1       0.96962829  p_x
  276   1   0   0       0.96037233  s
  277   1   0   0       0.94584135  s
  278   1   0   0       1.23443652  s
  278   2   1  -1       0.93733227  p_y
  278   2   1   0       0.95050393  p_z
  278   2   1   1       0.95841401  p_x
  279   1   0   0       0.94737934  s
  280   1   0   0       0.94939213  s
  281   1   0   0       1.28249462  s
  281   2   1  -1       0.96526458  p_y
  281   2   1   0       0.96198092  p_z
  281   2   1   1       0.99857887  p_x
  282   1   0   0       0.93122349  s
  283   1   0   0       0.91915070  s
  284   1   0   0       0.93423267  s
  285   1   0   0       1.25642287  s
  285   2   1  -1       1.01094556  p_y
  285   2   1   0       0.99696395  p_z
  285   2   1   1       0.93651140  p_x
  286   1   0   0       0.94880038  s
  287   1   0   0       0.93141148  s
  288   1   0   0       0.93642286  s
  289   1   0   0       1.23135761  s
  289   2   1  -1       0.95662092  p_y
  289   2   1   0       0.96398669  p_z
  289   2   1   1       0.95468168  p_x
  290   1   0   0       0.95717391  s
  291   1   0   0       0.95884869  s
  292   1   0   0       1.22911207  s
  292   2   1  -1       0.94365502  p_y
  292   2   1   0       0.96075608  p_z
  292   2   1   1       0.95844982  p_x
  293   1   0   0       0.94956250  s
  294   1   0   0       0.95147523  s
  295   1   0   0       1.24068940  s
  295   2   1  -1       0.94473747  p_y
  295   2   1   0       0.95744546  p_z
  295   2   1   1       0.98349306  p_x
  296   1   0   0       0.96390317  s
  297   1   0   0       0.92976731  s
  298   1   0   0       1.24895318  s
  298   2   1  -1       0.91977886  p_y
  298   2   1   0       0.98181911  p_z
  298   2   1   1       0.96375339  p_x
  299   1   0   0       0.95198269  s
  300   1   0   0       0.91958776  s
  301   1   0   0       1.26287956  s
  301   2   1  -1       0.95305545  p_y
  301   2   1   0       0.96265347  p_z
  301   2   1   1       0.94655563  p_x
  302   1   0   0       0.93882432  s
  303   1   0   0       0.93518393  s
  304   1   0   0       1.26880779  s
  304   2   1  -1       0.94605766  p_y
  304   2   1   0       0.94093896  p_z
  304   2   1   1       0.95819352  p_x
  305   1   0   0       0.94592728  s
  306   1   0   0       0.92170174  s
  307   1   0   0       1.25129478  s
  307   2   1  -1       0.94510848  p_y
  307   2   1   0       0.93482778  p_z
  307   2   1   1       0.95894091  p_x
  308   1   0   0       0.95528595  s
  309   1   0   0       0.96728108  s
  310   1   0   0       1.21548469  s
  310   2   1  -1       0.95845681  p_y
  310   2   1   0       0.96561566  p_z
  310   2   1   1       0.97741762  p_x
  311   1   0   0       0.92335714  s
  312   1   0   0       0.93272929  s
  313   1   0   0       1.25995306  s
  313   2   1  -1       0.99130272  p_y
  313   2   1   0       0.99028743  p_z
  313   2   1   1       0.98275072  p_x
  314   1   0   0       0.90693728  s
  315   1   0   0       0.93775997  s
  316   1   0   0       0.92868047  s
  317   1   0   0       1.26687003  s
  317   2   1  -1       0.98610407  p_y
  317   2   1   0       0.97342383  p_z
  317   2   1   1       0.97852742  p_x
  318   1   0   0       0.92269617  s
  319   1   0   0       0.94096676  s
  320   1   0   0       0.94469294  s
  321   1   0   0       1.24325036  s
  321   2   1  -1       0.97175973  p_y
  321   2   1   0       0.93749723  p_z
  321   2   1   1       0.96555028  p_x
  322   1   0   0       0.93997149  s
  323   1   0   0       0.92487652  s
  324   1   0   0       1.24151529  s
  324   2   1  -1       0.94201123  p_y
  324   2   1   0       0.95506805  p_z
  324   2   1   1       0.97217606  p_x
  325   1   0   0       0.95672392  s
  326   1   0   0       0.95521520  s
  327   1   0   0       1.23559282  s
  327   2   1  -1       0.94740412  p_y
  327   2   1   0       0.95603180  p_z
  327   2   1   1       0.94915329  p_x
  328   1   0   0       0.94550573  s
  329   1   0   0       0.95350265  s
  330   1   0   0       1.24331585  s
  330   2   1  -1       0.97857609  p_y
  330   2   1   0       0.97016371  p_z
  330   2   1   1       0.92774889  p_x
  331   1   0   0       0.94266220  s
  332   1   0   0       0.92914116  s
  333   1   0   0       1.23581207  s
  333   2   1  -1       0.96784370  p_y
  333   2   1   0       0.96648721  p_z
  333   2   1   1       0.91785475  p_x
  334   1   0   0       0.95651994  s
  335   1   0   0       0.95324273  s
  336   1   0   0       1.23469666  s
  336   2   1  -1       0.97264777  p_y
  336   2   1   0       0.93957319  p_z
  336   2   1   1       0.95600148  p_x
  337   1   0   0       0.94319330  s
  338   1   0   0       0.94626485  s
  339   1   0   0       1.24777999  s
  339   2   1  -1       0.93508824  p_y
  339   2   1   0       0.97483002  p_z
  339   2   1   1       0.99734488  p_x
  340   1   0   0       0.93164040  s
  341   1   0   0       0.94123758  s
  342   1   0   0       1.23824910  s
  342   2   1  -1       0.93938317  p_y
  342   2   1   0       0.92551425  p_z
  342   2   1   1       0.97614836  p_x
  343   1   0   0       0.94131666  s
  344   1   0   0       0.96632313  s
  345   1   0   0       1.26873964  s
  345   2   1  -1       0.99788302  p_y
  345   2   1   0       0.96883562  p_z
  345   2   1   1       0.97427281  p_x
  346   1   0   0       0.93309413  s
  347   1   0   0       0.93331349  s
  348   1   0   0       0.93219358  s
  349   1   0   0       1.25068788  s
  349   2   1  -1       0.98910570  p_y
  349   2   1   0       0.95928434  p_z
  349   2   1   1       1.00925755  p_x
  350   1   0   0       0.92098252  s
  351   1   0   0       0.93614301  s
  352   1   0   0       0.93682256  s
 
Fermi level:                        -0.0566697865 H           -1.5421 eV
Band energy:                      -278.2996027476 H        -7572.9175 eV
TS:                                  0.0000000000 H            0.0000 eV
Band free energy (E-TS):          -278.2996027476 H        -7572.9175 eV
Extrapolated E(0K):               -278.2996027476 H        -7572.9175 eV
Input / Output electrons (q):    682.0000000000    682.0000000000
 
Energy H0:                        -282.9508307968 H        -7699.4839 eV
Energy SCC:                          0.0763660013 H            2.0780 eV
Total Electronic energy:          -282.8744647955 H        -7697.4058 eV
Repulsive energy:                    4.6079805714 H          125.3895 eV
Dispersion energy:                   1.1354684834 H           30.8977 eV
Total energy:                     -277.1310157408 H        -7541.1186 eV
Extrapolated to 0:                -277.1310157408 H        -7541.1186 eV
Total Mermin free energy:         -277.1310157408 H        -7541.1186 eV
Force related energy:             -277.1310157408 H        -7541.1186 eV
 
SCC converged
 
Full geometry written in geo_end.{xyz|gen}
 
MD Kinetic Energy:                   0.6334536411 H
Total MD Energy:                  -276.4975620997 H
Pressure:                           -0.513606E-05 au    -0.151108E+09 Pa
MD Temperature:                      0.0012031408 H          379.9214 K
MD Kinetic Energy:                   0.6334536411 H
Total MD Energy:                  -276.4975620997 H        -7523.8815 eV
MD Temperature:                      0.0012031408 H          379.9214 K
 
Molecular dynamics completed
 
