 Fermi distribution function
 
MD step: 100000
 

********************************************************************************
 iSCC Total electronic   Diff electronic      SCC error    
    7   -0.28185593E+03    0.11368684E-11    0.47222208E-06
********************************************************************************
 
Coordinates of moved atoms (au):
    1     98.19015217     57.22025577     64.23728387
    2     98.72884906     55.36871577     63.59438134
    3     96.88035554     58.00137313     62.79977167
    4     96.66859938     86.05615648     66.84305160
    5     95.47932331     87.81239267     67.16415249
    6     69.18433795     85.85638785     68.43880748
    7     95.08285256     83.53003064     66.91526345
    8     67.64026798     81.87753169     66.20442283
    9     93.42950662     83.71910599     65.57103177
   10     64.75267723     82.80357835     69.42850905
   11     33.33366519     30.11230262     15.53901994
   12     63.17299038     81.43780687     69.10553744
   13     94.87381308     83.06587327     71.73431137
   14     77.01455642     68.31528957     24.18447700
   15     96.97665014     84.31535391     71.61448186
   16     65.07035867     81.78325499     73.90304369
   17     66.67285646     81.62625437     75.07726223
   18     64.48536917     79.55794846     73.17315455
   19     91.63913653     82.54802915     75.44453021
   20     90.30357127     83.70331052     74.29119970
   21     92.50722030     83.41952012     77.12469879
   22     89.80136048     80.47036885     76.12302336
   23     60.60929171     78.95163107     74.56878712
   24     59.08588399     81.76844482     76.60499683
   25    100.72979660     58.86625366     64.64762932
   26    101.92429938     57.41967427     65.95704767
   27    102.07826769     59.59760579     63.25554425
   28    100.18247798     60.72991818     65.43321675
   29     90.16262956     79.05323155     78.51481352
   30     88.53016844     79.20796477     79.89056880
   31     90.45254304     76.86836756     78.33786450
   32     91.82328594     79.82441123     79.57990346
   33     55.53909147     53.47542634     39.84783690
   34     57.34791921     52.56114520     39.21936643
   35     54.93141395     52.33551292     41.55034147
   36     56.06779546     56.23236344     40.45034662
   37     55.10490894     57.38563459     39.24625994
   38     58.18354448     56.44712008     40.52441097
   39     55.65784291     57.08445805     43.39522041
   40     56.45927107     58.87933296     43.97383859
   41     56.72229330     55.93178271     44.91206130
   42     52.77264432     57.11860721     43.73759721
   43     80.89467247     55.08998786     43.60551882
   44     51.57862774     58.11121597     42.21849964
   45     51.65184856     57.78985073     46.52865180
   46     49.66060637     57.54967251     46.31933445
   47     81.33773334     59.99952158     47.24083048
   48     81.20712605     56.19142367     48.88068331
   49     80.93273487     54.31133699     48.03652974
   50     79.21210999     56.26970094     49.82179756
   51     54.70030970     56.34118695     50.29082726
   52     55.44076461     58.19806823     50.77662521
   53     56.24739619     55.42767871     48.97981844
   54     83.46887640     55.47412423     82.00925965
   55     82.38688410     53.62461807     81.92807432
   56     82.25329241     56.97197171     82.92447432
   57     53.11559633     53.59454708     38.23194141
   58     51.78773075     52.34483705     39.04006380
   59     52.11007653     55.30905099     37.99323757
   60     53.35934814     53.02152155     36.28656764
   61     57.16941656     54.94928545     83.09513339
   62     57.72444604     52.56259635     83.16297296
   63     57.22484373     55.83565323     85.00020026
   64     58.36844921     55.91924934     81.97195933
   65     66.14221058     64.36277081     71.35226622
   66     67.94655794     63.17614845     71.62950252
   67     65.61082862     64.99414740     73.23028853
   68     61.54278757     31.09703937     16.99573157
   69     45.57431186     98.59056247     54.64639017
   70     82.02502156     95.24714293     69.48538122
   71     83.99641971     94.82716786     70.30779511
   72     83.74985110     93.76115124     72.42122124
   73     84.53508200     96.48605621     71.01129259
   74     86.19095246     64.28533138     69.18641907
   75     86.23580044     62.22620089     69.82796190
   76     87.91826793     64.84110847     70.09793203
   77     86.55660380     64.59663321     66.31635636
   78     87.20484345     95.40879463     66.10979870
   79     84.57974524     93.61158145     66.05308013
   80     88.02754304     62.52493114     64.94953665
   81     89.61476915     62.17939935     66.13072432
   82     89.32196398     63.10231593     63.26470703
   83     86.27841312     60.01317415     64.31557507
   84     84.39153619     59.85375184     65.12128090
   85     87.03059846     58.00320270     64.72683980
   86     86.15904355     60.39984274     61.53386340
   87     87.96060152     60.43193536     60.76856842
   88     85.12038295     62.26865777     61.22657508
   89     65.08906857     65.06635141     69.24304798
   90     60.76692678     29.90871871     18.47338402
   91     65.71971012     64.68823827     67.35671935
   92     63.25861429     66.10845170     69.38231327
   93     84.05543162     58.68695904     60.64286870
   94     81.92787130     58.70783238     60.96819275
   95     84.26929016     59.26154525     58.60319705
   96     84.63490686     56.76904526     60.88644733
   97     56.06516750     65.59889677     79.36058642
   98     57.69155019     64.28294006     80.22597902
   99     54.93755639     66.06652700     80.89659231
  100     57.46630510     67.88709908     78.15128490
  101     56.27252175     69.00168255     77.04016833
  102     58.89095264     67.14798626     76.86721818
  103     58.86606524     69.60389871     79.90581808
  104     60.05898583     70.89260229     78.82323362
  105     60.33842489     68.51827647     81.20762924
  106     57.20807173     71.64830991     52.06603561
  107     55.25025057     71.09246743     53.02353528
  108     56.65642039     73.07011076     50.66392531
  109     58.22470035     73.17467804     54.20788083
  110     56.67744141     74.46998153     55.09002914
  111     59.55592658     74.50795111     53.44256630
  112     59.31795718     71.42932054     56.17914887
  113     61.50411430     70.77898028     56.19439802
  114     57.90590335     69.82563373     56.03764858
  115     58.35102118     72.60464369     58.80239292
  116     56.55138661     73.50392384     57.98308888
  117     59.64360974     74.07926723     59.47885954
  118     57.45835331     70.67758634     60.94026745
  119     56.63624460     69.23064511     59.54546175
  120     56.08002000     72.11153390     62.19077775
  121     54.32379529     63.85947781     77.73321509
  122     52.48076907     64.76166127     77.48503659
  123     55.50580578     63.49666140     75.98007311
  124     54.28218445     62.05012248     78.59904798
  125     59.54901246     69.59681739     62.46473890
  126     61.19338403     69.49986281     61.20954845
  127     60.09541844     71.04491404     63.93849648
  128     58.87242501     67.84637536     63.42618347
  129     47.69999348     84.06302129     59.76386755
  130     45.88656664     83.47887744     60.60739158
  131     49.14463673     82.76330050     61.20378874
  132     47.37181829     83.24160095     57.05325580
  133     49.10491038     83.67443010     55.93542156
  134     46.04637871     84.40920499     56.11752719
  135     46.22615684     80.35273328     55.79856597
  136     45.45422671     80.87281040     53.79016625
  137     44.38168971     79.80558454     56.91201148
  138     47.93495801     78.26089752     56.02313113
  139     49.83335990     78.14395620     54.66193861
  140     47.22368261     76.36473360     56.10783029
  141     49.40742773     78.20436471     58.54225553
  142     47.82627067     78.05255348     59.67330936
  143     50.03577933     80.34607016     59.02433906
  144     51.53673125     76.16325283     59.20209766
  145     53.79777095     76.42807799     58.30346376
  146     50.84163611     74.16822846     58.34220759
  147     51.84542373     76.32947588     62.21396483
  148     51.97930110     78.39039232     62.45985712
  149     53.64642361     75.52072416     62.83097169
  150     49.44094605     75.07101957     63.43186406
  151     48.67666998     73.49947228     62.38856191
  152     47.74439185     76.75524965     63.38704041
  153     48.38479206     86.74563053     60.02232028
  154     46.93350162     59.04654864     60.68251105
  155     50.06779281     87.07461581     61.49335876
  156     49.03023931     87.63895025     58.35299653
  157     49.88523375     74.40977914     66.13753804
  158     49.94127095     72.41285945     66.90514203
  159     51.86764657     74.88399549     66.99406953
  160     48.85952783     75.29181704     67.66703046
  161     60.09740499     43.05742061     70.05974229
  162     60.81198435     44.98529627     69.76116837
  163     61.23961985     41.97271540     68.45325494
  164     60.31976311     42.28577837     72.80270585
  165     59.49504781     40.54774387     73.46754179
  166     58.74486169     43.28520875     73.29390130
  167     62.73047579     43.23760530     74.25416898
  168     64.04509076     41.73484858     74.80154271
  169     62.00104320     43.45000041     76.14850785
  170     64.24575170     45.41845296     73.21147820
  171     65.27168972     46.46357680     74.65346054
  172     62.77890357     46.76671363     72.25671175
  173     66.21324677     73.69413861     70.98077099
  174     67.06573964     75.82220901     70.56183580
  175     64.79725790     43.97237462     69.68658449
  176     68.38389390     71.77532902     71.29406693
  177     68.31043897     70.38216404     73.05380141
  178     70.27203063     72.78501858     71.70736524
  179     68.93804537     70.04407982     68.52495213
  180     67.11025529     69.59363859     67.74738206
  181     70.36896894     68.65392040     68.96406038
  182     70.05996086     71.86442030     66.43730896
  183     68.33415274     72.80418000     65.46146338
  184     70.53708376     70.55761848     64.90123398
  185     57.23831289     43.61652242     69.34685102
  186     56.05987968     44.83360852     70.62350761
  187     56.82366781     44.66025655     67.52907845
  188     56.12061104     41.83755010     98.36683660
  189     72.32618835     73.41528651     67.45045654
  190     73.11984463     72.40434907     69.13491116
  191     73.97893152     73.63438497     66.06203731
  192     71.74370378     75.23288987     68.51878900
  193     71.39430200     37.69744110     78.11206143
  194     71.95782943     36.06607257     77.16401809
  195     73.04839990     67.67394319     78.81367298
  196     70.56411744     39.55208092     76.05267096
  197     70.12527514     41.53727880     76.57606410
  198     68.73357655     67.36459976     75.08906316
  199     73.07074119     39.68139482     74.26982940
  200     72.61049204     39.42100967     72.13969550
  201     74.20307015     37.99625956     74.96950276
  202     74.41680450     42.22730993     74.38189001
  203     74.18118389     42.94750153     76.30155617
  204     73.54719416     43.56860244     73.07365811
  205     77.69541670     42.00273330     73.89996318
  206     77.93936844     42.29079308     71.90942476
  207     78.34587373     39.80937225     74.43647085
  208     78.92249436     43.86392885     75.67791360
  209     80.44963611     42.85684958     76.71392156
  210     77.87434774     44.75015233     76.94663461
  211     80.33494716     74.53597988     73.87892670
  212     78.86235377     75.95418284     73.45270470
  213     81.03678912     73.22192504     72.25032242
  214     82.35548234     76.37407476     74.91886071
  215     82.28474668     77.76788844     73.46522131
  216     84.38361055     75.88665772     74.81443702
  217     69.17870570     37.30765741     79.81980192
  218     67.66772404     38.60810223     50.82859914
  219     68.39331617     35.42878173     50.60181419
  220     68.99544618     37.48649839     81.98078009
  221     81.61085926     77.37126735     77.46661526
  222     83.10207012     78.92193842     77.91847726
  223     79.89678256     78.27500992     77.95047267
  224     81.71639980     75.75123139     78.58265872
  225     50.91351783     97.58236666     58.47656794
  226     52.08853250     98.82707407     59.68018683
  227     49.98063137     95.98433680     59.48002975
  228     48.71450723     69.94328473     57.07524411
  229     49.22449289     71.79275324     55.89103019
  230     47.27156446     70.71238531     58.19805765
  231     47.11823809     97.31818536     55.14652826
  232     31.42349425     61.39616097     44.85958300
  233     45.66551044     93.71362091     53.78350914
  234     46.21789712     94.71003344     55.59472091
  235     47.81138577     93.73559176     56.51633353
  236     34.37510763     60.75936564     46.69847416
  237     44.15254322     94.75550452     57.50362235
  238     42.64876876     95.66028433     56.44508207
  239     44.42447639     67.16747614     59.34671732
  240     43.28468058     92.06764743     58.12241583
  241     43.99912065     63.07426661     59.81018117
  242     44.24839717     61.93208545     56.71956310
  243     40.52999316     91.32399001     58.29629792
  244     40.54710152     89.38651761     58.99353943
  245     39.84413858     90.89889921     56.30308731
  246     38.39963391     92.64200529     59.62532714
  247     36.45575560     92.43215117     58.88067562
  248     38.50620857     94.80709249     58.66909036
  249     52.88413317     67.25417347     56.64477131
  250     53.63940113     68.49986694     55.37579221
  251     54.64045536     66.73989127     57.66880781
  252     51.49792076     65.74157434     55.67566658
  253     38.66145420     92.90265814     62.33224652
  254     38.65198510     91.16409390     63.64183784
  255     40.15240424     94.23849107     62.79628239
  256     36.94608512     93.72967398     92.19847180
  257     74.01681401     76.98904564     77.97568093
  258     73.82755802     77.69089767     79.82246445
  259     75.05313200     75.39248138     78.04840622
  260     71.43210837     76.48134049     76.72007817
  261     71.43239171     74.43123331     76.53655532
  262     71.59758973     76.89260374     74.55712741
  263     69.32850926     77.27770745     78.46693167
  264     67.92704714     78.24119895     77.04764915
  265     70.00962933     78.81287430     79.70601481
  266     67.77022159     75.08671153     79.76588092
  267     66.99808830     73.77314370     78.20683975
  268     66.36081019     76.03971069     80.54561524
  269     69.12239427     73.49408247     81.98446511
  270     70.24475217     74.84867082     83.08370725
  271     70.44218377     71.93054285     81.79713459
  272     66.97104505     72.12215648     83.72242815
  273     65.56709796     70.83529029     82.71821728
  274     65.73370580     73.73620053     84.40619261
  275     68.29887278     70.79353989     85.99600579
  276     69.74798080     69.42250622     85.27076905
  277     66.55597459     69.89832804     86.90766867
  278     69.89889335     72.38740862     87.98752489
  279     72.02615336     72.46311826     87.42477559
  280     69.61238169     71.34432015     89.69298086
  281     75.68136594     79.44644061     77.05545910
  282     74.35068288     80.88826589     76.93615221
  283     77.37855442     80.01279630     78.22616022
  284     76.61690782     79.68401412     75.02913308
  285     69.16650393     75.39968232     88.38280563
  286     68.38433548     76.43314209     86.80992205
  287     68.25965394     75.86506920     90.11225233
  288     71.10789013     76.27099210     89.06607743
  289     70.56641877     58.02688322     82.32150474
  290     69.48343907     59.17896723     81.20268556
  291     71.81665132     59.39815820     83.44350482
  292     69.13619551     56.03113835     84.03333570
  293     67.58385537     56.78421553     85.21569843
  294     70.27709685     54.64107396     85.08218657
  295     67.05730836     54.47687308     82.37051878
  296     67.64389875     54.24857116     80.35746252
  297     65.24369965     55.56182793     53.34086031
  298     66.35462822     51.85542027     54.53561193
  299     67.87781190     50.39715959     83.54633780
  300     64.66365982     51.09271415     53.43424921
  301     65.56783446     51.89473726     57.39842234
  302     67.56447001     52.38356131     58.22094640
  303     64.85135550     49.95843690     86.76633538
  304     63.31935027     53.44481316     58.46564569
  305     62.58475149     54.77888632     57.01826616
  306     63.98978821     54.94040708     59.94069816
  307     61.15624490     51.91056448     59.28712389
  308     60.74413444     50.36487192     58.05591486
  309     59.35190824     53.05526029     59.25601020
  310     61.40656004     50.30474420     61.68141863
  311     62.93005894     50.83848049     63.03659944
  312     62.07228283     48.65971264     61.08288476
  313     72.27726574     56.46292077     80.71562484
  314     73.55145835     55.45584544     81.79252190
  315     70.95236670     55.39813181     79.52066970
  316     73.22763929     57.67060319     79.33566562
  317     58.89878662     49.56241071     62.95330706
  318     58.75615717     48.20770146     64.45820621
  319     57.76627211     51.33415982     63.61621172
  320     57.91707884     48.60120217     61.39202520
  321     77.33275987     63.08480236     39.53143343
  322     77.30150913     65.26669064     39.92806794
  323     79.03212159     62.76974048     40.62858238
  324     74.89033764     62.22227673     69.81117012
  325     73.59872862     61.28827481     68.50978491
  326     73.82366494     63.95906374     69.95710971
  327     75.09407764     60.62224945     72.37079384
  328     75.82772297     61.74084272     73.96653802
  329     76.89059816     59.38930730     71.94402433
  330     72.84213800     59.07662342     73.31930659
  331     71.34299287     59.80395345     71.85359546
  332     72.18168146     60.10233723     75.05276939
  333     72.94232739     56.24425262     73.63543741
  334     71.54753214     55.24748946     74.95515320
  335     74.83427409     55.86600292     74.68610124
  336     73.53808385     54.77375823     71.14094864
  337     75.54489862     54.75159273     70.56702886
  338     72.56631889     56.17905199     69.66276034
  339     72.65113365     52.06067446     71.22548930
  340     70.60732199     52.43797003     71.68907567
  341     73.33756700     50.80231275     72.89821685
  342     72.81771899     50.28283123     68.97401291
  343     70.79617537     49.65043952     68.61057066
  344     74.07117502     48.94618106     69.57693554
  345     77.53709108     61.69217908     37.09123743
  346     76.91066733     62.88715458     35.50293161
  347     79.59661408     61.22341516     36.56084791
  348     76.46589615     59.94167028     37.24930598
  349     73.98528447     51.41718015     66.59756320
  350     75.85585170     51.94686904     66.51956456
  351     74.06780259     49.56079471     65.50733473
  352     73.14035991     53.07646316     65.52434903
 
 Total charge:    -0.00000000

 Atomic gross charges (e)
 Atom           Charge
    1      -0.10534913
    2       0.06792391
    3       0.05709925
    4      -0.10745326
    5       0.06259373
    6       0.05759868
    7      -0.07435935
    8       0.04030616
    9       0.05077021
   10      -0.14076940
   11       0.08696014
   12       0.08151547
   13      -0.06026865
   14       0.02355726
   15       0.04563490
   16      -0.06292509
   17       0.06869476
   18       0.01557620
   19      -0.11174059
   20       0.07032504
   21       0.06865647
   22      -0.07552146
   23       0.06371481
   24       0.04095795
   25      -0.21850223
   26       0.05163649
   27       0.07533003
   28       0.06877087
   29      -0.18524215
   30       0.05440201
   31       0.04483956
   32       0.05763550
   33      -0.08560110
   34       0.06345241
   35       0.04971994
   36      -0.13119746
   37       0.09457201
   38       0.05123317
   39      -0.11254458
   40       0.06447454
   41       0.05057234
   42      -0.09784107
   43       0.03480265
   44       0.05588257
   45      -0.11943248
   46       0.07038117
   47       0.01148406
   48      -0.09913847
   49       0.05131702
   50       0.03929983
   51      -0.09427619
   52       0.05854760
   53       0.04479428
   54      -0.09729488
   55       0.04873024
   56       0.06043982
   57      -0.21878341
   58       0.06628756
   59       0.07493912
   60       0.06016831
   61      -0.19297446
   62       0.03837129
   63       0.06691429
   64       0.08752478
   65      -0.15830648
   66       0.06734907
   67       0.08558468
   68      -0.33973012
   69       0.04464863
   70       0.07210815
   71      -0.20548976
   72       0.01940296
   73       0.08600743
   74      -0.08764420
   75       0.04958142
   76       0.04980657
   77      -0.14852750
   78       0.08260126
   79       0.08069319
   80      -0.11041958
   81       0.06148211
   82       0.04369230
   83      -0.12066239
   84       0.07090786
   85       0.04921034
   86      -0.08715174
   87       0.08878102
   88       0.04045880
   89      -0.17179370
   90       0.08848736
   91       0.09584124
   92       0.08060543
   93      -0.23330273
   94       0.08609017
   95       0.04593331
   96       0.06638549
   97      -0.10561036
   98       0.02225551
   99       0.07258883
  100      -0.10751533
  101       0.07055066
  102       0.05206948
  103      -0.08824556
  104       0.05439254
  105       0.04564892
  106      -0.09426754
  107       0.02704095
  108       0.05141775
  109      -0.09473568
  110       0.04837097
  111       0.04929144
  112      -0.11629527
  113       0.05745138
  114       0.05752484
  115      -0.15543984
  116       0.05544618
  117       0.06384713
  118      -0.08840521
  119       0.06547844
  120       0.03667536
  121      -0.21485305
  122       0.08092174
  123       0.06380643
  124       0.08369337
  125      -0.20376798
  126       0.07758698
  127       0.05500884
  128       0.07879603
  129      -0.03504013
  130       0.05341627
  131       0.01664865
  132      -0.15531127
  133       0.05434936
  134       0.06932847
  135      -0.07787107
  136       0.05013499
  137       0.03903213
  138      -0.08057607
  139       0.02135636
  140       0.07151718
  141      -0.14624733
  142       0.07571726
  143       0.04515777
  144      -0.07967998
  145       0.01969506
  146       0.04185165
  147      -0.11971007
  148       0.07054891
  149       0.06919632
  150      -0.04792056
  151       0.07289200
  152       0.01567107
  153      -0.18897540
  154       0.06711060
  155       0.04665687
  156       0.07292110
  157      -0.20151334
  158       0.05444472
  159       0.03662115
  160       0.06888231
  161      -0.07115929
  162       0.05976071
  163       0.03765629
  164      -0.14980882
  165       0.07608408
  166       0.08003112
  167      -0.10909848
  168       0.05448576
  169       0.05216442
  170      -0.10013877
  171       0.06469050
  172       0.04033111
  173      -0.10228380
  174       0.03406167
  175       0.07660309
  176      -0.12952744
  177       0.05897141
  178       0.04695176
  179      -0.15434553
  180       0.08164031
  181       0.08394804
  182      -0.09309976
  183       0.04374634
  184       0.04834549
  185      -0.21956978
  186       0.05892404
  187       0.06034645
  188       0.05650594
  189      -0.20104125
  190       0.05664914
  191       0.06511534
  192       0.06897617
  193      -0.08747679
  194       0.07669708
  195       0.06687871
  196      -0.11231057
  197       0.07656169
  198       0.03132106
  199      -0.11309765
  200       0.04627094
  201       0.05686549
  202      -0.15412036
  203       0.06303565
  204       0.07328266
  205      -0.10564419
  206       0.07709750
  207       0.02823744
  208      -0.11939453
  209       0.04756300
  210       0.09580825
  211      -0.11478443
  212       0.06119329
  213       0.05051893
  214      -0.10229202
  215       0.05026242
  216       0.05651267
  217      -0.22528031
  218       0.07620727
  219       0.05861861
  220       0.05669466
  221      -0.22264168
  222       0.04516199
  223       0.09177397
  224       0.07752695
  225      -0.10195577
  226       0.06831697
  227       0.06061450
  228      -0.09888612
  229       0.03190821
  230       0.06736784
  231      -0.10128908
  232       0.09189599
  233       0.05956360
  234      -0.08240886
  235       0.05229266
  236       0.07321200
  237      -0.10720166
  238       0.05790641
  239       0.03337518
  240      -0.14253111
  241       0.09434994
  242       0.06737352
  243      -0.09184487
  244       0.04711128
  245       0.03159372
  246      -0.04797135
  247       0.06437744
  248      -0.00596362
  249      -0.23258545
  250       0.08625935
  251       0.07446372
  252       0.06573441
  253      -0.18575842
  254       0.06053692
  255       0.07194760
  256       0.04233555
  257      -0.13771870
  258       0.07295341
  259       0.08145966
  260      -0.10995652
  261       0.05646502
  262       0.05937172
  263      -0.09140936
  264       0.03215637
  265       0.06611359
  266      -0.11887095
  267       0.05358490
  268       0.08721963
  269      -0.14240727
  270       0.06296714
  271       0.07654684
  272      -0.11397894
  273       0.05764931
  274       0.04576877
  275      -0.11432251
  276       0.06568498
  277       0.05435696
  278      -0.09893272
  279       0.04611111
  280       0.07410085
  281      -0.23607000
  282       0.07769935
  283       0.07334860
  284       0.04644806
  285      -0.22567943
  286       0.09074949
  287       0.07849394
  288       0.03586105
  289      -0.09752477
  290       0.07989663
  291       0.04052514
  292      -0.13778525
  293       0.07006786
  294       0.07737949
  295      -0.11853742
  296       0.05295936
  297       0.05048987
  298      -0.10874025
  299       0.05834450
  300       0.04720560
  301      -0.12558388
  302       0.04995128
  303       0.06125916
  304      -0.07600468
  305       0.04576163
  306       0.03903956
  307      -0.09687461
  308       0.06272814
  309       0.04779802
  310      -0.11922611
  311       0.05068004
  312       0.07206972
  313      -0.22353550
  314       0.09174104
  315       0.06759181
  316       0.05754110
  317      -0.20246602
  318       0.07623388
  319       0.04846439
  320       0.05932646
  321      -0.09603289
  322       0.04506392
  323       0.06060922
  324      -0.13459732
  325       0.06193209
  326       0.05258718
  327      -0.10102866
  328       0.05307978
  329       0.03765635
  330      -0.07902829
  331       0.03412218
  332       0.04395440
  333      -0.09199808
  334       0.06246563
  335       0.03225507
  336      -0.08513455
  337       0.05550796
  338       0.04116965
  339      -0.11913197
  340       0.04436208
  341       0.04869957
  342      -0.09137149
  343       0.06618998
  344       0.08268476
  345      -0.17779144
  346       0.05902685
  347       0.04446583
  348       0.07943760
  349      -0.21876150
  350       0.07843335
  351       0.05034380
  352       0.06632751
 
Nr. of electrons (up):    682.00000000
Atom populations (up)
 Atom       Population
    1       4.10534913
    2       0.93207609
    3       0.94290075
    4       4.10745326
    5       0.93740627
    6       0.94240132
    7       4.07435935
    8       0.95969384
    9       0.94922979
   10       4.14076940
   11       0.91303986
   12       0.91848453
   13       4.06026865
   14       0.97644274
   15       0.95436510
   16       4.06292509
   17       0.93130524
   18       0.98442380
   19       4.11174059
   20       0.92967496
   21       0.93134353
   22       4.07552146
   23       0.93628519
   24       0.95904205
   25       4.21850223
   26       0.94836351
   27       0.92466997
   28       0.93122913
   29       4.18524215
   30       0.94559799
   31       0.95516044
   32       0.94236450
   33       4.08560110
   34       0.93654759
   35       0.95028006
   36       4.13119746
   37       0.90542799
   38       0.94876683
   39       4.11254458
   40       0.93552546
   41       0.94942766
   42       4.09784107
   43       0.96519735
   44       0.94411743
   45       4.11943248
   46       0.92961883
   47       0.98851594
   48       4.09913847
   49       0.94868298
   50       0.96070017
   51       4.09427619
   52       0.94145240
   53       0.95520572
   54       4.09729488
   55       0.95126976
   56       0.93956018
   57       4.21878341
   58       0.93371244
   59       0.92506088
   60       0.93983169
   61       4.19297446
   62       0.96162871
   63       0.93308571
   64       0.91247522
   65       4.15830648
   66       0.93265093
   67       0.91441532
   68       4.33973012
   69       0.95535137
   70       0.92789185
   71       4.20548976
   72       0.98059704
   73       0.91399257
   74       4.08764420
   75       0.95041858
   76       0.95019343
   77       4.14852750
   78       0.91739874
   79       0.91930681
   80       4.11041958
   81       0.93851789
   82       0.95630770
   83       4.12066239
   84       0.92909214
   85       0.95078966
   86       4.08715174
   87       0.91121898
   88       0.95954120
   89       4.17179370
   90       0.91151264
   91       0.90415876
   92       0.91939457
   93       4.23330273
   94       0.91390983
   95       0.95406669
   96       0.93361451
   97       4.10561036
   98       0.97774449
   99       0.92741117
  100       4.10751533
  101       0.92944934
  102       0.94793052
  103       4.08824556
  104       0.94560746
  105       0.95435108
  106       4.09426754
  107       0.97295905
  108       0.94858225
  109       4.09473568
  110       0.95162903
  111       0.95070856
  112       4.11629527
  113       0.94254862
  114       0.94247516
  115       4.15543984
  116       0.94455382
  117       0.93615287
  118       4.08840521
  119       0.93452156
  120       0.96332464
  121       4.21485305
  122       0.91907826
  123       0.93619357
  124       0.91630663
  125       4.20376798
  126       0.92241302
  127       0.94499116
  128       0.92120397
  129       4.03504013
  130       0.94658373
  131       0.98335135
  132       4.15531127
  133       0.94565064
  134       0.93067153
  135       4.07787107
  136       0.94986501
  137       0.96096787
  138       4.08057607
  139       0.97864364
  140       0.92848282
  141       4.14624733
  142       0.92428274
  143       0.95484223
  144       4.07967998
  145       0.98030494
  146       0.95814835
  147       4.11971007
  148       0.92945109
  149       0.93080368
  150       4.04792056
  151       0.92710800
  152       0.98432893
  153       4.18897540
  154       0.93288940
  155       0.95334313
  156       0.92707890
  157       4.20151334
  158       0.94555528
  159       0.96337885
  160       0.93111769
  161       4.07115929
  162       0.94023929
  163       0.96234371
  164       4.14980882
  165       0.92391592
  166       0.91996888
  167       4.10909848
  168       0.94551424
  169       0.94783558
  170       4.10013877
  171       0.93530950
  172       0.95966889
  173       4.10228380
  174       0.96593833
  175       0.92339691
  176       4.12952744
  177       0.94102859
  178       0.95304824
  179       4.15434553
  180       0.91835969
  181       0.91605196
  182       4.09309976
  183       0.95625366
  184       0.95165451
  185       4.21956978
  186       0.94107596
  187       0.93965355
  188       0.94349406
  189       4.20104125
  190       0.94335086
  191       0.93488466
  192       0.93102383
  193       4.08747679
  194       0.92330292
  195       0.93312129
  196       4.11231057
  197       0.92343831
  198       0.96867894
  199       4.11309765
  200       0.95372906
  201       0.94313451
  202       4.15412036
  203       0.93696435
  204       0.92671734
  205       4.10564419
  206       0.92290250
  207       0.97176256
  208       4.11939453
  209       0.95243700
  210       0.90419175
  211       4.11478443
  212       0.93880671
  213       0.94948107
  214       4.10229202
  215       0.94973758
  216       0.94348733
  217       4.22528031
  218       0.92379273
  219       0.94138139
  220       0.94330534
  221       4.22264168
  222       0.95483801
  223       0.90822603
  224       0.92247305
  225       4.10195577
  226       0.93168303
  227       0.93938550
  228       4.09888612
  229       0.96809179
  230       0.93263216
  231       4.10128908
  232       0.90810401
  233       0.94043640
  234       4.08240886
  235       0.94770734
  236       0.92678800
  237       4.10720166
  238       0.94209359
  239       0.96662482
  240       4.14253111
  241       0.90565006
  242       0.93262648
  243       4.09184487
  244       0.95288872
  245       0.96840628
  246       4.04797135
  247       0.93562256
  248       1.00596362
  249       4.23258545
  250       0.91374065
  251       0.92553628
  252       0.93426559
  253       4.18575842
  254       0.93946308
  255       0.92805240
  256       0.95766445
  257       4.13771870
  258       0.92704659
  259       0.91854034
  260       4.10995652
  261       0.94353498
  262       0.94062828
  263       4.09140936
  264       0.96784363
  265       0.93388641
  266       4.11887095
  267       0.94641510
  268       0.91278037
  269       4.14240727
  270       0.93703286
  271       0.92345316
  272       4.11397894
  273       0.94235069
  274       0.95423123
  275       4.11432251
  276       0.93431502
  277       0.94564304
  278       4.09893272
  279       0.95388889
  280       0.92589915
  281       4.23607000
  282       0.92230065
  283       0.92665140
  284       0.95355194
  285       4.22567943
  286       0.90925051
  287       0.92150606
  288       0.96413895
  289       4.09752477
  290       0.92010337
  291       0.95947486
  292       4.13778525
  293       0.92993214
  294       0.92262051
  295       4.11853742
  296       0.94704064
  297       0.94951013
  298       4.10874025
  299       0.94165550
  300       0.95279440
  301       4.12558388
  302       0.95004872
  303       0.93874084
  304       4.07600468
  305       0.95423837
  306       0.96096044
  307       4.09687461
  308       0.93727186
  309       0.95220198
  310       4.11922611
  311       0.94931996
  312       0.92793028
  313       4.22353550
  314       0.90825896
  315       0.93240819
  316       0.94245890
  317       4.20246602
  318       0.92376612
  319       0.95153561
  320       0.94067354
  321       4.09603289
  322       0.95493608
  323       0.93939078
  324       4.13459732
  325       0.93806791
  326       0.94741282
  327       4.10102866
  328       0.94692022
  329       0.96234365
  330       4.07902829
  331       0.96587782
  332       0.95604560
  333       4.09199808
  334       0.93753437
  335       0.96774493
  336       4.08513455
  337       0.94449204
  338       0.95883035
  339       4.11913197
  340       0.95563792
  341       0.95130043
  342       4.09137149
  343       0.93381002
  344       0.91731524
  345       4.17779144
  346       0.94097315
  347       0.95553417
  348       0.92056240
  349       4.21876150
  350       0.92156665
  351       0.94965620
  352       0.93367249
 
l-shell populations (up)
 Atom Sh.   l       Population
    1   1   0       1.25785878
    1   2   1       2.84749036
    2   1   0       0.93207609
    3   1   0       0.94290075
    4   1   0       1.26802891
    4   2   1       2.83942435
    5   1   0       0.93740627
    6   1   0       0.94240132
    7   1   0       1.26769477
    7   2   1       2.80666459
    8   1   0       0.95969384
    9   1   0       0.94922979
   10   1   0       1.25851448
   10   2   1       2.88225493
   11   1   0       0.91303986
   12   1   0       0.91848453
   13   1   0       1.23917761
   13   2   1       2.82109105
   14   1   0       0.97644274
   15   1   0       0.95436510
   16   1   0       1.22002467
   16   2   1       2.84290043
   17   1   0       0.93130524
   18   1   0       0.98442380
   19   1   0       1.24015451
   19   2   1       2.87158608
   20   1   0       0.92967496
   21   1   0       0.93134353
   22   1   0       1.23340719
   22   2   1       2.84211427
   23   1   0       0.93628519
   24   1   0       0.95904205
   25   1   0       1.29461794
   25   2   1       2.92388428
   26   1   0       0.94836351
   27   1   0       0.92466997
   28   1   0       0.93122913
   29   1   0       1.26936008
   29   2   1       2.91588206
   30   1   0       0.94559799
   31   1   0       0.95516044
   32   1   0       0.94236450
   33   1   0       1.23351747
   33   2   1       2.85208364
   34   1   0       0.93654759
   35   1   0       0.95028006
   36   1   0       1.24564144
   36   2   1       2.88555602
   37   1   0       0.90542799
   38   1   0       0.94876683
   39   1   0       1.25730021
   39   2   1       2.85524437
   40   1   0       0.93552546
   41   1   0       0.94942766
   42   1   0       1.26648455
   42   2   1       2.83135652
   43   1   0       0.96519735
   44   1   0       0.94411743
   45   1   0       1.27708161
   45   2   1       2.84235088
   46   1   0       0.92961883
   47   1   0       0.98851594
   48   1   0       1.23130824
   48   2   1       2.86783023
   49   1   0       0.94868298
   50   1   0       0.96070017
   51   1   0       1.23097429
   51   2   1       2.86330190
   52   1   0       0.94145240
   53   1   0       0.95520572
   54   1   0       1.24461939
   54   2   1       2.85267549
   55   1   0       0.95126976
   56   1   0       0.93956018
   57   1   0       1.25447301
   57   2   1       2.96431040
   58   1   0       0.93371244
   59   1   0       0.92506088
   60   1   0       0.93983169
   61   1   0       1.28064700
   61   2   1       2.91232746
   62   1   0       0.96162871
   63   1   0       0.93308571
   64   1   0       0.91247522
   65   1   0       1.25813971
   65   2   1       2.90016676
   66   1   0       0.93265093
   67   1   0       0.91441532
   68   1   0       1.28929820
   68   2   1       3.05043192
   69   1   0       0.95535137
   70   1   0       0.92789185
   71   1   0       1.27763794
   71   2   1       2.92785182
   72   1   0       0.98059704
   73   1   0       0.91399257
   74   1   0       1.23577473
   74   2   1       2.85186947
   75   1   0       0.95041858
   76   1   0       0.95019343
   77   1   0       1.22139108
   77   2   1       2.92713642
   78   1   0       0.91739874
   79   1   0       0.91930681
   80   1   0       1.25494147
   80   2   1       2.85547812
   81   1   0       0.93851789
   82   1   0       0.95630770
   83   1   0       1.25626290
   83   2   1       2.86439949
   84   1   0       0.92909214
   85   1   0       0.95078966
   86   1   0       1.21609194
   86   2   1       2.87105980
   87   1   0       0.91121898
   88   1   0       0.95954120
   89   1   0       1.25365073
   89   2   1       2.91814298
   90   1   0       0.91151264
   91   1   0       0.90415876
   92   1   0       0.91939457
   93   1   0       1.26583481
   93   2   1       2.96746792
   94   1   0       0.91390983
   95   1   0       0.95406669
   96   1   0       0.93361451
   97   1   0       1.24313079
   97   2   1       2.86247957
   98   1   0       0.97774449
   99   1   0       0.92741117
  100   1   0       1.21836634
  100   2   1       2.88914899
  101   1   0       0.92944934
  102   1   0       0.94793052
  103   1   0       1.22808208
  103   2   1       2.86016348
  104   1   0       0.94560746
  105   1   0       0.95435108
  106   1   0       1.23281532
  106   2   1       2.86145222
  107   1   0       0.97295905
  108   1   0       0.94858225
  109   1   0       1.22824510
  109   2   1       2.86649058
  110   1   0       0.95162903
  111   1   0       0.95070856
  112   1   0       1.26506468
  112   2   1       2.85123058
  113   1   0       0.94254862
  114   1   0       0.94247516
  115   1   0       1.27988203
  115   2   1       2.87555781
  116   1   0       0.94455382
  117   1   0       0.93615287
  118   1   0       1.25922003
  118   2   1       2.82918517
  119   1   0       0.93452156
  120   1   0       0.96332464
  121   1   0       1.27176823
  121   2   1       2.94308482
  122   1   0       0.91907826
  123   1   0       0.93619357
  124   1   0       0.91630663
  125   1   0       1.26192167
  125   2   1       2.94184630
  126   1   0       0.92241302
  127   1   0       0.94499116
  128   1   0       0.92120397
  129   1   0       1.22225561
  129   2   1       2.81278452
  130   1   0       0.94658373
  131   1   0       0.98335135
  132   1   0       1.26839265
  132   2   1       2.88691863
  133   1   0       0.94565064
  134   1   0       0.93067153
  135   1   0       1.26976416
  135   2   1       2.80810692
  136   1   0       0.94986501
  137   1   0       0.96096787
  138   1   0       1.22022391
  138   2   1       2.86035216
  139   1   0       0.97864364
  140   1   0       0.92848282
  141   1   0       1.25865461
  141   2   1       2.88759272
  142   1   0       0.92428274
  143   1   0       0.95484223
  144   1   0       1.30209738
  144   2   1       2.77758260
  145   1   0       0.98030494
  146   1   0       0.95814835
  147   1   0       1.25795964
  147   2   1       2.86175043
  148   1   0       0.92945109
  149   1   0       0.93080368
  150   1   0       1.23863420
  150   2   1       2.80928637
  151   1   0       0.92710800
  152   1   0       0.98432893
  153   1   0       1.25272686
  153   2   1       2.93624854
  154   1   0       0.93288940
  155   1   0       0.95334313
  156   1   0       0.92707890
  157   1   0       1.26094928
  157   2   1       2.94056406
  158   1   0       0.94555528
  159   1   0       0.96337885
  160   1   0       0.93111769
  161   1   0       1.24372718
  161   2   1       2.82743212
  162   1   0       0.94023929
  163   1   0       0.96234371
  164   1   0       1.22376217
  164   2   1       2.92604665
  165   1   0       0.92391592
  166   1   0       0.91996888
  167   1   0       1.22571680
  167   2   1       2.88338169
  168   1   0       0.94551424
  169   1   0       0.94783558
  170   1   0       1.25019955
  170   2   1       2.84993923
  171   1   0       0.93530950
  172   1   0       0.95966889
  173   1   0       1.26286019
  173   2   1       2.83942361
  174   1   0       0.96593833
  175   1   0       0.92339691
  176   1   0       1.29455185
  176   2   1       2.83497559
  177   1   0       0.94102859
  178   1   0       0.95304824
  179   1   0       1.28360138
  179   2   1       2.87074415
  180   1   0       0.91835969
  181   1   0       0.91605196
  182   1   0       1.24694026
  182   2   1       2.84615950
  183   1   0       0.95625366
  184   1   0       0.95165451
  185   1   0       1.28550085
  185   2   1       2.93406893
  186   1   0       0.94107596
  187   1   0       0.93965355
  188   1   0       0.94349406
  189   1   0       1.28238529
  189   2   1       2.91865596
  190   1   0       0.94335086
  191   1   0       0.93488466
  192   1   0       0.93102383
  193   1   0       1.21467682
  193   2   1       2.87279997
  194   1   0       0.92330292
  195   1   0       0.93312129
  196   1   0       1.28164916
  196   2   1       2.83066141
  197   1   0       0.92343831
  198   1   0       0.96867894
  199   1   0       1.26654520
  199   2   1       2.84655245
  200   1   0       0.95372906
  201   1   0       0.94313451
  202   1   0       1.27743648
  202   2   1       2.87668389
  203   1   0       0.93696435
  204   1   0       0.92671734
  205   1   0       1.28777648
  205   2   1       2.81786772
  206   1   0       0.92290250
  207   1   0       0.97176256
  208   1   0       1.21222565
  208   2   1       2.90716888
  209   1   0       0.95243700
  210   1   0       0.90419175
  211   1   0       1.24766779
  211   2   1       2.86711665
  212   1   0       0.93880671
  213   1   0       0.94948107
  214   1   0       1.22240962
  214   2   1       2.87988240
  215   1   0       0.94973758
  216   1   0       0.94348733
  217   1   0       1.25040082
  217   2   1       2.97487949
  218   1   0       0.92379273
  219   1   0       0.94138139
  220   1   0       0.94330534
  221   1   0       1.25261294
  221   2   1       2.97002874
  222   1   0       0.95483801
  223   1   0       0.90822603
  224   1   0       0.92247305
  225   1   0       1.24648955
  225   2   1       2.85546622
  226   1   0       0.93168303
  227   1   0       0.93938550
  228   1   0       1.24460780
  228   2   1       2.85427832
  229   1   0       0.96809179
  230   1   0       0.93263216
  231   1   0       1.23437147
  231   2   1       2.86691761
  232   1   0       0.90810401
  233   1   0       0.94043640
  234   1   0       1.21683756
  234   2   1       2.86557130
  235   1   0       0.94770734
  236   1   0       0.92678800
  237   1   0       1.24029599
  237   2   1       2.86690567
  238   1   0       0.94209359
  239   1   0       0.96662482
  240   1   0       1.21188722
  240   2   1       2.93064388
  241   1   0       0.90565006
  242   1   0       0.93262648
  243   1   0       1.21792974
  243   2   1       2.87391513
  244   1   0       0.95288872
  245   1   0       0.96840628
  246   1   0       1.21306278
  246   2   1       2.83490857
  247   1   0       0.93562256
  248   1   0       1.00596362
  249   1   0       1.28448861
  249   2   1       2.94809683
  250   1   0       0.91374065
  251   1   0       0.92553628
  252   1   0       0.93426559
  253   1   0       1.24813003
  253   2   1       2.93762838
  254   1   0       0.93946308
  255   1   0       0.92805240
  256   1   0       0.95766445
  257   1   0       1.23911870
  257   2   1       2.89860000
  258   1   0       0.92704659
  259   1   0       0.91854034
  260   1   0       1.23559807
  260   2   1       2.87435845
  261   1   0       0.94353498
  262   1   0       0.94062828
  263   1   0       1.24585969
  263   2   1       2.84554966
  264   1   0       0.96784363
  265   1   0       0.93388641
  266   1   0       1.24947607
  266   2   1       2.86939488
  267   1   0       0.94641510
  268   1   0       0.91278037
  269   1   0       1.26683882
  269   2   1       2.87556845
  270   1   0       0.93703286
  271   1   0       0.92345316
  272   1   0       1.26950639
  272   2   1       2.84447255
  273   1   0       0.94235069
  274   1   0       0.95423123
  275   1   0       1.25875450
  275   2   1       2.85556802
  276   1   0       0.93431502
  277   1   0       0.94564304
  278   1   0       1.26938403
  278   2   1       2.82954869
  279   1   0       0.95388889
  280   1   0       0.92589915
  281   1   0       1.29783628
  281   2   1       2.93823372
  282   1   0       0.92230065
  283   1   0       0.92665140
  284   1   0       0.95355194
  285   1   0       1.29050378
  285   2   1       2.93517565
  286   1   0       0.90925051
  287   1   0       0.92150606
  288   1   0       0.96413895
  289   1   0       1.22735568
  289   2   1       2.87016909
  290   1   0       0.92010337
  291   1   0       0.95947486
  292   1   0       1.26525320
  292   2   1       2.87253205
  293   1   0       0.92993214
  294   1   0       0.92262051
  295   1   0       1.26347724
  295   2   1       2.85506018
  296   1   0       0.94704064
  297   1   0       0.94951013
  298   1   0       1.25498144
  298   2   1       2.85375881
  299   1   0       0.94165550
  300   1   0       0.95279440
  301   1   0       1.25681188
  301   2   1       2.86877200
  302   1   0       0.95004872
  303   1   0       0.93874084
  304   1   0       1.22631764
  304   2   1       2.84968704
  305   1   0       0.95423837
  306   1   0       0.96096044
  307   1   0       1.21713410
  307   2   1       2.87974052
  308   1   0       0.93727186
  309   1   0       0.95220198
  310   1   0       1.21983607
  310   2   1       2.89939004
  311   1   0       0.94931996
  312   1   0       0.92793028
  313   1   0       1.25147636
  313   2   1       2.97205913
  314   1   0       0.90825896
  315   1   0       0.93240819
  316   1   0       0.94245890
  317   1   0       1.26946064
  317   2   1       2.93300538
  318   1   0       0.92376612
  319   1   0       0.95153561
  320   1   0       0.94067354
  321   1   0       1.22552586
  321   2   1       2.87050703
  322   1   0       0.95493608
  323   1   0       0.93939078
  324   1   0       1.24692060
  324   2   1       2.88767672
  325   1   0       0.93806791
  326   1   0       0.94741282
  327   1   0       1.25189745
  327   2   1       2.84913121
  328   1   0       0.94692022
  329   1   0       0.96234365
  330   1   0       1.23125303
  330   2   1       2.84777526
  331   1   0       0.96587782
  332   1   0       0.95604560
  333   1   0       1.24443133
  333   2   1       2.84756676
  334   1   0       0.93753437
  335   1   0       0.96774493
  336   1   0       1.24295740
  336   2   1       2.84217716
  337   1   0       0.94449204
  338   1   0       0.95883035
  339   1   0       1.23838682
  339   2   1       2.88074515
  340   1   0       0.95563792
  341   1   0       0.95130043
  342   1   0       1.22251752
  342   2   1       2.86885397
  343   1   0       0.93381002
  344   1   0       0.91731524
  345   1   0       1.26065973
  345   2   1       2.91713171
  346   1   0       0.94097315
  347   1   0       0.95553417
  348   1   0       0.92056240
  349   1   0       1.26144566
  349   2   1       2.95731584
  350   1   0       0.92156665
  351   1   0       0.94965620
  352   1   0       0.93367249
 
Orbital populations (up)
 Atom Sh.   l   m       Population  Label
    1   1   0   0       1.25785878  s
    1   2   1  -1       0.97254169  p_y
    1   2   1   0       0.95782372  p_z
    1   2   1   1       0.91712494  p_x
    2   1   0   0       0.93207609  s
    3   1   0   0       0.94290075  s
    4   1   0   0       1.26802891  s
    4   2   1  -1       0.93935499  p_y
    4   2   1   0       0.94602616  p_z
    4   2   1   1       0.95404320  p_x
    5   1   0   0       0.93740627  s
    6   1   0   0       0.94240132  s
    7   1   0   0       1.26769477  s
    7   2   1  -1       0.93007865  p_y
    7   2   1   0       0.95901076  p_z
    7   2   1   1       0.91757517  p_x
    8   1   0   0       0.95969384  s
    9   1   0   0       0.94922979  s
   10   1   0   0       1.25851448  s
   10   2   1  -1       1.00782337  p_y
   10   2   1   0       0.90705616  p_z
   10   2   1   1       0.96737539  p_x
   11   1   0   0       0.91303986  s
   12   1   0   0       0.91848453  s
   13   1   0   0       1.23917761  s
   13   2   1  -1       0.96880258  p_y
   13   2   1   0       0.93512374  p_z
   13   2   1   1       0.91716473  p_x
   14   1   0   0       0.97644274  s
   15   1   0   0       0.95436510  s
   16   1   0   0       1.22002467  s
   16   2   1  -1       0.95032163  p_y
   16   2   1   0       0.95021255  p_z
   16   2   1   1       0.94236625  p_x
   17   1   0   0       0.93130524  s
   18   1   0   0       0.98442380  s
   19   1   0   0       1.24015451  s
   19   2   1  -1       1.00002035  p_y
   19   2   1   0       0.96980783  p_z
   19   2   1   1       0.90175790  p_x
   20   1   0   0       0.92967496  s
   21   1   0   0       0.93134353  s
   22   1   0   0       1.23340719  s
   22   2   1  -1       0.90995869  p_y
   22   2   1   0       0.94812416  p_z
   22   2   1   1       0.98403143  p_x
   23   1   0   0       0.93628519  s
   24   1   0   0       0.95904205  s
   25   1   0   0       1.29461794  s
   25   2   1  -1       0.94497614  p_y
   25   2   1   0       1.03143293  p_z
   25   2   1   1       0.94747521  p_x
   26   1   0   0       0.94836351  s
   27   1   0   0       0.92466997  s
   28   1   0   0       0.93122913  s
   29   1   0   0       1.26936008  s
   29   2   1  -1       0.95939287  p_y
   29   2   1   0       0.96587243  p_z
   29   2   1   1       0.99061676  p_x
   30   1   0   0       0.94559799  s
   31   1   0   0       0.95516044  s
   32   1   0   0       0.94236450  s
   33   1   0   0       1.23351747  s
   33   2   1  -1       0.94659300  p_y
   33   2   1   0       0.98468043  p_z
   33   2   1   1       0.92081021  p_x
   34   1   0   0       0.93654759  s
   35   1   0   0       0.95028006  s
   36   1   0   0       1.24564144  s
   36   2   1  -1       0.95640399  p_y
   36   2   1   0       0.94514251  p_z
   36   2   1   1       0.98400952  p_x
   37   1   0   0       0.90542799  s
   38   1   0   0       0.94876683  s
   39   1   0   0       1.25730021  s
   39   2   1  -1       1.00028256  p_y
   39   2   1   0       0.92447207  p_z
   39   2   1   1       0.93048974  p_x
   40   1   0   0       0.93552546  s
   41   1   0   0       0.94942766  s
   42   1   0   0       1.26648455  s
   42   2   1  -1       0.98472950  p_y
   42   2   1   0       0.92841413  p_z
   42   2   1   1       0.91821289  p_x
   43   1   0   0       0.96519735  s
   44   1   0   0       0.94411743  s
   45   1   0   0       1.27708161  s
   45   2   1  -1       0.94904037  p_y
   45   2   1   0       0.90550841  p_z
   45   2   1   1       0.98780210  p_x
   46   1   0   0       0.92961883  s
   47   1   0   0       0.98851594  s
   48   1   0   0       1.23130824  s
   48   2   1  -1       1.00449304  p_y
   48   2   1   0       0.95074939  p_z
   48   2   1   1       0.91258780  p_x
   49   1   0   0       0.94868298  s
   50   1   0   0       0.96070017  s
   51   1   0   0       1.23097429  s
   51   2   1  -1       1.00952997  p_y
   51   2   1   0       0.91851334  p_z
   51   2   1   1       0.93525858  p_x
   52   1   0   0       0.94145240  s
   53   1   0   0       0.95520572  s
   54   1   0   0       1.24461939  s
   54   2   1  -1       0.95753411  p_y
   54   2   1   0       0.95380481  p_z
   54   2   1   1       0.94133657  p_x
   55   1   0   0       0.95126976  s
   56   1   0   0       0.93956018  s
   57   1   0   0       1.25447301  s
   57   2   1  -1       1.01541175  p_y
   57   2   1   0       0.98051738  p_z
   57   2   1   1       0.96838127  p_x
   58   1   0   0       0.93371244  s
   59   1   0   0       0.92506088  s
   60   1   0   0       0.93983169  s
   61   1   0   0       1.28064700  s
   61   2   1  -1       0.94162306  p_y
   61   2   1   0       0.99172904  p_z
   61   2   1   1       0.97897537  p_x
   62   1   0   0       0.96162871  s
   63   1   0   0       0.93308571  s
   64   1   0   0       0.91247522  s
   65   1   0   0       1.25813971  s
   65   2   1  -1       0.97786373  p_y
   65   2   1   0       0.95179209  p_z
   65   2   1   1       0.97051095  p_x
   66   1   0   0       0.93265093  s
   67   1   0   0       0.91441532  s
   68   1   0   0       1.28929820  s
   68   2   1  -1       1.04902192  p_y
   68   2   1   0       0.99941682  p_z
   68   2   1   1       1.00199318  p_x
   69   1   0   0       0.95535137  s
   70   1   0   0       0.92789185  s
   71   1   0   0       1.27763794  s
   71   2   1  -1       1.00265290  p_y
   71   2   1   0       0.97296466  p_z
   71   2   1   1       0.95223426  p_x
   72   1   0   0       0.98059704  s
   73   1   0   0       0.91399257  s
   74   1   0   0       1.23577473  s
   74   2   1  -1       0.96287242  p_y
   74   2   1   0       0.94117415  p_z
   74   2   1   1       0.94782290  p_x
   75   1   0   0       0.95041858  s
   76   1   0   0       0.95019343  s
   77   1   0   0       1.22139108  s
   77   2   1  -1       0.96651375  p_y
   77   2   1   0       0.96937318  p_z
   77   2   1   1       0.99124949  p_x
   78   1   0   0       0.91739874  s
   79   1   0   0       0.91930681  s
   80   1   0   0       1.25494147  s
   80   2   1  -1       0.93470206  p_y
   80   2   1   0       0.97894782  p_z
   80   2   1   1       0.94182823  p_x
   81   1   0   0       0.93851789  s
   82   1   0   0       0.95630770  s
   83   1   0   0       1.25626290  s
   83   2   1  -1       0.91424577  p_y
   83   2   1   0       0.98497707  p_z
   83   2   1   1       0.96517665  p_x
   84   1   0   0       0.92909214  s
   85   1   0   0       0.95078966  s
   86   1   0   0       1.21609194  s
   86   2   1  -1       0.98217265  p_y
   86   2   1   0       0.96482117  p_z
   86   2   1   1       0.92406598  p_x
   87   1   0   0       0.91121898  s
   88   1   0   0       0.95954120  s
   89   1   0   0       1.25365073  s
   89   2   1  -1       0.99700581  p_y
   89   2   1   0       0.94927781  p_z
   89   2   1   1       0.97185936  p_x
   90   1   0   0       0.91151264  s
   91   1   0   0       0.90415876  s
   92   1   0   0       0.91939457  s
   93   1   0   0       1.26583481  s
   93   2   1  -1       0.98961939  p_y
   93   2   1   0       1.02887572  p_z
   93   2   1   1       0.94897280  p_x
   94   1   0   0       0.91390983  s
   95   1   0   0       0.95406669  s
   96   1   0   0       0.93361451  s
   97   1   0   0       1.24313079  s
   97   2   1  -1       0.93573509  p_y
   97   2   1   0       0.98814332  p_z
   97   2   1   1       0.93860115  p_x
   98   1   0   0       0.97774449  s
   99   1   0   0       0.92741117  s
  100   1   0   0       1.21836634  s
  100   2   1  -1       0.94233943  p_y
  100   2   1   0       0.98038865  p_z
  100   2   1   1       0.96642091  p_x
  101   1   0   0       0.92944934  s
  102   1   0   0       0.94793052  s
  103   1   0   0       1.22808208  s
  103   2   1  -1       0.92444006  p_y
  103   2   1   0       0.97774899  p_z
  103   2   1   1       0.95797442  p_x
  104   1   0   0       0.94560746  s
  105   1   0   0       0.95435108  s
  106   1   0   0       1.23281532  s
  106   2   1  -1       0.95000636  p_y
  106   2   1   0       0.95225664  p_z
  106   2   1   1       0.95918923  p_x
  107   1   0   0       0.97295905  s
  108   1   0   0       0.94858225  s
  109   1   0   0       1.22824510  s
  109   2   1  -1       0.94705839  p_y
  109   2   1   0       0.94916444  p_z
  109   2   1   1       0.97026775  p_x
  110   1   0   0       0.95162903  s
  111   1   0   0       0.95070856  s
  112   1   0   0       1.26506468  s
  112   2   1  -1       0.98938476  p_y
  112   2   1   0       0.94632225  p_z
  112   2   1   1       0.91552357  p_x
  113   1   0   0       0.94254862  s
  114   1   0   0       0.94247516  s
  115   1   0   0       1.27988203  s
  115   2   1  -1       0.97506291  p_y
  115   2   1   0       0.92778271  p_z
  115   2   1   1       0.97271218  p_x
  116   1   0   0       0.94455382  s
  117   1   0   0       0.93615287  s
  118   1   0   0       1.25922003  s
  118   2   1  -1       0.93944674  p_y
  118   2   1   0       0.91827086  p_z
  118   2   1   1       0.97146757  p_x
  119   1   0   0       0.93452156  s
  120   1   0   0       0.96332464  s
  121   1   0   0       1.27176823  s
  121   2   1  -1       0.97770504  p_y
  121   2   1   0       1.00301136  p_z
  121   2   1   1       0.96236842  p_x
  122   1   0   0       0.91907826  s
  123   1   0   0       0.93619357  s
  124   1   0   0       0.91630663  s
  125   1   0   0       1.26192167  s
  125   2   1  -1       0.98841787  p_y
  125   2   1   0       0.97846571  p_z
  125   2   1   1       0.97496272  p_x
  126   1   0   0       0.92241302  s
  127   1   0   0       0.94499116  s
  128   1   0   0       0.92120397  s
  129   1   0   0       1.22225561  s
  129   2   1  -1       0.91706082  p_y
  129   2   1   0       0.92523173  p_z
  129   2   1   1       0.97049198  p_x
  130   1   0   0       0.94658373  s
  131   1   0   0       0.98335135  s
  132   1   0   0       1.26839265  s
  132   2   1  -1       0.96505624  p_y
  132   2   1   0       0.93503435  p_z
  132   2   1   1       0.98682803  p_x
  133   1   0   0       0.94565064  s
  134   1   0   0       0.93067153  s
  135   1   0   0       1.26976416  s
  135   2   1  -1       0.91103671  p_y
  135   2   1   0       0.95006867  p_z
  135   2   1   1       0.94700153  p_x
  136   1   0   0       0.94986501  s
  137   1   0   0       0.96096787  s
  138   1   0   0       1.22022391  s
  138   2   1  -1       0.94819616  p_y
  138   2   1   0       0.98468615  p_z
  138   2   1   1       0.92746984  p_x
  139   1   0   0       0.97864364  s
  140   1   0   0       0.92848282  s
  141   1   0   0       1.25865461  s
  141   2   1  -1       0.94932430  p_y
  141   2   1   0       0.99544138  p_z
  141   2   1   1       0.94282705  p_x
  142   1   0   0       0.92428274  s
  143   1   0   0       0.95484223  s
  144   1   0   0       1.30209738  s
  144   2   1  -1       0.94232283  p_y
  144   2   1   0       0.93203905  p_z
  144   2   1   1       0.90322072  p_x
  145   1   0   0       0.98030494  s
  146   1   0   0       0.95814835  s
  147   1   0   0       1.25795964  s
  147   2   1  -1       0.97832087  p_y
  147   2   1   0       0.94205278  p_z
  147   2   1   1       0.94137677  p_x
  148   1   0   0       0.92945109  s
  149   1   0   0       0.93080368  s
  150   1   0   0       1.23863420  s
  150   2   1  -1       0.94858438  p_y
  150   2   1   0       0.92475571  p_z
  150   2   1   1       0.93594628  p_x
  151   1   0   0       0.92710800  s
  152   1   0   0       0.98432893  s
  153   1   0   0       1.25272686  s
  153   2   1  -1       0.94900785  p_y
  153   2   1   0       0.99797012  p_z
  153   2   1   1       0.98927058  p_x
  154   1   0   0       0.93288940  s
  155   1   0   0       0.95334313  s
  156   1   0   0       0.92707890  s
  157   1   0   0       1.26094928  s
  157   2   1  -1       0.99884377  p_y
  157   2   1   0       0.93039395  p_z
  157   2   1   1       1.01132634  p_x
  158   1   0   0       0.94555528  s
  159   1   0   0       0.96337885  s
  160   1   0   0       0.93111769  s
  161   1   0   0       1.24372718  s
  161   2   1  -1       0.98687807  p_y
  161   2   1   0       0.91440861  p_z
  161   2   1   1       0.92614543  p_x
  162   1   0   0       0.94023929  s
  163   1   0   0       0.96234371  s
  164   1   0   0       1.22376217  s
  164   2   1  -1       1.01800905  p_y
  164   2   1   0       0.94482553  p_z
  164   2   1   1       0.96321207  p_x
  165   1   0   0       0.92391592  s
  166   1   0   0       0.91996888  s
  167   1   0   0       1.22571680  s
  167   2   1  -1       0.98048414  p_y
  167   2   1   0       0.97219150  p_z
  167   2   1   1       0.93070605  p_x
  168   1   0   0       0.94551424  s
  169   1   0   0       0.94783558  s
  170   1   0   0       1.25019955  s
  170   2   1  -1       0.95928686  p_y
  170   2   1   0       0.95459145  p_z
  170   2   1   1       0.93606092  p_x
  171   1   0   0       0.93530950  s
  172   1   0   0       0.95966889  s
  173   1   0   0       1.26286019  s
  173   2   1  -1       0.91729289  p_y
  173   2   1   0       1.00993737  p_z
  173   2   1   1       0.91219336  p_x
  174   1   0   0       0.96593833  s
  175   1   0   0       0.92339691  s
  176   1   0   0       1.29455185  s
  176   2   1  -1       0.94780933  p_y
  176   2   1   0       0.93832128  p_z
  176   2   1   1       0.94884498  p_x
  177   1   0   0       0.94102859  s
  178   1   0   0       0.95304824  s
  179   1   0   0       1.28360138  s
  179   2   1  -1       0.98109984  p_y
  179   2   1   0       0.92597401  p_z
  179   2   1   1       0.96367030  p_x
  180   1   0   0       0.91835969  s
  181   1   0   0       0.91605196  s
  182   1   0   0       1.24694026  s
  182   2   1  -1       0.95707454  p_y
  182   2   1   0       0.95682264  p_z
  182   2   1   1       0.93226233  p_x
  183   1   0   0       0.95625366  s
  184   1   0   0       0.95165451  s
  185   1   0   0       1.28550085  s
  185   2   1  -1       0.98390013  p_y
  185   2   1   0       1.00350119  p_z
  185   2   1   1       0.94666761  p_x
  186   1   0   0       0.94107596  s
  187   1   0   0       0.93965355  s
  188   1   0   0       0.94349406  s
  189   1   0   0       1.28238529  s
  189   2   1  -1       1.00097880  p_y
  189   2   1   0       0.96672665  p_z
  189   2   1   1       0.95095050  p_x
  190   1   0   0       0.94335086  s
  191   1   0   0       0.93488466  s
  192   1   0   0       0.93102383  s
  193   1   0   0       1.21467682  s
  193   2   1  -1       0.96360265  p_y
  193   2   1   0       0.96058595  p_z
  193   2   1   1       0.94861137  p_x
  194   1   0   0       0.92330292  s
  195   1   0   0       0.93312129  s
  196   1   0   0       1.28164916  s
  196   2   1  -1       0.93648204  p_y
  196   2   1   0       0.96977208  p_z
  196   2   1   1       0.92440730  p_x
  197   1   0   0       0.92343831  s
  198   1   0   0       0.96867894  s
  199   1   0   0       1.26654520  s
  199   2   1  -1       0.94634722  p_y
  199   2   1   0       0.94943291  p_z
  199   2   1   1       0.95077232  p_x
  200   1   0   0       0.95372906  s
  201   1   0   0       0.94313451  s
  202   1   0   0       1.27743648  s
  202   2   1  -1       0.96152217  p_y
  202   2   1   0       0.98290600  p_z
  202   2   1   1       0.93225571  p_x
  203   1   0   0       0.93696435  s
  204   1   0   0       0.92671734  s
  205   1   0   0       1.28777648  s
  205   2   1  -1       0.93775548  p_y
  205   2   1   0       0.95961303  p_z
  205   2   1   1       0.92049920  p_x
  206   1   0   0       0.92290250  s
  207   1   0   0       0.97176256  s
  208   1   0   0       1.21222565  s
  208   2   1  -1       0.97370155  p_y
  208   2   1   0       0.95888163  p_z
  208   2   1   1       0.97458570  p_x
  209   1   0   0       0.95243700  s
  210   1   0   0       0.90419175  s
  211   1   0   0       1.24766779  s
  211   2   1  -1       0.93026050  p_y
  211   2   1   0       0.98313139  p_z
  211   2   1   1       0.95372476  p_x
  212   1   0   0       0.93880671  s
  213   1   0   0       0.94948107  s
  214   1   0   0       1.22240962  s
  214   2   1  -1       0.99947224  p_y
  214   2   1   0       0.94095756  p_z
  214   2   1   1       0.93945261  p_x
  215   1   0   0       0.94973758  s
  216   1   0   0       0.94348733  s
  217   1   0   0       1.25040082  s
  217   2   1  -1       0.99432674  p_y
  217   2   1   0       0.98203579  p_z
  217   2   1   1       0.99851696  p_x
  218   1   0   0       0.92379273  s
  219   1   0   0       0.94138139  s
  220   1   0   0       0.94330534  s
  221   1   0   0       1.25261294  s
  221   2   1  -1       0.96695492  p_y
  221   2   1   0       0.99699293  p_z
  221   2   1   1       1.00608089  p_x
  222   1   0   0       0.95483801  s
  223   1   0   0       0.90822603  s
  224   1   0   0       0.92247305  s
  225   1   0   0       1.24648955  s
  225   2   1  -1       0.95585522  p_y
  225   2   1   0       0.98123043  p_z
  225   2   1   1       0.91838057  p_x
  226   1   0   0       0.93168303  s
  227   1   0   0       0.93938550  s
  228   1   0   0       1.24460780  s
  228   2   1  -1       0.94916693  p_y
  228   2   1   0       0.96460092  p_z
  228   2   1   1       0.94051047  p_x
  229   1   0   0       0.96809179  s
  230   1   0   0       0.93263216  s
  231   1   0   0       1.23437147  s
  231   2   1  -1       0.93333341  p_y
  231   2   1   0       0.95137595  p_z
  231   2   1   1       0.98220824  p_x
  232   1   0   0       0.90810401  s
  233   1   0   0       0.94043640  s
  234   1   0   0       1.21683756  s
  234   2   1  -1       0.95968084  p_y
  234   2   1   0       0.94234345  p_z
  234   2   1   1       0.96354701  p_x
  235   1   0   0       0.94770734  s
  236   1   0   0       0.92678800  s
  237   1   0   0       1.24029599  s
  237   2   1  -1       0.94334696  p_y
  237   2   1   0       0.93426712  p_z
  237   2   1   1       0.98929160  p_x
  238   1   0   0       0.94209359  s
  239   1   0   0       0.96662482  s
  240   1   0   0       1.21188722  s
  240   2   1  -1       0.97462142  p_y
  240   2   1   0       1.00822595  p_z
  240   2   1   1       0.94779652  p_x
  241   1   0   0       0.90565006  s
  242   1   0   0       0.93262648  s
  243   1   0   0       1.21792974  s
  243   2   1  -1       0.98958331  p_y
  243   2   1   0       0.97538721  p_z
  243   2   1   1       0.90894461  p_x
  244   1   0   0       0.95288872  s
  245   1   0   0       0.96840628  s
  246   1   0   0       1.21306278  s
  246   2   1  -1       0.97633069  p_y
  246   2   1   0       0.91858391  p_z
  246   2   1   1       0.93999397  p_x
  247   1   0   0       0.93562256  s
  248   1   0   0       1.00596362  s
  249   1   0   0       1.28448861  s
  249   2   1  -1       1.00970990  p_y
  249   2   1   0       1.00262559  p_z
  249   2   1   1       0.93576134  p_x
  250   1   0   0       0.91374065  s
  251   1   0   0       0.92553628  s
  252   1   0   0       0.93426559  s
  253   1   0   0       1.24813003  s
  253   2   1  -1       0.99349367  p_y
  253   2   1   0       0.94269066  p_z
  253   2   1   1       1.00144405  p_x
  254   1   0   0       0.93946308  s
  255   1   0   0       0.92805240  s
  256   1   0   0       0.95766445  s
  257   1   0   0       1.23911870  s
  257   2   1  -1       0.94067661  p_y
  257   2   1   0       1.01032035  p_z
  257   2   1   1       0.94760304  p_x
  258   1   0   0       0.92704659  s
  259   1   0   0       0.91854034  s
  260   1   0   0       1.23559807  s
  260   2   1  -1       1.01316287  p_y
  260   2   1   0       0.93221496  p_z
  260   2   1   1       0.92898062  p_x
  261   1   0   0       0.94353498  s
  262   1   0   0       0.94062828  s
  263   1   0   0       1.24585969  s
  263   2   1  -1       0.95436619  p_y
  263   2   1   0       0.94328365  p_z
  263   2   1   1       0.94789982  p_x
  264   1   0   0       0.96784363  s
  265   1   0   0       0.93388641  s
  266   1   0   0       1.24947607  s
  266   2   1  -1       0.92989831  p_y
  266   2   1   0       0.94181361  p_z
  266   2   1   1       0.99768296  p_x
  267   1   0   0       0.94641510  s
  268   1   0   0       0.91278037  s
  269   1   0   0       1.26683882  s
  269   2   1  -1       0.95003934  p_y
  269   2   1   0       0.96608014  p_z
  269   2   1   1       0.95944897  p_x
  270   1   0   0       0.93703286  s
  271   1   0   0       0.92345316  s
  272   1   0   0       1.26950639  s
  272   2   1  -1       0.95462096  p_y
  272   2   1   0       0.94844748  p_z
  272   2   1   1       0.94140411  p_x
  273   1   0   0       0.94235069  s
  274   1   0   0       0.95423123  s
  275   1   0   0       1.25875450  s
  275   2   1  -1       0.99205095  p_y
  275   2   1   0       0.94092735  p_z
  275   2   1   1       0.92258972  p_x
  276   1   0   0       0.93431502  s
  277   1   0   0       0.94564304  s
  278   1   0   0       1.26938403  s
  278   2   1  -1       0.90223634  p_y
  278   2   1   0       0.97722781  p_z
  278   2   1   1       0.95008454  p_x
  279   1   0   0       0.95388889  s
  280   1   0   0       0.92589915  s
  281   1   0   0       1.29783628  s
  281   2   1  -1       1.00107824  p_y
  281   2   1   0       0.98257592  p_z
  281   2   1   1       0.95457956  p_x
  282   1   0   0       0.92230065  s
  283   1   0   0       0.92665140  s
  284   1   0   0       0.95355194  s
  285   1   0   0       1.29050378  s
  285   2   1  -1       0.94759250  p_y
  285   2   1   0       0.98270470  p_z
  285   2   1   1       1.00487844  p_x
  286   1   0   0       0.90925051  s
  287   1   0   0       0.92150606  s
  288   1   0   0       0.96413895  s
  289   1   0   0       1.22735568  s
  289   2   1  -1       0.93761280  p_y
  289   2   1   0       0.96391719  p_z
  289   2   1   1       0.96863910  p_x
  290   1   0   0       0.92010337  s
  291   1   0   0       0.95947486  s
  292   1   0   0       1.26525320  s
  292   2   1  -1       0.96120214  p_y
  292   2   1   0       0.98786696  p_z
  292   2   1   1       0.92346294  p_x
  293   1   0   0       0.92993214  s
  294   1   0   0       0.92262051  s
  295   1   0   0       1.26347724  s
  295   2   1  -1       0.93919463  p_y
  295   2   1   0       0.95731590  p_z
  295   2   1   1       0.95854964  p_x
  296   1   0   0       0.94704064  s
  297   1   0   0       0.94951013  s
  298   1   0   0       1.25498144  s
  298   2   1  -1       0.94630804  p_y
  298   2   1   0       0.94285819  p_z
  298   2   1   1       0.96459257  p_x
  299   1   0   0       0.94165550  s
  300   1   0   0       0.95279440  s
  301   1   0   0       1.25681188  s
  301   2   1  -1       0.98850538  p_y
  301   2   1   0       0.96196974  p_z
  301   2   1   1       0.91829689  p_x
  302   1   0   0       0.95004872  s
  303   1   0   0       0.93874084  s
  304   1   0   0       1.22631764  s
  304   2   1  -1       0.94306154  p_y
  304   2   1   0       0.97811222  p_z
  304   2   1   1       0.92851328  p_x
  305   1   0   0       0.95423837  s
  306   1   0   0       0.96096044  s
  307   1   0   0       1.21713410  s
  307   2   1  -1       0.94278209  p_y
  307   2   1   0       0.98243020  p_z
  307   2   1   1       0.95452823  p_x
  308   1   0   0       0.93727186  s
  309   1   0   0       0.95220198  s
  310   1   0   0       1.21983607  s
  310   2   1  -1       1.00875312  p_y
  310   2   1   0       0.94346653  p_z
  310   2   1   1       0.94717039  p_x
  311   1   0   0       0.94931996  s
  312   1   0   0       0.92793028  s
  313   1   0   0       1.25147636  s
  313   2   1  -1       1.01177462  p_y
  313   2   1   0       0.98083965  p_z
  313   2   1   1       0.97944486  p_x
  314   1   0   0       0.90825896  s
  315   1   0   0       0.93240819  s
  316   1   0   0       0.94245890  s
  317   1   0   0       1.26946064  s
  317   2   1  -1       0.97092783  p_y
  317   2   1   0       0.97919187  p_z
  317   2   1   1       0.98288569  p_x
  318   1   0   0       0.92376612  s
  319   1   0   0       0.95153561  s
  320   1   0   0       0.94067354  s
  321   1   0   0       1.22552586  s
  321   2   1  -1       0.95542805  p_y
  321   2   1   0       0.96210968  p_z
  321   2   1   1       0.95296930  p_x
  322   1   0   0       0.95493608  s
  323   1   0   0       0.93939078  s
  324   1   0   0       1.24692060  s
  324   2   1  -1       0.97971045  p_y
  324   2   1   0       0.94850355  p_z
  324   2   1   1       0.95946272  p_x
  325   1   0   0       0.93806791  s
  326   1   0   0       0.94741282  s
  327   1   0   0       1.25189745  s
  327   2   1  -1       0.97203064  p_y
  327   2   1   0       0.92994182  p_z
  327   2   1   1       0.94715875  p_x
  328   1   0   0       0.94692022  s
  329   1   0   0       0.96234365  s
  330   1   0   0       1.23125303  s
  330   2   1  -1       0.90629944  p_y
  330   2   1   0       0.96720025  p_z
  330   2   1   1       0.97427557  p_x
  331   1   0   0       0.96587782  s
  332   1   0   0       0.95604560  s
  333   1   0   0       1.24443133  s
  333   2   1  -1       0.91359600  p_y
  333   2   1   0       0.95920191  p_z
  333   2   1   1       0.97476885  p_x
  334   1   0   0       0.93753437  s
  335   1   0   0       0.96774493  s
  336   1   0   0       1.24295740  s
  336   2   1  -1       0.91277945  p_y
  336   2   1   0       0.95526182  p_z
  336   2   1   1       0.97413589  p_x
  337   1   0   0       0.94449204  s
  338   1   0   0       0.95883035  s
  339   1   0   0       1.23838682  s
  339   2   1  -1       0.90712233  p_y
  339   2   1   0       0.97188381  p_z
  339   2   1   1       1.00173901  p_x
  340   1   0   0       0.95563792  s
  341   1   0   0       0.95130043  s
  342   1   0   0       1.22251752  s
  342   2   1  -1       0.99729397  p_y
  342   2   1   0       0.91998211  p_z
  342   2   1   1       0.95157789  p_x
  343   1   0   0       0.93381002  s
  344   1   0   0       0.91731524  s
  345   1   0   0       1.26065973  s
  345   2   1  -1       0.97509545  p_y
  345   2   1   0       0.96139376  p_z
  345   2   1   1       0.98064250  p_x
  346   1   0   0       0.94097315  s
  347   1   0   0       0.95553417  s
  348   1   0   0       0.92056240  s
  349   1   0   0       1.26144566  s
  349   2   1  -1       0.94820465  p_y
  349   2   1   0       0.99858985  p_z
  349   2   1   1       1.01052134  p_x
  350   1   0   0       0.92156665  s
  351   1   0   0       0.94965620  s
  352   1   0   0       0.93367249  s
 
Fermi level:                        -0.1441906816 H           -3.9236 eV
Band energy:                      -277.3460232880 H        -7546.9693 eV
TS:                                  0.0000000000 H            0.0000 eV
Band free energy (E-TS):          -277.3460232880 H        -7546.9693 eV
Extrapolated E(0K):               -277.3460232880 H        -7546.9693 eV
Input / Output electrons (q):    682.0000000000    682.0000000000
 
Energy H0:                        -281.9391583788 H        -7671.9548 eV
Energy SCC:                          0.0832249918 H            2.2647 eV
Total Electronic energy:          -281.8559333869 H        -7669.6902 eV
Repulsive energy:                    4.6796270123 H          127.3391 eV
Dispersion energy:                   1.1199046253 H           30.4742 eV
Total energy:                     -276.0564017494 H        -7511.8769 eV
Extrapolated to 0:                -276.0564017494 H        -7511.8769 eV
Total Mermin free energy:         -276.0564017494 H        -7511.8769 eV
Force related energy:             -276.0564017494 H        -7511.8769 eV
 
SCC converged
 
Full geometry written in geo_end.{xyz|gen}
 
MD Kinetic Energy:                   1.7301632021 H
Total MD Energy:                  -274.3262385473 H
Pressure:                            0.242247E-04 au     0.712715E+09 Pa
MD Temperature:                      0.0032861599 H         1037.6860 K
MD Kinetic Energy:                   1.7301632021 H
Total MD Energy:                  -274.3262385473 H        -7464.7968 eV
MD Temperature:                      0.0032861599 H         1037.6860 K
 
Molecular dynamics completed
 
