 Fermi distribution function
 
MD step: 50000
 

********************************************************************************
 iSCC Total electronic   Diff electronic      SCC error    
    9   -0.28234001E+03   -0.32991920E-09    0.26835606E-06
********************************************************************************
 
Coordinates of moved atoms (au):
    1     81.71870760     42.68627344     68.47045365
    2     79.86203557     43.65698923     68.84360536
    3     82.84703211     43.79729214     67.03826233
    4     83.17788611     71.09372659     70.96157075
    5     82.05080513     69.71900299     71.96698970
    6     54.30904483     72.66574202     72.33591403
    7     86.01745774     70.47300049     70.59811894
    8     57.52422377     68.66121061     69.54910822
    9     86.84237369     70.51351330     72.44816980
   10     58.31408418     72.59507320     68.94725120
   11     57.55436309     72.69044598     66.86853865
   12     60.30093546     72.00541325     68.59000807
   13     87.33182684     75.24302621     69.95979280
   14     85.40904540     75.97295208     70.13285660
   15     88.55175039     76.40467228     68.62439097
   16     59.82253260     75.64044307     72.50916529
   17     58.54528726     74.77545277     74.07037065
   18     59.59266766     77.71258418     72.90865145
   19     91.62770459     75.07250034     72.58644648
   20     92.43669398     76.09904706     74.32580056
   21     92.63777737     76.09281551     71.01251969
   22     92.54316986     72.32081008     72.58540763
   23     62.73311499     71.40039934     70.97504736
   24     62.83307832     71.41025606     74.28666506
   25     80.93543523     40.17752839     67.21636177
   26     78.94012595     39.60016231     67.67681488
   27     80.84741011     40.35437729     65.33180995
   28     82.12719033     38.60011234     67.58920753
   29     95.65612461     72.14307740     72.62370129
   30     96.34761307     70.17489057     72.39519624
   31     96.64371053     73.09538958     71.10696357
   32     96.46924768     72.95004714     74.42063529
   33     57.44523588     58.09422292     57.04771342
   34     57.03440016     60.00126452     57.83065871
   35     59.00756120     57.97623693     55.67911553
   36     58.37059127     56.07466408     58.86853644
   37     60.09289716     56.42845071     59.86781245
   38     59.29904415     54.31569679     57.95483877
   39     56.56199612     55.30986510     61.17165646
   40     55.74558204     57.24966075     61.88017183
   41     57.96340843     54.78961220     62.72417539
   42     54.35535078     53.42050924     60.42046612
   43     83.45024199     51.81064766     61.62963664
   44     54.63569909     52.63539318     58.59090748
   45     51.79753247     54.58900160     60.69155988
   46     52.11432039     56.69635332     59.88387341
   47     80.07706081     54.81659995     62.79308083
   48     78.56403579     53.48678381     59.24887735
   49     78.90792129     51.42070215     59.02322155
   50     78.52782241     54.46208238     57.47113047
   51     46.83713578     54.01884849     60.11990445
   52     46.58818286     56.00011165     60.69317314
   53     46.50970459     52.89735752     61.94285068
   54     73.75725653     53.36904735     87.23739015
   55     72.87933956     54.79456225     85.93726496
   56     82.06540557     40.75424592     84.77524460
   57     55.08495119     57.45542728     55.31383098
   58     54.63302909     55.50528449     55.24139831
   59     53.39270116     58.21242415     56.22854327
   60     55.15299087     58.31438757     53.35903635
   61     43.17323428     51.33916598     87.67786901
   62     41.32162228     52.24268854     88.10386981
   63     43.05816747     50.18044948     85.94215954
   64     43.42145154     50.00086811     89.29761500
   65     54.88598436     84.56303481     72.89023969
   66     53.31370994     84.64140804     74.57613820
   67     54.88795043     86.65659169     72.17350611
   68     57.55128072     83.99750222     74.28265594
   69     57.65399960     82.07818782     75.09675129
   70     58.14184584     85.29097034     75.86450090
   71     59.54944363     84.33781782     72.23452581
   72     58.71847133     83.78574556     70.41959279
   73     61.24777724     83.13821094     72.67731819
   74     60.35477861     58.10482661     71.95488762
   75     61.87619370     58.80582118     73.21315447
   76     58.93442737     59.52162444     72.64440070
   77     61.06182812     58.90959526     69.16267759
   78     59.64799198     87.06122983     67.91144777
   79     62.91188298     87.16208355     68.47041148
   80     61.39613075     61.82901008     68.60965467
   81     62.77540643     61.86432305     66.97045286
   82     62.65630345     62.85468358     70.02345876
   83     58.94025667     63.45152705     68.25875412
   84     59.74712651     65.46364902     68.18069952
   85     57.60889402     63.05262215     69.74083082
   86     57.44773367     63.28624271     65.52615293
   87     55.32670462     63.03328998     65.78555959
   88     58.33995696     61.79060668     64.59611799
   89     54.41209742     82.69623898     70.76214873
   90     56.02933640     81.56424977     70.32760545
   91     52.70864202     81.66885121     70.88676215
   92     54.27809549     83.58252501     68.92491832
   93     57.54539869     65.81057124     64.08329024
   94     57.22903912     65.71890426     61.86892746
   95     56.35365851     67.39539756     64.91171064
   96     59.45487868     66.61844110     64.31155030
   97     56.03796955     67.77506372     76.24311012
   98     54.38414309     68.83187086     76.88036402
   99     56.74024850     69.09292677     74.89994753
  100     58.30310339     67.40246776     78.30733423
  101     59.22136529     69.27753406     78.75866858
  102     59.96509017     66.03115423     77.52185059
  103     57.31393174     66.72760983     80.98482360
  104     55.51630604     65.70429495     81.15379872
  105     57.17465855     68.41075348     82.04428544
  106     59.27472953     64.66694402     53.08900473
  107     61.00050284     64.84004635     51.78677988
  108     58.40678119     62.83973448     52.73170479
  109     59.88208600     64.61635076     56.04588309
  110     61.02889437     62.88222871     56.21801333
  111     58.01324478     64.35629020     57.04875972
  112     61.44364436     66.75252299     57.12801651
  113     53.50159135     68.48432643     58.96265159
  114     62.27124157     66.22087814     58.96676032
  115     62.95665307     68.78478121     55.69746912
  116     62.42190053     70.55440455     56.74292437
  117     62.21329166     69.12750467     53.91057213
  118     65.86747509     68.68939446     55.79975418
  119     66.31144228     68.81441999     57.77514431
  120     66.86282995     70.25463483     54.87261219
  121     55.34754780     65.48026421     74.82869280
  122     54.68444079     64.06713913     76.31889078
  123     53.96773122     65.64488261     73.36462242
  124     57.20825208     64.61753945     73.91892023
  125     66.71186198     66.25332793     54.34231195
  126     65.97177919     66.52018453     52.31976626
  127     68.79927608     66.04056697     54.38760699
  128     65.63007071     64.59342031     55.27654736
  129     67.08496655     78.26646613     49.38402975
  130     66.34415384     77.80922206     47.50175158
  131     66.68267082     79.96929023     50.39843462
  132     66.13307804     76.05953152     51.23673184
  133     67.65724004     76.07619261     52.70795935
  134     66.13096966     74.33946278     50.02458187
  135     63.64341532     76.73476200     52.14736485
  136     62.62674165     75.06983316     52.89568250
  137     62.57448986     77.56773042     50.68274621
  138     63.44655343     78.87074464     54.42134002
  139     61.33294140     79.11866499     55.04395305
  140     63.86147325     80.83327630     53.57050802
  141     65.04434026     78.43476579     56.86902927
  142     65.61045364     80.47819203     57.65474402
  143     66.98017454     77.57501176     56.23125329
  144     64.00517694     76.55825827     58.69960556
  145     65.32386829     76.32437514     60.24019505
  146     64.21871440     74.74118449     58.05403999
  147     61.02416182     77.26755832     59.75615645
  148     59.79654253     77.65327837     58.16829941
  149     60.66733114     79.11494182     60.97862307
  150     59.95019292     75.30982523     61.63369740
  151     61.37791586     75.10264787     63.22063153
  152     60.17754857     73.30092177     60.66941555
  153     69.90591600     78.28656259     48.87649266
  154     71.10201333     50.27483127     50.46654333
  155     70.64552586     76.44064149     48.70195093
  156     69.96826625     79.13981268     47.04438002
  157     57.25626204     75.77333391     62.16739874
  158     56.06523172     75.19566087     60.49852063
  159     56.78344538     74.52809557     63.74799245
  160     56.71313146     77.80423346     62.71007105
  161     77.54906105     44.67953264     61.05944143
  162     78.36928175     42.76611587     61.71000587
  163     76.04707596     43.96483706     59.67291744
  164     76.33081766     46.23519868     63.26018783
  165     74.97284664     47.62640552     62.35759375
  166     77.61973557     47.32199830     64.32187562
  167     74.67829837     44.63033282     65.05417052
  168     74.07797696     45.48882069     66.95313594
  169     76.16677691     43.24054545     65.63325690
  170     72.30738407     43.38820714     63.89625275
  171     71.92674601     41.48877823     64.88817569
  172     72.70124662     42.93345589     61.86739050
  173     69.87425275     73.79247341     64.10786126
  174     70.07071820     75.42163590     62.92927790
  175     69.71380362     45.35536051     66.07201631
  176     67.48329561     72.16033028     63.41800161
  177     67.75120754     71.40533354     61.41016471
  178     65.94163077     73.66315797     63.00336369
  179     66.35393951     70.27716366     65.38090257
  180     65.46210732     71.40507628     66.79650736
  181     67.57322812     69.11525447     66.53966708
  182     64.44576370     68.37674237     64.33234769
  183     63.49969233     69.06003537     62.45611884
  184     62.97382687     68.24122362     65.84370395
  185     79.44977065     45.92179335     59.30822253
  186     80.33465816     44.69248990     57.90002209
  187     78.52712150     47.38815564     58.28301346
  188     81.21385873     46.69442675     89.18441173
  189     65.39719106     65.67521797     63.77148914
  190     66.53833047     65.14660386     65.60282309
  191     64.00102824     64.20788515     63.57510106
  192     66.74208890     65.53932445     62.22222773
  193     78.52255136     60.80020344     70.27732207
  194     77.66185950     61.64400599     68.46141797
  195     77.22524476     90.71249870     71.68848996
  196     78.36196181     57.77312037     69.97481729
  197     78.82755275     57.14110214     71.82717539
  198     79.49619512     86.17849760     68.27479960
  199     75.50074112     57.17581100     69.68730572
  200     74.53032106     58.39282677     68.36763296
  201     74.67907892     57.26840082     71.72384426
  202     75.25193964     54.44379803     68.64312347
  203     74.86447671     53.15352442     70.17329240
  204     76.89579954     53.71054614     67.67360499
  205     72.93445021     54.55722029     66.86200723
  206     73.48906614     55.52086005     64.98131040
  207     71.70772341     56.07184032     67.91933463
  208     71.29606163     52.16799366     66.29199860
  209     72.58329604     50.65234561     65.76159060
  210     70.23709109     52.30743709     64.43547413
  211     69.62717527     80.22189105     68.52484544
  212     71.00230698     80.18417414     70.19840118
  213     69.26321826     78.14431494     68.12211409
  214     67.36515974     81.62645114     69.39776599
  215     65.47989040     81.11916765     68.35068140
  216     67.27254255     83.67545826     69.56390495
  217     81.10777150     61.91956790     70.70058461
  218     81.58712591     61.12516651     43.57963924
  219     82.45107558     61.52019899     40.20879029
  220     80.87467284     63.96087652     70.86777662
  221     67.00128901     81.06553407     72.45826478
  222     65.44693206     81.87977639     73.48889760
  223     66.70526363     79.02695895     72.64151007
  224     68.61796199     81.68821870     73.57546286
  225     53.30861987     77.53490913     82.30075302
  226     53.89286674     78.28852892     84.31927578
  227     52.32917542     75.76436843     82.71334112
  228     50.95939373     50.35706967     81.24305889
  229     51.85354579     52.18725474     81.74308223
  230     49.16203831     49.51567668     82.31737676
  231     50.69469247     79.31584915     78.38577962
  232     50.86919635     77.47770398     77.42483668
  233     52.17419908     80.58815482     77.45525761
  234     48.22709993     80.62987638     77.61992267
  235     46.62970700     79.36798225     77.84904792
  236     48.60595828     81.03585443     75.62070489
  237     47.79928572     83.10841325     79.21010849
  238     49.49371239     84.20341689     79.14045796
  239     47.18413112     54.08577042     81.17419709
  240     45.92459968     84.87214799     77.92848908
  241     43.99460805     54.94636381     78.06471170
  242     46.21963418     55.87564100     75.83761122
  243     46.08421270     87.57752551     78.93158713
  244     45.88455034     87.32210738     80.97277478
  245     44.32780059     88.40626691     78.45190266
  246     48.43628090     89.05403374     78.12747974
  247     48.54692972     90.68080231     79.53094396
  248     48.24385730     89.91907805     76.23002414
  249     55.78842706     48.42971437     80.67320215
  250     55.57108115     47.75296420     78.75285222
  251     56.85735905     50.09267250     80.36273586
  252     57.17397361     47.32722754     81.78778651
  253     54.16609784     68.39256722     57.11896231
  254     53.62964480     66.44136938     56.90111919
  255     50.15494655     88.05929197     78.08176702
  256     56.08013330     68.80422775     86.48416348
  257     75.01771757     63.43639698     63.82899913
  258     74.73623878     61.36563089     64.12203030
  259     76.92774881     63.53571472     64.44286053
  260     74.88924051     63.76983680     60.84495182
  261     72.89033820     63.25448635     60.56993985
  262     75.70008971     62.11693974     59.71542509
  263     75.98638747     66.15691180     59.69969314
  264     77.97397413     65.87278102     60.17459252
  265     75.24304289     67.96945206     60.74791998
  266     75.78728419     66.62415750     56.78961041
  267     75.54295707     64.88257878     55.97152918
  268     77.38842749     67.81654222     56.18831335
  269     73.44744732     68.25683245     55.99258702
  270     73.36881059     70.08422567     57.07485783
  271     71.72035730     67.06726812     56.60001244
  272     73.26539862     68.72637400     53.12081212
  273     71.19124958     69.35987927     52.48272368
  274     73.72708570     66.90677207     51.89424100
  275     75.19498160     70.67733310     51.90222478
  276     76.26039182     69.77601173     50.26460182
  277     76.74260967     71.28111222     53.11681911
  278     74.49424316     73.47029047     51.15900627
  279     72.98191323     73.26747988     49.86594772
  280     76.23564372     74.05603684     49.88725866
  281     73.40053743     65.15401207     65.39667934
  282     71.56363081     65.08247469     64.39736408
  283     73.00709331     64.78281594     67.28950051
  284     74.28513720     66.97394149     65.48839917
  285     74.17920428     75.15104602     53.41719844
  286     74.07258195     77.26988397     52.91572930
  287     72.51609898     74.61378530     54.45846751
  288     75.93408024     74.77193375     54.58452048
  289     63.87071716     59.23997594     78.77567660
  290     63.45443469     60.89172609     80.28577999
  291     63.75922488     59.84541245     76.77496656
  292     66.39872440     58.22832616     79.47845730
  293     67.83492138     59.13822666     78.25335098
  294     66.52050494     56.15875128     79.50331213
  295     66.79043496     58.73568981     82.51116806
  296     66.06205067     57.10666644     83.64655429
  297     65.69213985     60.30201998     54.43788669
  298     69.60577343     59.19675641     54.24929591
  299     70.07262052     60.88563170     82.06572641
  300     70.94311892     57.58333576     53.59195881
  301     70.30828939     59.81203787     56.99791019
  302     70.31658550     61.84877496     57.18582467
  303     72.37703629     59.18890568     86.06654059
  304     68.76635434     58.62857696     59.08070163
  305     69.37570880     56.70586377     59.17104228
  306     66.70907082     58.57455793     58.83726730
  307     69.05957526     60.01809533     61.54616422
  308     68.04740106     61.86567078     61.28557583
  309     71.05864356     60.74014112     62.09459383
  310     67.81515718     58.73492599     63.64349770
  311     68.64098489     59.18079725     65.56845547
  312     67.90776532     56.65011929     63.66978858
  313     61.77838666     57.59015736     79.67364884
  314     61.86720988     57.06120734     81.81437599
  315     59.96888786     58.64879654     79.52963474
  316     61.69236088     55.87946814     78.55795224
  317     65.05199901     59.23419060     63.70780444
  318     64.38695439     61.18633648     63.25310052
  319     64.06603920     58.23770604     62.37545274
  320     64.13792657     58.29856768     65.43898948
  321     74.36950688     73.90007090     43.50696570
  322     73.53334043     74.59451826     41.78034262
  323     72.83136836     73.72679089     45.10174486
  324     75.52889084     71.20194682     72.05130421
  325     77.43081487     71.03454165     73.20159409
  326     75.81458422     71.04807177     69.98859991
  327     73.60635066     68.98546739     72.65971015
  328     71.97082110     69.10662500     71.35026862
  329     72.75187161     69.33011580     74.47304496
  330     75.04636668     66.47663009     72.44817067
  331     76.88476387     66.48903769     73.54863925
  332     75.71552574     66.03585847     70.64290263
  333     73.06444138     64.28034537     73.33329120
  334     74.10165029     62.46542484     72.77092411
  335     71.42242819     64.05889227     71.92014882
  336     71.90129374     64.19942432     75.96106285
  337     73.28309725     64.68207863     77.35720817
  338     71.86883124     62.00749878     76.56956209
  339     69.54909791     65.60858451     76.30370768
  340     70.09104551     67.73541183     76.44710034
  341     68.55702426     65.44883867     78.35350335
  342     67.42870750     65.45844621     74.36540551
  343     67.49908990     63.61519654     73.48824222
  344     68.00406527     66.75089116     72.83714021
  345     76.43039998     75.70247854     44.50532070
  346     77.91457357     75.81469101     43.03333929
  347     75.54005283     77.64217148     44.71347343
  348     77.05025016     74.93955894     46.41124169
  349     64.77309831     65.97887862     75.39395494
  350     64.67686876     64.92968515     77.13257250
  351     64.47777770     67.95323988     75.98651160
  352     62.99324119     65.33928154     74.29686983
 
 Total charge:    -0.00000000

 Atomic gross charges (e)
 Atom           Charge
    1      -0.09010891
    2       0.05209592
    3       0.05810796
    4      -0.11131231
    5       0.06201564
    6       0.04984331
    7      -0.11424967
    8       0.05631065
    9       0.07746053
   10      -0.09963649
   11       0.03953298
   12       0.04664655
   13      -0.10289193
   14       0.06308582
   15       0.04649821
   16      -0.09919313
   17       0.04132307
   18       0.04128554
   19      -0.08388653
   20       0.03664631
   21       0.05003860
   22      -0.10876463
   23       0.07331442
   24       0.06117010
   25      -0.22674147
   26       0.04975101
   27       0.07817339
   28       0.07583559
   29      -0.22007343
   30       0.06637101
   31       0.06897585
   32       0.06381394
   33      -0.09247151
   34       0.06886184
   35       0.06005615
   36      -0.12007179
   37       0.05975515
   38       0.04542862
   39      -0.11099189
   40       0.04247203
   41       0.05068942
   42      -0.10311045
   43       0.05719732
   44       0.07264041
   45      -0.07002990
   46       0.02534089
   47       0.03492114
   48      -0.11746081
   49       0.06146467
   50       0.06686127
   51      -0.06184829
   52       0.06314064
   53       0.04140058
   54      -0.17466152
   55       0.08151402
   56       0.08059929
   57      -0.21749147
   58       0.07834524
   59       0.05770881
   60       0.06129271
   61      -0.14393257
   62       0.07031810
   63       0.07279325
   64       0.05832543
   65      -0.06350834
   66       0.02487756
   67       0.04756425
   68      -0.12245429
   69       0.05805009
   70       0.05844515
   71      -0.10001304
   72       0.06622557
   73       0.04913174
   74      -0.10729068
   75       0.05012372
   76       0.05042130
   77      -0.12751817
   78       0.06156458
   79       0.05729115
   80      -0.11196314
   81       0.05066431
   82       0.04779709
   83      -0.12760009
   84       0.05445851
   85       0.07931739
   86      -0.11925593
   87       0.05378067
   88       0.08345871
   89      -0.21461781
   90       0.07886216
   91       0.07929915
   92       0.05876141
   93      -0.19101055
   94       0.05268410
   95       0.05959589
   96       0.05624813
   97      -0.12412098
   98       0.06334574
   99       0.06159807
  100      -0.09518937
  101       0.04669191
  102       0.04708402
  103      -0.12715688
  104       0.06061990
  105       0.07714362
  106      -0.13169188
  107       0.05596518
  108       0.05420878
  109      -0.06005604
  110       0.06722567
  111       0.05993831
  112      -0.20685456
  113       0.07319921
  114       0.07226888
  115      -0.07268901
  116       0.04597913
  117       0.07231666
  118      -0.10680736
  119       0.06716370
  120       0.05643498
  121      -0.17575771
  122       0.05034654
  123       0.07793171
  124       0.03807237
  125      -0.19435696
  126       0.05961683
  127       0.07031237
  128       0.06453430
  129      -0.14631984
  130       0.07120479
  131       0.08263485
  132      -0.10908275
  133       0.06321858
  134       0.05991049
  135      -0.10481719
  136       0.05296377
  137       0.06757989
  138      -0.11789987
  139       0.04193275
  140       0.04296349
  141      -0.06107079
  142       0.03436866
  143       0.03235653
  144      -0.13037892
  145       0.05821669
  146       0.08416315
  147      -0.13168692
  148       0.07204126
  149       0.04160304
  150      -0.06757317
  151       0.05204773
  152       0.02497120
  153      -0.21844901
  154       0.05321733
  155       0.07045305
  156       0.07587665
  157      -0.17877505
  158       0.06293839
  159       0.06357131
  160       0.05562373
  161      -0.07533947
  162       0.03986457
  163       0.04185463
  164      -0.10030611
  165       0.04227087
  166       0.07284513
  167      -0.11244997
  168       0.04871340
  169       0.04991274
  170      -0.09524164
  171       0.04195590
  172       0.05171953
  173      -0.11691038
  174       0.06653501
  175       0.06175925
  176      -0.09474423
  177       0.04792521
  178       0.03186931
  179      -0.10902143
  180       0.05904118
  181       0.06782778
  182      -0.08213664
  183       0.04330146
  184       0.05047284
  185      -0.20323807
  186       0.06410475
  187       0.07117347
  188       0.05275227
  189      -0.20431487
  190       0.03622033
  191       0.08438278
  192       0.07271158
  193      -0.11503827
  194       0.02856056
  195       0.05508400
  196      -0.13012009
  197       0.08311634
  198       0.07571826
  199      -0.11006643
  200       0.07513842
  201       0.04849524
  202      -0.12208577
  203       0.06203484
  204       0.06260653
  205      -0.09775157
  206       0.04363034
  207       0.03664755
  208      -0.10992996
  209       0.05358743
  210       0.04903323
  211      -0.07185252
  212       0.04520199
  213       0.04605021
  214      -0.08443595
  215       0.04011192
  216       0.07388658
  217      -0.20827202
  218       0.07164698
  219       0.07434318
  220       0.06608397
  221      -0.24713836
  222       0.07200920
  223       0.06446747
  224       0.07275953
  225      -0.11526224
  226       0.03042755
  227       0.06317967
  228      -0.11941973
  229       0.07516948
  230       0.06014659
  231      -0.09491800
  232       0.05817579
  233       0.04081724
  234      -0.11625084
  235       0.06464199
  236       0.05992968
  237      -0.12861443
  238       0.06311881
  239       0.07054737
  240      -0.10877443
  241       0.03759117
  242       0.04302638
  243      -0.10579634
  244       0.05458955
  245       0.06863742
  246      -0.19197996
  247       0.05030133
  248       0.06224145
  249      -0.20506825
  250       0.07041797
  251       0.07056558
  252       0.06062876
  253      -0.34006160
  254       0.08553195
  255       0.08190579
  256       0.10280815
  257      -0.09911948
  258       0.04591453
  259       0.05442650
  260      -0.11505302
  261       0.05649589
  262       0.03942078
  263      -0.09529007
  264       0.05861029
  265       0.04239590
  266      -0.13391198
  267       0.08614349
  268       0.06862928
  269      -0.09660339
  270       0.05841094
  271       0.04270530
  272      -0.07190335
  273       0.03872408
  274       0.03618382
  275      -0.14467908
  276       0.04677787
  277       0.06205605
  278      -0.09070000
  279       0.06714273
  280       0.03262463
  281      -0.21071039
  282       0.06543582
  283       0.07905933
  284       0.07249058
  285      -0.18120287
  286       0.05797555
  287       0.07347702
  288       0.05965931
  289      -0.08173061
  290       0.03656615
  291       0.06715319
  292      -0.11044027
  293       0.06408284
  294       0.06783139
  295      -0.12240808
  296       0.04771690
  297       0.05986044
  298      -0.10686748
  299       0.04984714
  300       0.03973446
  301      -0.09937626
  302       0.05795969
  303       0.04182078
  304      -0.10403803
  305       0.06038894
  306       0.06341757
  307      -0.09037618
  308       0.04238608
  309       0.04517791
  310      -0.06968413
  311       0.03929569
  312       0.05005423
  313      -0.18494574
  314       0.05020142
  315       0.05263243
  316       0.06291136
  317      -0.22953605
  318       0.07377284
  319       0.06786409
  320       0.05632435
  321      -0.10333521
  322       0.06609975
  323       0.03715885
  324      -0.12094117
  325       0.05179558
  326       0.05863570
  327      -0.11094450
  328       0.05364034
  329       0.07053278
  330      -0.11308533
  331       0.05307019
  332       0.07340563
  333      -0.11663008
  334       0.04262953
  335       0.04285433
  336      -0.06807448
  337       0.06101610
  338       0.02346150
  339      -0.06857456
  340       0.03155563
  341       0.02788451
  342      -0.09446000
  343       0.06005252
  344       0.05495484
  345      -0.19875323
  346       0.06793426
  347       0.05663655
  348       0.07197883
  349      -0.20013129
  350       0.06487517
  351       0.06541200
  352       0.05986802
 
Nr. of electrons (up):    682.00000000
Atom populations (up)
 Atom       Population
    1       4.09010891
    2       0.94790408
    3       0.94189204
    4       4.11131231
    5       0.93798436
    6       0.95015669
    7       4.11424967
    8       0.94368935
    9       0.92253947
   10       4.09963649
   11       0.96046702
   12       0.95335345
   13       4.10289193
   14       0.93691418
   15       0.95350179
   16       4.09919313
   17       0.95867693
   18       0.95871446
   19       4.08388653
   20       0.96335369
   21       0.94996140
   22       4.10876463
   23       0.92668558
   24       0.93882990
   25       4.22674147
   26       0.95024899
   27       0.92182661
   28       0.92416441
   29       4.22007343
   30       0.93362899
   31       0.93102415
   32       0.93618606
   33       4.09247151
   34       0.93113816
   35       0.93994385
   36       4.12007179
   37       0.94024485
   38       0.95457138
   39       4.11099189
   40       0.95752797
   41       0.94931058
   42       4.10311045
   43       0.94280268
   44       0.92735959
   45       4.07002990
   46       0.97465911
   47       0.96507886
   48       4.11746081
   49       0.93853533
   50       0.93313873
   51       4.06184829
   52       0.93685936
   53       0.95859942
   54       4.17466152
   55       0.91848598
   56       0.91940071
   57       4.21749147
   58       0.92165476
   59       0.94229119
   60       0.93870729
   61       4.14393257
   62       0.92968190
   63       0.92720675
   64       0.94167457
   65       4.06350834
   66       0.97512244
   67       0.95243575
   68       4.12245429
   69       0.94194991
   70       0.94155485
   71       4.10001304
   72       0.93377443
   73       0.95086826
   74       4.10729068
   75       0.94987628
   76       0.94957870
   77       4.12751817
   78       0.93843542
   79       0.94270885
   80       4.11196314
   81       0.94933569
   82       0.95220291
   83       4.12760009
   84       0.94554149
   85       0.92068261
   86       4.11925593
   87       0.94621933
   88       0.91654129
   89       4.21461781
   90       0.92113784
   91       0.92070085
   92       0.94123859
   93       4.19101055
   94       0.94731590
   95       0.94040411
   96       0.94375187
   97       4.12412098
   98       0.93665426
   99       0.93840193
  100       4.09518937
  101       0.95330809
  102       0.95291598
  103       4.12715688
  104       0.93938010
  105       0.92285638
  106       4.13169188
  107       0.94403482
  108       0.94579122
  109       4.06005604
  110       0.93277433
  111       0.94006169
  112       4.20685456
  113       0.92680079
  114       0.92773112
  115       4.07268901
  116       0.95402087
  117       0.92768334
  118       4.10680736
  119       0.93283630
  120       0.94356502
  121       4.17575771
  122       0.94965346
  123       0.92206829
  124       0.96192763
  125       4.19435696
  126       0.94038317
  127       0.92968763
  128       0.93546570
  129       4.14631984
  130       0.92879521
  131       0.91736515
  132       4.10908275
  133       0.93678142
  134       0.94008951
  135       4.10481719
  136       0.94703623
  137       0.93242011
  138       4.11789987
  139       0.95806725
  140       0.95703651
  141       4.06107079
  142       0.96563134
  143       0.96764347
  144       4.13037892
  145       0.94178331
  146       0.91583685
  147       4.13168692
  148       0.92795874
  149       0.95839696
  150       4.06757317
  151       0.94795227
  152       0.97502880
  153       4.21844901
  154       0.94678267
  155       0.92954695
  156       0.92412335
  157       4.17877505
  158       0.93706161
  159       0.93642869
  160       0.94437627
  161       4.07533947
  162       0.96013543
  163       0.95814537
  164       4.10030611
  165       0.95772913
  166       0.92715487
  167       4.11244997
  168       0.95128660
  169       0.95008726
  170       4.09524164
  171       0.95804410
  172       0.94828047
  173       4.11691038
  174       0.93346499
  175       0.93824075
  176       4.09474423
  177       0.95207479
  178       0.96813069
  179       4.10902143
  180       0.94095882
  181       0.93217222
  182       4.08213664
  183       0.95669854
  184       0.94952716
  185       4.20323807
  186       0.93589525
  187       0.92882653
  188       0.94724773
  189       4.20431487
  190       0.96377967
  191       0.91561722
  192       0.92728842
  193       4.11503827
  194       0.97143944
  195       0.94491600
  196       4.13012009
  197       0.91688366
  198       0.92428174
  199       4.11006643
  200       0.92486158
  201       0.95150476
  202       4.12208577
  203       0.93796516
  204       0.93739347
  205       4.09775157
  206       0.95636966
  207       0.96335245
  208       4.10992996
  209       0.94641257
  210       0.95096677
  211       4.07185252
  212       0.95479801
  213       0.95394979
  214       4.08443595
  215       0.95988808
  216       0.92611342
  217       4.20827202
  218       0.92835302
  219       0.92565682
  220       0.93391603
  221       4.24713836
  222       0.92799080
  223       0.93553253
  224       0.92724047
  225       4.11526224
  226       0.96957245
  227       0.93682033
  228       4.11941973
  229       0.92483052
  230       0.93985341
  231       4.09491800
  232       0.94182421
  233       0.95918276
  234       4.11625084
  235       0.93535801
  236       0.94007032
  237       4.12861443
  238       0.93688119
  239       0.92945263
  240       4.10877443
  241       0.96240883
  242       0.95697362
  243       4.10579634
  244       0.94541045
  245       0.93136258
  246       4.19197996
  247       0.94969867
  248       0.93775855
  249       4.20506825
  250       0.92958203
  251       0.92943442
  252       0.93937124
  253       4.34006160
  254       0.91446805
  255       0.91809421
  256       0.89719185
  257       4.09911948
  258       0.95408547
  259       0.94557350
  260       4.11505302
  261       0.94350411
  262       0.96057922
  263       4.09529007
  264       0.94138971
  265       0.95760410
  266       4.13391198
  267       0.91385651
  268       0.93137072
  269       4.09660339
  270       0.94158906
  271       0.95729470
  272       4.07190335
  273       0.96127592
  274       0.96381618
  275       4.14467908
  276       0.95322213
  277       0.93794395
  278       4.09070000
  279       0.93285727
  280       0.96737537
  281       4.21071039
  282       0.93456418
  283       0.92094067
  284       0.92750942
  285       4.18120287
  286       0.94202445
  287       0.92652298
  288       0.94034069
  289       4.08173061
  290       0.96343385
  291       0.93284681
  292       4.11044027
  293       0.93591716
  294       0.93216861
  295       4.12240808
  296       0.95228310
  297       0.94013956
  298       4.10686748
  299       0.95015286
  300       0.96026554
  301       4.09937626
  302       0.94204031
  303       0.95817922
  304       4.10403803
  305       0.93961106
  306       0.93658243
  307       4.09037618
  308       0.95761392
  309       0.95482209
  310       4.06968413
  311       0.96070431
  312       0.94994577
  313       4.18494574
  314       0.94979858
  315       0.94736757
  316       0.93708864
  317       4.22953605
  318       0.92622716
  319       0.93213591
  320       0.94367565
  321       4.10333521
  322       0.93390025
  323       0.96284115
  324       4.12094117
  325       0.94820442
  326       0.94136430
  327       4.11094450
  328       0.94635966
  329       0.92946722
  330       4.11308533
  331       0.94692981
  332       0.92659437
  333       4.11663008
  334       0.95737047
  335       0.95714567
  336       4.06807448
  337       0.93898390
  338       0.97653850
  339       4.06857456
  340       0.96844437
  341       0.97211549
  342       4.09446000
  343       0.93994748
  344       0.94504516
  345       4.19875323
  346       0.93206574
  347       0.94336345
  348       0.92802117
  349       4.20013129
  350       0.93512483
  351       0.93458800
  352       0.94013198
 
l-shell populations (up)
 Atom Sh.   l       Population
    1   1   0       1.24251815
    1   2   1       2.84759076
    2   1   0       0.94790408
    3   1   0       0.94189204
    4   1   0       1.23667385
    4   2   1       2.87463846
    5   1   0       0.93798436
    6   1   0       0.95015669
    7   1   0       1.24625650
    7   2   1       2.86799316
    8   1   0       0.94368935
    9   1   0       0.92253947
   10   1   0       1.24319646
   10   2   1       2.85644004
   11   1   0       0.96046702
   12   1   0       0.95335345
   13   1   0       1.23562663
   13   2   1       2.86726530
   14   1   0       0.93691418
   15   1   0       0.95350179
   16   1   0       1.24833400
   16   2   1       2.85085913
   17   1   0       0.95867693
   18   1   0       0.95871446
   19   1   0       1.23834706
   19   2   1       2.84553947
   20   1   0       0.96335369
   21   1   0       0.94996140
   22   1   0       1.24888272
   22   2   1       2.85988191
   23   1   0       0.92668558
   24   1   0       0.93882990
   25   1   0       1.25475793
   25   2   1       2.97198353
   26   1   0       0.95024899
   27   1   0       0.92182661
   28   1   0       0.92416441
   29   1   0       1.28996566
   29   2   1       2.93010777
   30   1   0       0.93362899
   31   1   0       0.93102415
   32   1   0       0.93618606
   33   1   0       1.23407436
   33   2   1       2.85839715
   34   1   0       0.93113816
   35   1   0       0.93994385
   36   1   0       1.24488749
   36   2   1       2.87518429
   37   1   0       0.94024485
   38   1   0       0.95457138
   39   1   0       1.27534783
   39   2   1       2.83564406
   40   1   0       0.95752797
   41   1   0       0.94931058
   42   1   0       1.22271952
   42   2   1       2.88039093
   43   1   0       0.94280268
   44   1   0       0.92735959
   45   1   0       1.23882638
   45   2   1       2.83120352
   46   1   0       0.97465911
   47   1   0       0.96507886
   48   1   0       1.23160592
   48   2   1       2.88585489
   49   1   0       0.93853533
   50   1   0       0.93313873
   51   1   0       1.22991771
   51   2   1       2.83193058
   52   1   0       0.93685936
   53   1   0       0.95859942
   54   1   0       1.25317518
   54   2   1       2.92148634
   55   1   0       0.91848598
   56   1   0       0.91940071
   57   1   0       1.27378737
   57   2   1       2.94370410
   58   1   0       0.92165476
   59   1   0       0.94229119
   60   1   0       0.93870729
   61   1   0       1.23560716
   61   2   1       2.90832541
   62   1   0       0.92968190
   63   1   0       0.92720675
   64   1   0       0.94167457
   65   1   0       1.26413116
   65   2   1       2.79937718
   66   1   0       0.97512244
   67   1   0       0.95243575
   68   1   0       1.25537078
   68   2   1       2.86708351
   69   1   0       0.94194991
   70   1   0       0.94155485
   71   1   0       1.22930135
   71   2   1       2.87071169
   72   1   0       0.93377443
   73   1   0       0.95086826
   74   1   0       1.23960272
   74   2   1       2.86768796
   75   1   0       0.94987628
   76   1   0       0.94957870
   77   1   0       1.25418575
   77   2   1       2.87333241
   78   1   0       0.93843542
   79   1   0       0.94270885
   80   1   0       1.25934836
   80   2   1       2.85261478
   81   1   0       0.94933569
   82   1   0       0.95220291
   83   1   0       1.26662362
   83   2   1       2.86097647
   84   1   0       0.94554149
   85   1   0       0.92068261
   86   1   0       1.25083085
   86   2   1       2.86842508
   87   1   0       0.94621933
   88   1   0       0.91654129
   89   1   0       1.24816675
   89   2   1       2.96645106
   90   1   0       0.92113784
   91   1   0       0.92070085
   92   1   0       0.94123859
   93   1   0       1.28097591
   93   2   1       2.91003464
   94   1   0       0.94731590
   95   1   0       0.94040411
   96   1   0       0.94375187
   97   1   0       1.23005711
   97   2   1       2.89406388
   98   1   0       0.93665426
   99   1   0       0.93840193
  100   1   0       1.27834588
  100   2   1       2.81684349
  101   1   0       0.95330809
  102   1   0       0.95291598
  103   1   0       1.24636303
  103   2   1       2.88079385
  104   1   0       0.93938010
  105   1   0       0.92285638
  106   1   0       1.27209392
  106   2   1       2.85959796
  107   1   0       0.94403482
  108   1   0       0.94579122
  109   1   0       1.23874392
  109   2   1       2.82131212
  110   1   0       0.93277433
  111   1   0       0.94006169
  112   1   0       1.29620949
  112   2   1       2.91064507
  113   1   0       0.92680079
  114   1   0       0.92773112
  115   1   0       1.22287231
  115   2   1       2.84981670
  116   1   0       0.95402087
  117   1   0       0.92768334
  118   1   0       1.23670352
  118   2   1       2.87010384
  119   1   0       0.93283630
  120   1   0       0.94356502
  121   1   0       1.26089343
  121   2   1       2.91486428
  122   1   0       0.94965346
  123   1   0       0.92206829
  124   1   0       0.96192763
  125   1   0       1.28868890
  125   2   1       2.90566806
  126   1   0       0.94038317
  127   1   0       0.92968763
  128   1   0       0.93546570
  129   1   0       1.24605512
  129   2   1       2.90026472
  130   1   0       0.92879521
  131   1   0       0.91736515
  132   1   0       1.23311672
  132   2   1       2.87596603
  133   1   0       0.93678142
  134   1   0       0.94008951
  135   1   0       1.22884390
  135   2   1       2.87597329
  136   1   0       0.94703623
  137   1   0       0.93242011
  138   1   0       1.28167789
  138   2   1       2.83622199
  139   1   0       0.95806725
  140   1   0       0.95703651
  141   1   0       1.24432199
  141   2   1       2.81674881
  142   1   0       0.96563134
  143   1   0       0.96764347
  144   1   0       1.24406137
  144   2   1       2.88631755
  145   1   0       0.94178331
  146   1   0       0.91583685
  147   1   0       1.28086897
  147   2   1       2.85081795
  148   1   0       0.92795874
  149   1   0       0.95839696
  150   1   0       1.23068306
  150   2   1       2.83689011
  151   1   0       0.94795227
  152   1   0       0.97502880
  153   1   0       1.26395068
  153   2   1       2.95449834
  154   1   0       0.94678267
  155   1   0       0.92954695
  156   1   0       0.92412335
  157   1   0       1.25895875
  157   2   1       2.91981630
  158   1   0       0.93706161
  159   1   0       0.93642869
  160   1   0       0.94437627
  161   1   0       1.24037319
  161   2   1       2.83496628
  162   1   0       0.96013543
  163   1   0       0.95814537
  164   1   0       1.23550603
  164   2   1       2.86480007
  165   1   0       0.95772913
  166   1   0       0.92715487
  167   1   0       1.24495264
  167   2   1       2.86749733
  168   1   0       0.95128660
  169   1   0       0.95008726
  170   1   0       1.23496967
  170   2   1       2.86027197
  171   1   0       0.95804410
  172   1   0       0.94828047
  173   1   0       1.22824140
  173   2   1       2.88866898
  174   1   0       0.93346499
  175   1   0       0.93824075
  176   1   0       1.25672199
  176   2   1       2.83802224
  177   1   0       0.95207479
  178   1   0       0.96813069
  179   1   0       1.22719293
  179   2   1       2.88182850
  180   1   0       0.94095882
  181   1   0       0.93217222
  182   1   0       1.24054046
  182   2   1       2.84159619
  183   1   0       0.95669854
  184   1   0       0.94952716
  185   1   0       1.25819483
  185   2   1       2.94504324
  186   1   0       0.93589525
  187   1   0       0.92882653
  188   1   0       0.94724773
  189   1   0       1.27342671
  189   2   1       2.93088816
  190   1   0       0.96377967
  191   1   0       0.91561722
  192   1   0       0.92728842
  193   1   0       1.25620835
  193   2   1       2.85882992
  194   1   0       0.97143944
  195   1   0       0.94491600
  196   1   0       1.25516717
  196   2   1       2.87495292
  197   1   0       0.91688366
  198   1   0       0.92428174
  199   1   0       1.25258396
  199   2   1       2.85748247
  200   1   0       0.92486158
  201   1   0       0.95150476
  202   1   0       1.23688849
  202   2   1       2.88519728
  203   1   0       0.93796516
  204   1   0       0.93739347
  205   1   0       1.25964905
  205   2   1       2.83810252
  206   1   0       0.95636966
  207   1   0       0.96335245
  208   1   0       1.24336952
  208   2   1       2.86656043
  209   1   0       0.94641257
  210   1   0       0.95096677
  211   1   0       1.22795125
  211   2   1       2.84390128
  212   1   0       0.95479801
  213   1   0       0.95394979
  214   1   0       1.24461241
  214   2   1       2.83982354
  215   1   0       0.95988808
  216   1   0       0.92611342
  217   1   0       1.25927594
  217   2   1       2.94899608
  218   1   0       0.92835302
  219   1   0       0.92565682
  220   1   0       0.93391603
  221   1   0       1.28971865
  221   2   1       2.95741972
  222   1   0       0.92799080
  223   1   0       0.93553253
  224   1   0       0.92724047
  225   1   0       1.27225404
  225   2   1       2.84300820
  226   1   0       0.96957245
  227   1   0       0.93682033
  228   1   0       1.26876877
  228   2   1       2.85065097
  229   1   0       0.92483052
  230   1   0       0.93985341
  231   1   0       1.23472132
  231   2   1       2.86019668
  232   1   0       0.94182421
  233   1   0       0.95918276
  234   1   0       1.24068983
  234   2   1       2.87556101
  235   1   0       0.93535801
  236   1   0       0.94007032
  237   1   0       1.23517391
  237   2   1       2.89344052
  238   1   0       0.93688119
  239   1   0       0.92945263
  240   1   0       1.23949160
  240   2   1       2.86928283
  241   1   0       0.96240883
  242   1   0       0.95697362
  243   1   0       1.22121195
  243   2   1       2.88458439
  244   1   0       0.94541045
  245   1   0       0.93136258
  246   1   0       1.25983713
  246   2   1       2.93214283
  247   1   0       0.94969867
  248   1   0       0.93775855
  249   1   0       1.26084247
  249   2   1       2.94422578
  250   1   0       0.92958203
  251   1   0       0.92943442
  252   1   0       0.93937124
  253   1   0       1.29199415
  253   2   1       3.04806745
  254   1   0       0.91446805
  255   1   0       0.91809421
  256   1   0       0.89719185
  257   1   0       1.22727003
  257   2   1       2.87184946
  258   1   0       0.95408547
  259   1   0       0.94557350
  260   1   0       1.24435879
  260   2   1       2.87069423
  261   1   0       0.94350411
  262   1   0       0.96057922
  263   1   0       1.24030784
  263   2   1       2.85498223
  264   1   0       0.94138971
  265   1   0       0.95760410
  266   1   0       1.23791701
  266   2   1       2.89599497
  267   1   0       0.91385651
  268   1   0       0.93137072
  269   1   0       1.25097349
  269   2   1       2.84562990
  270   1   0       0.94158906
  271   1   0       0.95729470
  272   1   0       1.26454353
  272   2   1       2.80735982
  273   1   0       0.96127592
  274   1   0       0.96381618
  275   1   0       1.25952414
  275   2   1       2.88515494
  276   1   0       0.95322213
  277   1   0       0.93794395
  278   1   0       1.23502982
  278   2   1       2.85567018
  279   1   0       0.93285727
  280   1   0       0.96737537
  281   1   0       1.24523784
  281   2   1       2.96547255
  282   1   0       0.93456418
  283   1   0       0.92094067
  284   1   0       0.92750942
  285   1   0       1.26400082
  285   2   1       2.91720205
  286   1   0       0.94202445
  287   1   0       0.92652298
  288   1   0       0.94034069
  289   1   0       1.22555697
  289   2   1       2.85617364
  290   1   0       0.96343385
  291   1   0       0.93284681
  292   1   0       1.24483112
  292   2   1       2.86560915
  293   1   0       0.93591716
  294   1   0       0.93216861
  295   1   0       1.26705870
  295   2   1       2.85534938
  296   1   0       0.95228310
  297   1   0       0.94013956
  298   1   0       1.24697794
  298   2   1       2.85988954
  299   1   0       0.95015286
  300   1   0       0.96026554
  301   1   0       1.23068105
  301   2   1       2.86869522
  302   1   0       0.94204031
  303   1   0       0.95817922
  304   1   0       1.21588896
  304   2   1       2.88814906
  305   1   0       0.93961106
  306   1   0       0.93658243
  307   1   0       1.22226983
  307   2   1       2.86810635
  308   1   0       0.95761392
  309   1   0       0.95482209
  310   1   0       1.20593932
  310   2   1       2.86374480
  311   1   0       0.96070431
  312   1   0       0.94994577
  313   1   0       1.26217051
  313   2   1       2.92277523
  314   1   0       0.94979858
  315   1   0       0.94736757
  316   1   0       0.93708864
  317   1   0       1.25839820
  317   2   1       2.97113784
  318   1   0       0.92622716
  319   1   0       0.93213591
  320   1   0       0.94367565
  321   1   0       1.24895404
  321   2   1       2.85438117
  322   1   0       0.93390025
  323   1   0       0.96284115
  324   1   0       1.26592001
  324   2   1       2.85502116
  325   1   0       0.94820442
  326   1   0       0.94136430
  327   1   0       1.24171834
  327   2   1       2.86922616
  328   1   0       0.94635966
  329   1   0       0.92946722
  330   1   0       1.24865208
  330   2   1       2.86443325
  331   1   0       0.94692981
  332   1   0       0.92659437
  333   1   0       1.26178550
  333   2   1       2.85484457
  334   1   0       0.95737047
  335   1   0       0.95714567
  336   1   0       1.21451497
  336   2   1       2.85355952
  337   1   0       0.93898390
  338   1   0       0.97653850
  339   1   0       1.23107658
  339   2   1       2.83749799
  340   1   0       0.96844437
  341   1   0       0.97211549
  342   1   0       1.22209646
  342   2   1       2.87236354
  343   1   0       0.93994748
  344   1   0       0.94504516
  345   1   0       1.27899328
  345   2   1       2.91975995
  346   1   0       0.93206574
  347   1   0       0.94336345
  348   1   0       0.92802117
  349   1   0       1.26754049
  349   2   1       2.93259080
  350   1   0       0.93512483
  351   1   0       0.93458800
  352   1   0       0.94013198
 
Orbital populations (up)
 Atom Sh.   l   m       Population  Label
    1   1   0   0       1.24251815  s
    1   2   1  -1       0.95704522  p_y
    1   2   1   0       0.93849227  p_z
    1   2   1   1       0.95205326  p_x
    2   1   0   0       0.94790408  s
    3   1   0   0       0.94189204  s
    4   1   0   0       1.23667385  s
    4   2   1  -1       0.99984439  p_y
    4   2   1   0       0.94904163  p_z
    4   2   1   1       0.92575245  p_x
    5   1   0   0       0.93798436  s
    6   1   0   0       0.95015669  s
    7   1   0   0       1.24625650  s
    7   2   1  -1       0.96071851  p_y
    7   2   1   0       0.96292461  p_z
    7   2   1   1       0.94435004  p_x
    8   1   0   0       0.94368935  s
    9   1   0   0       0.92253947  s
   10   1   0   0       1.24319646  s
   10   2   1  -1       0.92676230  p_y
   10   2   1   0       0.95015395  p_z
   10   2   1   1       0.97952379  p_x
   11   1   0   0       0.96046702  s
   12   1   0   0       0.95335345  s
   13   1   0   0       1.23562663  s
   13   2   1  -1       0.96096138  p_y
   13   2   1   0       0.95680501  p_z
   13   2   1   1       0.94949891  p_x
   14   1   0   0       0.93691418  s
   15   1   0   0       0.95350179  s
   16   1   0   0       1.24833400  s
   16   2   1  -1       0.98125667  p_y
   16   2   1   0       0.95645541  p_z
   16   2   1   1       0.91314704  p_x
   17   1   0   0       0.95867693  s
   18   1   0   0       0.95871446  s
   19   1   0   0       1.23834706  s
   19   2   1  -1       0.94496642  p_y
   19   2   1   0       0.97794047  p_z
   19   2   1   1       0.92263258  p_x
   20   1   0   0       0.96335369  s
   21   1   0   0       0.94996140  s
   22   1   0   0       1.24888272  s
   22   2   1  -1       0.96395239  p_y
   22   2   1   0       0.98476722  p_z
   22   2   1   1       0.91116230  p_x
   23   1   0   0       0.92668558  s
   24   1   0   0       0.93882990  s
   25   1   0   0       1.25475793  s
   25   2   1  -1       0.96891104  p_y
   25   2   1   0       1.01905030  p_z
   25   2   1   1       0.98402219  p_x
   26   1   0   0       0.95024899  s
   27   1   0   0       0.92182661  s
   28   1   0   0       0.92416441  s
   29   1   0   0       1.28996566  s
   29   2   1  -1       1.00151526  p_y
   29   2   1   0       0.99334086  p_z
   29   2   1   1       0.93525165  p_x
   30   1   0   0       0.93362899  s
   31   1   0   0       0.93102415  s
   32   1   0   0       0.93618606  s
   33   1   0   0       1.23407436  s
   33   2   1  -1       0.95314725  p_y
   33   2   1   0       0.95006810  p_z
   33   2   1   1       0.95518180  p_x
   34   1   0   0       0.93113816  s
   35   1   0   0       0.93994385  s
   36   1   0   0       1.24488749  s
   36   2   1  -1       0.96953666  p_y
   36   2   1   0       0.93940123  p_z
   36   2   1   1       0.96624641  p_x
   37   1   0   0       0.94024485  s
   38   1   0   0       0.95457138  s
   39   1   0   0       1.27534783  s
   39   2   1  -1       0.94982906  p_y
   39   2   1   0       0.95752433  p_z
   39   2   1   1       0.92829067  p_x
   40   1   0   0       0.95752797  s
   41   1   0   0       0.94931058  s
   42   1   0   0       1.22271952  s
   42   2   1  -1       0.96449766  p_y
   42   2   1   0       0.99186726  p_z
   42   2   1   1       0.92402602  p_x
   43   1   0   0       0.94280268  s
   44   1   0   0       0.92735959  s
   45   1   0   0       1.23882638  s
   45   2   1  -1       0.96711962  p_y
   45   2   1   0       0.95031563  p_z
   45   2   1   1       0.91376826  p_x
   46   1   0   0       0.97465911  s
   47   1   0   0       0.96507886  s
   48   1   0   0       1.23160592  s
   48   2   1  -1       0.96521292  p_y
   48   2   1   0       1.01156027  p_z
   48   2   1   1       0.90908169  p_x
   49   1   0   0       0.93853533  s
   50   1   0   0       0.93313873  s
   51   1   0   0       1.22991771  s
   51   2   1  -1       0.97088438  p_y
   51   2   1   0       0.94178320  p_z
   51   2   1   1       0.91926299  p_x
   52   1   0   0       0.93685936  s
   53   1   0   0       0.95859942  s
   54   1   0   0       1.25317518  s
   54   2   1  -1       0.95705141  p_y
   54   2   1   0       0.99933857  p_z
   54   2   1   1       0.96509636  p_x
   55   1   0   0       0.91848598  s
   56   1   0   0       0.91940071  s
   57   1   0   0       1.27378737  s
   57   2   1  -1       1.00364774  p_y
   57   2   1   0       0.96391873  p_z
   57   2   1   1       0.97613763  p_x
   58   1   0   0       0.92165476  s
   59   1   0   0       0.94229119  s
   60   1   0   0       0.93870729  s
   61   1   0   0       1.23560716  s
   61   2   1  -1       0.95622082  p_y
   61   2   1   0       0.96326784  p_z
   61   2   1   1       0.98883675  p_x
   62   1   0   0       0.92968190  s
   63   1   0   0       0.92720675  s
   64   1   0   0       0.94167457  s
   65   1   0   0       1.26413116  s
   65   2   1  -1       0.94764277  p_y
   65   2   1   0       0.91991886  p_z
   65   2   1   1       0.93181556  p_x
   66   1   0   0       0.97512244  s
   67   1   0   0       0.95243575  s
   68   1   0   0       1.25537078  s
   68   2   1  -1       0.97494686  p_y
   68   2   1   0       0.95204032  p_z
   68   2   1   1       0.94009633  p_x
   69   1   0   0       0.94194991  s
   70   1   0   0       0.94155485  s
   71   1   0   0       1.22930135  s
   71   2   1  -1       0.94713014  p_y
   71   2   1   0       0.97311633  p_z
   71   2   1   1       0.95046523  p_x
   72   1   0   0       0.93377443  s
   73   1   0   0       0.95086826  s
   74   1   0   0       1.23960272  s
   74   2   1  -1       0.93053791  p_y
   74   2   1   0       0.93856585  p_z
   74   2   1   1       0.99858419  p_x
   75   1   0   0       0.94987628  s
   76   1   0   0       0.94957870  s
   77   1   0   0       1.25418575  s
   77   2   1  -1       0.94829161  p_y
   77   2   1   0       0.94912939  p_z
   77   2   1   1       0.97591141  p_x
   78   1   0   0       0.93843542  s
   79   1   0   0       0.94270885  s
   80   1   0   0       1.25934836  s
   80   2   1  -1       0.91575999  p_y
   80   2   1   0       1.00137393  p_z
   80   2   1   1       0.93548087  p_x
   81   1   0   0       0.94933569  s
   82   1   0   0       0.95220291  s
   83   1   0   0       1.26662362  s
   83   2   1  -1       0.97616698  p_y
   83   2   1   0       0.95491045  p_z
   83   2   1   1       0.92989904  p_x
   84   1   0   0       0.94554149  s
   85   1   0   0       0.92068261  s
   86   1   0   0       1.25083085  s
   86   2   1  -1       0.96219559  p_y
   86   2   1   0       0.95415634  p_z
   86   2   1   1       0.95207315  p_x
   87   1   0   0       0.94621933  s
   88   1   0   0       0.91654129  s
   89   1   0   0       1.24816675  s
   89   2   1  -1       1.00743440  p_y
   89   2   1   0       0.97018080  p_z
   89   2   1   1       0.98883585  p_x
   90   1   0   0       0.92113784  s
   91   1   0   0       0.92070085  s
   92   1   0   0       0.94123859  s
   93   1   0   0       1.28097591  s
   93   2   1  -1       0.95178670  p_y
   93   2   1   0       0.95053879  p_z
   93   2   1   1       1.00770915  p_x
   94   1   0   0       0.94731590  s
   95   1   0   0       0.94040411  s
   96   1   0   0       0.94375187  s
   97   1   0   0       1.23005711  s
   97   2   1  -1       0.96795628  p_y
   97   2   1   0       0.97269531  p_z
   97   2   1   1       0.95341229  p_x
   98   1   0   0       0.93665426  s
   99   1   0   0       0.93840193  s
  100   1   0   0       1.27834588  s
  100   2   1  -1       0.97338977  p_y
  100   2   1   0       0.91342946  p_z
  100   2   1   1       0.93002426  p_x
  101   1   0   0       0.95330809  s
  102   1   0   0       0.95291598  s
  103   1   0   0       1.24636303  s
  103   2   1  -1       0.95314763  p_y
  103   2   1   0       0.95555326  p_z
  103   2   1   1       0.97209296  p_x
  104   1   0   0       0.93938010  s
  105   1   0   0       0.92285638  s
  106   1   0   0       1.27209392  s
  106   2   1  -1       0.97371991  p_y
  106   2   1   0       0.92891923  p_z
  106   2   1   1       0.95695881  p_x
  107   1   0   0       0.94403482  s
  108   1   0   0       0.94579122  s
  109   1   0   0       1.23874392  s
  109   2   1  -1       0.94899001  p_y
  109   2   1   0       0.93066789  p_z
  109   2   1   1       0.94165421  p_x
  110   1   0   0       0.93277433  s
  111   1   0   0       0.94006169  s
  112   1   0   0       1.29620949  s
  112   2   1  -1       0.93915910  p_y
  112   2   1   0       0.96625804  p_z
  112   2   1   1       1.00522793  p_x
  113   1   0   0       0.92680079  s
  114   1   0   0       0.92773112  s
  115   1   0   0       1.22287231  s
  115   2   1  -1       0.96572901  p_y
  115   2   1   0       0.97136750  p_z
  115   2   1   1       0.91272020  p_x
  116   1   0   0       0.95402087  s
  117   1   0   0       0.92768334  s
  118   1   0   0       1.23670352  s
  118   2   1  -1       0.96687043  p_y
  118   2   1   0       0.96827743  p_z
  118   2   1   1       0.93495598  p_x
  119   1   0   0       0.93283630  s
  120   1   0   0       0.94356502  s
  121   1   0   0       1.26089343  s
  121   2   1  -1       0.98131491  p_y
  121   2   1   0       0.96095818  p_z
  121   2   1   1       0.97259119  p_x
  122   1   0   0       0.94965346  s
  123   1   0   0       0.92206829  s
  124   1   0   0       0.96192763  s
  125   1   0   0       1.28868890  s
  125   2   1  -1       0.97017467  p_y
  125   2   1   0       0.97178924  p_z
  125   2   1   1       0.96370415  p_x
  126   1   0   0       0.94038317  s
  127   1   0   0       0.92968763  s
  128   1   0   0       0.93546570  s
  129   1   0   0       1.24605512  s
  129   2   1  -1       0.98333427  p_y
  129   2   1   0       0.95340291  p_z
  129   2   1   1       0.96352753  p_x
  130   1   0   0       0.92879521  s
  131   1   0   0       0.91736515  s
  132   1   0   0       1.23311672  s
  132   2   1  -1       0.96848399  p_y
  132   2   1   0       0.96248451  p_z
  132   2   1   1       0.94499754  p_x
  133   1   0   0       0.93678142  s
  134   1   0   0       0.94008951  s
  135   1   0   0       1.22884390  s
  135   2   1  -1       0.95110700  p_y
  135   2   1   0       0.95505696  p_z
  135   2   1   1       0.96980933  p_x
  136   1   0   0       0.94703623  s
  137   1   0   0       0.93242011  s
  138   1   0   0       1.28167789  s
  138   2   1  -1       0.95219742  p_y
  138   2   1   0       0.91902871  p_z
  138   2   1   1       0.96499586  p_x
  139   1   0   0       0.95806725  s
  140   1   0   0       0.95703651  s
  141   1   0   0       1.24432199  s
  141   2   1  -1       0.92897029  p_y
  141   2   1   0       0.93131566  p_z
  141   2   1   1       0.95646286  p_x
  142   1   0   0       0.96563134  s
  143   1   0   0       0.96764347  s
  144   1   0   0       1.24406137  s
  144   2   1  -1       0.97704231  p_y
  144   2   1   0       0.98356821  p_z
  144   2   1   1       0.92570703  p_x
  145   1   0   0       0.94178331  s
  146   1   0   0       0.91583685  s
  147   1   0   0       1.28086897  s
  147   2   1  -1       0.97146495  p_y
  147   2   1   0       0.95020762  p_z
  147   2   1   1       0.92914538  p_x
  148   1   0   0       0.92795874  s
  149   1   0   0       0.95839696  s
  150   1   0   0       1.23068306  s
  150   2   1  -1       0.95110471  p_y
  150   2   1   0       0.96456016  p_z
  150   2   1   1       0.92122524  p_x
  151   1   0   0       0.94795227  s
  152   1   0   0       0.97502880  s
  153   1   0   0       1.26395068  s
  153   2   1  -1       1.00787507  p_y
  153   2   1   0       0.98025873  p_z
  153   2   1   1       0.96636454  p_x
  154   1   0   0       0.94678267  s
  155   1   0   0       0.92954695  s
  156   1   0   0       0.92412335  s
  157   1   0   0       1.25895875  s
  157   2   1  -1       0.97160193  p_y
  157   2   1   0       0.98467653  p_z
  157   2   1   1       0.96353784  p_x
  158   1   0   0       0.93706161  s
  159   1   0   0       0.93642869  s
  160   1   0   0       0.94437627  s
  161   1   0   0       1.24037319  s
  161   2   1  -1       0.94959673  p_y
  161   2   1   0       0.92900625  p_z
  161   2   1   1       0.95636330  p_x
  162   1   0   0       0.96013543  s
  163   1   0   0       0.95814537  s
  164   1   0   0       1.23550603  s
  164   2   1  -1       0.96813365  p_y
  164   2   1   0       0.93804711  p_z
  164   2   1   1       0.95861931  p_x
  165   1   0   0       0.95772913  s
  166   1   0   0       0.92715487  s
  167   1   0   0       1.24495264  s
  167   2   1  -1       0.99448191  p_y
  167   2   1   0       0.95060205  p_z
  167   2   1   1       0.92241338  p_x
  168   1   0   0       0.95128660  s
  169   1   0   0       0.95008726  s
  170   1   0   0       1.23496967  s
  170   2   1  -1       0.97076662  p_y
  170   2   1   0       0.96756019  p_z
  170   2   1   1       0.92194515  p_x
  171   1   0   0       0.95804410  s
  172   1   0   0       0.94828047  s
  173   1   0   0       1.22824140  s
  173   2   1  -1       0.97716554  p_y
  173   2   1   0       0.97942113  p_z
  173   2   1   1       0.93208231  p_x
  174   1   0   0       0.93346499  s
  175   1   0   0       0.93824075  s
  176   1   0   0       1.25672199  s
  176   2   1  -1       0.94584701  p_y
  176   2   1   0       0.94544729  p_z
  176   2   1   1       0.94672793  p_x
  177   1   0   0       0.95207479  s
  178   1   0   0       0.96813069  s
  179   1   0   0       1.22719293  s
  179   2   1  -1       0.93721225  p_y
  179   2   1   0       0.95957141  p_z
  179   2   1   1       0.98504484  p_x
  180   1   0   0       0.94095882  s
  181   1   0   0       0.93217222  s
  182   1   0   0       1.24054046  s
  182   2   1  -1       0.92398429  p_y
  182   2   1   0       0.94633643  p_z
  182   2   1   1       0.97127547  p_x
  183   1   0   0       0.95669854  s
  184   1   0   0       0.94952716  s
  185   1   0   0       1.25819483  s
  185   2   1  -1       1.00549714  p_y
  185   2   1   0       0.98701116  p_z
  185   2   1   1       0.95253494  p_x
  186   1   0   0       0.93589525  s
  187   1   0   0       0.92882653  s
  188   1   0   0       0.94724773  s
  189   1   0   0       1.27342671  s
  189   2   1  -1       0.95621215  p_y
  189   2   1   0       0.98152327  p_z
  189   2   1   1       0.99315274  p_x
  190   1   0   0       0.96377967  s
  191   1   0   0       0.91561722  s
  192   1   0   0       0.92728842  s
  193   1   0   0       1.25620835  s
  193   2   1  -1       0.92751315  p_y
  193   2   1   0       0.98287646  p_z
  193   2   1   1       0.94844031  p_x
  194   1   0   0       0.97143944  s
  195   1   0   0       0.94491600  s
  196   1   0   0       1.25516717  s
  196   2   1  -1       0.95405658  p_y
  196   2   1   0       0.96131862  p_z
  196   2   1   1       0.95957772  p_x
  197   1   0   0       0.91688366  s
  198   1   0   0       0.92428174  s
  199   1   0   0       1.25258396  s
  199   2   1  -1       0.95321988  p_y
  199   2   1   0       0.95178400  p_z
  199   2   1   1       0.95247859  p_x
  200   1   0   0       0.92486158  s
  201   1   0   0       0.95150476  s
  202   1   0   0       1.23688849  s
  202   2   1  -1       0.95748353  p_y
  202   2   1   0       0.96802237  p_z
  202   2   1   1       0.95969138  p_x
  203   1   0   0       0.93796516  s
  204   1   0   0       0.93739347  s
  205   1   0   0       1.25964905  s
  205   2   1  -1       0.94880545  p_y
  205   2   1   0       0.94635372  p_z
  205   2   1   1       0.94294335  p_x
  206   1   0   0       0.95636966  s
  207   1   0   0       0.96335245  s
  208   1   0   0       1.24336952  s
  208   2   1  -1       0.96412081  p_y
  208   2   1   0       0.94319173  p_z
  208   2   1   1       0.95924789  p_x
  209   1   0   0       0.94641257  s
  210   1   0   0       0.95096677  s
  211   1   0   0       1.22795125  s
  211   2   1  -1       0.95802834  p_y
  211   2   1   0       0.95438056  p_z
  211   2   1   1       0.93149238  p_x
  212   1   0   0       0.95479801  s
  213   1   0   0       0.95394979  s
  214   1   0   0       1.24461241  s
  214   2   1  -1       0.98132506  p_y
  214   2   1   0       0.91791095  p_z
  214   2   1   1       0.94058752  p_x
  215   1   0   0       0.95988808  s
  216   1   0   0       0.92611342  s
  217   1   0   0       1.25927594  s
  217   2   1  -1       0.98108098  p_y
  217   2   1   0       0.98470834  p_z
  217   2   1   1       0.98320676  p_x
  218   1   0   0       0.92835302  s
  219   1   0   0       0.92565682  s
  220   1   0   0       0.93391603  s
  221   1   0   0       1.28971865  s
  221   2   1  -1       1.00274627  p_y
  221   2   1   0       0.94787914  p_z
  221   2   1   1       1.00679431  p_x
  222   1   0   0       0.92799080  s
  223   1   0   0       0.93553253  s
  224   1   0   0       0.92724047  s
  225   1   0   0       1.27225404  s
  225   2   1  -1       0.98758628  p_y
  225   2   1   0       0.95008497  p_z
  225   2   1   1       0.90533695  p_x
  226   1   0   0       0.96957245  s
  227   1   0   0       0.93682033  s
  228   1   0   0       1.26876877  s
  228   2   1  -1       0.98461644  p_y
  228   2   1   0       0.93797013  p_z
  228   2   1   1       0.92806440  p_x
  229   1   0   0       0.92483052  s
  230   1   0   0       0.93985341  s
  231   1   0   0       1.23472132  s
  231   2   1  -1       0.96017617  p_y
  231   2   1   0       0.92987951  p_z
  231   2   1   1       0.97014101  p_x
  232   1   0   0       0.94182421  s
  233   1   0   0       0.95918276  s
  234   1   0   0       1.24068983  s
  234   2   1  -1       0.95064838  p_y
  234   2   1   0       0.96747779  p_z
  234   2   1   1       0.95743484  p_x
  235   1   0   0       0.93535801  s
  236   1   0   0       0.94007032  s
  237   1   0   0       1.23517391  s
  237   2   1  -1       0.94077606  p_y
  237   2   1   0       0.96171760  p_z
  237   2   1   1       0.99094686  p_x
  238   1   0   0       0.93688119  s
  239   1   0   0       0.92945263  s
  240   1   0   0       1.23949160  s
  240   2   1  -1       0.93112237  p_y
  240   2   1   0       0.96934290  p_z
  240   2   1   1       0.96881756  p_x
  241   1   0   0       0.96240883  s
  242   1   0   0       0.95697362  s
  243   1   0   0       1.22121195  s
  243   2   1  -1       0.94758890  p_y
  243   2   1   0       0.98644257  p_z
  243   2   1   1       0.95055292  p_x
  244   1   0   0       0.94541045  s
  245   1   0   0       0.93136258  s
  246   1   0   0       1.25983713  s
  246   2   1  -1       0.98480358  p_y
  246   2   1   0       0.98010765  p_z
  246   2   1   1       0.96723160  p_x
  247   1   0   0       0.94969867  s
  248   1   0   0       0.93775855  s
  249   1   0   0       1.26084247  s
  249   2   1  -1       1.03006267  p_y
  249   2   1   0       0.96156684  p_z
  249   2   1   1       0.95259627  p_x
  250   1   0   0       0.92958203  s
  251   1   0   0       0.92943442  s
  252   1   0   0       0.93937124  s
  253   1   0   0       1.29199415  s
  253   2   1  -1       1.00308267  p_y
  253   2   1   0       1.02678617  p_z
  253   2   1   1       1.01819860  p_x
  254   1   0   0       0.91446805  s
  255   1   0   0       0.91809421  s
  256   1   0   0       0.89719185  s
  257   1   0   0       1.22727003  s
  257   2   1  -1       0.96094308  p_y
  257   2   1   0       0.92317360  p_z
  257   2   1   1       0.98773278  p_x
  258   1   0   0       0.95408547  s
  259   1   0   0       0.94557350  s
  260   1   0   0       1.24435879  s
  260   2   1  -1       0.94975472  p_y
  260   2   1   0       0.92505650  p_z
  260   2   1   1       0.99588300  p_x
  261   1   0   0       0.94350411  s
  262   1   0   0       0.96057922  s
  263   1   0   0       1.24030784  s
  263   2   1  -1       0.93734982  p_y
  263   2   1   0       0.92931937  p_z
  263   2   1   1       0.98831304  p_x
  264   1   0   0       0.94138971  s
  265   1   0   0       0.95760410  s
  266   1   0   0       1.23791701  s
  266   2   1  -1       0.96545776  p_y
  266   2   1   0       0.95390906  p_z
  266   2   1   1       0.97662815  p_x
  267   1   0   0       0.91385651  s
  268   1   0   0       0.93137072  s
  269   1   0   0       1.25097349  s
  269   2   1  -1       0.95145833  p_y
  269   2   1   0       0.92940694  p_z
  269   2   1   1       0.96476464  p_x
  270   1   0   0       0.94158906  s
  271   1   0   0       0.95729470  s
  272   1   0   0       1.26454353  s
  272   2   1  -1       0.95199229  p_y
  272   2   1   0       0.91549665  p_z
  272   2   1   1       0.93987087  p_x
  273   1   0   0       0.96127592  s
  274   1   0   0       0.96381618  s
  275   1   0   0       1.25952414  s
  275   2   1  -1       0.91377646  p_y
  275   2   1   0       0.98884877  p_z
  275   2   1   1       0.98252971  p_x
  276   1   0   0       0.95322213  s
  277   1   0   0       0.93794395  s
  278   1   0   0       1.23502982  s
  278   2   1  -1       0.93390889  p_y
  278   2   1   0       0.94863735  p_z
  278   2   1   1       0.97312394  p_x
  279   1   0   0       0.93285727  s
  280   1   0   0       0.96737537  s
  281   1   0   0       1.24523784  s
  281   2   1  -1       1.00444192  p_y
  281   2   1   0       0.97533584  p_z
  281   2   1   1       0.98569478  p_x
  282   1   0   0       0.93456418  s
  283   1   0   0       0.92094067  s
  284   1   0   0       0.92750942  s
  285   1   0   0       1.26400082  s
  285   2   1  -1       0.95666417  p_y
  285   2   1   0       0.98010300  p_z
  285   2   1   1       0.98043489  p_x
  286   1   0   0       0.94202445  s
  287   1   0   0       0.92652298  s
  288   1   0   0       0.94034069  s
  289   1   0   0       1.22555697  s
  289   2   1  -1       0.98834503  p_y
  289   2   1   0       0.93510678  p_z
  289   2   1   1       0.93272183  p_x
  290   1   0   0       0.96343385  s
  291   1   0   0       0.93284681  s
  292   1   0   0       1.24483112  s
  292   2   1  -1       0.97431254  p_y
  292   2   1   0       0.92558993  p_z
  292   2   1   1       0.96570667  p_x
  293   1   0   0       0.93591716  s
  294   1   0   0       0.93216861  s
  295   1   0   0       1.26705870  s
  295   2   1  -1       0.98332919  p_y
  295   2   1   0       0.92272684  p_z
  295   2   1   1       0.94929336  p_x
  296   1   0   0       0.95228310  s
  297   1   0   0       0.94013956  s
  298   1   0   0       1.24697794  s
  298   2   1  -1       0.96821207  p_y
  298   2   1   0       0.94935988  p_z
  298   2   1   1       0.94231760  p_x
  299   1   0   0       0.95015286  s
  300   1   0   0       0.96026554  s
  301   1   0   0       1.23068105  s
  301   2   1  -1       0.97831815  p_y
  301   2   1   0       0.92554366  p_z
  301   2   1   1       0.96483340  p_x
  302   1   0   0       0.94204031  s
  303   1   0   0       0.95817922  s
  304   1   0   0       1.21588896  s
  304   2   1  -1       0.97808303  p_y
  304   2   1   0       0.94341720  p_z
  304   2   1   1       0.96664883  p_x
  305   1   0   0       0.93961106  s
  306   1   0   0       0.93658243  s
  307   1   0   0       1.22226983  s
  307   2   1  -1       0.96827887  p_y
  307   2   1   0       0.93497238  p_z
  307   2   1   1       0.96485510  p_x
  308   1   0   0       0.95761392  s
  309   1   0   0       0.95482209  s
  310   1   0   0       1.20593932  s
  310   2   1  -1       0.97279728  p_y
  310   2   1   0       0.95114238  p_z
  310   2   1   1       0.93980514  p_x
  311   1   0   0       0.96070431  s
  312   1   0   0       0.94994577  s
  313   1   0   0       1.26217051  s
  313   2   1  -1       0.97560064  p_y
  313   2   1   0       0.96743037  p_z
  313   2   1   1       0.97974422  p_x
  314   1   0   0       0.94979858  s
  315   1   0   0       0.94736757  s
  316   1   0   0       0.93708864  s
  317   1   0   0       1.25839820  s
  317   2   1  -1       0.99364442  p_y
  317   2   1   0       1.01698144  p_z
  317   2   1   1       0.96051198  p_x
  318   1   0   0       0.92622716  s
  319   1   0   0       0.93213591  s
  320   1   0   0       0.94367565  s
  321   1   0   0       1.24895404  s
  321   2   1  -1       0.94063633  p_y
  321   2   1   0       0.95561527  p_z
  321   2   1   1       0.95812957  p_x
  322   1   0   0       0.93390025  s
  323   1   0   0       0.96284115  s
  324   1   0   0       1.26592001  s
  324   2   1  -1       0.92647645  p_y
  324   2   1   0       0.97460397  p_z
  324   2   1   1       0.95394073  p_x
  325   1   0   0       0.94820442  s
  326   1   0   0       0.94136430  s
  327   1   0   0       1.24171834  s
  327   2   1  -1       0.93070993  p_y
  327   2   1   0       0.99241380  p_z
  327   2   1   1       0.94610243  p_x
  328   1   0   0       0.94635966  s
  329   1   0   0       0.92946722  s
  330   1   0   0       1.24865208  s
  330   2   1  -1       0.93418131  p_y
  330   2   1   0       0.99901211  p_z
  330   2   1   1       0.93123983  p_x
  331   1   0   0       0.94692981  s
  332   1   0   0       0.92659437  s
  333   1   0   0       1.26178550  s
  333   2   1  -1       0.96659737  p_y
  333   2   1   0       0.94220548  p_z
  333   2   1   1       0.94604172  p_x
  334   1   0   0       0.95737047  s
  335   1   0   0       0.95714567  s
  336   1   0   0       1.21451497  s
  336   2   1  -1       0.95959087  p_y
  336   2   1   0       0.94325559  p_z
  336   2   1   1       0.95071305  p_x
  337   1   0   0       0.93898390  s
  338   1   0   0       0.97653850  s
  339   1   0   0       1.23107658  s
  339   2   1  -1       0.97079485  p_y
  339   2   1   0       0.94689116  p_z
  339   2   1   1       0.91981197  p_x
  340   1   0   0       0.96844437  s
  341   1   0   0       0.97211549  s
  342   1   0   0       1.22209646  s
  342   2   1  -1       0.98699560  p_y
  342   2   1   0       0.97244388  p_z
  342   2   1   1       0.91292406  p_x
  343   1   0   0       0.93994748  s
  344   1   0   0       0.94504516  s
  345   1   0   0       1.27899328  s
  345   2   1  -1       0.97097904  p_y
  345   2   1   0       0.96745386  p_z
  345   2   1   1       0.98132705  p_x
  346   1   0   0       0.93206574  s
  347   1   0   0       0.94336345  s
  348   1   0   0       0.92802117  s
  349   1   0   0       1.26754049  s
  349   2   1  -1       0.99377663  p_y
  349   2   1   0       1.00387704  p_z
  349   2   1   1       0.93493712  p_x
  350   1   0   0       0.93512483  s
  351   1   0   0       0.93458800  s
  352   1   0   0       0.94013198  s
 
Fermi level:                        -0.1459482665 H           -3.9715 eV
Band energy:                      -277.7244086855 H        -7557.2657 eV
TS:                                  0.0026333290 H            0.0717 eV
Band free energy (E-TS):          -277.7270420145 H        -7557.3373 eV
Extrapolated E(0K):               -277.7257253500 H        -7557.3015 eV
Input / Output electrons (q):    682.0000000000    682.0000000000
 
Energy H0:                        -282.4201493361 H        -7685.0433 eV
Energy SCC:                          0.0801349651 H            2.1806 eV
Total Electronic energy:          -282.3400143710 H        -7682.8627 eV
Repulsive energy:                    4.5335083015 H          123.3630 eV
Dispersion energy:                   1.1066311626 H           30.1130 eV
Total energy:                     -276.6998749069 H        -7529.3867 eV
Extrapolated to 0:                -276.7011915714 H        -7529.4225 eV
Total Mermin free energy:         -276.7025082359 H        -7529.4583 eV
Force related energy:             -276.7025082359 H        -7529.4583 eV
 
SCC converged
 
Full geometry written in geo_end.{xyz|gen}
 
MD Kinetic Energy:                   0.9577975140 H
Total MD Energy:                  -275.7447107219 H
Pressure:                           -0.103257E-04 au    -0.303791E+09 Pa
MD Temperature:                      0.0018191786 H          574.4505 K
MD Kinetic Energy:                   0.9577975140 H
Total MD Energy:                  -275.7447107219 H        -7503.3953 eV
MD Temperature:                      0.0018191786 H          574.4505 K
 
Molecular dynamics completed
 
