 Fermi distribution function
 
MD step: 50000
 

********************************************************************************
 iSCC Total electronic   Diff electronic      SCC error    
    6   -0.28227949E+03    0.30127012E-11    0.98724106E-06
********************************************************************************
 
Coordinates of moved atoms (au):
    1     71.06043055     56.55077354     68.55161624
    2     69.76580153     58.04012989     69.26457927
    3     70.32873459     55.91936552     66.80104164
    4     73.71437723     86.51119243     68.01104114
    5     73.55786216     88.31655225     66.93983123
    6     46.03496277     85.18024071     66.97692901
    7     74.96924885     87.32335060     70.83987798
    8     46.12711529     85.41806778     71.68633615
    9     73.72571591     88.44880619     72.00009759
   10     48.44467097     88.78843458     70.93906945
   11     48.44557421     90.45403411     72.20076097
   12     48.75127170     89.57092197     68.99208694
   13     79.85691587     87.25378500     71.65523889
   14     79.31783421     85.83155944     73.08790169
   15     81.23139751     88.53355871     72.51896161
   16     52.34742523     85.95621861     69.35052223
   17     51.00571743     84.65271060     68.20439478
   18     53.93587008     84.62218653     69.91103454
   19     82.27130670     87.74522770     67.24746587
   20     82.82130563     89.49390791     68.38580509
   21     80.49954699     88.62963522     66.18126557
   22     84.29144983     86.69269659     65.41446390
   23     55.35557265     87.93413234     63.76434815
   24     54.67000826     84.89326145     64.41930534
   25     70.63580637     54.20499363     70.06216268
   26     71.33381606     54.39444403     72.10737327
   27     68.55591398     53.98181468     70.42753278
   28     71.43112014     52.54234862     68.87646057
   29     87.14253866     86.45405441     66.19545382
   30     88.42519590     87.76714300     65.15743674
   31     87.70955578     86.86663309     68.10361926
   32     87.80865430     84.50132313     65.82902848
   33     55.12682378     67.90068904     79.69948872
   34     56.61153354     69.02531298     78.88513696
   35     53.73411064     69.24999739     80.48805726
   36     53.76020413     66.33075297     77.73559256
   37     52.50886017     64.80946960     78.79294848
   38     55.07349067     64.95065768     76.90181540
   39     51.96812840     67.81476014     75.88280352
   40     52.69185383     69.74637329     75.70444480
   41     50.19437954     67.97027514     77.18764282
   42     51.56271045     66.91840807     73.27540557
   43     80.04860360     64.83641856     73.21134753
   44     53.54452926     67.00835478     72.33804609
   45     49.49605562     68.59232135     71.96303406
   46     50.46751538     70.53276512     71.91475871
   47     76.73630444     68.46233136     73.24987029
   48     77.90607062     67.48460822     69.25831316
   49     76.27342961     66.23964163     69.36294224
   50     79.70476726     66.40712082     68.47665504
   51     48.00237954     69.67536983     67.42472286
   52     49.82075088     70.39920715     66.48931132
   53     46.90456570     71.02624873     68.58193120
   54     75.52883698     68.60321778     94.12702087
   55     74.89004134     70.30865981     93.10112165
   56     73.74233609     67.84372254     94.74669146
   57     56.20901006     66.37762945     81.80984728
   58     54.83615882     65.46029827     82.92604642
   59     57.58515691     64.95949821     81.26456624
   60     57.09534840     67.41576530     83.28586054
   61     48.02906690     66.54140031     92.77044351
   62     50.14787677     66.94958515     92.56139576
   63     47.63780399     64.69906358     93.71796739
   64     47.39161802     66.45672366     90.78023071
   65     70.76358475     71.69567774     58.46568826
   66     70.72004853     70.93966238     56.44184376
   67     72.22967793     70.48701536     59.26428502
   68     71.89398881     74.47548325     58.33107376
   69     73.93364379     74.20739129     57.92468979
   70     71.56391191     75.35370184     60.15283636
   71     70.64470018     75.99967080     56.21973731
   72     68.66265285     76.59801513     56.38248757
   73     70.38439807     74.88709008     54.47534068
   74     72.05464886     49.32288527     55.23899693
   75     71.64986811     49.84626002     53.26306313
   76     74.00767903     48.67108709     55.11547122
   77     72.10134821     51.77800314     56.87252158
   78     70.29758366     81.36970940     57.43678011
   79     72.77642578     82.61730276     55.72338351
   80     73.62543141     51.51131268     59.43870425
   81     75.70165253     50.88722395     58.93249966
   82     72.91222752     50.03324845     60.63223328
   83     73.61202813     53.72396447     61.21709821
   84     75.09164640     53.48767341     62.70004553
   85     71.79876141     53.84624309     62.50714565
   86     73.91532237     56.19702836     59.90486708
   87     74.37226874     55.99729003     57.94095296
   88     75.58664178     57.22255265     60.59886110
   89     68.36479640     71.20704410     59.86144283
   90     67.78480962     69.09614932     59.76431410
   91     68.47386391     71.37638378     61.89447697
   92     66.87939714     72.51715960     59.22924530
   93     71.62952823     57.85478034     60.30467938
   94     71.15839081     58.10888874     62.30670554
   95     71.72393788     59.76208341     59.25277567
   96     69.87566955     57.15754782     59.49479694
   97     55.70047119     80.98109865     70.63264204
   98     57.06828743     81.96720504     71.76542391
   99     53.93335144     80.17388404     71.42986992
  100     42.15611301     63.66790073     83.33434949
  101     42.73713080     64.56105155     85.18809150
  102     40.07567850     64.29555886     83.26937013
  103     51.30156406     61.28457266     89.00597315
  104     49.85632841     60.56899045     87.50212291
  105     50.45770448     62.92502825     90.03906225
  106     53.70961459     61.99762067     58.49562046
  107     53.20728381     63.12180016     56.94572367
  108     53.88565217     59.83367209     57.70056672
  109     55.82249435     63.34371469     59.71575896
  110     56.36110775     62.56350837     61.44977528
  111     55.37011746     65.40253643     59.70949980
  112     58.21769213     62.81889058     58.06041222
  113     58.80834019     64.81344599     57.36617977
  114     57.73991221     62.07527438     56.22828447
  115     60.69204870     61.38842095     58.64016955
  116     61.67809882     60.91458907     57.00382369
  117     60.40317106     59.56014553     59.87521881
  118     62.24314657     62.98999576     60.51676804
  119     61.43826547     62.84395782     62.37476616
  120     62.33994578     65.05021607     60.16983481
  121     56.38684967     80.65504175     68.03524577
  122     57.44921778     81.81531287     66.78577416
  123     51.68071112     59.67071567     90.37087123
  124     54.89955418     79.57274013     66.76555599
  125     65.04131581     62.04098389     60.44907521
  126     65.59970054     62.08063186     58.40642545
  127     66.20108956     63.36108603     61.71406807
  128     65.28455930     60.15186240     60.85930721
  129     66.74970150     72.57791921     49.21181411
  130     65.85752792     71.08902078     47.96966894
  131     66.77016893     74.38029379     48.17367389
  132     65.27984634     72.94097607     51.80225181
  133     65.95181838     74.63151355     52.89138595
  134     65.67633537     71.18723304     52.91246184
  135     62.44414123     73.00384357     51.18664123
  136     61.96468891     71.31380535     49.90049763
  137     61.99816624     74.68083337     49.79264739
  138     60.20693723     72.78995724     53.16442205
  139     58.52171300     72.17242270     52.20698513
  140     59.93317372     74.71431429     54.08707911
  141     60.81914327     70.90427660     55.33420844
  142     62.43521961     71.78375528     56.24708304
  143     61.05388787     68.94845698     54.67759940
  144     58.93726728     71.03439987     57.69792260
  145     60.06773766     70.89663576     59.49457041
  146     57.80017997     69.30145504     57.74996247
  147     57.21701918     73.43296835     57.60507652
  148     56.60164072     73.79659621     55.68639833
  149     58.42268653     75.19889100     58.19296482
  150     55.01342869     73.47471070     59.48271756
  151     54.31558842     75.59748455     59.58770018
  152     55.72161782     72.87384154     61.38251556
  153     69.44219092     71.44195154     49.66869920
  154     69.61689098     40.89344796     50.98976902
  155     70.42953895     70.86358579     47.94796916
  156     70.60099603     73.03128754     50.60841613
  157     52.73335751     71.91714612     58.85223308
  158     51.23737807     72.87874887     59.63996396
  159     52.43199160     71.80025771     56.83216875
  160     52.99263020     69.78746924     59.32605718
  161     80.86439581     53.30031435     60.44228091
  162     81.14937678     54.55375274     62.23039979
  163     79.07173101     53.85199412     59.71510810
  164     82.88091137     53.76650803     58.25567505
  165     84.52416605     54.84886707     58.96417394
  166     81.79224377     55.11573562     57.03856992
  167     83.57647754     51.44790591     56.77094560
  168     84.21372229     49.83874396     58.03967400
  169     85.30940190     51.75143473     55.59284762
  170     81.34851951     50.37175035     54.94483560
  171     80.63808966     51.94218726     53.63819768
  172     79.62271134     49.58762732     56.11898635
  173     82.43669178     77.12633750     53.36504048
  174     81.94774029     75.30570783     54.27595207
  175     84.48700179     48.23541700     53.78611944
  176     82.07346953     77.09378821     50.59821304
  177     83.77453238     77.73765074     49.57547744
  178     80.46790798     78.30386294     50.14381209
  179     81.32099198     74.68748464     49.27532793
  180     82.34004790     73.01680983     49.75282203
  181     81.83299361     75.19034388     47.15586845
  182     78.66220178     73.56710148     49.06650097
  183     78.77733972     72.51806550     47.24514749
  184     77.32551787     75.05620231     48.77002799
  185     80.54129840     50.78172495     61.78594369
  186     79.15346373     51.02142090     63.27158595
  187     79.64263522     49.52721224     60.49992593
  188     82.36286692     50.17304657     91.37687491
  189     77.62936262     72.13932450     51.30401924
  190     76.01799756     71.07083560     50.63937570
  191     79.04346829     71.10728768     52.25796846
  192     76.86080363     73.64324289     52.42175313
  193     76.02490549     58.02843116     80.78845526
  194     76.36816647     59.24918000     79.25511743
  195     74.15586708     87.52490763     81.74836882
  196     75.51997897     55.32135143     79.82840747
  197     73.61105926     55.18033455     78.87063010
  198     75.53906807     83.02719169     81.35546201
  199     77.36745013     54.26092940     77.76486643
  200     78.60612288     52.97687610     78.61363658
  201     78.50057655     55.88326073     76.83674552
  202     75.87772457     53.11368900     75.53769865
  203     75.09790862     54.49219395     74.37431135
  204     74.29211017     52.01300215     76.24736656
  205     77.52427720     51.57542432     73.75137211
  206     79.24237924     50.89223380     74.73761500
  207     77.99852771     52.73120615     72.12061128
  208     75.93827183     49.23868445     72.97881947
  209     73.76608792     49.22939839     72.62350838
  210     75.93666466     47.87807842     74.49753141
  211     77.35047479     76.76889938     70.59800927
  212     77.02848972     74.66982061     70.76807364
  213     79.42123145     77.13903038     70.85992118
  214     76.96054188     77.70576734     67.89252539
  215     78.58083371     77.04366279     66.84592521
  216     77.08086639     79.88863778     67.88683255
  217     78.17020380     57.77579150     82.65882602
  218     78.97522759     59.71713914     53.99689982
  219     78.09896646     56.80492995     55.70684121
  220     79.79159120     56.98857168     81.76277199
  221     74.40852506     77.00108022     66.81279121
  222     74.64924810     75.54674883     65.05980728
  223     73.37646826     75.85444128     68.37512933
  224     73.20557050     78.33500192     65.97589303
  225     58.29929011     75.08498939     72.97353296
  226     58.13900122     76.26332336     74.76338199
  227     56.80913542     75.82396563     71.65146254
  228     61.08374656     46.34924004     72.14185243
  229     62.14563348     46.16632343     74.02518177
  230     61.36951612     48.41311895     71.63279863
  231     62.22175015     73.58148201     70.20651690
  232     61.42942459     71.72189357     70.17876849
  233     64.37686990     73.43702539     70.62197132
  234     62.28213058     74.66398398     67.59327775
  235     63.17900897     73.13185046     66.47276983
  236     63.41740188     76.36649269     67.56858817
  237     59.81790041     75.50631797     66.47129744
  238     59.05573425     77.02360026     67.52538240
  239     58.39988331     44.96771776     66.63739607
  240     59.88275536     76.29948426     63.76918744
  241     57.95297443     48.11644576     63.38525119
  242     59.89906864     45.66688292     62.50089561
  243     62.18943557     77.82155318     62.74530569
  244     61.77597025     77.60569579     60.64305538
  245     63.97042404     76.73088848     63.29102222
  246     62.39388944     80.60034287     63.94110542
  247     60.60360719     80.86393824     65.34712317
  248     62.01135952     82.08775214     62.30039778
  249     57.54373941     43.45285908     73.71384084
  250     57.64867507     42.97065253     75.68070125
  251     55.45066464     43.29087473     72.96870236
  252     58.60892193     42.15034972     72.42919616
  253     64.80289375     81.21140518     65.33280377
  254     66.39580542     81.16345285     64.01884685
  255     64.82457910     83.04212658     66.39509568
  256     65.23320607     79.94249399     95.82302184
  257     75.30901230     64.37480828     81.75934265
  258     75.51562697     62.22087859     82.33973277
  259     75.99179015     65.05080217     79.74255711
  260     72.54952679     65.08602738     81.23053292
  261     72.21610555     67.22237270     81.46721251
  262     71.61881616     61.66680929     83.64528166
  263     71.79082245     64.38692213     78.39363510
  264     69.69617203     65.06755000     78.33790180
  265     71.51419488     62.16725504     78.05497585
  266     73.16522280     65.64013571     76.25884779
  267     75.23674396     64.67095613     76.07258179
  268     73.64491737     67.65598947     76.50083922
  269     71.25946489     64.86330046     73.70039928
  270     69.53160176     64.10438599     74.54116626
  271     72.35318901     63.10692221     72.97413347
  272     70.29954118     66.60890218     71.52202104
  273     71.43444074     68.18139235     70.81153798
  274     68.69182140     67.67829671     72.07622895
  275     69.25383443     65.56089621     69.06832434
  276     67.49203218     64.27737328     69.40664913
  277     70.92783758     64.31809459     68.14150688
  278     67.94520746     67.09395842     67.06623118
  279     65.75360194     66.77725796     67.01612295
  280     68.62516863     66.39608748     65.34401071
  281     77.22874241     65.89544982     83.23941197
  282     79.02951794     66.72061611     82.23189096
  283     76.22996879     67.64485925     84.04207818
  284     77.76425409     64.86322624     85.15485566
  285     68.13394940     69.88392668     67.15904031
  286     70.55902033     70.47474551     66.48897710
  287     67.20956585     70.75372986     65.40218334
  288     67.77523758     71.22050798     69.13340919
  289     56.88948953     54.83892431     76.99846913
  290     58.38217919     53.33835248     76.58143538
  291     54.93691781     53.94774599     76.86457975
  292     57.07729490     55.56209867     79.94907689
  293     55.17370249     54.86677642     80.90735380
  294     57.09729293     57.62048780     80.33867750
  295     59.37729463     54.68035820     81.53736558
  296     59.56901045     55.92424432     83.17973248
  297     60.97365362     55.45365413     51.44968139
  298     60.08793270     51.88159823     52.60015408
  299     60.64188306     51.31281115     79.56975063
  300     58.53043370     50.49339020     52.88287656
  301     62.07279663     51.44868859     54.64273155
  302     62.57886407     49.40315995     54.67332198
  303     61.22989211     51.90546509     85.45065337
  304     64.55989706     53.01690870     54.36382855
  305     65.39002647     53.14264584     56.24143769
  306     64.18318022     55.07191951     54.31605626
  307     66.73648421     52.20512029     52.50093288
  308     67.22446027     50.14072786     52.80790765
  309     68.32793979     53.27801612     53.26751928
  310     66.28146953     52.83594702     49.69637473
  311     64.54046471     51.96026175     48.96621503
  312     67.62318082     51.66168102     48.60518910
  313     57.35301643     57.11419225     75.39097959
  314     56.18157923     58.80591471     76.04660855
  315     59.28917732     57.77802086     75.64137576
  316     57.02621510     56.80391947     73.22487590
  317     66.41033474     55.70695110     49.06544035
  318     65.49279740     57.03640319     50.61280018
  319     68.38726733     56.27697145     48.72612213
  320     65.58671326     55.73630019     47.24269335
  321     64.25872554     62.59098558     49.62794617
  322     63.95516130     61.34079767     51.20199303
  323     66.44161277     62.62350058     49.19184916
  324     62.91250645     61.65681056     76.09939531
  325     60.98269484     60.61881519     76.52521964
  326     64.21329490     60.24638123     75.64573597
  327     62.83273978     63.69731560     74.03794516
  328     64.11344219     63.08149859     72.46177597
  329     64.00282692     65.41642958     74.66592161
  330     60.35144331     64.59146042     72.98297248
  331     60.85241175     66.58275241     72.25403025
  332     59.28660019     64.92737351     74.75038707
  333     59.14472173     63.03778447     70.86753276
  334     57.17208378     62.58462543     71.36090666
  335     60.21046226     61.38165690     70.70578070
  336     59.26344579     64.29422077     68.09630583
  337     58.29313313     62.88825586     66.67181914
  338     61.09400457     64.26332426     67.19178656
  339     58.29644394     66.90100236     67.94864744
  340     59.53849912     68.06827960     68.95599159
  341     56.45324875     67.36961831     69.02028827
  342     57.86401540     68.15986964     65.33843551
  343     58.43253770     66.93400863     63.68587566
  344     59.05198638     69.84932523     65.33989570
  345     63.66477841     65.33576279     50.60193713
  346     64.00371301     65.77906659     52.62150386
  347     64.74659253     66.84392289     49.38045553
  348     61.62679864     65.74940556     50.52574691
  349     55.06324468     68.60616047     64.91829245
  350     53.85302389     68.27206844     66.67638055
  351     54.76916172     70.56235809     64.03956353
  352     54.28395309     67.07704039     63.55163076
 
 Total charge:     0.00000000

 Atomic gross charges (e)
 Atom           Charge
    1      -0.10096497
    2       0.05348207
    3       0.06003412
    4      -0.11041770
    5       0.05526801
    6       0.06904588
    7      -0.14359076
    8       0.06475730
    9       0.06644253
   10      -0.09831545
   11       0.05552260
   12       0.05363228
   13      -0.11628281
   14       0.06048827
   15       0.05635517
   16      -0.11515185
   17       0.03534803
   18       0.06492067
   19      -0.08213416
   20       0.04463690
   21       0.03283767
   22      -0.08725923
   23       0.05365386
   24       0.05254760
   25      -0.17950569
   26       0.05439888
   27       0.05075839
   28       0.06142546
   29      -0.20774393
   30       0.05795597
   31       0.07154060
   32       0.06422094
   33      -0.08046618
   34       0.05855188
   35       0.04897745
   36      -0.10530166
   37       0.02453908
   38       0.05477570
   39      -0.09833637
   40       0.05607332
   41       0.03908763
   42      -0.08982633
   43       0.04622657
   44       0.04308343
   45      -0.10890716
   46       0.05797881
   47       0.06141100
   48      -0.11836917
   49       0.06788752
   50       0.05134719
   51      -0.11763081
   52       0.05104664
   53       0.07058216
   54      -0.10095931
   55       0.05384013
   56       0.05716696
   57      -0.21966549
   58       0.06687945
   59       0.06477353
   60       0.06825875
   61      -0.18306089
   62       0.05822622
   63       0.06788796
   64       0.05604058
   65      -0.10007934
   66       0.04324737
   67       0.05107704
   68      -0.10127622
   69       0.06128789
   70       0.07022858
   71      -0.10450115
   72       0.05720257
   73       0.04852305
   74      -0.10951296
   75       0.05769548
   76       0.05080237
   77      -0.10926443
   78       0.06703130
   79       0.03244588
   80      -0.10424259
   81       0.03638694
   82       0.06312037
   83      -0.07860837
   84       0.04739174
   85       0.02940677
   86      -0.09432314
   87       0.06838569
   88       0.04792181
   89      -0.18541846
   90       0.04957675
   91       0.06428356
   92       0.06661407
   93      -0.19217697
   94       0.06441345
   95       0.04498771
   96       0.05709057
   97      -0.17476028
   98       0.09857133
   99       0.10249473
  100      -0.20588218
  101       0.04935563
  102       0.05496269
  103      -0.19601301
  104       0.04847724
  105       0.06050567
  106      -0.09729118
  107       0.06776836
  108       0.03416142
  109      -0.09084601
  110       0.08148792
  111       0.06612844
  112      -0.13222801
  113       0.02931977
  114       0.05511756
  115      -0.09044453
  116       0.07886418
  117       0.03835756
  118      -0.11299678
  119       0.06110373
  120       0.05490769
  121      -0.20164828
  122       0.12570505
  123       0.06120464
  124       0.05213788
  125      -0.21755116
  126       0.05750036
  127       0.05909054
  128       0.08156514
  129      -0.10075530
  130       0.05436941
  131       0.06441124
  132      -0.09332906
  133       0.06174032
  134       0.05775826
  135      -0.10010691
  136       0.03666415
  137       0.03377421
  138      -0.10712989
  139       0.06756737
  140       0.05238769
  141      -0.13761137
  142       0.06732632
  143       0.07281479
  144      -0.11656328
  145       0.04902134
  146       0.05639140
  147      -0.09999766
  148       0.07226547
  149       0.02964692
  150      -0.08362962
  151       0.03490551
  152       0.05682996
  153      -0.20423243
  154       0.07109370
  155       0.06760602
  156       0.04247462
  157      -0.20902097
  158       0.08629932
  159       0.06165568
  160       0.05459546
  161      -0.11753677
  162       0.03651892
  163       0.06222372
  164      -0.09178677
  165       0.05903049
  166       0.04876792
  167      -0.10459858
  168       0.05063836
  169       0.05874938
  170      -0.10029022
  171       0.05236151
  172       0.04505637
  173      -0.11000118
  174       0.05650106
  175       0.04631960
  176      -0.08868485
  177       0.05419830
  178       0.05909405
  179      -0.11013190
  180       0.06397719
  181       0.02078561
  182      -0.10726558
  183       0.05116373
  184       0.05465706
  185      -0.21261901
  186       0.06725731
  187       0.06912995
  188       0.07832262
  189      -0.21715025
  190       0.06979194
  191       0.08399992
  192       0.07098511
  193      -0.08077920
  194       0.08228722
  195       0.04496746
  196      -0.13092536
  197       0.04294617
  198       0.07351409
  199      -0.11936545
  200       0.07354327
  201       0.04259967
  202      -0.13156752
  203       0.07465980
  204       0.05858358
  205      -0.09855650
  206       0.05789115
  207       0.06724419
  208      -0.12297756
  209       0.05522178
  210       0.05657880
  211      -0.12634156
  212       0.05479663
  213       0.04532524
  214      -0.07566337
  215       0.06540854
  216       0.04078603
  217      -0.19788016
  218       0.04623568
  219       0.06390712
  220       0.06811947
  221      -0.18200771
  222       0.02408212
  223       0.05423692
  224       0.08127544
  225      -0.08785154
  226       0.03737908
  227       0.05836143
  228      -0.08593510
  229       0.03517280
  230       0.04409917
  231      -0.08875334
  232       0.07118511
  233       0.03044703
  234      -0.10768054
  235       0.04632017
  236       0.06137313
  237      -0.10170205
  238       0.07217313
  239       0.04141343
  240      -0.10938562
  241       0.04896792
  242       0.04206052
  243      -0.10880485
  244       0.05944745
  245       0.05709173
  246      -0.06373216
  247       0.03148957
  248       0.03262660
  249      -0.20031627
  250       0.08121496
  251       0.04042499
  252       0.06389926
  253      -0.19419271
  254       0.06624036
  255       0.05824038
  256       0.06761067
  257      -0.12145526
  258       0.06100318
  259       0.04892060
  260       0.00711611
  261       0.04625084
  262       0.08201992
  263      -0.09361403
  264       0.03725061
  265       0.04158084
  266      -0.09285657
  267       0.03757688
  268       0.07209595
  269      -0.12063772
  270       0.06631737
  271       0.04904168
  272      -0.11239403
  273       0.06659766
  274       0.06208800
  275      -0.07810407
  276       0.03653891
  277       0.02354158
  278      -0.06708423
  279       0.03262237
  280       0.07749023
  281      -0.16400111
  282       0.06040020
  283       0.04083868
  284       0.04137917
  285      -0.13341376
  286      -0.02143000
  287       0.05679659
  288       0.05206930
  289      -0.08094583
  290       0.05137174
  291       0.05364977
  292      -0.11316622
  293       0.03001847
  294       0.05500608
  295      -0.11644750
  296       0.06838153
  297       0.04691960
  298      -0.08548906
  299       0.04822304
  300       0.04873760
  301      -0.09587411
  302       0.05081629
  303       0.05582439
  304      -0.12948759
  305       0.04551093
  306       0.05588743
  307      -0.09758753
  308       0.05019127
  309       0.05861923
  310      -0.09727888
  311       0.05585352
  312       0.04893438
  313      -0.17979731
  314       0.05501764
  315       0.06789176
  316       0.05194411
  317      -0.20141739
  318       0.06554036
  319       0.06249504
  320       0.07440792
  321      -0.09490319
  322       0.06418615
  323       0.03462301
  324      -0.11350588
  325       0.04837640
  326       0.06904434
  327      -0.09054353
  328       0.03603903
  329       0.04493012
  330      -0.09847122
  331       0.04106709
  332       0.06369560
  333      -0.11576331
  334       0.06536379
  335       0.07123463
  336      -0.09389509
  337       0.03195440
  338       0.05823625
  339      -0.10727174
  340       0.06110500
  341       0.04367226
  342      -0.10113600
  343       0.05128572
  344       0.06221749
  345      -0.19979279
  346       0.06347923
  347       0.05202418
  348       0.06198054
  349      -0.18302262
  350       0.06578366
  351       0.06055496
  352       0.04456793
 
Nr. of electrons (up):    682.00000000
Atom populations (up)
 Atom       Population
    1       4.10096497
    2       0.94651793
    3       0.93996588
    4       4.11041770
    5       0.94473199
    6       0.93095412
    7       4.14359076
    8       0.93524270
    9       0.93355747
   10       4.09831545
   11       0.94447740
   12       0.94636772
   13       4.11628281
   14       0.93951173
   15       0.94364483
   16       4.11515185
   17       0.96465197
   18       0.93507933
   19       4.08213416
   20       0.95536310
   21       0.96716233
   22       4.08725923
   23       0.94634614
   24       0.94745240
   25       4.17950569
   26       0.94560112
   27       0.94924161
   28       0.93857454
   29       4.20774393
   30       0.94204403
   31       0.92845940
   32       0.93577906
   33       4.08046618
   34       0.94144812
   35       0.95102255
   36       4.10530166
   37       0.97546092
   38       0.94522430
   39       4.09833637
   40       0.94392668
   41       0.96091237
   42       4.08982633
   43       0.95377343
   44       0.95691657
   45       4.10890716
   46       0.94202119
   47       0.93858900
   48       4.11836917
   49       0.93211248
   50       0.94865281
   51       4.11763081
   52       0.94895336
   53       0.92941784
   54       4.10095931
   55       0.94615987
   56       0.94283304
   57       4.21966549
   58       0.93312055
   59       0.93522647
   60       0.93174125
   61       4.18306089
   62       0.94177378
   63       0.93211204
   64       0.94395942
   65       4.10007934
   66       0.95675263
   67       0.94892296
   68       4.10127622
   69       0.93871211
   70       0.92977142
   71       4.10450115
   72       0.94279743
   73       0.95147695
   74       4.10951296
   75       0.94230452
   76       0.94919763
   77       4.10926443
   78       0.93296870
   79       0.96755412
   80       4.10424259
   81       0.96361306
   82       0.93687963
   83       4.07860837
   84       0.95260826
   85       0.97059323
   86       4.09432314
   87       0.93161431
   88       0.95207819
   89       4.18541846
   90       0.95042325
   91       0.93571644
   92       0.93338593
   93       4.19217697
   94       0.93558655
   95       0.95501229
   96       0.94290943
   97       4.17476028
   98       0.90142867
   99       0.89750527
  100       4.20588218
  101       0.95064437
  102       0.94503731
  103       4.19601301
  104       0.95152276
  105       0.93949433
  106       4.09729118
  107       0.93223164
  108       0.96583858
  109       4.09084601
  110       0.91851208
  111       0.93387156
  112       4.13222801
  113       0.97068023
  114       0.94488244
  115       4.09044453
  116       0.92113582
  117       0.96164244
  118       4.11299678
  119       0.93889627
  120       0.94509231
  121       4.20164828
  122       0.87429495
  123       0.93879536
  124       0.94786212
  125       4.21755116
  126       0.94249964
  127       0.94090946
  128       0.91843486
  129       4.10075530
  130       0.94563059
  131       0.93558876
  132       4.09332906
  133       0.93825968
  134       0.94224174
  135       4.10010691
  136       0.96333585
  137       0.96622579
  138       4.10712989
  139       0.93243263
  140       0.94761231
  141       4.13761137
  142       0.93267368
  143       0.92718521
  144       4.11656328
  145       0.95097866
  146       0.94360860
  147       4.09999766
  148       0.92773453
  149       0.97035308
  150       4.08362962
  151       0.96509449
  152       0.94317004
  153       4.20423243
  154       0.92890630
  155       0.93239398
  156       0.95752538
  157       4.20902097
  158       0.91370068
  159       0.93834432
  160       0.94540454
  161       4.11753677
  162       0.96348108
  163       0.93777628
  164       4.09178677
  165       0.94096951
  166       0.95123208
  167       4.10459858
  168       0.94936164
  169       0.94125062
  170       4.10029022
  171       0.94763849
  172       0.95494363
  173       4.11000118
  174       0.94349894
  175       0.95368040
  176       4.08868485
  177       0.94580170
  178       0.94090595
  179       4.11013190
  180       0.93602281
  181       0.97921439
  182       4.10726558
  183       0.94883627
  184       0.94534294
  185       4.21261901
  186       0.93274269
  187       0.93087005
  188       0.92167738
  189       4.21715025
  190       0.93020806
  191       0.91600008
  192       0.92901489
  193       4.08077920
  194       0.91771278
  195       0.95503254
  196       4.13092536
  197       0.95705383
  198       0.92648591
  199       4.11936545
  200       0.92645673
  201       0.95740033
  202       4.13156752
  203       0.92534020
  204       0.94141642
  205       4.09855650
  206       0.94210885
  207       0.93275581
  208       4.12297756
  209       0.94477822
  210       0.94342120
  211       4.12634156
  212       0.94520337
  213       0.95467476
  214       4.07566337
  215       0.93459146
  216       0.95921397
  217       4.19788016
  218       0.95376432
  219       0.93609288
  220       0.93188053
  221       4.18200771
  222       0.97591788
  223       0.94576308
  224       0.91872456
  225       4.08785154
  226       0.96262092
  227       0.94163857
  228       4.08593510
  229       0.96482720
  230       0.95590083
  231       4.08875334
  232       0.92881489
  233       0.96955297
  234       4.10768054
  235       0.95367983
  236       0.93862687
  237       4.10170205
  238       0.92782687
  239       0.95858657
  240       4.10938562
  241       0.95103208
  242       0.95793948
  243       4.10880485
  244       0.94055255
  245       0.94290827
  246       4.06373216
  247       0.96851043
  248       0.96737340
  249       4.20031627
  250       0.91878504
  251       0.95957501
  252       0.93610074
  253       4.19419271
  254       0.93375964
  255       0.94175962
  256       0.93238933
  257       4.12145526
  258       0.93899682
  259       0.95107940
  260       3.99288389
  261       0.95374916
  262       0.91798008
  263       4.09361403
  264       0.96274939
  265       0.95841916
  266       4.09285657
  267       0.96242312
  268       0.92790405
  269       4.12063772
  270       0.93368263
  271       0.95095832
  272       4.11239403
  273       0.93340234
  274       0.93791200
  275       4.07810407
  276       0.96346109
  277       0.97645842
  278       4.06708423
  279       0.96737763
  280       0.92250977
  281       4.16400111
  282       0.93959980
  283       0.95916132
  284       0.95862083
  285       4.13341376
  286       1.02143000
  287       0.94320341
  288       0.94793070
  289       4.08094583
  290       0.94862826
  291       0.94635023
  292       4.11316622
  293       0.96998153
  294       0.94499392
  295       4.11644750
  296       0.93161847
  297       0.95308040
  298       4.08548906
  299       0.95177696
  300       0.95126240
  301       4.09587411
  302       0.94918371
  303       0.94417561
  304       4.12948759
  305       0.95448907
  306       0.94411257
  307       4.09758753
  308       0.94980873
  309       0.94138077
  310       4.09727888
  311       0.94414648
  312       0.95106562
  313       4.17979731
  314       0.94498236
  315       0.93210824
  316       0.94805589
  317       4.20141739
  318       0.93445964
  319       0.93750496
  320       0.92559208
  321       4.09490319
  322       0.93581385
  323       0.96537699
  324       4.11350588
  325       0.95162360
  326       0.93095566
  327       4.09054353
  328       0.96396097
  329       0.95506988
  330       4.09847122
  331       0.95893291
  332       0.93630440
  333       4.11576331
  334       0.93463621
  335       0.92876537
  336       4.09389509
  337       0.96804560
  338       0.94176375
  339       4.10727174
  340       0.93889500
  341       0.95632774
  342       4.10113600
  343       0.94871428
  344       0.93778251
  345       4.19979279
  346       0.93652077
  347       0.94797582
  348       0.93801946
  349       4.18302262
  350       0.93421634
  351       0.93944504
  352       0.95543207
 
l-shell populations (up)
 Atom Sh.   l       Population
    1   1   0       1.21488452
    1   2   1       2.88608045
    2   1   0       0.94651793
    3   1   0       0.93996588
    4   1   0       1.26644321
    4   2   1       2.84397450
    5   1   0       0.94473199
    6   1   0       0.93095412
    7   1   0       1.25543087
    7   2   1       2.88815989
    8   1   0       0.93524270
    9   1   0       0.93355747
   10   1   0       1.23572131
   10   2   1       2.86259414
   11   1   0       0.94447740
   12   1   0       0.94636772
   13   1   0       1.25412153
   13   2   1       2.86216128
   14   1   0       0.93951173
   15   1   0       0.94364483
   16   1   0       1.26211992
   16   2   1       2.85303194
   17   1   0       0.96465197
   18   1   0       0.93507933
   19   1   0       1.24958390
   19   2   1       2.83255026
   20   1   0       0.95536310
   21   1   0       0.96716233
   22   1   0       1.23836408
   22   2   1       2.84889514
   23   1   0       0.94634614
   24   1   0       0.94745240
   25   1   0       1.27225438
   25   2   1       2.90725131
   26   1   0       0.94560112
   27   1   0       0.94924161
   28   1   0       0.93857454
   29   1   0       1.27049225
   29   2   1       2.93725168
   30   1   0       0.94204403
   31   1   0       0.92845940
   32   1   0       0.93577906
   33   1   0       1.21151499
   33   2   1       2.86895119
   34   1   0       0.94144812
   35   1   0       0.95102255
   36   1   0       1.24675896
   36   2   1       2.85854270
   37   1   0       0.97546092
   38   1   0       0.94522430
   39   1   0       1.23503301
   39   2   1       2.86330336
   40   1   0       0.94392668
   41   1   0       0.96091237
   42   1   0       1.23961795
   42   2   1       2.85020838
   43   1   0       0.95377343
   44   1   0       0.95691657
   45   1   0       1.26353618
   45   2   1       2.84537098
   46   1   0       0.94202119
   47   1   0       0.93858900
   48   1   0       1.26522416
   48   2   1       2.85314501
   49   1   0       0.93211248
   50   1   0       0.94865281
   51   1   0       1.25410372
   51   2   1       2.86352709
   52   1   0       0.94895336
   53   1   0       0.92941784
   54   1   0       1.22251709
   54   2   1       2.87844222
   55   1   0       0.94615987
   56   1   0       0.94283304
   57   1   0       1.24467345
   57   2   1       2.97499204
   58   1   0       0.93312055
   59   1   0       0.93522647
   60   1   0       0.93174125
   61   1   0       1.26753065
   61   2   1       2.91553024
   62   1   0       0.94177378
   63   1   0       0.93211204
   64   1   0       0.94395942
   65   1   0       1.23500562
   65   2   1       2.86507372
   66   1   0       0.95675263
   67   1   0       0.94892296
   68   1   0       1.24018929
   68   2   1       2.86108694
   69   1   0       0.93871211
   70   1   0       0.92977142
   71   1   0       1.22435005
   71   2   1       2.88015109
   72   1   0       0.94279743
   73   1   0       0.95147695
   74   1   0       1.23174783
   74   2   1       2.87776513
   75   1   0       0.94230452
   76   1   0       0.94919763
   77   1   0       1.25516092
   77   2   1       2.85410350
   78   1   0       0.93296870
   79   1   0       0.96755412
   80   1   0       1.24138943
   80   2   1       2.86285316
   81   1   0       0.96361306
   82   1   0       0.93687963
   83   1   0       1.22698267
   83   2   1       2.85162570
   84   1   0       0.95260826
   85   1   0       0.97059323
   86   1   0       1.21118977
   86   2   1       2.88313337
   87   1   0       0.93161431
   88   1   0       0.95207819
   89   1   0       1.25647816
   89   2   1       2.92894030
   90   1   0       0.95042325
   91   1   0       0.93571644
   92   1   0       0.93338593
   93   1   0       1.26321469
   93   2   1       2.92896228
   94   1   0       0.93558655
   95   1   0       0.95501229
   96   1   0       0.94290943
   97   1   0       1.29316915
   97   2   1       2.88159113
   98   1   0       0.90142867
   99   1   0       0.89750527
  100   1   0       1.28072142
  100   2   1       2.92516076
  101   1   0       0.95064437
  102   1   0       0.94503731
  103   1   0       1.28782945
  103   2   1       2.90818355
  104   1   0       0.95152276
  105   1   0       0.93949433
  106   1   0       1.23075375
  106   2   1       2.86653742
  107   1   0       0.93223164
  108   1   0       0.96583858
  109   1   0       1.22004130
  109   2   1       2.87080471
  110   1   0       0.91851208
  111   1   0       0.93387156
  112   1   0       1.24692757
  112   2   1       2.88530044
  113   1   0       0.97068023
  114   1   0       0.94488244
  115   1   0       1.23782028
  115   2   1       2.85262425
  116   1   0       0.92113582
  117   1   0       0.96164244
  118   1   0       1.23897483
  118   2   1       2.87402195
  119   1   0       0.93889627
  120   1   0       0.94509231
  121   1   0       1.30802833
  121   2   1       2.89361994
  122   1   0       0.87429495
  123   1   0       0.93879536
  124   1   0       0.94786212
  125   1   0       1.27207204
  125   2   1       2.94547912
  126   1   0       0.94249964
  127   1   0       0.94090946
  128   1   0       0.91843486
  129   1   0       1.25153247
  129   2   1       2.84922283
  130   1   0       0.94563059
  131   1   0       0.93558876
  132   1   0       1.24645355
  132   2   1       2.84687551
  133   1   0       0.93825968
  134   1   0       0.94224174
  135   1   0       1.25817182
  135   2   1       2.84193509
  136   1   0       0.96333585
  137   1   0       0.96622579
  138   1   0       1.24963552
  138   2   1       2.85749437
  139   1   0       0.93243263
  140   1   0       0.94761231
  141   1   0       1.24978918
  141   2   1       2.88782219
  142   1   0       0.93267368
  143   1   0       0.92718521
  144   1   0       1.25555696
  144   2   1       2.86100632
  145   1   0       0.95097866
  146   1   0       0.94360860
  147   1   0       1.24473680
  147   2   1       2.85526086
  148   1   0       0.92773453
  149   1   0       0.97035308
  150   1   0       1.23617837
  150   2   1       2.84745125
  151   1   0       0.96509449
  152   1   0       0.94317004
  153   1   0       1.27605706
  153   2   1       2.92817537
  154   1   0       0.92890630
  155   1   0       0.93239398
  156   1   0       0.95752538
  157   1   0       1.25456645
  157   2   1       2.95445452
  158   1   0       0.91370068
  159   1   0       0.93834432
  160   1   0       0.94540454
  161   1   0       1.24502205
  161   2   1       2.87251472
  162   1   0       0.96348108
  163   1   0       0.93777628
  164   1   0       1.23721101
  164   2   1       2.85457576
  165   1   0       0.94096951
  166   1   0       0.95123208
  167   1   0       1.25129941
  167   2   1       2.85329916
  168   1   0       0.94936164
  169   1   0       0.94125062
  170   1   0       1.27281143
  170   2   1       2.82747879
  171   1   0       0.94763849
  172   1   0       0.95494363
  173   1   0       1.22474077
  173   2   1       2.88526040
  174   1   0       0.94349894
  175   1   0       0.95368040
  176   1   0       1.21171589
  176   2   1       2.87696896
  177   1   0       0.94580170
  178   1   0       0.94090595
  179   1   0       1.23301486
  179   2   1       2.87711704
  180   1   0       0.93602281
  181   1   0       0.97921439
  182   1   0       1.22512248
  182   2   1       2.88214310
  183   1   0       0.94883627
  184   1   0       0.94534294
  185   1   0       1.25321600
  185   2   1       2.95940301
  186   1   0       0.93274269
  187   1   0       0.93087005
  188   1   0       0.92167738
  189   1   0       1.25120089
  189   2   1       2.96594936
  190   1   0       0.93020806
  191   1   0       0.91600008
  192   1   0       0.92901489
  193   1   0       1.22662950
  193   2   1       2.85414970
  194   1   0       0.91771278
  195   1   0       0.95503254
  196   1   0       1.24381549
  196   2   1       2.88710987
  197   1   0       0.95705383
  198   1   0       0.92648591
  199   1   0       1.24379337
  199   2   1       2.87557208
  200   1   0       0.92645673
  201   1   0       0.95740033
  202   1   0       1.22831845
  202   2   1       2.90324908
  203   1   0       0.92534020
  204   1   0       0.94141642
  205   1   0       1.23424743
  205   2   1       2.86430906
  206   1   0       0.94210885
  207   1   0       0.93275581
  208   1   0       1.26575457
  208   2   1       2.85722300
  209   1   0       0.94477822
  210   1   0       0.94342120
  211   1   0       1.26447859
  211   2   1       2.86186297
  212   1   0       0.94520337
  213   1   0       0.95467476
  214   1   0       1.22571493
  214   2   1       2.84994844
  215   1   0       0.93459146
  216   1   0       0.95921397
  217   1   0       1.26684957
  217   2   1       2.93103058
  218   1   0       0.95376432
  219   1   0       0.93609288
  220   1   0       0.93188053
  221   1   0       1.27179007
  221   2   1       2.91021764
  222   1   0       0.97591788
  223   1   0       0.94576308
  224   1   0       0.91872456
  225   1   0       1.23742581
  225   2   1       2.85042573
  226   1   0       0.96262092
  227   1   0       0.94163857
  228   1   0       1.23401196
  228   2   1       2.85192314
  229   1   0       0.96482720
  230   1   0       0.95590083
  231   1   0       1.22091732
  231   2   1       2.86783602
  232   1   0       0.92881489
  233   1   0       0.96955297
  234   1   0       1.21897645
  234   2   1       2.88870410
  235   1   0       0.95367983
  236   1   0       0.93862687
  237   1   0       1.21420278
  237   2   1       2.88749927
  238   1   0       0.92782687
  239   1   0       0.95858657
  240   1   0       1.23436914
  240   2   1       2.87501648
  241   1   0       0.95103208
  242   1   0       0.95793948
  243   1   0       1.26456153
  243   2   1       2.84424332
  244   1   0       0.94055255
  245   1   0       0.94290827
  246   1   0       1.25950440
  246   2   1       2.80422776
  247   1   0       0.96851043
  248   1   0       0.96737340
  249   1   0       1.27115325
  249   2   1       2.92916302
  250   1   0       0.91878504
  251   1   0       0.95957501
  252   1   0       0.93610074
  253   1   0       1.25457885
  253   2   1       2.93961386
  254   1   0       0.93375964
  255   1   0       0.94175962
  256   1   0       0.93238933
  257   1   0       1.24792756
  257   2   1       2.87352770
  258   1   0       0.93899682
  259   1   0       0.95107940
  260   1   0       1.22360535
  260   2   1       2.76927854
  261   1   0       0.95374916
  262   1   0       0.91798008
  263   1   0       1.26067270
  263   2   1       2.83294133
  264   1   0       0.96274939
  265   1   0       0.95841916
  266   1   0       1.27744063
  266   2   1       2.81541594
  267   1   0       0.96242312
  268   1   0       0.92790405
  269   1   0       1.28258292
  269   2   1       2.83805480
  270   1   0       0.93368263
  271   1   0       0.95095832
  272   1   0       1.22185808
  272   2   1       2.89053595
  273   1   0       0.93340234
  274   1   0       0.93791200
  275   1   0       1.24055234
  275   2   1       2.83755173
  276   1   0       0.96346109
  277   1   0       0.97645842
  278   1   0       1.21296361
  278   2   1       2.85412062
  279   1   0       0.96737763
  280   1   0       0.92250977
  281   1   0       1.28351089
  281   2   1       2.88049023
  282   1   0       0.93959980
  283   1   0       0.95916132
  284   1   0       0.95862083
  285   1   0       1.30955874
  285   2   1       2.82385502
  286   1   0       1.02143000
  287   1   0       0.94320341
  288   1   0       0.94793070
  289   1   0       1.24424331
  289   2   1       2.83670252
  290   1   0       0.94862826
  291   1   0       0.94635023
  292   1   0       1.26651315
  292   2   1       2.84665307
  293   1   0       0.96998153
  294   1   0       0.94499392
  295   1   0       1.23587962
  295   2   1       2.88056789
  296   1   0       0.93161847
  297   1   0       0.95308040
  298   1   0       1.23192468
  298   2   1       2.85356437
  299   1   0       0.95177696
  300   1   0       0.95126240
  301   1   0       1.23654902
  301   2   1       2.85932509
  302   1   0       0.94918371
  303   1   0       0.94417561
  304   1   0       1.24540596
  304   2   1       2.88408164
  305   1   0       0.95448907
  306   1   0       0.94411257
  307   1   0       1.24389136
  307   2   1       2.85369617
  308   1   0       0.94980873
  309   1   0       0.94138077
  310   1   0       1.23445913
  310   2   1       2.86281975
  311   1   0       0.94414648
  312   1   0       0.95106562
  313   1   0       1.26794950
  313   2   1       2.91184781
  314   1   0       0.94498236
  315   1   0       0.93210824
  316   1   0       0.94805589
  317   1   0       1.27389859
  317   2   1       2.92751880
  318   1   0       0.93445964
  319   1   0       0.93750496
  320   1   0       0.92559208
  321   1   0       1.25371189
  321   2   1       2.84119130
  322   1   0       0.93581385
  323   1   0       0.96537699
  324   1   0       1.24498093
  324   2   1       2.86852496
  325   1   0       0.95162360
  326   1   0       0.93095566
  327   1   0       1.23325855
  327   2   1       2.85728498
  328   1   0       0.96396097
  329   1   0       0.95506988
  330   1   0       1.23067556
  330   2   1       2.86779566
  331   1   0       0.95893291
  332   1   0       0.93630440
  333   1   0       1.23800884
  333   2   1       2.87775447
  334   1   0       0.93463621
  335   1   0       0.92876537
  336   1   0       1.23881446
  336   2   1       2.85508063
  337   1   0       0.96804560
  338   1   0       0.94176375
  339   1   0       1.22285060
  339   2   1       2.88442114
  340   1   0       0.93889500
  341   1   0       0.95632774
  342   1   0       1.23416257
  342   2   1       2.86697344
  343   1   0       0.94871428
  344   1   0       0.93778251
  345   1   0       1.28119502
  345   2   1       2.91859777
  346   1   0       0.93652077
  347   1   0       0.94797582
  348   1   0       0.93801946
  349   1   0       1.28228598
  349   2   1       2.90073664
  350   1   0       0.93421634
  351   1   0       0.93944504
  352   1   0       0.95543207
 
Orbital populations (up)
 Atom Sh.   l   m       Population  Label
    1   1   0   0       1.21488452  s
    1   2   1  -1       0.94354579  p_y
    1   2   1   0       0.99194710  p_z
    1   2   1   1       0.95058756  p_x
    2   1   0   0       0.94651793  s
    3   1   0   0       0.93996588  s
    4   1   0   0       1.26644321  s
    4   2   1  -1       0.96348073  p_y
    4   2   1   0       0.94475914  p_z
    4   2   1   1       0.93573463  p_x
    5   1   0   0       0.94473199  s
    6   1   0   0       0.93095412  s
    7   1   0   0       1.25543087  s
    7   2   1  -1       0.95881310  p_y
    7   2   1   0       0.96327855  p_z
    7   2   1   1       0.96606823  p_x
    8   1   0   0       0.93524270  s
    9   1   0   0       0.93355747  s
   10   1   0   0       1.23572131  s
   10   2   1  -1       0.96380158  p_y
   10   2   1   0       0.97900434  p_z
   10   2   1   1       0.91978821  p_x
   11   1   0   0       0.94447740  s
   12   1   0   0       0.94636772  s
   13   1   0   0       1.25412153  s
   13   2   1  -1       0.96334873  p_y
   13   2   1   0       0.96021634  p_z
   13   2   1   1       0.93859621  p_x
   14   1   0   0       0.93951173  s
   15   1   0   0       0.94364483  s
   16   1   0   0       1.26211992  s
   16   2   1  -1       0.96475454  p_y
   16   2   1   0       0.92317881  p_z
   16   2   1   1       0.96509859  p_x
   17   1   0   0       0.96465197  s
   18   1   0   0       0.93507933  s
   19   1   0   0       1.24958390  s
   19   2   1  -1       0.96187966  p_y
   19   2   1   0       0.92825345  p_z
   19   2   1   1       0.94241715  p_x
   20   1   0   0       0.95536310  s
   21   1   0   0       0.96716233  s
   22   1   0   0       1.23836408  s
   22   2   1  -1       0.98647292  p_y
   22   2   1   0       0.96638106  p_z
   22   2   1   1       0.89604116  p_x
   23   1   0   0       0.94634614  s
   24   1   0   0       0.94745240  s
   25   1   0   0       1.27225438  s
   25   2   1  -1       0.97251735  p_y
   25   2   1   0       0.94931454  p_z
   25   2   1   1       0.98541942  p_x
   26   1   0   0       0.94560112  s
   27   1   0   0       0.94924161  s
   28   1   0   0       0.93857454  s
   29   1   0   0       1.27049225  s
   29   2   1  -1       0.98521431  p_y
   29   2   1   0       1.00752120  p_z
   29   2   1   1       0.94451617  p_x
   30   1   0   0       0.94204403  s
   31   1   0   0       0.92845940  s
   32   1   0   0       0.93577906  s
   33   1   0   0       1.21151499  s
   33   2   1  -1       0.96777004  p_y
   33   2   1   0       0.94344941  p_z
   33   2   1   1       0.95773174  p_x
   34   1   0   0       0.94144812  s
   35   1   0   0       0.95102255  s
   36   1   0   0       1.24675896  s
   36   2   1  -1       0.94456497  p_y
   36   2   1   0       0.95845030  p_z
   36   2   1   1       0.95552743  p_x
   37   1   0   0       0.97546092  s
   38   1   0   0       0.94522430  s
   39   1   0   0       1.23503301  s
   39   2   1  -1       0.98350101  p_y
   39   2   1   0       0.91314116  p_z
   39   2   1   1       0.96666119  p_x
   40   1   0   0       0.94392668  s
   41   1   0   0       0.96091237  s
   42   1   0   0       1.23961795  s
   42   2   1  -1       0.95386206  p_y
   42   2   1   0       0.95137943  p_z
   42   2   1   1       0.94496689  p_x
   43   1   0   0       0.95377343  s
   44   1   0   0       0.95691657  s
   45   1   0   0       1.26353618  s
   45   2   1  -1       0.96356162  p_y
   45   2   1   0       0.93649502  p_z
   45   2   1   1       0.94531434  p_x
   46   1   0   0       0.94202119  s
   47   1   0   0       0.93858900  s
   48   1   0   0       1.26522416  s
   48   2   1  -1       0.97096528  p_y
   48   2   1   0       0.92959030  p_z
   48   2   1   1       0.95258944  p_x
   49   1   0   0       0.93211248  s
   50   1   0   0       0.94865281  s
   51   1   0   0       1.25410372  s
   51   2   1  -1       0.97311691  p_y
   51   2   1   0       0.93112959  p_z
   51   2   1   1       0.95928059  p_x
   52   1   0   0       0.94895336  s
   53   1   0   0       0.92941784  s
   54   1   0   0       1.22251709  s
   54   2   1  -1       0.94056426  p_y
   54   2   1   0       0.97167170  p_z
   54   2   1   1       0.96620627  p_x
   55   1   0   0       0.94615987  s
   56   1   0   0       0.94283304  s
   57   1   0   0       1.24467345  s
   57   2   1  -1       1.00376836  p_y
   57   2   1   0       0.96788632  p_z
   57   2   1   1       1.00333737  p_x
   58   1   0   0       0.93312055  s
   59   1   0   0       0.93522647  s
   60   1   0   0       0.93174125  s
   61   1   0   0       1.26753065  s
   61   2   1  -1       0.97017846  p_y
   61   2   1   0       0.97598489  p_z
   61   2   1   1       0.96936689  p_x
   62   1   0   0       0.94177378  s
   63   1   0   0       0.93211204  s
   64   1   0   0       0.94395942  s
   65   1   0   0       1.23500562  s
   65   2   1  -1       0.94807864  p_y
   65   2   1   0       0.96717849  p_z
   65   2   1   1       0.94981660  p_x
   66   1   0   0       0.95675263  s
   67   1   0   0       0.94892296  s
   68   1   0   0       1.24018929  s
   68   2   1  -1       0.93589726  p_y
   68   2   1   0       0.96056994  p_z
   68   2   1   1       0.96461973  p_x
   69   1   0   0       0.93871211  s
   70   1   0   0       0.92977142  s
   71   1   0   0       1.22435005  s
   71   2   1  -1       0.95429783  p_y
   71   2   1   0       0.95925977  p_z
   71   2   1   1       0.96659349  p_x
   72   1   0   0       0.94279743  s
   73   1   0   0       0.95147695  s
   74   1   0   0       1.23174783  s
   74   2   1  -1       0.91812436  p_y
   74   2   1   0       0.95952574  p_z
   74   2   1   1       1.00011504  p_x
   75   1   0   0       0.94230452  s
   76   1   0   0       0.94919763  s
   77   1   0   0       1.25516092  s
   77   2   1  -1       0.92850635  p_y
   77   2   1   0       0.92761151  p_z
   77   2   1   1       0.99798565  p_x
   78   1   0   0       0.93296870  s
   79   1   0   0       0.96755412  s
   80   1   0   0       1.24138943  s
   80   2   1  -1       0.98196083  p_y
   80   2   1   0       0.92217927  p_z
   80   2   1   1       0.95871306  p_x
   81   1   0   0       0.96361306  s
   82   1   0   0       0.93687963  s
   83   1   0   0       1.22698267  s
   83   2   1  -1       0.93606196  p_y
   83   2   1   0       0.94330379  p_z
   83   2   1   1       0.97225996  p_x
   84   1   0   0       0.95260826  s
   85   1   0   0       0.97059323  s
   86   1   0   0       1.21118977  s
   86   2   1  -1       0.94302195  p_y
   86   2   1   0       0.98717534  p_z
   86   2   1   1       0.95293609  p_x
   87   1   0   0       0.93161431  s
   88   1   0   0       0.95207819  s
   89   1   0   0       1.25647816  s
   89   2   1  -1       0.96617621  p_y
   89   2   1   0       0.98716514  p_z
   89   2   1   1       0.97559895  p_x
   90   1   0   0       0.95042325  s
   91   1   0   0       0.93571644  s
   92   1   0   0       0.93338593  s
   93   1   0   0       1.26321469  s
   93   2   1  -1       0.98112013  p_y
   93   2   1   0       0.97844394  p_z
   93   2   1   1       0.96939820  p_x
   94   1   0   0       0.93558655  s
   95   1   0   0       0.95501229  s
   96   1   0   0       0.94290943  s
   97   1   0   0       1.29316915  s
   97   2   1  -1       0.98029037  p_y
   97   2   1   0       0.95950389  p_z
   97   2   1   1       0.94179687  p_x
   98   1   0   0       0.90142867  s
   99   1   0   0       0.89750527  s
  100   1   0   0       1.28072142  s
  100   2   1  -1       0.97127468  p_y
  100   2   1   0       0.98128772  p_z
  100   2   1   1       0.97259836  p_x
  101   1   0   0       0.95064437  s
  102   1   0   0       0.94503731  s
  103   1   0   0       1.28782945  s
  103   2   1  -1       0.97423171  p_y
  103   2   1   0       0.96381577  p_z
  103   2   1   1       0.97013608  p_x
  104   1   0   0       0.95152276  s
  105   1   0   0       0.93949433  s
  106   1   0   0       1.23075375  s
  106   2   1  -1       0.93230705  p_y
  106   2   1   0       0.98832470  p_z
  106   2   1   1       0.94590568  p_x
  107   1   0   0       0.93223164  s
  108   1   0   0       0.96583858  s
  109   1   0   0       1.22004130  s
  109   2   1  -1       0.95649837  p_y
  109   2   1   0       0.98886804  p_z
  109   2   1   1       0.92543830  p_x
  110   1   0   0       0.91851208  s
  111   1   0   0       0.93387156  s
  112   1   0   0       1.24692757  s
  112   2   1  -1       0.97084109  p_y
  112   2   1   0       0.98679906  p_z
  112   2   1   1       0.92766029  p_x
  113   1   0   0       0.97068023  s
  114   1   0   0       0.94488244  s
  115   1   0   0       1.23782028  s
  115   2   1  -1       0.95760509  p_y
  115   2   1   0       0.95013937  p_z
  115   2   1   1       0.94487978  p_x
  116   1   0   0       0.92113582  s
  117   1   0   0       0.96164244  s
  118   1   0   0       1.23897483  s
  118   2   1  -1       0.95975794  p_y
  118   2   1   0       0.97988445  p_z
  118   2   1   1       0.93437955  p_x
  119   1   0   0       0.93889627  s
  120   1   0   0       0.94509231  s
  121   1   0   0       1.30802833  s
  121   2   1  -1       0.98040140  p_y
  121   2   1   0       0.92243195  p_z
  121   2   1   1       0.99078659  p_x
  122   1   0   0       0.87429495  s
  123   1   0   0       0.93879536  s
  124   1   0   0       0.94786212  s
  125   1   0   0       1.27207204  s
  125   2   1  -1       0.98586918  p_y
  125   2   1   0       0.98342362  p_z
  125   2   1   1       0.97618632  p_x
  126   1   0   0       0.94249964  s
  127   1   0   0       0.94090946  s
  128   1   0   0       0.91843486  s
  129   1   0   0       1.25153247  s
  129   2   1  -1       0.95470947  p_y
  129   2   1   0       0.95117468  p_z
  129   2   1   1       0.94333868  p_x
  130   1   0   0       0.94563059  s
  131   1   0   0       0.93558876  s
  132   1   0   0       1.24645355  s
  132   2   1  -1       0.96662206  p_y
  132   2   1   0       0.95114770  p_z
  132   2   1   1       0.92910575  p_x
  133   1   0   0       0.93825968  s
  134   1   0   0       0.94224174  s
  135   1   0   0       1.25817182  s
  135   2   1  -1       0.97316981  p_y
  135   2   1   0       0.96582408  p_z
  135   2   1   1       0.90294120  p_x
  136   1   0   0       0.96333585  s
  137   1   0   0       0.96622579  s
  138   1   0   0       1.24963552  s
  138   2   1  -1       0.96035206  p_y
  138   2   1   0       0.93876012  p_z
  138   2   1   1       0.95838220  p_x
  139   1   0   0       0.93243263  s
  140   1   0   0       0.94761231  s
  141   1   0   0       1.24978918  s
  141   2   1  -1       0.94820952  p_y
  141   2   1   0       0.92634147  p_z
  141   2   1   1       1.01327120  p_x
  142   1   0   0       0.93267368  s
  143   1   0   0       0.92718521  s
  144   1   0   0       1.25555696  s
  144   2   1  -1       0.95781964  p_y
  144   2   1   0       0.95195175  p_z
  144   2   1   1       0.95123493  p_x
  145   1   0   0       0.95097866  s
  146   1   0   0       0.94360860  s
  147   1   0   0       1.24473680  s
  147   2   1  -1       0.94380919  p_y
  147   2   1   0       0.96761607  p_z
  147   2   1   1       0.94383560  p_x
  148   1   0   0       0.92773453  s
  149   1   0   0       0.97035308  s
  150   1   0   0       1.23617837  s
  150   2   1  -1       0.95184525  p_y
  150   2   1   0       0.96859994  p_z
  150   2   1   1       0.92700605  p_x
  151   1   0   0       0.96509449  s
  152   1   0   0       0.94317004  s
  153   1   0   0       1.27605706  s
  153   2   1  -1       0.97557378  p_y
  153   2   1   0       0.98592433  p_z
  153   2   1   1       0.96667726  p_x
  154   1   0   0       0.92890630  s
  155   1   0   0       0.93239398  s
  156   1   0   0       0.95752538  s
  157   1   0   0       1.25456645  s
  157   2   1  -1       0.95360750  p_y
  157   2   1   0       1.00541643  p_z
  157   2   1   1       0.99543060  p_x
  158   1   0   0       0.91370068  s
  159   1   0   0       0.93834432  s
  160   1   0   0       0.94540454  s
  161   1   0   0       1.24502205  s
  161   2   1  -1       0.97456745  p_y
  161   2   1   0       0.92175592  p_z
  161   2   1   1       0.97619135  p_x
  162   1   0   0       0.96348108  s
  163   1   0   0       0.93777628  s
  164   1   0   0       1.23721101  s
  164   2   1  -1       0.95724785  p_y
  164   2   1   0       0.95208300  p_z
  164   2   1   1       0.94524491  p_x
  165   1   0   0       0.94096951  s
  166   1   0   0       0.95123208  s
  167   1   0   0       1.25129941  s
  167   2   1  -1       0.94543335  p_y
  167   2   1   0       0.95730151  p_z
  167   2   1   1       0.95056431  p_x
  168   1   0   0       0.94936164  s
  169   1   0   0       0.94125062  s
  170   1   0   0       1.27281143  s
  170   2   1  -1       0.94023658  p_y
  170   2   1   0       0.94665468  p_z
  170   2   1   1       0.94058753  p_x
  171   1   0   0       0.94763849  s
  172   1   0   0       0.95494363  s
  173   1   0   0       1.22474077  s
  173   2   1  -1       0.96275187  p_y
  173   2   1   0       0.92906748  p_z
  173   2   1   1       0.99344105  p_x
  174   1   0   0       0.94349894  s
  175   1   0   0       0.95368040  s
  176   1   0   0       1.21171589  s
  176   2   1  -1       0.98355202  p_y
  176   2   1   0       0.92959603  p_z
  176   2   1   1       0.96382090  p_x
  177   1   0   0       0.94580170  s
  178   1   0   0       0.94090595  s
  179   1   0   0       1.23301486  s
  179   2   1  -1       0.93328679  p_y
  179   2   1   0       0.96655057  p_z
  179   2   1   1       0.97727968  p_x
  180   1   0   0       0.93602281  s
  181   1   0   0       0.97921439  s
  182   1   0   0       1.22512248  s
  182   2   1  -1       0.98117843  p_y
  182   2   1   0       0.95505281  p_z
  182   2   1   1       0.94591186  p_x
  183   1   0   0       0.94883627  s
  184   1   0   0       0.94534294  s
  185   1   0   0       1.25321600  s
  185   2   1  -1       0.99164525  p_y
  185   2   1   0       0.99495425  p_z
  185   2   1   1       0.97280351  p_x
  186   1   0   0       0.93274269  s
  187   1   0   0       0.93087005  s
  188   1   0   0       0.92167738  s
  189   1   0   0       1.25120089  s
  189   2   1  -1       0.98790631  p_y
  189   2   1   0       0.99409312  p_z
  189   2   1   1       0.98394992  p_x
  190   1   0   0       0.93020806  s
  191   1   0   0       0.91600008  s
  192   1   0   0       0.92901489  s
  193   1   0   0       1.22662950  s
  193   2   1  -1       0.95843611  p_y
  193   2   1   0       0.95413562  p_z
  193   2   1   1       0.94157797  p_x
  194   1   0   0       0.91771278  s
  195   1   0   0       0.95503254  s
  196   1   0   0       1.24381549  s
  196   2   1  -1       0.95547455  p_y
  196   2   1   0       0.96031539  p_z
  196   2   1   1       0.97131992  p_x
  197   1   0   0       0.95705383  s
  198   1   0   0       0.92648591  s
  199   1   0   0       1.24379337  s
  199   2   1  -1       0.97476034  p_y
  199   2   1   0       0.93058364  p_z
  199   2   1   1       0.97022809  p_x
  200   1   0   0       0.92645673  s
  201   1   0   0       0.95740033  s
  202   1   0   0       1.22831845  s
  202   2   1  -1       0.98926281  p_y
  202   2   1   0       0.94308140  p_z
  202   2   1   1       0.97090488  p_x
  203   1   0   0       0.92534020  s
  204   1   0   0       0.94141642  s
  205   1   0   0       1.23424743  s
  205   2   1  -1       0.94318522  p_y
  205   2   1   0       0.96635481  p_z
  205   2   1   1       0.95476904  p_x
  206   1   0   0       0.94210885  s
  207   1   0   0       0.93275581  s
  208   1   0   0       1.26575457  s
  208   2   1  -1       0.95968758  p_y
  208   2   1   0       0.96158168  p_z
  208   2   1   1       0.93595374  p_x
  209   1   0   0       0.94477822  s
  210   1   0   0       0.94342120  s
  211   1   0   0       1.26447859  s
  211   2   1  -1       0.95823793  p_y
  211   2   1   0       0.92260227  p_z
  211   2   1   1       0.98102277  p_x
  212   1   0   0       0.94520337  s
  213   1   0   0       0.95467476  s
  214   1   0   0       1.22571493  s
  214   2   1  -1       0.96600612  p_y
  214   2   1   0       0.94901841  p_z
  214   2   1   1       0.93492391  p_x
  215   1   0   0       0.93459146  s
  216   1   0   0       0.95921397  s
  217   1   0   0       1.26684957  s
  217   2   1  -1       0.99849050  p_y
  217   2   1   0       0.95280806  p_z
  217   2   1   1       0.97973203  p_x
  218   1   0   0       0.95376432  s
  219   1   0   0       0.93609288  s
  220   1   0   0       0.93188053  s
  221   1   0   0       1.27179007  s
  221   2   1  -1       0.99074738  p_y
  221   2   1   0       0.95454076  p_z
  221   2   1   1       0.96492950  p_x
  222   1   0   0       0.97591788  s
  223   1   0   0       0.94576308  s
  224   1   0   0       0.91872456  s
  225   1   0   0       1.23742581  s
  225   2   1  -1       0.95302646  p_y
  225   2   1   0       0.96748075  p_z
  225   2   1   1       0.92991851  p_x
  226   1   0   0       0.96262092  s
  227   1   0   0       0.94163857  s
  228   1   0   0       1.23401196  s
  228   2   1  -1       0.96062016  p_y
  228   2   1   0       0.94848954  p_z
  228   2   1   1       0.94281344  p_x
  229   1   0   0       0.96482720  s
  230   1   0   0       0.95590083  s
  231   1   0   0       1.22091732  s
  231   2   1  -1       0.96895274  p_y
  231   2   1   0       0.94466554  p_z
  231   2   1   1       0.95421774  p_x
  232   1   0   0       0.92881489  s
  233   1   0   0       0.96955297  s
  234   1   0   0       1.21897645  s
  234   2   1  -1       0.95165561  p_y
  234   2   1   0       0.95666395  p_z
  234   2   1   1       0.98038453  p_x
  235   1   0   0       0.95367983  s
  236   1   0   0       0.93862687  s
  237   1   0   0       1.21420278  s
  237   2   1  -1       0.97380339  p_y
  237   2   1   0       0.95341815  p_z
  237   2   1   1       0.96027773  p_x
  238   1   0   0       0.92782687  s
  239   1   0   0       0.95858657  s
  240   1   0   0       1.23436914  s
  240   2   1  -1       0.98696343  p_y
  240   2   1   0       0.94591728  p_z
  240   2   1   1       0.94213577  p_x
  241   1   0   0       0.95103208  s
  242   1   0   0       0.95793948  s
  243   1   0   0       1.26456153  s
  243   2   1  -1       0.92710946  p_y
  243   2   1   0       0.96258564  p_z
  243   2   1   1       0.95454822  p_x
  244   1   0   0       0.94055255  s
  245   1   0   0       0.94290827  s
  246   1   0   0       1.25950440  s
  246   2   1  -1       0.92964165  p_y
  246   2   1   0       0.93859245  p_z
  246   2   1   1       0.93599366  p_x
  247   1   0   0       0.96851043  s
  248   1   0   0       0.96737340  s
  249   1   0   0       1.27115325  s
  249   2   1  -1       0.98007085  p_y
  249   2   1   0       0.96677257  p_z
  249   2   1   1       0.98231959  p_x
  250   1   0   0       0.91878504  s
  251   1   0   0       0.95957501  s
  252   1   0   0       0.93610074  s
  253   1   0   0       1.25457885  s
  253   2   1  -1       1.00200328  p_y
  253   2   1   0       0.96701162  p_z
  253   2   1   1       0.97059896  p_x
  254   1   0   0       0.93375964  s
  255   1   0   0       0.94175962  s
  256   1   0   0       0.93238933  s
  257   1   0   0       1.24792756  s
  257   2   1  -1       0.95203957  p_y
  257   2   1   0       0.99114536  p_z
  257   2   1   1       0.93034278  p_x
  258   1   0   0       0.93899682  s
  259   1   0   0       0.95107940  s
  260   1   0   0       1.22360535  s
  260   2   1  -1       0.94177073  p_y
  260   2   1   0       0.89513289  p_z
  260   2   1   1       0.93237492  p_x
  261   1   0   0       0.95374916  s
  262   1   0   0       0.91798008  s
  263   1   0   0       1.26067270  s
  263   2   1  -1       0.94750068  p_y
  263   2   1   0       0.91380432  p_z
  263   2   1   1       0.97163633  p_x
  264   1   0   0       0.96274939  s
  265   1   0   0       0.95841916  s
  266   1   0   0       1.27744063  s
  266   2   1  -1       0.95977865  p_y
  266   2   1   0       0.93061422  p_z
  266   2   1   1       0.92502307  p_x
  267   1   0   0       0.96242312  s
  268   1   0   0       0.92790405  s
  269   1   0   0       1.28258292  s
  269   2   1  -1       0.96898301  p_y
  269   2   1   0       0.91928206  p_z
  269   2   1   1       0.94978974  p_x
  270   1   0   0       0.93368263  s
  271   1   0   0       0.95095832  s
  272   1   0   0       1.22185808  s
  272   2   1  -1       0.97671224  p_y
  272   2   1   0       0.92066932  p_z
  272   2   1   1       0.99315438  p_x
  273   1   0   0       0.93340234  s
  274   1   0   0       0.93791200  s
  275   1   0   0       1.24055234  s
  275   2   1  -1       0.99208066  p_y
  275   2   1   0       0.92759142  p_z
  275   2   1   1       0.91787965  p_x
  276   1   0   0       0.96346109  s
  277   1   0   0       0.97645842  s
  278   1   0   0       1.21296361  s
  278   2   1  -1       0.92312497  p_y
  278   2   1   0       0.98146109  p_z
  278   2   1   1       0.94953456  p_x
  279   1   0   0       0.96737763  s
  280   1   0   0       0.92250977  s
  281   1   0   0       1.28351089  s
  281   2   1  -1       0.97413545  p_y
  281   2   1   0       0.95110477  p_z
  281   2   1   1       0.95525000  p_x
  282   1   0   0       0.93959980  s
  283   1   0   0       0.95916132  s
  284   1   0   0       0.95862083  s
  285   1   0   0       1.30955874  s
  285   2   1  -1       0.93905898  p_y
  285   2   1   0       0.93423860  p_z
  285   2   1   1       0.95055743  p_x
  286   1   0   0       1.02143000  s
  287   1   0   0       0.94320341  s
  288   1   0   0       0.94793070  s
  289   1   0   0       1.24424331  s
  289   2   1  -1       0.95098353  p_y
  289   2   1   0       0.92758813  p_z
  289   2   1   1       0.95813087  p_x
  290   1   0   0       0.94862826  s
  291   1   0   0       0.94635023  s
  292   1   0   0       1.26651315  s
  292   2   1  -1       0.98141742  p_y
  292   2   1   0       0.91867863  p_z
  292   2   1   1       0.94655703  p_x
  293   1   0   0       0.96998153  s
  294   1   0   0       0.94499392  s
  295   1   0   0       1.23587962  s
  295   2   1  -1       0.93139411  p_y
  295   2   1   0       0.97690424  p_z
  295   2   1   1       0.97226953  p_x
  296   1   0   0       0.93161847  s
  297   1   0   0       0.95308040  s
  298   1   0   0       1.23192468  s
  298   2   1  -1       0.92589365  p_y
  298   2   1   0       0.95221243  p_z
  298   2   1   1       0.97545830  p_x
  299   1   0   0       0.95177696  s
  300   1   0   0       0.95126240  s
  301   1   0   0       1.23654902  s
  301   2   1  -1       0.96594497  p_y
  301   2   1   0       0.96430325  p_z
  301   2   1   1       0.92907688  p_x
  302   1   0   0       0.94918371  s
  303   1   0   0       0.94417561  s
  304   1   0   0       1.24540596  s
  304   2   1  -1       0.97014241  p_y
  304   2   1   0       0.98387764  p_z
  304   2   1   1       0.93006158  p_x
  305   1   0   0       0.95448907  s
  306   1   0   0       0.94411257  s
  307   1   0   0       1.24389136  s
  307   2   1  -1       0.96199247  p_y
  307   2   1   0       0.92163874  p_z
  307   2   1   1       0.97006495  p_x
  308   1   0   0       0.94980873  s
  309   1   0   0       0.94138077  s
  310   1   0   0       1.23445913  s
  310   2   1  -1       0.92246288  p_y
  310   2   1   0       0.94242152  p_z
  310   2   1   1       0.99793535  p_x
  311   1   0   0       0.94414648  s
  312   1   0   0       0.95106562  s
  313   1   0   0       1.26794950  s
  313   2   1  -1       0.95970971  p_y
  313   2   1   0       0.95322293  p_z
  313   2   1   1       0.99891517  p_x
  314   1   0   0       0.94498236  s
  315   1   0   0       0.93210824  s
  316   1   0   0       0.94805589  s
  317   1   0   0       1.27389859  s
  317   2   1  -1       0.95143538  p_y
  317   2   1   0       0.98120319  p_z
  317   2   1   1       0.99488022  p_x
  318   1   0   0       0.93445964  s
  319   1   0   0       0.93750496  s
  320   1   0   0       0.92559208  s
  321   1   0   0       1.25371189  s
  321   2   1  -1       0.93926806  p_y
  321   2   1   0       0.93964942  p_z
  321   2   1   1       0.96227382  p_x
  322   1   0   0       0.93581385  s
  323   1   0   0       0.96537699  s
  324   1   0   0       1.24498093  s
  324   2   1  -1       0.97329897  p_y
  324   2   1   0       0.94141650  p_z
  324   2   1   1       0.95380948  p_x
  325   1   0   0       0.95162360  s
  326   1   0   0       0.93095566  s
  327   1   0   0       1.23325855  s
  327   2   1  -1       0.95329360  p_y
  327   2   1   0       0.95434621  p_z
  327   2   1   1       0.94964516  p_x
  328   1   0   0       0.96396097  s
  329   1   0   0       0.95506988  s
  330   1   0   0       1.23067556  s
  330   2   1  -1       0.97037015  p_y
  330   2   1   0       0.93501250  p_z
  330   2   1   1       0.96241301  p_x
  331   1   0   0       0.95893291  s
  332   1   0   0       0.93630440  s
  333   1   0   0       1.23800884  s
  333   2   1  -1       0.99151616  p_y
  333   2   1   0       0.91506724  p_z
  333   2   1   1       0.97117107  p_x
  334   1   0   0       0.93463621  s
  335   1   0   0       0.92876537  s
  336   1   0   0       1.23881446  s
  336   2   1  -1       0.93127149  p_y
  336   2   1   0       0.92689751  p_z
  336   2   1   1       0.99691163  p_x
  337   1   0   0       0.96804560  s
  338   1   0   0       0.94176375  s
  339   1   0   0       1.22285060  s
  339   2   1  -1       0.94661630  p_y
  339   2   1   0       0.95316054  p_z
  339   2   1   1       0.98464430  p_x
  340   1   0   0       0.93889500  s
  341   1   0   0       0.95632774  s
  342   1   0   0       1.23416257  s
  342   2   1  -1       0.98039239  p_y
  342   2   1   0       0.94209091  p_z
  342   2   1   1       0.94449014  p_x
  343   1   0   0       0.94871428  s
  344   1   0   0       0.93778251  s
  345   1   0   0       1.28119502  s
  345   2   1  -1       0.95301083  p_y
  345   2   1   0       0.97168314  p_z
  345   2   1   1       0.99390380  p_x
  346   1   0   0       0.93652077  s
  347   1   0   0       0.94797582  s
  348   1   0   0       0.93801946  s
  349   1   0   0       1.28228598  s
  349   2   1  -1       0.96623781  p_y
  349   2   1   0       0.98674251  p_z
  349   2   1   1       0.94775632  p_x
  350   1   0   0       0.93421634  s
  351   1   0   0       0.93944504  s
  352   1   0   0       0.95543207  s
 
Fermi level:                        -0.1697909449 H           -4.6202 eV
Band energy:                      -277.6456150098 H        -7555.1216 eV
TS:                                  0.0000000000 H            0.0000 eV
Band free energy (E-TS):          -277.6456150098 H        -7555.1216 eV
Extrapolated E(0K):               -277.6456150098 H        -7555.1216 eV
Input / Output electrons (q):    682.0000000000    682.0000000000
 
Energy H0:                        -282.3549959480 H        -7683.2704 eV
Energy SCC:                          0.0755028473 H            2.0545 eV
Total Electronic energy:          -282.2794931007 H        -7681.2158 eV
Repulsive energy:                    4.4103477659 H          120.0117 eV
Dispersion energy:                   1.1015544808 H           29.9748 eV
Total energy:                     -276.7675908540 H        -7531.2293 eV
Extrapolated to 0:                -276.7675908540 H        -7531.2293 eV
Total Mermin free energy:         -276.7675908540 H        -7531.2293 eV
Force related energy:             -276.7675908540 H        -7531.2293 eV
 
SCC converged
 
Full geometry written in geo_end.{xyz|gen}
 
MD Kinetic Energy:                   1.0486257101 H
Total MD Energy:                  -275.7189651439 H
Pressure:                           -0.204385E-04 au    -0.601323E+09 Pa
MD Temperature:                      0.0019916918 H          628.9258 K
MD Kinetic Energy:                   1.0486257101 H
Total MD Energy:                  -275.7189651439 H        -7502.6948 eV
MD Temperature:                      0.0019916918 H          628.9258 K
 
Molecular dynamics completed
 
