 Fermi distribution function
 
MD step: 100000
 

********************************************************************************
 iSCC Total electronic   Diff electronic      SCC error    
    5   -0.28282826E+03    0.22623681E-10    0.71518532E-06
********************************************************************************
 
Coordinates of moved atoms (au):
    1     70.47110687     40.35390626     83.94390578
    2     68.68602764     41.40386471     84.21369847
    3     70.57316851     39.80929928     81.93338688
    4     72.73713773     70.99962653     84.76605091
    5     74.53189765     69.68606473     84.95796958
    6     43.34108723     71.36640674     86.80342067
    7     72.82212209     73.17910831     83.00917618
    8     41.96155698     73.81407454     82.77943745
    9     73.30919726     72.63677231     80.99709033
   10     45.50897316     75.26757871     84.01100445
   11     47.65561173     74.84605396     83.68408559
   12     45.16978848     75.78739887     86.03702863
   13     74.05985929     77.70044855     82.42180559
   14     71.95917582     77.98662715     82.19727126
   15     74.71080504     77.28782634     80.43314413
   16     46.34793065     80.04840491     83.75886459
   17     48.26499145     79.73308376     84.41732466
   18     45.21463008     80.55358570     85.53803661
   19     75.44246740     82.49288690     82.09591521
   20     73.55719886     83.42955198     81.70870914
   21     76.05922563     82.17444427     80.19371616
   22     77.31991078     84.36628649     83.44564474
   23     50.38705959     84.34690587     82.70902096
   24     48.47312834     84.01832720     85.48589942
   25     70.42101348     37.78802971     85.29087337
   26     70.08931297     38.27027660     87.41320789
   27     69.00977410     36.31273771     84.77800666
   28     72.41748459     36.96362146     85.02215705
   29     76.25471999     86.94363144     83.13404587
   30     76.26595964     87.46948883     81.14534745
   31     74.27503935     87.25816107     83.86836331
   32     77.41169837     88.40528122     83.99691803
   33     58.34464260     71.95341863     56.95621694
   34     60.12992458     71.07724698     57.70315331
   35     58.91501938     73.02367601     55.30812516
   36     56.74428237     69.85890476     55.83153679
   37     55.47278524     70.75074269     54.30403339
   38     55.67114723     68.93283981     57.34431413
   39     58.24628590     67.94446356     54.26282230
   40     60.26411732     67.71669035     54.93816085
   41     58.41935978     68.59902771     52.23963937
   42     56.78715232     65.25387955     54.41112511
   43     83.96115318     65.86792449     55.28408616
   44     57.71709234     63.91267324     55.90101596
   45     56.32766237     64.11761049     51.86761324
   46     58.04385028     64.46786701     50.71648191
   47     83.73057903     65.13781205     50.92260494
   48     84.89929717     61.30914892     51.70336592
   49     84.61384282     60.61809202     53.75720492
   50     86.59688373     60.31783079     51.11395762
   51     53.58629415     60.61716155     50.28102446
   52     52.03331878     61.83285801     50.74901823
   53     52.71456217     58.75053086     51.13397635
   54     82.75730104     59.99616931     76.45759551
   55     83.43374407     61.69486859     75.52965331
   56     80.84507015     59.80990216     75.69571497
   57     56.97534305     73.64289567     58.96983557
   58     55.52198663     74.88668015     58.11617645
   59     56.16633182     72.42728002     60.49547016
   60     58.47251471     74.91743291     59.72445159
   61     55.42900377     57.83848441     75.87017305
   62     55.44957245     57.28351176     73.87318033
   63     57.40847402     58.20663942     76.31130187
   64     54.68624219     56.22581808     76.98732474
   65     71.53701104     72.68433312     70.49523883
   66     73.53098499     72.75038575     70.96578780
   67     70.77123731     71.86531883     72.37173744
   68     70.45716097     75.31955919     70.11703447
   69     72.12796865     76.42713656     69.09841127
   70     70.37846800     76.13961541     71.94041853
   71     68.02896927     75.20638849     68.55015501
   72     66.61225700     73.79417781     69.06241674
   73     68.56635880     74.61877201     66.65372672
   74     66.77742338     48.85503231     68.17069349
   75     66.75931701     49.79329456     70.20723144
   76     64.86876258     48.44908928     67.57753964
   77     68.18005530     50.49597846     66.24787622
   78     68.30382472     78.49751526     64.48272385
   79     70.25355935     79.34438898     66.85350423
   80     67.19496413     53.27670999     66.01599207
   81     67.00029447     53.92156100     67.91597977
   82     65.18323103     53.00313345     65.27077993
   83     68.99596492     55.09144842     64.61916976
   84     70.90016102     55.16708290     65.68732434
   85     68.37209853     56.99498194     64.99095720
   86     69.03763946     54.65560894     61.70226346
   87     67.02831107     54.56476668     60.90984163
   88     69.89710324     52.73220933     61.20428145
   89     71.18868521     70.57816244     68.47816211
   90     72.91571668     69.52525205     68.10478214
   91     69.87749807     69.08197438     68.88285547
   92     70.72743044     71.08618038     66.54634053
   93     70.35612614     56.96355864     60.19892733
   94     72.23021309     57.15742626     61.21163950
   95     70.24397571     57.00625330     58.15583102
   96     69.21444861     58.78545138     60.73321780
   97     59.31861574     71.97708903     76.35880695
   98     58.66102543     70.66565587     74.78692940
   99     58.88135148     71.18387326     78.24359370
  100     62.08114635     72.43777837     75.49358750
  101     63.00890383     73.98861725     76.53204056
  102     61.85688791     73.26077130     73.46957107
  103     63.97152758     70.35085727     75.28299511
  104     65.86288999     71.22007276     74.83502685
  105     63.59420689     69.03630904     73.65293962
  106     64.52920442     68.89326447     48.88475212
  107     62.73462428     67.90891963     49.62092861
  108     65.20453929     70.10330704     50.42796557
  109     66.57966996     66.88013382     48.22414283
  110     68.48393686     67.87338259     47.98389438
  111     65.97395907     65.92560061     46.42787379
  112     67.11932181     64.97734738     50.19826111
  113     67.59116919     65.89888811     52.12523203
  114     68.90812761     63.86533566     50.02535838
  115     64.86120424     63.11718068     50.63213644
  116     63.99606805     62.82225654     48.65683278
  117     63.40232703     64.26939770     51.61285235
  118     65.40711104     60.68263275     52.13570687
  119     63.71736775     59.35458482     52.17853893
  120     65.47556185     61.25848816     54.16504643
  121     57.85366529     74.45020881     76.04883463
  122     58.46330413     75.44137204     74.29644632
  123     55.71826155     74.32410718     75.87654914
  124     58.36466060     75.59267123     77.59895021
  125     67.71972309     59.10511168     51.42308405
  126     69.33929219     59.46197091     52.78455041
  127     67.24923394     57.13079363     51.42231682
  128     68.57073398     59.78918901     49.58798305
  129     66.99633380     75.57958353     58.07828114
  130     68.95541429     75.74285171     57.41340831
  131     65.95477457     75.25336262     56.25915575
  132     66.86066562     73.47791971     60.05452069
  133     66.90574079     74.29440621     61.89763183
  134     68.77479247     72.22614340     59.82521879
  135     64.72469860     71.55799557     59.83969739
  136     65.10832972     70.41092257     58.13906267
  137     62.86745753     72.78227971     59.54896285
  138     64.37624871     69.83936977     62.20707427
  139     66.20549729     69.65836301     63.14687823
  140     63.57799434     68.06896972     61.40524983
  141     62.24391990     70.72706925     64.20070533
  142     60.47310717     70.12152055     63.32537907
  143     62.33984162     72.87446154     64.46980296
  144     62.61544813     69.43171701     66.73415408
  145     64.57591060     70.00627594     67.66055402
  146     62.89280271     67.40678765     66.32154418
  147     60.43852444     69.85887300     68.57610591
  148     59.44129417     71.62889379     68.35464531
  149     61.22730842     69.54709773     70.56010951
  150     58.53647964     67.62460253     68.31278285
  151     59.49007437     65.91359898     68.93106285
  152     57.97185341     67.46188983     66.37586405
  153     65.99262380     78.03878617     59.26708532
  154     67.29931788     49.61162934     60.73962874
  155     66.05990683     79.74066091     57.99466972
  156     64.06719327     77.96828903     60.10831525
  157     56.22473300     68.08765682     69.92939742
  158     55.03425206     69.74851315     69.38653784
  159     55.10212485     66.46557825     70.06554084
  160     56.75896819     68.49668752     71.97737588
  161     78.43425230     51.65098023     68.21560528
  162     76.61798225     52.54299812     68.69664117
  163     79.41590847     50.13841167     69.41484806
  164     78.20995618     50.23089243     65.44239963
  165     80.09928334     49.84042994     64.98566021
  166     77.17139004     51.22344090     64.00795363
  167     77.10604348     47.65625467     65.55403382
  168     74.96621804     47.40259490     65.23923026
  169     77.07829482     46.89214670     67.81414732
  170     78.62729275     45.58820534     64.17291025
  171     80.56824268     45.42651591     64.78376584
  172     78.50745249     46.32104836     62.11193664
  173     77.19626220     72.10315469     64.15812667
  174     75.12070280     72.38130705     63.88053981
  175     77.22843038     41.90568924     65.87650143
  176     78.06169320     70.07966927     62.16050502
  177     78.29564200     71.12635322     60.38250217
  178     76.68830573     68.39091875     62.21733134
  179     80.70624600     69.22682309     63.04500068
  180     80.80912122     68.92561185     65.27142697
  181     81.97873372     70.86995233     62.88244802
  182     81.70774930     66.79467966     61.59482547
  183     81.11707155     66.92966412     59.60420966
  184     80.81331541     64.98899255     62.38210435
  185     79.97705203     54.01138001     68.02363795
  186     80.19842044     54.71152645     66.08504166
  187     79.28386977     55.71122125     69.06221541
  188     81.92488981     53.67053391     97.84872415
  189     84.51721349     66.48449984     62.00967939
  190     84.99113546     66.23015940     64.03590872
  191     85.07063283     64.57988423     61.30265450
  192     85.97008707     67.73460548     61.18086627
  193     70.72413183     53.03402597     74.16850957
  194     71.83003459     51.33867637     74.52535465
  195     69.55799251     81.55833026     72.34302127
  196     69.02174650     53.60470491     76.42561166
  197     67.98053498     55.51772783     76.01014397
  198     70.16047275     83.38630478     78.08053354
  199     67.29113256     51.28995609     77.37692773
  200     68.49450006     50.04834202     78.39772265
  201     66.69827244     49.93561406     75.88368988
  202     65.11539977     52.03657086     79.16517791
  203     64.22894402     53.63676939     78.14283189
  204     65.86839704     52.85200108     80.93327171
  205     62.94508972     50.11393224     79.73315383
  206     63.70965184     48.34749780     80.59001917
  207     61.93696713     49.75720333     77.98016524
  208     61.19016715     51.28732478     81.69731067
  209     62.04223380     52.58776522     82.96758449
  210     60.55035943     49.72459595     83.06039580
  211     58.77846952     81.39620489     80.24477188
  212     58.42583890     80.20064425     78.59681226
  213     59.21977006     83.32235091     79.62006678
  214     56.32488982     81.73235021     81.87655762
  215     55.04294469     83.25284342     81.11996732
  216     56.78239264     82.39904207     83.77275476
  217     72.64869892     55.07934475     73.47392963
  218     73.63151586     55.65712591     46.18701267
  219     74.11540032     54.17290692     43.26106419
  220     71.77569741     56.73491567     72.69175000
  221     54.99519705     79.06339895     82.09241523
  222     52.90457955     79.08558373     82.06838126
  223     55.53648767     77.84609941     80.49662203
  224     55.42754688     78.09549212     83.92525089
  225     58.75768314     81.30238341     71.86226448
  226     59.27351277     83.32394358     72.50911737
  227     57.10073073     80.66464877     72.82157060
  228     58.58305659     52.49423773     69.01572193
  229     60.19690503     53.74614104     68.45053138
  230     56.74927180     53.56435991     68.59581355
  231     58.46103607     78.90249493     67.67333031
  232     56.87601602     77.76108881     68.69829622
  233     60.28792706     77.78336947     67.99875339
  234     57.67530771     78.80311729     64.88514183
  235     55.59990873     78.44619442     64.92056999
  236     58.62804151     77.20183767     63.86393602
  237     58.20782130     81.27762408     63.42411644
  238     60.27385888     81.63019026     63.27197760
  239     57.30853592     54.08889100     64.27574711
  240     57.32407874     81.02088861     60.56937602
  241     57.88287449     50.17507897     59.88890065
  242     58.47046775     53.34623014     59.40269761
  243     54.45503631     81.56833372     60.07568734
  244     53.37552927     81.42083739     61.92303679
  245     53.84368546     80.13653602     58.70809536
  246     54.02449674     84.26805096     59.01876402
  247     52.06650699     84.20137774     58.30007206
  248     55.28558000     84.65999161     57.36952044
  249     60.82586844     50.80950434     73.00994141
  250     60.74084384     51.23159873     75.00433179
  251     60.50370240     48.75957039     72.81214714
  252     62.82913784     51.48424958     72.46219884
  253     53.89483610     86.32608675     60.94115714
  254     54.33473439     88.04771712     59.88503113
  255     52.13061661     86.42838345     61.99878840
  256     55.43271185     86.17930485     91.31359751
  257     80.93525788     79.88284543     74.78072033
  258     82.51216867     79.62290348     76.25345009
  259     81.77537706     80.42614032     72.94823744
  260     79.10768969     77.67593854     74.24631999
  261     80.34766176     75.99249161     73.60187336
  262     77.73551552     77.93600143     72.80116983
  263     77.61218602     76.63368629     76.48942367
  264     75.82958748     77.77894456     76.97442161
  265     78.73137520     76.88949158     78.29324010
  266     76.97044263     73.84654602     76.22472192
  267     76.46381375     73.26318803     74.17291697
  268     75.21847672     73.46628879     77.15916940
  269     79.06198245     71.95036747     77.20960830
  270     79.29393760     72.08856995     79.24686546
  271     80.80950766     72.66567860     76.44168976
  272     78.70379892     69.12710426     76.56468620
  273     80.38119460     67.96899244     77.23474457
  274     78.89926349     68.90926022     74.47827240
  275     76.28479921     67.93727990     77.33140731
  276     74.76014505     68.57320113     76.16776027
  277     75.76673906     68.45521036     79.34000370
  278     76.68336885     65.07224606     77.00990466
  279     78.04881320     64.34358573     78.52224762
  280     77.31582854     64.57768286     75.15498665
  281     79.25915785     82.19674352     75.30630906
  282     77.71588132     82.03741976     76.70414520
  283     80.39735995     83.61225642     76.04400698
  284     78.33214464     82.79852228     73.61512878
  285     74.14761449     63.57518571     77.08209490
  286     73.09477570     63.52950833     78.83906338
  287     72.90862062     64.35824495     75.66447846
  288     74.57801283     61.57034497     76.78234610
  289     63.22176679     61.67857828     61.89397394
  290     63.20894649     63.54702539     62.77759617
  291     65.27304463     61.13533298     61.29560344
  292     62.15791731     59.76287351     63.71251329
  293     63.59124822     59.44824763     65.17396086
  294     61.50425015     58.18528401     62.60276007
  295     59.87083218     60.81662490     65.02669018
  296     58.35868616     61.19333071     63.47997494
  297     60.14098697     62.80845346     36.83248526
  298     58.82593776     59.06555275     38.18340109
  299     60.45185069     58.70034887     68.41772904
  300     58.10018811     57.40488273     37.03826726
  301     56.51515537     59.94937808     39.76479278
  302     57.20829996     61.27832016     41.17333598
  303     56.04318780     58.32759854     70.09052170
  304     54.16552602     60.87076178     38.49656449
  305     53.17079822     59.39933205     37.41679471
  306     54.58770086     62.38358904     37.15858708
  307     52.13040597     61.96391210     40.33493107
  308     52.70292247     63.22085937     41.83512604
  309     51.40216693     60.21461881     41.07126051
  310     50.13947121     63.24785099     38.81087552
  311     48.92843674     61.92844649     37.98750502
  312     51.07020459     64.31430678     37.19853768
  313     61.78056610     61.86734966     59.47466671
  314     62.98656410     62.66453861     57.97175962
  315     61.16528424     60.01535851     58.74110247
  316     59.97200307     62.88879221     59.69684076
  317     48.45581369     64.75430098     40.69585199
  318     48.97800420     66.80175191     40.63476742
  319     46.43349393     64.36688377     40.14242636
  320     48.63992527     64.10891805     42.66892563
  321     64.67978123     59.65443842     44.97413735
  322     65.81599045     58.56694415     46.26902435
  323     64.38205981     61.48472285     45.86853460
  324     65.95544145     60.14969164     71.27540740
  325     64.65632166     60.96907018     69.90251588
  326     66.61317236     58.28546222     70.57713468
  327     68.10951523     61.92524121     71.52574960
  328     69.22629823     61.43378992     73.21461678
  329     67.38470033     63.79891323     72.02784059
  330     69.86794285     62.32412088     69.17407360
  331     71.05840151     60.45234954     68.82993973
  332     71.14031161     63.90379420     69.82807127
  333     68.56258827     62.90144625     66.72595486
  334     66.90752521     64.42945983     67.08592133
  335     67.80218148     61.16398344     66.05346937
  336     70.48746758     64.04065936     64.85247230
  337     71.19125896     65.77497998     65.88608446
  338     69.54560646     64.38952350     62.95767981
  339     72.53161718     62.29949106     64.36888868
  340     72.04105851     60.28541564     64.34990064
  341     74.20959376     62.37719104     65.66388018
  342     73.79448919     62.79535005     61.78398225
  343     74.72675871     64.73437089     61.47301811
  344     72.27673690     62.67715322     60.35518395
  345     62.09662401     58.43081743     44.96179973
  346     62.06225831     56.34407084     44.32598051
  347     61.19853507     58.57596490     46.75155877
  348     61.01058049     59.34722036     43.47560281
  349     76.02526116     61.12090524     61.16145832
  350     75.70300404     59.04967166     60.80917622
  351     76.99307520     61.67411358     59.33396097
  352     77.63442411     61.26643453     62.65505145
 
 Total charge:    -0.00000000

 Atomic gross charges (e)
 Atom           Charge
    1      -0.10949966
    2       0.05630067
    3       0.05268096
    4      -0.09123066
    5       0.03895676
    6       0.05685220
    7      -0.08693098
    8       0.06209774
    9       0.05211549
   10      -0.09958239
   11       0.04190840
   12       0.06073368
   13      -0.11930884
   14       0.04735835
   15       0.05765624
   16      -0.10185863
   17       0.06446412
   18       0.04660815
   19      -0.11941237
   20       0.05244157
   21       0.06548799
   22      -0.09105493
   23       0.05202098
   24       0.05666726
   25      -0.18906714
   26       0.04306238
   27       0.07177521
   28       0.05364029
   29      -0.19393795
   30       0.05734131
   31       0.05694917
   32       0.05632168
   33      -0.11048170
   34       0.05562533
   35       0.05971050
   36      -0.10339608
   37       0.04346154
   38       0.06745291
   39      -0.11730892
   40       0.04918910
   41       0.05148950
   42      -0.10942426
   43       0.05557455
   44       0.04732522
   45      -0.09466127
   46       0.04721704
   47       0.05602764
   48      -0.08895687
   49       0.03272511
   50       0.06301206
   51      -0.09503097
   52       0.06324910
   53       0.01694672
   54      -0.08663737
   55       0.04857056
   56       0.05100983
   57      -0.19851297
   58       0.06750948
   59       0.06905882
   60       0.06048514
   61      -0.19446785
   62       0.06187618
   63       0.06654777
   64       0.06276626
   65      -0.08415450
   66       0.05605698
   67       0.02831923
   68      -0.08525823
   69       0.03456362
   70       0.06823474
   71      -0.11223582
   72       0.06609490
   73       0.05622205
   74      -0.10378135
   75       0.03510845
   76       0.06085264
   77      -0.11617906
   78       0.06422208
   79       0.04151243
   80      -0.11036257
   81       0.06409456
   82       0.05316071
   83      -0.09480315
   84       0.05030322
   85       0.05578503
   86      -0.08973142
   87       0.04744334
   88       0.05284459
   89      -0.21502559
   90       0.05622433
   91       0.06664154
   92       0.06577438
   93      -0.21309998
   94       0.07282978
   95       0.08882425
   96       0.04089918
   97      -0.09424914
   98       0.04799239
   99       0.06933024
  100      -0.08686905
  101       0.05025954
  102       0.03365162
  103      -0.09871240
  104       0.04630558
  105       0.05653442
  106      -0.11322130
  107       0.04913825
  108       0.06475650
  109      -0.08939118
  110       0.04326180
  111       0.05500587
  112      -0.10117776
  113       0.03620263
  114       0.05373985
  115      -0.11414625
  116       0.04971560
  117       0.05223611
  118      -0.08110058
  119       0.04162233
  120       0.04744031
  121      -0.21411083
  122       0.06137390
  123       0.06086213
  124       0.07274142
  125      -0.19628900
  126       0.05075214
  127       0.07828072
  128       0.06346687
  129      -0.08987084
  130       0.05817641
  131       0.04875555
  132      -0.09066647
  133       0.07009598
  134       0.01448361
  135      -0.09834063
  136       0.05924191
  137       0.04081047
  138      -0.13308673
  139       0.07128487
  140       0.05829231
  141      -0.11058609
  142       0.06515353
  143       0.05138745
  144      -0.08874087
  145       0.02927465
  146       0.05334125
  147      -0.11482532
  148       0.07497941
  149       0.05069358
  150      -0.11174923
  151       0.06254236
  152       0.06955688
  153      -0.20447073
  154       0.06361774
  155       0.05284030
  156       0.06838200
  157      -0.20142359
  158       0.06069533
  159       0.07455526
  160       0.04481872
  161      -0.11476399
  162       0.07746398
  163       0.07590964
  164      -0.14200555
  165       0.07714418
  166       0.07662516
  167      -0.07504620
  168       0.04961119
  169      -0.00716393
  170      -0.08824516
  171       0.07419148
  172       0.03714476
  173      -0.11193311
  174       0.04770728
  175       0.05323083
  176      -0.12038727
  177       0.06854136
  178       0.05875938
  179      -0.10838736
  180       0.03453710
  181       0.05634221
  182      -0.08242728
  183       0.06140347
  184       0.04945146
  185      -0.19252127
  186       0.06673521
  187       0.05327626
  188       0.04910538
  189      -0.20471486
  190       0.06488737
  191       0.04626739
  192       0.07268586
  193      -0.08354569
  194       0.05499495
  195       0.04033906
  196      -0.09399442
  197       0.03915432
  198       0.04278758
  199      -0.11879000
  200       0.05743883
  201       0.05975988
  202      -0.11378052
  203       0.05095395
  204       0.05650361
  205      -0.10819347
  206       0.05568796
  207       0.07200283
  208      -0.11451998
  209       0.07189537
  210       0.04205196
  211      -0.12195755
  212       0.06506288
  213       0.05588479
  214      -0.10309670
  215       0.05526997
  216       0.06368678
  217      -0.20852203
  218       0.06615432
  219       0.05893806
  220       0.07608433
  221      -0.20543916
  222       0.05960471
  223       0.06631111
  224       0.06000039
  225      -0.09708412
  226       0.03826644
  227       0.06556747
  228      -0.08600104
  229       0.05502680
  230       0.04359450
  231      -0.08690058
  232       0.03192424
  233       0.04606134
  234      -0.09705337
  235       0.05338856
  236       0.05500296
  237      -0.10716326
  238       0.05160602
  239       0.05789808
  240      -0.12882397
  241       0.05407275
  242       0.05368699
  243      -0.10992851
  244       0.05662233
  245       0.05878382
  246      -0.09651212
  247       0.04719485
  248       0.05815413
  249      -0.20342676
  250       0.06021209
  251       0.06999900
  252       0.05670039
  253      -0.19632825
  254       0.06340105
  255       0.06959635
  256       0.05923979
  257      -0.08960679
  258       0.06211209
  259       0.05549659
  260      -0.10097212
  261       0.03384448
  262       0.07575094
  263      -0.09001494
  264       0.04162101
  265       0.04632263
  266      -0.10549010
  267       0.03862687
  268       0.05678092
  269      -0.12305027
  270       0.05821107
  271       0.06100479
  272      -0.09095428
  273       0.04333121
  274       0.04259791
  275      -0.09752710
  276       0.06558167
  277       0.05170830
  278      -0.10467775
  279       0.05057044
  280       0.06932733
  281      -0.22711327
  282       0.06074061
  283       0.07410092
  284       0.06910193
  285      -0.22200260
  286       0.06661771
  287       0.07108098
  288       0.06000276
  289      -0.08386444
  290       0.05904717
  291       0.03494389
  292      -0.11051736
  293       0.06110946
  294       0.07496060
  295      -0.09771741
  296       0.03489089
  297       0.04080316
  298      -0.11743463
  299       0.06514162
  300       0.05401348
  301      -0.09449056
  302       0.05320448
  303       0.03328455
  304      -0.10510307
  305       0.05477253
  306       0.05738918
  307      -0.12812030
  308       0.07160822
  309       0.06016634
  310      -0.11185462
  311       0.06688922
  312       0.05886940
  313      -0.19860618
  314       0.06198220
  315       0.05494349
  316       0.06293086
  317      -0.20455810
  318       0.06637495
  319       0.05754119
  320       0.06651566
  321      -0.11955392
  322       0.06836902
  323       0.06405594
  324      -0.10168071
  325       0.06234956
  326       0.05327362
  327      -0.11237058
  328       0.05147570
  329       0.04999877
  330      -0.09106965
  331       0.03420748
  332       0.05050508
  333      -0.09897184
  334       0.02931819
  335       0.07018586
  336      -0.09032611
  337       0.05863322
  338       0.05491881
  339      -0.09786942
  340       0.06080209
  341       0.05087979
  342      -0.09563433
  343       0.04639138
  344       0.05425866
  345      -0.20536108
  346       0.05181803
  347       0.07558633
  348       0.06177305
  349      -0.18188920
  350       0.05558488
  351       0.04864058
  352       0.04501862
 
Nr. of electrons (up):    682.00000000
Atom populations (up)
 Atom       Population
    1       4.10949966
    2       0.94369933
    3       0.94731904
    4       4.09123066
    5       0.96104324
    6       0.94314780
    7       4.08693098
    8       0.93790226
    9       0.94788451
   10       4.09958239
   11       0.95809160
   12       0.93926632
   13       4.11930884
   14       0.95264165
   15       0.94234376
   16       4.10185863
   17       0.93553588
   18       0.95339185
   19       4.11941237
   20       0.94755843
   21       0.93451201
   22       4.09105493
   23       0.94797902
   24       0.94333274
   25       4.18906714
   26       0.95693762
   27       0.92822479
   28       0.94635971
   29       4.19393795
   30       0.94265869
   31       0.94305083
   32       0.94367832
   33       4.11048170
   34       0.94437467
   35       0.94028950
   36       4.10339608
   37       0.95653846
   38       0.93254709
   39       4.11730892
   40       0.95081090
   41       0.94851050
   42       4.10942426
   43       0.94442545
   44       0.95267478
   45       4.09466127
   46       0.95278296
   47       0.94397236
   48       4.08895687
   49       0.96727489
   50       0.93698794
   51       4.09503097
   52       0.93675090
   53       0.98305328
   54       4.08663737
   55       0.95142944
   56       0.94899017
   57       4.19851297
   58       0.93249052
   59       0.93094118
   60       0.93951486
   61       4.19446785
   62       0.93812382
   63       0.93345223
   64       0.93723374
   65       4.08415450
   66       0.94394302
   67       0.97168077
   68       4.08525823
   69       0.96543638
   70       0.93176526
   71       4.11223582
   72       0.93390510
   73       0.94377795
   74       4.10378135
   75       0.96489155
   76       0.93914736
   77       4.11617906
   78       0.93577792
   79       0.95848757
   80       4.11036257
   81       0.93590544
   82       0.94683929
   83       4.09480315
   84       0.94969678
   85       0.94421497
   86       4.08973142
   87       0.95255666
   88       0.94715541
   89       4.21502559
   90       0.94377567
   91       0.93335846
   92       0.93422562
   93       4.21309998
   94       0.92717022
   95       0.91117575
   96       0.95910082
   97       4.09424914
   98       0.95200761
   99       0.93066976
  100       4.08686905
  101       0.94974046
  102       0.96634838
  103       4.09871240
  104       0.95369442
  105       0.94346558
  106       4.11322130
  107       0.95086175
  108       0.93524350
  109       4.08939118
  110       0.95673820
  111       0.94499413
  112       4.10117776
  113       0.96379737
  114       0.94626015
  115       4.11414625
  116       0.95028440
  117       0.94776389
  118       4.08110058
  119       0.95837767
  120       0.95255969
  121       4.21411083
  122       0.93862610
  123       0.93913787
  124       0.92725858
  125       4.19628900
  126       0.94924786
  127       0.92171928
  128       0.93653313
  129       4.08987084
  130       0.94182359
  131       0.95124445
  132       4.09066647
  133       0.92990402
  134       0.98551639
  135       4.09834063
  136       0.94075809
  137       0.95918953
  138       4.13308673
  139       0.92871513
  140       0.94170769
  141       4.11058609
  142       0.93484647
  143       0.94861255
  144       4.08874087
  145       0.97072535
  146       0.94665875
  147       4.11482532
  148       0.92502059
  149       0.94930642
  150       4.11174923
  151       0.93745764
  152       0.93044312
  153       4.20447073
  154       0.93638226
  155       0.94715970
  156       0.93161800
  157       4.20142359
  158       0.93930467
  159       0.92544474
  160       0.95518128
  161       4.11476399
  162       0.92253602
  163       0.92409036
  164       4.14200555
  165       0.92285582
  166       0.92337484
  167       4.07504620
  168       0.95038881
  169       1.00716393
  170       4.08824516
  171       0.92580852
  172       0.96285524
  173       4.11193311
  174       0.95229272
  175       0.94676917
  176       4.12038727
  177       0.93145864
  178       0.94124062
  179       4.10838736
  180       0.96546290
  181       0.94365779
  182       4.08242728
  183       0.93859653
  184       0.95054854
  185       4.19252127
  186       0.93326479
  187       0.94672374
  188       0.95089462
  189       4.20471486
  190       0.93511263
  191       0.95373261
  192       0.92731414
  193       4.08354569
  194       0.94500505
  195       0.95966094
  196       4.09399442
  197       0.96084568
  198       0.95721242
  199       4.11879000
  200       0.94256117
  201       0.94024012
  202       4.11378052
  203       0.94904605
  204       0.94349639
  205       4.10819347
  206       0.94431204
  207       0.92799717
  208       4.11451998
  209       0.92810463
  210       0.95794804
  211       4.12195755
  212       0.93493712
  213       0.94411521
  214       4.10309670
  215       0.94473003
  216       0.93631322
  217       4.20852203
  218       0.93384568
  219       0.94106194
  220       0.92391567
  221       4.20543916
  222       0.94039529
  223       0.93368889
  224       0.93999961
  225       4.09708412
  226       0.96173356
  227       0.93443253
  228       4.08600104
  229       0.94497320
  230       0.95640550
  231       4.08690058
  232       0.96807576
  233       0.95393866
  234       4.09705337
  235       0.94661144
  236       0.94499704
  237       4.10716326
  238       0.94839398
  239       0.94210192
  240       4.12882397
  241       0.94592725
  242       0.94631301
  243       4.10992851
  244       0.94337767
  245       0.94121618
  246       4.09651212
  247       0.95280515
  248       0.94184587
  249       4.20342676
  250       0.93978791
  251       0.93000100
  252       0.94329961
  253       4.19632825
  254       0.93659895
  255       0.93040365
  256       0.94076021
  257       4.08960679
  258       0.93788791
  259       0.94450341
  260       4.10097212
  261       0.96615552
  262       0.92424906
  263       4.09001494
  264       0.95837899
  265       0.95367737
  266       4.10549010
  267       0.96137313
  268       0.94321908
  269       4.12305027
  270       0.94178893
  271       0.93899521
  272       4.09095428
  273       0.95666879
  274       0.95740209
  275       4.09752710
  276       0.93441833
  277       0.94829170
  278       4.10467775
  279       0.94942956
  280       0.93067267
  281       4.22711327
  282       0.93925939
  283       0.92589908
  284       0.93089807
  285       4.22200260
  286       0.93338229
  287       0.92891902
  288       0.93999724
  289       4.08386444
  290       0.94095283
  291       0.96505611
  292       4.11051736
  293       0.93889054
  294       0.92503940
  295       4.09771741
  296       0.96510911
  297       0.95919684
  298       4.11743463
  299       0.93485838
  300       0.94598652
  301       4.09449056
  302       0.94679552
  303       0.96671545
  304       4.10510307
  305       0.94522747
  306       0.94261082
  307       4.12812030
  308       0.92839178
  309       0.93983366
  310       4.11185462
  311       0.93311078
  312       0.94113060
  313       4.19860618
  314       0.93801780
  315       0.94505651
  316       0.93706914
  317       4.20455810
  318       0.93362505
  319       0.94245881
  320       0.93348434
  321       4.11955392
  322       0.93163098
  323       0.93594406
  324       4.10168071
  325       0.93765044
  326       0.94672638
  327       4.11237058
  328       0.94852430
  329       0.95000123
  330       4.09106965
  331       0.96579252
  332       0.94949492
  333       4.09897184
  334       0.97068181
  335       0.92981414
  336       4.09032611
  337       0.94136678
  338       0.94508119
  339       4.09786942
  340       0.93919791
  341       0.94912021
  342       4.09563433
  343       0.95360862
  344       0.94574134
  345       4.20536108
  346       0.94818197
  347       0.92441367
  348       0.93822695
  349       4.18188920
  350       0.94441512
  351       0.95135942
  352       0.95498138
 
l-shell populations (up)
 Atom Sh.   l       Population
    1   1   0       1.23902005
    1   2   1       2.87047961
    2   1   0       0.94369933
    3   1   0       0.94731904
    4   1   0       1.23892900
    4   2   1       2.85230167
    5   1   0       0.96104324
    6   1   0       0.94314780
    7   1   0       1.21347707
    7   2   1       2.87345391
    8   1   0       0.93790226
    9   1   0       0.94788451
   10   1   0       1.24389312
   10   2   1       2.85568927
   11   1   0       0.95809160
   12   1   0       0.93926632
   13   1   0       1.25538002
   13   2   1       2.86392882
   14   1   0       0.95264165
   15   1   0       0.94234376
   16   1   0       1.25160814
   16   2   1       2.85025049
   17   1   0       0.93553588
   18   1   0       0.95339185
   19   1   0       1.24963210
   19   2   1       2.86978027
   20   1   0       0.94755843
   21   1   0       0.93451201
   22   1   0       1.23438916
   22   2   1       2.85666577
   23   1   0       0.94797902
   24   1   0       0.94333274
   25   1   0       1.28067625
   25   2   1       2.90839089
   26   1   0       0.95693762
   27   1   0       0.92822479
   28   1   0       0.94635971
   29   1   0       1.25484707
   29   2   1       2.93909088
   30   1   0       0.94265869
   31   1   0       0.94305083
   32   1   0       0.94367832
   33   1   0       1.23646572
   33   2   1       2.87401598
   34   1   0       0.94437467
   35   1   0       0.94028950
   36   1   0       1.23751745
   36   2   1       2.86587863
   37   1   0       0.95653846
   38   1   0       0.93254709
   39   1   0       1.26241685
   39   2   1       2.85489206
   40   1   0       0.95081090
   41   1   0       0.94851050
   42   1   0       1.25360564
   42   2   1       2.85581863
   43   1   0       0.94442545
   44   1   0       0.95267478
   45   1   0       1.21861830
   45   2   1       2.87604297
   46   1   0       0.95278296
   47   1   0       0.94397236
   48   1   0       1.22232521
   48   2   1       2.86663166
   49   1   0       0.96727489
   50   1   0       0.93698794
   51   1   0       1.22694161
   51   2   1       2.86808936
   52   1   0       0.93675090
   53   1   0       0.98305328
   54   1   0       1.20611039
   54   2   1       2.88052698
   55   1   0       0.95142944
   56   1   0       0.94899017
   57   1   0       1.27619981
   57   2   1       2.92231316
   58   1   0       0.93249052
   59   1   0       0.93094118
   60   1   0       0.93951486
   61   1   0       1.24955875
   61   2   1       2.94490910
   62   1   0       0.93812382
   63   1   0       0.93345223
   64   1   0       0.93723374
   65   1   0       1.23290781
   65   2   1       2.85124670
   66   1   0       0.94394302
   67   1   0       0.97168077
   68   1   0       1.23166897
   68   2   1       2.85358926
   69   1   0       0.96543638
   70   1   0       0.93176526
   71   1   0       1.23154051
   71   2   1       2.88069532
   72   1   0       0.93390510
   73   1   0       0.94377795
   74   1   0       1.24301906
   74   2   1       2.86076230
   75   1   0       0.96489155
   76   1   0       0.93914736
   77   1   0       1.23963621
   77   2   1       2.87654285
   78   1   0       0.93577792
   79   1   0       0.95848757
   80   1   0       1.24106872
   80   2   1       2.86929385
   81   1   0       0.93590544
   82   1   0       0.94683929
   83   1   0       1.24010654
   83   2   1       2.85469660
   84   1   0       0.94969678
   85   1   0       0.94421497
   86   1   0       1.26213721
   86   2   1       2.82759421
   87   1   0       0.95255666
   88   1   0       0.94715541
   89   1   0       1.25976157
   89   2   1       2.95526402
   90   1   0       0.94377567
   91   1   0       0.93335846
   92   1   0       0.93422562
   93   1   0       1.29257644
   93   2   1       2.92052354
   94   1   0       0.92717022
   95   1   0       0.91117575
   96   1   0       0.95910082
   97   1   0       1.23805228
   97   2   1       2.85619686
   98   1   0       0.95200761
   99   1   0       0.93066976
  100   1   0       1.23375179
  100   2   1       2.85311725
  101   1   0       0.94974046
  102   1   0       0.96634838
  103   1   0       1.24226209
  103   2   1       2.85645030
  104   1   0       0.95369442
  105   1   0       0.94346558
  106   1   0       1.25671353
  106   2   1       2.85650777
  107   1   0       0.95086175
  108   1   0       0.93524350
  109   1   0       1.23389178
  109   2   1       2.85549940
  110   1   0       0.95673820
  111   1   0       0.94499413
  112   1   0       1.23549593
  112   2   1       2.86568182
  113   1   0       0.96379737
  114   1   0       0.94626015
  115   1   0       1.24940722
  115   2   1       2.86473903
  116   1   0       0.95028440
  117   1   0       0.94776389
  118   1   0       1.23246422
  118   2   1       2.84863636
  119   1   0       0.95837767
  120   1   0       0.95255969
  121   1   0       1.26664216
  121   2   1       2.94746867
  122   1   0       0.93862610
  123   1   0       0.93913787
  124   1   0       0.92725858
  125   1   0       1.26725102
  125   2   1       2.92903799
  126   1   0       0.94924786
  127   1   0       0.92171928
  128   1   0       0.93653313
  129   1   0       1.23095114
  129   2   1       2.85891970
  130   1   0       0.94182359
  131   1   0       0.95124445
  132   1   0       1.23918977
  132   2   1       2.85147670
  133   1   0       0.92990402
  134   1   0       0.98551639
  135   1   0       1.24819928
  135   2   1       2.85014134
  136   1   0       0.94075809
  137   1   0       0.95918953
  138   1   0       1.25745790
  138   2   1       2.87562883
  139   1   0       0.92871513
  140   1   0       0.94170769
  141   1   0       1.25225192
  141   2   1       2.85833418
  142   1   0       0.93484647
  143   1   0       0.94861255
  144   1   0       1.23826617
  144   2   1       2.85047469
  145   1   0       0.97072535
  146   1   0       0.94665875
  147   1   0       1.24192766
  147   2   1       2.87289766
  148   1   0       0.92502059
  149   1   0       0.94930642
  150   1   0       1.22918705
  150   2   1       2.88256217
  151   1   0       0.93745764
  152   1   0       0.93044312
  153   1   0       1.26833448
  153   2   1       2.93613626
  154   1   0       0.93638226
  155   1   0       0.94715970
  156   1   0       0.93161800
  157   1   0       1.26013541
  157   2   1       2.94128817
  158   1   0       0.93930467
  159   1   0       0.92544474
  160   1   0       0.95518128
  161   1   0       1.25541746
  161   2   1       2.85934653
  162   1   0       0.92253602
  163   1   0       0.92409036
  164   1   0       1.23900110
  164   2   1       2.90300445
  165   1   0       0.92285582
  166   1   0       0.92337484
  167   1   0       1.25046120
  167   2   1       2.82458501
  168   1   0       0.95038881
  169   1   0       1.00716393
  170   1   0       1.23016048
  170   2   1       2.85808468
  171   1   0       0.92580852
  172   1   0       0.96285524
  173   1   0       1.23886444
  173   2   1       2.87306867
  174   1   0       0.95229272
  175   1   0       0.94676917
  176   1   0       1.25441928
  176   2   1       2.86596799
  177   1   0       0.93145864
  178   1   0       0.94124062
  179   1   0       1.25984514
  179   2   1       2.84854221
  180   1   0       0.96546290
  181   1   0       0.94365779
  182   1   0       1.24012317
  182   2   1       2.84230410
  183   1   0       0.93859653
  184   1   0       0.95054854
  185   1   0       1.26279699
  185   2   1       2.92972428
  186   1   0       0.93326479
  187   1   0       0.94672374
  188   1   0       0.95089462
  189   1   0       1.26322858
  189   2   1       2.94148628
  190   1   0       0.93511263
  191   1   0       0.95373261
  192   1   0       0.92731414
  193   1   0       1.23226363
  193   2   1       2.85128205
  194   1   0       0.94500505
  195   1   0       0.95966094
  196   1   0       1.25861987
  196   2   1       2.83537456
  197   1   0       0.96084568
  198   1   0       0.95721242
  199   1   0       1.24325253
  199   2   1       2.87553747
  200   1   0       0.94256117
  201   1   0       0.94024012
  202   1   0       1.24209514
  202   2   1       2.87168538
  203   1   0       0.94904605
  204   1   0       0.94349639
  205   1   0       1.23928564
  205   2   1       2.86890783
  206   1   0       0.94431204
  207   1   0       0.92799717
  208   1   0       1.24758254
  208   2   1       2.86693744
  209   1   0       0.92810463
  210   1   0       0.95794804
  211   1   0       1.25602456
  211   2   1       2.86593299
  212   1   0       0.93493712
  213   1   0       0.94411521
  214   1   0       1.24903178
  214   2   1       2.85406492
  215   1   0       0.94473003
  216   1   0       0.93631322
  217   1   0       1.26201245
  217   2   1       2.94650958
  218   1   0       0.93384568
  219   1   0       0.94106194
  220   1   0       0.92391567
  221   1   0       1.27725118
  221   2   1       2.92818798
  222   1   0       0.94039529
  223   1   0       0.93368889
  224   1   0       0.93999961
  225   1   0       1.22150416
  225   2   1       2.87557995
  226   1   0       0.96173356
  227   1   0       0.93443253
  228   1   0       1.23275855
  228   2   1       2.85324249
  229   1   0       0.94497320
  230   1   0       0.95640550
  231   1   0       1.24315079
  231   2   1       2.84374978
  232   1   0       0.96807576
  233   1   0       0.95393866
  234   1   0       1.23972489
  234   2   1       2.85732848
  235   1   0       0.94661144
  236   1   0       0.94499704
  237   1   0       1.25402014
  237   2   1       2.85314313
  238   1   0       0.94839398
  239   1   0       0.94210192
  240   1   0       1.25352150
  240   2   1       2.87530247
  241   1   0       0.94592725
  242   1   0       0.94631301
  243   1   0       1.24766327
  243   2   1       2.86226524
  244   1   0       0.94337767
  245   1   0       0.94121618
  246   1   0       1.22805163
  246   2   1       2.86846049
  247   1   0       0.95280515
  248   1   0       0.94184587
  249   1   0       1.26354191
  249   2   1       2.93988485
  250   1   0       0.93978791
  251   1   0       0.93000100
  252   1   0       0.94329961
  253   1   0       1.25409911
  253   2   1       2.94222914
  254   1   0       0.93659895
  255   1   0       0.93040365
  256   1   0       0.94076021
  257   1   0       1.24025003
  257   2   1       2.84935676
  258   1   0       0.93788791
  259   1   0       0.94450341
  260   1   0       1.23478032
  260   2   1       2.86619180
  261   1   0       0.96615552
  262   1   0       0.92424906
  263   1   0       1.23755562
  263   2   1       2.85245931
  264   1   0       0.95837899
  265   1   0       0.95367737
  266   1   0       1.24108526
  266   2   1       2.86440483
  267   1   0       0.96137313
  268   1   0       0.94321908
  269   1   0       1.23955480
  269   2   1       2.88349547
  270   1   0       0.94178893
  271   1   0       0.93899521
  272   1   0       1.22909737
  272   2   1       2.86185691
  273   1   0       0.95666879
  274   1   0       0.95740209
  275   1   0       1.22250610
  275   2   1       2.87502100
  276   1   0       0.93441833
  277   1   0       0.94829170
  278   1   0       1.24193202
  278   2   1       2.86274573
  279   1   0       0.94942956
  280   1   0       0.93067267
  281   1   0       1.25659047
  281   2   1       2.97052280
  282   1   0       0.93925939
  283   1   0       0.92589908
  284   1   0       0.93089807
  285   1   0       1.26676034
  285   2   1       2.95524227
  286   1   0       0.93338229
  287   1   0       0.92891902
  288   1   0       0.93999724
  289   1   0       1.22477086
  289   2   1       2.85909358
  290   1   0       0.94095283
  291   1   0       0.96505611
  292   1   0       1.22055257
  292   2   1       2.88996479
  293   1   0       0.93889054
  294   1   0       0.92503940
  295   1   0       1.24422891
  295   2   1       2.85348850
  296   1   0       0.96510911
  297   1   0       0.95919684
  298   1   0       1.24783900
  298   2   1       2.86959562
  299   1   0       0.93485838
  300   1   0       0.94598652
  301   1   0       1.22841400
  301   2   1       2.86607656
  302   1   0       0.94679552
  303   1   0       0.96671545
  304   1   0       1.22886775
  304   2   1       2.87623532
  305   1   0       0.94522747
  306   1   0       0.94261082
  307   1   0       1.22914704
  307   2   1       2.89897326
  308   1   0       0.92839178
  309   1   0       0.93983366
  310   1   0       1.22713200
  310   2   1       2.88472262
  311   1   0       0.93311078
  312   1   0       0.94113060
  313   1   0       1.25803224
  313   2   1       2.94057394
  314   1   0       0.93801780
  315   1   0       0.94505651
  316   1   0       0.93706914
  317   1   0       1.27791266
  317   2   1       2.92664543
  318   1   0       0.93362505
  319   1   0       0.94245881
  320   1   0       0.93348434
  321   1   0       1.23454511
  321   2   1       2.88500881
  322   1   0       0.93163098
  323   1   0       0.93594406
  324   1   0       1.22993004
  324   2   1       2.87175067
  325   1   0       0.93765044
  326   1   0       0.94672638
  327   1   0       1.22987018
  327   2   1       2.88250040
  328   1   0       0.94852430
  329   1   0       0.95000123
  330   1   0       1.24740175
  330   2   1       2.84366790
  331   1   0       0.96579252
  332   1   0       0.94949492
  333   1   0       1.23869524
  333   2   1       2.86027659
  334   1   0       0.97068181
  335   1   0       0.92981414
  336   1   0       1.22546973
  336   2   1       2.86485639
  337   1   0       0.94136678
  338   1   0       0.94508119
  339   1   0       1.21778158
  339   2   1       2.88008784
  340   1   0       0.93919791
  341   1   0       0.94912021
  342   1   0       1.23653549
  342   2   1       2.85909884
  343   1   0       0.95360862
  344   1   0       0.94574134
  345   1   0       1.26186417
  345   2   1       2.94349691
  346   1   0       0.94818197
  347   1   0       0.92441367
  348   1   0       0.93822695
  349   1   0       1.27298121
  349   2   1       2.90890799
  350   1   0       0.94441512
  351   1   0       0.95135942
  352   1   0       0.95498138
 
Orbital populations (up)
 Atom Sh.   l   m       Population  Label
    1   1   0   0       1.23902005  s
    1   2   1  -1       0.92731592  p_y
    1   2   1   0       0.98116161  p_z
    1   2   1   1       0.96200208  p_x
    2   1   0   0       0.94369933  s
    3   1   0   0       0.94731904  s
    4   1   0   0       1.23892900  s
    4   2   1  -1       0.94989034  p_y
    4   2   1   0       0.95829171  p_z
    4   2   1   1       0.94411962  p_x
    5   1   0   0       0.96104324  s
    6   1   0   0       0.94314780  s
    7   1   0   0       1.21347707  s
    7   2   1  -1       0.94548842  p_y
    7   2   1   0       0.94766061  p_z
    7   2   1   1       0.98030488  p_x
    8   1   0   0       0.93790226  s
    9   1   0   0       0.94788451  s
   10   1   0   0       1.24389312  s
   10   2   1  -1       0.94169341  p_y
   10   2   1   0       0.95956146  p_z
   10   2   1   1       0.95443440  p_x
   11   1   0   0       0.95809160  s
   12   1   0   0       0.93926632  s
   13   1   0   0       1.25538002  s
   13   2   1  -1       0.93185328  p_y
   13   2   1   0       0.96135891  p_z
   13   2   1   1       0.97071662  p_x
   14   1   0   0       0.95264165  s
   15   1   0   0       0.94234376  s
   16   1   0   0       1.25160814  s
   16   2   1  -1       0.92114582  p_y
   16   2   1   0       0.95935554  p_z
   16   2   1   1       0.96974914  p_x
   17   1   0   0       0.93553588  s
   18   1   0   0       0.95339185  s
   19   1   0   0       1.24963210  s
   19   2   1  -1       0.94360492  p_y
   19   2   1   0       0.96325667  p_z
   19   2   1   1       0.96291867  p_x
   20   1   0   0       0.94755843  s
   21   1   0   0       0.93451201  s
   22   1   0   0       1.23438916  s
   22   2   1  -1       0.94846966  p_y
   22   2   1   0       0.96778147  p_z
   22   2   1   1       0.94041464  p_x
   23   1   0   0       0.94797902  s
   24   1   0   0       0.94333274  s
   25   1   0   0       1.28067625  s
   25   2   1  -1       0.95293195  p_y
   25   2   1   0       0.98079333  p_z
   25   2   1   1       0.97466562  p_x
   26   1   0   0       0.95693762  s
   27   1   0   0       0.92822479  s
   28   1   0   0       0.94635971  s
   29   1   0   0       1.25484707  s
   29   2   1  -1       0.96613239  p_y
   29   2   1   0       0.99673987  p_z
   29   2   1   1       0.97621862  p_x
   30   1   0   0       0.94265869  s
   31   1   0   0       0.94305083  s
   32   1   0   0       0.94367832  s
   33   1   0   0       1.23646572  s
   33   2   1  -1       0.95811402  p_y
   33   2   1   0       0.94949487  p_z
   33   2   1   1       0.96640709  p_x
   34   1   0   0       0.94437467  s
   35   1   0   0       0.94028950  s
   36   1   0   0       1.23751745  s
   36   2   1  -1       0.94793871  p_y
   36   2   1   0       0.93830119  p_z
   36   2   1   1       0.97963873  p_x
   37   1   0   0       0.95653846  s
   38   1   0   0       0.93254709  s
   39   1   0   0       1.26241685  s
   39   2   1  -1       0.93604324  p_y
   39   2   1   0       0.96630120  p_z
   39   2   1   1       0.95254763  p_x
   40   1   0   0       0.95081090  s
   41   1   0   0       0.94851050  s
   42   1   0   0       1.25360564  s
   42   2   1  -1       0.93196359  p_y
   42   2   1   0       0.94115302  p_z
   42   2   1   1       0.98270201  p_x
   43   1   0   0       0.94442545  s
   44   1   0   0       0.95267478  s
   45   1   0   0       1.21861830  s
   45   2   1  -1       0.94125409  p_y
   45   2   1   0       0.95852500  p_z
   45   2   1   1       0.97626389  p_x
   46   1   0   0       0.95278296  s
   47   1   0   0       0.94397236  s
   48   1   0   0       1.22232521  s
   48   2   1  -1       0.94625667  p_y
   48   2   1   0       0.96942272  p_z
   48   2   1   1       0.95095226  p_x
   49   1   0   0       0.96727489  s
   50   1   0   0       0.93698794  s
   51   1   0   0       1.22694161  s
   51   2   1  -1       0.98021749  p_y
   51   2   1   0       0.93993124  p_z
   51   2   1   1       0.94794063  p_x
   52   1   0   0       0.93675090  s
   53   1   0   0       0.98305328  s
   54   1   0   0       1.20611039  s
   54   2   1  -1       0.96060650  p_y
   54   2   1   0       0.95318878  p_z
   54   2   1   1       0.96673170  p_x
   55   1   0   0       0.95142944  s
   56   1   0   0       0.94899017  s
   57   1   0   0       1.27619981  s
   57   2   1  -1       0.96943284  p_y
   57   2   1   0       0.97799740  p_z
   57   2   1   1       0.97488292  p_x
   58   1   0   0       0.93249052  s
   59   1   0   0       0.93094118  s
   60   1   0   0       0.93951486  s
   61   1   0   0       1.24955875  s
   61   2   1  -1       0.98159174  p_y
   61   2   1   0       0.98672384  p_z
   61   2   1   1       0.97659352  p_x
   62   1   0   0       0.93812382  s
   63   1   0   0       0.93345223  s
   64   1   0   0       0.93723374  s
   65   1   0   0       1.23290781  s
   65   2   1  -1       0.91877021  p_y
   65   2   1   0       0.94716681  p_z
   65   2   1   1       0.98530968  p_x
   66   1   0   0       0.94394302  s
   67   1   0   0       0.97168077  s
   68   1   0   0       1.23166897  s
   68   2   1  -1       0.95504256  p_y
   68   2   1   0       0.96440042  p_z
   68   2   1   1       0.93414629  p_x
   69   1   0   0       0.96543638  s
   70   1   0   0       0.93176526  s
   71   1   0   0       1.23154051  s
   71   2   1  -1       0.95769308  p_y
   71   2   1   0       0.98617560  p_z
   71   2   1   1       0.93682664  p_x
   72   1   0   0       0.93390510  s
   73   1   0   0       0.94377795  s
   74   1   0   0       1.24301906  s
   74   2   1  -1       0.94269244  p_y
   74   2   1   0       0.94143262  p_z
   74   2   1   1       0.97663723  p_x
   75   1   0   0       0.96489155  s
   76   1   0   0       0.93914736  s
   77   1   0   0       1.23963621  s
   77   2   1  -1       0.93456871  p_y
   77   2   1   0       0.97007809  p_z
   77   2   1   1       0.97189604  p_x
   78   1   0   0       0.93577792  s
   79   1   0   0       0.95848757  s
   80   1   0   0       1.24106872  s
   80   2   1  -1       0.93102011  p_y
   80   2   1   0       0.98529671  p_z
   80   2   1   1       0.95297703  p_x
   81   1   0   0       0.93590544  s
   82   1   0   0       0.94683929  s
   83   1   0   0       1.24010654  s
   83   2   1  -1       0.97511856  p_y
   83   2   1   0       0.91726462  p_z
   83   2   1   1       0.96231342  p_x
   84   1   0   0       0.94969678  s
   85   1   0   0       0.94421497  s
   86   1   0   0       1.26213721  s
   86   2   1  -1       0.93952999  p_y
   86   2   1   0       0.91772254  p_z
   86   2   1   1       0.97034169  p_x
   87   1   0   0       0.95255666  s
   88   1   0   0       0.94715541  s
   89   1   0   0       1.25976157  s
   89   2   1  -1       0.97425354  p_y
   89   2   1   0       0.97111835  p_z
   89   2   1   1       1.00989214  p_x
   90   1   0   0       0.94377567  s
   91   1   0   0       0.93335846  s
   92   1   0   0       0.93422562  s
   93   1   0   0       1.29257644  s
   93   2   1  -1       0.96957083  p_y
   93   2   1   0       0.96091378  p_z
   93   2   1   1       0.99003893  p_x
   94   1   0   0       0.92717022  s
   95   1   0   0       0.91117575  s
   96   1   0   0       0.95910082  s
   97   1   0   0       1.23805228  s
   97   2   1  -1       0.96207656  p_y
   97   2   1   0       0.95250740  p_z
   97   2   1   1       0.94161290  p_x
   98   1   0   0       0.95200761  s
   99   1   0   0       0.93066976  s
  100   1   0   0       1.23375179  s
  100   2   1  -1       0.96846104  p_y
  100   2   1   0       0.97030622  p_z
  100   2   1   1       0.91434999  p_x
  101   1   0   0       0.94974046  s
  102   1   0   0       0.96634838  s
  103   1   0   0       1.24226209  s
  103   2   1  -1       0.95286110  p_y
  103   2   1   0       0.94252687  p_z
  103   2   1   1       0.96106233  p_x
  104   1   0   0       0.95369442  s
  105   1   0   0       0.94346558  s
  106   1   0   0       1.25671353  s
  106   2   1  -1       0.95853471  p_y
  106   2   1   0       0.94255116  p_z
  106   2   1   1       0.95542190  p_x
  107   1   0   0       0.95086175  s
  108   1   0   0       0.93524350  s
  109   1   0   0       1.23389178  s
  109   2   1  -1       0.94441534  p_y
  109   2   1   0       0.96648018  p_z
  109   2   1   1       0.94460388  p_x
  110   1   0   0       0.95673820  s
  111   1   0   0       0.94499413  s
  112   1   0   0       1.23549593  s
  112   2   1  -1       0.95058200  p_y
  112   2   1   0       0.96340393  p_z
  112   2   1   1       0.95169590  p_x
  113   1   0   0       0.96379737  s
  114   1   0   0       0.94626015  s
  115   1   0   0       1.24940722  s
  115   2   1  -1       0.92927464  p_y
  115   2   1   0       0.96197580  p_z
  115   2   1   1       0.97348859  p_x
  116   1   0   0       0.95028440  s
  117   1   0   0       0.94776389  s
  118   1   0   0       1.23246422  s
  118   2   1  -1       0.92494710  p_y
  118   2   1   0       0.97250661  p_z
  118   2   1   1       0.95118264  p_x
  119   1   0   0       0.95837767  s
  120   1   0   0       0.95255969  s
  121   1   0   0       1.26664216  s
  121   2   1  -1       0.98646783  p_y
  121   2   1   0       0.99509648  p_z
  121   2   1   1       0.96590435  p_x
  122   1   0   0       0.93862610  s
  123   1   0   0       0.93913787  s
  124   1   0   0       0.92725858  s
  125   1   0   0       1.26725102  s
  125   2   1  -1       0.97756184  p_y
  125   2   1   0       0.99505089  p_z
  125   2   1   1       0.95642527  p_x
  126   1   0   0       0.94924786  s
  127   1   0   0       0.92171928  s
  128   1   0   0       0.93653313  s
  129   1   0   0       1.23095114  s
  129   2   1  -1       0.93858317  p_y
  129   2   1   0       0.94278888  p_z
  129   2   1   1       0.97754764  p_x
  130   1   0   0       0.94182359  s
  131   1   0   0       0.95124445  s
  132   1   0   0       1.23918977  s
  132   2   1  -1       0.92898516  p_y
  132   2   1   0       0.97034037  p_z
  132   2   1   1       0.95215118  p_x
  133   1   0   0       0.92990402  s
  134   1   0   0       0.98551639  s
  135   1   0   0       1.24819928  s
  135   2   1  -1       0.93962067  p_y
  135   2   1   0       0.95547759  p_z
  135   2   1   1       0.95504308  p_x
  136   1   0   0       0.94075809  s
  137   1   0   0       0.95918953  s
  138   1   0   0       1.25745790  s
  138   2   1  -1       0.98949573  p_y
  138   2   1   0       0.93276979  p_z
  138   2   1   1       0.95336331  p_x
  139   1   0   0       0.92871513  s
  140   1   0   0       0.94170769  s
  141   1   0   0       1.25225192  s
  141   2   1  -1       0.95536568  p_y
  141   2   1   0       0.93245015  p_z
  141   2   1   1       0.97051835  p_x
  142   1   0   0       0.93484647  s
  143   1   0   0       0.94861255  s
  144   1   0   0       1.23826617  s
  144   2   1  -1       0.97897846  p_y
  144   2   1   0       0.93126354  p_z
  144   2   1   1       0.94023270  p_x
  145   1   0   0       0.97072535  s
  146   1   0   0       0.94665875  s
  147   1   0   0       1.24192766  s
  147   2   1  -1       0.96453500  p_y
  147   2   1   0       0.96439945  p_z
  147   2   1   1       0.94396321  p_x
  148   1   0   0       0.92502059  s
  149   1   0   0       0.94930642  s
  150   1   0   0       1.22918705  s
  150   2   1  -1       0.96737181  p_y
  150   2   1   0       0.97515438  p_z
  150   2   1   1       0.94003598  p_x
  151   1   0   0       0.93745764  s
  152   1   0   0       0.93044312  s
  153   1   0   0       1.26833448  s
  153   2   1  -1       0.95628706  p_y
  153   2   1   0       1.00004881  p_z
  153   2   1   1       0.97980038  p_x
  154   1   0   0       0.93638226  s
  155   1   0   0       0.94715970  s
  156   1   0   0       0.93161800  s
  157   1   0   0       1.26013541  s
  157   2   1  -1       0.98680055  p_y
  157   2   1   0       0.97801482  p_z
  157   2   1   1       0.97647280  p_x
  158   1   0   0       0.93930467  s
  159   1   0   0       0.92544474  s
  160   1   0   0       0.95518128  s
  161   1   0   0       1.25541746  s
  161   2   1  -1       0.92117174  p_y
  161   2   1   0       0.95705873  p_z
  161   2   1   1       0.98111605  p_x
  162   1   0   0       0.92253602  s
  163   1   0   0       0.92409036  s
  164   1   0   0       1.23900110  s
  164   2   1  -1       0.95437191  p_y
  164   2   1   0       0.95868592  p_z
  164   2   1   1       0.98994663  p_x
  165   1   0   0       0.92285582  s
  166   1   0   0       0.92337484  s
  167   1   0   0       1.25046120  s
  167   2   1  -1       0.92350804  p_y
  167   2   1   0       0.95658384  p_z
  167   2   1   1       0.94449313  p_x
  168   1   0   0       0.95038881  s
  169   1   0   0       1.00716393  s
  170   1   0   0       1.23016048  s
  170   2   1  -1       0.92953299  p_y
  170   2   1   0       0.97385906  p_z
  170   2   1   1       0.95469263  p_x
  171   1   0   0       0.92580852  s
  172   1   0   0       0.96285524  s
  173   1   0   0       1.23886444  s
  173   2   1  -1       0.91941759  p_y
  173   2   1   0       0.98792078  p_z
  173   2   1   1       0.96573030  p_x
  174   1   0   0       0.95229272  s
  175   1   0   0       0.94676917  s
  176   1   0   0       1.25441928  s
  176   2   1  -1       0.94401754  p_y
  176   2   1   0       0.97261476  p_z
  176   2   1   1       0.94933568  p_x
  177   1   0   0       0.93145864  s
  178   1   0   0       0.94124062  s
  179   1   0   0       1.25984514  s
  179   2   1  -1       0.94501040  p_y
  179   2   1   0       0.94874259  p_z
  179   2   1   1       0.95478922  p_x
  180   1   0   0       0.96546290  s
  181   1   0   0       0.94365779  s
  182   1   0   0       1.24012317  s
  182   2   1  -1       0.94358782  p_y
  182   2   1   0       0.96642787  p_z
  182   2   1   1       0.93228841  p_x
  183   1   0   0       0.93859653  s
  184   1   0   0       0.95054854  s
  185   1   0   0       1.26279699  s
  185   2   1  -1       0.95564838  p_y
  185   2   1   0       0.98943977  p_z
  185   2   1   1       0.98463613  p_x
  186   1   0   0       0.93326479  s
  187   1   0   0       0.94672374  s
  188   1   0   0       0.95089462  s
  189   1   0   0       1.26322858  s
  189   2   1  -1       0.99816807  p_y
  189   2   1   0       1.00085007  p_z
  189   2   1   1       0.94246813  p_x
  190   1   0   0       0.93511263  s
  191   1   0   0       0.95373261  s
  192   1   0   0       0.92731414  s
  193   1   0   0       1.23226363  s
  193   2   1  -1       0.97209186  p_y
  193   2   1   0       0.93800092  p_z
  193   2   1   1       0.94118928  p_x
  194   1   0   0       0.94500505  s
  195   1   0   0       0.95966094  s
  196   1   0   0       1.25861987  s
  196   2   1  -1       0.92387184  p_y
  196   2   1   0       0.94679880  p_z
  196   2   1   1       0.96470391  p_x
  197   1   0   0       0.96084568  s
  198   1   0   0       0.95721242  s
  199   1   0   0       1.24325253  s
  199   2   1  -1       0.94513349  p_y
  199   2   1   0       0.97396775  p_z
  199   2   1   1       0.95643622  p_x
  200   1   0   0       0.94256117  s
  201   1   0   0       0.94024012  s
  202   1   0   0       1.24209514  s
  202   2   1  -1       0.98395948  p_y
  202   2   1   0       0.95412033  p_z
  202   2   1   1       0.93360558  p_x
  203   1   0   0       0.94904605  s
  204   1   0   0       0.94349639  s
  205   1   0   0       1.23928564  s
  205   2   1  -1       0.96082721  p_y
  205   2   1   0       0.95685220  p_z
  205   2   1   1       0.95122842  p_x
  206   1   0   0       0.94431204  s
  207   1   0   0       0.92799717  s
  208   1   0   0       1.24758254  s
  208   2   1  -1       0.97389275  p_y
  208   2   1   0       0.94508485  p_z
  208   2   1   1       0.94795983  p_x
  209   1   0   0       0.92810463  s
  210   1   0   0       0.95794804  s
  211   1   0   0       1.25602456  s
  211   2   1  -1       0.97055508  p_y
  211   2   1   0       0.97000023  p_z
  211   2   1   1       0.92537769  p_x
  212   1   0   0       0.93493712  s
  213   1   0   0       0.94411521  s
  214   1   0   0       1.24903178  s
  214   2   1  -1       0.93112927  p_y
  214   2   1   0       0.97795448  p_z
  214   2   1   1       0.94498116  p_x
  215   1   0   0       0.94473003  s
  216   1   0   0       0.93631322  s
  217   1   0   0       1.26201245  s
  217   2   1  -1       0.97090889  p_y
  217   2   1   0       0.99977662  p_z
  217   2   1   1       0.97582407  p_x
  218   1   0   0       0.93384568  s
  219   1   0   0       0.94106194  s
  220   1   0   0       0.92391567  s
  221   1   0   0       1.27725118  s
  221   2   1  -1       0.96319238  p_y
  221   2   1   0       0.98114653  p_z
  221   2   1   1       0.98384907  p_x
  222   1   0   0       0.94039529  s
  223   1   0   0       0.93368889  s
  224   1   0   0       0.93999961  s
  225   1   0   0       1.22150416  s
  225   2   1  -1       0.96681330  p_y
  225   2   1   0       0.93667749  p_z
  225   2   1   1       0.97208916  p_x
  226   1   0   0       0.96173356  s
  227   1   0   0       0.93443253  s
  228   1   0   0       1.23275855  s
  228   2   1  -1       0.94787199  p_y
  228   2   1   0       0.94298177  p_z
  228   2   1   1       0.96238873  p_x
  229   1   0   0       0.94497320  s
  230   1   0   0       0.95640550  s
  231   1   0   0       1.24315079  s
  231   2   1  -1       0.95237260  p_y
  231   2   1   0       0.93586115  p_z
  231   2   1   1       0.95551604  p_x
  232   1   0   0       0.96807576  s
  233   1   0   0       0.95393866  s
  234   1   0   0       1.23972489  s
  234   2   1  -1       0.95311137  p_y
  234   2   1   0       0.93121626  p_z
  234   2   1   1       0.97300086  p_x
  235   1   0   0       0.94661144  s
  236   1   0   0       0.94499704  s
  237   1   0   0       1.25402014  s
  237   2   1  -1       0.94284951  p_y
  237   2   1   0       0.93728054  p_z
  237   2   1   1       0.97301307  p_x
  238   1   0   0       0.94839398  s
  239   1   0   0       0.94210192  s
  240   1   0   0       1.25352150  s
  240   2   1  -1       0.98348634  p_y
  240   2   1   0       0.94936884  p_z
  240   2   1   1       0.94244729  p_x
  241   1   0   0       0.94592725  s
  242   1   0   0       0.94631301  s
  243   1   0   0       1.24766327  s
  243   2   1  -1       0.94964550  p_y
  243   2   1   0       0.96342287  p_z
  243   2   1   1       0.94919687  p_x
  244   1   0   0       0.94337767  s
  245   1   0   0       0.94121618  s
  246   1   0   0       1.22805163  s
  246   2   1  -1       0.92620499  p_y
  246   2   1   0       0.96257954  p_z
  246   2   1   1       0.97967597  p_x
  247   1   0   0       0.95280515  s
  248   1   0   0       0.94184587  s
  249   1   0   0       1.26354191  s
  249   2   1  -1       0.97268217  p_y
  249   2   1   0       1.00616137  p_z
  249   2   1   1       0.96104131  p_x
  250   1   0   0       0.93978791  s
  251   1   0   0       0.93000100  s
  252   1   0   0       0.94329961  s
  253   1   0   0       1.25409911  s
  253   2   1  -1       0.99084215  p_y
  253   2   1   0       0.96580067  p_z
  253   2   1   1       0.98558632  p_x
  254   1   0   0       0.93659895  s
  255   1   0   0       0.93040365  s
  256   1   0   0       0.94076021  s
  257   1   0   0       1.24025003  s
  257   2   1  -1       0.94030498  p_y
  257   2   1   0       0.96814167  p_z
  257   2   1   1       0.94091011  p_x
  258   1   0   0       0.93788791  s
  259   1   0   0       0.94450341  s
  260   1   0   0       1.23478032  s
  260   2   1  -1       0.95026133  p_y
  260   2   1   0       0.97721139  p_z
  260   2   1   1       0.93871908  p_x
  261   1   0   0       0.96615552  s
  262   1   0   0       0.92424906  s
  263   1   0   0       1.23755562  s
  263   2   1  -1       0.93322589  p_y
  263   2   1   0       0.95757403  p_z
  263   2   1   1       0.96165940  p_x
  264   1   0   0       0.95837899  s
  265   1   0   0       0.95367737  s
  266   1   0   0       1.24108526  s
  266   2   1  -1       0.92349650  p_y
  266   2   1   0       0.97424322  p_z
  266   2   1   1       0.96666512  p_x
  267   1   0   0       0.96137313  s
  268   1   0   0       0.94321908  s
  269   1   0   0       1.23955480  s
  269   2   1  -1       0.92240632  p_y
  269   2   1   0       0.98058717  p_z
  269   2   1   1       0.98050197  p_x
  270   1   0   0       0.94178893  s
  271   1   0   0       0.93899521  s
  272   1   0   0       1.22909737  s
  272   2   1  -1       0.92740869  p_y
  272   2   1   0       0.98280773  p_z
  272   2   1   1       0.95164048  p_x
  273   1   0   0       0.95666879  s
  274   1   0   0       0.95740209  s
  275   1   0   0       1.22250610  s
  275   2   1  -1       0.94367293  p_y
  275   2   1   0       0.97106573  p_z
  275   2   1   1       0.96028234  p_x
  276   1   0   0       0.93441833  s
  277   1   0   0       0.94829170  s
  278   1   0   0       1.24193202  s
  278   2   1  -1       0.93294741  p_y
  278   2   1   0       0.97342362  p_z
  278   2   1   1       0.95637470  p_x
  279   1   0   0       0.94942956  s
  280   1   0   0       0.93067267  s
  281   1   0   0       1.25659047  s
  281   2   1  -1       0.99936198  p_y
  281   2   1   0       0.99409917  p_z
  281   2   1   1       0.97706166  p_x
  282   1   0   0       0.93925939  s
  283   1   0   0       0.92589908  s
  284   1   0   0       0.93089807  s
  285   1   0   0       1.26676034  s
  285   2   1  -1       0.98199276  p_y
  285   2   1   0       1.00472502  p_z
  285   2   1   1       0.96852449  p_x
  286   1   0   0       0.93338229  s
  287   1   0   0       0.92891902  s
  288   1   0   0       0.93999724  s
  289   1   0   0       1.22477086  s
  289   2   1  -1       0.96393368  p_y
  289   2   1   0       0.93828780  p_z
  289   2   1   1       0.95687209  p_x
  290   1   0   0       0.94095283  s
  291   1   0   0       0.96505611  s
  292   1   0   0       1.22055257  s
  292   2   1  -1       0.98736775  p_y
  292   2   1   0       0.95084408  p_z
  292   2   1   1       0.95175296  p_x
  293   1   0   0       0.93889054  s
  294   1   0   0       0.92503940  s
  295   1   0   0       1.24422891  s
  295   2   1  -1       0.95124491  p_y
  295   2   1   0       0.94202175  p_z
  295   2   1   1       0.96022183  p_x
  296   1   0   0       0.96510911  s
  297   1   0   0       0.95919684  s
  298   1   0   0       1.24783900  s
  298   2   1  -1       0.99915332  p_y
  298   2   1   0       0.93575360  p_z
  298   2   1   1       0.93468870  p_x
  299   1   0   0       0.93485838  s
  300   1   0   0       0.94598652  s
  301   1   0   0       1.22841400  s
  301   2   1  -1       0.98257328  p_y
  301   2   1   0       0.96026982  p_z
  301   2   1   1       0.92323346  p_x
  302   1   0   0       0.94679552  s
  303   1   0   0       0.96671545  s
  304   1   0   0       1.22886775  s
  304   2   1  -1       0.97350766  p_y
  304   2   1   0       0.97362515  p_z
  304   2   1   1       0.92910251  p_x
  305   1   0   0       0.94522747  s
  306   1   0   0       0.94261082  s
  307   1   0   0       1.22914704  s
  307   2   1  -1       0.95568221  p_y
  307   2   1   0       0.97072358  p_z
  307   2   1   1       0.97256748  p_x
  308   1   0   0       0.92839178  s
  309   1   0   0       0.93983366  s
  310   1   0   0       1.22713200  s
  310   2   1  -1       0.98432115  p_y
  310   2   1   0       0.94915120  p_z
  310   2   1   1       0.95125027  p_x
  311   1   0   0       0.93311078  s
  312   1   0   0       0.94113060  s
  313   1   0   0       1.25803224  s
  313   2   1  -1       1.00400100  p_y
  313   2   1   0       0.96868832  p_z
  313   2   1   1       0.96788463  p_x
  314   1   0   0       0.93801780  s
  315   1   0   0       0.94505651  s
  316   1   0   0       0.93706914  s
  317   1   0   0       1.27791266  s
  317   2   1  -1       0.98047895  p_y
  317   2   1   0       0.96927766  p_z
  317   2   1   1       0.97688882  p_x
  318   1   0   0       0.93362505  s
  319   1   0   0       0.94245881  s
  320   1   0   0       0.93348434  s
  321   1   0   0       1.23454511  s
  321   2   1  -1       0.98123101  p_y
  321   2   1   0       0.95343438  p_z
  321   2   1   1       0.95034342  p_x
  322   1   0   0       0.93163098  s
  323   1   0   0       0.93594406  s
  324   1   0   0       1.22993004  s
  324   2   1  -1       0.95819539  p_y
  324   2   1   0       0.94923463  p_z
  324   2   1   1       0.96432065  p_x
  325   1   0   0       0.93765044  s
  326   1   0   0       0.94672638  s
  327   1   0   0       1.22987018  s
  327   2   1  -1       0.97406145  p_y
  327   2   1   0       0.95606387  p_z
  327   2   1   1       0.95237508  p_x
  328   1   0   0       0.94852430  s
  329   1   0   0       0.95000123  s
  330   1   0   0       1.24740175  s
  330   2   1  -1       0.95264627  p_y
  330   2   1   0       0.92134547  p_z
  330   2   1   1       0.96967616  p_x
  331   1   0   0       0.96579252  s
  332   1   0   0       0.94949492  s
  333   1   0   0       1.23869524  s
  333   2   1  -1       0.95372730  p_y
  333   2   1   0       0.95321836  p_z
  333   2   1   1       0.95333094  p_x
  334   1   0   0       0.97068181  s
  335   1   0   0       0.92981414  s
  336   1   0   0       1.22546973  s
  336   2   1  -1       0.97392665  p_y
  336   2   1   0       0.93987339  p_z
  336   2   1   1       0.95105635  p_x
  337   1   0   0       0.94136678  s
  338   1   0   0       0.94508119  s
  339   1   0   0       1.21778158  s
  339   2   1  -1       0.96678192  p_y
  339   2   1   0       0.96639140  p_z
  339   2   1   1       0.94691453  p_x
  340   1   0   0       0.93919791  s
  341   1   0   0       0.94912021  s
  342   1   0   0       1.23653549  s
  342   2   1  -1       0.97154809  p_y
  342   2   1   0       0.96085895  p_z
  342   2   1   1       0.92669180  p_x
  343   1   0   0       0.95360862  s
  344   1   0   0       0.94574134  s
  345   1   0   0       1.26186417  s
  345   2   1  -1       0.97902991  p_y
  345   2   1   0       0.98129294  p_z
  345   2   1   1       0.98317405  p_x
  346   1   0   0       0.94818197  s
  347   1   0   0       0.92441367  s
  348   1   0   0       0.93822695  s
  349   1   0   0       1.27298121  s
  349   2   1  -1       0.96858607  p_y
  349   2   1   0       0.97795995  p_z
  349   2   1   1       0.96236197  p_x
  350   1   0   0       0.94441512  s
  351   1   0   0       0.95135942  s
  352   1   0   0       0.95498138  s
 
Fermi level:                        -0.0817300063 H           -2.2240 eV
Band energy:                      -278.3978804185 H        -7575.5918 eV
TS:                                  0.0000000000 H            0.0000 eV
Band free energy (E-TS):          -278.3978804185 H        -7575.5918 eV
Extrapolated E(0K):               -278.3978804185 H        -7575.5918 eV
Input / Output electrons (q):    682.0000000000    682.0000000000
 
Energy H0:                        -282.9014616725 H        -7698.1404 eV
Energy SCC:                          0.0732057898 H            1.9920 eV
Total Electronic energy:          -282.8282558827 H        -7696.1484 eV
Repulsive energy:                    4.5301051674 H          123.2704 eV
Dispersion energy:                   1.1356760375 H           30.9033 eV
Total energy:                     -277.1624746778 H        -7541.9747 eV
Extrapolated to 0:                -277.1624746778 H        -7541.9747 eV
Total Mermin free energy:         -277.1624746778 H        -7541.9747 eV
Force related energy:             -277.1624746778 H        -7541.9747 eV
 
SCC converged
 
Full geometry written in geo_end.{xyz|gen}
 
MD Kinetic Energy:                   0.6978839365 H
Total MD Energy:                  -276.4645907413 H
Pressure:                           -0.796908E-05 au    -0.234458E+09 Pa
MD Temperature:                      0.0013255155 H          418.5642 K
MD Kinetic Energy:                   0.6978839365 H
Total MD Energy:                  -276.4645907413 H        -7522.9843 eV
MD Temperature:                      0.0013255155 H          418.5642 K
 
Molecular dynamics completed
 
