 Fermi distribution function
 
MD step: 100000
 

********************************************************************************
 iSCC Total electronic   Diff electronic      SCC error    
    6   -0.28194164E+03    0.65369932E-11    0.77540390E-06
********************************************************************************
 
Coordinates of moved atoms (au):
    1     78.98883695     49.68235637     60.72120526
    2     78.28850081     47.71409805     60.31467598
    3     78.58064671     51.11489718     59.14531601
    4     78.45593667     79.30157248     63.35763521
    5     79.74448894     81.04879685     63.89672457
    6     50.04646068     77.90432584     64.53229742
    7     75.36949808     79.95992553     63.95434325
    8     45.40779377     77.99348131     63.96409746
    9     74.54129481     81.11242816     62.24301467
   10     46.06189038     81.46836052     66.44823557
   11     43.88727724     81.35062507     66.68456941
   12     46.74268783     83.31662522     66.33063327
   13     76.09446273     80.92544345     69.00589874
   14     76.38853968     82.76917474     70.15640871
   15     59.92023351     91.51369565     61.23356169
   16     48.42283971     78.59564495     69.44023321
   17     32.60158837     90.15447710     63.70972062
   18     48.15632089     76.91321474     68.08948505
   19     78.47003825     77.71021429     71.83652059
   20     77.11036886     76.61037996     73.10593672
   21     79.28003086     79.35718075     73.16478891
   22     80.65338093     75.85340809     71.72021053
   23     52.26271378     75.11808074     73.67350084
   24     53.47680494     76.99226641     70.77620724
   25     81.93110298     49.09720030     60.32608826
   26     82.30251488     47.60936309     61.94567989
   27     82.55076162     47.77984210     58.56261098
   28     83.56627274     50.26509715     60.76447463
   29     80.55983304     73.50823044     70.17789061
   30     80.10876266     73.75245150     68.20450641
   31     82.55554702     72.63446024     70.39319310
   32     79.24067544     72.29164583     71.06919094
   33     45.18121965     62.88218390     64.78917610
   34     45.93840464     64.30760358     63.49669480
   35     43.31679299     63.31090277     65.55550878
   36     45.12403447     60.21945197     63.53143859
   37     44.95438499     58.53894572     64.89277910
   38     46.95773761     59.87181293     62.56420240
   39     43.20391956     59.71373929     61.41562239
   40     42.72636201     57.78930561     61.76768134
   41     44.32812343     60.08637617     59.75474141
   42     40.94844136     61.29867568     61.19505418
   43     70.22887847     63.37857044     61.47804380
   44     39.52502139     60.96063720     62.53318025
   45     39.59273393     61.23029785     58.48696697
   46     40.43035846     59.79619528     57.35474777
   47     68.85196112     62.98471985     57.05473586
   48     65.67382424     60.78337047     58.92390455
   49     64.69288907     62.42098465     59.85782431
   50     65.44355846     59.05041439     60.24877382
   51     35.22133287     60.49896646     56.46364376
   52     35.49571807     62.35139935     55.59411774
   53     33.20457099     60.36612061     56.95319435
   54     65.26384510     58.18500455     83.87414768
   55     66.72068828     56.78660554     85.04317266
   56     66.46474877     58.88542716     82.18369390
   57     46.80076830     62.99944692     67.03210432
   58     46.51156686     61.49418957     68.40332969
   59     48.65752930     62.94352098     66.15380122
   60     46.50371827     64.68216777     68.20368957
   61     34.46704777     56.06298867     82.79185714
   62     35.61448934     54.86714160     81.45922045
   63     33.83695293     54.57866247     84.12147233
   64     32.48236173     56.46310531     82.18677491
   65     64.73461610     83.35670001     65.11535048
   66     63.68898341     84.18989324     66.87718069
   67     64.17975318     81.43054794     65.52322864
   68     63.37341890     84.89948041     62.95503108
   69     63.05914861     83.84429172     61.21445926
   70     64.28217349     86.53761390     62.27582778
   71     60.71123207     85.30702974     63.37742840
   72     60.00991927     85.80115823     65.29694257
   73     59.67703014     83.45491079     63.02687713
   74     59.64112815     58.38964838     61.60281422
   75     60.53173015     58.51543943     59.59708132
   76     58.26056704     61.45629932     64.25735381
   77     56.66694673     57.84942850     60.79290823
   78     56.34598021     85.88246644     58.69816259
   79     55.71188296     88.48994121     60.34784685
   80     54.99799626     56.49758782     62.78192905
   81     56.55836529     56.00825134     64.02221429
   82     54.25151074     54.57831329     62.09194956
   83     52.79323860     57.72197705     64.21059450
   84     51.05339403     57.73919738     63.06670813
   85     52.91368362     59.94711508     64.12689262
   86     52.14802465     57.33930662     66.95262977
   87     50.00486812     57.28292147     67.16108530
   88     52.58432903     59.06150049     68.07071117
   89     67.89281825     83.82380662     64.86814061
   90     68.20865207     85.95903650     64.70952142
   91     68.40749445     83.16184407     66.67462378
   92     68.78965340     82.35099655     63.83576576
   93     53.32082483     55.35675163     68.64852794
   94     52.26365757     53.41382916     68.86464353
   95     55.24986091     54.61979710     68.16378145
   96     53.55135368     56.12869865     70.71430502
   97     60.87073221     51.59122676     74.93125098
   98     40.83006885     47.37590369     67.12682135
   99     62.57469036     52.59606935     75.88741603
  100     59.48244889     53.20428569     73.00280923
  101     58.13096634     54.34922342     74.03783940
  102     58.46288014     52.03493183     71.53035885
  103     61.11308491     55.10222330     71.60167318
  104     60.55416095     54.81257286     69.55759576
  105     63.27759002     54.42607870     71.44876909
  106     60.88485100     57.66616743     43.69471756
  107     58.91703955     57.92590864     44.33757776
  108     60.91895108     58.98573850     42.05441675
  109     62.60106218     58.19743083     45.94938095
  110     64.47666985     57.61899894     45.39499390
  111     61.94124269     57.08064207     47.91854712
  112     62.75711359     61.05717694     47.06469545
  113     62.95930337     62.45918676     45.60897203
  114     64.43117238     61.08403155     48.44379897
  115     60.83181804     61.76477598     49.03840058
  116     61.90432233     62.93311950     50.39362031
  117     60.66445638     60.06418145     50.17488190
  118     58.05764683     62.47237326     48.33257189
  119     57.79697203     63.02398079     46.43582262
  120     57.67498274     64.25846184     49.45836977
  121     60.02093679     49.44493964     75.73708031
  122     75.76557289     74.18629436     77.82256115
  123     58.02329839     49.15415228     75.74452747
  124     61.00139693     48.40332172     77.02532872
  125     55.78792698     60.70071847     48.42323516
  126     54.19018055     61.75266070     47.70872817
  127     56.48220840     59.18016456     47.15464126
  128     55.24726126     59.59677270     50.16337832
  129     65.84085177     60.48032888     68.25495932
  130     64.71636726     58.78101969     68.28126371
  131     66.99865586     60.45784927     66.32066683
  132     64.24743384     62.72219530     68.92753665
  133     64.79049986     63.36016982     70.81641697
  134     62.10078408     62.16830659     69.31413570
  135     64.14276440     65.00461870     67.08434907
  136     63.59893954     66.45845821     68.44344186
  137     62.55361879     64.70984396     65.64442624
  138     66.70177728     65.89680136     65.89335978
  139     66.85201594     64.67496341     64.13091660
  140     68.32223971     64.93641236     67.05687892
  141     66.88408711     68.72240540     65.14035817
  142     66.76926467     69.72815391     66.94712695
  143     65.15886301     69.42734837     64.25351004
  144     69.41903357     69.00298361     63.81365602
  145     69.64608471     70.95050553     62.91713951
  146     69.63408511     67.63559207     62.08760749
  147     71.50840482     69.13745306     65.61841535
  148     72.69556159     67.57580229     65.75760088
  149     70.92075056     69.63426034     67.55137368
  150     73.25092730     71.42247987     64.44832253
  151     72.46281313     73.09842242     65.01532527
  152     73.30221780     70.96087541     62.43677546
  153     68.18313970     60.56775083     70.10826095
  154     69.39547965     29.84727079     69.97469031
  155     68.75902666     62.29220559     69.09265892
  156     67.78594851     60.96516893     72.09834360
  157     75.99450036     71.48627510     65.15809746
  158     76.69684375     73.52949983     64.69480967
  159     76.60728968     71.31850178     67.26660235
  160     77.33354881     69.99064071     64.50811840
  161     77.26108760     66.25893454     55.64379309
  162     78.45231201     67.87349473     56.52396668
  163     77.24951702     66.48087974     53.59727027
  164     78.39514694     63.51201906     55.68382169
  165     77.89120060     62.15719495     57.27814099
  166     80.49248363     63.35037681     55.86791849
  167     77.48347956     62.00087732     53.37374867
  168     78.38079228     62.68418043     51.47225670
  169     75.50057132     61.83885636     53.52977526
  170     78.93463638     59.31508004     53.58025907
  171     81.04453520     59.32496155     53.51471573
  172     78.38721574     58.14284654     51.86948350
  173     78.48022313     86.63573277     56.25435149
  174     77.96387963     87.56065140     58.10095045
  175     80.10439245     56.59402718     56.35510029
  176     76.51158938     84.64931623     55.99467648
  177     76.12242775     84.10587584     58.26188051
  178     77.08933867     82.79858431     55.24373178
  179     73.92743760     85.17147646     54.71696917
  180     73.83965485     85.97697440     52.84875282
  181     72.53656584     86.10410200     56.15511833
  182     72.36948396     82.51029596     54.27813775
  183     70.38915669     82.76252862     53.66442885
  184     72.66720455     81.47948592     56.40577245
  185     74.32698666     66.24606502     56.65552149
  186     74.38471823     65.87364054     58.63098369
  187     73.40946783     68.18514739     56.23093834
  188     72.87570478     64.83189218     84.61387396
  189     73.69066875     80.43164423     52.59448680
  190     74.52325131     81.36757404     50.86540970
  191     75.15221183     79.65971056     53.79523975
  192     72.16210604     79.23804446     52.10109914
  193     67.64598482     51.42115293     77.43289372
  194     65.67922581     51.34322762     77.84236528
  195     68.43125149     78.97868440     78.75365466
  196     68.12278300     50.11439204     74.63604892
  197     69.66185731     51.11532604     73.25346561
  198     66.26422219     79.53316944     73.65496122
  199     68.36939657     47.18152179     74.44346474
  200     68.72890751     46.75453475     72.40545465
  201     66.56178772     45.94727603     75.03520697
  202     70.95503608     46.31095219     75.57080402
  203     71.12550816     46.71803970     77.66066716
  204     72.73659520     47.01381396     74.55679783
  205     71.11394503     43.38060598     75.32291544
  206     70.43165311     42.53526395     73.26126534
  207     69.57020701     42.36750161     76.60846218
  208     73.67765480     42.56645605     75.77056698
  209     74.93449910     42.86581944     74.11540939
  210     73.73056700     40.49088362     75.91457893
  211     74.89511593     72.39053783     78.22703947
  212     73.68678133     72.84907925     79.96624367
  213     76.61626268     71.08634389     78.12237560
  214     59.81473345     89.98815382     62.68139979
  215     82.16573200     38.95435289     80.01272904
  216     81.29478952     37.92242395     79.61784247
  217     68.23736462     54.16536934     77.55423885
  218     67.30039626     55.39281176     46.86850126
  219     67.25525419     54.52758820     50.32181984
  220     70.39725570     54.17181276     77.72050308
  221     67.91103811     48.15693609     67.60681478
  222     67.14428895     46.81125006     69.02118235
  223     68.44098187     49.60187966     68.84868159
  224     66.94997553     48.57952181     65.82070131
  225     70.05671587     77.35720958     57.98870366
  226     72.08153354     77.87095847     58.04865378
  227     69.80556821     75.91505566     59.57659297
  228     68.39375879     50.73699694     58.99035511
  229     69.36301524     52.41700138     57.90960545
  230     68.95562699     50.75043700     61.04616738
  231     65.65697738     79.79089772     58.28341130
  232     65.23017327     80.21233351     56.24622429
  233     64.99552661     81.69367679     59.22643796
  234     64.28930248     77.57553191     59.33124309
  235     65.42510564     77.08164765     60.97910291
  236     64.43282985     76.07478081     57.96786695
  237     61.62471971     78.07034198     60.03147502
  238     61.20282126     79.88683890     60.70362822
  239     60.89025856     47.99262844     61.76294096
  240     59.83981989     77.63208756     57.71504395
  241     58.18905850     47.82856046     58.69826433
  242     60.41061271     47.05692744     56.36577258
  243     59.27475464     79.94016667     56.34456332
  244     60.77901223     80.09323376     54.98015598
  245     59.42310901     81.59392313     57.50349855
  246     57.07592009     79.62657047     54.52065975
  247     55.58321379     78.37748407     55.10049359
  248     58.12576111     79.08970255     52.76932824
  249     69.63203908     46.92391605     55.60801580
  250     70.08851647     47.99593022     53.70432176
  251     71.39634310     45.58977196     55.71985605
  252     67.95757825     45.80682949     55.29210179
  253     55.79719644     82.60489962     53.89151278
  254     57.03954382     84.16761208     54.24614128
  255     55.10149827     82.33874376     51.99572256
  256     54.15067059     82.67243109     84.07868107
  257     87.67517697     76.07016842     66.24705200
  258     89.10162661     75.69859491     64.92206271
  259     87.04935927     74.17702484     66.93438448
  260     89.66095169     77.34275969     68.18297933
  261     88.74316723     78.95581755     69.01855998
  262     90.97024612     78.47253448     67.03989388
  263     91.09565914     75.52098007     70.12216850
  264     90.90510418     76.48947746     72.02603327
  265     93.09013791     75.64679425     69.47086883
  266     90.18973513     72.91667997     70.56042639
  267     90.78115489     71.69437398     69.03934225
  268     88.00279145     72.79178704     70.51173491
  269     91.14895257     71.16244827     72.82138523
  270     92.66080082     71.94957180     74.08677326
  271     92.11640330     69.75911399     71.76920598
  272     88.89883384     70.04869485     74.25150222
  273     87.57103466     68.74419339     73.25720650
  274     87.54026019     71.63811000     74.92441984
  275     90.01731112     68.64708725     76.53622503
  276     91.93225657     69.56131559     76.66364291
  277     90.58043105     66.59855374     76.27270771
  278     88.48446460     68.99946215     79.20718841
  279     88.96273743     67.54564705     80.76165115
  280     86.44297394     68.78487312     78.81093157
  281     85.32831341     77.66093844     65.25903205
  282     84.34597754     78.78078096     66.84335723
  283     85.60273871     78.97410765     63.78929780
  284     83.73302576     76.31383100     64.60222040
  285     88.90839867     71.66837170     80.47541980
  286     87.21353090     72.56427969     81.41111688
  287     90.39939688     71.76023361     81.70507103
  288     89.35802532     73.20442634     78.98475225
  289     57.04763426     67.70402481     88.00297416
  290     56.94199605     66.36620651     89.41360398
  291     56.06395222     66.77316565     86.30356610
  292     55.74481288     70.12015807     88.69270605
  293     54.90139056     70.82813113     87.02899248
  294     57.25288371     71.59245244     89.27675776
  295     53.48334676     70.14301423     90.72989067
  296     52.53292689     68.35258390     90.55817766
  297     52.43234388     71.83454325     61.31050200
  298     54.10432540     70.39157854     64.62165679
  299     52.54672009     70.95732425     94.71918119
  300     55.69125187     71.66629692     64.83016115
  301     55.10763764     67.86681960     65.69117244
  302     57.16428622     67.99787219     65.66396676
  303     54.66374998     66.41834241     93.31260655
  304     54.49431246     67.30287224     68.51366526
  305     54.87351513     69.19632113     69.35972284
  306     56.05939067     66.20305067     69.52150088
  307     52.08193294     66.05829129     69.55004766
  308     51.93190389     64.22220424     68.61053318
  309     50.40078101     67.12519877     69.05093434
  310     52.33740992     65.79634435     72.37966754
  311     53.66025138     67.37136524     72.99249031
  312     53.40992404     64.08859877     73.19202476
  313     59.77325192     68.51604569     87.26707918
  314     61.12138779     66.99389502     86.42305127
  315     59.35180975     70.13579823     85.90766059
  316     60.94454108     69.31573059     88.84985499
  317     49.74930497     66.37014452     73.87988298
  318     49.35430680     64.62923519     74.99256974
  319     49.76185024     67.94976365     75.27448493
  320     48.17868526     66.50206521     72.62821344
  321     77.79458281     56.98261218     46.17061596
  322     78.85194048     57.09490416     44.24581134
  323     78.28066630     58.30183906     47.82978787
  324     74.86188363     57.42550273     74.69848692
  325     74.00105404     57.01509904     76.46977443
  326     74.43675676     56.11894752     72.94335481
  327     74.12746621     60.23610937     74.05793344
  328     72.47631537     59.94441245     72.62708368
  329     75.71538755     61.01487037     72.84544809
  330     73.99542884     61.65385777     76.77374153
  331     74.86320031     63.60831812     76.42032957
  332     75.24948617     60.46858415     77.91574881
  333     71.45898507     62.42671676     77.88542657
  334     71.30470505     61.98813824     79.75962890
  335     69.62219965     61.35166796     77.29573754
  336     70.97503821     65.12546563     77.29861167
  337     70.44906907     65.65237681     75.28703405
  338     72.15398254     66.54672730     78.27713112
  339     68.12792956     65.80574455     78.15441664
  340     66.86116111     64.20164266     77.19306368
  341     67.61890007     67.72218305     77.37969906
  342     68.12098694     65.72503834     80.87762059
  343     70.02637846     66.45746254     81.59167575
  344     68.32294940     63.77463052     81.71216046
  345     78.66362028     54.35083872     47.26876746
  346     80.80206918     54.69325509     47.73213590
  347     77.88104873     53.99026511     49.18567532
  348     78.91142788     52.75826285     45.94708117
  349     65.99543796     67.04434739     82.06912885
  350     66.60604551     67.43274227     84.00005436
  351     65.44597939     68.43073779     80.71317602
  352     64.39448404     65.67307538     82.03310432
 
 Total charge:     0.00000000

 Atomic gross charges (e)
 Atom           Charge
    1      -0.06208258
    2       0.05440001
    3       0.05800897
    4      -0.12018030
    5       0.04564882
    6       0.08767382
    7      -0.10010948
    8       0.04783726
    9       0.04922910
   10      -0.09433337
   11       0.05029411
   12       0.08332886
   13      -0.11044054
   14       0.08093023
   15       0.06242065
   16      -0.09766416
   17       0.06580755
   18       0.07288126
   19      -0.06089251
   20       0.05769639
   21       0.03699289
   22      -0.07101813
   23       0.04396639
   24       0.01747719
   25      -0.23403441
   26       0.03347703
   27       0.04401203
   28       0.08945137
   29      -0.19917756
   30       0.07460556
   31       0.05382886
   32       0.06915423
   33      -0.09475035
   34       0.06497304
   35       0.06084053
   36      -0.11034790
   37       0.04155479
   38       0.04526699
   39      -0.11442936
   40       0.07213714
   41       0.06721318
   42      -0.10997658
   43       0.04882743
   44       0.06787345
   45      -0.11906584
   46       0.06814117
   47       0.03252140
   48      -0.11327615
   49       0.04956975
   50       0.05664359
   51      -0.11051403
   52       0.06703297
   53       0.06493765
   54      -0.06289816
   55       0.03175774
   56       0.04289398
   57      -0.21086185
   58       0.06587531
   59       0.06875920
   60       0.06119123
   61      -0.22583699
   62       0.06280165
   63       0.05701068
   64       0.07422243
   65      -0.12795224
   66       0.04297512
   67       0.07897769
   68      -0.12987726
   69       0.06413525
   70       0.08990462
   71      -0.08530924
   72       0.05088912
   73       0.03707977
   74      -0.00525887
   75       0.04133822
   76       0.05014082
   77      -0.13556744
   78       0.02662330
   79       0.06982058
   80      -0.11534633
   81       0.07216946
   82       0.04543272
   83      -0.07908384
   84       0.04959131
   85       0.01953585
   86      -0.06581126
   87       0.04079617
   88       0.04678774
   89      -0.24716852
   90       0.09132731
   91       0.07057463
   92       0.09779823
   93      -0.17432717
   94       0.04922358
   95       0.05884777
   96       0.03904682
   97      -0.03617976
   98       0.06137849
   99       0.06714812
  100      -0.10617020
  101       0.07350380
  102       0.06286265
  103      -0.08564596
  104       0.04434954
  105       0.02878140
  106      -0.09043156
  107       0.05032770
  108       0.05824005
  109      -0.09406816
  110       0.06648948
  111       0.03113697
  112      -0.12171700
  113       0.07103005
  114       0.04781406
  115      -0.11129928
  116       0.06032387
  117       0.05632223
  118      -0.10368142
  119       0.06761093
  120       0.03856355
  121      -0.25573439
  122       0.05561371
  123       0.10105198
  124       0.09564277
  125      -0.20019746
  126       0.07378949
  127       0.06096640
  128       0.05885387
  129      -0.08967979
  130       0.06580908
  131       0.03515991
  132      -0.08643812
  133       0.05578225
  134       0.02538976
  135      -0.12017673
  136       0.05444233
  137       0.05499321
  138      -0.10581755
  139       0.03689128
  140       0.05328836
  141      -0.10238840
  142       0.05509146
  143       0.06714898
  144      -0.07848111
  145       0.04243382
  146       0.04629124
  147      -0.13102933
  148       0.07582785
  149       0.06313484
  150      -0.12909831
  151       0.08723608
  152       0.07084970
  153      -0.24288872
  154       0.06827914
  155       0.09060233
  156       0.07361150
  157      -0.18674096
  158       0.04409433
  159       0.03870045
  160       0.06617447
  161      -0.10686296
  162       0.06192670
  163       0.06536656
  164      -0.11330888
  165       0.05286494
  166       0.05468028
  167      -0.11122410
  168       0.05085115
  169       0.08863504
  170      -0.13570171
  171       0.05981091
  172       0.05405853
  173      -0.13792075
  174       0.07688760
  175       0.07969150
  176      -0.06565697
  177       0.00068563
  178       0.05780643
  179      -0.11815590
  180       0.07912116
  181       0.04536807
  182      -0.12664219
  183       0.07253408
  184       0.02547390
  185      -0.19685163
  186       0.08004680
  187       0.05104513
  188       0.05359680
  189      -0.22304893
  190       0.06182810
  191       0.07984668
  192       0.08783876
  193      -0.11625683
  194       0.05696582
  195       0.06740516
  196      -0.11702810
  197       0.04423465
  198       0.04115516
  199      -0.09464835
  200       0.05382109
  201       0.05307478
  202      -0.10379479
  203       0.05520800
  204       0.06013807
  205      -0.06758991
  206       0.00981291
  207       0.03006246
  208      -0.08030071
  209       0.05367058
  210       0.03866790
  211      -0.21693306
  212       0.08638574
  213       0.06601073
  214      -0.19514024
  215      -0.00027044
  216       0.00034925
  217      -0.19273870
  218       0.06006652
  219       0.08161242
  220       0.07167111
  221      -0.33138739
  222       0.09016581
  223       0.08916990
  224       0.09888044
  225      -0.09744106
  226       0.05723463
  227       0.03264495
  228      -0.10639169
  229       0.03875710
  230       0.05982856
  231      -0.07605865
  232       0.05543382
  233       0.02842082
  234      -0.09535826
  235       0.05401623
  236       0.06495069
  237      -0.11971160
  238       0.06995161
  239       0.03883869
  240      -0.09872137
  241       0.04338594
  242       0.03986065
  243      -0.10638630
  244       0.05423114
  245       0.07234053
  246      -0.12920845
  247       0.08148591
  248       0.06074346
  249      -0.17014493
  250       0.04140001
  251       0.03550651
  252       0.07843328
  253      -0.25519342
  254       0.09056420
  255       0.07822991
  256       0.07018136
  257      -0.13137671
  258       0.07649914
  259       0.06296362
  260      -0.13613949
  261       0.06478689
  262       0.04604730
  263      -0.10143955
  264       0.05964398
  265       0.06227853
  266      -0.10598412
  267       0.04761194
  268       0.04832419
  269      -0.11609729
  270       0.06332554
  271       0.05945634
  272      -0.08235927
  273       0.05608212
  274       0.04783878
  275      -0.12259504
  276       0.04862162
  277       0.05879909
  278      -0.09493346
  279       0.05035408
  280       0.05920068
  281      -0.19717414
  282       0.05387473
  283       0.08099690
  284       0.05976880
  285      -0.20799277
  286       0.05788834
  287       0.08027617
  288       0.04636070
  289      -0.08962267
  290       0.07424571
  291       0.03932622
  292      -0.11369364
  293       0.06243228
  294       0.04654859
  295      -0.13666940
  296       0.07191690
  297       0.06671052
  298      -0.12977568
  299       0.07508466
  300       0.06514023
  301      -0.12081478
  302       0.05337416
  303       0.06410426
  304      -0.11386154
  305       0.04825716
  306       0.03871813
  307      -0.09129660
  308       0.05704082
  309       0.06328488
  310      -0.09190965
  311       0.04176980
  312       0.05478102
  313      -0.18889076
  314       0.05080281
  315       0.06028605
  316       0.05929544
  317      -0.22126433
  318       0.05663686
  319       0.07041846
  320       0.07622482
  321      -0.10315721
  322       0.05763664
  323       0.05626193
  324      -0.12948842
  325       0.07974931
  326       0.04471864
  327      -0.12423305
  328       0.06218270
  329       0.05173893
  330      -0.10876285
  331       0.05029515
  332       0.07336685
  333      -0.08794762
  334       0.07534086
  335       0.03923322
  336      -0.13831416
  337       0.06749926
  338       0.07256736
  339      -0.10827730
  340       0.03543456
  341       0.05398826
  342      -0.07264989
  343       0.03072115
  344       0.03867111
  345      -0.21602147
  346       0.03019643
  347       0.07397802
  348       0.08659603
  349      -0.21988818
  350       0.08149029
  351       0.08817898
  352       0.05477035
 
Nr. of electrons (up):    682.00000000
Atom populations (up)
 Atom       Population
    1       4.06208258
    2       0.94559999
    3       0.94199103
    4       4.12018030
    5       0.95435118
    6       0.91232618
    7       4.10010948
    8       0.95216274
    9       0.95077090
   10       4.09433337
   11       0.94970589
   12       0.91667114
   13       4.11044054
   14       0.91906977
   15       0.93757935
   16       4.09766416
   17       0.93419245
   18       0.92711874
   19       4.06089251
   20       0.94230361
   21       0.96300711
   22       4.07101813
   23       0.95603361
   24       0.98252281
   25       4.23403441
   26       0.96652297
   27       0.95598797
   28       0.91054863
   29       4.19917756
   30       0.92539444
   31       0.94617114
   32       0.93084577
   33       4.09475035
   34       0.93502696
   35       0.93915947
   36       4.11034790
   37       0.95844521
   38       0.95473301
   39       4.11442936
   40       0.92786286
   41       0.93278682
   42       4.10997658
   43       0.95117257
   44       0.93212655
   45       4.11906584
   46       0.93185883
   47       0.96747860
   48       4.11327615
   49       0.95043025
   50       0.94335641
   51       4.11051403
   52       0.93296703
   53       0.93506235
   54       4.06289816
   55       0.96824226
   56       0.95710602
   57       4.21086185
   58       0.93412469
   59       0.93124080
   60       0.93880877
   61       4.22583699
   62       0.93719835
   63       0.94298932
   64       0.92577757
   65       4.12795224
   66       0.95702488
   67       0.92102231
   68       4.12987726
   69       0.93586475
   70       0.91009538
   71       4.08530924
   72       0.94911088
   73       0.96292023
   74       4.00525887
   75       0.95866178
   76       0.94985918
   77       4.13556744
   78       0.97337670
   79       0.93017942
   80       4.11534633
   81       0.92783054
   82       0.95456728
   83       4.07908384
   84       0.95040869
   85       0.98046415
   86       4.06581126
   87       0.95920383
   88       0.95321226
   89       4.24716852
   90       0.90867269
   91       0.92942537
   92       0.90220177
   93       4.17432717
   94       0.95077642
   95       0.94115223
   96       0.96095318
   97       4.03617976
   98       0.93862151
   99       0.93285188
  100       4.10617020
  101       0.92649620
  102       0.93713735
  103       4.08564596
  104       0.95565046
  105       0.97121860
  106       4.09043156
  107       0.94967230
  108       0.94175995
  109       4.09406816
  110       0.93351052
  111       0.96886303
  112       4.12171700
  113       0.92896995
  114       0.95218594
  115       4.11129928
  116       0.93967613
  117       0.94367777
  118       4.10368142
  119       0.93238907
  120       0.96143645
  121       4.25573439
  122       0.94438629
  123       0.89894802
  124       0.90435723
  125       4.20019746
  126       0.92621051
  127       0.93903360
  128       0.94114613
  129       4.08967979
  130       0.93419092
  131       0.96484009
  132       4.08643812
  133       0.94421775
  134       0.97461024
  135       4.12017673
  136       0.94555767
  137       0.94500679
  138       4.10581755
  139       0.96310872
  140       0.94671164
  141       4.10238840
  142       0.94490854
  143       0.93285102
  144       4.07848111
  145       0.95756618
  146       0.95370876
  147       4.13102933
  148       0.92417215
  149       0.93686516
  150       4.12909831
  151       0.91276392
  152       0.92915030
  153       4.24288872
  154       0.93172086
  155       0.90939767
  156       0.92638850
  157       4.18674096
  158       0.95590567
  159       0.96129955
  160       0.93382553
  161       4.10686296
  162       0.93807330
  163       0.93463344
  164       4.11330888
  165       0.94713506
  166       0.94531972
  167       4.11122410
  168       0.94914885
  169       0.91136496
  170       4.13570171
  171       0.94018909
  172       0.94594147
  173       4.13792075
  174       0.92311240
  175       0.92030850
  176       4.06565697
  177       0.99931437
  178       0.94219357
  179       4.11815590
  180       0.92087884
  181       0.95463193
  182       4.12664219
  183       0.92746592
  184       0.97452610
  185       4.19685163
  186       0.91995320
  187       0.94895487
  188       0.94640320
  189       4.22304893
  190       0.93817190
  191       0.92015332
  192       0.91216124
  193       4.11625683
  194       0.94303418
  195       0.93259484
  196       4.11702810
  197       0.95576535
  198       0.95884484
  199       4.09464835
  200       0.94617891
  201       0.94692522
  202       4.10379479
  203       0.94479200
  204       0.93986193
  205       4.06758991
  206       0.99018709
  207       0.96993754
  208       4.08030071
  209       0.94632942
  210       0.96133210
  211       4.21693306
  212       0.91361426
  213       0.93398927
  214       4.19514024
  215       1.00027044
  216       0.99965075
  217       4.19273870
  218       0.93993348
  219       0.91838758
  220       0.92832889
  221       4.33138739
  222       0.90983419
  223       0.91083010
  224       0.90111956
  225       4.09744106
  226       0.94276537
  227       0.96735505
  228       4.10639169
  229       0.96124290
  230       0.94017144
  231       4.07605865
  232       0.94456618
  233       0.97157918
  234       4.09535826
  235       0.94598377
  236       0.93504931
  237       4.11971160
  238       0.93004839
  239       0.96116131
  240       4.09872137
  241       0.95661406
  242       0.96013935
  243       4.10638630
  244       0.94576886
  245       0.92765947
  246       4.12920845
  247       0.91851409
  248       0.93925654
  249       4.17014493
  250       0.95859999
  251       0.96449349
  252       0.92156672
  253       4.25519342
  254       0.90943580
  255       0.92177009
  256       0.92981864
  257       4.13137671
  258       0.92350086
  259       0.93703638
  260       4.13613949
  261       0.93521311
  262       0.95395270
  263       4.10143955
  264       0.94035602
  265       0.93772147
  266       4.10598412
  267       0.95238806
  268       0.95167581
  269       4.11609729
  270       0.93667446
  271       0.94054366
  272       4.08235927
  273       0.94391788
  274       0.95216122
  275       4.12259504
  276       0.95137838
  277       0.94120091
  278       4.09493346
  279       0.94964592
  280       0.94079932
  281       4.19717414
  282       0.94612527
  283       0.91900310
  284       0.94023120
  285       4.20799277
  286       0.94211166
  287       0.91972383
  288       0.95363930
  289       4.08962267
  290       0.92575429
  291       0.96067378
  292       4.11369364
  293       0.93756772
  294       0.95345141
  295       4.13666940
  296       0.92808310
  297       0.93328948
  298       4.12977568
  299       0.92491534
  300       0.93485977
  301       4.12081478
  302       0.94662584
  303       0.93589574
  304       4.11386154
  305       0.95174284
  306       0.96128187
  307       4.09129660
  308       0.94295918
  309       0.93671512
  310       4.09190965
  311       0.95823020
  312       0.94521898
  313       4.18889076
  314       0.94919719
  315       0.93971395
  316       0.94070456
  317       4.22126433
  318       0.94336314
  319       0.92958154
  320       0.92377518
  321       4.10315721
  322       0.94236336
  323       0.94373807
  324       4.12948842
  325       0.92025069
  326       0.95528136
  327       4.12423305
  328       0.93781730
  329       0.94826107
  330       4.10876285
  331       0.94970485
  332       0.92663315
  333       4.08794762
  334       0.92465914
  335       0.96076678
  336       4.13831416
  337       0.93250074
  338       0.92743264
  339       4.10827730
  340       0.96456544
  341       0.94601174
  342       4.07264989
  343       0.96927885
  344       0.96132889
  345       4.21602147
  346       0.96980357
  347       0.92602198
  348       0.91340397
  349       4.21988818
  350       0.91850971
  351       0.91182102
  352       0.94522965
 
l-shell populations (up)
 Atom Sh.   l       Population
    1   1   0       1.23529232
    1   2   1       2.82679026
    2   1   0       0.94559999
    3   1   0       0.94199103
    4   1   0       1.24746997
    4   2   1       2.87271033
    5   1   0       0.95435118
    6   1   0       0.91232618
    7   1   0       1.28852734
    7   2   1       2.81158214
    8   1   0       0.95216274
    9   1   0       0.95077090
   10   1   0       1.22191529
   10   2   1       2.87241808
   11   1   0       0.94970589
   12   1   0       0.91667114
   13   1   0       1.26749084
   13   2   1       2.84294970
   14   1   0       0.91906977
   15   1   0       0.93757935
   16   1   0       1.24967091
   16   2   1       2.84799325
   17   1   0       0.93419245
   18   1   0       0.92711874
   19   1   0       1.22690606
   19   2   1       2.83398644
   20   1   0       0.94230361
   21   1   0       0.96300711
   22   1   0       1.23882020
   22   2   1       2.83219793
   23   1   0       0.95603361
   24   1   0       0.98252281
   25   1   0       1.30897819
   25   2   1       2.92505622
   26   1   0       0.96652297
   27   1   0       0.95598797
   28   1   0       0.91054863
   29   1   0       1.25599641
   29   2   1       2.94318115
   30   1   0       0.92539444
   31   1   0       0.94617114
   32   1   0       0.93084577
   33   1   0       1.21855099
   33   2   1       2.87619936
   34   1   0       0.93502696
   35   1   0       0.93915947
   36   1   0       1.24881270
   36   2   1       2.86153520
   37   1   0       0.95844521
   38   1   0       0.95473301
   39   1   0       1.21144901
   39   2   1       2.90298035
   40   1   0       0.92786286
   41   1   0       0.93278682
   42   1   0       1.22548475
   42   2   1       2.88449183
   43   1   0       0.95117257
   44   1   0       0.93212655
   45   1   0       1.26327055
   45   2   1       2.85579529
   46   1   0       0.93185883
   47   1   0       0.96747860
   48   1   0       1.25309280
   48   2   1       2.86018336
   49   1   0       0.95043025
   50   1   0       0.94335641
   51   1   0       1.24096325
   51   2   1       2.86955079
   52   1   0       0.93296703
   53   1   0       0.93506235
   54   1   0       1.27179087
   54   2   1       2.79110729
   55   1   0       0.96824226
   56   1   0       0.95710602
   57   1   0       1.24953613
   57   2   1       2.96132572
   58   1   0       0.93412469
   59   1   0       0.93124080
   60   1   0       0.93880877
   61   1   0       1.28339560
   61   2   1       2.94244139
   62   1   0       0.93719835
   63   1   0       0.94298932
   64   1   0       0.92577757
   65   1   0       1.27960504
   65   2   1       2.84834721
   66   1   0       0.95702488
   67   1   0       0.92102231
   68   1   0       1.22137632
   68   2   1       2.90850093
   69   1   0       0.93586475
   70   1   0       0.91009538
   71   1   0       1.22277368
   71   2   1       2.86253557
   72   1   0       0.94911088
   73   1   0       0.96292023
   74   1   0       1.23137970
   74   2   1       2.77387917
   75   1   0       0.95866178
   76   1   0       0.94985918
   77   1   0       1.27391244
   77   2   1       2.86165500
   78   1   0       0.97337670
   79   1   0       0.93017942
   80   1   0       1.23224113
   80   2   1       2.88310520
   81   1   0       0.92783054
   82   1   0       0.95456728
   83   1   0       1.22813921
   83   2   1       2.85094464
   84   1   0       0.95040869
   85   1   0       0.98046415
   86   1   0       1.21952896
   86   2   1       2.84628230
   87   1   0       0.95920383
   88   1   0       0.95321226
   89   1   0       1.29359101
   89   2   1       2.95357751
   90   1   0       0.90867269
   91   1   0       0.92942537
   92   1   0       0.90220177
   93   1   0       1.27776086
   93   2   1       2.89656631
   94   1   0       0.95077642
   95   1   0       0.94115223
   96   1   0       0.96095318
   97   1   0       1.22997925
   97   2   1       2.80620051
   98   1   0       0.93862151
   99   1   0       0.93285188
  100   1   0       1.23217648
  100   2   1       2.87399372
  101   1   0       0.92649620
  102   1   0       0.93713735
  103   1   0       1.23328310
  103   2   1       2.85236285
  104   1   0       0.95565046
  105   1   0       0.97121860
  106   1   0       1.21700638
  106   2   1       2.87342518
  107   1   0       0.94967230
  108   1   0       0.94175995
  109   1   0       1.26423124
  109   2   1       2.82983692
  110   1   0       0.93351052
  111   1   0       0.96886303
  112   1   0       1.25154809
  112   2   1       2.87016891
  113   1   0       0.92896995
  114   1   0       0.95218594
  115   1   0       1.23073248
  115   2   1       2.88056680
  116   1   0       0.93967613
  117   1   0       0.94367777
  118   1   0       1.22846372
  118   2   1       2.87521769
  119   1   0       0.93238907
  120   1   0       0.96143645
  121   1   0       1.24589887
  121   2   1       3.00983553
  122   1   0       0.94438629
  123   1   0       0.89894802
  124   1   0       0.90435723
  125   1   0       1.26605646
  125   2   1       2.93414100
  126   1   0       0.92621051
  127   1   0       0.93903360
  128   1   0       0.94114613
  129   1   0       1.24281167
  129   2   1       2.84686812
  130   1   0       0.93419092
  131   1   0       0.96484009
  132   1   0       1.23959585
  132   2   1       2.84684227
  133   1   0       0.94421775
  134   1   0       0.97461024
  135   1   0       1.24941687
  135   2   1       2.87075986
  136   1   0       0.94555767
  137   1   0       0.94500679
  138   1   0       1.25697877
  138   2   1       2.84883878
  139   1   0       0.96310872
  140   1   0       0.94671164
  141   1   0       1.23074287
  141   2   1       2.87164553
  142   1   0       0.94490854
  143   1   0       0.93285102
  144   1   0       1.22831369
  144   2   1       2.85016743
  145   1   0       0.95756618
  146   1   0       0.95370876
  147   1   0       1.23486151
  147   2   1       2.89616782
  148   1   0       0.92417215
  149   1   0       0.93686516
  150   1   0       1.24012988
  150   2   1       2.88896843
  151   1   0       0.91276392
  152   1   0       0.92915030
  153   1   0       1.28676538
  153   2   1       2.95612334
  154   1   0       0.93172086
  155   1   0       0.90939767
  156   1   0       0.92638850
  157   1   0       1.27338015
  157   2   1       2.91336081
  158   1   0       0.95590567
  159   1   0       0.96129955
  160   1   0       0.93382553
  161   1   0       1.26647593
  161   2   1       2.84038703
  162   1   0       0.93807330
  163   1   0       0.93463344
  164   1   0       1.25029934
  164   2   1       2.86300954
  165   1   0       0.94713506
  166   1   0       0.94531972
  167   1   0       1.25591155
  167   2   1       2.85531255
  168   1   0       0.94914885
  169   1   0       0.91136496
  170   1   0       1.29076439
  170   2   1       2.84493732
  171   1   0       0.94018909
  172   1   0       0.94594147
  173   1   0       1.25009210
  173   2   1       2.88782865
  174   1   0       0.92311240
  175   1   0       0.92030850
  176   1   0       1.24026961
  176   2   1       2.82538736
  177   1   0       0.99931437
  178   1   0       0.94219357
  179   1   0       1.26342631
  179   2   1       2.85472960
  180   1   0       0.92087884
  181   1   0       0.95463193
  182   1   0       1.29292095
  182   2   1       2.83372123
  183   1   0       0.92746592
  184   1   0       0.97452610
  185   1   0       1.29864884
  185   2   1       2.89820279
  186   1   0       0.91995320
  187   1   0       0.94895487
  188   1   0       0.94640320
  189   1   0       1.27381259
  189   2   1       2.94923633
  190   1   0       0.93817190
  191   1   0       0.92015332
  192   1   0       0.91216124
  193   1   0       1.24030408
  193   2   1       2.87595275
  194   1   0       0.94303418
  195   1   0       0.93259484
  196   1   0       1.28421980
  196   2   1       2.83280831
  197   1   0       0.95576535
  198   1   0       0.95884484
  199   1   0       1.25922450
  199   2   1       2.83542385
  200   1   0       0.94617891
  201   1   0       0.94692522
  202   1   0       1.25632312
  202   2   1       2.84747167
  203   1   0       0.94479200
  204   1   0       0.93986193
  205   1   0       1.24484261
  205   2   1       2.82274730
  206   1   0       0.99018709
  207   1   0       0.96993754
  208   1   0       1.20907639
  208   2   1       2.87122432
  209   1   0       0.94632942
  210   1   0       0.96133210
  211   1   0       1.27316056
  211   2   1       2.94377250
  212   1   0       0.91361426
  213   1   0       0.93398927
  214   1   0       1.27161050
  214   2   1       2.92352975
  215   1   0       1.00027044
  216   1   0       0.99965075
  217   1   0       1.27577196
  217   2   1       2.91696674
  218   1   0       0.93993348
  219   1   0       0.91838758
  220   1   0       0.92832889
  221   1   0       1.29828758
  221   2   1       3.03309981
  222   1   0       0.90983419
  223   1   0       0.91083010
  224   1   0       0.90111956
  225   1   0       1.24393163
  225   2   1       2.85350943
  226   1   0       0.94276537
  227   1   0       0.96735505
  228   1   0       1.25482709
  228   2   1       2.85156460
  229   1   0       0.96124290
  230   1   0       0.94017144
  231   1   0       1.22482955
  231   2   1       2.85122910
  232   1   0       0.94456618
  233   1   0       0.97157918
  234   1   0       1.20690619
  234   2   1       2.88845207
  235   1   0       0.94598377
  236   1   0       0.93504931
  237   1   0       1.23121283
  237   2   1       2.88849877
  238   1   0       0.93004839
  239   1   0       0.96116131
  240   1   0       1.22978652
  240   2   1       2.86893486
  241   1   0       0.95661406
  242   1   0       0.96013935
  243   1   0       1.20829077
  243   2   1       2.89809554
  244   1   0       0.94576886
  245   1   0       0.92765947
  246   1   0       1.27284022
  246   2   1       2.85636823
  247   1   0       0.91851409
  248   1   0       0.93925654
  249   1   0       1.26892303
  249   2   1       2.90122190
  250   1   0       0.95859999
  251   1   0       0.96449349
  252   1   0       0.92156672
  253   1   0       1.29855937
  253   2   1       2.95663404
  254   1   0       0.90943580
  255   1   0       0.92177009
  256   1   0       0.92981864
  257   1   0       1.24981637
  257   2   1       2.88156034
  258   1   0       0.92350086
  259   1   0       0.93703638
  260   1   0       1.26160880
  260   2   1       2.87453069
  261   1   0       0.93521311
  262   1   0       0.95395270
  263   1   0       1.23370656
  263   2   1       2.86773299
  264   1   0       0.94035602
  265   1   0       0.93772147
  266   1   0       1.23548849
  266   2   1       2.87049564
  267   1   0       0.95238806
  268   1   0       0.95167581
  269   1   0       1.24669137
  269   2   1       2.86940592
  270   1   0       0.93667446
  271   1   0       0.94054366
  272   1   0       1.23953564
  272   2   1       2.84282363
  273   1   0       0.94391788
  274   1   0       0.95216122
  275   1   0       1.26482472
  275   2   1       2.85777031
  276   1   0       0.95137838
  277   1   0       0.94120091
  278   1   0       1.26613922
  278   2   1       2.82879424
  279   1   0       0.94964592
  280   1   0       0.94079932
  281   1   0       1.28163920
  281   2   1       2.91553494
  282   1   0       0.94612527
  283   1   0       0.91900310
  284   1   0       0.94023120
  285   1   0       1.27274520
  285   2   1       2.93524757
  286   1   0       0.94211166
  287   1   0       0.91972383
  288   1   0       0.95363930
  289   1   0       1.22254676
  289   2   1       2.86707591
  290   1   0       0.92575429
  291   1   0       0.96067378
  292   1   0       1.24387827
  292   2   1       2.86981538
  293   1   0       0.93756772
  294   1   0       0.95345141
  295   1   0       1.24791503
  295   2   1       2.88875437
  296   1   0       0.92808310
  297   1   0       0.93328948
  298   1   0       1.23511122
  298   2   1       2.89466446
  299   1   0       0.92491534
  300   1   0       0.93485977
  301   1   0       1.23600758
  301   2   1       2.88480720
  302   1   0       0.94662584
  303   1   0       0.93589574
  304   1   0       1.24711443
  304   2   1       2.86674710
  305   1   0       0.95174284
  306   1   0       0.96128187
  307   1   0       1.22332466
  307   2   1       2.86797194
  308   1   0       0.94295918
  309   1   0       0.93671512
  310   1   0       1.25114054
  310   2   1       2.84076911
  311   1   0       0.95823020
  312   1   0       0.94521898
  313   1   0       1.28618522
  313   2   1       2.90270554
  314   1   0       0.94919719
  315   1   0       0.93971395
  316   1   0       0.94070456
  317   1   0       1.28082614
  317   2   1       2.94043818
  318   1   0       0.94336314
  319   1   0       0.92958154
  320   1   0       0.92377518
  321   1   0       1.26732974
  321   2   1       2.83582748
  322   1   0       0.94236336
  323   1   0       0.94373807
  324   1   0       1.26250558
  324   2   1       2.86698283
  325   1   0       0.92025069
  326   1   0       0.95528136
  327   1   0       1.27709661
  327   2   1       2.84713644
  328   1   0       0.93781730
  329   1   0       0.94826107
  330   1   0       1.25568363
  330   2   1       2.85307921
  331   1   0       0.94970485
  332   1   0       0.92663315
  333   1   0       1.21293257
  333   2   1       2.87501505
  334   1   0       0.92465914
  335   1   0       0.96076678
  336   1   0       1.24992807
  336   2   1       2.88838609
  337   1   0       0.93250074
  338   1   0       0.92743264
  339   1   0       1.25080869
  339   2   1       2.85746862
  340   1   0       0.96456544
  341   1   0       0.94601174
  342   1   0       1.20481927
  342   2   1       2.86783062
  343   1   0       0.96927885
  344   1   0       0.96132889
  345   1   0       1.28858541
  345   2   1       2.92743606
  346   1   0       0.96980357
  347   1   0       0.92602198
  348   1   0       0.91340397
  349   1   0       1.25443183
  349   2   1       2.96545635
  350   1   0       0.91850971
  351   1   0       0.91182102
  352   1   0       0.94522965
 
Orbital populations (up)
 Atom Sh.   l   m       Population  Label
    1   1   0   0       1.23529232  s
    1   2   1  -1       0.95106682  p_y
    1   2   1   0       0.94066247  p_z
    1   2   1   1       0.93506097  p_x
    2   1   0   0       0.94559999  s
    3   1   0   0       0.94199103  s
    4   1   0   0       1.24746997  s
    4   2   1  -1       0.98968327  p_y
    4   2   1   0       0.95489986  p_z
    4   2   1   1       0.92812720  p_x
    5   1   0   0       0.95435118  s
    6   1   0   0       0.91232618  s
    7   1   0   0       1.28852734  s
    7   2   1  -1       0.94166172  p_y
    7   2   1   0       0.93105182  p_z
    7   2   1   1       0.93886860  p_x
    8   1   0   0       0.95216274  s
    9   1   0   0       0.95077090  s
   10   1   0   0       1.22191529  s
   10   2   1  -1       1.00428762  p_y
   10   2   1   0       0.90760023  p_z
   10   2   1   1       0.96053023  p_x
   11   1   0   0       0.94970589  s
   12   1   0   0       0.91667114  s
   13   1   0   0       1.26749084  s
   13   2   1  -1       0.92005398  p_y
   13   2   1   0       0.94716165  p_z
   13   2   1   1       0.97573407  p_x
   14   1   0   0       0.91906977  s
   15   1   0   0       0.93757935  s
   16   1   0   0       1.24967091  s
   16   2   1  -1       0.92963263  p_y
   16   2   1   0       0.94584975  p_z
   16   2   1   1       0.97251086  p_x
   17   1   0   0       0.93419245  s
   18   1   0   0       0.92711874  s
   19   1   0   0       1.22690606  s
   19   2   1  -1       0.94323231  p_y
   19   2   1   0       0.93668969  p_z
   19   2   1   1       0.95406444  p_x
   20   1   0   0       0.94230361  s
   21   1   0   0       0.96300711  s
   22   1   0   0       1.23882020  s
   22   2   1  -1       0.92475642  p_y
   22   2   1   0       0.95290501  p_z
   22   2   1   1       0.95453650  p_x
   23   1   0   0       0.95603361  s
   24   1   0   0       0.98252281  s
   25   1   0   0       1.30897819  s
   25   2   1  -1       1.00522648  p_y
   25   2   1   0       0.98637440  p_z
   25   2   1   1       0.93345535  p_x
   26   1   0   0       0.96652297  s
   27   1   0   0       0.95598797  s
   28   1   0   0       0.91054863  s
   29   1   0   0       1.25599641  s
   29   2   1  -1       0.99145240  p_y
   29   2   1   0       0.97194516  p_z
   29   2   1   1       0.97978358  p_x
   30   1   0   0       0.92539444  s
   31   1   0   0       0.94617114  s
   32   1   0   0       0.93084577  s
   33   1   0   0       1.21855099  s
   33   2   1  -1       0.94775362  p_y
   33   2   1   0       0.95048080  p_z
   33   2   1   1       0.97796493  p_x
   34   1   0   0       0.93502696  s
   35   1   0   0       0.93915947  s
   36   1   0   0       1.24881270  s
   36   2   1  -1       0.92981203  p_y
   36   2   1   0       0.95197934  p_z
   36   2   1   1       0.97974383  p_x
   37   1   0   0       0.95844521  s
   38   1   0   0       0.95473301  s
   39   1   0   0       1.21144901  s
   39   2   1  -1       0.98252538  p_y
   39   2   1   0       0.98398808  p_z
   39   2   1   1       0.93646690  p_x
   40   1   0   0       0.92786286  s
   41   1   0   0       0.93278682  s
   42   1   0   0       1.22548475  s
   42   2   1  -1       0.97349731  p_y
   42   2   1   0       0.95281608  p_z
   42   2   1   1       0.95817844  p_x
   43   1   0   0       0.95117257  s
   44   1   0   0       0.93212655  s
   45   1   0   0       1.26327055  s
   45   2   1  -1       0.98795743  p_y
   45   2   1   0       0.93159330  p_z
   45   2   1   1       0.93624456  p_x
   46   1   0   0       0.93185883  s
   47   1   0   0       0.96747860  s
   48   1   0   0       1.25309280  s
   48   2   1  -1       0.97314080  p_y
   48   2   1   0       0.96028764  p_z
   48   2   1   1       0.92675492  p_x
   49   1   0   0       0.95043025  s
   50   1   0   0       0.94335641  s
   51   1   0   0       1.24096325  s
   51   2   1  -1       0.94184727  p_y
   51   2   1   0       0.96392617  p_z
   51   2   1   1       0.96377734  p_x
   52   1   0   0       0.93296703  s
   53   1   0   0       0.93506235  s
   54   1   0   0       1.27179087  s
   54   2   1  -1       0.89552928  p_y
   54   2   1   0       0.94619877  p_z
   54   2   1   1       0.94937924  p_x
   55   1   0   0       0.96824226  s
   56   1   0   0       0.95710602  s
   57   1   0   0       1.24953613  s
   57   2   1  -1       1.00244273  p_y
   57   2   1   0       0.94919844  p_z
   57   2   1   1       1.00968456  p_x
   58   1   0   0       0.93412469  s
   59   1   0   0       0.93124080  s
   60   1   0   0       0.93880877  s
   61   1   0   0       1.28339560  s
   61   2   1  -1       0.97434962  p_y
   61   2   1   0       1.02924668  p_z
   61   2   1   1       0.93884509  p_x
   62   1   0   0       0.93719835  s
   63   1   0   0       0.94298932  s
   64   1   0   0       0.92577757  s
   65   1   0   0       1.27960504  s
   65   2   1  -1       0.97776632  p_y
   65   2   1   0       0.96673211  p_z
   65   2   1   1       0.90384877  p_x
   66   1   0   0       0.95702488  s
   67   1   0   0       0.92102231  s
   68   1   0   0       1.22137632  s
   68   2   1  -1       0.99177578  p_y
   68   2   1   0       0.96952986  p_z
   68   2   1   1       0.94719529  p_x
   69   1   0   0       0.93586475  s
   70   1   0   0       0.91009538  s
   71   1   0   0       1.22277368  s
   71   2   1  -1       0.95006728  p_y
   71   2   1   0       0.96510481  p_z
   71   2   1   1       0.94736348  p_x
   72   1   0   0       0.94911088  s
   73   1   0   0       0.96292023  s
   74   1   0   0       1.23137970  s
   74   2   1  -1       0.92089413  p_y
   74   2   1   0       0.93191629  p_z
   74   2   1   1       0.92106874  p_x
   75   1   0   0       0.95866178  s
   76   1   0   0       0.94985918  s
   77   1   0   0       1.27391244  s
   77   2   1  -1       1.00874453  p_y
   77   2   1   0       0.92381781  p_z
   77   2   1   1       0.92909266  p_x
   78   1   0   0       0.97337670  s
   79   1   0   0       0.93017942  s
   80   1   0   0       1.23224113  s
   80   2   1  -1       0.97003886  p_y
   80   2   1   0       0.99013112  p_z
   80   2   1   1       0.92293522  p_x
   81   1   0   0       0.92783054  s
   82   1   0   0       0.95456728  s
   83   1   0   0       1.22813921  s
   83   2   1  -1       0.97117665  p_y
   83   2   1   0       0.92004600  p_z
   83   2   1   1       0.95972198  p_x
   84   1   0   0       0.95040869  s
   85   1   0   0       0.98046415  s
   86   1   0   0       1.21952896  s
   86   2   1  -1       0.97565402  p_y
   86   2   1   0       0.90865341  p_z
   86   2   1   1       0.96197487  p_x
   87   1   0   0       0.95920383  s
   88   1   0   0       0.95321226  s
   89   1   0   0       1.29359101  s
   89   2   1  -1       0.95346820  p_y
   89   2   1   0       1.04606740  p_z
   89   2   1   1       0.95404190  p_x
   90   1   0   0       0.90867269  s
   91   1   0   0       0.92942537  s
   92   1   0   0       0.90220177  s
   93   1   0   0       1.27776086  s
   93   2   1  -1       0.94505849  p_y
   93   2   1   0       0.96229442  p_z
   93   2   1   1       0.98921340  p_x
   94   1   0   0       0.95077642  s
   95   1   0   0       0.94115223  s
   96   1   0   0       0.96095318  s
   97   1   0   0       1.22997925  s
   97   2   1  -1       0.91428753  p_y
   97   2   1   0       0.93647340  p_z
   97   2   1   1       0.95543958  p_x
   98   1   0   0       0.93862151  s
   99   1   0   0       0.93285188  s
  100   1   0   0       1.23217648  s
  100   2   1  -1       0.95606535  p_y
  100   2   1   0       0.93927709  p_z
  100   2   1   1       0.97865128  p_x
  101   1   0   0       0.92649620  s
  102   1   0   0       0.93713735  s
  103   1   0   0       1.23328310  s
  103   2   1  -1       0.94023433  p_y
  103   2   1   0       0.96291279  p_z
  103   2   1   1       0.94921573  p_x
  104   1   0   0       0.95565046  s
  105   1   0   0       0.97121860  s
  106   1   0   0       1.21700638  s
  106   2   1  -1       0.95785634  p_y
  106   2   1   0       0.93536400  p_z
  106   2   1   1       0.98020484  p_x
  107   1   0   0       0.94967230  s
  108   1   0   0       0.94175995  s
  109   1   0   0       1.26423124  s
  109   2   1  -1       0.94269454  p_y
  109   2   1   0       0.91738053  p_z
  109   2   1   1       0.96976184  p_x
  110   1   0   0       0.93351052  s
  111   1   0   0       0.96886303  s
  112   1   0   0       1.25154809  s
  112   2   1  -1       0.93793986  p_y
  112   2   1   0       0.93749928  p_z
  112   2   1   1       0.99472977  p_x
  113   1   0   0       0.92896995  s
  114   1   0   0       0.95218594  s
  115   1   0   0       1.23073248  s
  115   2   1  -1       1.00805235  p_y
  115   2   1   0       0.97356384  p_z
  115   2   1   1       0.89895061  p_x
  116   1   0   0       0.93967613  s
  117   1   0   0       0.94367777  s
  118   1   0   0       1.22846372  s
  118   2   1  -1       0.97596208  p_y
  118   2   1   0       0.99504153  p_z
  118   2   1   1       0.90421409  p_x
  119   1   0   0       0.93238907  s
  120   1   0   0       0.96143645  s
  121   1   0   0       1.24589887  s
  121   2   1  -1       1.01348793  p_y
  121   2   1   0       1.03449714  p_z
  121   2   1   1       0.96185046  p_x
  122   1   0   0       0.94438629  s
  123   1   0   0       0.89894802  s
  124   1   0   0       0.90435723  s
  125   1   0   0       1.26605646  s
  125   2   1  -1       0.96989447  p_y
  125   2   1   0       1.00541137  p_z
  125   2   1   1       0.95883517  p_x
  126   1   0   0       0.92621051  s
  127   1   0   0       0.93903360  s
  128   1   0   0       0.94114613  s
  129   1   0   0       1.24281167  s
  129   2   1  -1       0.96655564  p_y
  129   2   1   0       0.96095132  p_z
  129   2   1   1       0.91936115  p_x
  130   1   0   0       0.93419092  s
  131   1   0   0       0.96484009  s
  132   1   0   0       1.23959585  s
  132   2   1  -1       0.93202443  p_y
  132   2   1   0       0.96694758  p_z
  132   2   1   1       0.94787026  p_x
  133   1   0   0       0.94421775  s
  134   1   0   0       0.97461024  s
  135   1   0   0       1.24941687  s
  135   2   1  -1       0.97321462  p_y
  135   2   1   0       0.94288673  p_z
  135   2   1   1       0.95465851  p_x
  136   1   0   0       0.94555767  s
  137   1   0   0       0.94500679  s
  138   1   0   0       1.25697877  s
  138   2   1  -1       0.92504795  p_y
  138   2   1   0       0.98051403  p_z
  138   2   1   1       0.94327679  p_x
  139   1   0   0       0.96310872  s
  140   1   0   0       0.94671164  s
  141   1   0   0       1.23074287  s
  141   2   1  -1       0.94865711  p_y
  141   2   1   0       0.97921341  p_z
  141   2   1   1       0.94377501  p_x
  142   1   0   0       0.94490854  s
  143   1   0   0       0.93285102  s
  144   1   0   0       1.22831369  s
  144   2   1  -1       0.97623931  p_y
  144   2   1   0       0.94446237  p_z
  144   2   1   1       0.92946574  p_x
  145   1   0   0       0.95756618  s
  146   1   0   0       0.95370876  s
  147   1   0   0       1.23486151  s
  147   2   1  -1       0.98224079  p_y
  147   2   1   0       0.95594110  p_z
  147   2   1   1       0.95798592  p_x
  148   1   0   0       0.92417215  s
  149   1   0   0       0.93686516  s
  150   1   0   0       1.24012988  s
  150   2   1  -1       0.97771903  p_y
  150   2   1   0       0.98483528  p_z
  150   2   1   1       0.92641412  p_x
  151   1   0   0       0.91276392  s
  152   1   0   0       0.92915030  s
  153   1   0   0       1.28676538  s
  153   2   1  -1       0.98514559  p_y
  153   2   1   0       0.94926002  p_z
  153   2   1   1       1.02171773  p_x
  154   1   0   0       0.93172086  s
  155   1   0   0       0.90939767  s
  156   1   0   0       0.92638850  s
  157   1   0   0       1.27338015  s
  157   2   1  -1       0.96082041  p_y
  157   2   1   0       1.00029754  p_z
  157   2   1   1       0.95224286  p_x
  158   1   0   0       0.95590567  s
  159   1   0   0       0.96129955  s
  160   1   0   0       0.93382553  s
  161   1   0   0       1.26647593  s
  161   2   1  -1       0.93268435  p_y
  161   2   1   0       0.99007012  p_z
  161   2   1   1       0.91763256  p_x
  162   1   0   0       0.93807330  s
  163   1   0   0       0.93463344  s
  164   1   0   0       1.25029934  s
  164   2   1  -1       0.91481654  p_y
  164   2   1   0       0.97696379  p_z
  164   2   1   1       0.97122921  p_x
  165   1   0   0       0.94713506  s
  166   1   0   0       0.94531972  s
  167   1   0   0       1.25591155  s
  167   2   1  -1       0.95117737  p_y
  167   2   1   0       0.94404770  p_z
  167   2   1   1       0.96008747  p_x
  168   1   0   0       0.94914885  s
  169   1   0   0       0.91136496  s
  170   1   0   0       1.29076439  s
  170   2   1  -1       0.94101360  p_y
  170   2   1   0       0.93273749  p_z
  170   2   1   1       0.97118622  p_x
  171   1   0   0       0.94018909  s
  172   1   0   0       0.94594147  s
  173   1   0   0       1.25009210  s
  173   2   1  -1       0.96202279  p_y
  173   2   1   0       0.93619749  p_z
  173   2   1   1       0.98960837  p_x
  174   1   0   0       0.92311240  s
  175   1   0   0       0.92030850  s
  176   1   0   0       1.24026961  s
  176   2   1  -1       0.96148106  p_y
  176   2   1   0       0.93499720  p_z
  176   2   1   1       0.92890911  p_x
  177   1   0   0       0.99931437  s
  178   1   0   0       0.94219357  s
  179   1   0   0       1.26342631  s
  179   2   1  -1       0.97799063  p_y
  179   2   1   0       0.94695615  p_z
  179   2   1   1       0.92978281  p_x
  180   1   0   0       0.92087884  s
  181   1   0   0       0.95463193  s
  182   1   0   0       1.29292095  s
  182   2   1  -1       0.92386608  p_y
  182   2   1   0       0.95258775  p_z
  182   2   1   1       0.95726740  p_x
  183   1   0   0       0.92746592  s
  184   1   0   0       0.97452610  s
  185   1   0   0       1.29864884  s
  185   2   1  -1       0.97989959  p_y
  185   2   1   0       0.99045182  p_z
  185   2   1   1       0.92785138  p_x
  186   1   0   0       0.91995320  s
  187   1   0   0       0.94895487  s
  188   1   0   0       0.94640320  s
  189   1   0   0       1.27381259  s
  189   2   1  -1       1.00068456  p_y
  189   2   1   0       0.97206227  p_z
  189   2   1   1       0.97648950  p_x
  190   1   0   0       0.93817190  s
  191   1   0   0       0.92015332  s
  192   1   0   0       0.91216124  s
  193   1   0   0       1.24030408  s
  193   2   1  -1       0.92312985  p_y
  193   2   1   0       0.94896107  p_z
  193   2   1   1       1.00386184  p_x
  194   1   0   0       0.94303418  s
  195   1   0   0       0.93259484  s
  196   1   0   0       1.28421980  s
  196   2   1  -1       0.92064594  p_y
  196   2   1   0       0.94198014  p_z
  196   2   1   1       0.97018223  p_x
  197   1   0   0       0.95576535  s
  198   1   0   0       0.95884484  s
  199   1   0   0       1.25922450  s
  199   2   1  -1       0.92341885  p_y
  199   2   1   0       0.99058201  p_z
  199   2   1   1       0.92142298  p_x
  200   1   0   0       0.94617891  s
  201   1   0   0       0.94692522  s
  202   1   0   0       1.25632312  s
  202   2   1  -1       0.95245345  p_y
  202   2   1   0       0.95966473  p_z
  202   2   1   1       0.93535349  p_x
  203   1   0   0       0.94479200  s
  204   1   0   0       0.93986193  s
  205   1   0   0       1.24484261  s
  205   2   1  -1       0.93555555  p_y
  205   2   1   0       0.94916308  p_z
  205   2   1   1       0.93802867  p_x
  206   1   0   0       0.99018709  s
  207   1   0   0       0.96993754  s
  208   1   0   0       1.20907639  s
  208   2   1  -1       0.98697697  p_y
  208   2   1   0       0.93827231  p_z
  208   2   1   1       0.94597504  p_x
  209   1   0   0       0.94632942  s
  210   1   0   0       0.96133210  s
  211   1   0   0       1.27316056  s
  211   2   1  -1       0.99698071  p_y
  211   2   1   0       0.96258466  p_z
  211   2   1   1       0.98420713  p_x
  212   1   0   0       0.91361426  s
  213   1   0   0       0.93398927  s
  214   1   0   0       1.27161050  s
  214   2   1  -1       0.95677132  p_y
  214   2   1   0       0.97005769  p_z
  214   2   1   1       0.99670074  p_x
  215   1   0   0       1.00027044  s
  216   1   0   0       0.99965075  s
  217   1   0   0       1.27577196  s
  217   2   1  -1       0.97516950  p_y
  217   2   1   0       0.98099421  p_z
  217   2   1   1       0.96080303  p_x
  218   1   0   0       0.93993348  s
  219   1   0   0       0.91838758  s
  220   1   0   0       0.92832889  s
  221   1   0   0       1.29828758  s
  221   2   1  -1       1.04493312  p_y
  221   2   1   0       0.97176637  p_z
  221   2   1   1       1.01640032  p_x
  222   1   0   0       0.90983419  s
  223   1   0   0       0.91083010  s
  224   1   0   0       0.90111956  s
  225   1   0   0       1.24393163  s
  225   2   1  -1       0.94497757  p_y
  225   2   1   0       0.93916271  p_z
  225   2   1   1       0.96936916  p_x
  226   1   0   0       0.94276537  s
  227   1   0   0       0.96735505  s
  228   1   0   0       1.25482709  s
  228   2   1  -1       0.96937431  p_y
  228   2   1   0       0.95209018  p_z
  228   2   1   1       0.93010011  p_x
  229   1   0   0       0.96124290  s
  230   1   0   0       0.94017144  s
  231   1   0   0       1.22482955  s
  231   2   1  -1       0.94660861  p_y
  231   2   1   0       0.96405184  p_z
  231   2   1   1       0.94056864  p_x
  232   1   0   0       0.94456618  s
  233   1   0   0       0.97157918  s
  234   1   0   0       1.20690619  s
  234   2   1  -1       0.97989453  p_y
  234   2   1   0       0.97411575  p_z
  234   2   1   1       0.93444178  p_x
  235   1   0   0       0.94598377  s
  236   1   0   0       0.93504931  s
  237   1   0   0       1.23121283  s
  237   2   1  -1       1.00724065  p_y
  237   2   1   0       0.94330445  p_z
  237   2   1   1       0.93795367  p_x
  238   1   0   0       0.93004839  s
  239   1   0   0       0.96116131  s
  240   1   0   0       1.22978652  s
  240   2   1  -1       0.94936028  p_y
  240   2   1   0       0.92746737  p_z
  240   2   1   1       0.99210720  p_x
  241   1   0   0       0.95661406  s
  242   1   0   0       0.96013935  s
  243   1   0   0       1.20829077  s
  243   2   1  -1       0.95892091  p_y
  243   2   1   0       0.95618412  p_z
  243   2   1   1       0.98299052  p_x
  244   1   0   0       0.94576886  s
  245   1   0   0       0.92765947  s
  246   1   0   0       1.27284022  s
  246   2   1  -1       0.94249342  p_y
  246   2   1   0       0.97860850  p_z
  246   2   1   1       0.93526631  p_x
  247   1   0   0       0.91851409  s
  248   1   0   0       0.93925654  s
  249   1   0   0       1.26892303  s
  249   2   1  -1       0.98654831  p_y
  249   2   1   0       0.94604463  p_z
  249   2   1   1       0.96862896  p_x
  250   1   0   0       0.95859999  s
  251   1   0   0       0.96449349  s
  252   1   0   0       0.92156672  s
  253   1   0   0       1.29855937  s
  253   2   1  -1       0.95471621  p_y
  253   2   1   0       1.00128053  p_z
  253   2   1   1       1.00063730  p_x
  254   1   0   0       0.90943580  s
  255   1   0   0       0.92177009  s
  256   1   0   0       0.92981864  s
  257   1   0   0       1.24981637  s
  257   2   1  -1       0.96635952  p_y
  257   2   1   0       1.01005590  p_z
  257   2   1   1       0.90514492  p_x
  258   1   0   0       0.92350086  s
  259   1   0   0       0.93703638  s
  260   1   0   0       1.26160880  s
  260   2   1  -1       0.95515282  p_y
  260   2   1   0       0.95482163  p_z
  260   2   1   1       0.96455625  p_x
  261   1   0   0       0.93521311  s
  262   1   0   0       0.95395270  s
  263   1   0   0       1.23370656  s
  263   2   1  -1       0.93048475  p_y
  263   2   1   0       0.95994154  p_z
  263   2   1   1       0.97730669  p_x
  264   1   0   0       0.94035602  s
  265   1   0   0       0.93772147  s
  266   1   0   0       1.23548849  s
  266   2   1  -1       0.92622210  p_y
  266   2   1   0       0.98183328  p_z
  266   2   1   1       0.96244026  p_x
  267   1   0   0       0.95238806  s
  268   1   0   0       0.95167581  s
  269   1   0   0       1.24669137  s
  269   2   1  -1       0.98639145  p_y
  269   2   1   0       0.93919385  p_z
  269   2   1   1       0.94382063  p_x
  270   1   0   0       0.93667446  s
  271   1   0   0       0.94054366  s
  272   1   0   0       1.23953564  s
  272   2   1  -1       0.95493097  p_y
  272   2   1   0       0.95725775  p_z
  272   2   1   1       0.93063491  p_x
  273   1   0   0       0.94391788  s
  274   1   0   0       0.95216122  s
  275   1   0   0       1.26482472  s
  275   2   1  -1       0.96525266  p_y
  275   2   1   0       0.91760608  p_z
  275   2   1   1       0.97491157  p_x
  276   1   0   0       0.95137838  s
  277   1   0   0       0.94120091  s
  278   1   0   0       1.26613922  s
  278   2   1  -1       0.93883090  p_y
  278   2   1   0       0.91623623  p_z
  278   2   1   1       0.97372712  p_x
  279   1   0   0       0.94964592  s
  280   1   0   0       0.94079932  s
  281   1   0   0       1.28163920  s
  281   2   1  -1       0.97362890  p_y
  281   2   1   0       0.99008803  p_z
  281   2   1   1       0.95181801  p_x
  282   1   0   0       0.94612527  s
  283   1   0   0       0.91900310  s
  284   1   0   0       0.94023120  s
  285   1   0   0       1.27274520  s
  285   2   1  -1       0.94684087  p_y
  285   2   1   0       0.99470220  p_z
  285   2   1   1       0.99370450  p_x
  286   1   0   0       0.94211166  s
  287   1   0   0       0.91972383  s
  288   1   0   0       0.95363930  s
  289   1   0   0       1.22254676  s
  289   2   1  -1       0.95563980  p_y
  289   2   1   0       0.97574661  p_z
  289   2   1   1       0.93568950  p_x
  290   1   0   0       0.92575429  s
  291   1   0   0       0.96067378  s
  292   1   0   0       1.24387827  s
  292   2   1  -1       0.96240624  p_y
  292   2   1   0       0.97030721  p_z
  292   2   1   1       0.93710192  p_x
  293   1   0   0       0.93756772  s
  294   1   0   0       0.95345141  s
  295   1   0   0       1.24791503  s
  295   2   1  -1       0.96566330  p_y
  295   2   1   0       0.92672122  p_z
  295   2   1   1       0.99636984  p_x
  296   1   0   0       0.92808310  s
  297   1   0   0       0.93328948  s
  298   1   0   0       1.23511122  s
  298   2   1  -1       0.97887075  p_y
  298   2   1   0       0.93878426  p_z
  298   2   1   1       0.97700945  p_x
  299   1   0   0       0.92491534  s
  300   1   0   0       0.93485977  s
  301   1   0   0       1.23600758  s
  301   2   1  -1       0.96622696  p_y
  301   2   1   0       0.92515699  p_z
  301   2   1   1       0.99342326  p_x
  302   1   0   0       0.94662584  s
  303   1   0   0       0.93589574  s
  304   1   0   0       1.24711443  s
  304   2   1  -1       0.97354683  p_y
  304   2   1   0       0.93577568  p_z
  304   2   1   1       0.95742459  p_x
  305   1   0   0       0.95174284  s
  306   1   0   0       0.96128187  s
  307   1   0   0       1.22332466  s
  307   2   1  -1       0.97798972  p_y
  307   2   1   0       0.93397336  p_z
  307   2   1   1       0.95600885  p_x
  308   1   0   0       0.94295918  s
  309   1   0   0       0.93671512  s
  310   1   0   0       1.25114054  s
  310   2   1  -1       0.97908388  p_y
  310   2   1   0       0.92426524  p_z
  310   2   1   1       0.93742000  p_x
  311   1   0   0       0.95823020  s
  312   1   0   0       0.94521898  s
  313   1   0   0       1.28618522  s
  313   2   1  -1       0.97794618  p_y
  313   2   1   0       0.99609598  p_z
  313   2   1   1       0.92866338  p_x
  314   1   0   0       0.94919719  s
  315   1   0   0       0.93971395  s
  316   1   0   0       0.94070456  s
  317   1   0   0       1.28082614  s
  317   2   1  -1       0.98995385  p_y
  317   2   1   0       0.98339500  p_z
  317   2   1   1       0.96708934  p_x
  318   1   0   0       0.94336314  s
  319   1   0   0       0.92958154  s
  320   1   0   0       0.92377518  s
  321   1   0   0       1.26732974  s
  321   2   1  -1       0.95347240  p_y
  321   2   1   0       0.93322017  p_z
  321   2   1   1       0.94913491  p_x
  322   1   0   0       0.94236336  s
  323   1   0   0       0.94373807  s
  324   1   0   0       1.26250558  s
  324   2   1  -1       0.95388069  p_y
  324   2   1   0       0.95274580  p_z
  324   2   1   1       0.96035635  p_x
  325   1   0   0       0.92025069  s
  326   1   0   0       0.95528136  s
  327   1   0   0       1.27709661  s
  327   2   1  -1       0.94704752  p_y
  327   2   1   0       0.92167698  p_z
  327   2   1   1       0.97841194  p_x
  328   1   0   0       0.93781730  s
  329   1   0   0       0.94826107  s
  330   1   0   0       1.25568363  s
  330   2   1  -1       0.95321680  p_y
  330   2   1   0       0.93612435  p_z
  330   2   1   1       0.96373806  p_x
  331   1   0   0       0.94970485  s
  332   1   0   0       0.92663315  s
  333   1   0   0       1.21293257  s
  333   2   1  -1       0.94536486  p_y
  333   2   1   0       1.00550252  p_z
  333   2   1   1       0.92414767  p_x
  334   1   0   0       0.92465914  s
  335   1   0   0       0.96076678  s
  336   1   0   0       1.24992807  s
  336   2   1  -1       0.93860813  p_y
  336   2   1   0       0.99145106  p_z
  336   2   1   1       0.95832691  p_x
  337   1   0   0       0.93250074  s
  338   1   0   0       0.92743264  s
  339   1   0   0       1.25080869  s
  339   2   1  -1       0.94752759  p_y
  339   2   1   0       0.95007841  p_z
  339   2   1   1       0.95986262  p_x
  340   1   0   0       0.96456544  s
  341   1   0   0       0.94601174  s
  342   1   0   0       1.20481927  s
  342   2   1  -1       0.97675311  p_y
  342   2   1   0       0.93976116  p_z
  342   2   1   1       0.95131634  p_x
  343   1   0   0       0.96927885  s
  344   1   0   0       0.96132889  s
  345   1   0   0       1.28858541  s
  345   2   1  -1       0.96278476  p_y
  345   2   1   0       0.97194585  p_z
  345   2   1   1       0.99270545  p_x
  346   1   0   0       0.96980357  s
  347   1   0   0       0.92602198  s
  348   1   0   0       0.91340397  s
  349   1   0   0       1.25443183  s
  349   2   1  -1       1.01094359  p_y
  349   2   1   0       0.97042192  p_z
  349   2   1   1       0.98409084  p_x
  350   1   0   0       0.91850971  s
  351   1   0   0       0.91182102  s
  352   1   0   0       0.94522965  s
 
Fermi level:                        -0.1493531663 H           -4.0641 eV
Band energy:                      -277.4698027272 H        -7550.3375 eV
TS:                                  0.0000000000 H            0.0000 eV
Band free energy (E-TS):          -277.4698027272 H        -7550.3375 eV
Extrapolated E(0K):               -277.4698027272 H        -7550.3375 eV
Input / Output electrons (q):    682.0000000000    682.0000000000
 
Energy H0:                        -282.0220761424 H        -7674.2112 eV
Energy SCC:                          0.0804340309 H            2.1887 eV
Total Electronic energy:          -281.9416421115 H        -7672.0224 eV
Repulsive energy:                    4.5078743848 H          122.6655 eV
Dispersion energy:                   1.1053652799 H           30.0785 eV
Total energy:                     -276.3284024467 H        -7519.2784 eV
Extrapolated to 0:                -276.3284024467 H        -7519.2784 eV
Total Mermin free energy:         -276.3284024467 H        -7519.2784 eV
Force related energy:             -276.3284024467 H        -7519.2784 eV
 
SCC converged
 
Full geometry written in geo_end.{xyz|gen}
 
MD Kinetic Energy:                   1.3144074687 H
Total MD Energy:                  -275.0139949780 H
Pressure:                           -0.168816E-05 au    -0.496675E+08 Pa
MD Temperature:                      0.0024965004 H          788.3315 K
MD Kinetic Energy:                   1.3144074687 H
Total MD Energy:                  -275.0139949780 H        -7483.5116 eV
MD Temperature:                      0.0024965004 H          788.3315 K
 
Molecular dynamics completed
 
