 Fermi distribution function
 
MD step: 100000
 

********************************************************************************
 iSCC Total electronic   Diff electronic      SCC error    
    6   -0.28266003E+03    0.68212103E-12    0.85191212E-06
********************************************************************************
 
Coordinates of moved atoms (au):
    1     74.26130926     64.64246423     65.36306787
    2     75.13079019     63.68183428     67.12474348
    3     75.77798446     64.62371129     63.75160633
    4     71.87974545     92.17159105     64.40204068
    5     71.26506867     92.96631508     62.61541827
    6     41.28775682     92.36004984     65.72601760
    7     72.52302727     89.47084204     63.55448941
    8     44.76277964     88.56057874     65.07352969
    9     73.91086437     89.38928458     61.98013433
   10     41.39612064     87.53880821     63.15332290
   11     41.28980286     86.97108819     61.17601027
   12     39.80740099     88.82544478     63.87083877
   13     70.60091207     85.03678984     64.82011311
   14     72.14586851     85.14527835     66.43525523
   15     71.02967901     83.28766970     63.70678207
   16     38.96774276     84.64113934     65.89987595
   17     38.48260911     82.66442368     65.47472921
   18     37.55448676     85.84298640     64.90088304
   19     67.56169563     84.97841580     68.65200995
   20     68.26268365     83.32838891     69.81171916
   21     65.60078617     85.10115879     69.06519284
   22     68.83430640     87.36159721     69.72604623
   23     38.31330765     88.76044298     69.85777660
   24     41.33420267     88.06850985     68.35925126
   25     73.87358525     67.36306291     66.04461801
   26     72.78503096     68.28763578     64.49542973
   27     72.78934421     67.48678756     67.87198657
   28     75.69688113     68.64928410     66.34689151
   29     70.03904760     86.96480384     72.46669035
   30     68.57678119     87.06845979     73.91513312
   31     71.00611965     85.21751707     72.78096847
   32     71.30956197     88.45970487     73.16141019
   33     48.61649500     60.44321094     55.55459595
   34     47.78456957     60.62819919     53.57805406
   35     47.02406194     60.37962517     56.83292106
   36     50.19694463     58.04084433     55.69408751
   37     51.08651978     57.59504193     57.62628948
   38     52.07219376     58.48932549     54.68243220
   39     48.89892224     55.62363990     54.61984245
   40     50.43271161     54.37510645     53.72009174
   41     47.64340757     56.03581237     53.04643449
   42     47.45524430     53.96354843     56.65768380
   43     74.72170670     53.21554859     55.82877453
   44     46.60833329     55.27490284     58.12713208
   45     49.05490242     51.97109463     57.71098599
   46     50.54741010     51.28198248     56.18195908
   47     76.79266142     50.47031714     58.29158557
   48     79.50049086     52.62365191     59.97929172
   49     81.01239054     54.03517568     59.32441807
   50     80.63396881     51.10167806     60.71318456
   51     49.19442929     54.05691973     62.03237652
   52     47.60849452     52.95643495     62.70310515
   53     48.52497635     55.89065399     61.12392017
   54     79.88375210     54.60037953     93.20233254
   55     81.80937809     55.09436907     92.47088683
   56     80.16255726     52.80816905     94.26345077
   57     50.38171089     62.73981791     56.22026998
   58     51.49646320     63.34575584     54.35626106
   59     49.27599849     64.46044277     57.05204451
   60     52.09424295     62.14278650     57.56907975
   61     49.75138263     56.49298473     95.00297643
   62     48.99812156     58.09176910     94.03570321
   63     48.32369728     55.39741821     96.26675680
   64     51.30726956     57.03696976     96.31807345
   65     68.70186087     83.03633851     55.12584669
   66     69.68712003     82.96081959     53.22636470
   67     69.98627601     82.36972995     56.65861016
   68     67.89623457     85.63261111     56.01863430
   69     67.08170792     85.87184487     57.98815197
   70     66.33255660     86.30752342     54.75091063
   71     70.07592397     87.46967339     55.85322901
   72     71.15606484     87.23868236     54.05143792
   73     71.34242093     87.01817256     57.36085476
   74     69.37814232     61.16337284     56.71649611
   75     71.13162682     62.48116997     56.89475385
   76     68.67510191     60.87548610     58.64253473
   77     67.82590574     62.86390425     54.94636930
   78     67.85361262     93.91898825     55.33950953
   79     65.71788187     91.18107332     55.08224888
   80     68.87755166     62.83477043     52.21183433
   81     68.46208581     60.95453927     51.56546274
   82     70.98063806     63.14707812     52.22296114
   83     67.87013949     64.91367716     50.61999255
   84     68.52421941     66.82816135     51.22930023
   85     65.75028289     64.85404010     50.60640655
   86     68.16652984     64.70169969     47.81948297
   87     67.17126024     66.20040254     46.86956979
   88     67.09273720     63.11588111     46.91545998
   89     65.88195613     81.76371974     55.11581816
   90     65.84373429     79.67955049     54.78979890
   91     64.84487146     82.02841816     56.91370736
   92     65.01928539     82.60314819     53.59473128
   93     70.86120442     64.41576785     46.73224653
   94     72.43822748     65.29562727     47.71528417
   95     71.46913370     62.46473313     46.28961446
   96     70.63925872     65.16472142     44.86747994
   97     62.00166793     70.19397698     91.29585693
   98     60.35707335     68.72162352     91.00963523
   99     63.08327653     69.48820175     93.01876312
  100     63.78295543     70.23307799     89.06803880
  101     64.92429340     71.86966355     89.25792127
  102     62.52879354     70.27709565     87.38432932
  103     65.61229638     68.14046430     88.68130555
  104     67.28745607     68.25388654     89.95302429
  105     66.53357869     68.31282457     86.72702557
  106     64.88461572     65.32264170     60.26697026
  107     64.60551443     65.28669206     62.40915075
  108     66.39912747     63.98782302     59.79461762
  109     62.49277768     64.31847499     59.11551659
  110     62.79419372     63.74445437     57.16526732
  111     60.84470583     65.77445667     59.41596294
  112     61.67633241     61.82234046     60.29387440
  113     61.32622523     61.88169203     62.42658955
  114     63.16262661     60.36826232     60.14997278
  115     59.24217679     60.82851924     59.09089276
  116     59.39811554     60.69260975     56.96322934
  117     57.68298879     62.37406904     59.15642306
  118     58.30323121     58.54276363     60.79197579
  119     58.03406467     59.24738307     62.75078645
  120     60.12314138     57.22317180     60.79153058
  121     60.98335188     72.87425975     91.73950568
  122     59.48786191     72.85704162     93.17869247
  123     62.61668872     73.98955482     92.52296718
  124     60.10224047     73.77032490     90.09307616
  125     56.06658630     57.22881985     59.67684673
  126     54.47839642     58.63606542     60.07915028
  127     55.77890894     56.63825579     57.62414656
  128     55.56065168     55.44401670     60.70537974
  129     70.95563523     77.85215351     77.01765938
  130     70.31247709     76.07151807     77.77352859
  131     72.60561331     78.34383491     78.23754487
  132     71.34532182     78.00810380     74.20091396
  133     72.64849470     79.59780561     74.09040034
  134     69.52030195     78.57962407     73.28155585
  135     72.58229117     75.67961065     73.08004266
  136     74.28341292     75.19101578     74.33247935
  137     73.29076350     76.06426313     71.19915674
  138     70.92243910     73.29349153     73.15051439
  139     69.89376541     73.18444284     74.89083513
  140     72.24226781     71.62957708     73.06652752
  141     68.96315712     73.09507955     71.20889613
  142     69.66621474     73.53769232     69.30085179
  143     67.43874458     74.47619864     71.81415809
  144     67.99561366     70.35672630     70.89583775
  145     66.59789363     69.98076180     72.48123938
  146     69.40531661     68.86903943     71.02337722
  147     66.51746344     70.01397310     68.38712237
  148     67.16410135     71.26901648     66.81014205
  149     64.62049932     70.53105437     69.06677445
  150     66.34154524     67.31549346     67.42973299
  151     68.29121407     66.79793605     66.83591611
  152     64.97752651     67.12473866     65.88458372
  153     69.02003557     79.85241555     77.69724762
  154     67.33760726     50.35972676     76.55004924
  155     68.64378301     79.77508813     79.75873911
  156     69.46958972     81.73706453     77.24891418
  157     65.31008444     65.59354432     69.55020893
  158     63.29654495     65.39548660     69.70885746
  159     65.93129196     63.61363556     69.33375401
  160     66.20648443     65.92593694     71.35565162
  161     81.10972463     39.31667952     63.86684701
  162     80.39797136     38.66448877     65.77919247
  163     79.26411735     39.46343474     62.82233889
  164     82.59372587     41.85304930     64.71611924
  165     84.46672359     41.19465841     64.78915588
  166     81.79592159     42.30524100     66.67340039
  167     82.01621519     44.23556167     63.17145095
  168     82.47354504     43.85015791     61.12059335
  169     83.20160128     45.65881099     64.02265150
  170     79.24165488     45.64685125     62.78566455
  171     77.93693837     44.54721430     61.50692597
  172     79.74475713     47.31392717     61.79203985
  173     77.88468763     75.18792898     65.43793148
  174     78.90860657     76.53335706     66.63850467
  175     77.71008665     44.41903548     66.42837504
  176     75.25540947     76.22560237     65.11450255
  177     75.41060866     77.96477175     63.73105419
  178     74.36106132     77.13576764     66.76410018
  179     73.21652072     74.30066075     64.22936316
  180     72.95242365     72.94375357     65.88867561
  181     73.75662522     72.95475242     62.64549869
  182     70.71016777     75.81755473     63.93388448
  183     71.20935981     77.27530459     62.45546739
  184     70.59813508     76.99986044     65.77625876
  185     82.66511325     37.20849400     62.48065670
  186     81.43594947     35.88090974     61.57930779
  187     83.83749222     38.28862223     61.12784732
  188     84.04974653     36.38089517     92.72744171
  189     68.31408401     74.56117964     62.90647826
  190     67.10242330     75.90904079     62.07074110
  191     68.65836925     72.98240307     61.39706036
  192     67.68925921     73.32690032     64.47838767
  193     78.89016360     59.45658393     74.60613074
  194     80.99050454     58.80371956     74.03637611
  195     78.40967695     86.97441339     75.98643334
  196     79.35119628     62.07325883     75.65567070
  197     77.39568402     62.53658597     76.47250452
  198     79.45593348     92.57994590     74.28159513
  199     81.29099108     62.54268026     77.78067776
  200     81.30714133     60.66994761     79.05572697
  201     80.30614856     63.92005378     78.90548120
  202     83.75222830     63.41358349     76.89156366
  203     83.52090414     65.18854215     75.84284509
  204     84.22953424     62.11866324     75.34869113
  205     85.55777795     63.62238482     79.17636279
  206     86.53880252     61.70677665     79.47080019
  207     84.76873620     63.78598766     81.20862838
  208     87.60504124     65.51366974     78.80519988
  209     87.02589440     67.17710670     77.27909744
  210     89.13001609     64.37778848     77.58510680
  211     89.14017459     95.45106735     81.02951489
  212     90.49754430     94.11210259     81.71945231
  213     87.84100167     95.51589733     82.89963026
  214     90.69017295     97.87200648     80.40103738
  215     89.17448273     99.23596200     79.79572018
  216     91.87633685     97.56010659     78.52409027
  217     77.03488721     59.36366253     72.21915006
  218     75.18084660     60.30092001     43.66094577
  219     77.93320786     60.76079562     41.86906077
  220     76.61129563     57.51614802     71.64861369
  221     92.36167863     99.12034766     82.30454244
  222     94.26523486     98.30983997     82.35147648
  223     92.47184330    101.30616186     82.22515035
  224     91.71738189     98.76212572     84.22250358
  225     50.39085004     70.93219161     76.20779657
  226     50.80265094     69.55612651     77.83033337
  227     49.83257522     72.67792274     77.19108005
  228     52.81557396     42.55477475     74.69078441
  229     54.32363937     43.20294345     76.16319013
  230     52.51760305     44.43098341     73.54494204
  231     53.83005890     69.40340316     72.87607546
  232     52.73460048     69.49520181     71.19691539
  233     53.45629906     67.52654494     73.67735742
  234     56.71634827     69.91011050     72.57448161
  235     57.41666937     68.54001106     71.15178733
  236     57.81712282     69.39485603     74.25808588
  237     57.83246993     72.55344816     71.66539671
  238     59.80516142     72.30762716     72.12080764
  239     57.30200721     45.06581272     73.08446738
  240     57.59757098     73.61434521     69.01385823
  241     55.66189928     44.34354558     68.49847396
  242     58.54123911     43.21585041     67.44084913
  243     58.52261043     76.28840786     68.38136065
  244     58.11266023     76.47531813     66.30801089
  245     60.61021019     76.35720628     68.83988282
  246     57.42444535     78.32210095     69.81636770
  247     58.34380445     78.53430009     71.62300864
  248     55.42537340     77.89235089     70.60000360
  249     48.13221949     40.99591260     74.71779784
  250     47.09549788     42.45657728     73.45104399
  251     48.63054000     39.24668693     73.76683045
  252     46.57188984     40.39515393     76.02706155
  253     57.85100619     80.95045095     68.48116345
  254     58.83548275     80.68738223     66.76583385
  255     56.10232472     81.88939810     68.03563780
  256     59.12436863     82.12795029     98.48377370
  257     91.44872466     74.23304097     76.43207899
  258     89.40653439     74.94882940     76.29211556
  259     91.56765484     72.49542254     75.42842064
  260     85.14145957     69.95266253     85.77485388
  261     86.15975716     68.65369026     86.67301409
  262     86.46993396     70.32233032     84.25947412
  263     82.46520754     69.05526102     85.53688486
  264     81.50869594     68.46347704     87.44380940
  265     82.39985797     67.24134812     84.39974387
  266     80.51670099     71.01709319     84.35186500
  267     81.35144438     72.36578623     82.98238051
  268     79.81020089     72.30168443     85.93162348
  269     78.13626882     69.63588687     83.42192999
  270     77.87068182     67.58959155     84.06752139
  271     77.99807304     69.27921049     81.26617457
  272     75.81340997     71.13395404     83.86213218
  273     76.10923719     72.73344718     82.39040617
  274     75.38676423     71.90893754     85.69820872
  275     73.37205655     70.15915536     82.74423782
  276     72.68371688     68.37496737     83.71682374
  277     73.93883527     69.70164388     80.61871558
  278     71.10335486     72.18069423     82.59873351
  279     69.45576568     71.24336799     81.59747027
  280     71.75393863     73.90781916     81.63409603
  281     93.09846429     75.43892247     77.81662520
  282     92.56512890     76.89821746     79.01658047
  283     95.04831165     74.73369186     77.54425802
  284     84.40134379     71.64300329     86.77841373
  285     70.09433093     72.73084571     85.23481466
  286     70.59192196     74.65406703     85.94202853
  287     67.94944099     72.43567791     85.29106473
  288     70.89114507     71.22310420     86.45694017
  289     56.97251397     62.97638228     68.74817296
  290     56.86266194     65.06069449     68.49716878
  291     57.38787990     62.12894002     66.83284193
  292     59.14641235     62.22694590     70.66871220
  293     58.69035875     63.14135878     72.48630667
  294     60.98783667     62.98469456     69.97833109
  295     59.68183521     59.41734207     70.94043401
  296     59.75938205     58.71855786     69.01658799
  297     58.00250241     58.63480343     42.99942036
  298     62.10559702     58.99546898     43.50458320
  299     63.47533729     60.41377247     71.84223859
  300     63.05753634     57.41167408     42.76753666
  301     62.11593191     58.79722781     46.24020897
  302     60.74870132     60.13284253     47.25457566
  303     63.75319899     59.73493339     75.93046032
  304     61.80559690     56.09917015     47.40465060
  305     63.69200619     54.98524516     48.00522823
  306     61.02507879     54.84773069     46.03336599
  307     60.52090858     56.10024163     50.10021277
  308     60.90948461     57.78309794     51.10861513
  309     60.93663671     54.50429485     51.45916960
  310     57.63027300     55.77126729     50.23064811
  311     57.08517435     53.67163969     49.36038559
  312     56.81220550     57.17840173     48.86654685
  313     54.23333572     62.10019178     69.30846191
  314     53.66524326     63.07013205     71.11521573
  315     53.00168189     62.96864936     67.92251205
  316     53.99899774     60.09144494     69.43233683
  317     56.63220364     55.89869109     52.81199585
  318     57.29869868     54.14626176     53.83400494
  319     57.47896850     57.40814562     54.03792752
  320     54.72234505     55.89674607     52.85365390
  321     58.94314043     49.92136161     28.12900830
  322     58.18146726     51.80764958     27.47610973
  323     57.38286939     48.63638605     28.62682820
  324     60.21704278     48.76206801     54.74970334
  325     61.95826155     47.91763705     55.06659199
  326     60.76575792     50.25902655     53.45797400
  327     58.23568831     47.31525014     53.25096981
  328     57.19994844     46.26688415     54.74360017
  329     58.94351595     45.86799053     51.88669762
  330     56.34346974     48.97571250     51.89647569
  331     57.68539106     50.22653997     50.65531828
  332     55.13306698     50.14242284     53.21191721
  333     54.79670171     47.25109400     50.13693705
  334     54.47822170     45.41246699     51.19905058
  335     55.86704702     47.06284725     48.36772546
  336     52.22657865     48.51398712     49.51357413
  337     51.46879416     49.79260130     51.04721608
  338     50.75555452     46.74577701     49.39266525
  339     52.09036968     50.04672975     47.02218871
  340     52.72211101     49.21740041     45.30169141
  341     53.54123450     51.35983196     47.75915660
  342     49.57120536     51.44064421     46.55545673
  343     47.98055798     50.29846646     46.12904322
  344     49.73973744     52.23560981     44.55061570
  345     60.89229009     50.26049425     30.47272098
  346     61.28576678     48.67310246     31.56192746
  347     62.58654937     51.09997438     29.72401701
  348     60.10618776     51.75368083     31.63057756
  349     48.74787091     53.53635894     48.29961712
  350     47.51123561     52.56881869     49.72817456
  351     50.38115068     54.26512275     49.18844243
  352     47.48084165     54.90968518     47.41081078
 
 Total charge:    -0.00000000

 Atomic gross charges (e)
 Atom           Charge
    1      -0.07069392
    2       0.04360479
    3       0.03900079
    4      -0.10602970
    5       0.05794960
    6       0.06442636
    7      -0.11613502
    8       0.03963403
    9       0.05257739
   10      -0.12344505
   11       0.07211628
   12       0.06294527
   13      -0.10187810
   14       0.05449702
   15       0.05407735
   16      -0.09960755
   17       0.04608491
   18       0.05250739
   19      -0.10281183
   20       0.04618483
   21       0.05837468
   22      -0.10229741
   23       0.05254073
   24       0.06613282
   25      -0.18094036
   26       0.05883128
   27       0.05732504
   28       0.04960126
   29      -0.22230787
   30       0.05982468
   31       0.07297678
   32       0.06554916
   33      -0.08886572
   34       0.05328757
   35       0.06222825
   36      -0.09385656
   37       0.05185050
   38       0.03741626
   39      -0.11477696
   40       0.04152512
   41       0.05985909
   42      -0.10457903
   43       0.05348163
   44       0.05266297
   45      -0.07560148
   46       0.03360702
   47       0.05758945
   48      -0.10496051
   49       0.03022020
   50       0.05824784
   51      -0.10533246
   52       0.05948001
   53       0.05194930
   54      -0.09612656
   55       0.05177222
   56       0.04736026
   57      -0.17587142
   58       0.04570173
   59       0.06222481
   60       0.04897254
   61      -0.19463422
   62       0.08322197
   63       0.05272984
   64       0.05701465
   65      -0.10754907
   66       0.07040020
   67       0.05940743
   68      -0.09275421
   69       0.05186850
   70       0.04545518
   71      -0.11805857
   72       0.05905610
   73       0.05579916
   74      -0.09837488
   75       0.03304714
   76       0.06093941
   77      -0.10458477
   78       0.05304309
   79       0.03711227
   80      -0.10298353
   81       0.06798936
   82       0.05289099
   83      -0.09007411
   84       0.05634783
   85       0.04579107
   86      -0.09223968
   87       0.05355492
   88       0.04199766
   89      -0.22436778
   90       0.05359556
   91       0.07423445
   92       0.08635261
   93      -0.22220771
   94       0.07468305
   95       0.06013996
   96       0.06281195
   97      -0.07932551
   98       0.03788383
   99       0.04997957
  100      -0.10657400
  101       0.06964147
  102       0.05967609
  103      -0.09914560
  104       0.04176649
  105       0.03940027
  106      -0.10748031
  107       0.04131440
  108       0.06180594
  109      -0.09830610
  110       0.06611894
  111       0.04714228
  112      -0.10374217
  113       0.03983396
  114       0.05146161
  115      -0.11409140
  116       0.06010401
  117       0.03209884
  118      -0.06394863
  119       0.06764425
  120       0.02513549
  121      -0.20816792
  122       0.06619753
  123       0.05990446
  124       0.07268249
  125      -0.18876740
  126       0.04959816
  127       0.07172451
  128       0.05521707
  129      -0.10046632
  130       0.06007742
  131       0.04739896
  132      -0.09865819
  133       0.05582141
  134       0.05789874
  135      -0.10440897
  136       0.04364194
  137       0.06131549
  138      -0.10623508
  139       0.06330319
  140       0.04586064
  141      -0.09808289
  142       0.05541706
  143       0.05308548
  144      -0.11037759
  145       0.04060024
  146       0.06554408
  147      -0.12367538
  148       0.05920463
  149       0.05706032
  150      -0.09396819
  151       0.05846173
  152       0.06497996
  153      -0.21761221
  154       0.06060112
  155       0.05880758
  156       0.07406942
  157      -0.22450837
  158       0.07914940
  159       0.04750126
  160       0.07093387
  161      -0.12391309
  162       0.03824020
  163       0.05901026
  164      -0.10499610
  165       0.08763329
  166       0.04770140
  167      -0.12790209
  168       0.05153753
  169       0.06313651
  170      -0.12312852
  171       0.06137739
  172       0.06892268
  173      -0.10686970
  174       0.06154365
  175       0.06281024
  176      -0.09428719
  177       0.02772997
  178       0.05535163
  179      -0.10367793
  180       0.03863586
  181       0.05990627
  182      -0.09195391
  183       0.03644601
  184       0.05133241
  185      -0.21635172
  186       0.08269846
  187       0.06861346
  188       0.06874238
  189      -0.20578201
  190       0.08679885
  191       0.05049168
  192       0.07340298
  193      -0.08710857
  194       0.01976236
  195       0.06696255
  196      -0.10948237
  197       0.02454880
  198       0.05931413
  199      -0.08763819
  200       0.03256470
  201       0.05920479
  202      -0.09877780
  203       0.06139840
  204       0.06777744
  205      -0.08123414
  206       0.03862737
  207       0.05047766
  208      -0.06385827
  209       0.02585866
  210       0.01771013
  211      -0.09495418
  212       0.05972868
  213       0.03191820
  214      -0.07023487
  215       0.04570712
  216       0.03411687
  217      -0.21337205
  218       0.05806897
  219       0.06389278
  220       0.08873182
  221      -0.19479677
  222       0.06415793
  223       0.05862349
  224       0.06498832
  225      -0.08892694
  226       0.04633600
  227       0.05890237
  228      -0.09224349
  229       0.03887941
  230       0.03639240
  231      -0.11187787
  232       0.07322433
  233       0.06430347
  234      -0.10949848
  235       0.04500191
  236       0.06031788
  237      -0.10953158
  238       0.05113306
  239       0.05001622
  240      -0.09601254
  241       0.06295728
  242       0.01198954
  243      -0.07433876
  244       0.05246465
  245       0.05106306
  246      -0.08918878
  247       0.05316456
  248       0.04352637
  249      -0.19224539
  250       0.05920674
  251       0.06827480
  252       0.04831708
  253      -0.22800614
  254       0.06877338
  255       0.07577014
  256       0.07159230
  257      -0.16852949
  258       0.05551851
  259       0.09693996
  260      -0.25670303
  261       0.09029592
  262       0.08632318
  263      -0.07888657
  264       0.04898637
  265       0.03585253
  266      -0.10871840
  267       0.06560697
  268       0.04125994
  269      -0.08372848
  270       0.04548767
  271       0.03876064
  272      -0.10370244
  273       0.03743764
  274       0.06900929
  275      -0.09897645
  276       0.04995145
  277       0.02951564
  278      -0.10573896
  279       0.05210234
  280       0.06621410
  281      -0.18713636
  282       0.11263993
  283       0.09070184
  284       0.08839688
  285      -0.19489897
  286       0.06743702
  287       0.04991495
  288       0.06578959
  289      -0.10355168
  290       0.05570485
  291       0.04299057
  292      -0.11730245
  293       0.05953722
  294       0.05285348
  295      -0.10596127
  296       0.06365472
  297       0.05725785
  298      -0.10662456
  299       0.04881118
  300       0.06066534
  301      -0.08998387
  302       0.04539358
  303       0.05889065
  304      -0.10037473
  305       0.02816770
  306       0.07302646
  307      -0.13314989
  308       0.07068861
  309       0.05445731
  310      -0.06864653
  311       0.01497659
  312       0.04852916
  313      -0.20828316
  314       0.05380837
  315       0.06789640
  316       0.08054890
  317      -0.19993458
  318       0.05000217
  319       0.06044581
  320       0.08678462
  321      -0.10249436
  322       0.05792502
  323       0.06202472
  324      -0.13075635
  325       0.07597080
  326       0.04777142
  327      -0.10615402
  328       0.04411844
  329       0.05696226
  330      -0.10189738
  331       0.04303967
  332       0.06139388
  333      -0.10966836
  334       0.05957845
  335       0.06827174
  336      -0.08977103
  337       0.05598219
  338       0.01293199
  339      -0.12459095
  340       0.07560354
  341       0.06489442
  342      -0.09872022
  343       0.06512312
  344       0.02609033
  345      -0.23955593
  346       0.08836575
  347       0.07206635
  348       0.06532532
  349      -0.20468977
  350       0.05197893
  351       0.08378484
  352       0.07381053
 
Nr. of electrons (up):    682.00000000
Atom populations (up)
 Atom       Population
    1       4.07069392
    2       0.95639521
    3       0.96099921
    4       4.10602970
    5       0.94205040
    6       0.93557364
    7       4.11613502
    8       0.96036597
    9       0.94742261
   10       4.12344505
   11       0.92788372
   12       0.93705473
   13       4.10187810
   14       0.94550298
   15       0.94592265
   16       4.09960755
   17       0.95391509
   18       0.94749261
   19       4.10281183
   20       0.95381517
   21       0.94162532
   22       4.10229741
   23       0.94745927
   24       0.93386718
   25       4.18094036
   26       0.94116872
   27       0.94267496
   28       0.95039874
   29       4.22230787
   30       0.94017532
   31       0.92702322
   32       0.93445084
   33       4.08886572
   34       0.94671243
   35       0.93777175
   36       4.09385656
   37       0.94814950
   38       0.96258374
   39       4.11477696
   40       0.95847488
   41       0.94014091
   42       4.10457903
   43       0.94651837
   44       0.94733703
   45       4.07560148
   46       0.96639298
   47       0.94241055
   48       4.10496051
   49       0.96977980
   50       0.94175216
   51       4.10533246
   52       0.94051999
   53       0.94805070
   54       4.09612656
   55       0.94822778
   56       0.95263974
   57       4.17587142
   58       0.95429827
   59       0.93777519
   60       0.95102746
   61       4.19463422
   62       0.91677803
   63       0.94727016
   64       0.94298535
   65       4.10754907
   66       0.92959980
   67       0.94059257
   68       4.09275421
   69       0.94813150
   70       0.95454482
   71       4.11805857
   72       0.94094390
   73       0.94420084
   74       4.09837488
   75       0.96695286
   76       0.93906059
   77       4.10458477
   78       0.94695691
   79       0.96288773
   80       4.10298353
   81       0.93201064
   82       0.94710901
   83       4.09007411
   84       0.94365217
   85       0.95420893
   86       4.09223968
   87       0.94644508
   88       0.95800234
   89       4.22436778
   90       0.94640444
   91       0.92576555
   92       0.91364739
   93       4.22220771
   94       0.92531695
   95       0.93986004
   96       0.93718805
   97       4.07932551
   98       0.96211617
   99       0.95002043
  100       4.10657400
  101       0.93035853
  102       0.94032391
  103       4.09914560
  104       0.95823351
  105       0.96059973
  106       4.10748031
  107       0.95868560
  108       0.93819406
  109       4.09830610
  110       0.93388106
  111       0.95285772
  112       4.10374217
  113       0.96016604
  114       0.94853839
  115       4.11409140
  116       0.93989599
  117       0.96790116
  118       4.06394863
  119       0.93235575
  120       0.97486451
  121       4.20816792
  122       0.93380247
  123       0.94009554
  124       0.92731751
  125       4.18876740
  126       0.95040184
  127       0.92827549
  128       0.94478293
  129       4.10046632
  130       0.93992258
  131       0.95260104
  132       4.09865819
  133       0.94417859
  134       0.94210126
  135       4.10440897
  136       0.95635806
  137       0.93868451
  138       4.10623508
  139       0.93669681
  140       0.95413936
  141       4.09808289
  142       0.94458294
  143       0.94691452
  144       4.11037759
  145       0.95939976
  146       0.93445592
  147       4.12367538
  148       0.94079537
  149       0.94293968
  150       4.09396819
  151       0.94153827
  152       0.93502004
  153       4.21761221
  154       0.93939888
  155       0.94119242
  156       0.92593058
  157       4.22450837
  158       0.92085060
  159       0.95249874
  160       0.92906613
  161       4.12391309
  162       0.96175980
  163       0.94098974
  164       4.10499610
  165       0.91236671
  166       0.95229860
  167       4.12790209
  168       0.94846247
  169       0.93686349
  170       4.12312852
  171       0.93862261
  172       0.93107732
  173       4.10686970
  174       0.93845635
  175       0.93718976
  176       4.09428719
  177       0.97227003
  178       0.94464837
  179       4.10367793
  180       0.96136414
  181       0.94009373
  182       4.09195391
  183       0.96355399
  184       0.94866759
  185       4.21635172
  186       0.91730154
  187       0.93138654
  188       0.93125762
  189       4.20578201
  190       0.91320115
  191       0.94950832
  192       0.92659702
  193       4.08710857
  194       0.98023764
  195       0.93303745
  196       4.10948237
  197       0.97545120
  198       0.94068587
  199       4.08763819
  200       0.96743530
  201       0.94079521
  202       4.09877780
  203       0.93860160
  204       0.93222256
  205       4.08123414
  206       0.96137263
  207       0.94952234
  208       4.06385827
  209       0.97414134
  210       0.98228987
  211       4.09495418
  212       0.94027132
  213       0.96808180
  214       4.07023487
  215       0.95429288
  216       0.96588313
  217       4.21337205
  218       0.94193103
  219       0.93610722
  220       0.91126818
  221       4.19479677
  222       0.93584207
  223       0.94137651
  224       0.93501168
  225       4.08892694
  226       0.95366400
  227       0.94109763
  228       4.09224349
  229       0.96112059
  230       0.96360760
  231       4.11187787
  232       0.92677567
  233       0.93569653
  234       4.10949848
  235       0.95499809
  236       0.93968212
  237       4.10953158
  238       0.94886694
  239       0.94998378
  240       4.09601254
  241       0.93704272
  242       0.98801046
  243       4.07433876
  244       0.94753535
  245       0.94893694
  246       4.08918878
  247       0.94683544
  248       0.95647363
  249       4.19224539
  250       0.94079326
  251       0.93172520
  252       0.95168292
  253       4.22800614
  254       0.93122662
  255       0.92422986
  256       0.92840770
  257       4.16852949
  258       0.94448149
  259       0.90306004
  260       4.25670303
  261       0.90970408
  262       0.91367682
  263       4.07888657
  264       0.95101363
  265       0.96414747
  266       4.10871840
  267       0.93439303
  268       0.95874006
  269       4.08372848
  270       0.95451233
  271       0.96123936
  272       4.10370244
  273       0.96256236
  274       0.93099071
  275       4.09897645
  276       0.95004855
  277       0.97048436
  278       4.10573896
  279       0.94789766
  280       0.93378590
  281       4.18713636
  282       0.88736007
  283       0.90929816
  284       0.91160312
  285       4.19489897
  286       0.93256298
  287       0.95008505
  288       0.93421041
  289       4.10355168
  290       0.94429515
  291       0.95700943
  292       4.11730245
  293       0.94046278
  294       0.94714652
  295       4.10596127
  296       0.93634528
  297       0.94274215
  298       4.10662456
  299       0.95118882
  300       0.93933466
  301       4.08998387
  302       0.95460642
  303       0.94110935
  304       4.10037473
  305       0.97183230
  306       0.92697354
  307       4.13314989
  308       0.92931139
  309       0.94554269
  310       4.06864653
  311       0.98502341
  312       0.95147084
  313       4.20828316
  314       0.94619163
  315       0.93210360
  316       0.91945110
  317       4.19993458
  318       0.94999783
  319       0.93955419
  320       0.91321538
  321       4.10249436
  322       0.94207498
  323       0.93797528
  324       4.13075635
  325       0.92402920
  326       0.95222858
  327       4.10615402
  328       0.95588156
  329       0.94303774
  330       4.10189738
  331       0.95696033
  332       0.93860612
  333       4.10966836
  334       0.94042155
  335       0.93172826
  336       4.08977103
  337       0.94401781
  338       0.98706801
  339       4.12459095
  340       0.92439646
  341       0.93510558
  342       4.09872022
  343       0.93487688
  344       0.97390967
  345       4.23955593
  346       0.91163425
  347       0.92793365
  348       0.93467468
  349       4.20468977
  350       0.94802107
  351       0.91621516
  352       0.92618947
 
l-shell populations (up)
 Atom Sh.   l       Population
    1   1   0       1.24051749
    1   2   1       2.83017644
    2   1   0       0.95639521
    3   1   0       0.96099921
    4   1   0       1.23646965
    4   2   1       2.86956005
    5   1   0       0.94205040
    6   1   0       0.93557364
    7   1   0       1.24343821
    7   2   1       2.87269681
    8   1   0       0.96036597
    9   1   0       0.94742261
   10   1   0       1.25696162
   10   2   1       2.86648343
   11   1   0       0.92788372
   12   1   0       0.93705473
   13   1   0       1.26290449
   13   2   1       2.83897361
   14   1   0       0.94550298
   15   1   0       0.94592265
   16   1   0       1.22567241
   16   2   1       2.87393514
   17   1   0       0.95391509
   18   1   0       0.94749261
   19   1   0       1.22158515
   19   2   1       2.88122668
   20   1   0       0.95381517
   21   1   0       0.94162532
   22   1   0       1.24857101
   22   2   1       2.85372640
   23   1   0       0.94745927
   24   1   0       0.93386718
   25   1   0       1.27179395
   25   2   1       2.90914640
   26   1   0       0.94116872
   27   1   0       0.94267496
   28   1   0       0.95039874
   29   1   0       1.27305787
   29   2   1       2.94924999
   30   1   0       0.94017532
   31   1   0       0.92702322
   32   1   0       0.93445084
   33   1   0       1.23692068
   33   2   1       2.85194504
   34   1   0       0.94671243
   35   1   0       0.93777175
   36   1   0       1.24723265
   36   2   1       2.84662391
   37   1   0       0.94814950
   38   1   0       0.96258374
   39   1   0       1.25505205
   39   2   1       2.85972492
   40   1   0       0.95847488
   41   1   0       0.94014091
   42   1   0       1.22732652
   42   2   1       2.87725251
   43   1   0       0.94651837
   44   1   0       0.94733703
   45   1   0       1.20980862
   45   2   1       2.86579286
   46   1   0       0.96639298
   47   1   0       0.94241055
   48   1   0       1.21865541
   48   2   1       2.88630510
   49   1   0       0.96977980
   50   1   0       0.94175216
   51   1   0       1.22606255
   51   2   1       2.87926991
   52   1   0       0.94051999
   53   1   0       0.94805070
   54   1   0       1.22760335
   54   2   1       2.86852320
   55   1   0       0.94822778
   56   1   0       0.95263974
   57   1   0       1.30649842
   57   2   1       2.86937300
   58   1   0       0.95429827
   59   1   0       0.93777519
   60   1   0       0.95102746
   61   1   0       1.26697484
   61   2   1       2.92765939
   62   1   0       0.91677803
   63   1   0       0.94727016
   64   1   0       0.94298535
   65   1   0       1.25597930
   65   2   1       2.85156977
   66   1   0       0.92959980
   67   1   0       0.94059257
   68   1   0       1.23265144
   68   2   1       2.86010277
   69   1   0       0.94813150
   70   1   0       0.95454482
   71   1   0       1.22707138
   71   2   1       2.89098720
   72   1   0       0.94094390
   73   1   0       0.94420084
   74   1   0       1.23738960
   74   2   1       2.86098528
   75   1   0       0.96695286
   76   1   0       0.93906059
   77   1   0       1.24945935
   77   2   1       2.85512542
   78   1   0       0.94695691
   79   1   0       0.96288773
   80   1   0       1.22368027
   80   2   1       2.87930325
   81   1   0       0.93201064
   82   1   0       0.94710901
   83   1   0       1.21696279
   83   2   1       2.87311132
   84   1   0       0.94365217
   85   1   0       0.95420893
   86   1   0       1.22346128
   86   2   1       2.86877840
   87   1   0       0.94644508
   88   1   0       0.95800234
   89   1   0       1.28191889
   89   2   1       2.94244889
   90   1   0       0.94640444
   91   1   0       0.92576555
   92   1   0       0.91364739
   93   1   0       1.26297014
   93   2   1       2.95923756
   94   1   0       0.92531695
   95   1   0       0.93986004
   96   1   0       0.93718805
   97   1   0       1.23998013
   97   2   1       2.83934538
   98   1   0       0.96211617
   99   1   0       0.95002043
  100   1   0       1.21330016
  100   2   1       2.89327385
  101   1   0       0.93035853
  102   1   0       0.94032391
  103   1   0       1.23523579
  103   2   1       2.86390981
  104   1   0       0.95823351
  105   1   0       0.96059973
  106   1   0       1.23869017
  106   2   1       2.86879014
  107   1   0       0.95868560
  108   1   0       0.93819406
  109   1   0       1.23211357
  109   2   1       2.86619253
  110   1   0       0.93388106
  111   1   0       0.95285772
  112   1   0       1.23816832
  112   2   1       2.86557385
  113   1   0       0.96016604
  114   1   0       0.94853839
  115   1   0       1.25707870
  115   2   1       2.85701270
  116   1   0       0.93989599
  117   1   0       0.96790116
  118   1   0       1.24233013
  118   2   1       2.82161850
  119   1   0       0.93235575
  120   1   0       0.97486451
  121   1   0       1.26930892
  121   2   1       2.93885900
  122   1   0       0.93380247
  123   1   0       0.94009554
  124   1   0       0.92731751
  125   1   0       1.26581276
  125   2   1       2.92295464
  126   1   0       0.95040184
  127   1   0       0.92827549
  128   1   0       0.94478293
  129   1   0       1.22288876
  129   2   1       2.87757756
  130   1   0       0.93992258
  131   1   0       0.95260104
  132   1   0       1.22519697
  132   2   1       2.87346122
  133   1   0       0.94417859
  134   1   0       0.94210126
  135   1   0       1.23407501
  135   2   1       2.87033396
  136   1   0       0.95635806
  137   1   0       0.93868451
  138   1   0       1.21933717
  138   2   1       2.88689791
  139   1   0       0.93669681
  140   1   0       0.95413936
  141   1   0       1.22545740
  141   2   1       2.87262549
  142   1   0       0.94458294
  143   1   0       0.94691452
  144   1   0       1.24394183
  144   2   1       2.86643576
  145   1   0       0.95939976
  146   1   0       0.93445592
  147   1   0       1.23906659
  147   2   1       2.88460879
  148   1   0       0.94079537
  149   1   0       0.94293968
  150   1   0       1.23059994
  150   2   1       2.86336824
  151   1   0       0.94153827
  152   1   0       0.93502004
  153   1   0       1.26245962
  153   2   1       2.95515259
  154   1   0       0.93939888
  155   1   0       0.94119242
  156   1   0       0.92593058
  157   1   0       1.26341302
  157   2   1       2.96109536
  158   1   0       0.92085060
  159   1   0       0.95249874
  160   1   0       0.92906613
  161   1   0       1.26415790
  161   2   1       2.85975518
  162   1   0       0.96175980
  163   1   0       0.94098974
  164   1   0       1.24709503
  164   2   1       2.85790107
  165   1   0       0.91236671
  166   1   0       0.95229860
  167   1   0       1.25494985
  167   2   1       2.87295223
  168   1   0       0.94846247
  169   1   0       0.93686349
  170   1   0       1.27252165
  170   2   1       2.85060687
  171   1   0       0.93862261
  172   1   0       0.93107732
  173   1   0       1.23722323
  173   2   1       2.86964647
  174   1   0       0.93845635
  175   1   0       0.93718976
  176   1   0       1.24136498
  176   2   1       2.85292221
  177   1   0       0.97227003
  178   1   0       0.94464837
  179   1   0       1.25319803
  179   2   1       2.85047990
  180   1   0       0.96136414
  181   1   0       0.94009373
  182   1   0       1.24497743
  182   2   1       2.84697648
  183   1   0       0.96355399
  184   1   0       0.94866759
  185   1   0       1.26890307
  185   2   1       2.94744865
  186   1   0       0.91730154
  187   1   0       0.93138654
  188   1   0       0.93125762
  189   1   0       1.26661765
  189   2   1       2.93916436
  190   1   0       0.91320115
  191   1   0       0.94950832
  192   1   0       0.92659702
  193   1   0       1.24683883
  193   2   1       2.84026974
  194   1   0       0.98023764
  195   1   0       0.93303745
  196   1   0       1.23470666
  196   2   1       2.87477571
  197   1   0       0.97545120
  198   1   0       0.94068587
  199   1   0       1.22790838
  199   2   1       2.85972981
  200   1   0       0.96743530
  201   1   0       0.94079521
  202   1   0       1.21877859
  202   2   1       2.87999920
  203   1   0       0.93860160
  204   1   0       0.93222256
  205   1   0       1.23552194
  205   2   1       2.84571220
  206   1   0       0.96137263
  207   1   0       0.94952234
  208   1   0       1.24556467
  208   2   1       2.81829360
  209   1   0       0.97414134
  210   1   0       0.98228987
  211   1   0       1.24112525
  211   2   1       2.85382893
  212   1   0       0.94027132
  213   1   0       0.96808180
  214   1   0       1.23455142
  214   2   1       2.83568345
  215   1   0       0.95429288
  216   1   0       0.96588313
  217   1   0       1.27891656
  217   2   1       2.93445550
  218   1   0       0.94193103
  219   1   0       0.93610722
  220   1   0       0.91126818
  221   1   0       1.25895258
  221   2   1       2.93584418
  222   1   0       0.93584207
  223   1   0       0.94137651
  224   1   0       0.93501168
  225   1   0       1.23448426
  225   2   1       2.85444268
  226   1   0       0.95366400
  227   1   0       0.94109763
  228   1   0       1.25964897
  228   2   1       2.83259453
  229   1   0       0.96112059
  230   1   0       0.96360760
  231   1   0       1.23795211
  231   2   1       2.87392576
  232   1   0       0.92677567
  233   1   0       0.93569653
  234   1   0       1.24923906
  234   2   1       2.86025942
  235   1   0       0.95499809
  236   1   0       0.93968212
  237   1   0       1.23585336
  237   2   1       2.87367822
  238   1   0       0.94886694
  239   1   0       0.94998378
  240   1   0       1.23905016
  240   2   1       2.85696238
  241   1   0       0.93704272
  242   1   0       0.98801046
  243   1   0       1.21727762
  243   2   1       2.85706114
  244   1   0       0.94753535
  245   1   0       0.94893694
  246   1   0       1.22051470
  246   2   1       2.86867409
  247   1   0       0.94683544
  248   1   0       0.95647363
  249   1   0       1.26896700
  249   2   1       2.92327838
  250   1   0       0.94079326
  251   1   0       0.93172520
  252   1   0       0.95168292
  253   1   0       1.26354279
  253   2   1       2.96446335
  254   1   0       0.93122662
  255   1   0       0.92422986
  256   1   0       0.92840770
  257   1   0       1.25986745
  257   2   1       2.90866204
  258   1   0       0.94448149
  259   1   0       0.90306004
  260   1   0       1.24399071
  260   2   1       3.01271233
  261   1   0       0.90970408
  262   1   0       0.91367682
  263   1   0       1.24786105
  263   2   1       2.83102552
  264   1   0       0.95101363
  265   1   0       0.96414747
  266   1   0       1.25229425
  266   2   1       2.85642415
  267   1   0       0.93439303
  268   1   0       0.95874006
  269   1   0       1.23378568
  269   2   1       2.84994280
  270   1   0       0.95451233
  271   1   0       0.96123936
  272   1   0       1.22244574
  272   2   1       2.88125669
  273   1   0       0.96256236
  274   1   0       0.93099071
  275   1   0       1.26237555
  275   2   1       2.83660091
  276   1   0       0.95004855
  277   1   0       0.97048436
  278   1   0       1.24950956
  278   2   1       2.85622940
  279   1   0       0.94789766
  280   1   0       0.93378590
  281   1   0       1.25473692
  281   2   1       2.93239944
  282   1   0       0.88736007
  283   1   0       0.90929816
  284   1   0       0.91160312
  285   1   0       1.27198541
  285   2   1       2.92291356
  286   1   0       0.93256298
  287   1   0       0.95008505
  288   1   0       0.93421041
  289   1   0       1.24958685
  289   2   1       2.85396483
  290   1   0       0.94429515
  291   1   0       0.95700943
  292   1   0       1.24472044
  292   2   1       2.87258201
  293   1   0       0.94046278
  294   1   0       0.94714652
  295   1   0       1.23019417
  295   2   1       2.87576710
  296   1   0       0.93634528
  297   1   0       0.94274215
  298   1   0       1.20548569
  298   2   1       2.90113887
  299   1   0       0.95118882
  300   1   0       0.93933466
  301   1   0       1.21690236
  301   2   1       2.87308152
  302   1   0       0.95460642
  303   1   0       0.94110935
  304   1   0       1.25244181
  304   2   1       2.84793291
  305   1   0       0.97183230
  306   1   0       0.92697354
  307   1   0       1.24561347
  307   2   1       2.88753642
  308   1   0       0.92931139
  309   1   0       0.94554269
  310   1   0       1.23556308
  310   2   1       2.83308345
  311   1   0       0.98502341
  312   1   0       0.95147084
  313   1   0       1.26604062
  313   2   1       2.94224254
  314   1   0       0.94619163
  315   1   0       0.93210360
  316   1   0       0.91945110
  317   1   0       1.24600618
  317   2   1       2.95392840
  318   1   0       0.94999783
  319   1   0       0.93955419
  320   1   0       0.91321538
  321   1   0       1.25607135
  321   2   1       2.84642301
  322   1   0       0.94207498
  323   1   0       0.93797528
  324   1   0       1.22290051
  324   2   1       2.90785584
  325   1   0       0.92402920
  326   1   0       0.95222858
  327   1   0       1.23298307
  327   2   1       2.87317095
  328   1   0       0.95588156
  329   1   0       0.94303774
  330   1   0       1.24746131
  330   2   1       2.85443608
  331   1   0       0.95696033
  332   1   0       0.93860612
  333   1   0       1.24588686
  333   2   1       2.86378150
  334   1   0       0.94042155
  335   1   0       0.93172826
  336   1   0       1.26009424
  336   2   1       2.82967679
  337   1   0       0.94401781
  338   1   0       0.98706801
  339   1   0       1.23297530
  339   2   1       2.89161565
  340   1   0       0.92439646
  341   1   0       0.93510558
  342   1   0       1.22380585
  342   2   1       2.87491437
  343   1   0       0.93487688
  344   1   0       0.97390967
  345   1   0       1.27132935
  345   2   1       2.96822658
  346   1   0       0.91163425
  347   1   0       0.92793365
  348   1   0       0.93467468
  349   1   0       1.25717722
  349   2   1       2.94751255
  350   1   0       0.94802107
  351   1   0       0.91621516
  352   1   0       0.92618947
 
Orbital populations (up)
 Atom Sh.   l   m       Population  Label
    1   1   0   0       1.24051749  s
    1   2   1  -1       0.93514057  p_y
    1   2   1   0       0.94583657  p_z
    1   2   1   1       0.94919930  p_x
    2   1   0   0       0.95639521  s
    3   1   0   0       0.96099921  s
    4   1   0   0       1.23646965  s
    4   2   1  -1       0.95381028  p_y
    4   2   1   0       0.96666269  p_z
    4   2   1   1       0.94908708  p_x
    5   1   0   0       0.94205040  s
    6   1   0   0       0.93557364  s
    7   1   0   0       1.24343821  s
    7   2   1  -1       0.92450341  p_y
    7   2   1   0       0.98877954  p_z
    7   2   1   1       0.95941386  p_x
    8   1   0   0       0.96036597  s
    9   1   0   0       0.94742261  s
   10   1   0   0       1.25696162  s
   10   2   1  -1       0.90771901  p_y
   10   2   1   0       0.96432560  p_z
   10   2   1   1       0.99443883  p_x
   11   1   0   0       0.92788372  s
   12   1   0   0       0.93705473  s
   13   1   0   0       1.26290449  s
   13   2   1  -1       0.93873478  p_y
   13   2   1   0       0.95394781  p_z
   13   2   1   1       0.94629103  p_x
   14   1   0   0       0.94550298  s
   15   1   0   0       0.94592265  s
   16   1   0   0       1.22567241  s
   16   2   1  -1       0.97559274  p_y
   16   2   1   0       0.95117295  p_z
   16   2   1   1       0.94716944  p_x
   17   1   0   0       0.95391509  s
   18   1   0   0       0.94749261  s
   19   1   0   0       1.22158515  s
   19   2   1  -1       0.95924199  p_y
   19   2   1   0       0.93994558  p_z
   19   2   1   1       0.98203911  p_x
   20   1   0   0       0.95381517  s
   21   1   0   0       0.94162532  s
   22   1   0   0       1.24857101  s
   22   2   1  -1       0.97438663  p_y
   22   2   1   0       0.92569983  p_z
   22   2   1   1       0.95363995  p_x
   23   1   0   0       0.94745927  s
   24   1   0   0       0.93386718  s
   25   1   0   0       1.27179395  s
   25   2   1  -1       0.95352945  p_y
   25   2   1   0       0.97326464  p_z
   25   2   1   1       0.98235231  p_x
   26   1   0   0       0.94116872  s
   27   1   0   0       0.94267496  s
   28   1   0   0       0.95039874  s
   29   1   0   0       1.27305787  s
   29   2   1  -1       0.99637066  p_y
   29   2   1   0       0.95599436  p_z
   29   2   1   1       0.99688497  p_x
   30   1   0   0       0.94017532  s
   31   1   0   0       0.92702322  s
   32   1   0   0       0.93445084  s
   33   1   0   0       1.23692068  s
   33   2   1  -1       0.93058170  p_y
   33   2   1   0       0.96877263  p_z
   33   2   1   1       0.95259071  p_x
   34   1   0   0       0.94671243  s
   35   1   0   0       0.93777175  s
   36   1   0   0       1.24723265  s
   36   2   1  -1       0.91520521  p_y
   36   2   1   0       0.98538148  p_z
   36   2   1   1       0.94603722  p_x
   37   1   0   0       0.94814950  s
   38   1   0   0       0.96258374  s
   39   1   0   0       1.25505205  s
   39   2   1  -1       0.94397636  p_y
   39   2   1   0       0.95759830  p_z
   39   2   1   1       0.95815025  p_x
   40   1   0   0       0.95847488  s
   41   1   0   0       0.94014091  s
   42   1   0   0       1.22732652  s
   42   2   1  -1       0.95364641  p_y
   42   2   1   0       0.96636594  p_z
   42   2   1   1       0.95724016  p_x
   43   1   0   0       0.94651837  s
   44   1   0   0       0.94733703  s
   45   1   0   0       1.20980862  s
   45   2   1  -1       0.98013461  p_y
   45   2   1   0       0.94526175  p_z
   45   2   1   1       0.94039650  p_x
   46   1   0   0       0.96639298  s
   47   1   0   0       0.94241055  s
   48   1   0   0       1.21865541  s
   48   2   1  -1       0.96872405  p_y
   48   2   1   0       0.94305785  p_z
   48   2   1   1       0.97452320  p_x
   49   1   0   0       0.96977980  s
   50   1   0   0       0.94175216  s
   51   1   0   0       1.22606255  s
   51   2   1  -1       0.96448379  p_y
   51   2   1   0       0.93825708  p_z
   51   2   1   1       0.97652904  p_x
   52   1   0   0       0.94051999  s
   53   1   0   0       0.94805070  s
   54   1   0   0       1.22760335  s
   54   2   1  -1       0.96708672  p_y
   54   2   1   0       0.94515586  p_z
   54   2   1   1       0.95628062  p_x
   55   1   0   0       0.94822778  s
   56   1   0   0       0.95263974  s
   57   1   0   0       1.30649842  s
   57   2   1  -1       0.95330631  p_y
   57   2   1   0       0.97181233  p_z
   57   2   1   1       0.94425436  p_x
   58   1   0   0       0.95429827  s
   59   1   0   0       0.93777519  s
   60   1   0   0       0.95102746  s
   61   1   0   0       1.26697484  s
   61   2   1  -1       0.97408443  p_y
   61   2   1   0       0.97371017  p_z
   61   2   1   1       0.97986479  p_x
   62   1   0   0       0.91677803  s
   63   1   0   0       0.94727016  s
   64   1   0   0       0.94298535  s
   65   1   0   0       1.25597930  s
   65   2   1  -1       0.97924494  p_y
   65   2   1   0       0.95262282  p_z
   65   2   1   1       0.91970202  p_x
   66   1   0   0       0.92959980  s
   67   1   0   0       0.94059257  s
   68   1   0   0       1.23265144  s
   68   2   1  -1       0.93772626  p_y
   68   2   1   0       0.96417043  p_z
   68   2   1   1       0.95820608  p_x
   69   1   0   0       0.94813150  s
   70   1   0   0       0.95454482  s
   71   1   0   0       1.22707138  s
   71   2   1  -1       0.94509311  p_y
   71   2   1   0       0.96559310  p_z
   71   2   1   1       0.98030099  p_x
   72   1   0   0       0.94094390  s
   73   1   0   0       0.94420084  s
   74   1   0   0       1.23738960  s
   74   2   1  -1       0.91377813  p_y
   74   2   1   0       0.96405860  p_z
   74   2   1   1       0.98314854  p_x
   75   1   0   0       0.96695286  s
   76   1   0   0       0.93906059  s
   77   1   0   0       1.24945935  s
   77   2   1  -1       0.95221177  p_y
   77   2   1   0       0.95243609  p_z
   77   2   1   1       0.95047757  p_x
   78   1   0   0       0.94695691  s
   79   1   0   0       0.96288773  s
   80   1   0   0       1.22368027  s
   80   2   1  -1       0.95855515  p_y
   80   2   1   0       0.94892316  p_z
   80   2   1   1       0.97182494  p_x
   81   1   0   0       0.93201064  s
   82   1   0   0       0.94710901  s
   83   1   0   0       1.21696279  s
   83   2   1  -1       0.95479914  p_y
   83   2   1   0       0.93885976  p_z
   83   2   1   1       0.97945242  p_x
   84   1   0   0       0.94365217  s
   85   1   0   0       0.95420893  s
   86   1   0   0       1.22346128  s
   86   2   1  -1       1.00004037  p_y
   86   2   1   0       0.93317144  p_z
   86   2   1   1       0.93556659  p_x
   87   1   0   0       0.94644508  s
   88   1   0   0       0.95800234  s
   89   1   0   0       1.28191889  s
   89   2   1  -1       0.97674301  p_y
   89   2   1   0       0.99528589  p_z
   89   2   1   1       0.97042000  p_x
   90   1   0   0       0.94640444  s
   91   1   0   0       0.92576555  s
   92   1   0   0       0.91364739  s
   93   1   0   0       1.26297014  s
   93   2   1  -1       1.00468709  p_y
   93   2   1   0       1.00320775  p_z
   93   2   1   1       0.95134273  p_x
   94   1   0   0       0.92531695  s
   95   1   0   0       0.93986004  s
   96   1   0   0       0.93718805  s
   97   1   0   0       1.23998013  s
   97   2   1  -1       0.93007697  p_y
   97   2   1   0       0.96122398  p_z
   97   2   1   1       0.94804444  p_x
   98   1   0   0       0.96211617  s
   99   1   0   0       0.95002043  s
  100   1   0   0       1.21330016  s
  100   2   1  -1       0.98219601  p_y
  100   2   1   0       0.97235371  p_z
  100   2   1   1       0.93872413  p_x
  101   1   0   0       0.93035853  s
  102   1   0   0       0.94032391  s
  103   1   0   0       1.23523579  s
  103   2   1  -1       0.92261968  p_y
  103   2   1   0       0.96914373  p_z
  103   2   1   1       0.97214639  p_x
  104   1   0   0       0.95823351  s
  105   1   0   0       0.96059973  s
  106   1   0   0       1.23869017  s
  106   2   1  -1       0.93272904  p_y
  106   2   1   0       0.97493104  p_z
  106   2   1   1       0.96113005  p_x
  107   1   0   0       0.95868560  s
  108   1   0   0       0.93819406  s
  109   1   0   0       1.23211357  s
  109   2   1  -1       0.93670135  p_y
  109   2   1   0       0.98347906  p_z
  109   2   1   1       0.94601213  p_x
  110   1   0   0       0.93388106  s
  111   1   0   0       0.95285772  s
  112   1   0   0       1.23816832  s
  112   2   1  -1       0.95360865  p_y
  112   2   1   0       0.95841722  p_z
  112   2   1   1       0.95354798  p_x
  113   1   0   0       0.96016604  s
  114   1   0   0       0.94853839  s
  115   1   0   0       1.25707870  s
  115   2   1  -1       0.96431266  p_y
  115   2   1   0       0.94204464  p_z
  115   2   1   1       0.95065540  p_x
  116   1   0   0       0.93989599  s
  117   1   0   0       0.96790116  s
  118   1   0   0       1.24233013  s
  118   2   1  -1       0.94426556  p_y
  118   2   1   0       0.95021151  p_z
  118   2   1   1       0.92714143  p_x
  119   1   0   0       0.93235575  s
  120   1   0   0       0.97486451  s
  121   1   0   0       1.26930892  s
  121   2   1  -1       0.97026585  p_y
  121   2   1   0       0.99538060  p_z
  121   2   1   1       0.97321256  p_x
  122   1   0   0       0.93380247  s
  123   1   0   0       0.94009554  s
  124   1   0   0       0.92731751  s
  125   1   0   0       1.26581276  s
  125   2   1  -1       0.96099677  p_y
  125   2   1   0       0.97697884  p_z
  125   2   1   1       0.98497903  p_x
  126   1   0   0       0.95040184  s
  127   1   0   0       0.92827549  s
  128   1   0   0       0.94478293  s
  129   1   0   0       1.22288876  s
  129   2   1  -1       0.96409433  p_y
  129   2   1   0       0.93735205  p_z
  129   2   1   1       0.97613119  p_x
  130   1   0   0       0.93992258  s
  131   1   0   0       0.95260104  s
  132   1   0   0       1.22519697  s
  132   2   1  -1       0.96469959  p_y
  132   2   1   0       0.94368365  p_z
  132   2   1   1       0.96507798  p_x
  133   1   0   0       0.94417859  s
  134   1   0   0       0.94210126  s
  135   1   0   0       1.23407501  s
  135   2   1  -1       0.93185376  p_y
  135   2   1   0       0.96756682  p_z
  135   2   1   1       0.97091339  p_x
  136   1   0   0       0.95635806  s
  137   1   0   0       0.93868451  s
  138   1   0   0       1.21933717  s
  138   2   1  -1       0.95675699  p_y
  138   2   1   0       0.99103083  p_z
  138   2   1   1       0.93911009  p_x
  139   1   0   0       0.93669681  s
  140   1   0   0       0.95413936  s
  141   1   0   0       1.22545740  s
  141   2   1  -1       0.94452674  p_y
  141   2   1   0       0.95758776  p_z
  141   2   1   1       0.97051099  p_x
  142   1   0   0       0.94458294  s
  143   1   0   0       0.94691452  s
  144   1   0   0       1.24394183  s
  144   2   1  -1       0.94304756  p_y
  144   2   1   0       0.95279823  p_z
  144   2   1   1       0.97058997  p_x
  145   1   0   0       0.95939976  s
  146   1   0   0       0.93445592  s
  147   1   0   0       1.23906659  s
  147   2   1  -1       0.95914188  p_y
  147   2   1   0       0.93004564  p_z
  147   2   1   1       0.99542127  p_x
  148   1   0   0       0.94079537  s
  149   1   0   0       0.94293968  s
  150   1   0   0       1.23059994  s
  150   2   1  -1       0.94592465  p_y
  150   2   1   0       0.96326681  p_z
  150   2   1   1       0.95417679  p_x
  151   1   0   0       0.94153827  s
  152   1   0   0       0.93502004  s
  153   1   0   0       1.26245962  s
  153   2   1  -1       0.97633537  p_y
  153   2   1   0       0.97597561  p_z
  153   2   1   1       1.00284162  p_x
  154   1   0   0       0.93939888  s
  155   1   0   0       0.94119242  s
  156   1   0   0       0.92593058  s
  157   1   0   0       1.26341302  s
  157   2   1  -1       0.98957842  p_y
  157   2   1   0       0.98797418  p_z
  157   2   1   1       0.98354276  p_x
  158   1   0   0       0.92085060  s
  159   1   0   0       0.95249874  s
  160   1   0   0       0.92906613  s
  161   1   0   0       1.26415790  s
  161   2   1  -1       0.94326816  p_y
  161   2   1   0       0.96201431  p_z
  161   2   1   1       0.95447271  p_x
  162   1   0   0       0.96175980  s
  163   1   0   0       0.94098974  s
  164   1   0   0       1.24709503  s
  164   2   1  -1       0.90323210  p_y
  164   2   1   0       0.97565303  p_z
  164   2   1   1       0.97901594  p_x
  165   1   0   0       0.91236671  s
  166   1   0   0       0.95229860  s
  167   1   0   0       1.25494985  s
  167   2   1  -1       0.94846874  p_y
  167   2   1   0       0.95726205  p_z
  167   2   1   1       0.96722144  p_x
  168   1   0   0       0.94846247  s
  169   1   0   0       0.93686349  s
  170   1   0   0       1.27252165  s
  170   2   1  -1       0.98116619  p_y
  170   2   1   0       0.94739679  p_z
  170   2   1   1       0.92204389  p_x
  171   1   0   0       0.93862261  s
  172   1   0   0       0.93107732  s
  173   1   0   0       1.23722323  s
  173   2   1  -1       0.96903235  p_y
  173   2   1   0       0.95329611  p_z
  173   2   1   1       0.94731800  p_x
  174   1   0   0       0.93845635  s
  175   1   0   0       0.93718976  s
  176   1   0   0       1.24136498  s
  176   2   1  -1       0.94717938  p_y
  176   2   1   0       0.98500584  p_z
  176   2   1   1       0.92073699  p_x
  177   1   0   0       0.97227003  s
  178   1   0   0       0.94464837  s
  179   1   0   0       1.25319803  s
  179   2   1  -1       0.94123591  p_y
  179   2   1   0       0.97178709  p_z
  179   2   1   1       0.93745690  p_x
  180   1   0   0       0.96136414  s
  181   1   0   0       0.94009373  s
  182   1   0   0       1.24497743  s
  182   2   1  -1       0.97537912  p_y
  182   2   1   0       0.95718385  p_z
  182   2   1   1       0.91441351  p_x
  183   1   0   0       0.96355399  s
  184   1   0   0       0.94866759  s
  185   1   0   0       1.26890307  s
  185   2   1  -1       0.97059646  p_y
  185   2   1   0       0.99977318  p_z
  185   2   1   1       0.97707902  p_x
  186   1   0   0       0.91730154  s
  187   1   0   0       0.93138654  s
  188   1   0   0       0.93125762  s
  189   1   0   0       1.26661765  s
  189   2   1  -1       0.96102321  p_y
  189   2   1   0       0.98178691  p_z
  189   2   1   1       0.99635424  p_x
  190   1   0   0       0.91320115  s
  191   1   0   0       0.94950832  s
  192   1   0   0       0.92659702  s
  193   1   0   0       1.24683883  s
  193   2   1  -1       0.94640150  p_y
  193   2   1   0       0.95334077  p_z
  193   2   1   1       0.94052746  p_x
  194   1   0   0       0.98023764  s
  195   1   0   0       0.93303745  s
  196   1   0   0       1.23470666  s
  196   2   1  -1       0.94036346  p_y
  196   2   1   0       0.96996607  p_z
  196   2   1   1       0.96444618  p_x
  197   1   0   0       0.97545120  s
  198   1   0   0       0.94068587  s
  199   1   0   0       1.22790838  s
  199   2   1  -1       0.96405019  p_y
  199   2   1   0       0.96193874  p_z
  199   2   1   1       0.93374088  p_x
  200   1   0   0       0.96743530  s
  201   1   0   0       0.94079521  s
  202   1   0   0       1.21877859  s
  202   2   1  -1       0.98771273  p_y
  202   2   1   0       0.93424195  p_z
  202   2   1   1       0.95804452  p_x
  203   1   0   0       0.93860160  s
  204   1   0   0       0.93222256  s
  205   1   0   0       1.23552194  s
  205   2   1  -1       0.96555753  p_y
  205   2   1   0       0.92900827  p_z
  205   2   1   1       0.95114639  p_x
  206   1   0   0       0.96137263  s
  207   1   0   0       0.94952234  s
  208   1   0   0       1.24556467  s
  208   2   1  -1       0.93624610  p_y
  208   2   1   0       0.93930881  p_z
  208   2   1   1       0.94273868  p_x
  209   1   0   0       0.97414134  s
  210   1   0   0       0.98228987  s
  211   1   0   0       1.24112525  s
  211   2   1  -1       0.97084525  p_y
  211   2   1   0       0.93237739  p_z
  211   2   1   1       0.95060630  p_x
  212   1   0   0       0.94027132  s
  213   1   0   0       0.96808180  s
  214   1   0   0       1.23455142  s
  214   2   1  -1       0.94871077  p_y
  214   2   1   0       0.95237073  p_z
  214   2   1   1       0.93460196  p_x
  215   1   0   0       0.95429288  s
  216   1   0   0       0.96588313  s
  217   1   0   0       1.27891656  s
  217   2   1  -1       0.97548463  p_y
  217   2   1   0       0.98775384  p_z
  217   2   1   1       0.97121703  p_x
  218   1   0   0       0.94193103  s
  219   1   0   0       0.93610722  s
  220   1   0   0       0.91126818  s
  221   1   0   0       1.25895258  s
  221   2   1  -1       0.96236994  p_y
  221   2   1   0       0.98821170  p_z
  221   2   1   1       0.98526254  p_x
  222   1   0   0       0.93584207  s
  223   1   0   0       0.94137651  s
  224   1   0   0       0.93501168  s
  225   1   0   0       1.23448426  s
  225   2   1  -1       0.97457161  p_y
  225   2   1   0       0.95606385  p_z
  225   2   1   1       0.92380722  p_x
  226   1   0   0       0.95366400  s
  227   1   0   0       0.94109763  s
  228   1   0   0       1.25964897  s
  228   2   1  -1       0.94773672  p_y
  228   2   1   0       0.94013668  p_z
  228   2   1   1       0.94472113  p_x
  229   1   0   0       0.96112059  s
  230   1   0   0       0.96360760  s
  231   1   0   0       1.23795211  s
  231   2   1  -1       0.95920677  p_y
  231   2   1   0       0.98236642  p_z
  231   2   1   1       0.93235257  p_x
  232   1   0   0       0.92677567  s
  233   1   0   0       0.93569653  s
  234   1   0   0       1.24923906  s
  234   2   1  -1       0.95285981  p_y
  234   2   1   0       0.98032871  p_z
  234   2   1   1       0.92707089  p_x
  235   1   0   0       0.95499809  s
  236   1   0   0       0.93968212  s
  237   1   0   0       1.23585336  s
  237   2   1  -1       0.93668194  p_y
  237   2   1   0       0.93993769  p_z
  237   2   1   1       0.99705859  p_x
  238   1   0   0       0.94886694  s
  239   1   0   0       0.94998378  s
  240   1   0   0       1.23905016  s
  240   2   1  -1       0.93215892  p_y
  240   2   1   0       0.92715944  p_z
  240   2   1   1       0.99764401  p_x
  241   1   0   0       0.93704272  s
  242   1   0   0       0.98801046  s
  243   1   0   0       1.21727762  s
  243   2   1  -1       0.92375192  p_y
  243   2   1   0       0.96140001  p_z
  243   2   1   1       0.97190921  p_x
  244   1   0   0       0.94753535  s
  245   1   0   0       0.94893694  s
  246   1   0   0       1.22051470  s
  246   2   1  -1       0.92477116  p_y
  246   2   1   0       0.96821209  p_z
  246   2   1   1       0.97569084  p_x
  247   1   0   0       0.94683544  s
  248   1   0   0       0.95647363  s
  249   1   0   0       1.26896700  s
  249   2   1  -1       0.97459646  p_y
  249   2   1   0       0.99276488  p_z
  249   2   1   1       0.95591705  p_x
  250   1   0   0       0.94079326  s
  251   1   0   0       0.93172520  s
  252   1   0   0       0.95168292  s
  253   1   0   0       1.26354279  s
  253   2   1  -1       0.97219579  p_y
  253   2   1   0       1.00465616  p_z
  253   2   1   1       0.98761140  p_x
  254   1   0   0       0.93122662  s
  255   1   0   0       0.92422986  s
  256   1   0   0       0.92840770  s
  257   1   0   0       1.25986745  s
  257   2   1  -1       0.96268407  p_y
  257   2   1   0       0.98532445  p_z
  257   2   1   1       0.96065351  p_x
  258   1   0   0       0.94448149  s
  259   1   0   0       0.90306004  s
  260   1   0   0       1.24399071  s
  260   2   1  -1       1.01925856  p_y
  260   2   1   0       1.05578231  p_z
  260   2   1   1       0.93767146  p_x
  261   1   0   0       0.90970408  s
  262   1   0   0       0.91367682  s
  263   1   0   0       1.24786105  s
  263   2   1  -1       0.94753609  p_y
  263   2   1   0       0.97173169  p_z
  263   2   1   1       0.91175774  p_x
  264   1   0   0       0.95101363  s
  265   1   0   0       0.96414747  s
  266   1   0   0       1.25229425  s
  266   2   1  -1       0.94877998  p_y
  266   2   1   0       0.97231056  p_z
  266   2   1   1       0.93533361  p_x
  267   1   0   0       0.93439303  s
  268   1   0   0       0.95874006  s
  269   1   0   0       1.23378568  s
  269   2   1  -1       0.94411315  p_y
  269   2   1   0       0.97791731  p_z
  269   2   1   1       0.92791235  p_x
  270   1   0   0       0.95451233  s
  271   1   0   0       0.96123936  s
  272   1   0   0       1.22244574  s
  272   2   1  -1       1.00372331  p_y
  272   2   1   0       0.95189470  p_z
  272   2   1   1       0.92563869  p_x
  273   1   0   0       0.96256236  s
  274   1   0   0       0.93099071  s
  275   1   0   0       1.26237555  s
  275   2   1  -1       0.95178019  p_y
  275   2   1   0       0.95660273  p_z
  275   2   1   1       0.92821799  p_x
  276   1   0   0       0.95004855  s
  277   1   0   0       0.97048436  s
  278   1   0   0       1.24950956  s
  278   2   1  -1       0.95260110  p_y
  278   2   1   0       0.96000497  p_z
  278   2   1   1       0.94362334  p_x
  279   1   0   0       0.94789766  s
  280   1   0   0       0.93378590  s
  281   1   0   0       1.25473692  s
  281   2   1  -1       0.99171984  p_y
  281   2   1   0       0.97481212  p_z
  281   2   1   1       0.96586749  p_x
  282   1   0   0       0.88736007  s
  283   1   0   0       0.90929816  s
  284   1   0   0       0.91160312  s
  285   1   0   0       1.27198541  s
  285   2   1  -1       0.97291113  p_y
  285   2   1   0       0.97808389  p_z
  285   2   1   1       0.97191854  p_x
  286   1   0   0       0.93256298  s
  287   1   0   0       0.95008505  s
  288   1   0   0       0.93421041  s
  289   1   0   0       1.24958685  s
  289   2   1  -1       0.96731885  p_y
  289   2   1   0       0.96501799  p_z
  289   2   1   1       0.92162798  p_x
  290   1   0   0       0.94429515  s
  291   1   0   0       0.95700943  s
  292   1   0   0       1.24472044  s
  292   2   1  -1       0.96009834  p_y
  292   2   1   0       0.96430460  p_z
  292   2   1   1       0.94817907  p_x
  293   1   0   0       0.94046278  s
  294   1   0   0       0.94714652  s
  295   1   0   0       1.23019417  s
  295   2   1  -1       0.96970897  p_y
  295   2   1   0       0.95713252  p_z
  295   2   1   1       0.94892561  p_x
  296   1   0   0       0.93634528  s
  297   1   0   0       0.94274215  s
  298   1   0   0       1.20548569  s
  298   2   1  -1       1.01058736  p_y
  298   2   1   0       0.93397699  p_z
  298   2   1   1       0.95657453  p_x
  299   1   0   0       0.95118882  s
  300   1   0   0       0.93933466  s
  301   1   0   0       1.21690236  s
  301   2   1  -1       0.92832728  p_y
  301   2   1   0       0.92971898  p_z
  301   2   1   1       1.01503526  p_x
  302   1   0   0       0.95460642  s
  303   1   0   0       0.94110935  s
  304   1   0   0       1.25244181  s
  304   2   1  -1       0.94056439  p_y
  304   2   1   0       0.92141224  p_z
  304   2   1   1       0.98595628  p_x
  305   1   0   0       0.97183230  s
  306   1   0   0       0.92697354  s
  307   1   0   0       1.24561347  s
  307   2   1  -1       0.98219898  p_y
  307   2   1   0       0.93920016  p_z
  307   2   1   1       0.96613728  p_x
  308   1   0   0       0.92931139  s
  309   1   0   0       0.94554269  s
  310   1   0   0       1.23556308  s
  310   2   1  -1       0.94470809  p_y
  310   2   1   0       0.93788050  p_z
  310   2   1   1       0.95049486  p_x
  311   1   0   0       0.98502341  s
  312   1   0   0       0.95147084  s
  313   1   0   0       1.26604062  s
  313   2   1  -1       0.97437414  p_y
  313   2   1   0       0.99886141  p_z
  313   2   1   1       0.96900700  p_x
  314   1   0   0       0.94619163  s
  315   1   0   0       0.93210360  s
  316   1   0   0       0.91945110  s
  317   1   0   0       1.24600618  s
  317   2   1  -1       0.99895047  p_y
  317   2   1   0       0.96092316  p_z
  317   2   1   1       0.99405478  p_x
  318   1   0   0       0.94999783  s
  319   1   0   0       0.93955419  s
  320   1   0   0       0.91321538  s
  321   1   0   0       1.25607135  s
  321   2   1  -1       0.96744555  p_y
  321   2   1   0       0.91869680  p_z
  321   2   1   1       0.96028067  p_x
  322   1   0   0       0.94207498  s
  323   1   0   0       0.93797528  s
  324   1   0   0       1.22290051  s
  324   2   1  -1       0.99913230  p_y
  324   2   1   0       0.95456607  p_z
  324   2   1   1       0.95415746  p_x
  325   1   0   0       0.92402920  s
  326   1   0   0       0.95222858  s
  327   1   0   0       1.23298307  s
  327   2   1  -1       0.96673629  p_y
  327   2   1   0       0.95032621  p_z
  327   2   1   1       0.95610845  p_x
  328   1   0   0       0.95588156  s
  329   1   0   0       0.94303774  s
  330   1   0   0       1.24746131  s
  330   2   1  -1       0.95925847  p_y
  330   2   1   0       0.95378386  p_z
  330   2   1   1       0.94139375  p_x
  331   1   0   0       0.95696033  s
  332   1   0   0       0.93860612  s
  333   1   0   0       1.24588686  s
  333   2   1  -1       0.96374195  p_y
  333   2   1   0       0.95698517  p_z
  333   2   1   1       0.94305438  p_x
  334   1   0   0       0.94042155  s
  335   1   0   0       0.93172826  s
  336   1   0   0       1.26009424  s
  336   2   1  -1       0.93075027  p_y
  336   2   1   0       0.95350237  p_z
  336   2   1   1       0.94542415  p_x
  337   1   0   0       0.94401781  s
  338   1   0   0       0.98706801  s
  339   1   0   0       1.23297530  s
  339   2   1  -1       1.00842900  p_y
  339   2   1   0       0.92698265  p_z
  339   2   1   1       0.95620400  p_x
  340   1   0   0       0.92439646  s
  341   1   0   0       0.93510558  s
  342   1   0   0       1.22380585  s
  342   2   1  -1       0.96780989  p_y
  342   2   1   0       0.96157339  p_z
  342   2   1   1       0.94553109  p_x
  343   1   0   0       0.93487688  s
  344   1   0   0       0.97390967  s
  345   1   0   0       1.27132935  s
  345   2   1  -1       0.99689390  p_y
  345   2   1   0       0.97922386  p_z
  345   2   1   1       0.99210882  p_x
  346   1   0   0       0.91163425  s
  347   1   0   0       0.92793365  s
  348   1   0   0       0.93467468  s
  349   1   0   0       1.25717722  s
  349   2   1  -1       0.97522572  p_y
  349   2   1   0       0.99854613  p_z
  349   2   1   1       0.97374070  p_x
  350   1   0   0       0.94802107  s
  351   1   0   0       0.91621516  s
  352   1   0   0       0.92618947  s
 
Fermi level:                        -0.1506016264 H           -4.0981 eV
Band energy:                      -278.2081121242 H        -7570.4279 eV
TS:                                  0.0000000000 H            0.0000 eV
Band free energy (E-TS):          -278.2081121242 H        -7570.4279 eV
Extrapolated E(0K):               -278.2081121242 H        -7570.4279 eV
Input / Output electrons (q):    682.0000000000    682.0000000000
 
Energy H0:                        -282.7343790353 H        -7693.5939 eV
Energy SCC:                          0.0743515770 H            2.0232 eV
Total Electronic energy:          -282.6600274582 H        -7691.5707 eV
Repulsive energy:                    4.6499361719 H          126.5312 eV
Dispersion energy:                   1.1346158249 H           30.8745 eV
Total energy:                     -276.8754754615 H        -7534.1650 eV
Extrapolated to 0:                -276.8754754615 H        -7534.1650 eV
Total Mermin free energy:         -276.8754754615 H        -7534.1650 eV
Force related energy:             -276.8754754615 H        -7534.1650 eV
 
SCC converged
 
Full geometry written in geo_end.{xyz|gen}
 
MD Kinetic Energy:                   0.7782523475 H
Total MD Energy:                  -276.0972231140 H
Pressure:                            0.907644E-05 au     0.267038E+09 Pa
MD Temperature:                      0.0014781621 H          466.7661 K
MD Kinetic Energy:                   0.7782523475 H
Total MD Energy:                  -276.0972231140 H        -7512.9877 eV
MD Temperature:                      0.0014781621 H          466.7661 K
 
Molecular dynamics completed
 
