 Fermi distribution function
 
MD step: 100000
 

********************************************************************************
 iSCC Total electronic   Diff electronic      SCC error    
    5   -0.28295335E+03    0.23931079E-10    0.66769643E-06
********************************************************************************
 
Coordinates of moved atoms (au):
    1     73.72706957     59.14953004     75.77124616
    2     74.59354665     58.43040970     74.02264761
    3     73.77681555     57.42866748     77.02741063
    4     75.48815708     89.99110326     76.83095773
    5     75.14891119     90.33213729     78.91544676
    6     46.29188817     91.84797760     75.94859128
    7     78.17547426     88.92076939     76.30706999
    8     49.44447274     86.95500426     76.45551744
    9     79.54328743     89.71327231     77.82009161
   10     50.12667515     89.56899112     73.67872829
   11     49.36202429     91.29066317     72.95378425
   12     49.39504153     88.01533362     72.31675247
   13     82.11923249     89.88193541     73.64812080
   14     83.06454877     88.27840666     74.69266839
   15     82.38343840     91.68835662     74.59046072
   16     54.27704466     90.08881666     71.02526020
   17     56.32698467     90.75356426     71.17335649
   18     53.37954644     91.59691762     70.03037525
   19     83.25614371     87.72026827     69.29784408
   20     81.45070846     86.81296392     69.34741807
   21     84.37235903     86.15227885     70.18365517
   22     84.30768188     88.33314591     66.76456591
   23     56.98689136     89.62651116     66.92835520
   24     53.84897323     89.16743466     65.60393383
   25     71.13683849     60.41902852     75.34383570
   26     70.75201908     61.58111050     76.99756144
   27     71.27207581     61.65473204     73.63182267
   28     69.61127510     58.98821595     74.92967442
   29     85.14303626     85.96207577     65.32962722
   30     86.56031197     85.00877948     66.53202823
   31     83.48518239     84.73500341     65.17816584
   32     86.01470025     86.64809723     63.39198169
   33     62.79681447     60.99827442     58.02009697
   34     63.33561006     62.19481103     56.43165120
   35     64.46296635     60.46300375     59.03943109
   36     61.01840877     62.43975729     59.89147725
   37     62.05901128     63.90398560     60.92906264
   38     60.42608942     61.10887849     61.41205233
   39     58.54010502     63.70985945     58.92110953
   40     58.74829815     64.86943437     57.19031840
   41     58.07563914     64.84706624     60.57210187
   42     56.38882746     61.91264993     58.36122933
   43     85.23242881     60.41577605     59.83041161
   44     56.95939157     60.73599125     56.64270021
   45     53.57669585     63.30701198     58.23357441
   46     53.86182127     65.32933350     57.71628102
   47     81.82789412     63.27648398     60.24495651
   48     80.63118151     62.00415290     56.52858950
   49     78.91056491     63.06626072     56.80200982
   50     80.18737600     60.12678936     57.40620479
   51     52.17503557     61.94140569     53.70253398
   52     50.91415782     60.72254100     52.74424103
   53     53.88881972     61.04713572     53.23805145
   54     80.82685228     64.60146304     81.53628743
   55     81.98651604     64.55315333     79.90839411
   56     81.84585655     66.08859727     82.74191942
   57     61.94158940     58.49640238     56.62657937
   58     61.46881676     58.98071059     54.62462082
   59     63.70104223     57.19639595     56.61251469
   60     60.32011373     57.52915962     57.50924651
   61     49.02319922     65.13107886     81.07559441
   62     48.35843022     64.65720748     79.18468646
   63     47.99114192     63.87513720     82.39531821
   64     48.57220203     67.14274535     81.43218347
   65     60.26056334     75.93891916     69.13820332
   66     58.55060365     76.33067278     70.30899983
   67     60.01113186     74.01340037     68.14998572
   68     60.25107531     77.93824541     67.02781826
   69     62.14854669     78.01751897     66.05916125
   70     60.15372002     80.03659016     67.80356816
   71     58.04138969     77.37360989     65.19507267
   72     56.28394256     77.84109747     66.42758591
   73     57.94407665     75.28017665     64.77919398
   74     58.30035644     50.07341914     62.86198187
   75     60.24089261     49.84625433     61.98799744
   76     58.30559956     51.99061965     63.41849289
   77     56.24731389     49.55549667     60.83722088
   78     54.42733303     78.32713462     61.83313456
   79     56.41030710     76.80420248     59.82154401
   80     56.03141777     51.50115542     58.81475839
   81     54.97515115     53.15534150     59.63249083
   82     54.82136708     50.86308522     57.17096136
   83     58.27466950     52.60123007     57.53596700
   84     59.71363216     53.46553573     59.07034235
   85     58.07619534     54.32343162     56.37689031
   86     59.39829434     50.79585557     55.48777983
   87     57.86040185     50.79256926     53.92329306
   88     59.59908766     48.74529546     56.00151789
   89     62.68677979     76.03278310     70.74767304
   90     62.52047613     74.45183888     72.16970447
   91     64.45168402     75.58029145     69.68010212
   92     63.03478510     77.82729150     71.82459706
   93     61.76105602     51.65788656     54.26553423
   94     61.51509915     52.76200378     52.43993838
   95     62.87939285     53.08838359     55.53087094
   96     62.72705489     49.84187176     53.98555267
   97     62.21253381     67.77216344     74.52497523
   98     60.66095635     68.84311874     75.49981951
   99     63.22903530     69.20994051     73.48108027
  100     63.80432815     66.19832722     76.30245933
  101     64.83672957     64.91415046     75.13783379
  102     62.43060302     64.80139183     77.29841345
  103     65.58599295     67.91929502     77.84728112
  104     64.47784316     69.69792396     78.00585282
  105     67.46622719     68.23461608     76.85921344
  106     66.17824113     67.08112132     51.54849043
  107     64.53216563     66.77568535     52.81623718
  108     67.12164506     68.60532637     52.50349293
  109     68.18294342     64.93150944     51.54344863
  110     69.69279429     65.06951212     50.09978906
  111     67.23019329     63.24532657     51.08307055
  112     69.24270251     64.74497599     54.19983232
  113     67.56201494     64.67190009     55.52696436
  114     70.37505223     66.40412586     54.68103333
  115     70.76993348     62.38419287     54.76828749
  116     71.34308066     62.47340646     56.76018309
  117     72.55723604     62.55591049     53.51582007
  118     69.29287576     60.00741961     54.31333077
  119     69.19251906     59.65328538     52.30546327
  120     67.28726207     60.39750303     54.80546498
  121     61.04283640     65.93940979     72.69493724
  122     62.47935191     64.72847396     71.77701222
  123     59.63821856     64.69266591     73.50540622
  124     60.19029507     66.91969130     70.94593106
  125     70.04328127     57.86842632     55.96392717
  126     68.94383911     56.25775477     55.81617151
  127     71.98087968     57.30108674     55.68701136
  128     70.10820473     58.31987006     57.97041664
  129     61.40780443     69.89761286     62.76752295
  130     60.70664537     70.67935502     64.57328271
  131     61.02321484     67.83784746     63.19048386
  132     59.75914364     70.78873769     60.59258489
  133     59.82361491     69.46992070     58.89950647
  134     60.58914694     72.50426731     59.62366826
  135     56.92864613     71.34881768     61.15619331
  136     56.73288000     73.21592731     62.05500352
  137     56.03828791     69.98561701     62.61758603
  138     55.34218517     71.34199689     58.75045396
  139     55.26990570     69.31014624     58.02245099
  140     56.33662330     72.39944905     57.09831070
  141     52.75830227     72.47033305     58.79024418
  142     52.81717976     74.19914199     57.65862989
  143     52.64895061     73.36412529     60.78511948
  144     50.55709391     70.51362375     58.26181297
  145     50.86412236     68.79018426     59.56702695
  146     50.65265962     69.73145650     56.30628947
  147     47.95358847     71.45235130     58.60236570
  148     47.43283297     73.39614238     57.70878901
  149     47.42879942     71.69394699     60.80900942
  150     45.97625809     69.42606701     57.82671297
  151     46.31047205     68.54801143     55.84473837
  152     44.15024836     70.36451309     57.30277289
  153     64.09479753     70.26441646     62.23980727
  154     65.28087046     40.60465375     63.77071825
  155     64.77238446     69.29142336     60.50258413
  156     64.48566562     72.28185433     62.01186178
  157     45.75309866     67.46524376     59.87021111
  158     44.89600566     65.66713328     59.21883491
  159     47.58684721     66.75768553     60.39610147
  160     44.76369158     68.11942678     61.65737380
  161     67.21389348     50.94817856     75.34738082
  162     66.14067269     51.98215886     73.88606097
  163     67.55081962     49.02393263     74.74416083
  164     69.77980265     52.13928449     75.95197279
  165     69.81418667     52.21971797     77.90149677
  166     69.70969557     54.20481298     75.39295499
  167     72.23600114     50.96962079     74.60583029
  168     72.05839741     48.74317971     75.16207981
  169     73.69091073     51.66398064     75.96271226
  170     72.69620548     51.37107108     71.71515698
  171     74.74116881     50.76427892     71.14873932
  172     72.50035002     53.43860299     71.54532987
  173     70.96367230     78.58951752     70.36975907
  174     69.06367298     79.61422200     70.63114208
  175     71.29008967     47.88005444     71.39221984
  176     71.12624582     78.49459051     67.51406305
  177     72.91872338     77.54085647     66.84193041
  178     71.34771706     80.34206696     66.58833340
  179     68.70342353     77.35635863     66.30713235
  180     68.68484115     77.84619504     64.34002726
  181     67.29398498     78.38913333     67.36754954
  182     68.45383843     74.38524448     66.48399695
  183     66.59968483     73.76325522     66.66244585
  184     69.59596767     73.87368949     68.07253036
  185     65.25780358     50.78784385     77.37903372
  186     65.16003502     52.72508344     78.19061806
  187     63.50817396     50.42272366     76.10747349
  188     65.61461576     49.35315644    107.84744270
  189     69.60084221     72.93248274     64.21588017
  190     68.84958326     73.23200128     62.43334247
  191     71.55298290     72.80939470     63.75746092
  192     69.33799111     70.96271574     64.51778625
  193     67.39269598     45.26301926     83.66143682
  194     66.14773735     47.05847481     84.15134420
  195     66.43460815     72.83189668     82.35279221
  196     69.99137227     46.22089471     82.79310190
  197     71.24289846     46.65609802     84.41209331
  198     69.77572156     76.98174014     81.57643543
  199     71.61719439     44.48580767     80.99158847
  200     70.74223722     44.77259262     79.12062567
  201     71.09186631     42.46657937     81.61728655
  202     74.47046464     44.90049064     81.10719204
  203     75.49670539     43.46844012     80.01640504
  204     74.87017059     44.71139249     83.14517532
  205     75.35534267     47.58541440     80.53347921
  206     75.12049489     48.55600750     82.36294173
  207     74.27603785     48.60528904     79.01229950
  208     78.14534705     47.44154916     79.99119338
  209     78.58469788     46.05210630     78.50521581
  210     78.80487725     46.60929726     81.79422047
  211     79.38503596     78.88141147     79.24159678
  212     78.07021442     79.62403584     77.70717287
  213     81.26796917     78.32450548     78.21419542
  214     79.91567372     80.64505528     81.54056064
  215     81.34933074     79.38508953     82.66642498
  216     78.23667126     81.01012299     82.78094849
  217     67.83796782     44.12912699     86.22076770
  218     65.94654496     43.60268196     58.17770453
  219     68.93790706     42.38946780     56.91359514
  220     68.91932756     45.36438717     87.51894099
  221     81.49110602     83.00299490     80.91739760
  222     81.39203030     84.35279102     82.55210264
  223     83.39164165     82.32411794     80.70719481
  224     80.71412283     84.10484851     79.15498105
  225     54.55974015     80.43831335     71.15073251
  226     54.58614722     78.54519118     70.08515884
  227     55.80565018     81.88217994     70.32221826
  228     51.84043035     52.41634285     71.26136182
  229     51.70240478     54.12209537     72.60143678
  230     50.69964186     51.00381913     72.29896997
  231     50.44888745     81.76806635     68.85711628
  232     51.62054036     82.93896322     67.50178356
  233     48.53778561     82.69818823     69.05654991
  234     49.94576916     79.28078026     67.23073559
  235     48.56442069     78.06235407     68.16968090
  236     51.54359359     77.92179858     67.24723895
  237     49.05164969     79.89446113     64.57398016
  238     50.56827897     81.04020178     63.64841315
  239     47.50276454     52.44877085     64.60581597
  240     48.19122043     77.78742575     62.87094830
  241     46.41055289     48.01886035     63.53938814
  242     49.44120163     47.17766930     63.18463663
  243     48.20305381     78.78178062     60.08102270
  244     49.85537865     77.72692762     59.10509367
  245     48.70080188     80.76802035     59.96802808
  246     45.79944389     78.26806888     58.66131620
  247     44.72694209     76.62345702     59.23825587
  248     46.38236537     78.09712095     56.41176031
  249     55.54875166     50.90727470     73.90833038
  250     54.98060367     48.93246333     74.50824833
  251     57.57979733     50.91177711     73.90256776
  252     54.90297544     52.28527987     75.24290948
  253     43.83456251     80.30783105     59.00370535
  254     43.37899108     80.56718069     61.02085748
  255     44.24370913     82.09929476     58.06217450
  256     42.11245107     79.40848032     87.08286844
  257     87.62063920     72.69924540     79.85302731
  258     86.82851286     73.16401507     81.65661695
  259     88.60065133     70.89980478     80.07889911
  260     85.66045099     72.39164180     77.67607347
  261     86.57430453     72.13416653     75.82630897
  262     84.79769142     74.38493312     77.38309591
  263     83.56456072     70.44251323     78.34987855
  264     82.88436117     70.89677754     80.17308658
  265     84.38355838     68.39023495     78.34574286
  266     81.38334065     70.80653875     76.47744639
  267     80.95844412     72.76868878     76.54402177
  268     79.68921623     69.83359661     77.16903355
  269     81.85487386     70.22356977     73.70807409
  270     80.49017176     68.78149592     72.97201322
  271     83.70140627     69.31980077     73.58307579
  272     81.56219141     72.60345465     71.99152789
  273     82.88697769     74.18388436     72.93337941
  274     79.68344046     73.42580408     71.87788725
  275     82.22327498     72.27706210     69.27395457
  276     84.23870673     72.21661474     68.94934269
  277     81.47941552     74.02089631     68.42132925
  278     81.00057962     70.14248306     67.55674722
  279     80.35573175     71.08854810     65.84427394
  280     79.16224585     69.74729121     68.34713539
  281     89.78439524     74.65741514     79.18265116
  282     90.23806996     75.85370431     80.74443103
  283     91.53301825     73.94521100     78.24115613
  284     89.31098477     75.95088154     77.63668899
  285     82.58975049     67.71150891     67.35605991
  286     82.20288581     66.36807582     68.95682444
  287     82.14354336     66.49251079     65.71374991
  288     84.64926209     67.95230778     67.27162879
  289     65.73862824     54.39251615     64.39340660
  290     67.66474817     54.31568684     63.88937841
  291     64.98196985     52.79845949     65.47775895
  292     64.95370949     56.50029993     66.42124659
  293     62.95905888     56.97307492     66.18009019
  294     65.80225610     58.36056954     65.97929611
  295     65.58125295     55.62721456     69.13817478
  296     67.53475521     55.00186817     69.19917223
  297     64.56456741     53.74920107     40.56429131
  298     64.97081128     57.70813651     42.14556145
  299     63.64642045     59.08581563     70.19427802
  300     66.78040724     58.77639973     42.64098822
  301     63.93714818     56.72961364     44.64638281
  302     65.53732958     56.25469551     46.02681954
  303     62.70809465     55.00522403     73.46470758
  304     62.25037392     58.80219669     45.97435724
  305     60.43719907     58.80068753     44.80367120
  306     62.96669387     60.64891227     45.36522312
  307     61.80181038     58.50604172     48.70521888
  308     63.47446517     59.45831135     49.67207955
  309     62.10904533     56.48471687     49.22355038
  310     59.23243449     59.42558155     49.46810540
  311     58.57171626     61.02692983     48.27715432
  312     59.54197470     60.35085713     51.31744011
  313     64.06876370     54.72424328     62.03352483
  314     64.69600399     53.23066955     60.67328929
  315     62.05748518     54.90557530     62.31092005
  316     64.73766593     56.40705419     61.14299000
  317     57.44525575     57.20283155     49.95628875
  318     55.81145320     57.61013871     51.05253847
  319     56.75918174     56.20341817     48.11408203
  320     58.49629899     55.74619590     51.08005884
  321     74.07180874     70.71204371     43.46882234
  322     74.97473071     71.52236882     45.19207846
  323     74.68255669     71.76300214     41.76306174
  324     75.03142842     67.94910733     71.96403829
  325     74.45344393     66.55321601     73.41966429
  326     77.11373424     68.01044775     72.19895004
  327     74.45702833     66.93511929     69.34956362
  328     75.17057399     68.34324832     67.88502430
  329     72.39865210     66.64235391     69.14086571
  330     75.58648915     64.34004674     68.80577234
  331     75.37482631     63.26578684     70.60701567
  332     77.48982587     64.62512854     68.30732557
  333     74.48672328     62.84253249     66.64835487
  334     75.40552222     63.91343914     64.94307237
  335     72.61112764     63.00689812     66.03396830
  336     75.34558004     60.02119643     66.78432182
  337     74.86490627     59.45066739     68.73672213
  338     77.35884934     59.76786011     66.65594849
  339     74.13795793     57.96536278     65.22562714
  340     72.04367362     58.05328563     65.45691339
  341     74.75536896     56.13469176     65.87924905
  342     74.73865772     58.28192808     62.42422148
  343     73.96884824     60.19083161     61.70236284
  344     73.73911305     56.71033509     61.44978642
  345     71.26001299     70.96070683     43.89447741
  346     70.82124525     72.91706075     44.44167075
  347     70.02250088     70.54667109     42.24637523
  348     70.75961988     69.78043230     45.64292304
  349     77.43858260     58.27799327     61.56343617
  350     78.52497447     60.05781063     61.51919693
  351     78.70308795     56.99539733     62.55621545
  352     77.25887976     57.43273677     59.53960520
 
 Total charge:    -0.00000000

 Atomic gross charges (e)
 Atom           Charge
    1      -0.09207504
    2       0.05485626
    3       0.04923976
    4      -0.09976747
    5       0.04721141
    6       0.05738710
    7      -0.11401137
    8       0.07071110
    9       0.03630569
   10      -0.11575643
   11       0.06535681
   12       0.04020140
   13      -0.11231427
   14       0.05766838
   15       0.06245651
   16      -0.10690160
   17       0.03790401
   18       0.05974868
   19      -0.10980516
   20       0.06521457
   21       0.04408821
   22      -0.09495741
   23       0.05664429
   24       0.05446629
   25      -0.20122556
   26       0.07332959
   27       0.06139841
   28       0.06158599
   29      -0.20227736
   30       0.06593068
   31       0.07256161
   32       0.05442998
   33      -0.11593978
   34       0.06034316
   35       0.06299228
   36      -0.10527353
   37       0.05400612
   38       0.05061037
   39      -0.10536783
   40       0.06041656
   41       0.05828496
   42      -0.12077387
   43       0.04751051
   44       0.05102072
   45      -0.10785620
   46       0.05809120
   47       0.04702505
   48      -0.09858876
   49       0.05701726
   50       0.04707900
   51      -0.12049879
   52       0.06270731
   53       0.06362453
   54      -0.10175101
   55       0.06222946
   56       0.04696776
   57      -0.19786776
   58       0.06065080
   59       0.05164490
   60       0.07426647
   61      -0.20535601
   62       0.07307368
   63       0.06692688
   64       0.06280433
   65      -0.08472355
   66       0.05854532
   67       0.04814173
   68      -0.10259214
   69       0.04778527
   70       0.03503731
   71      -0.09804185
   72       0.04285650
   73       0.05686370
   74      -0.10212795
   75       0.05061500
   76       0.06994934
   77      -0.11055655
   78       0.05236349
   79       0.06869001
   80      -0.08135054
   81       0.03600560
   82       0.04191084
   83      -0.09243413
   84       0.02710332
   85       0.05706806
   86      -0.08380254
   87       0.03339269
   88       0.05059817
   89      -0.19330957
   90       0.05029348
   91       0.06150958
   92       0.06612241
   93      -0.18931738
   94       0.05730062
   95       0.05100481
   96       0.07143017
   97      -0.09301318
   98       0.05020967
   99       0.06001193
  100      -0.10652461
  101       0.06027589
  102       0.04914844
  103      -0.09613139
  104       0.05175090
  105       0.05637109
  106      -0.11636795
  107       0.06217737
  108       0.05287206
  109      -0.11905607
  110       0.05868597
  111       0.06470155
  112      -0.10647719
  113       0.04225374
  114       0.05591366
  115      -0.09776330
  116       0.05530931
  117       0.03794945
  118      -0.08553435
  119       0.06319850
  120       0.04590205
  121      -0.19394253
  122       0.05417888
  123       0.06934538
  124       0.04109732
  125      -0.20867927
  126       0.07436482
  127       0.05804013
  128       0.05979051
  129      -0.07303216
  130       0.05385259
  131       0.03776032
  132      -0.10019356
  133       0.04435387
  134       0.04647863
  135      -0.10054145
  136       0.05703171
  137       0.04648728
  138      -0.08678924
  139       0.04085677
  140       0.03039511
  141      -0.10965561
  142       0.06152959
  143       0.03914045
  144      -0.07901356
  145       0.05064186
  146       0.05531964
  147      -0.07766998
  148       0.04787290
  149       0.02582086
  150      -0.08890616
  151       0.03873288
  152       0.04708721
  153      -0.18920098
  154       0.06159126
  155       0.06173871
  156       0.06541917
  157      -0.19035456
  158       0.05612246
  159       0.06659517
  160       0.06089476
  161      -0.10831875
  162       0.05496671
  163       0.05835743
  164      -0.12742980
  165       0.07828596
  166       0.04080420
  167      -0.10717660
  168       0.02114226
  169       0.05558028
  170      -0.08664182
  171       0.04033860
  172       0.06535416
  173      -0.10223790
  174       0.05188205
  175       0.08076008
  176      -0.10831474
  177       0.04465486
  178       0.05224578
  179      -0.13492913
  180       0.06693182
  181       0.06802312
  182      -0.10462514
  183       0.07839141
  184       0.06790275
  185      -0.19568621
  186       0.06169415
  187       0.05420979
  188       0.06995897
  189      -0.24226319
  190       0.07459111
  191       0.07341165
  192       0.05771136
  193      -0.07560273
  194       0.03592135
  195       0.06598183
  196      -0.11309903
  197       0.05990151
  198       0.03817197
  199      -0.10981953
  200       0.05594699
  201       0.03876825
  202      -0.10645126
  203       0.06166066
  204       0.05525804
  205      -0.11144610
  206       0.06136324
  207       0.05754079
  208      -0.11364526
  209       0.05332467
  210       0.05213192
  211      -0.09050358
  212       0.05028234
  213       0.03927194
  214      -0.08586086
  215       0.03472156
  216       0.06417279
  217      -0.19603615
  218       0.05095671
  219       0.06053082
  220       0.06684401
  221      -0.19473535
  222       0.05878720
  223       0.07949563
  224       0.05279518
  225      -0.09325086
  226       0.05383799
  227       0.06560728
  228      -0.08678759
  229       0.04251883
  230       0.04712557
  231      -0.09642531
  232       0.04593443
  233       0.05426660
  234      -0.12171022
  235       0.05053392
  236       0.05541897
  237      -0.08889892
  238       0.04320293
  239       0.03628529
  240      -0.10942399
  241       0.06130641
  242       0.05054495
  243      -0.09404297
  244       0.03470722
  245       0.06829414
  246      -0.08423876
  247       0.06835961
  248       0.02707929
  249      -0.21822474
  250       0.05881534
  251       0.06777880
  252       0.07670683
  253      -0.20135565
  254       0.06870160
  255       0.07032542
  256       0.04990366
  257      -0.10608495
  258       0.06932637
  259       0.05646332
  260      -0.10248974
  261       0.06544615
  262       0.03581257
  263      -0.10132291
  264       0.06936710
  265       0.04495960
  266      -0.12098189
  267       0.06537571
  268       0.05205762
  269      -0.10797217
  270       0.05047529
  271       0.06623172
  272      -0.08584726
  273       0.02942742
  274       0.06111863
  275      -0.12019930
  276       0.06091129
  277       0.04560776
  278      -0.10793946
  279       0.06203135
  280       0.05985423
  281      -0.22619603
  282       0.07401192
  283       0.06153803
  284       0.05918680
  285      -0.18762093
  286       0.05574219
  287       0.05670039
  288       0.06577805
  289      -0.12896196
  290       0.08231586
  291       0.06574257
  292      -0.12365581
  293       0.06033315
  294       0.04963884
  295      -0.10503552
  296       0.05867084
  297       0.04260199
  298      -0.09015636
  299       0.05639889
  300       0.04593410
  301      -0.10601447
  302       0.04578339
  303       0.05489927
  304      -0.11274423
  305       0.03813496
  306       0.05257840
  307      -0.07961335
  308       0.03936941
  309       0.05138855
  310      -0.08653220
  311       0.06226481
  312       0.04630722
  313      -0.21378589
  314       0.05784908
  315       0.08380393
  316       0.06460689
  317      -0.19003193
  318       0.07173215
  319       0.05031354
  320       0.05775478
  321      -0.09200633
  322       0.05532543
  323       0.05715007
  324      -0.11144032
  325       0.05438040
  326       0.04892303
  327      -0.10005252
  328       0.04546375
  329       0.05512183
  330      -0.11244761
  331       0.05307083
  332       0.06971680
  333      -0.10378339
  334       0.02134575
  335       0.07730196
  336      -0.11476979
  337       0.04268930
  338       0.06539405
  339      -0.10088674
  340       0.04813400
  341       0.06280362
  342      -0.08016849
  343       0.04334351
  344       0.04658834
  345      -0.18905722
  346       0.05604699
  347       0.06685541
  348       0.05383772
  349      -0.18895821
  350       0.06916268
  351       0.06149560
  352       0.04127812
 
Nr. of electrons (up):    682.00000000
Atom populations (up)
 Atom       Population
    1       4.09207504
    2       0.94514374
    3       0.95076024
    4       4.09976747
    5       0.95278859
    6       0.94261290
    7       4.11401137
    8       0.92928890
    9       0.96369431
   10       4.11575643
   11       0.93464319
   12       0.95979860
   13       4.11231427
   14       0.94233162
   15       0.93754349
   16       4.10690160
   17       0.96209599
   18       0.94025132
   19       4.10980516
   20       0.93478543
   21       0.95591179
   22       4.09495741
   23       0.94335571
   24       0.94553371
   25       4.20122556
   26       0.92667041
   27       0.93860159
   28       0.93841401
   29       4.20227736
   30       0.93406932
   31       0.92743839
   32       0.94557002
   33       4.11593978
   34       0.93965684
   35       0.93700772
   36       4.10527353
   37       0.94599388
   38       0.94938963
   39       4.10536783
   40       0.93958344
   41       0.94171504
   42       4.12077387
   43       0.95248949
   44       0.94897928
   45       4.10785620
   46       0.94190880
   47       0.95297495
   48       4.09858876
   49       0.94298274
   50       0.95292100
   51       4.12049879
   52       0.93729269
   53       0.93637547
   54       4.10175101
   55       0.93777054
   56       0.95303224
   57       4.19786776
   58       0.93934920
   59       0.94835510
   60       0.92573353
   61       4.20535601
   62       0.92692632
   63       0.93307312
   64       0.93719567
   65       4.08472355
   66       0.94145468
   67       0.95185827
   68       4.10259214
   69       0.95221473
   70       0.96496269
   71       4.09804185
   72       0.95714350
   73       0.94313630
   74       4.10212795
   75       0.94938500
   76       0.93005066
   77       4.11055655
   78       0.94763651
   79       0.93130999
   80       4.08135054
   81       0.96399440
   82       0.95808916
   83       4.09243413
   84       0.97289668
   85       0.94293194
   86       4.08380254
   87       0.96660731
   88       0.94940183
   89       4.19330957
   90       0.94970652
   91       0.93849042
   92       0.93387759
   93       4.18931738
   94       0.94269938
   95       0.94899519
   96       0.92856983
   97       4.09301318
   98       0.94979033
   99       0.93998807
  100       4.10652461
  101       0.93972411
  102       0.95085156
  103       4.09613139
  104       0.94824910
  105       0.94362891
  106       4.11636795
  107       0.93782263
  108       0.94712794
  109       4.11905607
  110       0.94131403
  111       0.93529845
  112       4.10647719
  113       0.95774626
  114       0.94408634
  115       4.09776330
  116       0.94469069
  117       0.96205055
  118       4.08553435
  119       0.93680150
  120       0.95409795
  121       4.19394253
  122       0.94582112
  123       0.93065462
  124       0.95890268
  125       4.20867927
  126       0.92563518
  127       0.94195987
  128       0.94020949
  129       4.07303216
  130       0.94614741
  131       0.96223968
  132       4.10019356
  133       0.95564613
  134       0.95352137
  135       4.10054145
  136       0.94296829
  137       0.95351272
  138       4.08678924
  139       0.95914323
  140       0.96960489
  141       4.10965561
  142       0.93847041
  143       0.96085955
  144       4.07901356
  145       0.94935814
  146       0.94468036
  147       4.07766998
  148       0.95212710
  149       0.97417914
  150       4.08890616
  151       0.96126712
  152       0.95291279
  153       4.18920098
  154       0.93840874
  155       0.93826129
  156       0.93458083
  157       4.19035456
  158       0.94387754
  159       0.93340483
  160       0.93910524
  161       4.10831875
  162       0.94503329
  163       0.94164257
  164       4.12742980
  165       0.92171404
  166       0.95919580
  167       4.10717660
  168       0.97885774
  169       0.94441972
  170       4.08664182
  171       0.95966140
  172       0.93464584
  173       4.10223790
  174       0.94811795
  175       0.91923992
  176       4.10831474
  177       0.95534514
  178       0.94775422
  179       4.13492913
  180       0.93306818
  181       0.93197688
  182       4.10462514
  183       0.92160859
  184       0.93209725
  185       4.19568621
  186       0.93830585
  187       0.94579021
  188       0.93004103
  189       4.24226319
  190       0.92540889
  191       0.92658835
  192       0.94228864
  193       4.07560273
  194       0.96407865
  195       0.93401817
  196       4.11309903
  197       0.94009849
  198       0.96182803
  199       4.10981953
  200       0.94405301
  201       0.96123175
  202       4.10645126
  203       0.93833934
  204       0.94474196
  205       4.11144610
  206       0.93863676
  207       0.94245921
  208       4.11364526
  209       0.94667533
  210       0.94786808
  211       4.09050358
  212       0.94971766
  213       0.96072806
  214       4.08586086
  215       0.96527844
  216       0.93582721
  217       4.19603615
  218       0.94904329
  219       0.93946918
  220       0.93315599
  221       4.19473535
  222       0.94121280
  223       0.92050437
  224       0.94720482
  225       4.09325086
  226       0.94616201
  227       0.93439272
  228       4.08678759
  229       0.95748117
  230       0.95287443
  231       4.09642531
  232       0.95406557
  233       0.94573340
  234       4.12171022
  235       0.94946608
  236       0.94458103
  237       4.08889892
  238       0.95679707
  239       0.96371471
  240       4.10942399
  241       0.93869359
  242       0.94945505
  243       4.09404297
  244       0.96529278
  245       0.93170586
  246       4.08423876
  247       0.93164039
  248       0.97292071
  249       4.21822474
  250       0.94118466
  251       0.93222120
  252       0.92329317
  253       4.20135565
  254       0.93129840
  255       0.92967458
  256       0.95009634
  257       4.10608495
  258       0.93067363
  259       0.94353668
  260       4.10248974
  261       0.93455385
  262       0.96418743
  263       4.10132291
  264       0.93063290
  265       0.95504040
  266       4.12098189
  267       0.93462429
  268       0.94794238
  269       4.10797217
  270       0.94952471
  271       0.93376828
  272       4.08584726
  273       0.97057258
  274       0.93888137
  275       4.12019930
  276       0.93908871
  277       0.95439224
  278       4.10793946
  279       0.93796865
  280       0.94014577
  281       4.22619603
  282       0.92598808
  283       0.93846197
  284       0.94081320
  285       4.18762093
  286       0.94425781
  287       0.94329961
  288       0.93422195
  289       4.12896196
  290       0.91768414
  291       0.93425743
  292       4.12365581
  293       0.93966685
  294       0.95036116
  295       4.10503552
  296       0.94132916
  297       0.95739801
  298       4.09015636
  299       0.94360111
  300       0.95406590
  301       4.10601447
  302       0.95421661
  303       0.94510073
  304       4.11274423
  305       0.96186504
  306       0.94742160
  307       4.07961335
  308       0.96063059
  309       0.94861145
  310       4.08653220
  311       0.93773519
  312       0.95369278
  313       4.21378589
  314       0.94215092
  315       0.91619607
  316       0.93539311
  317       4.19003193
  318       0.92826785
  319       0.94968646
  320       0.94224522
  321       4.09200633
  322       0.94467457
  323       0.94284993
  324       4.11144032
  325       0.94561960
  326       0.95107697
  327       4.10005252
  328       0.95453625
  329       0.94487817
  330       4.11244761
  331       0.94692917
  332       0.93028320
  333       4.10378339
  334       0.97865425
  335       0.92269804
  336       4.11476979
  337       0.95731070
  338       0.93460595
  339       4.10088674
  340       0.95186600
  341       0.93719638
  342       4.08016849
  343       0.95665649
  344       0.95341166
  345       4.18905722
  346       0.94395301
  347       0.93314459
  348       0.94616228
  349       4.18895821
  350       0.93083732
  351       0.93850440
  352       0.95872188
 
l-shell populations (up)
 Atom Sh.   l       Population
    1   1   0       1.22501005
    1   2   1       2.86706499
    2   1   0       0.94514374
    3   1   0       0.95076024
    4   1   0       1.23064385
    4   2   1       2.86912362
    5   1   0       0.95278859
    6   1   0       0.94261290
    7   1   0       1.23539261
    7   2   1       2.87861875
    8   1   0       0.92928890
    9   1   0       0.96369431
   10   1   0       1.24932853
   10   2   1       2.86642791
   11   1   0       0.93464319
   12   1   0       0.95979860
   13   1   0       1.24707540
   13   2   1       2.86523886
   14   1   0       0.94233162
   15   1   0       0.93754349
   16   1   0       1.23258622
   16   2   1       2.87431537
   17   1   0       0.96209599
   18   1   0       0.94025132
   19   1   0       1.22406965
   19   2   1       2.88573551
   20   1   0       0.93478543
   21   1   0       0.95591179
   22   1   0       1.22170323
   22   2   1       2.87325418
   23   1   0       0.94335571
   24   1   0       0.94553371
   25   1   0       1.27257398
   25   2   1       2.92865158
   26   1   0       0.92667041
   27   1   0       0.93860159
   28   1   0       0.93841401
   29   1   0       1.27822302
   29   2   1       2.92405434
   30   1   0       0.93406932
   31   1   0       0.92743839
   32   1   0       0.94557002
   33   1   0       1.23965696
   33   2   1       2.87628281
   34   1   0       0.93965684
   35   1   0       0.93700772
   36   1   0       1.24494430
   36   2   1       2.86032923
   37   1   0       0.94599388
   38   1   0       0.94938963
   39   1   0       1.23189646
   39   2   1       2.87347137
   40   1   0       0.93958344
   41   1   0       0.94171504
   42   1   0       1.26118208
   42   2   1       2.85959178
   43   1   0       0.95248949
   44   1   0       0.94897928
   45   1   0       1.26032609
   45   2   1       2.84753011
   46   1   0       0.94190880
   47   1   0       0.95297495
   48   1   0       1.22361908
   48   2   1       2.87496968
   49   1   0       0.94298274
   50   1   0       0.95292100
   51   1   0       1.21936239
   51   2   1       2.90113640
   52   1   0       0.93729269
   53   1   0       0.93637547
   54   1   0       1.23329004
   54   2   1       2.86846097
   55   1   0       0.93777054
   56   1   0       0.95303224
   57   1   0       1.28528093
   57   2   1       2.91258683
   58   1   0       0.93934920
   59   1   0       0.94835510
   60   1   0       0.92573353
   61   1   0       1.26897197
   61   2   1       2.93638405
   62   1   0       0.92692632
   63   1   0       0.93307312
   64   1   0       0.93719567
   65   1   0       1.24115645
   65   2   1       2.84356710
   66   1   0       0.94145468
   67   1   0       0.95185827
   68   1   0       1.25314417
   68   2   1       2.84944798
   69   1   0       0.95221473
   70   1   0       0.96496269
   71   1   0       1.24664446
   71   2   1       2.85139739
   72   1   0       0.95714350
   73   1   0       0.94313630
   74   1   0       1.22983503
   74   2   1       2.87229292
   75   1   0       0.94938500
   76   1   0       0.93005066
   77   1   0       1.22018785
   77   2   1       2.89036870
   78   1   0       0.94763651
   79   1   0       0.93130999
   80   1   0       1.21560997
   80   2   1       2.86574057
   81   1   0       0.96399440
   82   1   0       0.95808916
   83   1   0       1.23983041
   83   2   1       2.85260372
   84   1   0       0.97289668
   85   1   0       0.94293194
   86   1   0       1.23673149
   86   2   1       2.84707105
   87   1   0       0.96660731
   88   1   0       0.94940183
   89   1   0       1.27291891
   89   2   1       2.92039066
   90   1   0       0.94970652
   91   1   0       0.93849042
   92   1   0       0.93387759
   93   1   0       1.26680063
   93   2   1       2.92251675
   94   1   0       0.94269938
   95   1   0       0.94899519
   96   1   0       0.92856983
   97   1   0       1.22198784
   97   2   1       2.87102534
   98   1   0       0.94979033
   99   1   0       0.93998807
  100   1   0       1.23560318
  100   2   1       2.87092142
  101   1   0       0.93972411
  102   1   0       0.95085156
  103   1   0       1.23628880
  103   2   1       2.85984259
  104   1   0       0.94824910
  105   1   0       0.94362891
  106   1   0       1.23218016
  106   2   1       2.88418779
  107   1   0       0.93782263
  108   1   0       0.94712794
  109   1   0       1.22944216
  109   2   1       2.88961390
  110   1   0       0.94131403
  111   1   0       0.93529845
  112   1   0       1.23204747
  112   2   1       2.87442972
  113   1   0       0.95774626
  114   1   0       0.94408634
  115   1   0       1.23039845
  115   2   1       2.86736485
  116   1   0       0.94469069
  117   1   0       0.96205055
  118   1   0       1.20840939
  118   2   1       2.87712496
  119   1   0       0.93680150
  120   1   0       0.95409795
  121   1   0       1.26375609
  121   2   1       2.93018643
  122   1   0       0.94582112
  123   1   0       0.93065462
  124   1   0       0.95890268
  125   1   0       1.24137991
  125   2   1       2.96729936
  126   1   0       0.92563518
  127   1   0       0.94195987
  128   1   0       0.94020949
  129   1   0       1.21147258
  129   2   1       2.86155957
  130   1   0       0.94614741
  131   1   0       0.96223968
  132   1   0       1.24154143
  132   2   1       2.85865213
  133   1   0       0.95564613
  134   1   0       0.95352137
  135   1   0       1.24315568
  135   2   1       2.85738576
  136   1   0       0.94296829
  137   1   0       0.95351272
  138   1   0       1.23408112
  138   2   1       2.85270812
  139   1   0       0.95914323
  140   1   0       0.96960489
  141   1   0       1.24087529
  141   2   1       2.86878031
  142   1   0       0.93847041
  143   1   0       0.96085955
  144   1   0       1.23595227
  144   2   1       2.84306130
  145   1   0       0.94935814
  146   1   0       0.94468036
  147   1   0       1.24482861
  147   2   1       2.83284137
  148   1   0       0.95212710
  149   1   0       0.97417914
  150   1   0       1.23647966
  150   2   1       2.85242650
  151   1   0       0.96126712
  152   1   0       0.95291279
  153   1   0       1.24845067
  153   2   1       2.94075032
  154   1   0       0.93840874
  155   1   0       0.93826129
  156   1   0       0.93458083
  157   1   0       1.25822716
  157   2   1       2.93212740
  158   1   0       0.94387754
  159   1   0       0.93340483
  160   1   0       0.93910524
  161   1   0       1.22254068
  161   2   1       2.88577807
  162   1   0       0.94503329
  163   1   0       0.94164257
  164   1   0       1.24233011
  164   2   1       2.88509969
  165   1   0       0.92171404
  166   1   0       0.95919580
  167   1   0       1.27246067
  167   2   1       2.83471593
  168   1   0       0.97885774
  169   1   0       0.94441972
  170   1   0       1.23615427
  170   2   1       2.85048755
  171   1   0       0.95966140
  172   1   0       0.93464584
  173   1   0       1.22406344
  173   2   1       2.87817446
  174   1   0       0.94811795
  175   1   0       0.91923992
  176   1   0       1.23696165
  176   2   1       2.87135309
  177   1   0       0.95534514
  178   1   0       0.94775422
  179   1   0       1.24355317
  179   2   1       2.89137596
  180   1   0       0.93306818
  181   1   0       0.93197688
  182   1   0       1.22847454
  182   2   1       2.87615061
  183   1   0       0.92160859
  184   1   0       0.93209725
  185   1   0       1.27225064
  185   2   1       2.92343557
  186   1   0       0.93830585
  187   1   0       0.94579021
  188   1   0       0.93004103
  189   1   0       1.25186526
  189   2   1       2.99039792
  190   1   0       0.92540889
  191   1   0       0.92658835
  192   1   0       0.94228864
  193   1   0       1.23899340
  193   2   1       2.83660933
  194   1   0       0.96407865
  195   1   0       0.93401817
  196   1   0       1.25244079
  196   2   1       2.86065824
  197   1   0       0.94009849
  198   1   0       0.96182803
  199   1   0       1.24776829
  199   2   1       2.86205124
  200   1   0       0.94405301
  201   1   0       0.96123175
  202   1   0       1.23152894
  202   2   1       2.87492232
  203   1   0       0.93833934
  204   1   0       0.94474196
  205   1   0       1.23413288
  205   2   1       2.87731321
  206   1   0       0.93863676
  207   1   0       0.94245921
  208   1   0       1.22854213
  208   2   1       2.88510314
  209   1   0       0.94667533
  210   1   0       0.94786808
  211   1   0       1.24872909
  211   2   1       2.84177449
  212   1   0       0.94971766
  213   1   0       0.96072806
  214   1   0       1.24721016
  214   2   1       2.83865070
  215   1   0       0.96527844
  216   1   0       0.93582721
  217   1   0       1.26812203
  217   2   1       2.92791411
  218   1   0       0.94904329
  219   1   0       0.93946918
  220   1   0       0.93315599
  221   1   0       1.27479138
  221   2   1       2.91994397
  222   1   0       0.94121280
  223   1   0       0.92050437
  224   1   0       0.94720482
  225   1   0       1.24402707
  225   2   1       2.84922379
  226   1   0       0.94616201
  227   1   0       0.93439272
  228   1   0       1.22313969
  228   2   1       2.86364790
  229   1   0       0.95748117
  230   1   0       0.95287443
  231   1   0       1.24050905
  231   2   1       2.85591626
  232   1   0       0.95406557
  233   1   0       0.94573340
  234   1   0       1.24265731
  234   2   1       2.87905291
  235   1   0       0.94946608
  236   1   0       0.94458103
  237   1   0       1.22988516
  237   2   1       2.85901377
  238   1   0       0.95679707
  239   1   0       0.96371471
  240   1   0       1.23314511
  240   2   1       2.87627888
  241   1   0       0.93869359
  242   1   0       0.94945505
  243   1   0       1.23773404
  243   2   1       2.85630893
  244   1   0       0.96529278
  245   1   0       0.93170586
  246   1   0       1.23475367
  246   2   1       2.84948509
  247   1   0       0.93164039
  248   1   0       0.97292071
  249   1   0       1.27334445
  249   2   1       2.94488029
  250   1   0       0.94118466
  251   1   0       0.93222120
  252   1   0       0.92329317
  253   1   0       1.26501733
  253   2   1       2.93633831
  254   1   0       0.93129840
  255   1   0       0.92967458
  256   1   0       0.95009634
  257   1   0       1.23907207
  257   2   1       2.86701288
  258   1   0       0.93067363
  259   1   0       0.94353668
  260   1   0       1.25011556
  260   2   1       2.85237418
  261   1   0       0.93455385
  262   1   0       0.96418743
  263   1   0       1.24072570
  263   2   1       2.86059721
  264   1   0       0.93063290
  265   1   0       0.95504040
  266   1   0       1.22595059
  266   2   1       2.89503130
  267   1   0       0.93462429
  268   1   0       0.94794238
  269   1   0       1.23479876
  269   2   1       2.87317341
  270   1   0       0.94952471
  271   1   0       0.93376828
  272   1   0       1.23906944
  272   2   1       2.84677782
  273   1   0       0.97057258
  274   1   0       0.93888137
  275   1   0       1.23222534
  275   2   1       2.88797395
  276   1   0       0.93908871
  277   1   0       0.95439224
  278   1   0       1.23521665
  278   2   1       2.87272282
  279   1   0       0.93796865
  280   1   0       0.94014577
  281   1   0       1.27259661
  281   2   1       2.95359942
  282   1   0       0.92598808
  283   1   0       0.93846197
  284   1   0       0.94081320
  285   1   0       1.26490951
  285   2   1       2.92271143
  286   1   0       0.94425781
  287   1   0       0.94329961
  288   1   0       0.93422195
  289   1   0       1.24164340
  289   2   1       2.88731856
  290   1   0       0.91768414
  291   1   0       0.93425743
  292   1   0       1.25180425
  292   2   1       2.87185155
  293   1   0       0.93966685
  294   1   0       0.95036116
  295   1   0       1.24271900
  295   2   1       2.86231652
  296   1   0       0.94132916
  297   1   0       0.95739801
  298   1   0       1.24002773
  298   2   1       2.85012863
  299   1   0       0.94360111
  300   1   0       0.95406590
  301   1   0       1.25067375
  301   2   1       2.85534072
  302   1   0       0.95421661
  303   1   0       0.94510073
  304   1   0       1.23610259
  304   2   1       2.87664164
  305   1   0       0.96186504
  306   1   0       0.94742160
  307   1   0       1.21763877
  307   2   1       2.86197457
  308   1   0       0.96063059
  309   1   0       0.94861145
  310   1   0       1.22297508
  310   2   1       2.86355713
  311   1   0       0.93773519
  312   1   0       0.95369278
  313   1   0       1.26316127
  313   2   1       2.95062462
  314   1   0       0.94215092
  315   1   0       0.91619607
  316   1   0       0.93539311
  317   1   0       1.26983649
  317   2   1       2.92019544
  318   1   0       0.92826785
  319   1   0       0.94968646
  320   1   0       0.94224522
  321   1   0       1.23434160
  321   2   1       2.85766473
  322   1   0       0.94467457
  323   1   0       0.94284993
  324   1   0       1.23857424
  324   2   1       2.87286609
  325   1   0       0.94561960
  326   1   0       0.95107697
  327   1   0       1.23223529
  327   2   1       2.86781722
  328   1   0       0.95453625
  329   1   0       0.94487817
  330   1   0       1.22299543
  330   2   1       2.88945218
  331   1   0       0.94692917
  332   1   0       0.93028320
  333   1   0       1.23142275
  333   2   1       2.87236063
  334   1   0       0.97865425
  335   1   0       0.92269804
  336   1   0       1.22908875
  336   2   1       2.88568103
  337   1   0       0.95731070
  338   1   0       0.93460595
  339   1   0       1.22567745
  339   2   1       2.87520929
  340   1   0       0.95186600
  341   1   0       0.93719638
  342   1   0       1.22730407
  342   2   1       2.85286443
  343   1   0       0.95665649
  344   1   0       0.95341166
  345   1   0       1.26582689
  345   2   1       2.92323033
  346   1   0       0.94395301
  347   1   0       0.93314459
  348   1   0       0.94616228
  349   1   0       1.26200979
  349   2   1       2.92694842
  350   1   0       0.93083732
  351   1   0       0.93850440
  352   1   0       0.95872188
 
Orbital populations (up)
 Atom Sh.   l   m       Population  Label
    1   1   0   0       1.22501005  s
    1   2   1  -1       0.95204960  p_y
    1   2   1   0       0.98017448  p_z
    1   2   1   1       0.93484091  p_x
    2   1   0   0       0.94514374  s
    3   1   0   0       0.95076024  s
    4   1   0   0       1.23064385  s
    4   2   1  -1       0.95775274  p_y
    4   2   1   0       0.96442792  p_z
    4   2   1   1       0.94694295  p_x
    5   1   0   0       0.95278859  s
    6   1   0   0       0.94261290  s
    7   1   0   0       1.23539261  s
    7   2   1  -1       0.98609108  p_y
    7   2   1   0       0.94721438  p_z
    7   2   1   1       0.94531329  p_x
    8   1   0   0       0.92928890  s
    9   1   0   0       0.96369431  s
   10   1   0   0       1.24932853  s
   10   2   1  -1       0.97491095  p_y
   10   2   1   0       0.95218762  p_z
   10   2   1   1       0.93932934  p_x
   11   1   0   0       0.93464319  s
   12   1   0   0       0.95979860  s
   13   1   0   0       1.24707540  s
   13   2   1  -1       0.96851605  p_y
   13   2   1   0       0.96278636  p_z
   13   2   1   1       0.93393645  p_x
   14   1   0   0       0.94233162  s
   15   1   0   0       0.93754349  s
   16   1   0   0       1.23258622  s
   16   2   1  -1       0.96923172  p_y
   16   2   1   0       0.93664555  p_z
   16   2   1   1       0.96843811  p_x
   17   1   0   0       0.96209599  s
   18   1   0   0       0.94025132  s
   19   1   0   0       1.22406965  s
   19   2   1  -1       0.94618979  p_y
   19   2   1   0       0.94510249  p_z
   19   2   1   1       0.99444323  p_x
   20   1   0   0       0.93478543  s
   21   1   0   0       0.95591179  s
   22   1   0   0       1.22170323  s
   22   2   1  -1       0.96977194  p_y
   22   2   1   0       0.94383975  p_z
   22   2   1   1       0.95964249  p_x
   23   1   0   0       0.94335571  s
   24   1   0   0       0.94553371  s
   25   1   0   0       1.27257398  s
   25   2   1  -1       0.98178018  p_y
   25   2   1   0       0.98163286  p_z
   25   2   1   1       0.96523854  p_x
   26   1   0   0       0.92667041  s
   27   1   0   0       0.93860159  s
   28   1   0   0       0.93841401  s
   29   1   0   0       1.27822302  s
   29   2   1  -1       0.97859449  p_y
   29   2   1   0       0.96527967  p_z
   29   2   1   1       0.98018018  p_x
   30   1   0   0       0.93406932  s
   31   1   0   0       0.92743839  s
   32   1   0   0       0.94557002  s
   33   1   0   0       1.23965696  s
   33   2   1  -1       0.94335638  p_y
   33   2   1   0       0.94545525  p_z
   33   2   1   1       0.98747118  p_x
   34   1   0   0       0.93965684  s
   35   1   0   0       0.93700772  s
   36   1   0   0       1.24494430  s
   36   2   1  -1       0.95850459  p_y
   36   2   1   0       0.96651584  p_z
   36   2   1   1       0.93530880  p_x
   37   1   0   0       0.94599388  s
   38   1   0   0       0.94938963  s
   39   1   0   0       1.23189646  s
   39   2   1  -1       0.98495693  p_y
   39   2   1   0       0.95199232  p_z
   39   2   1   1       0.93652212  p_x
   40   1   0   0       0.93958344  s
   41   1   0   0       0.94171504  s
   42   1   0   0       1.26118208  s
   42   2   1  -1       0.95436134  p_y
   42   2   1   0       0.98680167  p_z
   42   2   1   1       0.91842878  p_x
   43   1   0   0       0.95248949  s
   44   1   0   0       0.94897928  s
   45   1   0   0       1.26032609  s
   45   2   1  -1       0.96374316  p_y
   45   2   1   0       0.96063952  p_z
   45   2   1   1       0.92314742  p_x
   46   1   0   0       0.94190880  s
   47   1   0   0       0.95297495  s
   48   1   0   0       1.22361908  s
   48   2   1  -1       0.97090514  p_y
   48   2   1   0       0.92242198  p_z
   48   2   1   1       0.98164256  p_x
   49   1   0   0       0.94298274  s
   50   1   0   0       0.95292100  s
   51   1   0   0       1.21936239  s
   51   2   1  -1       0.95573921  p_y
   51   2   1   0       0.93924762  p_z
   51   2   1   1       1.00614957  p_x
   52   1   0   0       0.93729269  s
   53   1   0   0       0.93637547  s
   54   1   0   0       1.23329004  s
   54   2   1  -1       0.94749733  p_y
   54   2   1   0       0.99469521  p_z
   54   2   1   1       0.92626844  p_x
   55   1   0   0       0.93777054  s
   56   1   0   0       0.95303224  s
   57   1   0   0       1.28528093  s
   57   2   1  -1       0.96204548  p_y
   57   2   1   0       0.98102928  p_z
   57   2   1   1       0.96951207  p_x
   58   1   0   0       0.93934920  s
   59   1   0   0       0.94835510  s
   60   1   0   0       0.92573353  s
   61   1   0   0       1.26897197  s
   61   2   1  -1       0.97754119  p_y
   61   2   1   0       0.99751242  p_z
   61   2   1   1       0.96133044  p_x
   62   1   0   0       0.92692632  s
   63   1   0   0       0.93307312  s
   64   1   0   0       0.93719567  s
   65   1   0   0       1.24115645  s
   65   2   1  -1       0.95455970  p_y
   65   2   1   0       0.94455321  p_z
   65   2   1   1       0.94445419  p_x
   66   1   0   0       0.94145468  s
   67   1   0   0       0.95185827  s
   68   1   0   0       1.25314417  s
   68   2   1  -1       0.94122632  p_y
   68   2   1   0       0.95501381  p_z
   68   2   1   1       0.95320785  p_x
   69   1   0   0       0.95221473  s
   70   1   0   0       0.96496269  s
   71   1   0   0       1.24664446  s
   71   2   1  -1       0.95467405  p_y
   71   2   1   0       0.93154553  p_z
   71   2   1   1       0.96517780  p_x
   72   1   0   0       0.95714350  s
   73   1   0   0       0.94313630  s
   74   1   0   0       1.22983503  s
   74   2   1  -1       0.98296043  p_y
   74   2   1   0       0.93057077  p_z
   74   2   1   1       0.95876172  p_x
   75   1   0   0       0.94938500  s
   76   1   0   0       0.93005066  s
   77   1   0   0       1.22018785  s
   77   2   1  -1       0.98705281  p_y
   77   2   1   0       0.93078191  p_z
   77   2   1   1       0.97253397  p_x
   78   1   0   0       0.94763651  s
   79   1   0   0       0.93130999  s
   80   1   0   0       1.21560997  s
   80   2   1  -1       0.95673213  p_y
   80   2   1   0       0.93658959  p_z
   80   2   1   1       0.97241885  p_x
   81   1   0   0       0.96399440  s
   82   1   0   0       0.95808916  s
   83   1   0   0       1.23983041  s
   83   2   1  -1       0.95923650  p_y
   83   2   1   0       0.92864117  p_z
   83   2   1   1       0.96472605  p_x
   84   1   0   0       0.97289668  s
   85   1   0   0       0.94293194  s
   86   1   0   0       1.23673149  s
   86   2   1  -1       0.94875290  p_y
   86   2   1   0       0.95470001  p_z
   86   2   1   1       0.94361814  p_x
   87   1   0   0       0.96660731  s
   88   1   0   0       0.94940183  s
   89   1   0   0       1.27291891  s
   89   2   1  -1       0.97942105  p_y
   89   2   1   0       0.98296193  p_z
   89   2   1   1       0.95800768  p_x
   90   1   0   0       0.94970652  s
   91   1   0   0       0.93849042  s
   92   1   0   0       0.93387759  s
   93   1   0   0       1.26680063  s
   93   2   1  -1       0.95156367  p_y
   93   2   1   0       0.97881806  p_z
   93   2   1   1       0.99213501  p_x
   94   1   0   0       0.94269938  s
   95   1   0   0       0.94899519  s
   96   1   0   0       0.92856983  s
   97   1   0   0       1.22198784  s
   97   2   1  -1       0.94662314  p_y
   97   2   1   0       0.95796298  p_z
   97   2   1   1       0.96643921  p_x
   98   1   0   0       0.94979033  s
   99   1   0   0       0.93998807  s
  100   1   0   0       1.23560318  s
  100   2   1  -1       0.94870085  p_y
  100   2   1   0       0.97131603  p_z
  100   2   1   1       0.95090454  p_x
  101   1   0   0       0.93972411  s
  102   1   0   0       0.95085156  s
  103   1   0   0       1.23628880  s
  103   2   1  -1       0.98180920  p_y
  103   2   1   0       0.93977197  p_z
  103   2   1   1       0.93826143  p_x
  104   1   0   0       0.94824910  s
  105   1   0   0       0.94362891  s
  106   1   0   0       1.23218016  s
  106   2   1  -1       0.98168096  p_y
  106   2   1   0       0.94526011  p_z
  106   2   1   1       0.95724671  p_x
  107   1   0   0       0.93782263  s
  108   1   0   0       0.94712794  s
  109   1   0   0       1.22944216  s
  109   2   1  -1       0.98578855  p_y
  109   2   1   0       0.95094662  p_z
  109   2   1   1       0.95287873  p_x
  110   1   0   0       0.94131403  s
  111   1   0   0       0.93529845  s
  112   1   0   0       1.23204747  s
  112   2   1  -1       0.96190931  p_y
  112   2   1   0       0.95544828  p_z
  112   2   1   1       0.95707213  p_x
  113   1   0   0       0.95774626  s
  114   1   0   0       0.94408634  s
  115   1   0   0       1.23039845  s
  115   2   1  -1       0.93925978  p_y
  115   2   1   0       0.96524678  p_z
  115   2   1   1       0.96285828  p_x
  116   1   0   0       0.94469069  s
  117   1   0   0       0.96205055  s
  118   1   0   0       1.20840939  s
  118   2   1  -1       0.93822133  p_y
  118   2   1   0       0.96096653  p_z
  118   2   1   1       0.97793709  p_x
  119   1   0   0       0.93680150  s
  120   1   0   0       0.95409795  s
  121   1   0   0       1.26375609  s
  121   2   1  -1       0.97947113  p_y
  121   2   1   0       0.96095963  p_z
  121   2   1   1       0.98975568  p_x
  122   1   0   0       0.94582112  s
  123   1   0   0       0.93065462  s
  124   1   0   0       0.95890268  s
  125   1   0   0       1.24137991  s
  125   2   1  -1       0.98302103  p_y
  125   2   1   0       0.98554018  p_z
  125   2   1   1       0.99873814  p_x
  126   1   0   0       0.92563518  s
  127   1   0   0       0.94195987  s
  128   1   0   0       0.94020949  s
  129   1   0   0       1.21147258  s
  129   2   1  -1       0.97957488  p_y
  129   2   1   0       0.95002877  p_z
  129   2   1   1       0.93195592  p_x
  130   1   0   0       0.94614741  s
  131   1   0   0       0.96223968  s
  132   1   0   0       1.24154143  s
  132   2   1  -1       0.98666464  p_y
  132   2   1   0       0.94817473  p_z
  132   2   1   1       0.92381276  p_x
  133   1   0   0       0.95564613  s
  134   1   0   0       0.95352137  s
  135   1   0   0       1.24315568  s
  135   2   1  -1       0.98068992  p_y
  135   2   1   0       0.94850205  p_z
  135   2   1   1       0.92819380  p_x
  136   1   0   0       0.94296829  s
  137   1   0   0       0.95351272  s
  138   1   0   0       1.23408112  s
  138   2   1  -1       0.96319764  p_y
  138   2   1   0       0.94535334  p_z
  138   2   1   1       0.94415713  p_x
  139   1   0   0       0.95914323  s
  140   1   0   0       0.96960489  s
  141   1   0   0       1.24087529  s
  141   2   1  -1       0.94881858  p_y
  141   2   1   0       0.98726483  p_z
  141   2   1   1       0.93269690  p_x
  142   1   0   0       0.93847041  s
  143   1   0   0       0.96085955  s
  144   1   0   0       1.23595227  s
  144   2   1  -1       0.95212236  p_y
  144   2   1   0       0.97243665  p_z
  144   2   1   1       0.91850228  p_x
  145   1   0   0       0.94935814  s
  146   1   0   0       0.94468036  s
  147   1   0   0       1.24482861  s
  147   2   1  -1       0.94157335  p_y
  147   2   1   0       0.95998808  p_z
  147   2   1   1       0.93127994  p_x
  148   1   0   0       0.95212710  s
  149   1   0   0       0.97417914  s
  150   1   0   0       1.23647966  s
  150   2   1  -1       0.94622649  p_y
  150   2   1   0       0.93365241  p_z
  150   2   1   1       0.97254760  p_x
  151   1   0   0       0.96126712  s
  152   1   0   0       0.95291279  s
  153   1   0   0       1.24845067  s
  153   2   1  -1       0.98996290  p_y
  153   2   1   0       0.98779716  p_z
  153   2   1   1       0.96299025  p_x
  154   1   0   0       0.93840874  s
  155   1   0   0       0.93826129  s
  156   1   0   0       0.93458083  s
  157   1   0   0       1.25822716  s
  157   2   1  -1       0.96122562  p_y
  157   2   1   0       0.96300440  p_z
  157   2   1   1       1.00789738  p_x
  158   1   0   0       0.94387754  s
  159   1   0   0       0.93340483  s
  160   1   0   0       0.93910524  s
  161   1   0   0       1.22254068  s
  161   2   1  -1       0.97626867  p_y
  161   2   1   0       0.99035693  p_z
  161   2   1   1       0.91915247  p_x
  162   1   0   0       0.94503329  s
  163   1   0   0       0.94164257  s
  164   1   0   0       1.24233011  s
  164   2   1  -1       0.97262169  p_y
  164   2   1   0       0.99007199  p_z
  164   2   1   1       0.92240601  p_x
  165   1   0   0       0.92171404  s
  166   1   0   0       0.95919580  s
  167   1   0   0       1.27246067  s
  167   2   1  -1       0.95061523  p_y
  167   2   1   0       0.91688106  p_z
  167   2   1   1       0.96721964  p_x
  168   1   0   0       0.97885774  s
  169   1   0   0       0.94441972  s
  170   1   0   0       1.23615427  s
  170   2   1  -1       0.95265857  p_y
  170   2   1   0       0.93349551  p_z
  170   2   1   1       0.96433347  p_x
  171   1   0   0       0.95966140  s
  172   1   0   0       0.93464584  s
  173   1   0   0       1.22406344  s
  173   2   1  -1       0.96479025  p_y
  173   2   1   0       0.92700748  p_z
  173   2   1   1       0.98637672  p_x
  174   1   0   0       0.94811795  s
  175   1   0   0       0.91923992  s
  176   1   0   0       1.23696165  s
  176   2   1  -1       0.99106675  p_y
  176   2   1   0       0.93191079  p_z
  176   2   1   1       0.94837555  p_x
  177   1   0   0       0.95534514  s
  178   1   0   0       0.94775422  s
  179   1   0   0       1.24355317  s
  179   2   1  -1       0.93411144  p_y
  179   2   1   0       0.97379867  p_z
  179   2   1   1       0.98346585  p_x
  180   1   0   0       0.93306818  s
  181   1   0   0       0.93197688  s
  182   1   0   0       1.22847454  s
  182   2   1  -1       0.93017007  p_y
  182   2   1   0       0.97105817  p_z
  182   2   1   1       0.97492237  p_x
  183   1   0   0       0.92160859  s
  184   1   0   0       0.93209725  s
  185   1   0   0       1.27225064  s
  185   2   1  -1       0.97575954  p_y
  185   2   1   0       0.95376240  p_z
  185   2   1   1       0.99391363  p_x
  186   1   0   0       0.93830585  s
  187   1   0   0       0.94579021  s
  188   1   0   0       0.93004103  s
  189   1   0   0       1.25186526  s
  189   2   1  -1       1.00821116  p_y
  189   2   1   0       0.97184442  p_z
  189   2   1   1       1.01034234  p_x
  190   1   0   0       0.92540889  s
  191   1   0   0       0.92658835  s
  192   1   0   0       0.94228864  s
  193   1   0   0       1.23899340  s
  193   2   1  -1       0.94684700  p_y
  193   2   1   0       0.94850133  p_z
  193   2   1   1       0.94126099  p_x
  194   1   0   0       0.96407865  s
  195   1   0   0       0.93401817  s
  196   1   0   0       1.25244079  s
  196   2   1  -1       0.97913663  p_y
  196   2   1   0       0.95414547  p_z
  196   2   1   1       0.92737613  p_x
  197   1   0   0       0.94009849  s
  198   1   0   0       0.96182803  s
  199   1   0   0       1.24776829  s
  199   2   1  -1       0.96607788  p_y
  199   2   1   0       0.97183020  p_z
  199   2   1   1       0.92414316  p_x
  200   1   0   0       0.94405301  s
  201   1   0   0       0.96123175  s
  202   1   0   0       1.23152894  s
  202   2   1  -1       0.95193125  p_y
  202   2   1   0       0.98312965  p_z
  202   2   1   1       0.93986142  p_x
  203   1   0   0       0.93833934  s
  204   1   0   0       0.94474196  s
  205   1   0   0       1.23413288  s
  205   2   1  -1       0.95781513  p_y
  205   2   1   0       0.96721822  p_z
  205   2   1   1       0.95227987  p_x
  206   1   0   0       0.93863676  s
  207   1   0   0       0.94245921  s
  208   1   0   0       1.22854213  s
  208   2   1  -1       0.95949995  p_y
  208   2   1   0       0.96635150  p_z
  208   2   1   1       0.95925169  p_x
  209   1   0   0       0.94667533  s
  210   1   0   0       0.94786808  s
  211   1   0   0       1.24872909  s
  211   2   1  -1       0.94603813  p_y
  211   2   1   0       0.94429220  p_z
  211   2   1   1       0.95144416  p_x
  212   1   0   0       0.94971766  s
  213   1   0   0       0.96072806  s
  214   1   0   0       1.24721016  s
  214   2   1  -1       0.93147662  p_y
  214   2   1   0       0.95900976  p_z
  214   2   1   1       0.94816432  p_x
  215   1   0   0       0.96527844  s
  216   1   0   0       0.93582721  s
  217   1   0   0       1.26812203  s
  217   2   1  -1       0.99245481  p_y
  217   2   1   0       0.96162500  p_z
  217   2   1   1       0.97383430  p_x
  218   1   0   0       0.94904329  s
  219   1   0   0       0.93946918  s
  220   1   0   0       0.93315599  s
  221   1   0   0       1.27479138  s
  221   2   1  -1       0.95582182  p_y
  221   2   1   0       0.97554082  p_z
  221   2   1   1       0.98858133  p_x
  222   1   0   0       0.94121280  s
  223   1   0   0       0.92050437  s
  224   1   0   0       0.94720482  s
  225   1   0   0       1.24402707  s
  225   2   1  -1       0.95450360  p_y
  225   2   1   0       0.95124800  p_z
  225   2   1   1       0.94347219  p_x
  226   1   0   0       0.94616201  s
  227   1   0   0       0.93439272  s
  228   1   0   0       1.22313969  s
  228   2   1  -1       0.97518260  p_y
  228   2   1   0       0.95225735  p_z
  228   2   1   1       0.93620795  p_x
  229   1   0   0       0.95748117  s
  230   1   0   0       0.95287443  s
  231   1   0   0       1.24050905  s
  231   2   1  -1       0.96639927  p_y
  231   2   1   0       0.93741618  p_z
  231   2   1   1       0.95210081  p_x
  232   1   0   0       0.95406557  s
  233   1   0   0       0.94573340  s
  234   1   0   0       1.24265731  s
  234   2   1  -1       0.94327333  p_y
  234   2   1   0       0.94257915  p_z
  234   2   1   1       0.99320042  p_x
  235   1   0   0       0.94946608  s
  236   1   0   0       0.94458103  s
  237   1   0   0       1.22988516  s
  237   2   1  -1       0.95383869  p_y
  237   2   1   0       0.93291549  p_z
  237   2   1   1       0.97225959  p_x
  238   1   0   0       0.95679707  s
  239   1   0   0       0.96371471  s
  240   1   0   0       1.23314511  s
  240   2   1  -1       0.95332215  p_y
  240   2   1   0       0.93191398  p_z
  240   2   1   1       0.99104275  p_x
  241   1   0   0       0.93869359  s
  242   1   0   0       0.94945505  s
  243   1   0   0       1.23773404  s
  243   2   1  -1       0.97213481  p_y
  243   2   1   0       0.93171042  p_z
  243   2   1   1       0.95246370  p_x
  244   1   0   0       0.96529278  s
  245   1   0   0       0.93170586  s
  246   1   0   0       1.23475367  s
  246   2   1  -1       0.98131069  p_y
  246   2   1   0       0.94600450  p_z
  246   2   1   1       0.92216990  p_x
  247   1   0   0       0.93164039  s
  248   1   0   0       0.97292071  s
  249   1   0   0       1.27334445  s
  249   2   1  -1       0.98083652  p_y
  249   2   1   0       0.96677092  p_z
  249   2   1   1       0.99727285  p_x
  250   1   0   0       0.94118466  s
  251   1   0   0       0.93222120  s
  252   1   0   0       0.92329317  s
  253   1   0   0       1.26501733  s
  253   2   1  -1       0.96200971  p_y
  253   2   1   0       0.98287142  p_z
  253   2   1   1       0.99145719  p_x
  254   1   0   0       0.93129840  s
  255   1   0   0       0.92967458  s
  256   1   0   0       0.95009634  s
  257   1   0   0       1.23907207  s
  257   2   1  -1       0.96918153  p_y
  257   2   1   0       0.96040776  p_z
  257   2   1   1       0.93742359  p_x
  258   1   0   0       0.93067363  s
  259   1   0   0       0.94353668  s
  260   1   0   0       1.25011556  s
  260   2   1  -1       0.95553403  p_y
  260   2   1   0       0.94981380  p_z
  260   2   1   1       0.94702635  p_x
  261   1   0   0       0.93455385  s
  262   1   0   0       0.96418743  s
  263   1   0   0       1.24072570  s
  263   2   1  -1       0.94270726  p_y
  263   2   1   0       0.97656733  p_z
  263   2   1   1       0.94132263  p_x
  264   1   0   0       0.93063290  s
  265   1   0   0       0.95504040  s
  266   1   0   0       1.22595059  s
  266   2   1  -1       0.99940007  p_y
  266   2   1   0       0.93077221  p_z
  266   2   1   1       0.96485903  p_x
  267   1   0   0       0.93462429  s
  268   1   0   0       0.94794238  s
  269   1   0   0       1.23479876  s
  269   2   1  -1       0.95690522  p_y
  269   2   1   0       0.93045297  p_z
  269   2   1   1       0.98581522  p_x
  270   1   0   0       0.94952471  s
  271   1   0   0       0.93376828  s
  272   1   0   0       1.23906944  s
  272   2   1  -1       0.94627739  p_y
  272   2   1   0       0.92589802  p_z
  272   2   1   1       0.97460241  p_x
  273   1   0   0       0.97057258  s
  274   1   0   0       0.93888137  s
  275   1   0   0       1.23222534  s
  275   2   1  -1       0.97427497  p_y
  275   2   1   0       0.93915292  p_z
  275   2   1   1       0.97454606  p_x
  276   1   0   0       0.93908871  s
  277   1   0   0       0.95439224  s
  278   1   0   0       1.23521665  s
  278   2   1  -1       0.91992891  p_y
  278   2   1   0       0.98399916  p_z
  278   2   1   1       0.96879475  p_x
  279   1   0   0       0.93796865  s
  280   1   0   0       0.94014577  s
  281   1   0   0       1.27259661  s
  281   2   1  -1       0.99047573  p_y
  281   2   1   0       0.98293612  p_z
  281   2   1   1       0.98018757  p_x
  282   1   0   0       0.92598808  s
  283   1   0   0       0.93846197  s
  284   1   0   0       0.94081320  s
  285   1   0   0       1.26490951  s
  285   2   1  -1       0.94986601  p_y
  285   2   1   0       0.99966326  p_z
  285   2   1   1       0.97318216  p_x
  286   1   0   0       0.94425781  s
  287   1   0   0       0.94329961  s
  288   1   0   0       0.93422195  s
  289   1   0   0       1.24164340  s
  289   2   1  -1       1.00194261  p_y
  289   2   1   0       0.92853054  p_z
  289   2   1   1       0.95684542  p_x
  290   1   0   0       0.91768414  s
  291   1   0   0       0.93425743  s
  292   1   0   0       1.25180425  s
  292   2   1  -1       0.95169706  p_y
  292   2   1   0       0.92914928  p_z
  292   2   1   1       0.99100521  p_x
  293   1   0   0       0.93966685  s
  294   1   0   0       0.95036116  s
  295   1   0   0       1.24271900  s
  295   2   1  -1       0.94205152  p_y
  295   2   1   0       0.93201365  p_z
  295   2   1   1       0.98825135  p_x
  296   1   0   0       0.94132916  s
  297   1   0   0       0.95739801  s
  298   1   0   0       1.24002773  s
  298   2   1  -1       0.96068356  p_y
  298   2   1   0       0.92365359  p_z
  298   2   1   1       0.96579149  p_x
  299   1   0   0       0.94360111  s
  300   1   0   0       0.95406590  s
  301   1   0   0       1.25067375  s
  301   2   1  -1       0.96314823  p_y
  301   2   1   0       0.94057108  p_z
  301   2   1   1       0.95162141  p_x
  302   1   0   0       0.95421661  s
  303   1   0   0       0.94510073  s
  304   1   0   0       1.23610259  s
  304   2   1  -1       0.96758730  p_y
  304   2   1   0       0.93030077  p_z
  304   2   1   1       0.97875356  p_x
  305   1   0   0       0.96186504  s
  306   1   0   0       0.94742160  s
  307   1   0   0       1.21763877  s
  307   2   1  -1       0.97592403  p_y
  307   2   1   0       0.95307512  p_z
  307   2   1   1       0.93297542  p_x
  308   1   0   0       0.96063059  s
  309   1   0   0       0.94861145  s
  310   1   0   0       1.22297508  s
  310   2   1  -1       0.94103806  p_y
  310   2   1   0       0.98519343  p_z
  310   2   1   1       0.93732563  p_x
  311   1   0   0       0.93773519  s
  312   1   0   0       0.95369278  s
  313   1   0   0       1.26316127  s
  313   2   1  -1       1.00515095  p_y
  313   2   1   0       0.98201746  p_z
  313   2   1   1       0.96345622  p_x
  314   1   0   0       0.94215092  s
  315   1   0   0       0.91619607  s
  316   1   0   0       0.93539311  s
  317   1   0   0       1.26983649  s
  317   2   1  -1       0.96713896  p_y
  317   2   1   0       0.97720157  p_z
  317   2   1   1       0.97585492  p_x
  318   1   0   0       0.92826785  s
  319   1   0   0       0.94968646  s
  320   1   0   0       0.94224522  s
  321   1   0   0       1.23434160  s
  321   2   1  -1       0.95332897  p_y
  321   2   1   0       0.96132132  p_z
  321   2   1   1       0.94301444  p_x
  322   1   0   0       0.94467457  s
  323   1   0   0       0.94284993  s
  324   1   0   0       1.23857424  s
  324   2   1  -1       0.93464373  p_y
  324   2   1   0       0.95109898  p_z
  324   2   1   1       0.98712338  p_x
  325   1   0   0       0.94561960  s
  326   1   0   0       0.95107697  s
  327   1   0   0       1.23223529  s
  327   2   1  -1       0.94248872  p_y
  327   2   1   0       0.94723304  p_z
  327   2   1   1       0.97809547  p_x
  328   1   0   0       0.95453625  s
  329   1   0   0       0.94487817  s
  330   1   0   0       1.22299543  s
  330   2   1  -1       0.94506855  p_y
  330   2   1   0       0.94883553  p_z
  330   2   1   1       0.99554810  p_x
  331   1   0   0       0.94692917  s
  332   1   0   0       0.93028320  s
  333   1   0   0       1.23142275  s
  333   2   1  -1       0.92012242  p_y
  333   2   1   0       0.96832779  p_z
  333   2   1   1       0.98391042  p_x
  334   1   0   0       0.97865425  s
  335   1   0   0       0.92269804  s
  336   1   0   0       1.22908875  s
  336   2   1  -1       0.91465439  p_y
  336   2   1   0       0.98996491  p_z
  336   2   1   1       0.98106174  p_x
  337   1   0   0       0.95731070  s
  338   1   0   0       0.93460595  s
  339   1   0   0       1.22567745  s
  339   2   1  -1       0.96313279  p_y
  339   2   1   0       0.94407403  p_z
  339   2   1   1       0.96800247  p_x
  340   1   0   0       0.95186600  s
  341   1   0   0       0.93719638  s
  342   1   0   0       1.22730407  s
  342   2   1  -1       0.95654055  p_y
  342   2   1   0       0.94951843  p_z
  342   2   1   1       0.94680544  p_x
  343   1   0   0       0.95665649  s
  344   1   0   0       0.95341166  s
  345   1   0   0       1.26582689  s
  345   2   1  -1       0.99160470  p_y
  345   2   1   0       0.97169576  p_z
  345   2   1   1       0.95992987  p_x
  346   1   0   0       0.94395301  s
  347   1   0   0       0.93314459  s
  348   1   0   0       0.94616228  s
  349   1   0   0       1.26200979  s
  349   2   1  -1       0.99085501  p_y
  349   2   1   0       0.98864322  p_z
  349   2   1   1       0.94745019  p_x
  350   1   0   0       0.93083732  s
  351   1   0   0       0.93850440  s
  352   1   0   0       0.95872188  s
 
Fermi level:                        -0.0687327776 H           -1.8703 eV
Band energy:                      -278.4465261335 H        -7576.9155 eV
TS:                                  0.0000000000 H            0.0000 eV
Band free energy (E-TS):          -278.4465261335 H        -7576.9155 eV
Extrapolated E(0K):               -278.4465261335 H        -7576.9155 eV
Input / Output electrons (q):    682.0000000000    682.0000000000
 
Energy H0:                        -283.0256634140 H        -7701.5202 eV
Energy SCC:                          0.0723173136 H            1.9679 eV
Total Electronic energy:          -282.9533461003 H        -7699.5523 eV
Repulsive energy:                    4.6703688029 H          127.0872 eV
Dispersion energy:                   1.1302341220 H           30.7552 eV
Total energy:                     -277.1527431754 H        -7541.7099 eV
Extrapolated to 0:                -277.1527431754 H        -7541.7099 eV
Total Mermin free energy:         -277.1527431754 H        -7541.7099 eV
Force related energy:             -277.1527431754 H        -7541.7099 eV
 
SCC converged
 
Full geometry written in geo_end.{xyz|gen}
 
MD Kinetic Energy:                   0.6909038554 H
Total MD Energy:                  -276.4618393201 H
Pressure:                            0.105077E-04 au     0.309147E+09 Pa
MD Temperature:                      0.0013122580 H          414.3778 K
MD Kinetic Energy:                   0.6909038554 H
Total MD Energy:                  -276.4618393201 H        -7522.9094 eV
MD Temperature:                      0.0013122580 H          414.3778 K
 
Molecular dynamics completed
 
