 Fermi distribution function
 
MD step: 100000
 

********************************************************************************
 iSCC Total electronic   Diff electronic      SCC error    
    7   -0.28170275E+03    0.79580786E-12    0.27837436E-06
********************************************************************************
 
Coordinates of moved atoms (au):
    1     82.28644624     52.74254998     76.43394380
    2     81.97476421     53.39069247     74.40203386
    3     82.31148184     50.87326592     76.35116844
    4     84.91834930     82.33056859     77.76234727
    5     85.47703453     80.87392179     79.56446919
    6     56.19902040     84.37321099     78.20127042
    7     86.97574475     81.70930227     75.72189904
    8     57.72511786     82.59889556     73.68675047
    9     86.71662639     79.55396267     75.05200508
   10     60.75750450     81.55926841     76.75718188
   11     61.51304927     83.40666848     76.84908414
   12     61.70204726     80.59012365     75.05887979
   13     90.39997558     80.04392653     79.04625276
   14     92.61005578     80.25277663     79.01669718
   15     89.71015017     78.08769265     79.08422116
   16     60.86859823     81.09496438     81.74099510
   17     59.38638254     82.56127450     81.72515131
   18     62.49711700     82.28185635     82.19206176
   19     89.41875014     79.16584805     83.96503341
   20     89.83585072     80.20429874     85.74450727
   21     90.49628242     77.15300798     83.66446043
   22     86.41635866     78.23100836     84.16436469
   23     57.24332695     77.22396675     86.01521020
   24     57.05880256     76.92077697     82.61174074
   25     80.15625281     53.89808198     77.98289140
   26     61.92549383     68.55972158     61.14443559
   27     76.73398522     55.05411662     80.43165778
   28     61.96173324     67.50695066     75.46647736
   29     84.34816884     80.29599418     84.21600665
   30     82.36768139     79.72557089     84.38620079
   31     85.24148479     81.28157572     85.75143025
   32     84.39315537     81.64440515     82.64635925
   33     37.36349089     52.86291007     70.91388349
   34     38.49767469     53.00882039     69.25222255
   35     37.45922680     50.80667961     71.36796522
   36     38.81964164     54.18845855     73.08362537
   37     38.38013907     53.26382029     74.96585608
   38     38.63187014     56.22688956     73.46504976
   39     41.75222642     53.72954912     72.74119943
   40     41.72519107     51.84010472     71.81579336
   41     42.78300042     53.40755994     74.49772783
   42     42.97860362     55.86986782     71.28233597
   43     72.16020058     57.56654489     72.79197944
   44     41.70772901     56.19919214     69.43766886
   45     45.48486162     55.00038955     70.15471323
   46     46.34246281     56.57099696     69.02680523
   47     73.93170955     53.22247160     69.01359072
   48     76.57140150     54.18270356     71.83880496
   49     76.27061778     52.35437166     72.55429754
   50     76.80780741     55.02896770     73.87282415
   51     50.08224453     54.54051264     70.44840154
   52     51.81118500     54.99468689     71.61807710
   53     49.54323201     56.13968552     69.28929383
   54     79.96638117     52.71803214     97.30001131
   55     81.33045841     53.98310776     96.11193131
   56     78.38312664     52.43433109     95.88090022
   57     34.82735443     54.11536647     70.45309790
   58     34.09177694     53.94081254     68.58199893
   59     33.29530813     53.25590685     71.43074051
   60     34.61765503     55.98914117     71.40667435
   61     52.67447928     50.48095681     98.02287936
   62     53.25522241     49.57009455     96.21697533
   63     54.30448381     50.87656592     99.30479806
   64     51.38200528     48.98108751     98.59619607
   65     63.89608122     89.93426733     63.05235582
   66     61.87706525     89.98793656     62.41103148
   67     63.83541714     90.99043992     64.96932303
   68     64.82400121     87.33710708     63.29063837
   69     66.24552581     87.49884889     64.82171495
   70     66.37623625     87.33469841     61.83949319
   71     63.15239922     84.93610646     63.42012187
   72     62.00502346     84.74651214     61.78806189
   73     61.76146329     84.35125075     65.11945525
   74     65.44673369     53.84528456     63.47045159
   75     66.14257856     53.49055952     65.38732583
   76     67.51570595     54.48354340     62.97514489
   77     64.62999887     51.43777540     62.22810571
   78     62.45389336     80.16606768     62.58515419
   79     65.27224496     78.78977828     63.60525084
   80     65.21195408     50.95733742     59.21007608
   81     65.06607199     52.71973493     58.16436798
   82     63.70552207     49.59616940     58.49965673
   83     67.86286608     49.95723053     58.96806290
   84     68.38702371     47.74363335     59.58784984
   85     69.10746993     51.17391140     60.18986970
   86     68.80194497     50.33048534     56.22950618
   87     68.45067997     52.15453820     55.51774904
   88     67.38340817     49.35503083     54.90131639
   89     65.53710641     91.41938775     61.08957089
   90     64.73626713     93.54097875     61.18208761
   91     67.54259553     91.62904709     61.52140269
   92     65.56293405     90.49265054     59.32900603
   93     71.39995169     49.74147990     55.29418347
   94     72.67521829     51.20805241     55.91046251
   95     71.78970221     47.76613798     55.66399846
   96     71.55650663     49.79927290     53.15520538
   97     53.73531103     56.27171629     90.20981759
   98     52.67120425     56.86753997     91.86731771
   99     52.42061948     55.95869786     88.51684991
  100     55.68896212     58.22330977     89.29801813
  101     57.02022636     58.40139653     91.13887769
  102     54.50860236     59.95319706     89.26647348
  103     57.28549813     57.66930580     86.96046617
  104     56.11237604     57.36975937     85.03723297
  105     58.42249279     55.83238507     87.32102391
  106     59.26002088     59.67932014     57.43042778
  107     83.49204911     76.38675878     62.43319272
  108     60.17421200     60.59318096     59.18883490
  109     60.48708634     60.66070242     55.39792037
  110     62.05627955     61.68685369     56.18247747
  111     64.76950095    131.50670609     62.10113867
  112     59.81656953     61.42601497     52.70321894
  113     59.22227926     59.70714032     51.82220080
  114     61.65734579     62.04003525     51.91894778
  115     58.32961713     63.84128125     52.78466633
  116     59.68247372     65.58460802     52.66308800
  117     56.85343258     63.79304269     54.42042446
  118     56.50618235     64.08940065     50.49420097
  119     55.82565238     66.21073084     50.61568150
  120     54.58226262     62.95013551     50.67138568
  121     54.77199324     53.83208616     90.90548059
  122     56.51974704     53.90216030     92.21941184
  123     53.61905560     52.77448841     92.18416526
  124     55.15433326     52.33109660     89.46319725
  125     57.36033566     63.42652708     47.74675723
  126     55.93947215     63.54760145     46.24446298
  127     59.09492270     64.61330882     47.31142969
  128     58.10776465     61.43764670     47.60395406
  129     60.37537198    103.57002418     40.62785936
  130     59.89004029    102.92467891     42.62044846
  131     62.37418700    103.03845022     41.06561553
  132     59.77234388    101.76850963     38.45896220
  133     60.86886194    102.57985283     36.71931449
  134     57.92865542    101.59324141     37.71109013
  135     61.04733372     99.08790819     38.48209796
  136     63.04574526     99.35582217     38.19862731
  137     60.45608932     98.14184926     36.99281768
  138     60.41402543     97.68027097     40.95097527
  139     58.19629055     97.88454636     41.27938207
  140     61.50010863     98.63714280     42.67922985
  141     60.96422935     94.84522222     40.64977963
  142     61.35967526     94.00371998     42.55091940
  143     62.80788429     94.71800578     39.73759638
  144     58.96798591     93.23850716     39.52687380
  145     58.64693558     92.92091114     37.55483533
  146     56.80508494     94.05560344     40.16298967
  147     58.73612330     90.67063488     40.80100897
  148     59.26985642     90.91253825     42.79340807
  149     60.04875269     89.09279158     39.98050179
  150     56.08526544     89.74364200     40.53078259
  151     56.45206639     87.63889248     40.53416863
  152     55.15018005     90.25746201     38.80041313
  153     60.27589181    106.17633521     39.96321158
  154     61.33545504     77.62523981     38.34935351
  155     58.03518414    106.83985334     39.51754589
  156     60.30025833    107.15516663     41.73490489
  157     54.37859093     90.18895999     42.83515622
  158     54.43413037     92.31170262     43.32780924
  159     52.42334345     89.48970183     42.33197652
  160     55.60976957     89.07497692     43.99344249
  161     83.47608989     42.22878710     55.36946082
  162     83.84954084     43.65275876     54.19163013
  163     85.00745474     41.08267517     56.24476904
  164     80.76149832     42.25168904     56.29643543
  165     80.40384378     41.52841988     58.16131604
  166     84.76865861     46.83545496     33.87690553
  167     79.34395325     44.60127680     55.57155419
  168     77.35094234     44.39818160     54.98754670
  169     80.35563877     46.10151085     54.04029992
  170     79.29855791     46.35250403     58.22450384
  171     81.01319036     46.66200548     59.11929913
  172     78.39890655     45.09376355     59.52860163
  173     78.26440987     77.85921226     58.07594043
  174     76.42929489     78.12351703     56.90710850
  175     79.65503982     49.88566838     56.89543367
  176     78.32843124     78.63921952     60.82232999
  177     80.26256895     78.86260562     61.11795909
  178     77.66428519     77.18975096     61.86501832
  179     77.02190292     81.06513763     61.45657218
  180     78.20118338     82.52205821     60.76358024
  181     77.32046632     81.16910604     63.41594809
  182     74.25478618     81.32343819     60.72735186
  183     73.55788160     79.20182686     60.32601995
  184     74.16535419     82.43080544     59.03399961
  185     81.45201663     40.52172483     54.28551567
  186     81.05053720     40.88202191     52.22087213
  187     62.48390714     69.76951873     31.61959534
  188     81.98929203     38.54766702     83.81340630
  189     72.92141023     82.65930243     63.06993471
  190     73.09751103     81.09229311     64.51162013
  191     74.02522451     84.55240414     63.62558993
  192     70.84771770     83.19874394     62.68864052
  193     74.74083710     48.18633477     76.35353381
  194     73.95574623     50.08015845     75.33059056
  195     72.82299101     75.96868819     76.80969516
  196     76.47381808     46.48622635     74.69710585
  197     76.44006024     44.66304049     75.54712021
  198     78.34756418     76.02413550     74.96832459
  199     75.57391200     46.25459633     72.04739998
  200     75.83728298     44.29509350     71.51777672
  201     76.78901724     47.30325866     70.69933149
  202     72.93478779     46.67484400     71.53055387
  203     72.05271025     48.31249585     72.30696598
  204     71.90927834     44.90528474     72.28532237
  205     72.26288618     46.94036839     68.54597999
  206     73.50540946     45.51374835     67.30445370
  207     72.98405156     48.61083258     67.89179351
  208     69.26324357     46.66517337     68.41255675
  209     68.20386228     46.28230603     66.61483352
  210     68.41133640     48.64312345     69.36234746
  211     67.99222762     73.49837491     70.21841714
  212     66.39795556     74.23476664     71.07161734
  213     69.23636575     72.52127309     71.93502394
  214     67.54073078     70.88944926     68.69248603
  215     66.78185359     71.23259057     66.86717181
  216     66.17146530     70.46013040     70.17258650
  217     75.76561637     49.31312612     78.84039512
  218     77.67981162     49.68492722     50.03864741
  219     74.72189334     50.96655595     50.38514294
  220     75.53252352     47.97009229     80.36450722
  221     69.75352824     68.95071004     68.56883842
  222     68.42995733     67.34315908     67.75028198
  223     71.11239247     69.28779551     67.02810694
  224     70.64157635     68.14883719     70.21110356
  225     54.16645918     66.60764400     60.68062276
  226     55.40535214     64.96586782     60.12785131
  227     54.30394512     67.72405490     58.67523510
  228     51.52084430     36.43686827     61.58359315
  229     52.50706039     35.24311232     62.99821886
  230     50.86468225     35.20331646     60.15071757
  231     49.55929190     67.30954009     62.77144699
  232     50.18840913     69.37030164     62.97477761
  233     48.54633294     66.75730650     64.69595287
  234     47.28182204     67.84079993     60.99599221
  235     46.19152970     66.02977500     60.36509842
  236     47.24937328     68.73362253     59.03023613
  237     45.37607770     69.75580067     62.53098723
  238     46.65074971     70.80606053     64.07809239
  239     43.97218552     39.37333427     63.06452989
  240     44.24915577     72.05203741     61.17806183
  241     45.30677054     44.80225360     60.63429431
  242     43.19722632     43.89149625     62.84307030
  243     42.50144579     71.06089604     58.77601584
  244     44.04127483     70.15111813     57.63264987
  245     41.91916777     72.82548645     57.53403638
  246     40.03697639     69.37547550     59.16339504
  247     38.51381002     70.74841988     58.99772184
  248     39.53804801     68.24613154     60.70461627
  249     55.66893038     39.45772733     62.56965520
  250     55.58629563     41.43408402     62.04631699
  251     55.28831271     38.94915878     64.62502119
  252     57.71739471     38.91184667     62.40904339
  253     39.47199909     67.74433208     56.67576176
  254     40.66676080     66.00466696     56.62505723
  255     37.77322839     66.31467405     56.82606650
  256     39.79766641     68.83751365     83.92714405
  257     75.18824593     62.03352476     71.73470655
  258     74.10641210     60.03479133     71.29249694
  259     77.23856220     61.67758994     72.09201827
  260     74.44903023     64.50608811     71.87465445
  261     72.29849617     64.86555082     71.66327690
  262     94.34480654    131.12131007     89.69022224
  263     76.06788076     66.85304767     72.19746338
  264     75.78631178     68.24442502     73.86048193
  265     75.33726911     67.69604793     70.42676748
  266     79.05578641     66.58994116     71.94949069
  267     79.59343357     65.86352187     70.03412340
  268     80.00015188     64.94272975     73.11626745
  269     80.62352221     69.14317850     72.47956658
  270     79.93230333     70.86200629     71.51461959
  271     82.39492184     68.86635027     71.52687946
  272     81.19545431     69.36332143     75.14310292
  273     82.54236183     67.94413513     75.85700496
  274     79.41611859     69.21644593     76.46685626
  275     82.51896669     72.04855331     76.14674991
  276     81.46494746     72.38364774     77.84718569
  277     82.31009172     73.70157732     74.68603408
  278     85.30667102     71.49811190     76.49325010
  279     85.73396770     70.83249609     74.46919223
  280     85.81255657     70.06331644     77.96179702
  281     78.66779975     54.82257742     50.54327823
  282     62.74565726     87.49664203     74.77256236
  283     61.74919541     88.73198601     73.98205243
  284     50.88720946     27.74220141     55.16404520
  285     87.07319195     73.68481345     77.01689629
  286     86.49233232     74.47889648     78.85702318
  287     88.91195193     72.97930061     77.40685894
  288     86.83099065     75.21701591     75.33361412
  289     65.91939351     58.43155440     78.36400947
  290     64.15518746     59.56057859     78.01924312
  291     66.07732943     56.87506694     77.01378801
  292     68.03649260     60.65967116     78.10012393
  293     69.20401255     60.43761405     76.55264358
  294     69.30555614     60.87981835     79.62148011
  295     66.86507265     63.30869692     78.13577075
  296     68.61478925     64.80248334     78.60324688
  297     65.44957737     63.36993552     50.76842374
  298     65.59557269     64.03082579     46.65591217
  299     63.43374027     63.83624320     75.82839770
  300     65.73336073     62.43155925     45.36691636
  301     66.07567084     66.78880932     45.72121488
  302     65.99047534     66.87552765     43.61964587
  303     67.98939826     67.55253271     75.21076876
  304     64.10728640     68.48314468     46.71030241
  305     51.12180750     55.76495165     54.60101966
  306     63.97015051     70.11266783     45.42778895
  307     64.89158830     70.00871103     49.35989019
  308     66.37481092     68.70144625     49.96172282
  309     63.24810951     69.65883643     50.67015227
  310     65.88333415     72.65865272     48.92519147
  311     64.91204734     73.72254906     47.49003271
  312     67.90728813     72.43260922     48.41882884
  313     65.95335148     57.34196667     81.12903370
  314     67.31905453     55.92738755     81.77413722
  315     64.88365354     58.30745628     82.74123868
  316     64.46694557     55.92465111     80.79980881
  317     65.84713721     74.13312970     51.43857010
  318     67.06144695     73.35375084     53.07339985
  319     66.54666578     75.93241129     51.30459899
  320     63.85036677     74.46768659     52.11497887
  321     73.41917318     61.07998968     63.86781751
  322     72.83938310     63.04530129     64.61625767
  323     71.57709642     59.85218244     63.82485893
  324     74.73368316     61.05465968     90.22430293
  325     76.11272233     59.56212046     90.26469358
  326     75.69654694     62.98523593     89.77209727
  327     72.37300634     60.99737115     88.19021676
  328     71.36596888     62.76026191     88.42676564
  329     71.52321641     59.26973253     88.87491982
  330     72.97405645     60.52031535     85.49334396
  331     71.06536459     60.42180959     84.69914294
  332     74.17177458     58.76410629     84.94738548
  333     74.26297915     62.92057632     84.45633617
  334     76.09514993     63.13885818     85.60290093
  335     73.06648559     64.54597275     85.22496534
  336     74.91110709     63.04582057     81.70903474
  337     73.06783917     62.84960791     80.68822115
  338     76.43119667     61.34985385     81.33140687
  339     76.40221039     65.47213005     81.35497816
  340     77.15237933     65.28230354     79.37915859
  341     78.11953974     65.30058005     82.40705531
  342     74.65956610     67.78976878     81.89053214
  343     75.90616726     69.07491480     83.09872934
  344     73.16473171     67.66433963     83.23298725
  345     75.06316691     60.07585787     66.00096944
  346     75.56655498     58.16857151     65.37410759
  347     76.65402502     60.84039605     66.89355192
  348     73.84125983     59.83177475     67.63801780
  349     73.61233068     69.12630455     79.42231852
  350     71.88325376     68.49022267     78.45430838
  351     73.06941586     70.98936655     80.14212997
  352     75.15404249     69.54540759     78.07440300
 
 Total charge:    -0.00000000

 Atomic gross charges (e)
 Atom           Charge
    1      -0.05200713
    2       0.07125876
    3       0.09592104
    4      -0.10639121
    5       0.06879138
    6       0.07506658
    7      -0.10631477
    8       0.04925936
    9       0.01271595
   10      -0.09392654
   11       0.06557796
   12       0.03837382
   13      -0.08911245
   14       0.03682310
   15       0.07204257
   16      -0.12606044
   17       0.06576777
   18       0.05157885
   19      -0.10756771
   20       0.07069503
   21       0.04777086
   22      -0.11637587
   23       0.05224805
   24       0.05687159
   25      -0.04186763
   26      -0.00354492
   27       0.17962479
   28       0.03537950
   29      -0.24272149
   30       0.09123512
   31       0.07932289
   32       0.07194956
   33      -0.08455907
   34       0.06362920
   35       0.06212021
   36      -0.12411024
   37       0.04041103
   38       0.06601168
   39      -0.13021048
   40       0.05483834
   41       0.06268408
   42      -0.07721693
   43       0.05220187
   44       0.04202850
   45      -0.10475809
   46       0.06033309
   47       0.05038472
   48      -0.10605777
   49       0.06721907
   50       0.04563258
   51      -0.12463416
   52       0.05656479
   53       0.06100208
   54      -0.08674381
   55       0.02080827
   56       0.05666060
   57      -0.22174758
   58       0.07954437
   59       0.05802699
   60       0.07185686
   61      -0.20092166
   62       0.05672926
   63       0.08060722
   64       0.06495761
   65      -0.07835733
   66       0.05000304
   67       0.03682730
   68      -0.10291891
   69       0.04924871
   70       0.05756840
   71      -0.09821903
   72       0.07593764
   73       0.05172808
   74      -0.12998938
   75       0.05893772
   76       0.05064506
   77      -0.09739123
   78       0.03021356
   79       0.03885943
   80      -0.10096279
   81       0.07334718
   82       0.05735131
   83      -0.07032767
   84       0.03238566
   85       0.05421415
   86      -0.11189517
   87       0.05817525
   88       0.02844960
   89      -0.20760084
   90       0.04310873
   91       0.06404869
   92       0.08388408
   93      -0.20030475
   94       0.07582507
   95       0.07421964
   96       0.04945132
   97      -0.08120390
   98       0.06493296
   99       0.04621668
  100      -0.08983074
  101       0.02968637
  102       0.05807093
  103      -0.03821895
  104       0.04342391
  105       0.05671052
  106      -0.10764785
  107      -0.00136859
  108       0.05006276
  109      -0.14027918
  110       0.06461095
  111      -0.00664760
  112      -0.07959067
  113       0.08335841
  114       0.05327629
  115      -0.06532090
  116       0.05522663
  117       0.05904439
  118      -0.08534371
  119       0.03176230
  120       0.03615190
  121      -0.19496311
  122       0.04205787
  123       0.05791973
  124       0.06040653
  125      -0.20871288
  126       0.08516750
  127       0.05463553
  128       0.05137820
  129      -0.08170086
  130       0.05681012
  131       0.03860464
  132      -0.11301429
  133       0.02227426
  134       0.07182844
  135      -0.14651441
  136       0.06083682
  137       0.08459662
  138      -0.08531468
  139       0.03722021
  140       0.04347281
  141      -0.09483231
  142       0.04841269
  143       0.05753319
  144      -0.08305855
  145       0.07461929
  146       0.00522901
  147      -0.09672431
  148       0.05938129
  149       0.03152869
  150      -0.10586791
  151       0.03508561
  152       0.06350444
  153      -0.17959012
  154       0.09864459
  155       0.00285812
  156       0.08060435
  157      -0.23119657
  158       0.07266777
  159       0.07784442
  160       0.09701299
  161      -0.22913087
  162       0.10173273
  163       0.08215465
  164       0.00461498
  165       0.08208935
  166       0.00020543
  167      -0.10315443
  168       0.06717012
  169       0.02996198
  170      -0.15747777
  171       0.07418428
  172       0.05393168
  173      -0.09941102
  174       0.04277870
  175       0.05278645
  176      -0.12676259
  177       0.06783302
  178       0.07553471
  179      -0.13324306
  180       0.06189388
  181       0.06055855
  182      -0.09394267
  183       0.04711845
  184       0.06831058
  185      -0.16489941
  186       0.07668113
  187       0.00161771
  188       0.06740626
  189      -0.19775940
  190       0.06788214
  191       0.06182934
  192       0.06139859
  193      -0.06612254
  194       0.02825390
  195       0.02219035
  196      -0.11296403
  197       0.06034656
  198       0.07024286
  199      -0.08237295
  200       0.04720523
  201       0.04545294
  202      -0.11827303
  203       0.07192762
  204       0.05469536
  205      -0.11540636
  206       0.03430345
  207       0.07725070
  208      -0.09150055
  209       0.07167376
  210       0.01641526
  211      -0.14527824
  212       0.07782845
  213       0.04454088
  214      -0.13365275
  215       0.07924460
  216       0.07664197
  217      -0.22379578
  218       0.08736860
  219       0.06942031
  220       0.05697494
  221      -0.19510218
  222       0.03304573
  223       0.07273148
  224       0.08469229
  225      -0.10748571
  226       0.04575064
  227       0.03412300
  228      -0.11346116
  229       0.06179815
  230       0.08315617
  231      -0.07069729
  232       0.06208886
  233       0.05211883
  234      -0.15137897
  235       0.04378164
  236       0.06599654
  237      -0.11796649
  238       0.04018241
  239       0.08192636
  240      -0.12077536
  241       0.07634762
  242       0.04768670
  243      -0.10151598
  244       0.05898561
  245       0.03630829
  246      -0.11327984
  247       0.05723405
  248       0.08843633
  249      -0.20202466
  250       0.08083852
  251       0.06501342
  252       0.05041615
  253      -0.23303711
  254       0.05285124
  255       0.06325020
  256       0.08843120
  257      -0.23695306
  258       0.09168622
  259       0.07505994
  260      -0.04291361
  261       0.05428522
  262       0.00629845
  263      -0.08307730
  264       0.07082341
  265       0.06966987
  266      -0.11532769
  267       0.04964848
  268       0.05100198
  269      -0.09918166
  270       0.06227412
  271       0.05864633
  272      -0.10599877
  273       0.06374598
  274       0.03167025
  275      -0.12807870
  276       0.06999438
  277       0.04856983
  278      -0.08839935
  279       0.04476733
  280       0.06116455
  281      -0.27400957
  282      -0.00037427
  283      -0.00966015
  284      -0.00915147
  285      -0.20007337
  286       0.05933997
  287       0.08009426
  288       0.04992627
  289      -0.08765146
  290       0.06579082
  291       0.07281320
  292      -0.15947464
  293       0.07518850
  294       0.07437940
  295      -0.07510630
  296       0.01956367
  297       0.05388008
  298      -0.11928357
  299       0.03442146
  300       0.06436239
  301      -0.07706554
  302       0.04956421
  303       0.05520276
  304      -0.11872637
  305       0.01166961
  306       0.04677503
  307      -0.12577843
  308       0.06615346
  309       0.06197751
  310      -0.07722514
  311       0.06918992
  312       0.05563837
  313      -0.24367141
  314       0.08698734
  315       0.08032247
  316       0.04712501
  317      -0.20958675
  318       0.05856158
  319       0.07492164
  320       0.05429203
  321      -0.06410299
  322       0.04122172
  323       0.03850701
  324      -0.14653737
  325       0.08022489
  326       0.05785889
  327      -0.12715548
  328       0.07820203
  329       0.06373730
  330      -0.10234194
  331       0.05573783
  332       0.05214835
  333      -0.10858619
  334       0.03434764
  335       0.04751288
  336      -0.08481079
  337       0.06573199
  338       0.02881731
  339      -0.10598240
  340       0.05100936
  341       0.06850583
  342      -0.10019262
  343       0.04027804
  344       0.07833915
  345      -0.23380030
  346       0.05486650
  347       0.09233892
  348       0.06145238
  349      -0.21066777
  350       0.07715422
  351       0.05333691
  352       0.06533020
 
Nr. of electrons (up):    682.00000000
Atom populations (up)
 Atom       Population
    1       4.05200713
    2       0.92874124
    3       0.90407896
    4       4.10639121
    5       0.93120862
    6       0.92493342
    7       4.10631477
    8       0.95074064
    9       0.98728405
   10       4.09392654
   11       0.93442204
   12       0.96162618
   13       4.08911245
   14       0.96317690
   15       0.92795743
   16       4.12606044
   17       0.93423223
   18       0.94842115
   19       4.10756771
   20       0.92930497
   21       0.95222914
   22       4.11637587
   23       0.94775195
   24       0.94312841
   25       4.04186763
   26       1.00354492
   27       0.82037521
   28       0.96462050
   29       4.24272149
   30       0.90876488
   31       0.92067711
   32       0.92805044
   33       4.08455907
   34       0.93637080
   35       0.93787979
   36       4.12411024
   37       0.95958897
   38       0.93398832
   39       4.13021048
   40       0.94516166
   41       0.93731592
   42       4.07721693
   43       0.94779813
   44       0.95797150
   45       4.10475809
   46       0.93966691
   47       0.94961528
   48       4.10605777
   49       0.93278093
   50       0.95436742
   51       4.12463416
   52       0.94343521
   53       0.93899792
   54       4.08674381
   55       0.97919173
   56       0.94333940
   57       4.22174758
   58       0.92045563
   59       0.94197301
   60       0.92814314
   61       4.20092166
   62       0.94327074
   63       0.91939278
   64       0.93504239
   65       4.07835733
   66       0.94999696
   67       0.96317270
   68       4.10291891
   69       0.95075129
   70       0.94243160
   71       4.09821903
   72       0.92406236
   73       0.94827192
   74       4.12998938
   75       0.94106228
   76       0.94935494
   77       4.09739123
   78       0.96978644
   79       0.96114057
   80       4.10096279
   81       0.92665282
   82       0.94264869
   83       4.07032767
   84       0.96761434
   85       0.94578585
   86       4.11189517
   87       0.94182475
   88       0.97155040
   89       4.20760084
   90       0.95689127
   91       0.93595131
   92       0.91611592
   93       4.20030475
   94       0.92417493
   95       0.92578036
   96       0.95054868
   97       4.08120390
   98       0.93506704
   99       0.95378332
  100       4.08983074
  101       0.97031363
  102       0.94192907
  103       4.03821895
  104       0.95657609
  105       0.94328948
  106       4.10764785
  107       1.00136859
  108       0.94993724
  109       4.14027918
  110       0.93538905
  111       1.00664760
  112       4.07959067
  113       0.91664159
  114       0.94672371
  115       4.06532090
  116       0.94477337
  117       0.94095561
  118       4.08534371
  119       0.96823770
  120       0.96384810
  121       4.19496311
  122       0.95794213
  123       0.94208027
  124       0.93959347
  125       4.20871288
  126       0.91483250
  127       0.94536447
  128       0.94862180
  129       4.08170086
  130       0.94318988
  131       0.96139536
  132       4.11301429
  133       0.97772574
  134       0.92817156
  135       4.14651441
  136       0.93916318
  137       0.91540338
  138       4.08531468
  139       0.96277979
  140       0.95652719
  141       4.09483231
  142       0.95158731
  143       0.94246681
  144       4.08305855
  145       0.92538071
  146       0.99477099
  147       4.09672431
  148       0.94061871
  149       0.96847131
  150       4.10586791
  151       0.96491439
  152       0.93649556
  153       4.17959012
  154       0.90135541
  155       0.99714188
  156       0.91939565
  157       4.23119657
  158       0.92733223
  159       0.92215558
  160       0.90298701
  161       4.22913087
  162       0.89826727
  163       0.91784535
  164       3.99538502
  165       0.91791065
  166       0.99979457
  167       4.10315443
  168       0.93282988
  169       0.97003802
  170       4.15747777
  171       0.92581572
  172       0.94606832
  173       4.09941102
  174       0.95722130
  175       0.94721355
  176       4.12676259
  177       0.93216698
  178       0.92446529
  179       4.13324306
  180       0.93810612
  181       0.93944145
  182       4.09394267
  183       0.95288155
  184       0.93168942
  185       4.16489941
  186       0.92331887
  187       0.99838229
  188       0.93259374
  189       4.19775940
  190       0.93211786
  191       0.93817066
  192       0.93860141
  193       4.06612254
  194       0.97174610
  195       0.97780965
  196       4.11296403
  197       0.93965344
  198       0.92975714
  199       4.08237295
  200       0.95279477
  201       0.95454706
  202       4.11827303
  203       0.92807238
  204       0.94530464
  205       4.11540636
  206       0.96569655
  207       0.92274930
  208       4.09150055
  209       0.92832624
  210       0.98358474
  211       4.14527824
  212       0.92217155
  213       0.95545912
  214       4.13365275
  215       0.92075540
  216       0.92335803
  217       4.22379578
  218       0.91263140
  219       0.93057969
  220       0.94302506
  221       4.19510218
  222       0.96695427
  223       0.92726852
  224       0.91530771
  225       4.10748571
  226       0.95424936
  227       0.96587700
  228       4.11346116
  229       0.93820185
  230       0.91684383
  231       4.07069729
  232       0.93791114
  233       0.94788117
  234       4.15137897
  235       0.95621836
  236       0.93400346
  237       4.11796649
  238       0.95981759
  239       0.91807364
  240       4.12077536
  241       0.92365238
  242       0.95231330
  243       4.10151598
  244       0.94101439
  245       0.96369171
  246       4.11327984
  247       0.94276595
  248       0.91156367
  249       4.20202466
  250       0.91916148
  251       0.93498658
  252       0.94958385
  253       4.23303711
  254       0.94714876
  255       0.93674980
  256       0.91156880
  257       4.23695306
  258       0.90831378
  259       0.92494006
  260       4.04291361
  261       0.94571478
  262       0.99370155
  263       4.08307730
  264       0.92917659
  265       0.93033013
  266       4.11532769
  267       0.95035152
  268       0.94899802
  269       4.09918166
  270       0.93772588
  271       0.94135367
  272       4.10599877
  273       0.93625402
  274       0.96832975
  275       4.12807870
  276       0.93000562
  277       0.95143017
  278       4.08839935
  279       0.95523267
  280       0.93883545
  281       4.27400957
  282       1.00037427
  283       1.00966015
  284       1.00915147
  285       4.20007337
  286       0.94066003
  287       0.91990574
  288       0.95007373
  289       4.08765146
  290       0.93420918
  291       0.92718680
  292       4.15947464
  293       0.92481150
  294       0.92562060
  295       4.07510630
  296       0.98043633
  297       0.94611992
  298       4.11928357
  299       0.96557854
  300       0.93563761
  301       4.07706554
  302       0.95043579
  303       0.94479724
  304       4.11872637
  305       0.98833039
  306       0.95322497
  307       4.12577843
  308       0.93384654
  309       0.93802249
  310       4.07722514
  311       0.93081008
  312       0.94436163
  313       4.24367141
  314       0.91301266
  315       0.91967753
  316       0.95287499
  317       4.20958675
  318       0.94143842
  319       0.92507836
  320       0.94570797
  321       4.06410299
  322       0.95877828
  323       0.96149299
  324       4.14653737
  325       0.91977511
  326       0.94214111
  327       4.12715548
  328       0.92179797
  329       0.93626270
  330       4.10234194
  331       0.94426217
  332       0.94785165
  333       4.10858619
  334       0.96565236
  335       0.95248712
  336       4.08481079
  337       0.93426801
  338       0.97118269
  339       4.10598240
  340       0.94899064
  341       0.93149417
  342       4.10019262
  343       0.95972196
  344       0.92166085
  345       4.23380030
  346       0.94513350
  347       0.90766108
  348       0.93854762
  349       4.21066777
  350       0.92284578
  351       0.94666309
  352       0.93466980
 
l-shell populations (up)
 Atom Sh.   l       Population
    1   1   0       1.22297147
    1   2   1       2.82903566
    2   1   0       0.92874124
    3   1   0       0.90407896
    4   1   0       1.28045901
    4   2   1       2.82593220
    5   1   0       0.93120862
    6   1   0       0.92493342
    7   1   0       1.27236935
    7   2   1       2.83394541
    8   1   0       0.95074064
    9   1   0       0.98728405
   10   1   0       1.22585469
   10   2   1       2.86807185
   11   1   0       0.93442204
   12   1   0       0.96162618
   13   1   0       1.23594125
   13   2   1       2.85317120
   14   1   0       0.96317690
   15   1   0       0.92795743
   16   1   0       1.24605397
   16   2   1       2.88000646
   17   1   0       0.93423223
   18   1   0       0.94842115
   19   1   0       1.28641540
   19   2   1       2.82115231
   20   1   0       0.92930497
   21   1   0       0.95222914
   22   1   0       1.26238022
   22   2   1       2.85399566
   23   1   0       0.94775195
   24   1   0       0.94312841
   25   1   0       1.24206886
   25   2   1       2.79979878
   26   1   0       1.00354492
   27   1   0       0.82037521
   28   1   0       0.96462050
   29   1   0       1.26602868
   29   2   1       2.97669282
   30   1   0       0.90876488
   31   1   0       0.92067711
   32   1   0       0.92805044
   33   1   0       1.22542295
   33   2   1       2.85913612
   34   1   0       0.93637080
   35   1   0       0.93787979
   36   1   0       1.25458762
   36   2   1       2.86952262
   37   1   0       0.95958897
   38   1   0       0.93398832
   39   1   0       1.24368783
   39   2   1       2.88652265
   40   1   0       0.94516166
   41   1   0       0.93731592
   42   1   0       1.25553721
   42   2   1       2.82167972
   43   1   0       0.94779813
   44   1   0       0.95797150
   45   1   0       1.23729459
   45   2   1       2.86746350
   46   1   0       0.93966691
   47   1   0       0.94961528
   48   1   0       1.22101964
   48   2   1       2.88503813
   49   1   0       0.93278093
   50   1   0       0.95436742
   51   1   0       1.23858587
   51   2   1       2.88604830
   52   1   0       0.94343521
   53   1   0       0.93899792
   54   1   0       1.24542287
   54   2   1       2.84132095
   55   1   0       0.97919173
   56   1   0       0.94333940
   57   1   0       1.25464382
   57   2   1       2.96710377
   58   1   0       0.92045563
   59   1   0       0.94197301
   60   1   0       0.92814314
   61   1   0       1.26426932
   61   2   1       2.93665233
   62   1   0       0.94327074
   63   1   0       0.91939278
   64   1   0       0.93504239
   65   1   0       1.23184941
   65   2   1       2.84650793
   66   1   0       0.94999696
   67   1   0       0.96317270
   68   1   0       1.22328236
   68   2   1       2.87963655
   69   1   0       0.95075129
   70   1   0       0.94243160
   71   1   0       1.26475086
   71   2   1       2.83346818
   72   1   0       0.92406236
   73   1   0       0.94827192
   74   1   0       1.25986923
   74   2   1       2.87012015
   75   1   0       0.94106228
   76   1   0       0.94935494
   77   1   0       1.26490031
   77   2   1       2.83249092
   78   1   0       0.96978644
   79   1   0       0.96114057
   80   1   0       1.25215203
   80   2   1       2.84881076
   81   1   0       0.92665282
   82   1   0       0.94264869
   83   1   0       1.24672642
   83   2   1       2.82360126
   84   1   0       0.96761434
   85   1   0       0.94578585
   86   1   0       1.22360437
   86   2   1       2.88829079
   87   1   0       0.94182475
   88   1   0       0.97155040
   89   1   0       1.27832366
   89   2   1       2.92927718
   90   1   0       0.95689127
   91   1   0       0.93595131
   92   1   0       0.91611592
   93   1   0       1.25504672
   93   2   1       2.94525803
   94   1   0       0.92417493
   95   1   0       0.92578036
   96   1   0       0.95054868
   97   1   0       1.21715110
   97   2   1       2.86405280
   98   1   0       0.93506704
   99   1   0       0.95378332
  100   1   0       1.24377717
  100   2   1       2.84605357
  101   1   0       0.97031363
  102   1   0       0.94192907
  103   1   0       1.23846535
  103   2   1       2.79975360
  104   1   0       0.95657609
  105   1   0       0.94328948
  106   1   0       1.24713313
  106   2   1       2.86051472
  107   1   0       1.00136859
  108   1   0       0.94993724
  109   1   0       1.24301820
  109   2   1       2.89726097
  110   1   0       0.93538905
  111   1   0       1.00664760
  112   1   0       1.21705730
  112   2   1       2.86253338
  113   1   0       0.91664159
  114   1   0       0.94672371
  115   1   0       1.24750438
  115   2   1       2.81781652
  116   1   0       0.94477337
  117   1   0       0.94095561
  118   1   0       1.26157253
  118   2   1       2.82377118
  119   1   0       0.96823770
  120   1   0       0.96384810
  121   1   0       1.25053744
  121   2   1       2.94442567
  122   1   0       0.95794213
  123   1   0       0.94208027
  124   1   0       0.93959347
  125   1   0       1.27832399
  125   2   1       2.93038890
  126   1   0       0.91483250
  127   1   0       0.94536447
  128   1   0       0.94862180
  129   1   0       1.20666109
  129   2   1       2.87503978
  130   1   0       0.94318988
  131   1   0       0.96139536
  132   1   0       1.24152620
  132   2   1       2.87148810
  133   1   0       0.97772574
  134   1   0       0.92817156
  135   1   0       1.22869571
  135   2   1       2.91781870
  136   1   0       0.93916318
  137   1   0       0.91540338
  138   1   0       1.26006820
  138   2   1       2.82524648
  139   1   0       0.96277979
  140   1   0       0.95652719
  141   1   0       1.22025383
  141   2   1       2.87457848
  142   1   0       0.95158731
  143   1   0       0.94246681
  144   1   0       1.23402986
  144   2   1       2.84902869
  145   1   0       0.92538071
  146   1   0       0.99477099
  147   1   0       1.23641398
  147   2   1       2.86031034
  148   1   0       0.94061871
  149   1   0       0.96847131
  150   1   0       1.22798492
  150   2   1       2.87788299
  151   1   0       0.96491439
  152   1   0       0.93649556
  153   1   0       1.24727552
  153   2   1       2.93231460
  154   1   0       0.90135541
  155   1   0       0.99714188
  156   1   0       0.91939565
  157   1   0       1.28230106
  157   2   1       2.94889551
  158   1   0       0.92733223
  159   1   0       0.92215558
  160   1   0       0.90298701
  161   1   0       1.23387329
  161   2   1       2.99525758
  162   1   0       0.89826727
  163   1   0       0.91784535
  164   1   0       1.17573694
  164   2   1       2.81964808
  165   1   0       0.91791065
  166   1   0       0.99979457
  167   1   0       1.27568415
  167   2   1       2.82747028
  168   1   0       0.93282988
  169   1   0       0.97003802
  170   1   0       1.24222655
  170   2   1       2.91525122
  171   1   0       0.92581572
  172   1   0       0.94606832
  173   1   0       1.22195857
  173   2   1       2.87745245
  174   1   0       0.95722130
  175   1   0       0.94721355
  176   1   0       1.20852264
  176   2   1       2.91823995
  177   1   0       0.93216698
  178   1   0       0.92446529
  179   1   0       1.21413122
  179   2   1       2.91911184
  180   1   0       0.93810612
  181   1   0       0.93944145
  182   1   0       1.24960217
  182   2   1       2.84434050
  183   1   0       0.95288155
  184   1   0       0.93168942
  185   1   0       1.23639576
  185   2   1       2.92850366
  186   1   0       0.92331887
  187   1   0       0.99838229
  188   1   0       0.93259374
  189   1   0       1.30316979
  189   2   1       2.89458961
  190   1   0       0.93211786
  191   1   0       0.93817066
  192   1   0       0.93860141
  193   1   0       1.26329089
  193   2   1       2.80283166
  194   1   0       0.97174610
  195   1   0       0.97780965
  196   1   0       1.21472312
  196   2   1       2.89824091
  197   1   0       0.93965344
  198   1   0       0.92975714
  199   1   0       1.19878323
  199   2   1       2.88358971
  200   1   0       0.95279477
  201   1   0       0.95454706
  202   1   0       1.23410360
  202   2   1       2.88416943
  203   1   0       0.92807238
  204   1   0       0.94530464
  205   1   0       1.26362460
  205   2   1       2.85178176
  206   1   0       0.96569655
  207   1   0       0.92274930
  208   1   0       1.28355085
  208   2   1       2.80794970
  209   1   0       0.92832624
  210   1   0       0.98358474
  211   1   0       1.28373388
  211   2   1       2.86154436
  212   1   0       0.92217155
  213   1   0       0.95545912
  214   1   0       1.24672075
  214   2   1       2.88693200
  215   1   0       0.92075540
  216   1   0       0.92335803
  217   1   0       1.25362677
  217   2   1       2.97016900
  218   1   0       0.91263140
  219   1   0       0.93057969
  220   1   0       0.94302506
  221   1   0       1.27416981
  221   2   1       2.92093237
  222   1   0       0.96695427
  223   1   0       0.92726852
  224   1   0       0.91530771
  225   1   0       1.28076764
  225   2   1       2.82671806
  226   1   0       0.95424936
  227   1   0       0.96587700
  228   1   0       1.25043268
  228   2   1       2.86302848
  229   1   0       0.93820185
  230   1   0       0.91684383
  231   1   0       1.26043540
  231   2   1       2.81026189
  232   1   0       0.93791114
  233   1   0       0.94788117
  234   1   0       1.27993741
  234   2   1       2.87144156
  235   1   0       0.95621836
  236   1   0       0.93400346
  237   1   0       1.26702826
  237   2   1       2.85093823
  238   1   0       0.95981759
  239   1   0       0.91807364
  240   1   0       1.26059569
  240   2   1       2.86017967
  241   1   0       0.92365238
  242   1   0       0.95231330
  243   1   0       1.28079613
  243   2   1       2.82071984
  244   1   0       0.94101439
  245   1   0       0.96369171
  246   1   0       1.24425368
  246   2   1       2.86902616
  247   1   0       0.94276595
  248   1   0       0.91156367
  249   1   0       1.28188605
  249   2   1       2.92013861
  250   1   0       0.91916148
  251   1   0       0.93498658
  252   1   0       0.94958385
  253   1   0       1.29067174
  253   2   1       2.94236536
  254   1   0       0.94714876
  255   1   0       0.93674980
  256   1   0       0.91156880
  257   1   0       1.29482773
  257   2   1       2.94212533
  258   1   0       0.90831378
  259   1   0       0.92494006
  260   1   0       1.24058491
  260   2   1       2.80232870
  261   1   0       0.94571478
  262   1   0       0.99370155
  263   1   0       1.24297360
  263   2   1       2.84010370
  264   1   0       0.92917659
  265   1   0       0.93033013
  266   1   0       1.27409917
  266   2   1       2.84122852
  267   1   0       0.95035152
  268   1   0       0.94899802
  269   1   0       1.22299457
  269   2   1       2.87618709
  270   1   0       0.93772588
  271   1   0       0.94135367
  272   1   0       1.25068820
  272   2   1       2.85531057
  273   1   0       0.93625402
  274   1   0       0.96832975
  275   1   0       1.26511706
  275   2   1       2.86296164
  276   1   0       0.93000562
  277   1   0       0.95143017
  278   1   0       1.23052744
  278   2   1       2.85787191
  279   1   0       0.95523267
  280   1   0       0.93883545
  281   1   0       1.29497734
  281   2   1       2.97903222
  282   1   0       1.00037427
  283   1   0       1.00966015
  284   1   0       1.00915147
  285   1   0       1.27235537
  285   2   1       2.92771801
  286   1   0       0.94066003
  287   1   0       0.91990574
  288   1   0       0.95007373
  289   1   0       1.26025747
  289   2   1       2.82739400
  290   1   0       0.93420918
  291   1   0       0.92718680
  292   1   0       1.24255135
  292   2   1       2.91692328
  293   1   0       0.92481150
  294   1   0       0.92562060
  295   1   0       1.25655284
  295   2   1       2.81855346
  296   1   0       0.98043633
  297   1   0       0.94611992
  298   1   0       1.24642840
  298   2   1       2.87285517
  299   1   0       0.96557854
  300   1   0       0.93563761
  301   1   0       1.22756158
  301   2   1       2.84950396
  302   1   0       0.95043579
  303   1   0       0.94479724
  304   1   0       1.27154517
  304   2   1       2.84718120
  305   1   0       0.98833039
  306   1   0       0.95322497
  307   1   0       1.25880037
  307   2   1       2.86697806
  308   1   0       0.93384654
  309   1   0       0.93802249
  310   1   0       1.22290454
  310   2   1       2.85432060
  311   1   0       0.93081008
  312   1   0       0.94436163
  313   1   0       1.28234811
  313   2   1       2.96132330
  314   1   0       0.91301266
  315   1   0       0.91967753
  316   1   0       0.95287499
  317   1   0       1.26690467
  317   2   1       2.94268208
  318   1   0       0.94143842
  319   1   0       0.92507836
  320   1   0       0.94570797
  321   1   0       1.24436161
  321   2   1       2.81974138
  322   1   0       0.95877828
  323   1   0       0.96149299
  324   1   0       1.26829865
  324   2   1       2.87823871
  325   1   0       0.91977511
  326   1   0       0.94214111
  327   1   0       1.24418664
  327   2   1       2.88296884
  328   1   0       0.92179797
  329   1   0       0.93626270
  330   1   0       1.23270281
  330   2   1       2.86963912
  331   1   0       0.94426217
  332   1   0       0.94785165
  333   1   0       1.24285492
  333   2   1       2.86573127
  334   1   0       0.96565236
  335   1   0       0.95248712
  336   1   0       1.24120626
  336   2   1       2.84360454
  337   1   0       0.93426801
  338   1   0       0.97118269
  339   1   0       1.23368160
  339   2   1       2.87230080
  340   1   0       0.94899064
  341   1   0       0.93149417
  342   1   0       1.24297617
  342   2   1       2.85721645
  343   1   0       0.95972196
  344   1   0       0.92166085
  345   1   0       1.25705097
  345   2   1       2.97674933
  346   1   0       0.94513350
  347   1   0       0.90766108
  348   1   0       0.93854762
  349   1   0       1.27424258
  349   2   1       2.93642518
  350   1   0       0.92284578
  351   1   0       0.94666309
  352   1   0       0.93466980
 
Orbital populations (up)
 Atom Sh.   l   m       Population  Label
    1   1   0   0       1.22297147  s
    1   2   1  -1       0.99544729  p_y
    1   2   1   0       0.93908685  p_z
    1   2   1   1       0.89450151  p_x
    2   1   0   0       0.92874124  s
    3   1   0   0       0.90407896  s
    4   1   0   0       1.28045901  s
    4   2   1  -1       0.95894138  p_y
    4   2   1   0       0.95333287  p_z
    4   2   1   1       0.91365794  p_x
    5   1   0   0       0.93120862  s
    6   1   0   0       0.92493342  s
    7   1   0   0       1.27236935  s
    7   2   1  -1       0.97802147  p_y
    7   2   1   0       0.92354756  p_z
    7   2   1   1       0.93237638  p_x
    8   1   0   0       0.95074064  s
    9   1   0   0       0.98728405  s
   10   1   0   0       1.22585469  s
   10   2   1  -1       0.96991149  p_y
   10   2   1   0       0.94380112  p_z
   10   2   1   1       0.95435924  p_x
   11   1   0   0       0.93442204  s
   12   1   0   0       0.96162618  s
   13   1   0   0       1.23594125  s
   13   2   1  -1       0.97397561  p_y
   13   2   1   0       0.91165997  p_z
   13   2   1   1       0.96753562  p_x
   14   1   0   0       0.96317690  s
   15   1   0   0       0.92795743  s
   16   1   0   0       1.24605397  s
   16   2   1  -1       0.96075710  p_y
   16   2   1   0       0.92165008  p_z
   16   2   1   1       0.99759928  p_x
   17   1   0   0       0.93423223  s
   18   1   0   0       0.94842115  s
   19   1   0   0       1.28641540  s
   19   2   1  -1       0.91773317  p_y
   19   2   1   0       0.95686569  p_z
   19   2   1   1       0.94655345  p_x
   20   1   0   0       0.92930497  s
   21   1   0   0       0.95222914  s
   22   1   0   0       1.26238022  s
   22   2   1  -1       0.97355481  p_y
   22   2   1   0       0.96726526  p_z
   22   2   1   1       0.91317558  p_x
   23   1   0   0       0.94775195  s
   24   1   0   0       0.94312841  s
   25   1   0   0       1.24206886  s
   25   2   1  -1       0.93514968  p_y
   25   2   1   0       0.92435007  p_z
   25   2   1   1       0.94029903  p_x
   26   1   0   0       1.00354492  s
   27   1   0   0       0.82037521  s
   28   1   0   0       0.96462050  s
   29   1   0   0       1.26602868  s
   29   2   1  -1       1.00532805  p_y
   29   2   1   0       1.02520670  p_z
   29   2   1   1       0.94615806  p_x
   30   1   0   0       0.90876488  s
   31   1   0   0       0.92067711  s
   32   1   0   0       0.92805044  s
   33   1   0   0       1.22542295  s
   33   2   1  -1       0.95418608  p_y
   33   2   1   0       0.96518996  p_z
   33   2   1   1       0.93976008  p_x
   34   1   0   0       0.93637080  s
   35   1   0   0       0.93787979  s
   36   1   0   0       1.25458762  s
   36   2   1  -1       0.96210591  p_y
   36   2   1   0       0.95573687  p_z
   36   2   1   1       0.95167985  p_x
   37   1   0   0       0.95958897  s
   38   1   0   0       0.93398832  s
   39   1   0   0       1.24368783  s
   39   2   1  -1       0.95795441  p_y
   39   2   1   0       0.98941608  p_z
   39   2   1   1       0.93915216  p_x
   40   1   0   0       0.94516166  s
   41   1   0   0       0.93731592  s
   42   1   0   0       1.25553721  s
   42   2   1  -1       0.95515856  p_y
   42   2   1   0       0.91876902  p_z
   42   2   1   1       0.94775214  p_x
   43   1   0   0       0.94779813  s
   44   1   0   0       0.95797150  s
   45   1   0   0       1.23729459  s
   45   2   1  -1       0.95160993  p_y
   45   2   1   0       0.99267410  p_z
   45   2   1   1       0.92317947  p_x
   46   1   0   0       0.93966691  s
   47   1   0   0       0.94961528  s
   48   1   0   0       1.22101964  s
   48   2   1  -1       1.02203516  p_y
   48   2   1   0       0.93198778  p_z
   48   2   1   1       0.93101518  p_x
   49   1   0   0       0.93278093  s
   50   1   0   0       0.95436742  s
   51   1   0   0       1.23858587  s
   51   2   1  -1       1.01125308  p_y
   51   2   1   0       0.94738988  p_z
   51   2   1   1       0.92740534  p_x
   52   1   0   0       0.94343521  s
   53   1   0   0       0.93899792  s
   54   1   0   0       1.24542287  s
   54   2   1  -1       0.94129383  p_y
   54   2   1   0       0.95535440  p_z
   54   2   1   1       0.94467272  p_x
   55   1   0   0       0.97919173  s
   56   1   0   0       0.94333940  s
   57   1   0   0       1.25464382  s
   57   2   1  -1       1.00979990  p_y
   57   2   1   0       0.99786734  p_z
   57   2   1   1       0.95943652  p_x
   58   1   0   0       0.92045563  s
   59   1   0   0       0.94197301  s
   60   1   0   0       0.92814314  s
   61   1   0   0       1.26426932  s
   61   2   1  -1       0.97457758  p_y
   61   2   1   0       0.99589397  p_z
   61   2   1   1       0.96618078  p_x
   62   1   0   0       0.94327074  s
   63   1   0   0       0.91939278  s
   64   1   0   0       0.93504239  s
   65   1   0   0       1.23184941  s
   65   2   1  -1       0.94269101  p_y
   65   2   1   0       0.94380517  p_z
   65   2   1   1       0.96001175  p_x
   66   1   0   0       0.94999696  s
   67   1   0   0       0.96317270  s
   68   1   0   0       1.22328236  s
   68   2   1  -1       0.90791989  p_y
   68   2   1   0       1.02308304  p_z
   68   2   1   1       0.94863363  p_x
   69   1   0   0       0.95075129  s
   70   1   0   0       0.94243160  s
   71   1   0   0       1.26475086  s
   71   2   1  -1       0.93839076  p_y
   71   2   1   0       0.97981523  p_z
   71   2   1   1       0.91526218  p_x
   72   1   0   0       0.92406236  s
   73   1   0   0       0.94827192  s
   74   1   0   0       1.25986923  s
   74   2   1  -1       0.94310496  p_y
   74   2   1   0       1.01065759  p_z
   74   2   1   1       0.91635760  p_x
   75   1   0   0       0.94106228  s
   76   1   0   0       0.94935494  s
   77   1   0   0       1.26490031  s
   77   2   1  -1       0.95106578  p_y
   77   2   1   0       0.91124259  p_z
   77   2   1   1       0.97018255  p_x
   78   1   0   0       0.96978644  s
   79   1   0   0       0.96114057  s
   80   1   0   0       1.25215203  s
   80   2   1  -1       0.97353884  p_y
   80   2   1   0       0.93095302  p_z
   80   2   1   1       0.94431889  p_x
   81   1   0   0       0.92665282  s
   82   1   0   0       0.94264869  s
   83   1   0   0       1.24672642  s
   83   2   1  -1       0.93725221  p_y
   83   2   1   0       0.94400755  p_z
   83   2   1   1       0.94234151  p_x
   84   1   0   0       0.96761434  s
   85   1   0   0       0.94578585  s
   86   1   0   0       1.22360437  s
   86   2   1  -1       1.01050402  p_y
   86   2   1   0       0.93688115  p_z
   86   2   1   1       0.94090563  p_x
   87   1   0   0       0.94182475  s
   88   1   0   0       0.97155040  s
   89   1   0   0       1.27832366  s
   89   2   1  -1       0.95986320  p_y
   89   2   1   0       0.99381889  p_z
   89   2   1   1       0.97559508  p_x
   90   1   0   0       0.95689127  s
   91   1   0   0       0.93595131  s
   92   1   0   0       0.91611592  s
   93   1   0   0       1.25504672  s
   93   2   1  -1       0.97281622  p_y
   93   2   1   0       0.98976073  p_z
   93   2   1   1       0.98268107  p_x
   94   1   0   0       0.92417493  s
   95   1   0   0       0.92578036  s
   96   1   0   0       0.95054868  s
   97   1   0   0       1.21715110  s
   97   2   1  -1       0.94165686  p_y
   97   2   1   0       0.95034040  p_z
   97   2   1   1       0.97205554  p_x
   98   1   0   0       0.93506704  s
   99   1   0   0       0.95378332  s
  100   1   0   0       1.24377717  s
  100   2   1  -1       0.98383700  p_y
  100   2   1   0       0.92881674  p_z
  100   2   1   1       0.93339984  p_x
  101   1   0   0       0.97031363  s
  102   1   0   0       0.94192907  s
  103   1   0   0       1.23846535  s
  103   2   1  -1       0.94720757  p_y
  103   2   1   0       0.92162894  p_z
  103   2   1   1       0.93091709  p_x
  104   1   0   0       0.95657609  s
  105   1   0   0       0.94328948  s
  106   1   0   0       1.24713313  s
  106   2   1  -1       0.95994029  p_y
  106   2   1   0       0.94884902  p_z
  106   2   1   1       0.95172542  p_x
  107   1   0   0       1.00136859  s
  108   1   0   0       0.94993724  s
  109   1   0   0       1.24301820  s
  109   2   1  -1       1.01441637  p_y
  109   2   1   0       0.90927912  p_z
  109   2   1   1       0.97356549  p_x
  110   1   0   0       0.93538905  s
  111   1   0   0       1.00664760  s
  112   1   0   0       1.21705730  s
  112   2   1  -1       0.92385095  p_y
  112   2   1   0       0.95597326  p_z
  112   2   1   1       0.98270916  p_x
  113   1   0   0       0.91664159  s
  114   1   0   0       0.94672371  s
  115   1   0   0       1.24750438  s
  115   2   1  -1       0.93216403  p_y
  115   2   1   0       0.96561335  p_z
  115   2   1   1       0.92003914  p_x
  116   1   0   0       0.94477337  s
  117   1   0   0       0.94095561  s
  118   1   0   0       1.26157253  s
  118   2   1  -1       0.95857325  p_y
  118   2   1   0       0.90990249  p_z
  118   2   1   1       0.95529545  p_x
  119   1   0   0       0.96823770  s
  120   1   0   0       0.96384810  s
  121   1   0   0       1.25053744  s
  121   2   1  -1       0.95471293  p_y
  121   2   1   0       0.98381950  p_z
  121   2   1   1       1.00589324  p_x
  122   1   0   0       0.95794213  s
  123   1   0   0       0.94208027  s
  124   1   0   0       0.93959347  s
  125   1   0   0       1.27832399  s
  125   2   1  -1       0.98807143  p_y
  125   2   1   0       0.95603225  p_z
  125   2   1   1       0.98628521  p_x
  126   1   0   0       0.91483250  s
  127   1   0   0       0.94536447  s
  128   1   0   0       0.94862180  s
  129   1   0   0       1.20666109  s
  129   2   1  -1       0.92647107  p_y
  129   2   1   0       0.92585138  p_z
  129   2   1   1       1.02271733  p_x
  130   1   0   0       0.94318988  s
  131   1   0   0       0.96139536  s
  132   1   0   0       1.24152620  s
  132   2   1  -1       0.94116762  p_y
  132   2   1   0       0.95808821  p_z
  132   2   1   1       0.97223227  p_x
  133   1   0   0       0.97772574  s
  134   1   0   0       0.92817156  s
  135   1   0   0       1.22869571  s
  135   2   1  -1       0.95565364  p_y
  135   2   1   0       0.97603251  p_z
  135   2   1   1       0.98613255  p_x
  136   1   0   0       0.93916318  s
  137   1   0   0       0.91540338  s
  138   1   0   0       1.26006820  s
  138   2   1  -1       0.92789727  p_y
  138   2   1   0       0.94608616  p_z
  138   2   1   1       0.95126305  p_x
  139   1   0   0       0.96277979  s
  140   1   0   0       0.95652719  s
  141   1   0   0       1.22025383  s
  141   2   1  -1       0.93196229  p_y
  141   2   1   0       0.98390392  p_z
  141   2   1   1       0.95871227  p_x
  142   1   0   0       0.95158731  s
  143   1   0   0       0.94246681  s
  144   1   0   0       1.23402986  s
  144   2   1  -1       0.94877671  p_y
  144   2   1   0       0.96653028  p_z
  144   2   1   1       0.93372171  p_x
  145   1   0   0       0.92538071  s
  146   1   0   0       0.99477099  s
  147   1   0   0       1.23641398  s
  147   2   1  -1       0.93731291  p_y
  147   2   1   0       0.97175319  p_z
  147   2   1   1       0.95124424  p_x
  148   1   0   0       0.94061871  s
  149   1   0   0       0.96847131  s
  150   1   0   0       1.22798492  s
  150   2   1  -1       0.98460953  p_y
  150   2   1   0       0.95941211  p_z
  150   2   1   1       0.93386135  p_x
  151   1   0   0       0.96491439  s
  152   1   0   0       0.93649556  s
  153   1   0   0       1.24727552  s
  153   2   1  -1       0.98266058  p_y
  153   2   1   0       0.97254828  p_z
  153   2   1   1       0.97710574  p_x
  154   1   0   0       0.90135541  s
  155   1   0   0       0.99714188  s
  156   1   0   0       0.91939565  s
  157   1   0   0       1.28230106  s
  157   2   1  -1       0.97043332  p_y
  157   2   1   0       1.02894793  p_z
  157   2   1   1       0.94951426  p_x
  158   1   0   0       0.92733223  s
  159   1   0   0       0.92215558  s
  160   1   0   0       0.90298701  s
  161   1   0   0       1.23387329  s
  161   2   1  -1       1.03115653  p_y
  161   2   1   0       1.11522953  p_z
  161   2   1   1       0.84887151  p_x
  162   1   0   0       0.89826727  s
  163   1   0   0       0.91784535  s
  164   1   0   0       1.17573694  s
  164   2   1  -1       0.95296136  p_y
  164   2   1   0       0.92953888  p_z
  164   2   1   1       0.93714784  p_x
  165   1   0   0       0.91791065  s
  166   1   0   0       0.99979457  s
  167   1   0   0       1.27568415  s
  167   2   1  -1       0.92538951  p_y
  167   2   1   0       0.94472227  p_z
  167   2   1   1       0.95735851  p_x
  168   1   0   0       0.93282988  s
  169   1   0   0       0.97003802  s
  170   1   0   0       1.24222655  s
  170   2   1  -1       0.93148090  p_y
  170   2   1   0       0.96367764  p_z
  170   2   1   1       1.02009268  p_x
  171   1   0   0       0.92581572  s
  172   1   0   0       0.94606832  s
  173   1   0   0       1.22195857  s
  173   2   1  -1       0.98038949  p_y
  173   2   1   0       0.93553683  p_z
  173   2   1   1       0.96152613  p_x
  174   1   0   0       0.95722130  s
  175   1   0   0       0.94721355  s
  176   1   0   0       1.20852264  s
  176   2   1  -1       0.96500062  p_y
  176   2   1   0       0.96171389  p_z
  176   2   1   1       0.99152543  p_x
  177   1   0   0       0.93216698  s
  178   1   0   0       0.92446529  s
  179   1   0   0       1.21413122  s
  179   2   1  -1       0.97856069  p_y
  179   2   1   0       1.00253361  p_z
  179   2   1   1       0.93801755  p_x
  180   1   0   0       0.93810612  s
  181   1   0   0       0.93944145  s
  182   1   0   0       1.24960217  s
  182   2   1  -1       0.94389000  p_y
  182   2   1   0       0.95005688  p_z
  182   2   1   1       0.95039362  p_x
  183   1   0   0       0.95288155  s
  184   1   0   0       0.93168942  s
  185   1   0   0       1.23639576  s
  185   2   1  -1       0.90342904  p_y
  185   2   1   0       0.91519756  p_z
  185   2   1   1       1.10987705  p_x
  186   1   0   0       0.92331887  s
  187   1   0   0       0.99838229  s
  188   1   0   0       0.93259374  s
  189   1   0   0       1.30316979  s
  189   2   1  -1       0.94683407  p_y
  189   2   1   0       0.98591587  p_z
  189   2   1   1       0.96183967  p_x
  190   1   0   0       0.93211786  s
  191   1   0   0       0.93817066  s
  192   1   0   0       0.93860141  s
  193   1   0   0       1.26329089  s
  193   2   1  -1       0.92295387  p_y
  193   2   1   0       0.93453475  p_z
  193   2   1   1       0.94534304  p_x
  194   1   0   0       0.97174610  s
  195   1   0   0       0.97780965  s
  196   1   0   0       1.21472312  s
  196   2   1  -1       0.98370565  p_y
  196   2   1   0       0.94068729  p_z
  196   2   1   1       0.97384798  p_x
  197   1   0   0       0.93965344  s
  198   1   0   0       0.92975714  s
  199   1   0   0       1.19878323  s
  199   2   1  -1       0.98778839  p_y
  199   2   1   0       0.94236741  p_z
  199   2   1   1       0.95343390  p_x
  200   1   0   0       0.95279477  s
  201   1   0   0       0.95454706  s
  202   1   0   0       1.23410360  s
  202   2   1  -1       0.97932154  p_y
  202   2   1   0       0.94746593  p_z
  202   2   1   1       0.95738196  p_x
  203   1   0   0       0.92807238  s
  204   1   0   0       0.94530464  s
  205   1   0   0       1.26362460  s
  205   2   1  -1       0.99855381  p_y
  205   2   1   0       0.94579345  p_z
  205   2   1   1       0.90743450  p_x
  206   1   0   0       0.96569655  s
  207   1   0   0       0.92274930  s
  208   1   0   0       1.28355085  s
  208   2   1  -1       0.94187782  p_y
  208   2   1   0       0.96015885  p_z
  208   2   1   1       0.90591302  p_x
  209   1   0   0       0.92832624  s
  210   1   0   0       0.98358474  s
  211   1   0   0       1.28373388  s
  211   2   1  -1       0.91445870  p_y
  211   2   1   0       0.95853876  p_z
  211   2   1   1       0.98854690  p_x
  212   1   0   0       0.92217155  s
  213   1   0   0       0.95545912  s
  214   1   0   0       1.24672075  s
  214   2   1  -1       0.96018364  p_y
  214   2   1   0       0.94073264  p_z
  214   2   1   1       0.98601573  p_x
  215   1   0   0       0.92075540  s
  216   1   0   0       0.92335803  s
  217   1   0   0       1.25362677  s
  217   2   1  -1       0.99370903  p_y
  217   2   1   0       0.97382964  p_z
  217   2   1   1       1.00263034  p_x
  218   1   0   0       0.91263140  s
  219   1   0   0       0.93057969  s
  220   1   0   0       0.94302506  s
  221   1   0   0       1.27416981  s
  221   2   1  -1       0.99327077  p_y
  221   2   1   0       0.98681826  p_z
  221   2   1   1       0.94084334  p_x
  222   1   0   0       0.96695427  s
  223   1   0   0       0.92726852  s
  224   1   0   0       0.91530771  s
  225   1   0   0       1.28076764  s
  225   2   1  -1       0.94712200  p_y
  225   2   1   0       0.94334479  p_z
  225   2   1   1       0.93625127  p_x
  226   1   0   0       0.95424936  s
  227   1   0   0       0.96587700  s
  228   1   0   0       1.25043268  s
  228   2   1  -1       0.97282020  p_y
  228   2   1   0       0.98584111  p_z
  228   2   1   1       0.90436717  p_x
  229   1   0   0       0.93820185  s
  230   1   0   0       0.91684383  s
  231   1   0   0       1.26043540  s
  231   2   1  -1       0.93763887  p_y
  231   2   1   0       0.94464935  p_z
  231   2   1   1       0.92797367  p_x
  232   1   0   0       0.93791114  s
  233   1   0   0       0.94788117  s
  234   1   0   0       1.27993741  s
  234   2   1  -1       0.96182655  p_y
  234   2   1   0       0.94830955  p_z
  234   2   1   1       0.96130545  p_x
  235   1   0   0       0.95621836  s
  236   1   0   0       0.93400346  s
  237   1   0   0       1.26702826  s
  237   2   1  -1       0.89776257  p_y
  237   2   1   0       0.98838428  p_z
  237   2   1   1       0.96479138  p_x
  238   1   0   0       0.95981759  s
  239   1   0   0       0.91807364  s
  240   1   0   0       1.26059569  s
  240   2   1  -1       0.93667784  p_y
  240   2   1   0       0.92767165  p_z
  240   2   1   1       0.99583017  p_x
  241   1   0   0       0.92365238  s
  242   1   0   0       0.95231330  s
  243   1   0   0       1.28079613  s
  243   2   1  -1       0.95094756  p_y
  243   2   1   0       0.96475214  p_z
  243   2   1   1       0.90502014  p_x
  244   1   0   0       0.94101439  s
  245   1   0   0       0.96369171  s
  246   1   0   0       1.24425368  s
  246   2   1  -1       0.95623888  p_y
  246   2   1   0       0.95766395  p_z
  246   2   1   1       0.95512333  p_x
  247   1   0   0       0.94276595  s
  248   1   0   0       0.91156367  s
  249   1   0   0       1.28188605  s
  249   2   1  -1       0.96763471  p_y
  249   2   1   0       0.96271044  p_z
  249   2   1   1       0.98979346  p_x
  250   1   0   0       0.91916148  s
  251   1   0   0       0.93498658  s
  252   1   0   0       0.94958385  s
  253   1   0   0       1.29067174  s
  253   2   1  -1       0.93722625  p_y
  253   2   1   0       0.96647624  p_z
  253   2   1   1       1.03866287  p_x
  254   1   0   0       0.94714876  s
  255   1   0   0       0.93674980  s
  256   1   0   0       0.91156880  s
  257   1   0   0       1.29482773  s
  257   2   1  -1       0.91795862  p_y
  257   2   1   0       1.05298176  p_z
  257   2   1   1       0.97118494  p_x
  258   1   0   0       0.90831378  s
  259   1   0   0       0.92494006  s
  260   1   0   0       1.24058491  s
  260   2   1  -1       0.89251521  p_y
  260   2   1   0       0.98211124  p_z
  260   2   1   1       0.92770226  p_x
  261   1   0   0       0.94571478  s
  262   1   0   0       0.99370155  s
  263   1   0   0       1.24297360  s
  263   2   1  -1       0.96575316  p_y
  263   2   1   0       0.96233610  p_z
  263   2   1   1       0.91201444  p_x
  264   1   0   0       0.92917659  s
  265   1   0   0       0.93033013  s
  266   1   0   0       1.27409917  s
  266   2   1  -1       0.93856071  p_y
  266   2   1   0       0.99343863  p_z
  266   2   1   1       0.90922919  p_x
  267   1   0   0       0.95035152  s
  268   1   0   0       0.94899802  s
  269   1   0   0       1.22299457  s
  269   2   1  -1       0.93759790  p_y
  269   2   1   0       0.95222298  p_z
  269   2   1   1       0.98636621  p_x
  270   1   0   0       0.93772588  s
  271   1   0   0       0.94135367  s
  272   1   0   0       1.25068820  s
  272   2   1  -1       0.96407303  p_y
  272   2   1   0       0.93403628  p_z
  272   2   1   1       0.95720126  p_x
  273   1   0   0       0.93625402  s
  274   1   0   0       0.96832975  s
  275   1   0   0       1.26511706  s
  275   2   1  -1       0.94365025  p_y
  275   2   1   0       0.97640738  p_z
  275   2   1   1       0.94290400  p_x
  276   1   0   0       0.93000562  s
  277   1   0   0       0.95143017  s
  278   1   0   0       1.23052744  s
  278   2   1  -1       0.97547204  p_y
  278   2   1   0       0.95321309  p_z
  278   2   1   1       0.92918678  p_x
  279   1   0   0       0.95523267  s
  280   1   0   0       0.93883545  s
  281   1   0   0       1.29497734  s
  281   2   1  -1       1.04205319  p_y
  281   2   1   0       0.98246173  p_z
  281   2   1   1       0.95451730  p_x
  282   1   0   0       1.00037427  s
  283   1   0   0       1.00966015  s
  284   1   0   0       1.00915147  s
  285   1   0   0       1.27235537  s
  285   2   1  -1       0.97292816  p_y
  285   2   1   0       0.96538510  p_z
  285   2   1   1       0.98940474  p_x
  286   1   0   0       0.94066003  s
  287   1   0   0       0.91990574  s
  288   1   0   0       0.95007373  s
  289   1   0   0       1.26025747  s
  289   2   1  -1       0.92857136  p_y
  289   2   1   0       0.92404074  p_z
  289   2   1   1       0.97478190  p_x
  290   1   0   0       0.93420918  s
  291   1   0   0       0.92718680  s
  292   1   0   0       1.24255135  s
  292   2   1  -1       0.93352814  p_y
  292   2   1   0       1.01115941  p_z
  292   2   1   1       0.97223573  p_x
  293   1   0   0       0.92481150  s
  294   1   0   0       0.92562060  s
  295   1   0   0       1.25655284  s
  295   2   1  -1       0.94023238  p_y
  295   2   1   0       0.94466391  p_z
  295   2   1   1       0.93365716  p_x
  296   1   0   0       0.98043633  s
  297   1   0   0       0.94611992  s
  298   1   0   0       1.24642840  s
  298   2   1  -1       0.92750459  p_y
  298   2   1   0       0.96484997  p_z
  298   2   1   1       0.98050060  p_x
  299   1   0   0       0.96557854  s
  300   1   0   0       0.93563761  s
  301   1   0   0       1.22756158  s
  301   2   1  -1       0.92665342  p_y
  301   2   1   0       0.96592028  p_z
  301   2   1   1       0.95693026  p_x
  302   1   0   0       0.95043579  s
  303   1   0   0       0.94479724  s
  304   1   0   0       1.27154517  s
  304   2   1  -1       0.95087428  p_y
  304   2   1   0       0.96978050  p_z
  304   2   1   1       0.92652642  p_x
  305   1   0   0       0.98833039  s
  306   1   0   0       0.95322497  s
  307   1   0   0       1.25880037  s
  307   2   1  -1       0.92681055  p_y
  307   2   1   0       0.96439854  p_z
  307   2   1   1       0.97576896  p_x
  308   1   0   0       0.93384654  s
  309   1   0   0       0.93802249  s
  310   1   0   0       1.22290454  s
  310   2   1  -1       0.92852401  p_y
  310   2   1   0       0.95154505  p_z
  310   2   1   1       0.97425155  p_x
  311   1   0   0       0.93081008  s
  312   1   0   0       0.94436163  s
  313   1   0   0       1.28234811  s
  313   2   1  -1       1.00643722  p_y
  313   2   1   0       0.93467083  p_z
  313   2   1   1       1.02021525  p_x
  314   1   0   0       0.91301266  s
  315   1   0   0       0.91967753  s
  316   1   0   0       0.95287499  s
  317   1   0   0       1.26690467  s
  317   2   1  -1       1.00466474  p_y
  317   2   1   0       0.95790234  p_z
  317   2   1   1       0.98011500  p_x
  318   1   0   0       0.94143842  s
  319   1   0   0       0.92507836  s
  320   1   0   0       0.94570797  s
  321   1   0   0       1.24436161  s
  321   2   1  -1       0.96053952  p_y
  321   2   1   0       0.91391080  p_z
  321   2   1   1       0.94529105  p_x
  322   1   0   0       0.95877828  s
  323   1   0   0       0.96149299  s
  324   1   0   0       1.26829865  s
  324   2   1  -1       0.98060428  p_y
  324   2   1   0       0.94315753  p_z
  324   2   1   1       0.95447691  p_x
  325   1   0   0       0.91977511  s
  326   1   0   0       0.94214111  s
  327   1   0   0       1.24418664  s
  327   2   1  -1       0.96134144  p_y
  327   2   1   0       0.92824415  p_z
  327   2   1   1       0.99338325  p_x
  328   1   0   0       0.92179797  s
  329   1   0   0       0.93626270  s
  330   1   0   0       1.23270281  s
  330   2   1  -1       0.95140684  p_y
  330   2   1   0       0.96278082  p_z
  330   2   1   1       0.95545147  p_x
  331   1   0   0       0.94426217  s
  332   1   0   0       0.94785165  s
  333   1   0   0       1.24285492  s
  333   2   1  -1       0.95814884  p_y
  333   2   1   0       0.94062292  p_z
  333   2   1   1       0.96695951  p_x
  334   1   0   0       0.96565236  s
  335   1   0   0       0.95248712  s
  336   1   0   0       1.24120626  s
  336   2   1  -1       0.95019497  p_y
  336   2   1   0       0.96425439  p_z
  336   2   1   1       0.92915518  p_x
  337   1   0   0       0.93426801  s
  338   1   0   0       0.97118269  s
  339   1   0   0       1.23368160  s
  339   2   1  -1       0.93431034  p_y
  339   2   1   0       0.98910971  p_z
  339   2   1   1       0.94888075  p_x
  340   1   0   0       0.94899064  s
  341   1   0   0       0.93149417  s
  342   1   0   0       1.24297617  s
  342   2   1  -1       0.96255973  p_y
  342   2   1   0       0.93137444  p_z
  342   2   1   1       0.96328228  p_x
  343   1   0   0       0.95972196  s
  344   1   0   0       0.92166085  s
  345   1   0   0       1.25705097  s
  345   2   1  -1       1.01366325  p_y
  345   2   1   0       0.97111623  p_z
  345   2   1   1       0.99196985  p_x
  346   1   0   0       0.94513350  s
  347   1   0   0       0.90766108  s
  348   1   0   0       0.93854762  s
  349   1   0   0       1.27424258  s
  349   2   1  -1       1.01090011  p_y
  349   2   1   0       0.95549955  p_z
  349   2   1   1       0.97002552  p_x
  350   1   0   0       0.92284578  s
  351   1   0   0       0.94666309  s
  352   1   0   0       0.93466980  s
 
Fermi level:                        -0.1417704626 H           -3.8578 eV
Band energy:                      -277.3151896067 H        -7546.1303 eV
TS:                                  0.0000000000 H            0.0000 eV
Band free energy (E-TS):          -277.3151896067 H        -7546.1303 eV
Extrapolated E(0K):               -277.3151896067 H        -7546.1303 eV
Input / Output electrons (q):    682.0000000000    682.0000000000
 
Energy H0:                        -281.7870354085 H        -7667.8154 eV
Energy SCC:                          0.0842819665 H            2.2934 eV
Total Electronic energy:          -281.7027534420 H        -7665.5219 eV
Repulsive energy:                    4.7135910518 H          128.2633 eV
Dispersion energy:                   1.1028654555 H           30.0105 eV
Total energy:                     -275.8862969347 H        -7507.2481 eV
Extrapolated to 0:                -275.8862969347 H        -7507.2481 eV
Total Mermin free energy:         -275.8862969347 H        -7507.2481 eV
Force related energy:             -275.8862969347 H        -7507.2481 eV
 
SCC converged
 
Full geometry written in geo_end.{xyz|gen}
 
MD Kinetic Energy:                   1.6131299003 H
Total MD Energy:                  -274.2731670343 H
Pressure:                            0.469979E-05 au     0.138273E+09 Pa
MD Temperature:                      0.0030638745 H          967.4939 K
MD Kinetic Energy:                   1.6131299003 H
Total MD Energy:                  -274.2731670343 H        -7463.3526 eV
MD Temperature:                      0.0030638745 H          967.4939 K
 
Molecular dynamics completed
 
