 Fermi distribution function
 
MD step: 100000
 

********************************************************************************
 iSCC Total electronic   Diff electronic      SCC error    
    6   -0.28256414E+03    0.18758328E-11    0.81092254E-06
********************************************************************************
 
Coordinates of moved atoms (au):
    1     79.53915588     47.94656517     81.77478389
    2     80.79057880     47.46744722     83.28601013
    3     78.40902854     46.12508935     81.31609284
    4     77.87299180     79.20947071     82.29774120
    5     77.84370926     80.54616429     80.73189875
    6     49.79268654     80.41134848     83.81721534
    7     75.09385677     78.45153194     82.95645417
    8     44.89357570     80.19263474     83.40472396
    9     75.15463496     77.55348292     84.93814157
   10     44.97694363     76.80637262     81.00586737
   11     45.14549361     74.81239442     81.79441900
   12     46.02607418     77.07616828     79.26399684
   13     71.14134143     77.55134385     80.25228994
   14     71.29992661     79.35523731     79.16773241
   15     69.74552977     78.03849278     81.92626871
   16     40.83986673     75.62388079     78.55595792
   17     38.74448701     75.99381984     78.51213035
   18     41.12589969     73.69453289     79.44000454
   19     70.85895462     75.55847161     75.79744351
   20     69.77613000     74.07191650     74.90759292
   21     72.70445286     74.65046795     76.24886725
   22     70.87321327     78.06270481     74.14322318
   23     43.04046166     79.62206660     74.96418621
   24     40.02261067     78.64932100     73.87148523
   25     81.25270577     48.60343493     79.35418884
   26     81.95685679     50.65477620     79.18602406
   27     82.94382909     47.28254856     79.22072416
   28     80.25463430     48.58036276     77.52075451
   29     71.99828696     77.58567419     71.43454296
   30     70.50497284     77.29197007     69.99891757
   31     73.16055953     79.19142714     70.73852395
   32     73.17514501     75.87277811     71.48368287
   33     56.28688839     64.05272683     57.86631956
   34     58.31226149     64.15367398     58.22180428
   35     55.86836029     65.65506277     56.53071365
   36     55.93734690     61.53790007     56.38702119
   37     53.76113609     61.04982808     56.06083228
   38     56.68871431     60.03358471     57.64859342
   39     57.47058701     61.48209280     53.80377983
   40     57.57982627     63.49654333     53.02193927
   41     56.61093559     60.18732859     52.24638804
   42     60.13604045     60.46827462     54.10392197
   43     88.99420232     58.40978111     54.89566347
   44     61.18750838     61.55676938     55.46087578
   45     61.76662744     60.59480881     51.47415671
   46     62.70248790     62.36312489     51.18732363
   47     89.30111081     60.75290794     49.87521709
   48     92.42350422     58.32410306     51.12976597
   49     93.83664749     58.40518347     52.83006473
   50     93.68561658     58.38033265     49.59810209
   51     61.99206860     55.74181450     51.12947382
   52     59.93244464     55.93471432     50.96851164
   53     62.15430783     54.40604878     52.68606496
   54     91.59355721     54.34803181     77.65760142
   55     91.27084009     55.46313282     76.02406159
   56     90.46509248     52.53638085     77.49415029
   57     54.62180500     64.64368793     60.29239580
   58     54.14154157     62.92266373     61.29373764
   59     55.80212536     65.85913226     61.47089938
   60     52.81151248     65.64058139     59.81608463
   61     65.33502269     53.24411457     77.51785820
   62     66.08476908     52.91206348     79.41487704
   63     65.51700725     51.32169051     76.55412097
   64     66.66870633     54.66750021     76.62773824
   65     63.12359631     88.74546456     63.10059198
   66     61.91239171     88.46630865     64.79030653
   67     63.80552315     90.71775498     62.81039695
   68     65.46765262     86.90205079     63.60661505
   69     66.88013019     87.12637710     62.12147860
   70     64.94381046     84.88843112     63.58439658
   71     66.77329732     87.45936918     66.15738928
   72     65.31369464     87.43125524     67.73181590
   73     67.69091434     89.48972988     66.18241622
   74     68.84282619     56.65160210     66.87835780
   75     69.86796945     56.02862002     65.18158385
   76     67.69052895     55.00470755     67.58388110
   77     70.93432891     57.65863284     68.71110586
   78     70.16912445     86.91521427     70.69087482
   79     71.62453855     88.35381387     67.84958078
   80     73.31954126     55.93034994     69.10445904
   81     72.83232137     53.72512456     69.26092052
   82     73.71373312     56.43874357     71.07906612
   83     75.50371467     56.48784214     67.03192152
   84     74.58265516     57.01909566     65.18402530
   85     76.38689863     54.64877650     66.90526135
   86     77.15983338     58.53786541     68.13717495
   87     77.69324917     57.87417652     70.08890993
   88     76.03870828     60.32840095     68.08158879
   89     61.56196867     88.14278948     60.64892779
   90     60.52774682     86.30664510     60.94252919
   91     59.98214388     89.64021133     60.44984065
   92     62.43238721     87.93119966     58.81155990
   93     79.44701376     58.82203047     66.46664207
   94     81.26954061     59.26257123     67.44415026
   95     79.67873153     56.93732628     65.53912365
   96     79.25697833     60.15746226     64.89292980
   97     51.52362891     68.43640813     81.60552799
   98     50.01671673     67.32397200     80.75962120
   99     51.60344002     70.14462702     80.28484248
  100     50.73792947     68.58110423     84.54489341
  101     52.11092056     69.71118499     85.56575795
  102     50.64341310     66.76225986     85.52112849
  103     48.25415301     69.70250636     84.85453594
  104     46.67835850     68.29196934     84.52634497
  105     47.99849886     71.37209181     83.56689338
  106     48.03791349     70.48660386     58.70275892
  107     49.85273047     71.15406323     59.59720399
  108     47.59136886     68.68197381     59.66791264
  109     45.76972681     72.24957523     59.23320624
  110     44.02115228     71.61932596     58.38831356
  111     46.31639655     74.08464738     58.16243832
  112     45.40071229     73.09455372     62.01388536
  113     47.36172249     72.85301272     63.06053641
  114     44.29463646     71.56457507     62.97637478
  115     44.43867887     75.79326325     62.06070686
  116     42.69931928     75.84365093     63.36918464
  117     43.54115009     76.07896594     60.17379698
  118     46.51985734     77.67461841     62.56890607
  119     47.96624992     77.23680117     61.26629712
  120     47.25430524     77.72406820     64.58969243
  121     54.04389425     67.14531884     80.89222768
  122     55.71066744     67.87196734     81.74349947
  123     53.89709323     65.14109145     80.82238866
  124     54.37667283     67.79892871     78.90592572
  125     45.78276500     80.42342546     61.96607885
  126     43.99055393     81.09099488     62.70076287
  127     47.36421124     81.53944811     62.60834716
  128     45.40314959     80.54584456     59.94826308
  129     63.59775354     74.61536386     52.21953564
  130     62.97292771     73.22826915     50.79981868
  131     64.49951072     76.10137647     51.14304730
  132     61.31462175     75.45969596     53.69089864
  133     60.12608598     76.61260252     52.33007027
  134     62.03093287     76.86073473     55.02282814
  135     59.58097331     73.49827830     55.36424859
  136     60.85750007     72.67878317     56.96166383
  137     58.91394334     72.16361903     53.98432744
  138     57.57475672     75.18678415     56.60963100
  139     56.15729134     76.18208258     55.43749832
  140     58.61076412     76.95765432     57.79956684
  141     55.82708616     73.88681211     58.46461792
  142     55.33697658     72.01521120     57.62939446
  143     54.00903832     74.88667024     58.66141788
  144     57.05038143     73.20057173     61.00369578
  145     59.01718978     74.00352832     60.97179378
  146     57.33378610     71.08588426     61.07432127
  147     55.74326149     74.29654200     63.41199973
  148     54.57858506     75.89885916     62.79122531
  149     57.15235584     75.18659742     64.62589505
  150     54.25753060     72.12684276     64.78059320
  151     55.26820989     70.27269669     64.56451504
  152     52.31223081     72.19861657     64.12590258
  153     65.23143083     73.24601859     54.01623963
  154     64.58447286     42.66025364     54.94092499
  155     67.03089049     72.44586888     53.26417706
  156     65.84103705     74.46653822     55.74926507
  157     54.23448838     72.33997148     67.73412249
  158     52.42687821     72.65526908     68.63114860
  159     55.12101086     70.81943868     68.64191424
  160     55.26123370     74.01425545     68.48453887
  161     86.22852312     53.67404697     58.00870820
  162     86.42417540     55.69619620     58.55591000
  163     87.99076592     52.46453639     58.06713878
  164     84.22686354     52.33969843     59.54094620
  165     85.29516990     51.18277049     61.11056402
  166     83.31976559     50.92377130     58.28573406
  167     82.03777854     53.87049557     60.53361585
  168     82.89271532     55.33062636     61.83476373
  169     81.02010096     52.85475884     62.11876546
  170     80.04038613     54.78288321     58.57228441
  171     78.50915597     53.34387327     58.72972108
  172     81.27063182     54.80781987     56.78610996
  173     79.06434830     86.34953295     59.38628027
  174     80.77592054     87.37941579     60.13974952
  175     77.75317336     56.98642614     61.02725299
  176     77.93443840     87.98065910     57.30895005
  177     76.52708948     86.59870713     56.69972698
  178     79.31184674     88.07548900     55.65845957
  179     76.94251454     90.72034374     57.85506918
  180     76.80385288     91.64421592     55.92993041
  181     78.21597622     91.94889964     58.91409635
  182     74.22548077     90.98775666     59.19894873
  183     72.66879774     90.61344723     57.65683802
  184     73.54710104     92.95641964     59.70999394
  185     85.43459497     53.85096972     55.01692588
  186     86.25118963     52.11144091     54.12078333
  187     83.45322249     53.80487246     54.68440695
  188     86.27120221     55.29545778     82.99508300
  189     73.96283012     89.36391111     61.47257881
  190     75.43560445     90.09469260     62.74208312
  191     72.24312532     89.77659950     62.59555619
  192     74.26294908     87.24737653     61.19905532
  193     69.44481455     36.89107190     81.40096199
  194     68.06109512     38.38813275     81.08629229
  195     68.78681519     64.08658794     80.38009670
  196     71.89437086     37.91606918     80.21770369
  197     73.58946523     37.32392888     81.20724682
  198     71.67464859     69.02418064     80.75547661
  199     72.56899939     37.70421626     77.33574615
  200     71.06040002     38.87464108     76.35312346
  201     72.68789415     35.65610426     76.81214640
  202     75.44611933     38.86757411     76.96807521
  203     76.64009353     36.98201663     77.10297370
  204     75.85985671     40.51848356     78.33285641
  205     76.03356953     39.83008996     74.09742661
  206     77.95006761     39.83447344     73.85449927
  207     75.73731846     41.89514644     73.99218082
  208     74.79516561     38.50572410     71.95843289
  209     72.82395215     38.17726432     72.16077893
  210     75.84234262     36.62765501     71.83798942
  211     75.37893454     68.66506138     69.35167433
  212     76.91247032     72.36418445     70.06372343
  213     73.78184833     68.00088495     68.02553406
  214     78.03960166     67.37274581     68.37429805
  215     77.74204202     65.48828142     68.73568531
  216     79.65635337     67.98140679     69.52064912
  217     69.42987374     36.53425188     84.38260157
  218     69.13181056     34.72317070     55.93389998
  219     71.16896707     37.16809289     56.52245640
  220     67.96034732     37.43089039     85.54844531
  221     78.43948619     67.76178673     65.60682979
  222     80.43960196     68.15369283     64.97702627
  223     77.71878070     66.22979471     64.46471799
  224     77.38753570     69.37455579     65.03958944
  225     66.14595280     70.79547161     72.73897834
  226     65.92879894     72.80872971     73.40079224
  227     65.99276964     69.68486911     74.49753492
  228     63.70692851     40.97656032     71.47711412
  229     62.02257539     41.20766382     72.75268297
  230     63.81323252     38.90436341     70.63072858
  231     62.74379292     71.51333217     69.23380661
  232     60.69123390     71.18332766     68.94497121
  233     63.87828316     71.00016106     67.69987660
  234     63.00105174     74.41192917     69.49736424
  235     62.33441844     75.34431830     67.67456456
  236     65.02893133     75.05391536     69.89815245
  237     61.29085073     75.28136108     71.65415777
  238     61.99097960     74.53637450     73.47688769
  239     59.31491074     45.52406422     71.33067515
  240     61.18185462     78.23361674     71.82417274
  241     63.31484776     50.13065658     71.79683101
  242     60.60015912     49.88252357     73.77779122
  243     59.52818288     79.30314439     69.85599257
  244     57.46769089     78.54586030     70.45232762
  245     59.90246316     78.56548953     67.86993056
  246     59.35969083     82.20839749     69.79185706
  247     57.62840703     82.68798830     71.09512537
  248     58.88730488     82.85846128     67.91796274
  249     68.40478540     41.29526630     71.12024858
  250     68.06031311     42.24170934     69.35966336
  251     70.14907517     41.92447460     72.15798744
  252     68.40762291     39.38986516     70.56852068
  253     61.71439574     83.79360916     70.38691458
  254     62.86491907     83.82124987     68.53756741
  255     61.65805786     85.69831542     71.33004775
  256     62.87477885     82.63775429    100.70985069
  257     65.74294164     78.21889501     61.89512161
  258     64.55941919     77.91352729     63.90677291
  259     66.26213586     76.23550202     61.44731180
  260     64.00238567     79.31615319     59.93093613
  261     62.29846841     78.11054277     59.26702328
  262     62.89291092     80.88192852     60.69528484
  263     75.27645531     71.50860823     69.10408051
  264     73.73839031     72.43776565     70.29015117
  265     75.03140644     72.15751818     67.04267529
  266     69.48790081     64.91937696     67.88209196
  267     71.30795402     65.59545285     66.97482865
  268     64.81615542     80.11336332     58.17150156
  269     67.39234767     65.90126806     66.78109510
  270     65.45559462     65.79180728     67.80894208
  271     69.60762461     63.88513021     69.63103574
  272     67.51672657     67.58613575     64.57096105
  273     69.42107451     67.93789070     63.89616542
  274     66.58752757     69.52428976     64.87816045
  275     65.86319337     66.45738115     62.35865824
  276     64.24713644     65.19478370     63.09721685
  277     66.83451155     65.03544482     61.30198348
  278     64.58252108     68.52089512     60.70723295
  279     66.19435574     69.35317074     59.68613260
  280     63.37359331     69.98138289     61.59825096
  281     68.22660081     79.58508520     62.32612259
  282     69.42315722     78.99950647     60.58316859
  283     68.14999623     81.70355625     62.38188275
  284     68.95791221     79.27163320     64.14835103
  285     62.69191950     67.11133437     58.67698629
  286     61.10850347     68.43044900     58.21653566
  287     63.73935066     66.20309774     57.10163745
  288     61.65909824     65.58797814     59.65243810
  289     70.87541486     56.10432420     83.88640333
  290     72.31373910     54.65311806     84.47928192
  291     71.60253796     57.95222751     84.45011344
  292     70.40932824     56.00080177     80.97093497
  293     68.95470554     57.38744385     80.78159131
  294     69.59444825     54.00969365     80.51026224
  295     72.69597608     56.42585313     79.29157715
  296     71.80792934     55.89979509     77.24523754
  297     74.47682248     54.94411556     50.57206595
  298     73.79587090     59.09905242     49.92240782
  299     73.21299267     60.28936257     80.58508535
  300     73.31919601     60.16918764     48.21053687
  301     76.70125977     58.95567282     49.97023976
  302     77.24640100     57.77334797     48.43590558
  303     77.39364132     57.97256079     80.60093313
  304     77.98738987     61.50140212     49.61240948
  305     77.67196257     62.72950169     51.35638036
  306     77.01433284     62.55153973     48.27454557
  307     80.80857744     61.30469230     48.87355079
  308     81.71816790     60.89720565     50.70043854
  309     81.44069297     63.17979436     48.50122121
  310     81.22068893     59.83876769     46.53716262
  311     82.66741858     60.55797104     45.38716781
  312     79.45379592     59.79120124     45.41066211
  313     68.39558239     55.91842280     85.45705468
  314     67.39829008     57.70545421     86.00730041
  315     66.93075673     54.90419020     84.53807894
  316     68.75452244     55.11073154     87.34798893
  317     82.00982202     56.91557899     47.06516772
  318     83.71205091     57.04286451     48.27944036
  319     80.74114847     55.70295621     48.30310442
  320     82.46723083     55.60699952     45.43970978
  321     64.59072187     60.74410985     44.43113155
  322     63.23611272     59.49954916     45.56183281
  323     65.24780460     59.60603441     42.57900925
  324     63.27262325     63.17632170     72.46716805
  325     62.08960444     62.56453502     70.80370601
  326     64.80909803     64.46606754     71.58947110
  327     61.68940023     64.73470157     74.71056394
  328     62.12380783     66.75471279     74.52883101
  329     62.54478304     64.29965330     76.43824235
  330     58.86606007     64.80106352     74.55515502
  331     58.25590972     65.91927549     76.12807392
  332     57.88128618     62.92877908     74.65962997
  333     58.21472641     66.34847313     72.22878528
  334     59.82585472     65.85796857     70.72308043
  335     58.11682564     68.31038765     72.73353957
  336     55.83124263     65.78194331     70.91951949
  337     55.32164688     67.34888559     69.70510389
  338     54.40155146     65.46155229     72.22213316
  339     56.04852231     63.38801543     69.13298872
  340     54.41557369     62.14035468     69.57037199
  341     57.61749054     62.13584437     69.98035693
  342     56.60115114     63.52535524     66.32427523
  343     55.23922084     64.68956120     65.23802817
  344     56.38192467     61.67255482     65.36321756
  345     66.87966494     61.06497932     46.25723734
  346     67.24281803     59.14196593     46.96001124
  347     68.48065126     61.47940776     45.09505029
  348     66.67015448     62.42947175     47.72372680
  349     59.20022559     64.40801716     65.67739262
  350     60.71967164     64.06837059     67.12210908
  351     59.88675136     63.93468544     63.80606057
  352     59.27219229     66.52069590     65.80680086
 
 Total charge:    -0.00000000

 Atomic gross charges (e)
 Atom           Charge
    1      -0.08804839
    2       0.06798949
    3       0.05032100
    4      -0.10714871
    5       0.06017825
    6       0.04579483
    7      -0.09042323
    8       0.04130589
    9       0.03559313
   10      -0.09842937
   11       0.05240748
   12       0.07111875
   13      -0.10117020
   14       0.05313106
   15       0.03877155
   16      -0.10446751
   17       0.04860563
   18       0.04887850
   19      -0.12960089
   20       0.06283307
   21       0.05844191
   22      -0.10017233
   23       0.06327685
   24       0.07226841
   25      -0.21004369
   26       0.05432642
   27       0.05708615
   28       0.06238206
   29      -0.21158577
   30       0.06129587
   31       0.06430411
   32       0.06791210
   33      -0.11099594
   34       0.06257332
   35       0.04804525
   36      -0.09886987
   37       0.04228481
   38       0.05638699
   39      -0.09402359
   40       0.04858272
   41       0.04712384
   42      -0.11249802
   43       0.04814441
   44       0.06175224
   45      -0.11681587
   46       0.06462527
   47       0.04184197
   48      -0.09260758
   49       0.02986470
   50       0.07931903
   51      -0.11380067
   52       0.05689948
   53       0.06753968
   54      -0.10500274
   55       0.07067709
   56       0.04336067
   57      -0.20607104
   58       0.07279138
   59       0.07137829
   60       0.06312896
   61      -0.20251409
   62       0.06275097
   63       0.05751479
   64       0.05196820
   65      -0.10453997
   66       0.06775977
   67       0.06441597
   68      -0.11821366
   69       0.05790230
   70       0.06258321
   71      -0.09439548
   72       0.04428002
   73       0.03803704
   74      -0.10990949
   75       0.05440032
   76       0.05107805
   77      -0.11044896
   78       0.04850219
   79       0.06861209
   80      -0.13452427
   81       0.03820689
   82       0.06194798
   83      -0.11405843
   84       0.06289881
   85       0.06695829
   86      -0.07953568
   87       0.05954135
   88       0.05737545
   89      -0.20366730
   90       0.05155892
   91       0.04870280
   92       0.07838920
   93      -0.20307176
   94       0.06097665
   95       0.05546461
   96       0.06606531
   97      -0.11960383
   98       0.05569028
   99       0.05947979
  100      -0.10167646
  101       0.05925945
  102       0.06607119
  103      -0.09225326
  104       0.04971788
  105       0.05145129
  106      -0.11345589
  107       0.05826811
  108       0.04420944
  109      -0.11294988
  110       0.06835263
  111       0.03487065
  112      -0.09874964
  113       0.03178846
  114       0.05065713
  115      -0.08565340
  116       0.04098790
  117       0.05519303
  118      -0.09252856
  119       0.07322271
  120       0.05278697
  121      -0.21755945
  122       0.07815598
  123       0.08067156
  124       0.04378250
  125      -0.22778813
  126       0.07213099
  127       0.07471129
  128       0.06385690
  129      -0.07625272
  130       0.04458417
  131       0.07170467
  132      -0.12984725
  133       0.04247990
  134       0.05595756
  135      -0.10082387
  136       0.06052580
  137       0.07788107
  138      -0.08012772
  139       0.06110972
  140       0.01631236
  141      -0.11046900
  142       0.04623382
  143       0.05757797
  144      -0.11005992
  145       0.04811180
  146       0.04888980
  147      -0.11458106
  148       0.06076622
  149       0.06227350
  150      -0.09890431
  151       0.06268906
  152       0.07205802
  153      -0.19123988
  154       0.07308577
  155       0.04767569
  156       0.03778323
  157      -0.22830392
  158       0.06791536
  159       0.07355267
  160       0.05500924
  161      -0.09977964
  162       0.06597324
  163       0.06018732
  164      -0.08297417
  165       0.03647913
  166       0.05036668
  167      -0.10903669
  168       0.04357324
  169       0.03421758
  170      -0.12228350
  171       0.06668060
  172       0.07298739
  173      -0.09632525
  174       0.04319949
  175       0.05467106
  176      -0.10289702
  177       0.06493472
  178       0.04857147
  179      -0.10278645
  180       0.04648747
  181       0.06373020
  182      -0.08193501
  183       0.02694944
  184       0.04926895
  185      -0.24870220
  186       0.05230804
  187       0.08526134
  188       0.08513089
  189      -0.18853644
  190       0.05716794
  191       0.06322800
  192       0.06779427
  193      -0.08053528
  194       0.05652381
  195       0.04985253
  196      -0.10986438
  197       0.06140764
  198       0.02953491
  199      -0.11373799
  200       0.06483621
  201       0.06426522
  202      -0.12965258
  203       0.05407993
  204       0.07192868
  205      -0.12706462
  206       0.06998047
  207       0.04883739
  208      -0.10495736
  209       0.07256785
  210       0.03969702
  211      -0.01709603
  212       0.06062191
  213       0.03390064
  214      -0.12770077
  215       0.07185893
  216       0.06381605
  217      -0.22626120
  218       0.08120132
  219       0.05706556
  220       0.06302136
  221      -0.20451594
  222       0.05850587
  223       0.06210869
  224       0.07031515
  225      -0.08654631
  226       0.05555071
  227       0.04624945
  228      -0.10647027
  229       0.05060004
  230       0.04297832
  231      -0.13138490
  232       0.05819935
  233       0.06566195
  234      -0.09639024
  235       0.04715898
  236       0.05155274
  237      -0.10756959
  238       0.05529634
  239       0.04763780
  240      -0.08147484
  241       0.02713258
  242       0.04711718
  243      -0.06389098
  244       0.02368067
  245       0.05128174
  246      -0.09057667
  247       0.03501111
  248       0.05843933
  249      -0.21610734
  250       0.07297701
  251       0.06776218
  252       0.08497843
  253      -0.19961713
  254       0.05487059
  255       0.07541178
  256       0.05554103
  257      -0.04038277
  258       0.01201711
  259       0.04713628
  260      -0.19081267
  261       0.04981196
  262       0.05716837
  263      -0.19344183
  264       0.05606588
  265       0.06344434
  266      -0.23928153
  267       0.07989647
  268       0.06666272
  269      -0.04087069
  270       0.06808682
  271       0.10402568
  272      -0.08330010
  273       0.06788171
  274       0.05706899
  275      -0.11695178
  276       0.04276508
  277       0.07277662
  278      -0.11481775
  279       0.06153519
  280       0.07334757
  281      -0.20251400
  282       0.06285906
  283       0.05639785
  284       0.08324180
  285      -0.22808525
  286       0.06893768
  287       0.07720939
  288       0.06282962
  289      -0.10440432
  290       0.05406097
  291       0.06273259
  292      -0.10093892
  293       0.07492023
  294       0.04732341
  295      -0.06295689
  296       0.01381554
  297       0.03646552
  298      -0.10871112
  299       0.04684905
  300       0.06476870
  301      -0.12033238
  302       0.06511255
  303       0.05920994
  304      -0.12055581
  305       0.03906325
  306       0.06758975
  307      -0.10971280
  308       0.06674591
  309       0.05441485
  310      -0.08223582
  311       0.06966412
  312       0.05696285
  313      -0.21247782
  314       0.05453110
  315       0.07165724
  316       0.06116948
  317      -0.22177491
  318       0.05634726
  319       0.05864313
  320       0.06608574
  321      -0.08084308
  322       0.04788529
  323       0.03728263
  324      -0.11377368
  325       0.05987766
  326       0.04837997
  327      -0.13323235
  328       0.05529262
  329       0.07254853
  330      -0.09592017
  331       0.05604940
  332       0.05604001
  333      -0.10083027
  334       0.04467309
  335       0.06131123
  336      -0.11831093
  337       0.06089822
  338       0.06842490
  339      -0.10791022
  340       0.04442533
  341       0.03903713
  342      -0.07088177
  343       0.05007887
  344       0.04856628
  345      -0.22108692
  346       0.06467932
  347       0.06671875
  348       0.08368941
  349      -0.19922825
  350       0.05967408
  351       0.07123738
  352       0.04454852
 
Nr. of electrons (up):    682.00000000
Atom populations (up)
 Atom       Population
    1       4.08804839
    2       0.93201051
    3       0.94967900
    4       4.10714871
    5       0.93982175
    6       0.95420517
    7       4.09042323
    8       0.95869411
    9       0.96440687
   10       4.09842937
   11       0.94759252
   12       0.92888125
   13       4.10117020
   14       0.94686894
   15       0.96122845
   16       4.10446751
   17       0.95139437
   18       0.95112150
   19       4.12960089
   20       0.93716693
   21       0.94155809
   22       4.10017233
   23       0.93672315
   24       0.92773159
   25       4.21004369
   26       0.94567358
   27       0.94291385
   28       0.93761794
   29       4.21158577
   30       0.93870413
   31       0.93569589
   32       0.93208790
   33       4.11099594
   34       0.93742668
   35       0.95195475
   36       4.09886987
   37       0.95771519
   38       0.94361301
   39       4.09402359
   40       0.95141728
   41       0.95287616
   42       4.11249802
   43       0.95185559
   44       0.93824776
   45       4.11681587
   46       0.93537473
   47       0.95815803
   48       4.09260758
   49       0.97013530
   50       0.92068097
   51       4.11380067
   52       0.94310052
   53       0.93246032
   54       4.10500274
   55       0.92932291
   56       0.95663933
   57       4.20607104
   58       0.92720862
   59       0.92862171
   60       0.93687104
   61       4.20251409
   62       0.93724903
   63       0.94248521
   64       0.94803180
   65       4.10453997
   66       0.93224023
   67       0.93558403
   68       4.11821366
   69       0.94209770
   70       0.93741679
   71       4.09439548
   72       0.95571998
   73       0.96196296
   74       4.10990949
   75       0.94559968
   76       0.94892195
   77       4.11044896
   78       0.95149781
   79       0.93138791
   80       4.13452427
   81       0.96179311
   82       0.93805202
   83       4.11405843
   84       0.93710119
   85       0.93304171
   86       4.07953568
   87       0.94045865
   88       0.94262455
   89       4.20366730
   90       0.94844108
   91       0.95129720
   92       0.92161080
   93       4.20307176
   94       0.93902335
   95       0.94453539
   96       0.93393469
   97       4.11960383
   98       0.94430972
   99       0.94052021
  100       4.10167646
  101       0.94074055
  102       0.93392881
  103       4.09225326
  104       0.95028212
  105       0.94854871
  106       4.11345589
  107       0.94173189
  108       0.95579056
  109       4.11294988
  110       0.93164737
  111       0.96512935
  112       4.09874964
  113       0.96821154
  114       0.94934287
  115       4.08565340
  116       0.95901210
  117       0.94480697
  118       4.09252856
  119       0.92677729
  120       0.94721303
  121       4.21755945
  122       0.92184402
  123       0.91932844
  124       0.95621750
  125       4.22778813
  126       0.92786901
  127       0.92528871
  128       0.93614310
  129       4.07625272
  130       0.95541583
  131       0.92829533
  132       4.12984725
  133       0.95752010
  134       0.94404244
  135       4.10082387
  136       0.93947420
  137       0.92211893
  138       4.08012772
  139       0.93889028
  140       0.98368764
  141       4.11046900
  142       0.95376618
  143       0.94242203
  144       4.11005992
  145       0.95188820
  146       0.95111020
  147       4.11458106
  148       0.93923378
  149       0.93772650
  150       4.09890431
  151       0.93731094
  152       0.92794198
  153       4.19123988
  154       0.92691423
  155       0.95232431
  156       0.96221677
  157       4.22830392
  158       0.93208464
  159       0.92644733
  160       0.94499076
  161       4.09977964
  162       0.93402676
  163       0.93981268
  164       4.08297417
  165       0.96352087
  166       0.94963332
  167       4.10903669
  168       0.95642676
  169       0.96578242
  170       4.12228350
  171       0.93331940
  172       0.92701261
  173       4.09632525
  174       0.95680051
  175       0.94532894
  176       4.10289702
  177       0.93506528
  178       0.95142853
  179       4.10278645
  180       0.95351253
  181       0.93626980
  182       4.08193501
  183       0.97305056
  184       0.95073105
  185       4.24870220
  186       0.94769196
  187       0.91473866
  188       0.91486911
  189       4.18853644
  190       0.94283206
  191       0.93677200
  192       0.93220573
  193       4.08053528
  194       0.94347619
  195       0.95014747
  196       4.10986438
  197       0.93859236
  198       0.97046509
  199       4.11373799
  200       0.93516379
  201       0.93573478
  202       4.12965258
  203       0.94592007
  204       0.92807132
  205       4.12706462
  206       0.93001953
  207       0.95116261
  208       4.10495736
  209       0.92743215
  210       0.96030298
  211       4.01709603
  212       0.93937809
  213       0.96609936
  214       4.12770077
  215       0.92814107
  216       0.93618395
  217       4.22626120
  218       0.91879868
  219       0.94293444
  220       0.93697864
  221       4.20451594
  222       0.94149413
  223       0.93789131
  224       0.92968485
  225       4.08654631
  226       0.94444929
  227       0.95375055
  228       4.10647027
  229       0.94939996
  230       0.95702168
  231       4.13138490
  232       0.94180065
  233       0.93433805
  234       4.09639024
  235       0.95284102
  236       0.94844726
  237       4.10756959
  238       0.94470366
  239       0.95236220
  240       4.08147484
  241       0.97286742
  242       0.95288282
  243       4.06389098
  244       0.97631933
  245       0.94871826
  246       4.09057667
  247       0.96498889
  248       0.94156067
  249       4.21610734
  250       0.92702299
  251       0.93223782
  252       0.91502157
  253       4.19961713
  254       0.94512941
  255       0.92458822
  256       0.94445897
  257       4.04038277
  258       0.98798289
  259       0.95286372
  260       4.19081267
  261       0.95018804
  262       0.94283163
  263       4.19344183
  264       0.94393412
  265       0.93655566
  266       4.23928153
  267       0.92010353
  268       0.93333728
  269       4.04087069
  270       0.93191318
  271       0.89597432
  272       4.08330010
  273       0.93211829
  274       0.94293101
  275       4.11695178
  276       0.95723492
  277       0.92722338
  278       4.11481775
  279       0.93846481
  280       0.92665243
  281       4.20251400
  282       0.93714094
  283       0.94360215
  284       0.91675820
  285       4.22808525
  286       0.93106232
  287       0.92279061
  288       0.93717038
  289       4.10440432
  290       0.94593903
  291       0.93726741
  292       4.10093892
  293       0.92507977
  294       0.95267659
  295       4.06295689
  296       0.98618446
  297       0.96353448
  298       4.10871112
  299       0.95315095
  300       0.93523130
  301       4.12033238
  302       0.93488745
  303       0.94079006
  304       4.12055581
  305       0.96093675
  306       0.93241025
  307       4.10971280
  308       0.93325409
  309       0.94558515
  310       4.08223582
  311       0.93033588
  312       0.94303715
  313       4.21247782
  314       0.94546890
  315       0.92834276
  316       0.93883052
  317       4.22177491
  318       0.94365274
  319       0.94135687
  320       0.93391426
  321       4.08084308
  322       0.95211471
  323       0.96271737
  324       4.11377368
  325       0.94012234
  326       0.95162003
  327       4.13323235
  328       0.94470738
  329       0.92745147
  330       4.09592017
  331       0.94395060
  332       0.94395999
  333       4.10083027
  334       0.95532691
  335       0.93868877
  336       4.11831093
  337       0.93910178
  338       0.93157510
  339       4.10791022
  340       0.95557467
  341       0.96096287
  342       4.07088177
  343       0.94992113
  344       0.95143372
  345       4.22108692
  346       0.93532068
  347       0.93328125
  348       0.91631059
  349       4.19922825
  350       0.94032592
  351       0.92876262
  352       0.95545148
 
l-shell populations (up)
 Atom Sh.   l       Population
    1   1   0       1.24527209
    1   2   1       2.84277630
    2   1   0       0.93201051
    3   1   0       0.94967900
    4   1   0       1.23942857
    4   2   1       2.86772014
    5   1   0       0.93982175
    6   1   0       0.95420517
    7   1   0       1.24055248
    7   2   1       2.84987074
    8   1   0       0.95869411
    9   1   0       0.96440687
   10   1   0       1.23358031
   10   2   1       2.86484906
   11   1   0       0.94759252
   12   1   0       0.92888125
   13   1   0       1.25601262
   13   2   1       2.84515758
   14   1   0       0.94686894
   15   1   0       0.96122845
   16   1   0       1.24800842
   16   2   1       2.85645908
   17   1   0       0.95139437
   18   1   0       0.95112150
   19   1   0       1.24923094
   19   2   1       2.88036995
   20   1   0       0.93716693
   21   1   0       0.94155809
   22   1   0       1.24074340
   22   2   1       2.85942893
   23   1   0       0.93672315
   24   1   0       0.92773159
   25   1   0       1.29249228
   25   2   1       2.91755141
   26   1   0       0.94567358
   27   1   0       0.94291385
   28   1   0       0.93761794
   29   1   0       1.27636663
   29   2   1       2.93521914
   30   1   0       0.93870413
   31   1   0       0.93569589
   32   1   0       0.93208790
   33   1   0       1.24708786
   33   2   1       2.86390808
   34   1   0       0.93742668
   35   1   0       0.95195475
   36   1   0       1.26115669
   36   2   1       2.83771317
   37   1   0       0.95771519
   38   1   0       0.94361301
   39   1   0       1.25477972
   39   2   1       2.83924388
   40   1   0       0.95141728
   41   1   0       0.95287616
   42   1   0       1.25622180
   42   2   1       2.85627622
   43   1   0       0.95185559
   44   1   0       0.93824776
   45   1   0       1.24833031
   45   2   1       2.86848557
   46   1   0       0.93537473
   47   1   0       0.95815803
   48   1   0       1.23415340
   48   2   1       2.85845418
   49   1   0       0.97013530
   50   1   0       0.92068097
   51   1   0       1.23688216
   51   2   1       2.87691850
   52   1   0       0.94310052
   53   1   0       0.93246032
   54   1   0       1.23173022
   54   2   1       2.87327252
   55   1   0       0.92932291
   56   1   0       0.95663933
   57   1   0       1.27519654
   57   2   1       2.93087450
   58   1   0       0.92720862
   59   1   0       0.92862171
   60   1   0       0.93687104
   61   1   0       1.27734130
   61   2   1       2.92517279
   62   1   0       0.93724903
   63   1   0       0.94248521
   64   1   0       0.94803180
   65   1   0       1.25438529
   65   2   1       2.85015468
   66   1   0       0.93224023
   67   1   0       0.93558403
   68   1   0       1.24742802
   68   2   1       2.87078563
   69   1   0       0.94209770
   70   1   0       0.93741679
   71   1   0       1.24639134
   71   2   1       2.84800414
   72   1   0       0.95571998
   73   1   0       0.96196296
   74   1   0       1.23768207
   74   2   1       2.87222741
   75   1   0       0.94559968
   76   1   0       0.94892195
   77   1   0       1.25126467
   77   2   1       2.85918429
   78   1   0       0.95149781
   79   1   0       0.93138791
   80   1   0       1.27809116
   80   2   1       2.85643311
   81   1   0       0.96179311
   82   1   0       0.93805202
   83   1   0       1.25009918
   83   2   1       2.86395926
   84   1   0       0.93710119
   85   1   0       0.93304171
   86   1   0       1.22614775
   86   2   1       2.85338793
   87   1   0       0.94045865
   88   1   0       0.94262455
   89   1   0       1.27941328
   89   2   1       2.92425402
   90   1   0       0.94844108
   91   1   0       0.95129720
   92   1   0       0.92161080
   93   1   0       1.26452775
   93   2   1       2.93854401
   94   1   0       0.93902335
   95   1   0       0.94453539
   96   1   0       0.93393469
   97   1   0       1.25371568
   97   2   1       2.86588815
   98   1   0       0.94430972
   99   1   0       0.94052021
  100   1   0       1.22865193
  100   2   1       2.87302453
  101   1   0       0.94074055
  102   1   0       0.93392881
  103   1   0       1.22752093
  103   2   1       2.86473233
  104   1   0       0.95028212
  105   1   0       0.94854871
  106   1   0       1.24649102
  106   2   1       2.86696487
  107   1   0       0.94173189
  108   1   0       0.95579056
  109   1   0       1.24634163
  109   2   1       2.86660825
  110   1   0       0.93164737
  111   1   0       0.96512935
  112   1   0       1.24663611
  112   2   1       2.85211353
  113   1   0       0.96821154
  114   1   0       0.94934287
  115   1   0       1.23088184
  115   2   1       2.85477156
  116   1   0       0.95901210
  117   1   0       0.94480697
  118   1   0       1.22569154
  118   2   1       2.86683702
  119   1   0       0.92677729
  120   1   0       0.94721303
  121   1   0       1.26195117
  121   2   1       2.95560828
  122   1   0       0.92184402
  123   1   0       0.91932844
  124   1   0       0.95621750
  125   1   0       1.26335287
  125   2   1       2.96443525
  126   1   0       0.92786901
  127   1   0       0.92528871
  128   1   0       0.93614310
  129   1   0       1.20706283
  129   2   1       2.86918988
  130   1   0       0.95541583
  131   1   0       0.92829533
  132   1   0       1.25489415
  132   2   1       2.87495310
  133   1   0       0.95752010
  134   1   0       0.94404244
  135   1   0       1.25786208
  135   2   1       2.84296179
  136   1   0       0.93947420
  137   1   0       0.92211893
  138   1   0       1.24725405
  138   2   1       2.83287367
  139   1   0       0.93889028
  140   1   0       0.98368764
  141   1   0       1.23373959
  141   2   1       2.87672941
  142   1   0       0.95376618
  143   1   0       0.94242203
  144   1   0       1.24817863
  144   2   1       2.86188129
  145   1   0       0.95188820
  146   1   0       0.95111020
  147   1   0       1.24540423
  147   2   1       2.86917682
  148   1   0       0.93923378
  149   1   0       0.93772650
  150   1   0       1.24492370
  150   2   1       2.85398061
  151   1   0       0.93731094
  152   1   0       0.92794198
  153   1   0       1.25198201
  153   2   1       2.93925787
  154   1   0       0.92691423
  155   1   0       0.95232431
  156   1   0       0.96221677
  157   1   0       1.26621700
  157   2   1       2.96208691
  158   1   0       0.93208464
  159   1   0       0.92644733
  160   1   0       0.94499076
  161   1   0       1.25335434
  161   2   1       2.84642530
  162   1   0       0.93402676
  163   1   0       0.93981268
  164   1   0       1.22959271
  164   2   1       2.85338147
  165   1   0       0.96352087
  166   1   0       0.94963332
  167   1   0       1.24091951
  167   2   1       2.86811718
  168   1   0       0.95642676
  169   1   0       0.96578242
  170   1   0       1.25123251
  170   2   1       2.87105099
  171   1   0       0.93331940
  172   1   0       0.92701261
  173   1   0       1.23815152
  173   2   1       2.85817373
  174   1   0       0.95680051
  175   1   0       0.94532894
  176   1   0       1.23646284
  176   2   1       2.86643419
  177   1   0       0.93506528
  178   1   0       0.95142853
  179   1   0       1.25368925
  179   2   1       2.84909721
  180   1   0       0.95351253
  181   1   0       0.93626980
  182   1   0       1.24623056
  182   2   1       2.83570445
  183   1   0       0.97305056
  184   1   0       0.95073105
  185   1   0       1.27942355
  185   2   1       2.96927865
  186   1   0       0.94769196
  187   1   0       0.91473866
  188   1   0       0.91486911
  189   1   0       1.25905780
  189   2   1       2.92947864
  190   1   0       0.94283206
  191   1   0       0.93677200
  192   1   0       0.93220573
  193   1   0       1.23997716
  193   2   1       2.84055812
  194   1   0       0.94347619
  195   1   0       0.95014747
  196   1   0       1.24757232
  196   2   1       2.86229206
  197   1   0       0.93859236
  198   1   0       0.97046509
  199   1   0       1.27231503
  199   2   1       2.84142296
  200   1   0       0.93516379
  201   1   0       0.93573478
  202   1   0       1.30053013
  202   2   1       2.82912245
  203   1   0       0.94592007
  204   1   0       0.92807132
  205   1   0       1.23064800
  205   2   1       2.89641661
  206   1   0       0.93001953
  207   1   0       0.95116261
  208   1   0       1.22611606
  208   2   1       2.87884131
  209   1   0       0.92743215
  210   1   0       0.96030298
  211   1   0       1.23117630
  211   2   1       2.78591973
  212   1   0       0.93937809
  213   1   0       0.96609936
  214   1   0       1.23754080
  214   2   1       2.89015996
  215   1   0       0.92814107
  216   1   0       0.93618395
  217   1   0       1.26821128
  217   2   1       2.95804991
  218   1   0       0.91879868
  219   1   0       0.94293444
  220   1   0       0.93697864
  221   1   0       1.25181523
  221   2   1       2.95270072
  222   1   0       0.94149413
  223   1   0       0.93789131
  224   1   0       0.92968485
  225   1   0       1.22267052
  225   2   1       2.86387578
  226   1   0       0.94444929
  227   1   0       0.95375055
  228   1   0       1.24870601
  228   2   1       2.85776426
  229   1   0       0.94939996
  230   1   0       0.95702168
  231   1   0       1.23360142
  231   2   1       2.89778348
  232   1   0       0.94180065
  233   1   0       0.93433805
  234   1   0       1.24573728
  234   2   1       2.85065296
  235   1   0       0.95284102
  236   1   0       0.94844726
  237   1   0       1.24566933
  237   2   1       2.86190026
  238   1   0       0.94470366
  239   1   0       0.95236220
  240   1   0       1.24146439
  240   2   1       2.84001045
  241   1   0       0.97286742
  242   1   0       0.95288282
  243   1   0       1.23501039
  243   2   1       2.82888060
  244   1   0       0.97631933
  245   1   0       0.94871826
  246   1   0       1.23557571
  246   2   1       2.85500095
  247   1   0       0.96498889
  248   1   0       0.94156067
  249   1   0       1.25352533
  249   2   1       2.96258201
  250   1   0       0.92702299
  251   1   0       0.93223782
  252   1   0       0.91502157
  253   1   0       1.27659783
  253   2   1       2.92301931
  254   1   0       0.94512941
  255   1   0       0.92458822
  256   1   0       0.94445897
  257   1   0       1.22983432
  257   2   1       2.81054844
  258   1   0       0.98798289
  259   1   0       0.95286372
  260   1   0       1.26195780
  260   2   1       2.92885487
  261   1   0       0.95018804
  262   1   0       0.94283163
  263   1   0       1.27024358
  263   2   1       2.92319825
  264   1   0       0.94393412
  265   1   0       0.93655566
  266   1   0       1.27766576
  266   2   1       2.96161577
  267   1   0       0.92010353
  268   1   0       0.93333728
  269   1   0       1.23300391
  269   2   1       2.80786678
  270   1   0       0.93191318
  271   1   0       0.89597432
  272   1   0       1.23052815
  272   2   1       2.85277195
  273   1   0       0.93211829
  274   1   0       0.94293101
  275   1   0       1.25178663
  275   2   1       2.86516514
  276   1   0       0.95723492
  277   1   0       0.92722338
  278   1   0       1.25923214
  278   2   1       2.85558561
  279   1   0       0.93846481
  280   1   0       0.92665243
  281   1   0       1.26514977
  281   2   1       2.93736423
  282   1   0       0.93714094
  283   1   0       0.94360215
  284   1   0       0.91675820
  285   1   0       1.29381585
  285   2   1       2.93426940
  286   1   0       0.93106232
  287   1   0       0.92279061
  288   1   0       0.93717038
  289   1   0       1.24306535
  289   2   1       2.86133897
  290   1   0       0.94593903
  291   1   0       0.93726741
  292   1   0       1.23867917
  292   2   1       2.86225975
  293   1   0       0.92507977
  294   1   0       0.95267659
  295   1   0       1.25866812
  295   2   1       2.80428877
  296   1   0       0.98618446
  297   1   0       0.96353448
  298   1   0       1.24166574
  298   2   1       2.86704538
  299   1   0       0.95315095
  300   1   0       0.93523130
  301   1   0       1.22791936
  301   2   1       2.89241302
  302   1   0       0.93488745
  303   1   0       0.94079006
  304   1   0       1.23257015
  304   2   1       2.88798566
  305   1   0       0.96093675
  306   1   0       0.93241025
  307   1   0       1.21630270
  307   2   1       2.89341011
  308   1   0       0.93325409
  309   1   0       0.94558515
  310   1   0       1.22703269
  310   2   1       2.85520313
  311   1   0       0.93033588
  312   1   0       0.94303715
  313   1   0       1.26659293
  313   2   1       2.94588489
  314   1   0       0.94546890
  315   1   0       0.92834276
  316   1   0       0.93883052
  317   1   0       1.29452402
  317   2   1       2.92725089
  318   1   0       0.94365274
  319   1   0       0.94135687
  320   1   0       0.93391426
  321   1   0       1.25626342
  321   2   1       2.82457966
  322   1   0       0.95211471
  323   1   0       0.96271737
  324   1   0       1.27391086
  324   2   1       2.83986282
  325   1   0       0.94012234
  326   1   0       0.95162003
  327   1   0       1.24432539
  327   2   1       2.88890696
  328   1   0       0.94470738
  329   1   0       0.92745147
  330   1   0       1.22079548
  330   2   1       2.87512469
  331   1   0       0.94395060
  332   1   0       0.94395999
  333   1   0       1.22732372
  333   2   1       2.87350656
  334   1   0       0.95532691
  335   1   0       0.93868877
  336   1   0       1.22051743
  336   2   1       2.89779351
  337   1   0       0.93910178
  338   1   0       0.93157510
  339   1   0       1.24529382
  339   2   1       2.86261640
  340   1   0       0.95557467
  341   1   0       0.96096287
  342   1   0       1.21467059
  342   2   1       2.85621118
  343   1   0       0.94992113
  344   1   0       0.95143372
  345   1   0       1.26346064
  345   2   1       2.95762627
  346   1   0       0.93532068
  347   1   0       0.93328125
  348   1   0       0.91631059
  349   1   0       1.25882401
  349   2   1       2.94040424
  350   1   0       0.94032592
  351   1   0       0.92876262
  352   1   0       0.95545148
 
Orbital populations (up)
 Atom Sh.   l   m       Population  Label
    1   1   0   0       1.24527209  s
    1   2   1  -1       0.94311500  p_y
    1   2   1   0       0.95065302  p_z
    1   2   1   1       0.94900828  p_x
    2   1   0   0       0.93201051  s
    3   1   0   0       0.94967900  s
    4   1   0   0       1.23942857  s
    4   2   1  -1       0.94521763  p_y
    4   2   1   0       0.99061640  p_z
    4   2   1   1       0.93188610  p_x
    5   1   0   0       0.93982175  s
    6   1   0   0       0.95420517  s
    7   1   0   0       1.24055248  s
    7   2   1  -1       0.96747607  p_y
    7   2   1   0       0.94998147  p_z
    7   2   1   1       0.93241320  p_x
    8   1   0   0       0.95869411  s
    9   1   0   0       0.96440687  s
   10   1   0   0       1.23358031  s
   10   2   1  -1       0.96313223  p_y
   10   2   1   0       0.95786808  p_z
   10   2   1   1       0.94384875  p_x
   11   1   0   0       0.94759252  s
   12   1   0   0       0.92888125  s
   13   1   0   0       1.25601262  s
   13   2   1  -1       0.97159770  p_y
   13   2   1   0       0.95864859  p_z
   13   2   1   1       0.91491129  p_x
   14   1   0   0       0.94686894  s
   15   1   0   0       0.96122845  s
   16   1   0   0       1.24800842  s
   16   2   1  -1       0.96341126  p_y
   16   2   1   0       0.93350166  p_z
   16   2   1   1       0.95954616  p_x
   17   1   0   0       0.95139437  s
   18   1   0   0       0.95112150  s
   19   1   0   0       1.24923094  s
   19   2   1  -1       0.95255452  p_y
   19   2   1   0       0.93457269  p_z
   19   2   1   1       0.99324275  p_x
   20   1   0   0       0.93716693  s
   21   1   0   0       0.94155809  s
   22   1   0   0       1.24074340  s
   22   2   1  -1       0.94805360  p_y
   22   2   1   0       0.93019639  p_z
   22   2   1   1       0.98117894  p_x
   23   1   0   0       0.93672315  s
   24   1   0   0       0.92773159  s
   25   1   0   0       1.29249228  s
   25   2   1  -1       0.97363957  p_y
   25   2   1   0       0.96592626  p_z
   25   2   1   1       0.97798558  p_x
   26   1   0   0       0.94567358  s
   27   1   0   0       0.94291385  s
   28   1   0   0       0.93761794  s
   29   1   0   0       1.27636663  s
   29   2   1  -1       0.98861264  p_y
   29   2   1   0       0.95794369  p_z
   29   2   1   1       0.98866280  p_x
   30   1   0   0       0.93870413  s
   31   1   0   0       0.93569589  s
   32   1   0   0       0.93208790  s
   33   1   0   0       1.24708786  s
   33   2   1  -1       0.95384279  p_y
   33   2   1   0       0.94253754  p_z
   33   2   1   1       0.96752775  p_x
   34   1   0   0       0.93742668  s
   35   1   0   0       0.95195475  s
   36   1   0   0       1.26115669  s
   36   2   1  -1       0.96237314  p_y
   36   2   1   0       0.92980008  p_z
   36   2   1   1       0.94553996  p_x
   37   1   0   0       0.95771519  s
   38   1   0   0       0.94361301  s
   39   1   0   0       1.25477972  s
   39   2   1  -1       0.95489585  p_y
   39   2   1   0       0.93765241  p_z
   39   2   1   1       0.94669561  p_x
   40   1   0   0       0.95141728  s
   41   1   0   0       0.95287616  s
   42   1   0   0       1.25622180  s
   42   2   1  -1       0.96593147  p_y
   42   2   1   0       0.95412433  p_z
   42   2   1   1       0.93622041  p_x
   43   1   0   0       0.95185559  s
   44   1   0   0       0.93824776  s
   45   1   0   0       1.24833031  s
   45   2   1  -1       0.95679971  p_y
   45   2   1   0       0.94891340  p_z
   45   2   1   1       0.96277245  p_x
   46   1   0   0       0.93537473  s
   47   1   0   0       0.95815803  s
   48   1   0   0       1.23415340  s
   48   2   1  -1       0.91769413  p_y
   48   2   1   0       0.98970660  p_z
   48   2   1   1       0.95105345  p_x
   49   1   0   0       0.97013530  s
   50   1   0   0       0.92068097  s
   51   1   0   0       1.23688216  s
   51   2   1  -1       0.93785992  p_y
   51   2   1   0       0.96159271  p_z
   51   2   1   1       0.97746588  p_x
   52   1   0   0       0.94310052  s
   53   1   0   0       0.93246032  s
   54   1   0   0       1.23173022  s
   54   2   1  -1       0.95110252  p_y
   54   2   1   0       0.96463074  p_z
   54   2   1   1       0.95753926  p_x
   55   1   0   0       0.92932291  s
   56   1   0   0       0.95663933  s
   57   1   0   0       1.27519654  s
   57   2   1  -1       0.99035311  p_y
   57   2   1   0       0.97620102  p_z
   57   2   1   1       0.96432036  p_x
   58   1   0   0       0.92720862  s
   59   1   0   0       0.92862171  s
   60   1   0   0       0.93687104  s
   61   1   0   0       1.27734130  s
   61   2   1  -1       0.95941941  p_y
   61   2   1   0       0.99949744  p_z
   61   2   1   1       0.96625595  p_x
   62   1   0   0       0.93724903  s
   63   1   0   0       0.94248521  s
   64   1   0   0       0.94803180  s
   65   1   0   0       1.25438529  s
   65   2   1  -1       0.96658540  p_y
   65   2   1   0       0.93818269  p_z
   65   2   1   1       0.94538659  p_x
   66   1   0   0       0.93224023  s
   67   1   0   0       0.93558403  s
   68   1   0   0       1.24742802  s
   68   2   1  -1       0.96322406  p_y
   68   2   1   0       0.95741555  p_z
   68   2   1   1       0.95014603  p_x
   69   1   0   0       0.94209770  s
   70   1   0   0       0.93741679  s
   71   1   0   0       1.24639134  s
   71   2   1  -1       0.96023313  p_y
   71   2   1   0       0.94196589  p_z
   71   2   1   1       0.94580511  p_x
   72   1   0   0       0.95571998  s
   73   1   0   0       0.96196296  s
   74   1   0   0       1.23768207  s
   74   2   1  -1       0.97948343  p_y
   74   2   1   0       0.97332229  p_z
   74   2   1   1       0.91942169  p_x
   75   1   0   0       0.94559968  s
   76   1   0   0       0.94892195  s
   77   1   0   0       1.25126467  s
   77   2   1  -1       0.98587167  p_y
   77   2   1   0       0.94266500  p_z
   77   2   1   1       0.93064763  p_x
   78   1   0   0       0.95149781  s
   79   1   0   0       0.93138791  s
   80   1   0   0       1.27809116  s
   80   2   1  -1       0.93846431  p_y
   80   2   1   0       0.96415963  p_z
   80   2   1   1       0.95380917  p_x
   81   1   0   0       0.96179311  s
   82   1   0   0       0.93805202  s
   83   1   0   0       1.25009918  s
   83   2   1  -1       0.95552087  p_y
   83   2   1   0       0.94909624  p_z
   83   2   1   1       0.95934215  p_x
   84   1   0   0       0.93710119  s
   85   1   0   0       0.93304171  s
   86   1   0   0       1.22614775  s
   86   2   1  -1       0.95641421  p_y
   86   2   1   0       0.95679561  p_z
   86   2   1   1       0.94017811  p_x
   87   1   0   0       0.94045865  s
   88   1   0   0       0.94262455  s
   89   1   0   0       1.27941328  s
   89   2   1  -1       0.98363571  p_y
   89   2   1   0       0.95401895  p_z
   89   2   1   1       0.98659936  p_x
   90   1   0   0       0.94844108  s
   91   1   0   0       0.95129720  s
   92   1   0   0       0.92161080  s
   93   1   0   0       1.26452775  s
   93   2   1  -1       0.99491951  p_y
   93   2   1   0       0.98010800  p_z
   93   2   1   1       0.96351649  p_x
   94   1   0   0       0.93902335  s
   95   1   0   0       0.94453539  s
   96   1   0   0       0.93393469  s
   97   1   0   0       1.25371568  s
   97   2   1  -1       0.99007608  p_y
   97   2   1   0       0.92717328  p_z
   97   2   1   1       0.94863878  p_x
   98   1   0   0       0.94430972  s
   99   1   0   0       0.94052021  s
  100   1   0   0       1.22865193  s
  100   2   1  -1       0.98667829  p_y
  100   2   1   0       0.92457677  p_z
  100   2   1   1       0.96176947  p_x
  101   1   0   0       0.94074055  s
  102   1   0   0       0.93392881  s
  103   1   0   0       1.22752093  s
  103   2   1  -1       0.96235723  p_y
  103   2   1   0       0.94473362  p_z
  103   2   1   1       0.95764148  p_x
  104   1   0   0       0.95028212  s
  105   1   0   0       0.94854871  s
  106   1   0   0       1.24649102  s
  106   2   1  -1       0.97042023  p_y
  106   2   1   0       0.95183060  p_z
  106   2   1   1       0.94471405  p_x
  107   1   0   0       0.94173189  s
  108   1   0   0       0.95579056  s
  109   1   0   0       1.24634163  s
  109   2   1  -1       0.96925393  p_y
  109   2   1   0       0.94858845  p_z
  109   2   1   1       0.94876587  p_x
  110   1   0   0       0.93164737  s
  111   1   0   0       0.96512935  s
  112   1   0   0       1.24663611  s
  112   2   1  -1       0.93377012  p_y
  112   2   1   0       0.94607177  p_z
  112   2   1   1       0.97227164  p_x
  113   1   0   0       0.96821154  s
  114   1   0   0       0.94934287  s
  115   1   0   0       1.23088184  s
  115   2   1  -1       0.93026198  p_y
  115   2   1   0       0.98244863  p_z
  115   2   1   1       0.94206095  p_x
  116   1   0   0       0.95901210  s
  117   1   0   0       0.94480697  s
  118   1   0   0       1.22569154  s
  118   2   1  -1       0.92730814  p_y
  118   2   1   0       0.96049623  p_z
  118   2   1   1       0.97903266  p_x
  119   1   0   0       0.92677729  s
  120   1   0   0       0.94721303  s
  121   1   0   0       1.26195117  s
  121   2   1  -1       0.98213786  p_y
  121   2   1   0       1.00987861  p_z
  121   2   1   1       0.96359182  p_x
  122   1   0   0       0.92184402  s
  123   1   0   0       0.91932844  s
  124   1   0   0       0.95621750  s
  125   1   0   0       1.26335287  s
  125   2   1  -1       0.98134366  p_y
  125   2   1   0       1.00550679  p_z
  125   2   1   1       0.97758479  p_x
  126   1   0   0       0.92786901  s
  127   1   0   0       0.92528871  s
  128   1   0   0       0.93614310  s
  129   1   0   0       1.20706283  s
  129   2   1  -1       0.96810030  p_y
  129   2   1   0       0.94933469  p_z
  129   2   1   1       0.95175489  p_x
  130   1   0   0       0.95541583  s
  131   1   0   0       0.92829533  s
  132   1   0   0       1.25489415  s
  132   2   1  -1       0.97780649  p_y
  132   2   1   0       0.95482360  p_z
  132   2   1   1       0.94232301  p_x
  133   1   0   0       0.95752010  s
  134   1   0   0       0.94404244  s
  135   1   0   0       1.25786208  s
  135   2   1  -1       0.95869776  p_y
  135   2   1   0       0.93343835  p_z
  135   2   1   1       0.95082568  p_x
  136   1   0   0       0.93947420  s
  137   1   0   0       0.92211893  s
  138   1   0   0       1.24725405  s
  138   2   1  -1       0.94368327  p_y
  138   2   1   0       0.96761095  p_z
  138   2   1   1       0.92157945  p_x
  139   1   0   0       0.93889028  s
  140   1   0   0       0.98368764  s
  141   1   0   0       1.23373959  s
  141   2   1  -1       0.97234603  p_y
  141   2   1   0       0.94368527  p_z
  141   2   1   1       0.96069812  p_x
  142   1   0   0       0.95376618  s
  143   1   0   0       0.94242203  s
  144   1   0   0       1.24817863  s
  144   2   1  -1       0.96032570  p_y
  144   2   1   0       0.92492480  p_z
  144   2   1   1       0.97663079  p_x
  145   1   0   0       0.95188820  s
  146   1   0   0       0.95111020  s
  147   1   0   0       1.24540423  s
  147   2   1  -1       0.94617667  p_y
  147   2   1   0       0.95090069  p_z
  147   2   1   1       0.97209946  p_x
  148   1   0   0       0.93923378  s
  149   1   0   0       0.93772650  s
  150   1   0   0       1.24492370  s
  150   2   1  -1       0.95824749  p_y
  150   2   1   0       0.92832522  p_z
  150   2   1   1       0.96740790  p_x
  151   1   0   0       0.93731094  s
  152   1   0   0       0.92794198  s
  153   1   0   0       1.25198201  s
  153   2   1  -1       0.98156982  p_y
  153   2   1   0       0.96843516  p_z
  153   2   1   1       0.98925289  p_x
  154   1   0   0       0.92691423  s
  155   1   0   0       0.95232431  s
  156   1   0   0       0.96221677  s
  157   1   0   0       1.26621700  s
  157   2   1  -1       1.00378634  p_y
  157   2   1   0       0.94999646  p_z
  157   2   1   1       1.00830411  p_x
  158   1   0   0       0.93208464  s
  159   1   0   0       0.92644733  s
  160   1   0   0       0.94499076  s
  161   1   0   0       1.25335434  s
  161   2   1  -1       0.95222008  p_y
  161   2   1   0       0.92529958  p_z
  161   2   1   1       0.96890565  p_x
  162   1   0   0       0.93402676  s
  163   1   0   0       0.93981268  s
  164   1   0   0       1.22959271  s
  164   2   1  -1       0.97370012  p_y
  164   2   1   0       0.95782078  p_z
  164   2   1   1       0.92186057  p_x
  165   1   0   0       0.96352087  s
  166   1   0   0       0.94963332  s
  167   1   0   0       1.24091951  s
  167   2   1  -1       0.99452080  p_y
  167   2   1   0       0.94135375  p_z
  167   2   1   1       0.93224263  p_x
  168   1   0   0       0.95642676  s
  169   1   0   0       0.96578242  s
  170   1   0   0       1.25123251  s
  170   2   1  -1       0.94762368  p_y
  170   2   1   0       0.98320658  p_z
  170   2   1   1       0.94022072  p_x
  171   1   0   0       0.93331940  s
  172   1   0   0       0.92701261  s
  173   1   0   0       1.23815152  s
  173   2   1  -1       0.92940740  p_y
  173   2   1   0       0.96333352  p_z
  173   2   1   1       0.96543280  p_x
  174   1   0   0       0.95680051  s
  175   1   0   0       0.94532894  s
  176   1   0   0       1.23646284  s
  176   2   1  -1       0.90273770  p_y
  176   2   1   0       0.97279112  p_z
  176   2   1   1       0.99090537  p_x
  177   1   0   0       0.93506528  s
  178   1   0   0       0.95142853  s
  179   1   0   0       1.25368925  s
  179   2   1  -1       0.93725748  p_y
  179   2   1   0       0.96451959  p_z
  179   2   1   1       0.94732013  p_x
  180   1   0   0       0.95351253  s
  181   1   0   0       0.93626980  s
  182   1   0   0       1.24623056  s
  182   2   1  -1       0.96807247  p_y
  182   2   1   0       0.93741240  p_z
  182   2   1   1       0.93021957  p_x
  183   1   0   0       0.97305056  s
  184   1   0   0       0.95073105  s
  185   1   0   0       1.27942355  s
  185   2   1  -1       1.01004119  p_y
  185   2   1   0       0.96716354  p_z
  185   2   1   1       0.99207392  p_x
  186   1   0   0       0.94769196  s
  187   1   0   0       0.91473866  s
  188   1   0   0       0.91486911  s
  189   1   0   0       1.25905780  s
  189   2   1  -1       0.95572728  p_y
  189   2   1   0       0.97503888  p_z
  189   2   1   1       0.99871248  p_x
  190   1   0   0       0.94283206  s
  191   1   0   0       0.93677200  s
  192   1   0   0       0.93220573  s
  193   1   0   0       1.23997716  s
  193   2   1  -1       0.96175941  p_y
  193   2   1   0       0.90825347  p_z
  193   2   1   1       0.97054524  p_x
  194   1   0   0       0.94347619  s
  195   1   0   0       0.95014747  s
  196   1   0   0       1.24757232  s
  196   2   1  -1       0.97669675  p_y
  196   2   1   0       0.94187678  p_z
  196   2   1   1       0.94371853  p_x
  197   1   0   0       0.93859236  s
  198   1   0   0       0.97046509  s
  199   1   0   0       1.27231503  s
  199   2   1  -1       0.95523154  p_y
  199   2   1   0       0.95449300  p_z
  199   2   1   1       0.93169841  p_x
  200   1   0   0       0.93516379  s
  201   1   0   0       0.93573478  s
  202   1   0   0       1.30053013  s
  202   2   1  -1       0.93384656  p_y
  202   2   1   0       0.94601468  p_z
  202   2   1   1       0.94926121  p_x
  203   1   0   0       0.94592007  s
  204   1   0   0       0.92807132  s
  205   1   0   0       1.23064800  s
  205   2   1  -1       0.97649024  p_y
  205   2   1   0       0.91515403  p_z
  205   2   1   1       1.00477235  p_x
  206   1   0   0       0.93001953  s
  207   1   0   0       0.95116261  s
  208   1   0   0       1.22611606  s
  208   2   1  -1       0.98205497  p_y
  208   2   1   0       0.93284720  p_z
  208   2   1   1       0.96393914  p_x
  209   1   0   0       0.92743215  s
  210   1   0   0       0.96030298  s
  211   1   0   0       1.23117630  s
  211   2   1  -1       0.91548836  p_y
  211   2   1   0       0.93944059  p_z
  211   2   1   1       0.93099078  p_x
  212   1   0   0       0.93937809  s
  213   1   0   0       0.96609936  s
  214   1   0   0       1.23754080  s
  214   2   1  -1       0.99941600  p_y
  214   2   1   0       0.94131864  p_z
  214   2   1   1       0.94942532  p_x
  215   1   0   0       0.92814107  s
  216   1   0   0       0.93618395  s
  217   1   0   0       1.26821128  s
  217   2   1  -1       1.02938410  p_y
  217   2   1   0       0.92538478  p_z
  217   2   1   1       1.00328103  p_x
  218   1   0   0       0.91879868  s
  219   1   0   0       0.94293444  s
  220   1   0   0       0.93697864  s
  221   1   0   0       1.25181523  s
  221   2   1  -1       1.00450946  p_y
  221   2   1   0       0.96004899  p_z
  221   2   1   1       0.98814227  p_x
  222   1   0   0       0.94149413  s
  223   1   0   0       0.93789131  s
  224   1   0   0       0.92968485  s
  225   1   0   0       1.22267052  s
  225   2   1  -1       0.96400196  p_y
  225   2   1   0       0.96620262  p_z
  225   2   1   1       0.93367120  p_x
  226   1   0   0       0.94444929  s
  227   1   0   0       0.95375055  s
  228   1   0   0       1.24870601  s
  228   2   1  -1       0.95844952  p_y
  228   2   1   0       0.95813473  p_z
  228   2   1   1       0.94118001  p_x
  229   1   0   0       0.94939996  s
  230   1   0   0       0.95702168  s
  231   1   0   0       1.23360142  s
  231   2   1  -1       0.94209309  p_y
  231   2   1   0       0.99466194  p_z
  231   2   1   1       0.96102844  p_x
  232   1   0   0       0.94180065  s
  233   1   0   0       0.93433805  s
  234   1   0   0       1.24573728  s
  234   2   1  -1       0.94425280  p_y
  234   2   1   0       0.95342510  p_z
  234   2   1   1       0.95297506  p_x
  235   1   0   0       0.95284102  s
  236   1   0   0       0.94844726  s
  237   1   0   0       1.24566933  s
  237   2   1  -1       0.93759097  p_y
  237   2   1   0       0.96376076  p_z
  237   2   1   1       0.96054853  p_x
  238   1   0   0       0.94470366  s
  239   1   0   0       0.95236220  s
  240   1   0   0       1.24146439  s
  240   2   1  -1       0.93390416  p_y
  240   2   1   0       0.95678200  p_z
  240   2   1   1       0.94932429  p_x
  241   1   0   0       0.97286742  s
  242   1   0   0       0.95288282  s
  243   1   0   0       1.23501039  s
  243   2   1  -1       0.92830748  p_y
  243   2   1   0       0.94547498  p_z
  243   2   1   1       0.95509814  p_x
  244   1   0   0       0.97631933  s
  245   1   0   0       0.94871826  s
  246   1   0   0       1.23557571  s
  246   2   1  -1       0.92584459  p_y
  246   2   1   0       0.98137889  p_z
  246   2   1   1       0.94777748  p_x
  247   1   0   0       0.96498889  s
  248   1   0   0       0.94156067  s
  249   1   0   0       1.25352533  s
  249   2   1  -1       1.01842039  p_y
  249   2   1   0       0.97808133  p_z
  249   2   1   1       0.96608028  p_x
  250   1   0   0       0.92702299  s
  251   1   0   0       0.93223782  s
  252   1   0   0       0.91502157  s
  253   1   0   0       1.27659783  s
  253   2   1  -1       0.96780585  p_y
  253   2   1   0       0.97239094  p_z
  253   2   1   1       0.98282252  p_x
  254   1   0   0       0.94512941  s
  255   1   0   0       0.92458822  s
  256   1   0   0       0.94445897  s
  257   1   0   0       1.22983432  s
  257   2   1  -1       0.96563352  p_y
  257   2   1   0       0.93083117  p_z
  257   2   1   1       0.91408376  p_x
  258   1   0   0       0.98798289  s
  259   1   0   0       0.95286372  s
  260   1   0   0       1.26195780  s
  260   2   1  -1       1.00318925  p_y
  260   2   1   0       0.96491588  p_z
  260   2   1   1       0.96074974  p_x
  261   1   0   0       0.95018804  s
  262   1   0   0       0.94283163  s
  263   1   0   0       1.27024358  s
  263   2   1  -1       0.95626067  p_y
  263   2   1   0       0.96049618  p_z
  263   2   1   1       1.00644139  p_x
  264   1   0   0       0.94393412  s
  265   1   0   0       0.93655566  s
  266   1   0   0       1.27766576  s
  266   2   1  -1       1.03182050  p_y
  266   2   1   0       0.97592656  p_z
  266   2   1   1       0.95386871  p_x
  267   1   0   0       0.92010353  s
  268   1   0   0       0.93333728  s
  269   1   0   0       1.23300391  s
  269   2   1  -1       0.94003444  p_y
  269   2   1   0       0.92906743  p_z
  269   2   1   1       0.93876492  p_x
  270   1   0   0       0.93191318  s
  271   1   0   0       0.89597432  s
  272   1   0   0       1.23052815  s
  272   2   1  -1       0.95040422  p_y
  272   2   1   0       0.93929229  p_z
  272   2   1   1       0.96307544  p_x
  273   1   0   0       0.93211829  s
  274   1   0   0       0.94293101  s
  275   1   0   0       1.25178663  s
  275   2   1  -1       0.94570687  p_y
  275   2   1   0       0.95403557  p_z
  275   2   1   1       0.96542271  p_x
  276   1   0   0       0.95723492  s
  277   1   0   0       0.92722338  s
  278   1   0   0       1.25923214  s
  278   2   1  -1       0.95936926  p_y
  278   2   1   0       0.96335379  p_z
  278   2   1   1       0.93286256  p_x
  279   1   0   0       0.93846481  s
  280   1   0   0       0.92665243  s
  281   1   0   0       1.26514977  s
  281   2   1  -1       0.98221362  p_y
  281   2   1   0       0.96949359  p_z
  281   2   1   1       0.98565702  p_x
  282   1   0   0       0.93714094  s
  283   1   0   0       0.94360215  s
  284   1   0   0       0.91675820  s
  285   1   0   0       1.29381585  s
  285   2   1  -1       0.98573731  p_y
  285   2   1   0       0.98545977  p_z
  285   2   1   1       0.96307232  p_x
  286   1   0   0       0.93106232  s
  287   1   0   0       0.92279061  s
  288   1   0   0       0.93717038  s
  289   1   0   0       1.24306535  s
  289   2   1  -1       0.98210437  p_y
  289   2   1   0       0.93072639  p_z
  289   2   1   1       0.94850820  p_x
  290   1   0   0       0.94593903  s
  291   1   0   0       0.93726741  s
  292   1   0   0       1.23867917  s
  292   2   1  -1       0.96899655  p_y
  292   2   1   0       0.93179400  p_z
  292   2   1   1       0.96146920  p_x
  293   1   0   0       0.92507977  s
  294   1   0   0       0.95267659  s
  295   1   0   0       1.25866812  s
  295   2   1  -1       0.93221190  p_y
  295   2   1   0       0.95788819  p_z
  295   2   1   1       0.91418867  p_x
  296   1   0   0       0.98618446  s
  297   1   0   0       0.96353448  s
  298   1   0   0       1.24166574  s
  298   2   1  -1       0.94347481  p_y
  298   2   1   0       0.96741061  p_z
  298   2   1   1       0.95615997  p_x
  299   1   0   0       0.95315095  s
  300   1   0   0       0.93523130  s
  301   1   0   0       1.22791936  s
  301   2   1  -1       0.96219770  p_y
  301   2   1   0       0.99220454  p_z
  301   2   1   1       0.93801078  p_x
  302   1   0   0       0.93488745  s
  303   1   0   0       0.94079006  s
  304   1   0   0       1.23257015  s
  304   2   1  -1       0.95562147  p_y
  304   2   1   0       0.98719497  p_z
  304   2   1   1       0.94516922  p_x
  305   1   0   0       0.96093675  s
  306   1   0   0       0.93241025  s
  307   1   0   0       1.21630270  s
  307   2   1  -1       0.99328957  p_y
  307   2   1   0       0.93456547  p_z
  307   2   1   1       0.96555507  p_x
  308   1   0   0       0.93325409  s
  309   1   0   0       0.94558515  s
  310   1   0   0       1.22703269  s
  310   2   1  -1       0.91942863  p_y
  310   2   1   0       0.96092512  p_z
  310   2   1   1       0.97484938  p_x
  311   1   0   0       0.93033588  s
  312   1   0   0       0.94303715  s
  313   1   0   0       1.26659293  s
  313   2   1  -1       1.01260626  p_y
  313   2   1   0       0.97536877  p_z
  313   2   1   1       0.95790985  p_x
  314   1   0   0       0.94546890  s
  315   1   0   0       0.92834276  s
  316   1   0   0       0.93883052  s
  317   1   0   0       1.29452402  s
  317   2   1  -1       0.93167849  p_y
  317   2   1   0       0.98448911  p_z
  317   2   1   1       1.01108329  p_x
  318   1   0   0       0.94365274  s
  319   1   0   0       0.94135687  s
  320   1   0   0       0.93391426  s
  321   1   0   0       1.25626342  s
  321   2   1  -1       0.95327417  p_y
  321   2   1   0       0.92675879  p_z
  321   2   1   1       0.94454670  p_x
  322   1   0   0       0.95211471  s
  323   1   0   0       0.96271737  s
  324   1   0   0       1.27391086  s
  324   2   1  -1       0.93598017  p_y
  324   2   1   0       0.94758012  p_z
  324   2   1   1       0.95630254  p_x
  325   1   0   0       0.94012234  s
  326   1   0   0       0.95162003  s
  327   1   0   0       1.24432539  s
  327   2   1  -1       0.98977855  p_y
  327   2   1   0       0.96654117  p_z
  327   2   1   1       0.93258723  p_x
  328   1   0   0       0.94470738  s
  329   1   0   0       0.92745147  s
  330   1   0   0       1.22079548  s
  330   2   1  -1       0.95654992  p_y
  330   2   1   0       0.97416031  p_z
  330   2   1   1       0.94441446  p_x
  331   1   0   0       0.94395060  s
  332   1   0   0       0.94395999  s
  333   1   0   0       1.22732372  s
  333   2   1  -1       0.96900656  p_y
  333   2   1   0       0.94384719  p_z
  333   2   1   1       0.96065281  p_x
  334   1   0   0       0.95532691  s
  335   1   0   0       0.93868877  s
  336   1   0   0       1.22051743  s
  336   2   1  -1       0.96170229  p_y
  336   2   1   0       0.95629095  p_z
  336   2   1   1       0.97980027  p_x
  337   1   0   0       0.93910178  s
  338   1   0   0       0.93157510  s
  339   1   0   0       1.24529382  s
  339   2   1  -1       0.95732133  p_y
  339   2   1   0       0.91904583  p_z
  339   2   1   1       0.98624924  p_x
  340   1   0   0       0.95557467  s
  341   1   0   0       0.96096287  s
  342   1   0   0       1.21467059  s
  342   2   1  -1       0.98237083  p_y
  342   2   1   0       0.92606532  p_z
  342   2   1   1       0.94777503  p_x
  343   1   0   0       0.94992113  s
  344   1   0   0       0.95143372  s
  345   1   0   0       1.26346064  s
  345   2   1  -1       0.98543674  p_y
  345   2   1   0       0.98122433  p_z
  345   2   1   1       0.99096521  p_x
  346   1   0   0       0.93532068  s
  347   1   0   0       0.93328125  s
  348   1   0   0       0.91631059  s
  349   1   0   0       1.25882401  s
  349   2   1  -1       1.00527581  p_y
  349   2   1   0       0.97906011  p_z
  349   2   1   1       0.95606831  p_x
  350   1   0   0       0.94032592  s
  351   1   0   0       0.92876262  s
  352   1   0   0       0.95545148  s
 
Fermi level:                        -0.1549112188 H           -4.2153 eV
Band energy:                      -278.0959633441 H        -7567.3762 eV
TS:                                  0.0000000000 H            0.0000 eV
Band free energy (E-TS):          -278.0959633441 H        -7567.3762 eV
Extrapolated E(0K):               -278.0959633441 H        -7567.3762 eV
Input / Output electrons (q):    682.0000000000    682.0000000000
 
Energy H0:                        -282.6410672312 H        -7691.0548 eV
Energy SCC:                          0.0769227603 H            2.0932 eV
Total Electronic energy:          -282.5641444708 H        -7688.9616 eV
Repulsive energy:                    4.5151877116 H          122.8645 eV
Dispersion energy:                   1.1168742496 H           30.3917 eV
Total energy:                     -276.9320825096 H        -7535.7054 eV
Extrapolated to 0:                -276.9320825096 H        -7535.7054 eV
Total Mermin free energy:         -276.9320825096 H        -7535.7054 eV
Force related energy:             -276.9320825096 H        -7535.7054 eV
 
SCC converged
 
Full geometry written in geo_end.{xyz|gen}
 
MD Kinetic Energy:                   0.8517691083 H
Total MD Energy:                  -276.0803134013 H
Pressure:                           -0.156461E-04 au    -0.460323E+09 Pa
MD Temperature:                      0.0016177951 H          510.8587 K
MD Kinetic Energy:                   0.8517691083 H
Total MD Energy:                  -276.0803134013 H        -7512.5276 eV
MD Temperature:                      0.0016177951 H          510.8587 K
 
Molecular dynamics completed
 
