 Fermi distribution function
 
MD step: 50000
 

********************************************************************************
 iSCC Total electronic   Diff electronic      SCC error    
    9   -0.28232136E+03   -0.42581405E-09    0.88617369E-06
********************************************************************************
 
Coordinates of moved atoms (au):
    1     74.53997394     62.85736727     74.77718270
    2     72.38029109     63.10865751     75.00925001
    3     75.34164546     64.35583341     76.11797121
    4     75.43764268     89.18422425     75.39860979
    5     72.12932116     88.03211127     73.83177082
    6     45.29936657     88.70529231     77.13797760
    7     78.21141862     89.00023580     75.44714304
    8     50.18759374     90.60275226     74.35060015
    9     78.49686575     87.21139635     74.33308064
   10     50.24750973     88.75262061     78.19293564
   11     49.57761597     87.06702591     79.06981172
   12     49.81174283     90.36356634     79.67863339
   13     82.03753945     88.65310537     78.18331479
   14     83.12169074     89.98424672     79.67862745
   15     82.79062827     89.51718484     76.35006401
   16     54.30029290     85.92209222     78.04680145
   17     53.86034684     84.59117432     79.77696413
   18     56.28068909     86.22161511     78.41374030
   19     82.26338526     84.53439568     75.58533322
   20     81.68372521     85.85275133     73.94337989
   21     80.22004177     83.88330949     76.33234210
   22     84.03309136     82.31897553     74.81678702
   23     57.13740681     82.87157848     74.71914133
   24     54.69390175     81.90527095     72.91828386
   25     75.09472683     64.07132897     71.92590578
   26     74.91000508     66.14463474     72.12997565
   27     76.90531657     63.44528686     71.12947181
   28     73.87063839     63.60348004     70.47583449
   29     83.69956901     79.78419949     76.15395060
   30     85.09823139     78.75338863     75.00649223
   31     83.72350573     79.39450952     77.98964604
   32     81.73058675     79.45021033     75.81114885
   33     54.60350309     57.66761972     68.02752444
   34     55.58259960     57.58486423     66.04531568
   35     53.75771917     55.84993220     68.51761831
   36     56.43409032     58.10600082     70.11165904
   37     55.66525260     57.34552063     71.98730535
   38     56.87118784     60.24506669     70.31445474
   39     59.02902482     56.89019781     69.76896967
   40     59.81080479     57.00458172     71.77672174
   41     60.17559444     58.19612032     68.28521634
   42     58.99421237     54.06323155     68.91713285
   43     86.14332193     53.08188774     69.00322541
   44     60.05176369     53.23961964     70.48062142
   45     60.25041014     53.49015108     66.35220193
   46     59.63628049     55.15200568     65.05458440
   47     88.42446162     51.70070469     65.45357802
   48     92.23967895     53.17439643     66.30819999
   49     93.14876584     53.37546361     64.43559273
   50     92.46479226     51.05434617     66.50333109
   51     64.99748388     54.49572660     68.22209624
   52     66.32736193     53.07228851     69.14304051
   53     64.02463136     55.55866208     69.78516558
   54     95.62793920     56.55172131     95.84043051
   55     94.52875634     58.29924853     95.89636705
   56     95.91578680     56.14820707     93.80200652
   57     52.47126862     59.80416559     67.75316792
   58     51.73887238     60.24033166     69.68835159
   59     53.55368906     61.32537409     66.92695885
   60     50.89925358     59.39192120     66.39527511
   61     69.27945471     56.87333203     96.86514517
   62     70.48875588     55.41564148     96.19735172
   63     70.47322842     58.54273114     96.43965916
   64     69.09126700     57.11503685     98.84271700
   65     78.40697270     71.81108228     77.53982983
   66     76.37458587     72.15914960     77.82525782
   67     79.11810276     71.99490604     79.54037414
   68     78.88070377     69.57295443     76.11029516
   69     77.79739844     67.90431559     76.67388207
   70     80.47265069     69.36942547     74.91036487
   71     73.96962858     87.74132644     73.22799900
   72     74.52922857     85.72018719     73.38609573
   73     74.34085015     88.64596631     71.49673748
   74     60.53159211     49.66945550     56.99948140
   75     59.40267133     47.94723933     57.47784853
   76     60.36976567     50.22318478     55.02759530
   77     61.83581778     50.96644040     59.22356968
   78     63.74407052     78.96712007     59.29744325
   79     60.49687330     79.60615948     60.66974140
   80     61.58893423     53.87113887     58.56366701
   81     60.70297777     54.70929256     60.51267857
   82     60.39214881     54.14777900     56.89515975
   83     64.37606059     54.77236713     58.15449594
   84     65.12552658     53.95014821     56.32533818
   85     65.58864109     54.00920405     59.73439933
   86     64.54818050     57.51801793     58.53272778
   87     63.72079807     58.13586721     60.38210121
   88     63.43688708     58.78154328     57.31236156
   89     79.27093532     74.41156941     76.36165513
   90     77.88701050     75.78805955     76.55777411
   91     80.87873218     74.86905563     77.29438317
   92     79.51106689     73.91214678     74.41555085
   93     67.14581459     58.36610720     58.40956009
   94     68.06354031     58.17895569     56.68275506
   95     67.59086567     60.31838191     58.88934590
   96     68.34672436     57.19245331     59.88798058
   97     44.00168162     69.50278968     83.15966851
   98     42.81192086     70.53018072     81.69081768
   99     42.60194785     68.53755048     84.55034681
  100     45.40506200     67.23835238     81.98581438
  101     46.85993940     66.56601366     83.32173627
  102     46.41337126     67.95146670     80.11397074
  103     43.57940766     65.05710077     81.57337966
  104     42.96285004     64.29428067     83.43392078
  105     44.83144200     63.57236542     80.89657654
  106     41.52313439     65.66122403     50.56619429
  107     42.25970416     65.95298358     48.56326593
  108     40.90587775     67.57196200     50.77526894
  109     39.37969606     63.96178663     50.89672698
  110     40.12891061     62.01232022     50.49971574
  111     37.95617470     64.25133372     49.20754529
  112     38.27949864     64.11913229     53.39234144
  113     38.85484653     65.92461468     54.34509814
  114     39.13919320     62.47980581     54.44381972
  115     35.44026900     63.96120566     53.59758501
  116     34.44616374     65.70481791     52.96768706
  117     35.04275281     63.74508804     55.67152496
  118     33.94776851     61.79475090     52.55384346
  119     35.06851956     60.09313490     52.29121764
  120     33.26000000     62.46078239     50.42248801
  121     45.33472467     71.23324852     84.80722259
  122     46.50570087     72.64313742     83.65824070
  123     44.13493093     72.20475538     86.01773355
  124     46.72242481     70.17704308     85.88961165
  125     31.61024901     61.38504922     54.12619866
  126     30.21793932     59.91187505     53.53099174
  127     32.07055811     60.84149078     56.24667962
  128     30.54659307     63.11862076     54.18482083
  129     53.59997451     62.57227381     56.52349750
  130     55.11325582     63.83300001     55.53411558
  131     54.07891634     60.69162348     56.01650108
  132     53.93981402     62.81107876     59.41360912
  133     53.33418191     61.00523646     60.34631537
  134     52.89571195     64.66367793     60.14434449
  135     56.72551887     63.04152511     60.29644706
  136     57.58040653     64.60394413     59.18488512
  137     57.93026524     61.15723793     59.99631849
  138     57.07455312     63.37369151     63.15868979
  139     56.49996421     61.60016516     64.21529166
  140     55.76061849     64.90512099     63.78109778
  141     59.79338421     64.17995704     64.21591402
  142     61.39588334     62.54755589     63.98603036
  143     59.78712366     64.37802754     66.34582818
  144     60.82279392     66.66877333     63.10952890
  145     62.26171144     67.24442453     64.60831848
  146     59.21808293     68.15667139     62.95820270
  147     62.17968293     66.36507584     60.53433044
  148     60.95480287     67.03584834     58.83500179
  149     62.57207027     64.45482333     59.75648744
  150     64.81320635     67.57708316     60.18012097
  151     66.34310199     66.23109190     59.68807692
  152     65.74193181     68.37556661     61.80897895
  153     50.79931054     63.34041141     55.41282920
  154     50.67518214     35.93688997     54.08727339
  155     49.84142189     61.76814345     54.39488555
  156     49.71477807     63.93132221     56.95646255
  157     64.69879238     69.79593787     58.38509755
  158     64.50512650     69.03733770     56.35440522
  159     63.13598120     71.06062293     58.66145844
  160     66.38881429     71.11422503     58.30476420
  161     72.98461948     56.19377773     56.03267211
  162     71.63275842     55.97216163     54.28350134
  163     71.92828329     56.73023919     57.73837681
  164     74.11290328     53.43588145     56.26958681
  165     72.65677511     52.48237186     57.32001169
  166     75.74639905     53.45983233     57.47883690
  167     74.77106098     52.22381264     53.63219738
  168     76.16779115     53.57086637     52.59086547
  169     73.12361505     51.95027107     52.34062596
  170     76.01878269     49.69918177     54.23228124
  171     75.34262084     48.37603443     52.62904055
  172     75.23816043     49.00180829     56.13745287
  173     78.92886622     78.77432505     54.11705723
  174     79.22779311     78.54509146     51.93887500
  175     79.55509419     48.04120356     54.99158457
  176     80.65745500     80.97332793     55.06590105
  177     79.70274758     82.87956918     54.47256931
  178     82.51675634     80.97369068     53.98136469
  179     81.19153904     81.24068794     57.99426234
  180     82.96663142     79.93275664     58.18073115
  181     79.56927160     80.80434069     59.22692272
  182     82.31516468     83.84560325     58.37561447
  183     80.82883289     85.29934382     57.96772845
  184     83.73571639     84.12220933     56.95824143
  185     74.92077399     58.19925559     55.23024480
  186     74.41404365     60.12880730     55.64648240
  187     76.78853287     57.99930933     56.18737744
  188     75.07980270     58.40518187     82.10169919
  189     83.14137431     84.25414701     60.99903348
  190     83.85126208     86.18313380     61.18784761
  191     81.50767167     83.69969896     62.19298047
  192     84.73635888     83.08730506     61.60737786
  193     58.23509252     39.77065480     82.54719082
  194     58.06881544     37.65915760     82.49116464
  195     60.09966014     69.15069575     83.54591521
  196     58.61266110     40.43492732     79.67654782
  197     56.78758991     40.58621773     78.68609519
  198     60.01307811     67.98989259     78.58177528
  199     59.87340395     43.17541457     79.51482897
  200     60.70826356     43.75877488     81.30134341
  201     58.58276159     44.64837016     78.97700660
  202     61.98416085     43.26799950     77.44884694
  203     62.39547005     45.25491336     76.93273338
  204     61.16024231     42.39774017     75.68796043
  205     64.61894817     41.93770098     78.01489045
  206     66.08081981     42.80401058     76.78851556
  207     64.09925189     39.92373409     77.89947089
  208     65.60495095     42.22800815     80.78395547
  209     66.62365426     40.50454251     81.17356143
  210     64.17079437     42.33503046     82.27124839
  211     67.41630264     73.31789533     81.26087460
  212     68.72095125     73.64257813     79.65065893
  213     68.79332902     73.02661174     82.82917954
  214     66.01239360     75.74456468     81.76537668
  215     65.30967928     75.57509110     83.77377218
  216     64.46949211     75.96919983     80.39140238
  217     55.96905667     41.22559813     83.50416003
  218     55.57998901     40.60803053     56.46302749
  219     56.59551423     43.25630260     55.04047544
  220     54.23062184     41.16974870     82.50969398
  221     67.65953485     78.21088916     81.78213300
  222     68.67674037     78.41155987     79.88251676
  223     66.69254061     80.00200883     82.46534103
  224     69.18261819     78.11129935     83.22379660
  225     70.42132680     76.32529808     73.89985342
  226     69.35644199     76.57848347     75.56347424
  227     69.10094328     76.40484366     72.20358028
  228     72.66930292     49.25840466     73.68332664
  229     74.20007651     48.70464742     75.20580101
  230     71.94298508     51.36732536     74.02770258
  231     73.95422952     78.15669436     71.02901951
  232     72.74744280     79.08137951     69.61378251
  233     74.20122122     76.35587778     70.23542627
  234     76.63889745     79.42768480     71.25485956
  235     77.96277137     78.29357474     72.62128983
  236     76.22227608     81.12601025     72.44109096
  237     77.98661632     79.87337727     68.82232958
  238     77.65056965     78.08030065     67.73526291
  239     80.02470006     51.32164859     69.08211126
  240     76.43871119     82.16692651     67.59420645
  241     76.64250831     54.96580087     68.70428638
  242     74.57757616     52.35822913     67.64660419
  243     76.93282532     82.40622954     64.88831835
  244     77.24557208     80.44497353     63.99223463
  245     78.55173325     83.69786996     64.25983763
  246     74.55380668     83.45417561     63.43835640
  247     72.85367425     83.25134643     64.59836639
  248     73.99261715     82.30584332     61.65634642
  249     71.31182801     44.53134991     74.00921877
  250     72.57309705     43.71725532     72.41930935
  251     72.12046785     44.02609871     75.92446347
  252     69.56045952     43.34417457     73.97231889
  253     75.24993684     86.14208093     62.59217357
  254     77.02208959     86.25855792     61.63067042
  255     73.60640923     86.70906443     61.50276843
  256     75.45722246     87.23472755     93.56635132
  257     85.41504826     67.98676128     71.67963099
  258     86.80383891     69.48934445     72.10459662
  259     83.99216814     67.90350950     73.17837852
  260     84.40441247     68.72394107     69.16370210
  261     84.35126629     67.05479488     67.91212105
  262     85.59865399     70.15409590     68.31390157
  263     81.87940926     69.81681321     69.50241237
  264     81.91895970     71.46649673     70.80712865
  265     80.63283129     68.45199069     70.64426106
  266     80.32259960     70.51312212     67.08999259
  267     81.28254283     69.94172973     65.31262396
  268     80.09940877     72.72175727     66.72483937
  269     77.64816052     69.54646214     67.22914006
  270     76.71299796     70.38126200     69.07834042
  271     77.66700994     67.47440028     67.39523663
  272     76.16481982     70.02534053     64.84197884
  273     77.03312948     68.66439349     63.64319241
  274     76.36409453     71.90664009     63.95055625
  275     73.23159569     69.42276112     65.12912683
  276     72.15092999     70.87718732     64.15143806
  277     72.49671865     69.76949998     67.17292517
  278     72.37184067     66.77684519     64.19242950
  279     70.68298554     66.00636301     65.04393119
  280     73.70789301     65.17125105     64.89138719
  281     86.97282734     65.63904371     71.53884004
  282     85.90139596     63.88540540     71.07317101
  283     88.52790835     65.47074360     70.22789449
  284     87.88870013     65.35234998     73.40260867
  285     71.64090035     66.59691717     61.40015358
  286     71.33170128     68.65042266     60.50844387
  287     73.04113920     65.53302497     60.16367227
  288     69.89074170     65.48490196     61.23480228
  289     65.56409855     66.87424674     71.04183705
  290     63.36478301     66.74875919     70.94856979
  291     65.58265547     68.93038399     71.70081966
  292     65.91329519     65.08170230     73.36663503
  293     65.52735137     66.24211834     75.17397410
  294     67.98520308     64.53895600     73.72204275
  295     64.49505651     62.69964709     73.07716012
  296     64.41130841     62.29038765     70.99006753
  297     62.64050863     62.95123519     44.87300836
  298     65.70616972     60.57636900     45.61998305
  299     66.50007942     61.19201461     76.43271083
  300     67.17290223     59.76203640     44.44455765
  301     63.71815897     58.53498430     46.37270033
  302     63.34830590     57.53598291     44.70203530
  303     61.89486128     59.19793599     76.10148479
  304     64.93319103     56.27909629     48.15357861
  305     66.04691087     57.05626713     49.67595759
  306     66.43645785     55.03050669     46.87546406
  307     62.96662441     54.47344678     49.03475140
  308     61.22145430     55.33653947     48.45476580
  309     63.21426090     54.49062643     51.15262468
  310     62.71748448     51.74953576     48.11925218
  311     61.10427078     50.88171096     49.17980607
  312     64.35054535     50.57377050     48.64122426
  313     66.87703894     66.56034832     68.50585164
  314     68.80202182     66.18883730     68.93671124
  315     66.22398723     64.94057098     67.19729570
  316     66.94630215     68.25647901     67.03068099
  317     62.92980491     51.33581474     45.31507250
  318     64.55123322     51.94703474     44.57839300
  319     62.52607211     49.18821426     44.87160865
  320     61.35342868     52.46734879     44.36589577
  321     56.58827474     75.67215439     34.25305026
  322     54.60209134     76.13549381     34.81904451
  323     57.47332870     77.43662701     33.71227929
  324     58.18159035     74.71033146     65.28899364
  325     57.81163771     72.81369434     65.98924238
  326     57.82663385     76.04763791     66.93864885
  327     61.04087655     74.55647103     64.48228710
  328     61.98824066     76.40545619     63.52620686
  329     61.28316703     72.92993161     63.11634021
  330     62.80994703     74.10559930     66.78277938
  331     62.25188662     72.25153968     67.80846400
  332     62.62296890     75.71978566     67.93331131
  333     65.66535778     73.03760732     66.66002508
  334     66.01174649     71.48909638     65.29042208
  335     65.61214536     72.04138855     68.47246388
  336     67.76660426     74.96710209     66.12603589
  337     69.38235310     75.00970577     67.67471368
  338     66.93374072     76.85588254     66.25204906
  339     68.86271526     74.94375820     63.20977576
  340     67.12581791     74.70484198     62.11181975
  341     70.10500895     73.36120417     62.82888262
  342     70.57394151     77.34120166     62.77629675
  343     71.33616940     78.10834140     64.65692707
  344     69.42290467     79.14395888     61.98328564
  345     56.49382584     74.03557728     31.99140299
  346     56.20405491     75.00090797     30.22590600
  347     57.99853672     72.74899456     31.46852134
  348     54.74807451     73.05756781     32.32742456
  349     72.86147642     76.87428053     61.24117449
  350     74.16257497     78.46707715     61.05771058
  351     73.74883214     75.10303065     61.58068950
  352     72.25326124     76.85791735     59.26843413
 
 Total charge:     0.00000000

 Atomic gross charges (e)
 Atom           Charge
    1      -0.09587017
    2       0.03813869
    3       0.03820976
    4      -0.00788826
    5       0.08234530
    6       0.04810613
    7      -0.09180013
    8       0.06077505
    9       0.06063903
   10      -0.09703094
   11       0.06928193
   12       0.04489960
   13      -0.09534706
   14       0.03159449
   15       0.03882673
   16      -0.11550478
   17       0.03311941
   18       0.06455238
   19      -0.09114659
   20       0.06071997
   21       0.03481604
   22      -0.09044401
   23       0.04693372
   24       0.05930743
   25      -0.23976482
   26       0.06945749
   27       0.06727939
   28       0.07609789
   29      -0.24324091
   30       0.07387051
   31       0.09894967
   32       0.07060864
   33      -0.09148944
   34       0.04336650
   35       0.05868582
   36      -0.09640235
   37       0.05110049
   38       0.03905793
   39      -0.08979604
   40       0.04728264
   41       0.04211426
   42      -0.12072308
   43       0.06404858
   44       0.06145782
   45      -0.08653408
   46       0.04181274
   47       0.04681210
   48      -0.11309065
   49       0.06176091
   50       0.03971321
   51      -0.09259930
   52       0.04763223
   53       0.05991365
   54      -0.10051129
   55       0.05499032
   56       0.04829170
   57      -0.22154501
   58       0.06903872
   59       0.07249310
   60       0.06815659
   61      -0.21893890
   62       0.07437640
   63       0.05805229
   64       0.07158076
   65      -0.05315484
   66       0.06114994
   67       0.06747186
   68      -0.27710636
   69       0.08978179
   70       0.10308257
   71      -0.25055750
   72       0.06319913
   73       0.09140925
   74      -0.28489179
   75       0.07402195
   76       0.10418776
   77      -0.09405446
   78       0.09524711
   79       0.09056815
   80      -0.10322505
   81       0.03784254
   82       0.08217008
   83      -0.08952704
   84       0.06128172
   85       0.04971195
   86      -0.07888335
   87       0.04598633
   88       0.05625092
   89      -0.25711248
   90       0.08250783
   91       0.08524591
   92       0.08333290
   93      -0.19131813
   94       0.07321148
   95       0.05705088
   96       0.02958522
   97      -0.08293977
   98       0.05118394
   99       0.02917397
  100      -0.09940037
  101       0.05392336
  102       0.04122255
  103      -0.11346917
  104       0.06383246
  105       0.05035479
  106      -0.10961825
  107       0.05344893
  108       0.05807572
  109      -0.07360825
  110       0.03722387
  111       0.03499573
  112      -0.07942431
  113       0.05405838
  114       0.04666511
  115      -0.10766510
  116       0.05694572
  117       0.04430147
  118      -0.06229696
  119       0.06459602
  120       0.01419227
  121      -0.19030026
  122       0.04224016
  123       0.07775217
  124       0.06220737
  125      -0.19094873
  126       0.05892132
  127       0.04506441
  128       0.06744671
  129      -0.10024321
  130       0.04209760
  131       0.07036407
  132      -0.09418766
  133       0.05915389
  134       0.04576349
  135      -0.09568660
  136       0.06251247
  137       0.03316784
  138      -0.10367140
  139       0.05257899
  140       0.04856083
  141      -0.09450137
  142       0.03007793
  143       0.04973387
  144      -0.07951089
  145       0.05166730
  146       0.05345210
  147      -0.09987182
  148       0.03898826
  149       0.05907565
  150      -0.10224309
  151       0.05161301
  152       0.05855531
  153      -0.22932322
  154       0.07338372
  155       0.06825312
  156       0.07732374
  157      -0.19129604
  158       0.04314711
  159       0.06963580
  160       0.05160985
  161      -0.09731927
  162       0.03724554
  163       0.06631330
  164      -0.12708466
  165       0.06074791
  166       0.07005308
  167      -0.09652672
  168       0.04961937
  169       0.05608633
  170      -0.08600367
  171       0.04033498
  172       0.04726113
  173      -0.09958702
  174       0.03509919
  175       0.05264843
  176      -0.09599658
  177       0.03801890
  178       0.05121619
  179      -0.10968905
  180       0.04479779
  181       0.07707107
  182      -0.08932210
  183       0.04197088
  184       0.06160994
  185      -0.20287273
  186       0.05709790
  187       0.06426141
  188       0.06003320
  189      -0.20244799
  190       0.06694896
  191       0.06857346
  192       0.05950184
  193      -0.08454083
  194       0.05211104
  195       0.05524781
  196      -0.11173379
  197       0.06537025
  198       0.04236153
  199      -0.12804810
  200       0.06587775
  201       0.06164168
  202      -0.11813280
  203       0.04874737
  204       0.04498534
  205      -0.12166644
  206       0.07474119
  207       0.06953425
  208      -0.11906362
  209       0.05384638
  210       0.06710550
  211      -0.09746748
  212       0.04528294
  213       0.04920635
  214      -0.09523935
  215       0.04827503
  216       0.06539486
  217      -0.19195258
  218       0.05424957
  219       0.05024414
  220       0.08663280
  221      -0.20219680
  222       0.05668533
  223       0.06194919
  224       0.05370998
  225      -0.10214803
  226       0.07377191
  227       0.05139677
  228      -0.07696779
  229       0.04595228
  230       0.03638615
  231      -0.12891128
  232       0.05929353
  233       0.07290167
  234      -0.09792403
  235       0.03088447
  236       0.04631459
  237      -0.11406838
  238       0.06067126
  239       0.06163874
  240      -0.11820615
  241       0.07108602
  242       0.07305777
  243      -0.09298937
  244       0.03889991
  245       0.05031924
  246      -0.11907911
  247       0.06364399
  248       0.03630313
  249      -0.19585525
  250       0.06511980
  251       0.05601345
  252       0.04760283
  253      -0.19421062
  254       0.08374451
  255       0.07569662
  256       0.03877510
  257      -0.08762648
  258       0.04999358
  259       0.06755308
  260      -0.09767771
  261       0.05663228
  262       0.05728882
  263      -0.09467670
  264       0.05091679
  265       0.03996862
  266      -0.09841268
  267       0.05212995
  268       0.02683528
  269      -0.08278186
  270       0.03799538
  271       0.05498221
  272      -0.11808348
  273       0.06918695
  274       0.05732754
  275      -0.10522426
  276       0.05993174
  277       0.04261368
  278      -0.09847111
  279       0.05991259
  280       0.04199098
  281      -0.20178800
  282       0.05540246
  283       0.06912574
  284       0.05197906
  285      -0.17912245
  286       0.04952622
  287       0.05462972
  288       0.05909309
  289      -0.08639492
  290       0.02938457
  291       0.04426160
  292      -0.08305383
  293       0.04456597
  294       0.03581720
  295      -0.10030749
  296       0.05840207
  297       0.06388006
  298      -0.11717363
  299       0.06327431
  300       0.06503376
  301      -0.14945847
  302       0.06917885
  303       0.07046252
  304      -0.09911204
  305       0.06349349
  306       0.01942128
  307      -0.10570437
  308       0.06414663
  309       0.04619287
  310      -0.09581984
  311       0.05496911
  312       0.05155766
  313      -0.18003952
  314       0.07204006
  315       0.05207828
  316       0.05142130
  317      -0.19050813
  318       0.09564671
  319       0.04442884
  320       0.04489635
  321      -0.07308090
  322       0.04799419
  323       0.05226569
  324      -0.09303537
  325       0.06433732
  326       0.04193316
  327      -0.09261646
  328       0.03292053
  329       0.05543197
  330      -0.14181746
  331       0.04198396
  332       0.07935886
  333      -0.11247564
  334       0.05959502
  335       0.06518480
  336      -0.11437734
  337       0.04466740
  338       0.05865261
  339      -0.13256267
  340       0.07480582
  341       0.06792902
  342      -0.06100864
  343       0.04099218
  344       0.02647727
  345      -0.21939231
  346       0.06134326
  347       0.07611917
  348       0.06364431
  349      -0.20983788
  350       0.07088047
  351       0.07901954
  352       0.05120021
 
Nr. of electrons (up):    682.00000000
Atom populations (up)
 Atom       Population
    1       4.09587017
    2       0.96186131
    3       0.96179024
    4       4.00788826
    5       0.91765470
    6       0.95189387
    7       4.09180013
    8       0.93922495
    9       0.93936097
   10       4.09703094
   11       0.93071807
   12       0.95510040
   13       4.09534706
   14       0.96840551
   15       0.96117327
   16       4.11550478
   17       0.96688059
   18       0.93544762
   19       4.09114659
   20       0.93928003
   21       0.96518396
   22       4.09044401
   23       0.95306628
   24       0.94069257
   25       4.23976482
   26       0.93054251
   27       0.93272061
   28       0.92390211
   29       4.24324091
   30       0.92612949
   31       0.90105033
   32       0.92939136
   33       4.09148944
   34       0.95663350
   35       0.94131418
   36       4.09640235
   37       0.94889951
   38       0.96094207
   39       4.08979604
   40       0.95271736
   41       0.95788574
   42       4.12072308
   43       0.93595142
   44       0.93854218
   45       4.08653408
   46       0.95818726
   47       0.95318790
   48       4.11309065
   49       0.93823909
   50       0.96028679
   51       4.09259930
   52       0.95236777
   53       0.94008635
   54       4.10051129
   55       0.94500968
   56       0.95170830
   57       4.22154501
   58       0.93096128
   59       0.92750690
   60       0.93184341
   61       4.21893890
   62       0.92562360
   63       0.94194771
   64       0.92841924
   65       4.05315484
   66       0.93885006
   67       0.93252814
   68       4.27710636
   69       0.91021821
   70       0.89691743
   71       4.25055750
   72       0.93680087
   73       0.90859075
   74       4.28489179
   75       0.92597805
   76       0.89581224
   77       4.09405446
   78       0.90475289
   79       0.90943185
   80       4.10322505
   81       0.96215746
   82       0.91782992
   83       4.08952704
   84       0.93871828
   85       0.95028805
   86       4.07888335
   87       0.95401367
   88       0.94374908
   89       4.25711248
   90       0.91749217
   91       0.91475409
   92       0.91666710
   93       4.19131813
   94       0.92678852
   95       0.94294912
   96       0.97041478
   97       4.08293977
   98       0.94881606
   99       0.97082603
  100       4.09940037
  101       0.94607664
  102       0.95877745
  103       4.11346917
  104       0.93616754
  105       0.94964521
  106       4.10961825
  107       0.94655107
  108       0.94192428
  109       4.07360825
  110       0.96277613
  111       0.96500427
  112       4.07942431
  113       0.94594162
  114       0.95333489
  115       4.10766510
  116       0.94305428
  117       0.95569853
  118       4.06229696
  119       0.93540398
  120       0.98580773
  121       4.19030026
  122       0.95775984
  123       0.92224783
  124       0.93779263
  125       4.19094873
  126       0.94107868
  127       0.95493559
  128       0.93255329
  129       4.10024321
  130       0.95790240
  131       0.92963593
  132       4.09418766
  133       0.94084611
  134       0.95423651
  135       4.09568660
  136       0.93748753
  137       0.96683216
  138       4.10367140
  139       0.94742101
  140       0.95143917
  141       4.09450137
  142       0.96992207
  143       0.95026613
  144       4.07951089
  145       0.94833270
  146       0.94654790
  147       4.09987182
  148       0.96101174
  149       0.94092435
  150       4.10224309
  151       0.94838699
  152       0.94144469
  153       4.22932322
  154       0.92661628
  155       0.93174688
  156       0.92267626
  157       4.19129604
  158       0.95685289
  159       0.93036420
  160       0.94839015
  161       4.09731927
  162       0.96275446
  163       0.93368670
  164       4.12708466
  165       0.93925209
  166       0.92994692
  167       4.09652672
  168       0.95038063
  169       0.94391367
  170       4.08600367
  171       0.95966502
  172       0.95273887
  173       4.09958702
  174       0.96490081
  175       0.94735157
  176       4.09599658
  177       0.96198110
  178       0.94878381
  179       4.10968905
  180       0.95520221
  181       0.92292893
  182       4.08932210
  183       0.95802912
  184       0.93839006
  185       4.20287273
  186       0.94290210
  187       0.93573859
  188       0.93996680
  189       4.20244799
  190       0.93305104
  191       0.93142654
  192       0.94049816
  193       4.08454083
  194       0.94788896
  195       0.94475219
  196       4.11173379
  197       0.93462975
  198       0.95763847
  199       4.12804810
  200       0.93412225
  201       0.93835832
  202       4.11813280
  203       0.95125263
  204       0.95501466
  205       4.12166644
  206       0.92525881
  207       0.93046575
  208       4.11906362
  209       0.94615362
  210       0.93289450
  211       4.09746748
  212       0.95471706
  213       0.95079365
  214       4.09523935
  215       0.95172497
  216       0.93460514
  217       4.19195258
  218       0.94575043
  219       0.94975586
  220       0.91336720
  221       4.20219680
  222       0.94331467
  223       0.93805081
  224       0.94629002
  225       4.10214803
  226       0.92622809
  227       0.94860323
  228       4.07696779
  229       0.95404772
  230       0.96361385
  231       4.12891128
  232       0.94070647
  233       0.92709833
  234       4.09792403
  235       0.96911553
  236       0.95368541
  237       4.11406838
  238       0.93932874
  239       0.93836126
  240       4.11820615
  241       0.92891398
  242       0.92694223
  243       4.09298937
  244       0.96110009
  245       0.94968076
  246       4.11907911
  247       0.93635601
  248       0.96369687
  249       4.19585525
  250       0.93488020
  251       0.94398655
  252       0.95239717
  253       4.19421062
  254       0.91625549
  255       0.92430338
  256       0.96122490
  257       4.08762648
  258       0.95000642
  259       0.93244692
  260       4.09767771
  261       0.94336772
  262       0.94271118
  263       4.09467670
  264       0.94908321
  265       0.96003138
  266       4.09841268
  267       0.94787005
  268       0.97316472
  269       4.08278186
  270       0.96200462
  271       0.94501779
  272       4.11808348
  273       0.93081305
  274       0.94267246
  275       4.10522426
  276       0.94006826
  277       0.95738632
  278       4.09847111
  279       0.94008741
  280       0.95800902
  281       4.20178800
  282       0.94459754
  283       0.93087426
  284       0.94802094
  285       4.17912245
  286       0.95047378
  287       0.94537028
  288       0.94090691
  289       4.08639492
  290       0.97061543
  291       0.95573840
  292       4.08305383
  293       0.95543403
  294       0.96418280
  295       4.10030749
  296       0.94159793
  297       0.93611994
  298       4.11717363
  299       0.93672569
  300       0.93496624
  301       4.14945847
  302       0.93082115
  303       0.92953748
  304       4.09911204
  305       0.93650651
  306       0.98057872
  307       4.10570437
  308       0.93585337
  309       0.95380713
  310       4.09581984
  311       0.94503089
  312       0.94844234
  313       4.18003952
  314       0.92795994
  315       0.94792172
  316       0.94857870
  317       4.19050813
  318       0.90435329
  319       0.95557116
  320       0.95510365
  321       4.07308090
  322       0.95200581
  323       0.94773431
  324       4.09303537
  325       0.93566268
  326       0.95806684
  327       4.09261646
  328       0.96707947
  329       0.94456803
  330       4.14181746
  331       0.95801604
  332       0.92064114
  333       4.11247564
  334       0.94040498
  335       0.93481520
  336       4.11437734
  337       0.95533260
  338       0.94134739
  339       4.13256267
  340       0.92519418
  341       0.93207098
  342       4.06100864
  343       0.95900782
  344       0.97352273
  345       4.21939231
  346       0.93865674
  347       0.92388083
  348       0.93635569
  349       4.20983788
  350       0.92911953
  351       0.92098046
  352       0.94879979
 
l-shell populations (up)
 Atom Sh.   l       Population
    1   1   0       1.26925275
    1   2   1       2.82661742
    2   1   0       0.96186131
    3   1   0       0.96179024
    4   1   0       1.20178121
    4   2   1       2.80610705
    5   1   0       0.91765470
    6   1   0       0.95189387
    7   1   0       1.23354268
    7   2   1       2.85825745
    8   1   0       0.93922495
    9   1   0       0.93936097
   10   1   0       1.23386569
   10   2   1       2.86316526
   11   1   0       0.93071807
   12   1   0       0.95510040
   13   1   0       1.25606825
   13   2   1       2.83927882
   14   1   0       0.96840551
   15   1   0       0.96117327
   16   1   0       1.26109366
   16   2   1       2.85441112
   17   1   0       0.96688059
   18   1   0       0.93544762
   19   1   0       1.26839710
   19   2   1       2.82274950
   20   1   0       0.93928003
   21   1   0       0.96518396
   22   1   0       1.22995785
   22   2   1       2.86048616
   23   1   0       0.95306628
   24   1   0       0.94069257
   25   1   0       1.28335600
   25   2   1       2.95640882
   26   1   0       0.93054251
   27   1   0       0.93272061
   28   1   0       0.92390211
   29   1   0       1.24839123
   29   2   1       2.99484968
   30   1   0       0.92612949
   31   1   0       0.90105033
   32   1   0       0.92939136
   33   1   0       1.24116843
   33   2   1       2.85032101
   34   1   0       0.95663350
   35   1   0       0.94131418
   36   1   0       1.23674851
   36   2   1       2.85965384
   37   1   0       0.94889951
   38   1   0       0.96094207
   39   1   0       1.26022227
   39   2   1       2.82957377
   40   1   0       0.95271736
   41   1   0       0.95788574
   42   1   0       1.23558200
   42   2   1       2.88514108
   43   1   0       0.93595142
   44   1   0       0.93854218
   45   1   0       1.26029117
   45   2   1       2.82624291
   46   1   0       0.95818726
   47   1   0       0.95318790
   48   1   0       1.25144049
   48   2   1       2.86165016
   49   1   0       0.93823909
   50   1   0       0.96028679
   51   1   0       1.24621526
   51   2   1       2.84638404
   52   1   0       0.95236777
   53   1   0       0.94008635
   54   1   0       1.23019057
   54   2   1       2.87032072
   55   1   0       0.94500968
   56   1   0       0.95170830
   57   1   0       1.28340890
   57   2   1       2.93813611
   58   1   0       0.93096128
   59   1   0       0.92750690
   60   1   0       0.93184341
   61   1   0       1.24674437
   61   2   1       2.97219453
   62   1   0       0.92562360
   63   1   0       0.94194771
   64   1   0       0.92841924
   65   1   0       1.21086967
   65   2   1       2.84228518
   66   1   0       0.93885006
   67   1   0       0.93252814
   68   1   0       1.29204984
   68   2   1       2.98505653
   69   1   0       0.91021821
   70   1   0       0.89691743
   71   1   0       1.27347976
   71   2   1       2.97707774
   72   1   0       0.93680087
   73   1   0       0.90859075
   74   1   0       1.33414530
   74   2   1       2.95074649
   75   1   0       0.92597805
   76   1   0       0.89581224
   77   1   0       1.24351525
   77   2   1       2.85053921
   78   1   0       0.90475289
   79   1   0       0.90943185
   80   1   0       1.27049031
   80   2   1       2.83273474
   81   1   0       0.96215746
   82   1   0       0.91782992
   83   1   0       1.23453305
   83   2   1       2.85499398
   84   1   0       0.93871828
   85   1   0       0.95028805
   86   1   0       1.19926582
   86   2   1       2.87961753
   87   1   0       0.95401367
   88   1   0       0.94374908
   89   1   0       1.25893866
   89   2   1       2.99817381
   90   1   0       0.91749217
   91   1   0       0.91475409
   92   1   0       0.91666710
   93   1   0       1.24691524
   93   2   1       2.94440288
   94   1   0       0.92678852
   95   1   0       0.94294912
   96   1   0       0.97041478
   97   1   0       1.22470876
   97   2   1       2.85823101
   98   1   0       0.94881606
   99   1   0       0.97082603
  100   1   0       1.24499676
  100   2   1       2.85440361
  101   1   0       0.94607664
  102   1   0       0.95877745
  103   1   0       1.23830654
  103   2   1       2.87516263
  104   1   0       0.93616754
  105   1   0       0.94964521
  106   1   0       1.22439897
  106   2   1       2.88521928
  107   1   0       0.94655107
  108   1   0       0.94192428
  109   1   0       1.20970629
  109   2   1       2.86390196
  110   1   0       0.96277613
  111   1   0       0.96500427
  112   1   0       1.21411712
  112   2   1       2.86530719
  113   1   0       0.94594162
  114   1   0       0.95333489
  115   1   0       1.22618048
  115   2   1       2.88148461
  116   1   0       0.94305428
  117   1   0       0.95569853
  118   1   0       1.22862625
  118   2   1       2.83367071
  119   1   0       0.93540398
  120   1   0       0.98580773
  121   1   0       1.24252089
  121   2   1       2.94777937
  122   1   0       0.95775984
  123   1   0       0.92224783
  124   1   0       0.93779263
  125   1   0       1.26875958
  125   2   1       2.92218915
  126   1   0       0.94107868
  127   1   0       0.95493559
  128   1   0       0.93255329
  129   1   0       1.25547357
  129   2   1       2.84476964
  130   1   0       0.95790240
  131   1   0       0.92963593
  132   1   0       1.25243176
  132   2   1       2.84175589
  133   1   0       0.94084611
  134   1   0       0.95423651
  135   1   0       1.24864232
  135   2   1       2.84704428
  136   1   0       0.93748753
  137   1   0       0.96683216
  138   1   0       1.25167326
  138   2   1       2.85199815
  139   1   0       0.94742101
  140   1   0       0.95143917
  141   1   0       1.26804428
  141   2   1       2.82645709
  142   1   0       0.96992207
  143   1   0       0.95026613
  144   1   0       1.24680569
  144   2   1       2.83270520
  145   1   0       0.94833270
  146   1   0       0.94654790
  147   1   0       1.24414351
  147   2   1       2.85572831
  148   1   0       0.96101174
  149   1   0       0.94092435
  150   1   0       1.22560801
  150   2   1       2.87663508
  151   1   0       0.94838699
  152   1   0       0.94144469
  153   1   0       1.27990894
  153   2   1       2.94941427
  154   1   0       0.92661628
  155   1   0       0.93174688
  156   1   0       0.92267626
  157   1   0       1.26693195
  157   2   1       2.92436409
  158   1   0       0.95685289
  159   1   0       0.93036420
  160   1   0       0.94839015
  161   1   0       1.24965674
  161   2   1       2.84766253
  162   1   0       0.96275446
  163   1   0       0.93368670
  164   1   0       1.24736624
  164   2   1       2.87971842
  165   1   0       0.93925209
  166   1   0       0.92994692
  167   1   0       1.24941412
  167   2   1       2.84711260
  168   1   0       0.95038063
  169   1   0       0.94391367
  170   1   0       1.24735221
  170   2   1       2.83865146
  171   1   0       0.95966502
  172   1   0       0.95273887
  173   1   0       1.24421693
  173   2   1       2.85537009
  174   1   0       0.96490081
  175   1   0       0.94735157
  176   1   0       1.26244060
  176   2   1       2.83355598
  177   1   0       0.96198110
  178   1   0       0.94878381
  179   1   0       1.25056331
  179   2   1       2.85912574
  180   1   0       0.95520221
  181   1   0       0.92292893
  182   1   0       1.21364050
  182   2   1       2.87568161
  183   1   0       0.95802912
  184   1   0       0.93839006
  185   1   0       1.26358441
  185   2   1       2.93928832
  186   1   0       0.94290210
  187   1   0       0.93573859
  188   1   0       0.93996680
  189   1   0       1.25275809
  189   2   1       2.94968989
  190   1   0       0.93305104
  191   1   0       0.93142654
  192   1   0       0.94049816
  193   1   0       1.24000015
  193   2   1       2.84454068
  194   1   0       0.94788896
  195   1   0       0.94475219
  196   1   0       1.27099655
  196   2   1       2.84073724
  197   1   0       0.93462975
  198   1   0       0.95763847
  199   1   0       1.24899239
  199   2   1       2.87905571
  200   1   0       0.93412225
  201   1   0       0.93835832
  202   1   0       1.25626461
  202   2   1       2.86186820
  203   1   0       0.95125263
  204   1   0       0.95501466
  205   1   0       1.25341683
  205   2   1       2.86824961
  206   1   0       0.92525881
  207   1   0       0.93046575
  208   1   0       1.22926642
  208   2   1       2.88979721
  209   1   0       0.94615362
  210   1   0       0.93289450
  211   1   0       1.22344201
  211   2   1       2.87402547
  212   1   0       0.95471706
  213   1   0       0.95079365
  214   1   0       1.23578231
  214   2   1       2.85945705
  215   1   0       0.95172497
  216   1   0       0.93460514
  217   1   0       1.25669703
  217   2   1       2.93525555
  218   1   0       0.94575043
  219   1   0       0.94975586
  220   1   0       0.91336720
  221   1   0       1.28314487
  221   2   1       2.91905193
  222   1   0       0.94331467
  223   1   0       0.93805081
  224   1   0       0.94629002
  225   1   0       1.24220401
  225   2   1       2.85994402
  226   1   0       0.92622809
  227   1   0       0.94860323
  228   1   0       1.26449205
  228   2   1       2.81247573
  229   1   0       0.95404772
  230   1   0       0.96361385
  231   1   0       1.24129992
  231   2   1       2.88761135
  232   1   0       0.94070647
  233   1   0       0.92709833
  234   1   0       1.24372776
  234   2   1       2.85419627
  235   1   0       0.96911553
  236   1   0       0.95368541
  237   1   0       1.24563714
  237   2   1       2.86843124
  238   1   0       0.93932874
  239   1   0       0.93836126
  240   1   0       1.23299440
  240   2   1       2.88521174
  241   1   0       0.92891398
  242   1   0       0.92694223
  243   1   0       1.23982751
  243   2   1       2.85316186
  244   1   0       0.96110009
  245   1   0       0.94968076
  246   1   0       1.25290069
  246   2   1       2.86617842
  247   1   0       0.93635601
  248   1   0       0.96369687
  249   1   0       1.28604913
  249   2   1       2.90980611
  250   1   0       0.93488020
  251   1   0       0.94398655
  252   1   0       0.95239717
  253   1   0       1.27528695
  253   2   1       2.91892367
  254   1   0       0.91625549
  255   1   0       0.92430338
  256   1   0       0.96122490
  257   1   0       1.21341978
  257   2   1       2.87420669
  258   1   0       0.95000642
  259   1   0       0.93244692
  260   1   0       1.20975944
  260   2   1       2.88791827
  261   1   0       0.94336772
  262   1   0       0.94271118
  263   1   0       1.23312723
  263   2   1       2.86154948
  264   1   0       0.94908321
  265   1   0       0.96003138
  266   1   0       1.24581486
  266   2   1       2.85259782
  267   1   0       0.94787005
  268   1   0       0.97316472
  269   1   0       1.23310679
  269   2   1       2.84967507
  270   1   0       0.96200462
  271   1   0       0.94501779
  272   1   0       1.23629602
  272   2   1       2.88178746
  273   1   0       0.93081305
  274   1   0       0.94267246
  275   1   0       1.25355752
  275   2   1       2.85166674
  276   1   0       0.94006826
  277   1   0       0.95738632
  278   1   0       1.23561103
  278   2   1       2.86286008
  279   1   0       0.94008741
  280   1   0       0.95800902
  281   1   0       1.25669291
  281   2   1       2.94509509
  282   1   0       0.94459754
  283   1   0       0.93087426
  284   1   0       0.94802094
  285   1   0       1.27996791
  285   2   1       2.89915454
  286   1   0       0.95047378
  287   1   0       0.94537028
  288   1   0       0.94090691
  289   1   0       1.24113219
  289   2   1       2.84526273
  290   1   0       0.97061543
  291   1   0       0.95573840
  292   1   0       1.23984843
  292   2   1       2.84320540
  293   1   0       0.95543403
  294   1   0       0.96418280
  295   1   0       1.21814943
  295   2   1       2.88215806
  296   1   0       0.94159793
  297   1   0       0.93611994
  298   1   0       1.23690438
  298   2   1       2.88026925
  299   1   0       0.93672569
  300   1   0       0.93496624
  301   1   0       1.26055668
  301   2   1       2.88890179
  302   1   0       0.93082115
  303   1   0       0.92953748
  304   1   0       1.26057527
  304   2   1       2.83853677
  305   1   0       0.93650651
  306   1   0       0.98057872
  307   1   0       1.21903609
  307   2   1       2.88666828
  308   1   0       0.93585337
  309   1   0       0.95380713
  310   1   0       1.22324592
  310   2   1       2.87257392
  311   1   0       0.94503089
  312   1   0       0.94844234
  313   1   0       1.26778941
  313   2   1       2.91225011
  314   1   0       0.92795994
  315   1   0       0.94792172
  316   1   0       0.94857870
  317   1   0       1.26000801
  317   2   1       2.93050012
  318   1   0       0.90435329
  319   1   0       0.95557116
  320   1   0       0.95510365
  321   1   0       1.20501389
  321   2   1       2.86806702
  322   1   0       0.95200581
  323   1   0       0.94773431
  324   1   0       1.23028573
  324   2   1       2.86274964
  325   1   0       0.93566268
  326   1   0       0.95806684
  327   1   0       1.26305899
  327   2   1       2.82955747
  328   1   0       0.96707947
  329   1   0       0.94456803
  330   1   0       1.25719370
  330   2   1       2.88462376
  331   1   0       0.95801604
  332   1   0       0.92064114
  333   1   0       1.25103024
  333   2   1       2.86144541
  334   1   0       0.94040498
  335   1   0       0.93481520
  336   1   0       1.26702003
  336   2   1       2.84735731
  337   1   0       0.95533260
  338   1   0       0.94134739
  339   1   0       1.26318002
  339   2   1       2.86938265
  340   1   0       0.92519418
  341   1   0       0.93207098
  342   1   0       1.24157782
  342   2   1       2.81943082
  343   1   0       0.95900782
  344   1   0       0.97352273
  345   1   0       1.24516098
  345   2   1       2.97423134
  346   1   0       0.93865674
  347   1   0       0.92388083
  348   1   0       0.93635569
  349   1   0       1.24814807
  349   2   1       2.96168981
  350   1   0       0.92911953
  351   1   0       0.92098046
  352   1   0       0.94879979
 
Orbital populations (up)
 Atom Sh.   l   m       Population  Label
    1   1   0   0       1.26925275  s
    1   2   1  -1       0.93662627  p_y
    1   2   1   0       0.92613689  p_z
    1   2   1   1       0.96385426  p_x
    2   1   0   0       0.96186131  s
    3   1   0   0       0.96179024  s
    4   1   0   0       1.20178121  s
    4   2   1  -1       0.95351204  p_y
    4   2   1   0       0.94578488  p_z
    4   2   1   1       0.90681013  p_x
    5   1   0   0       0.91765470  s
    6   1   0   0       0.95189387  s
    7   1   0   0       1.23354268  s
    7   2   1  -1       0.97640350  p_y
    7   2   1   0       0.93240367  p_z
    7   2   1   1       0.94945028  p_x
    8   1   0   0       0.93922495  s
    9   1   0   0       0.93936097  s
   10   1   0   0       1.23386569  s
   10   2   1  -1       0.98102876  p_y
   10   2   1   0       0.92738078  p_z
   10   2   1   1       0.95475572  p_x
   11   1   0   0       0.93071807  s
   12   1   0   0       0.95510040  s
   13   1   0   0       1.25606825  s
   13   2   1  -1       0.93722343  p_y
   13   2   1   0       0.97416979  p_z
   13   2   1   1       0.92788559  p_x
   14   1   0   0       0.96840551  s
   15   1   0   0       0.96117327  s
   16   1   0   0       1.26109366  s
   16   2   1  -1       0.92572100  p_y
   16   2   1   0       0.94624937  p_z
   16   2   1   1       0.98244075  p_x
   17   1   0   0       0.96688059  s
   18   1   0   0       0.93544762  s
   19   1   0   0       1.26839710  s
   19   2   1  -1       0.95282804  p_y
   19   2   1   0       0.92522760  p_z
   19   2   1   1       0.94469386  p_x
   20   1   0   0       0.93928003  s
   21   1   0   0       0.96518396  s
   22   1   0   0       1.22995785  s
   22   2   1  -1       0.91515436  p_y
   22   2   1   0       0.99308087  p_z
   22   2   1   1       0.95225092  p_x
   23   1   0   0       0.95306628  s
   24   1   0   0       0.94069257  s
   25   1   0   0       1.28335600  s
   25   2   1  -1       0.98925100  p_y
   25   2   1   0       0.95436309  p_z
   25   2   1   1       1.01279473  p_x
   26   1   0   0       0.93054251  s
   27   1   0   0       0.93272061  s
   28   1   0   0       0.92390211  s
   29   1   0   0       1.24839123  s
   29   2   1  -1       1.01044914  p_y
   29   2   1   0       0.99365134  p_z
   29   2   1   1       0.99074919  p_x
   30   1   0   0       0.92612949  s
   31   1   0   0       0.90105033  s
   32   1   0   0       0.92939136  s
   33   1   0   0       1.24116843  s
   33   2   1  -1       0.96350671  p_y
   33   2   1   0       0.94209593  p_z
   33   2   1   1       0.94471837  p_x
   34   1   0   0       0.95663350  s
   35   1   0   0       0.94131418  s
   36   1   0   0       1.23674851  s
   36   2   1  -1       0.95973972  p_y
   36   2   1   0       0.96214160  p_z
   36   2   1   1       0.93777251  p_x
   37   1   0   0       0.94889951  s
   38   1   0   0       0.96094207  s
   39   1   0   0       1.26022227  s
   39   2   1  -1       0.91757899  p_y
   39   2   1   0       0.94338753  p_z
   39   2   1   1       0.96860726  p_x
   40   1   0   0       0.95271736  s
   41   1   0   0       0.95788574  s
   42   1   0   0       1.23558200  s
   42   2   1  -1       0.95319963  p_y
   42   2   1   0       0.94728018  p_z
   42   2   1   1       0.98466127  p_x
   43   1   0   0       0.93595142  s
   44   1   0   0       0.93854218  s
   45   1   0   0       1.26029117  s
   45   2   1  -1       0.95652119  p_y
   45   2   1   0       0.95266829  p_z
   45   2   1   1       0.91705344  p_x
   46   1   0   0       0.95818726  s
   47   1   0   0       0.95318790  s
   48   1   0   0       1.25144049  s
   48   2   1  -1       0.98242931  p_y
   48   2   1   0       0.97163383  p_z
   48   2   1   1       0.90758702  p_x
   49   1   0   0       0.93823909  s
   50   1   0   0       0.96028679  s
   51   1   0   0       1.24621526  s
   51   2   1  -1       0.94037212  p_y
   51   2   1   0       0.95417784  p_z
   51   2   1   1       0.95183408  p_x
   52   1   0   0       0.95236777  s
   53   1   0   0       0.94008635  s
   54   1   0   0       1.23019057  s
   54   2   1  -1       0.97618203  p_y
   54   2   1   0       0.96991170  p_z
   54   2   1   1       0.92422698  p_x
   55   1   0   0       0.94500968  s
   56   1   0   0       0.95170830  s
   57   1   0   0       1.28340890  s
   57   2   1  -1       1.00820042  p_y
   57   2   1   0       0.97105650  p_z
   57   2   1   1       0.95887919  p_x
   58   1   0   0       0.93096128  s
   59   1   0   0       0.92750690  s
   60   1   0   0       0.93184341  s
   61   1   0   0       1.24674437  s
   61   2   1  -1       1.01132029  p_y
   61   2   1   0       1.00914052  p_z
   61   2   1   1       0.95173372  p_x
   62   1   0   0       0.92562360  s
   63   1   0   0       0.94194771  s
   64   1   0   0       0.92841924  s
   65   1   0   0       1.21086967  s
   65   2   1  -1       0.92004467  p_y
   65   2   1   0       0.94451709  p_z
   65   2   1   1       0.97772342  p_x
   66   1   0   0       0.93885006  s
   67   1   0   0       0.93252814  s
   68   1   0   0       1.29204984  s
   68   2   1  -1       0.95515340  p_y
   68   2   1   0       1.02654629  p_z
   68   2   1   1       1.00335684  p_x
   69   1   0   0       0.91021821  s
   70   1   0   0       0.89691743  s
   71   1   0   0       1.27347976  s
   71   2   1  -1       0.97118730  p_y
   71   2   1   0       0.98999505  p_z
   71   2   1   1       1.01589539  p_x
   72   1   0   0       0.93680087  s
   73   1   0   0       0.90859075  s
   74   1   0   0       1.33414530  s
   74   2   1  -1       0.98474804  p_y
   74   2   1   0       0.93994122  p_z
   74   2   1   1       1.02605724  p_x
   75   1   0   0       0.92597805  s
   76   1   0   0       0.89581224  s
   77   1   0   0       1.24351525  s
   77   2   1  -1       0.93388360  p_y
   77   2   1   0       0.97631375  p_z
   77   2   1   1       0.94034186  p_x
   78   1   0   0       0.90475289  s
   79   1   0   0       0.90943185  s
   80   1   0   0       1.27049031  s
   80   2   1  -1       0.94224901  p_y
   80   2   1   0       0.94022898  p_z
   80   2   1   1       0.95025675  p_x
   81   1   0   0       0.96215746  s
   82   1   0   0       0.91782992  s
   83   1   0   0       1.23453305  s
   83   2   1  -1       0.94895133  p_y
   83   2   1   0       0.96552685  p_z
   83   2   1   1       0.94051580  p_x
   84   1   0   0       0.93871828  s
   85   1   0   0       0.95028805  s
   86   1   0   0       1.19926582  s
   86   2   1  -1       0.93303423  p_y
   86   2   1   0       0.99355103  p_z
   86   2   1   1       0.95303227  p_x
   87   1   0   0       0.95401367  s
   88   1   0   0       0.94374908  s
   89   1   0   0       1.25893866  s
   89   2   1  -1       0.97805831  p_y
   89   2   1   0       1.00623456  p_z
   89   2   1   1       1.01388094  p_x
   90   1   0   0       0.91749217  s
   91   1   0   0       0.91475409  s
   92   1   0   0       0.91666710  s
   93   1   0   0       1.24691524  s
   93   2   1  -1       0.98367843  p_y
   93   2   1   0       0.99383078  p_z
   93   2   1   1       0.96689367  p_x
   94   1   0   0       0.92678852  s
   95   1   0   0       0.94294912  s
   96   1   0   0       0.97041478  s
   97   1   0   0       1.22470876  s
   97   2   1  -1       0.93635459  p_y
   97   2   1   0       0.94249020  p_z
   97   2   1   1       0.97938622  p_x
   98   1   0   0       0.94881606  s
   99   1   0   0       0.97082603  s
  100   1   0   0       1.24499676  s
  100   2   1  -1       0.93535000  p_y
  100   2   1   0       0.95888852  p_z
  100   2   1   1       0.96016509  p_x
  101   1   0   0       0.94607664  s
  102   1   0   0       0.95877745  s
  103   1   0   0       1.23830654  s
  103   2   1  -1       0.97425535  p_y
  103   2   1   0       0.95264269  p_z
  103   2   1   1       0.94826459  p_x
  104   1   0   0       0.93616754  s
  105   1   0   0       0.94964521  s
  106   1   0   0       1.22439897  s
  106   2   1  -1       0.98600171  p_y
  106   2   1   0       0.94739561  p_z
  106   2   1   1       0.95182196  p_x
  107   1   0   0       0.94655107  s
  108   1   0   0       0.94192428  s
  109   1   0   0       1.20970629  s
  109   2   1  -1       0.97102667  p_y
  109   2   1   0       0.94117814  p_z
  109   2   1   1       0.95169716  p_x
  110   1   0   0       0.96277613  s
  111   1   0   0       0.96500427  s
  112   1   0   0       1.21411712  s
  112   2   1  -1       0.96302065  p_y
  112   2   1   0       0.96664055  p_z
  112   2   1   1       0.93564599  p_x
  113   1   0   0       0.94594162  s
  114   1   0   0       0.95333489  s
  115   1   0   0       1.22618048  s
  115   2   1  -1       0.96721894  p_y
  115   2   1   0       0.98872727  p_z
  115   2   1   1       0.92553841  p_x
  116   1   0   0       0.94305428  s
  117   1   0   0       0.95569853  s
  118   1   0   0       1.22862625  s
  118   2   1  -1       0.95508888  p_y
  118   2   1   0       0.93960042  p_z
  118   2   1   1       0.93898141  p_x
  119   1   0   0       0.93540398  s
  120   1   0   0       0.98580773  s
  121   1   0   0       1.24252089  s
  121   2   1  -1       0.98075898  p_y
  121   2   1   0       0.98505297  p_z
  121   2   1   1       0.98196742  p_x
  122   1   0   0       0.95775984  s
  123   1   0   0       0.92224783  s
  124   1   0   0       0.93779263  s
  125   1   0   0       1.26875958  s
  125   2   1  -1       0.99043792  p_y
  125   2   1   0       0.96658985  p_z
  125   2   1   1       0.96516137  p_x
  126   1   0   0       0.94107868  s
  127   1   0   0       0.95493559  s
  128   1   0   0       0.93255329  s
  129   1   0   0       1.25547357  s
  129   2   1  -1       0.98423375  p_y
  129   2   1   0       0.93396406  p_z
  129   2   1   1       0.92657182  p_x
  130   1   0   0       0.95790240  s
  131   1   0   0       0.92963593  s
  132   1   0   0       1.25243176  s
  132   2   1  -1       0.94631658  p_y
  132   2   1   0       0.93662209  p_z
  132   2   1   1       0.95881723  p_x
  133   1   0   0       0.94084611  s
  134   1   0   0       0.95423651  s
  135   1   0   0       1.24864232  s
  135   2   1  -1       0.96239379  p_y
  135   2   1   0       0.94116126  p_z
  135   2   1   1       0.94348923  p_x
  136   1   0   0       0.93748753  s
  137   1   0   0       0.96683216  s
  138   1   0   0       1.25167326  s
  138   2   1  -1       0.96631085  p_y
  138   2   1   0       0.93809298  p_z
  138   2   1   1       0.94759431  p_x
  139   1   0   0       0.94742101  s
  140   1   0   0       0.95143917  s
  141   1   0   0       1.26804428  s
  141   2   1  -1       0.93842487  p_y
  141   2   1   0       0.96590302  p_z
  141   2   1   1       0.92212920  p_x
  142   1   0   0       0.96992207  s
  143   1   0   0       0.95026613  s
  144   1   0   0       1.24680569  s
  144   2   1  -1       0.95771409  p_y
  144   2   1   0       0.92401071  p_z
  144   2   1   1       0.95098040  p_x
  145   1   0   0       0.94833270  s
  146   1   0   0       0.94654790  s
  147   1   0   0       1.24414351  s
  147   2   1  -1       1.00058988  p_y
  147   2   1   0       0.92854198  p_z
  147   2   1   1       0.92659645  p_x
  148   1   0   0       0.96101174  s
  149   1   0   0       0.94092435  s
  150   1   0   0       1.22560801  s
  150   2   1  -1       0.94511254  p_y
  150   2   1   0       0.99984382  p_z
  150   2   1   1       0.93167872  p_x
  151   1   0   0       0.94838699  s
  152   1   0   0       0.94144469  s
  153   1   0   0       1.27990894  s
  153   2   1  -1       0.99583005  p_y
  153   2   1   0       0.98850393  p_z
  153   2   1   1       0.96508029  p_x
  154   1   0   0       0.92661628  s
  155   1   0   0       0.93174688  s
  156   1   0   0       0.92267626  s
  157   1   0   0       1.26693195  s
  157   2   1  -1       0.95348535  p_y
  157   2   1   0       0.97718036  p_z
  157   2   1   1       0.99369838  p_x
  158   1   0   0       0.95685289  s
  159   1   0   0       0.93036420  s
  160   1   0   0       0.94839015  s
  161   1   0   0       1.24965674  s
  161   2   1  -1       0.92803076  p_y
  161   2   1   0       0.95411540  p_z
  161   2   1   1       0.96551637  p_x
  162   1   0   0       0.96275446  s
  163   1   0   0       0.93368670  s
  164   1   0   0       1.24736624  s
  164   2   1  -1       0.95382212  p_y
  164   2   1   0       0.95181474  p_z
  164   2   1   1       0.97408155  p_x
  165   1   0   0       0.93925209  s
  166   1   0   0       0.92994692  s
  167   1   0   0       1.24941412  s
  167   2   1  -1       0.94690438  p_y
  167   2   1   0       0.93376149  p_z
  167   2   1   1       0.96644673  p_x
  168   1   0   0       0.95038063  s
  169   1   0   0       0.94391367  s
  170   1   0   0       1.24735221  s
  170   2   1  -1       0.96468650  p_y
  170   2   1   0       0.94740256  p_z
  170   2   1   1       0.92656240  p_x
  171   1   0   0       0.95966502  s
  172   1   0   0       0.95273887  s
  173   1   0   0       1.24421693  s
  173   2   1  -1       0.96718715  p_y
  173   2   1   0       0.96032807  p_z
  173   2   1   1       0.92785488  p_x
  174   1   0   0       0.96490081  s
  175   1   0   0       0.94735157  s
  176   1   0   0       1.26244060  s
  176   2   1  -1       0.95109834  p_y
  176   2   1   0       0.93520121  p_z
  176   2   1   1       0.94725643  p_x
  177   1   0   0       0.96198110  s
  178   1   0   0       0.94878381  s
  179   1   0   0       1.25056331  s
  179   2   1  -1       0.96990070  p_y
  179   2   1   0       0.94166640  p_z
  179   2   1   1       0.94755864  p_x
  180   1   0   0       0.95520221  s
  181   1   0   0       0.92292893  s
  182   1   0   0       1.21364050  s
  182   2   1  -1       0.95116474  p_y
  182   2   1   0       0.94788403  p_z
  182   2   1   1       0.97663283  p_x
  183   1   0   0       0.95802912  s
  184   1   0   0       0.93839006  s
  185   1   0   0       1.26358441  s
  185   2   1  -1       0.97516959  p_y
  185   2   1   0       0.98336317  p_z
  185   2   1   1       0.98075557  p_x
  186   1   0   0       0.94290210  s
  187   1   0   0       0.93573859  s
  188   1   0   0       0.93996680  s
  189   1   0   0       1.25275809  s
  189   2   1  -1       0.99131331  p_y
  189   2   1   0       0.98213025  p_z
  189   2   1   1       0.97624633  p_x
  190   1   0   0       0.93305104  s
  191   1   0   0       0.93142654  s
  192   1   0   0       0.94049816  s
  193   1   0   0       1.24000015  s
  193   2   1  -1       0.95808195  p_y
  193   2   1   0       0.94662634  p_z
  193   2   1   1       0.93983239  p_x
  194   1   0   0       0.94788896  s
  195   1   0   0       0.94475219  s
  196   1   0   0       1.27099655  s
  196   2   1  -1       0.93873569  p_y
  196   2   1   0       0.94376342  p_z
  196   2   1   1       0.95823814  p_x
  197   1   0   0       0.93462975  s
  198   1   0   0       0.95763847  s
  199   1   0   0       1.24899239  s
  199   2   1  -1       0.94918890  p_y
  199   2   1   0       0.96949328  p_z
  199   2   1   1       0.96037353  p_x
  200   1   0   0       0.93412225  s
  201   1   0   0       0.93835832  s
  202   1   0   0       1.25626461  s
  202   2   1  -1       0.97034671  p_y
  202   2   1   0       0.96842233  p_z
  202   2   1   1       0.92309916  p_x
  203   1   0   0       0.95125263  s
  204   1   0   0       0.95501466  s
  205   1   0   0       1.25341683  s
  205   2   1  -1       0.97770026  p_y
  205   2   1   0       0.95306611  p_z
  205   2   1   1       0.93748324  p_x
  206   1   0   0       0.92525881  s
  207   1   0   0       0.93046575  s
  208   1   0   0       1.22926642  s
  208   2   1  -1       0.97117096  p_y
  208   2   1   0       0.94449073  p_z
  208   2   1   1       0.97413552  p_x
  209   1   0   0       0.94615362  s
  210   1   0   0       0.93289450  s
  211   1   0   0       1.22344201  s
  211   2   1  -1       0.94497454  p_y
  211   2   1   0       0.98129840  p_z
  211   2   1   1       0.94775253  p_x
  212   1   0   0       0.95471706  s
  213   1   0   0       0.95079365  s
  214   1   0   0       1.23578231  s
  214   2   1  -1       0.91717066  p_y
  214   2   1   0       0.96315899  p_z
  214   2   1   1       0.97912739  p_x
  215   1   0   0       0.95172497  s
  216   1   0   0       0.93460514  s
  217   1   0   0       1.25669703  s
  217   2   1  -1       0.98455557  p_y
  217   2   1   0       0.99514125  p_z
  217   2   1   1       0.95555872  p_x
  218   1   0   0       0.94575043  s
  219   1   0   0       0.94975586  s
  220   1   0   0       0.91336720  s
  221   1   0   0       1.28314487  s
  221   2   1  -1       0.95945661  p_y
  221   2   1   0       0.97325605  p_z
  221   2   1   1       0.98633927  p_x
  222   1   0   0       0.94331467  s
  223   1   0   0       0.93805081  s
  224   1   0   0       0.94629002  s
  225   1   0   0       1.24220401  s
  225   2   1  -1       0.92512434  p_y
  225   2   1   0       0.97466968  p_z
  225   2   1   1       0.96015000  p_x
  226   1   0   0       0.92622809  s
  227   1   0   0       0.94860323  s
  228   1   0   0       1.26449205  s
  228   2   1  -1       0.93356982  p_y
  228   2   1   0       0.94474181  p_z
  228   2   1   1       0.93416410  p_x
  229   1   0   0       0.95404772  s
  230   1   0   0       0.96361385  s
  231   1   0   0       1.24129992  s
  231   2   1  -1       1.00021200  p_y
  231   2   1   0       0.94521623  p_z
  231   2   1   1       0.94218312  p_x
  232   1   0   0       0.94070647  s
  233   1   0   0       0.92709833  s
  234   1   0   0       1.24372776  s
  234   2   1  -1       0.98405122  p_y
  234   2   1   0       0.94479489  p_z
  234   2   1   1       0.92535016  p_x
  235   1   0   0       0.96911553  s
  236   1   0   0       0.95368541  s
  237   1   0   0       1.24563714  s
  237   2   1  -1       0.94991294  p_y
  237   2   1   0       0.97380565  p_z
  237   2   1   1       0.94471266  p_x
  238   1   0   0       0.93932874  s
  239   1   0   0       0.93836126  s
  240   1   0   0       1.23299440  s
  240   2   1  -1       0.93774011  p_y
  240   2   1   0       0.94002855  p_z
  240   2   1   1       1.00744309  p_x
  241   1   0   0       0.92891398  s
  242   1   0   0       0.92694223  s
  243   1   0   0       1.23982751  s
  243   2   1  -1       0.95896326  p_y
  243   2   1   0       0.93828298  p_z
  243   2   1   1       0.95591563  p_x
  244   1   0   0       0.96110009  s
  245   1   0   0       0.94968076  s
  246   1   0   0       1.25290069  s
  246   2   1  -1       0.95371152  p_y
  246   2   1   0       0.96196327  p_z
  246   2   1   1       0.95050364  p_x
  247   1   0   0       0.93635601  s
  248   1   0   0       0.96369687  s
  249   1   0   0       1.28604913  s
  249   2   1  -1       0.95343325  p_y
  249   2   1   0       0.97127613  p_z
  249   2   1   1       0.98509674  p_x
  250   1   0   0       0.93488020  s
  251   1   0   0       0.94398655  s
  252   1   0   0       0.95239717  s
  253   1   0   0       1.27528695  s
  253   2   1  -1       0.98694587  p_y
  253   2   1   0       0.96103938  p_z
  253   2   1   1       0.97093842  p_x
  254   1   0   0       0.91625549  s
  255   1   0   0       0.92430338  s
  256   1   0   0       0.96122490  s
  257   1   0   0       1.21341978  s
  257   2   1  -1       0.95746687  p_y
  257   2   1   0       0.95864867  p_z
  257   2   1   1       0.95809115  p_x
  258   1   0   0       0.95000642  s
  259   1   0   0       0.93244692  s
  260   1   0   0       1.20975944  s
  260   2   1  -1       0.96364307  p_y
  260   2   1   0       0.96295181  p_z
  260   2   1   1       0.96132339  p_x
  261   1   0   0       0.94336772  s
  262   1   0   0       0.94271118  s
  263   1   0   0       1.23312723  s
  263   2   1  -1       0.97638316  p_y
  263   2   1   0       0.94620307  p_z
  263   2   1   1       0.93896325  p_x
  264   1   0   0       0.94908321  s
  265   1   0   0       0.96003138  s
  266   1   0   0       1.24581486  s
  266   2   1  -1       0.96333661  p_y
  266   2   1   0       0.94733514  p_z
  266   2   1   1       0.94192607  p_x
  267   1   0   0       0.94787005  s
  268   1   0   0       0.97316472  s
  269   1   0   0       1.23310679  s
  269   2   1  -1       0.97282562  p_y
  269   2   1   0       0.93643085  p_z
  269   2   1   1       0.94041860  p_x
  270   1   0   0       0.96200462  s
  271   1   0   0       0.94501779  s
  272   1   0   0       1.23629602  s
  272   2   1  -1       0.97268826  p_y
  272   2   1   0       0.98507167  p_z
  272   2   1   1       0.92402753  p_x
  273   1   0   0       0.93081305  s
  274   1   0   0       0.94267246  s
  275   1   0   0       1.25355752  s
  275   2   1  -1       0.93938698  p_y
  275   2   1   0       0.97781975  p_z
  275   2   1   1       0.93446000  p_x
  276   1   0   0       0.94006826  s
  277   1   0   0       0.95738632  s
  278   1   0   0       1.23561103  s
  278   2   1  -1       0.92903600  p_y
  278   2   1   0       0.94473274  p_z
  278   2   1   1       0.98909134  p_x
  279   1   0   0       0.94008741  s
  280   1   0   0       0.95800902  s
  281   1   0   0       1.25669291  s
  281   2   1  -1       0.96840068  p_y
  281   2   1   0       0.99361401  p_z
  281   2   1   1       0.98308039  p_x
  282   1   0   0       0.94459754  s
  283   1   0   0       0.93087426  s
  284   1   0   0       0.94802094  s
  285   1   0   0       1.27996791  s
  285   2   1  -1       0.96246805  p_y
  285   2   1   0       0.94742820  p_z
  285   2   1   1       0.98925829  p_x
  286   1   0   0       0.95047378  s
  287   1   0   0       0.94537028  s
  288   1   0   0       0.94090691  s
  289   1   0   0       1.24113219  s
  289   2   1  -1       0.95783022  p_y
  289   2   1   0       0.91201753  p_z
  289   2   1   1       0.97541498  p_x
  290   1   0   0       0.97061543  s
  291   1   0   0       0.95573840  s
  292   1   0   0       1.23984843  s
  292   2   1  -1       0.93194073  p_y
  292   2   1   0       0.93527257  p_z
  292   2   1   1       0.97599210  p_x
  293   1   0   0       0.95543403  s
  294   1   0   0       0.96418280  s
  295   1   0   0       1.21814943  s
  295   2   1  -1       0.94235388  p_y
  295   2   1   0       0.95671085  p_z
  295   2   1   1       0.98309333  p_x
  296   1   0   0       0.94159793  s
  297   1   0   0       0.93611994  s
  298   1   0   0       1.23690438  s
  298   2   1  -1       0.95440795  p_y
  298   2   1   0       0.95550435  p_z
  298   2   1   1       0.97035695  p_x
  299   1   0   0       0.93672569  s
  300   1   0   0       0.93496624  s
  301   1   0   0       1.26055668  s
  301   2   1  -1       0.94433394  p_y
  301   2   1   0       0.99010564  p_z
  301   2   1   1       0.95446221  p_x
  302   1   0   0       0.93082115  s
  303   1   0   0       0.92953748  s
  304   1   0   0       1.26057527  s
  304   2   1  -1       0.93216194  p_y
  304   2   1   0       0.95583881  p_z
  304   2   1   1       0.95053603  p_x
  305   1   0   0       0.93650651  s
  306   1   0   0       0.98057872  s
  307   1   0   0       1.21903609  s
  307   2   1  -1       0.93123576  p_y
  307   2   1   0       0.96763439  p_z
  307   2   1   1       0.98779814  p_x
  308   1   0   0       0.93585337  s
  309   1   0   0       0.95380713  s
  310   1   0   0       1.22324592  s
  310   2   1  -1       0.94050816  p_y
  310   2   1   0       0.94698022  p_z
  310   2   1   1       0.98508554  p_x
  311   1   0   0       0.94503089  s
  312   1   0   0       0.94844234  s
  313   1   0   0       1.26778941  s
  313   2   1  -1       0.98670950  p_y
  313   2   1   0       0.92043107  p_z
  313   2   1   1       1.00510954  p_x
  314   1   0   0       0.92795994  s
  315   1   0   0       0.94792172  s
  316   1   0   0       0.94857870  s
  317   1   0   0       1.26000801  s
  317   2   1  -1       0.96326583  p_y
  317   2   1   0       0.96642063  p_z
  317   2   1   1       1.00081365  p_x
  318   1   0   0       0.90435329  s
  319   1   0   0       0.95557116  s
  320   1   0   0       0.95510365  s
  321   1   0   0       1.20501389  s
  321   2   1  -1       0.97901222  p_y
  321   2   1   0       0.93963164  p_z
  321   2   1   1       0.94942315  p_x
  322   1   0   0       0.95200581  s
  323   1   0   0       0.94773431  s
  324   1   0   0       1.23028573  s
  324   2   1  -1       0.96694672  p_y
  324   2   1   0       0.96136891  p_z
  324   2   1   1       0.93443400  p_x
  325   1   0   0       0.93566268  s
  326   1   0   0       0.95806684  s
  327   1   0   0       1.26305899  s
  327   2   1  -1       0.95729016  p_y
  327   2   1   0       0.95986012  p_z
  327   2   1   1       0.91240719  p_x
  328   1   0   0       0.96707947  s
  329   1   0   0       0.94456803  s
  330   1   0   0       1.25719370  s
  330   2   1  -1       0.94934351  p_y
  330   2   1   0       0.99280745  p_z
  330   2   1   1       0.94247280  p_x
  331   1   0   0       0.95801604  s
  332   1   0   0       0.92064114  s
  333   1   0   0       1.25103024  s
  333   2   1  -1       0.96125546  p_y
  333   2   1   0       0.99223550  p_z
  333   2   1   1       0.90795444  p_x
  334   1   0   0       0.94040498  s
  335   1   0   0       0.93481520  s
  336   1   0   0       1.26702003  s
  336   2   1  -1       0.98014648  p_y
  336   2   1   0       0.92215233  p_z
  336   2   1   1       0.94505850  p_x
  337   1   0   0       0.95533260  s
  338   1   0   0       0.94134739  s
  339   1   0   0       1.26318002  s
  339   2   1  -1       0.96574541  p_y
  339   2   1   0       0.95772078  p_z
  339   2   1   1       0.94591647  p_x
  340   1   0   0       0.92519418  s
  341   1   0   0       0.93207098  s
  342   1   0   0       1.24157782  s
  342   2   1  -1       0.92477382  p_y
  342   2   1   0       0.96942085  p_z
  342   2   1   1       0.92523615  p_x
  343   1   0   0       0.95900782  s
  344   1   0   0       0.97352273  s
  345   1   0   0       1.24516098  s
  345   2   1  -1       1.01060050  p_y
  345   2   1   0       0.96359062  p_z
  345   2   1   1       1.00004021  p_x
  346   1   0   0       0.93865674  s
  347   1   0   0       0.92388083  s
  348   1   0   0       0.93635569  s
  349   1   0   0       1.24814807  s
  349   2   1  -1       0.98247881  p_y
  349   2   1   0       1.00250401  p_z
  349   2   1   1       0.97670699  p_x
  350   1   0   0       0.92911953  s
  351   1   0   0       0.92098046  s
  352   1   0   0       0.94879979  s
 
Fermi level:                        -0.1592134503 H           -4.3324 eV
Band energy:                      -277.9060191124 H        -7562.2075 eV
TS:                                  0.0026335718 H            0.0717 eV
Band free energy (E-TS):          -277.9086526842 H        -7562.2792 eV
Extrapolated E(0K):               -277.9073358983 H        -7562.2434 eV
Input / Output electrons (q):    682.0000000000    682.0000000000
 
Energy H0:                        -282.3976624249 H        -7684.4314 eV
Energy SCC:                          0.0763066720 H            2.0764 eV
Total Electronic energy:          -282.3213557529 H        -7682.3550 eV
Repulsive energy:                    4.5463947329 H          123.7137 eV
Dispersion energy:                   1.1216493476 H           30.5216 eV
Total energy:                     -276.6533116724 H        -7528.1196 eV
Extrapolated to 0:                -276.6546284583 H        -7528.1555 eV
Total Mermin free energy:         -276.6559452442 H        -7528.1913 eV
Force related energy:             -276.6559452442 H        -7528.1913 eV
 
SCC converged
 
Full geometry written in geo_end.{xyz|gen}
 
MD Kinetic Energy:                   0.9226217823 H
Total MD Energy:                  -275.7333234619 H
Pressure:                            0.198402E-05 au     0.583718E+08 Pa
MD Temperature:                      0.0017523681 H          553.3534 K
MD Kinetic Energy:                   0.9226217823 H
Total MD Energy:                  -275.7333234619 H        -7503.0855 eV
MD Temperature:                      0.0017523681 H          553.3534 K
 
Molecular dynamics completed
 
