 Fermi distribution function
 
MD step: 100000
 

********************************************************************************
 iSCC Total electronic   Diff electronic      SCC error    
    6   -0.28281527E+03    0.22737368E-12    0.65638649E-06
********************************************************************************
 
Coordinates of moved atoms (au):
    1     69.13159680     51.94131881     74.99168374
    2     68.35826387     50.77965041     73.46311639
    3     70.04642932     50.86639792     76.51113611
    4     71.24982075     82.80005575     74.04236799
    5     72.03320539     84.13603860     75.51114967
    6     41.26352922     83.91523272     72.53005304
    7     73.54905518     81.49278424     72.87777408
    8     43.97497723     79.97413860     71.43461374
    9     74.40403689     80.37709720     74.50564073
   10     46.51950136     83.58439705     71.89467180
   11     46.10438747     85.63195103     72.31543916
   12     47.17148437     83.66191669     69.91706568
   13     78.11693663     83.26626284     73.31400866
   14     77.75782386     83.33704437     75.38064588
   15     79.04442847     85.14818456     72.90761116
   16     50.76890248     80.99712664     72.84388912
   17     49.59938377     79.24196462     73.12693468
   18     52.05074117     80.94001102     74.52259259
   19     80.74974421     80.88242343     70.20976964
   20     79.46928364     82.10179489     69.05421739
   21     80.09257511     78.90200940     69.40167750
   22     83.72020723     81.09572323     69.94220426
   23     55.71705447     79.99028750     71.55829860
   24     55.25405324     83.05567436     70.61407799
   25     66.70735963     53.20065998     75.97588217
   26     66.04138529     54.46701465     74.67382195
   27     65.19884549     52.03501747     76.65690606
   28     67.12966987     54.58920746     77.58989828
   29     84.65735113     80.37078892     67.42397060
   30     84.52701311     78.19735789     67.20835794
   31     83.89581045     81.15321924     65.63231414
   32     86.79590778     80.89362273     67.45194577
   33     56.86407378     59.42253272     61.48206648
   34     55.96858555     60.41650483     63.20174796
   35     58.82323861     58.91763294     62.19801008
   36     55.41924011     57.07908579     60.72414952
   37     53.77156917     57.60189340     59.55237672
   38     54.57825127     56.24785128     62.55193494
   39     56.89137482     54.94444346     59.38203829
   40     57.84281218     53.82287082     60.86911772
   41     58.45834842     55.71281853     58.28338168
   42     55.32739771     52.85741037     58.00146646
   43     82.77387196     52.13926293     59.46584719
   44     56.76044307     51.27274340     58.01484160
   45     54.34455504     53.43203268     55.44849496
   46     55.43333000     54.96254550     54.50694141
   47     81.32674057     54.20695289     55.45487368
   48     83.44387164     51.29467255     53.34910459
   49     81.71053487     50.00463785     53.48897623
   50     85.06007057     49.95730653     53.86046517
   51     55.00474101     52.26635635     50.77363643
   52     53.42875252     53.55864205     50.47517445
   53     54.63131344     50.65168834     49.49310550
   54     86.28520828     53.92212053     79.07939113
   55     87.89213095     53.47105050     80.31737226
   56     85.89900773     55.92184273     79.23814766
   57     57.02085988     61.12565064     59.22543437
   58     57.17304008     60.00954162     57.47182351
   59     55.36975364     62.19972462     58.93457160
   60     58.78240926     62.24844525     59.10560920
   61     58.33495859     53.21294151     76.51900243
   62     60.02586820     54.47225402     76.30892438
   63     58.87506631     51.20719651     76.64377715
   64     56.99339817     53.68580228     74.97873094
   65     66.87687753     71.91361960     84.43825821
   66     68.70722475     71.35630818     85.36539328
   67     67.09060017     73.91966583     84.64696452
   68     66.72858628     71.35281504     81.52536921
   69     65.00338629     71.55221859     80.39805979
   70     67.32352627     69.35126954     81.46405295
   71     68.86942608     72.77192874     80.17304076
   72     70.73355708     72.33125523     80.94339403
   73     68.51543025     74.70009792     80.37551708
   74     69.24045077     42.72961354     77.40003067
   75     67.37903575     42.61811988     76.54773971
   76     69.83320964     40.86897075     77.49073547
   77     70.90715416     44.44106240     75.88500595
   78     72.96995571     73.24890396     76.52899790
   79     70.40841176     75.43248279     75.76753694
   80     71.17146607     43.36256059     73.19020449
   81     69.86489598     41.66778300     72.83980582
   82     73.13609307     42.80696652     73.02867944
   83     70.87046926     45.52559191     71.21411243
   84     72.05062199     47.12778853     71.90763935
   85     68.86685179     46.16174304     71.24796612
   86     71.34848274     44.88782250     68.42079345
   87     71.30365618     42.90603883     68.29053449
   88     73.21800901     45.58218748     68.16107099
   89     64.59844060     70.99204073     85.96496388
   90     64.70266703     71.54901683     87.98556670
   91     62.67378483     71.56099962     85.27516048
   92     64.74155584     68.90579386     86.03229240
   93     69.38667978     46.23837072     66.52002258
   94     68.65479348     47.99204167     67.16810859
   95     70.28075462     46.66812595     64.78704516
   96     67.67954573     45.04958904     66.14342770
   97     63.56428981     80.61491250     87.36606475
   98     63.44422768     82.56134226     87.55194425
   99     62.19288925     80.15233826     88.89749336
  100     62.73422820     79.92849016     84.71307799
  101     64.11547574     80.77252809     83.45990373
  102     61.10357888     81.00291733     84.34856032
  103     62.14434072     77.22587998     84.27008481
  104     60.84336988     76.68691670     85.71074050
  105     63.93727009     76.13740120     84.43501807
  106     61.26503886     76.62158949     52.54156354
  107     62.95177947     76.77126137     51.31124057
  108     60.09280059     78.14809602     51.77550479
  109     60.01489156     73.91226855     52.41049828
  110     60.16839602     73.00743565     54.34503296
  111     61.40165663     72.74353956     51.28725932
  112     57.32809376     73.63867390     51.69072863
  113     56.24073802     75.22907422     52.41521891
  114     56.37816858     72.11149517     52.81011379
  115     56.64718508     73.58575015     48.87724563
  116     58.32401112     73.25476655     47.57578357
  117     55.66946712     75.51007898     48.47866634
  118     54.83934196     71.34868097     48.08579517
  119     53.33467983     70.85011360     49.50525469
  120     56.12399374     69.76309341     47.74883469
  121     66.17832354     79.73096018     88.30104972
  122     65.72358887     78.11437603     89.65876663
  123     67.18072923     78.90252647     86.69414607
  124     67.32897129     81.05659488     89.34526097
  125     53.32720284     71.55355107     45.41938004
  126     52.43329567     73.46246162     45.14978029
  127     54.62584668     70.95659856     43.94673947
  128     51.96502550     70.05163693     45.47646490
  129     62.47268001     72.12686699     73.13782703
  130     60.60807824     70.99108843     73.64431442
  131     64.15211566     71.39763652     74.04955398
  132     62.76081458     71.83587429     70.05069346
  133     66.61153166     70.77198891     70.23127886
  134     63.48904614     73.75192760     69.05878887
  135     60.31020845     71.01163162     68.45331941
  136     58.35107003     71.63075848     68.65210002
  137     60.24160555     69.00355278     68.74887565
  138     60.62281019     71.51707330     65.55608397
  139     58.86259717     70.19029130     64.88463694
  140     61.97508150     71.05821490     64.14419133
  141     60.12541886     74.12692212     64.55170825
  142     61.39934704     74.71266355     62.93029297
  143     61.05792289     75.33181774     65.94837653
  144     57.22017359     75.01139234     63.87600456
  145     57.56900499     77.00860209     64.24754488
  146     55.90833896     74.78260834     65.36228532
  147     56.32928955     74.69746785     61.21841443
  148     56.59347556     72.64910866     60.44113893
  149     57.39806272     75.72285777     59.72889526
  150     53.66970908     75.79928387     61.18037300
  151     53.48571933     77.96601147     61.61242779
  152     52.39484550     75.27572642     62.68471046
  153     62.21175081     74.82558409     73.88415311
  154     63.82748065     47.12255958     73.36933800
  155     60.40273394     75.51797518     72.99190796
  156     62.23724055     74.64019354     75.94013492
  157     52.52598658     75.01278698     58.78062194
  158     50.52116489     75.37388913     58.85790781
  159     53.75639235     75.71744154     57.20085491
  160     52.80508762     72.97052075     58.55753324
  161     76.57875715     60.91833630     51.28989172
  162     74.90184205     60.78991804     52.65154006
  163     77.05013020     63.06452914     51.31285969
  164     78.95237710     59.51074759     52.16225527
  165     79.42941064     57.93957071     50.99074374
  166     78.18509504     58.57613476     53.97611948
  167     81.38168478     60.98928530     52.70505877
  168     82.83415775     59.42943087     53.18608465
  169     81.07166000     62.14594655     54.38639529
  170     82.27370844     62.68907893     50.58790909
  171     82.75070742     61.62292491     49.08054895
  172     84.07567105     63.43466180     51.40194168
  173     64.89077452     69.98965857     69.45808123
  174     64.41104288     68.12909278     70.14422812
  175     91.43332063     33.27001630     62.96367921
  176     93.66163332     62.77189311     62.94056588
  177     80.92626702     93.13301898     50.30160184
  178     94.86645899     61.29966247     62.22461894
  179     94.33968248     65.12707226     62.77871370
  180     64.96840320     69.97996775     67.43431690
  181     92.87637311     66.52406443     63.04468486
  182     97.06361372     66.00861845     62.60691974
  183     98.48074944     64.54061187     62.80069996
  184     97.33725126     67.51330298     64.12011460
  185     75.76556450     60.23046004     48.67672878
  186     73.90523422     60.97520561     48.09223714
  187     77.22527188     61.15018002     47.39530585
  188     75.64658770     58.21518407     77.35254520
  189     97.42233622     67.20146416     59.95601875
  190     99.33373049     66.56445995     59.29953728
  191     96.29887631     66.35994120     58.50156350
  192     97.70157964     69.29947160     59.53043148
  193     70.64000685     59.19444318     85.41159100
  194     72.12444437     58.95628506     86.81455462
  195     71.79337810     89.67764351     84.27459190
  196     70.46879929     56.66291469     83.80895482
  197     69.46638571     57.33032791     82.02436444
  198     69.11551628     84.53150023     84.80987169
  199     72.95162881     55.15997712     83.16707073
  200     74.00546183     54.95081849     85.08272951
  201     74.15973534     56.38163167     81.80482493
  202     72.68638672     52.34937924     82.11194850
  203     71.12733810     52.31856042     80.84929204
  204     72.51039085     50.97878820     83.55339148
  205     75.05256144     51.93080252     80.63481444
  206     76.58023679     52.52545196     82.07479352
  207     75.29759900     53.22948075     79.10816200
  208     75.47854525     49.22696305     79.40533547
  209     76.91298635     49.37475755     77.91242934
  210     73.61714972     48.82673285     78.61346137
  211     76.14835128     76.07690362     81.24928300
  212     74.80493933     75.74611927     82.74507540
  213     77.86987581     76.98778558     82.30945177
  214     76.70577211     73.52317956     80.03491240
  215     77.94486869     73.84309844     78.45186547
  216     75.05492985     72.53773367     79.34082069
  217     68.29570998     59.85015580     86.73786526
  218     67.33796092     61.25915030     56.49536112
  219     66.99800876     58.22074136     57.65457399
  220     68.87051204     60.62543546     88.55006032
  221     78.11596071     71.66959761     81.93013333
  222     77.86656529     69.66796555     81.70745850
  223     80.23718364     72.03735347     81.72953336
  224     77.71495887     72.03907072     83.92021500
  225     47.83189766     88.75129331     67.41946788
  226     47.13297551     90.46973124     66.61666568
  227     46.56157868     88.26538282     68.91437982
  228     48.07868798     57.72952103     65.32855657
  229     47.74795933     55.87297417     66.24479991
  230     50.04669547     57.49737670     64.48927275
  231     46.05942368     86.83086336     63.35312262
  232     46.38498675     85.44824839     61.92519053
  233     46.47097544     88.65693047     62.38221421
  234     43.39413761     86.79374974     64.24008993
  235     42.04775060     86.82917068     62.47771476
  236     42.97953350     88.45118738     65.41027493
  237     42.63067932     84.49806439     65.90063028
  238     40.92245545     85.31062688     66.89967197
  239     43.85023274     55.09594119     67.60704434
  240     42.16763788     82.16938242     64.43153329
  241     40.91188211     53.61223650     62.68226309
  242     41.06789195     51.67326549     65.41277722
  243     44.66713443     80.76676424     63.46624747
  244     45.54678781     79.89866580     65.26855686
  245     45.99703911     82.10748429     62.73996610
  246     44.04833290     78.87170934     61.52108248
  247     43.54758632     79.92742729     59.73214626
  248     42.14663850     77.96556968     61.67629562
  249     50.30000505     60.37384752     68.73567929
  250     50.03432182     62.04876781     69.81148835
  251     50.74260765     59.00048406     70.11995211
  252     51.87986687     60.69696761     67.54852717
  253     46.01476787     77.02288610     60.77044781
  254     45.27981702     75.61908142     59.40100269
  255     47.60007891     77.82991920     59.53515890
  256     46.53191545     75.99158036     91.39362043
  257     78.64894412     71.11878892     66.29628365
  258     78.30428695     71.37318022     64.20078577
  259     76.86461762     70.00820686     66.86706883
  260     80.91790108     69.34550097     66.58691291
  261     81.36195979     69.15487291     68.50700329
  262     82.55855137     70.34302435     65.61777487
  263     80.23765258     66.75330026     65.42008829
  264     78.12625961     66.30827735     65.38482371
  265     81.16292225     65.37702549     66.74077356
  266     81.19458963     66.41620318     62.76009855
  267     80.78400251     64.29514432     62.43254416
  268     83.24380408     66.47186708     62.83509012
  269     79.82955235     68.07526550     60.78304872
  270     80.76163497     69.92747030     60.91239243
  271     77.94293118     68.80429624     61.25689074
  272     79.88990774     67.29447541     57.94978135
  273     81.91482138     66.87950211     57.38336851
  274     79.32871246     69.24065606     57.17174620
  275     78.46719104     64.87025057     57.38846782
  276     79.17121333     63.38894997     58.80989412
  277     78.78794095     64.07295413     55.44601137
  278     75.51866325     64.98104888     57.70118972
  279     74.97207658     65.67436456     59.47467515
  280     74.67016671     63.00686130     57.75024253
  281     78.92973604     73.77026748     67.57422962
  282     77.58743847     75.26966598     67.05323397
  283     78.96594713     73.46496110     69.59065476
  284     80.81157308     74.50881660     66.73638328
  285     74.05214680     66.54577025     55.80979663
  286     74.97277681     67.07000493     53.98030944
  287     72.21339112     65.62725113     55.55468303
  288     73.30727347     68.38831795     56.42821700
  289     56.74601487     64.01886640     71.54828118
  290     55.42644394     62.76286523     72.68375457
  291     55.82032087     65.90863940     71.85805670
  292     59.29870420     64.14238711     73.04528145
  293     60.21547144     66.00696339     72.92729587
  294     60.82852614     62.96363083     72.07655153
  295     58.96812511     63.35322293     75.74853118
  296     57.80141669     61.54464388     75.81977771
  297     57.64066427     64.68088604     47.89381706
  298     61.56622945     63.16497213     48.17998265
  299     61.43501094     63.65540653     79.18612483
  300     62.63908206     64.76494013     47.49226516
  301     62.85229636     60.67365008     47.48995968
  302     63.70202013     60.64319876     45.47173491
  303     61.84561936     58.85638985     76.77312744
  304     65.15171387     60.16246149     49.33448265
  305     65.26233454     58.05467398     50.18020909
  306     64.90190563     61.09593700     51.15617192
  307     67.87120988     60.91699708     48.31205080
  308     67.81762144     60.83029550     46.28894171
  309     69.43805850     59.76084767     49.10835000
  310     68.79109475     63.59893498     48.97527463
  311     67.23802885     64.83624285     48.40306247
  312     70.34600099     63.86776615     47.53607666
  313     57.02300391     63.11993090     68.84651660
  314     55.27744607     63.43221064     67.77230189
  315     58.44504558     64.42009186     67.96020763
  316     57.59214232     61.04712650     69.04826925
  317     69.53953587     63.95026457     51.60815474
  318     71.10836093     65.13722269     51.94847934
  319     67.73059644     64.37370391     52.82680280
  320     70.40248704     62.09308424     52.02926143
  321     69.55762348     64.58928596     41.31790298
  322     68.07103061     65.97748657     40.94613970
  323     69.50795595     64.66231191     43.44034194
  324     68.80692066     62.15404831     69.04139363
  325     69.81718160     60.48388926     69.82642221
  326     69.48848805     62.22834029     67.04190045
  327     65.99440084     61.83885321     69.25621244
  328     64.94602365     63.00399121     67.85106987
  329     65.28494659     62.26846641     71.16523353
  330     65.48147253     59.18003995     68.27014933
  331     66.26628633     57.96607272     69.86181410
  332     66.84590997     58.85017632     66.54166597
  333     62.69460660     58.63511263     67.73189198
  334     62.14616943     57.71662956     65.91436084
  335     61.85641209     60.59772714     67.83703022
  336     61.58647103     57.11563429     69.87667762
  337     59.43198824     57.23558098     69.68188934
  338     61.99102451     58.13383241     71.68338651
  339     62.34599793     54.27831464     70.10298694
  340     60.99178945     53.64947800     71.68625298
  341     64.27453795     54.27935935     70.79398914
  342     62.25287514     52.57674462     67.70711098
  343     60.66864771     53.22394540     66.30747429
  344     61.54748075     50.58175439     68.38219505
  345     72.29454264     65.18265071     40.80678540
  346     73.42498578     63.88312981     41.85683552
  347     72.55992056     64.68535033     38.78784582
  348     72.90562157     66.98620221     41.63614137
  349     64.80544416     52.32019566     66.42675374
  350     65.58020588     54.11432442     65.81236665
  351     66.19366341     51.32912539     67.82853111
  352     64.52366649     51.00876930     64.74720865
 
 Total charge:    -0.00000000

 Atomic gross charges (e)
 Atom           Charge
    1      -0.10681007
    2       0.06689807
    3       0.05962232
    4      -0.10633487
    5       0.06159809
    6       0.04609271
    7      -0.08688100
    8       0.05177491
    9       0.04963972
   10      -0.13158488
   11       0.05692880
   12       0.07298359
   13      -0.11558056
   14       0.04203637
   15       0.04383460
   16      -0.08655041
   17       0.04357528
   18       0.05252669
   19      -0.10305182
   20       0.06500798
   21       0.02216480
   22      -0.06485211
   23       0.04450334
   24       0.04547682
   25      -0.21898283
   26       0.07829950
   27       0.07543832
   28       0.04361578
   29      -0.18746137
   30       0.05209304
   31       0.07254885
   32       0.05235123
   33      -0.06909306
   34       0.04051570
   35       0.04396758
   36      -0.09300786
   37       0.05622204
   38       0.03197720
   39      -0.11783243
   40       0.04457625
   41       0.06380707
   42      -0.07744365
   43       0.03984359
   44       0.04677333
   45      -0.10378708
   46       0.05474092
   47       0.05085217
   48      -0.09574872
   49       0.04776042
   50       0.03796843
   51      -0.11027894
   52       0.04937003
   53       0.05718556
   54      -0.09733176
   55       0.05370519
   56       0.06429755
   57      -0.20644790
   58       0.05511593
   59       0.07689168
   60       0.06080563
   61      -0.20084965
   62       0.05533189
   63       0.07386985
   64       0.06778155
   65      -0.09636625
   66       0.05441506
   67       0.05356219
   68      -0.11973329
   69       0.07709095
   70       0.04998362
   71      -0.14488256
   72       0.05802969
   73       0.07671659
   74      -0.11675608
   75       0.05272583
   76       0.07657884
   77      -0.10342827
   78       0.04203919
   79       0.06618804
   80      -0.12166724
   81       0.05330124
   82       0.05670453
   83      -0.11727311
   84       0.05192460
   85       0.05132027
   86      -0.12250512
   87       0.07636301
   88       0.06902311
   89      -0.20141786
   90       0.05799945
   91       0.06960647
   92       0.05997276
   93      -0.22171848
   94       0.07395380
   95       0.07449792
   96       0.06172243
   97      -0.11351476
   98       0.05984151
   99       0.04506525
  100      -0.10431658
  101       0.05615180
  102       0.05928985
  103      -0.11195040
  104       0.07091799
  105       0.05605270
  106      -0.12348889
  107       0.05111048
  108       0.06169658
  109      -0.09203513
  110       0.04478615
  111       0.04728287
  112      -0.09506412
  113       0.05685679
  114       0.04937164
  115      -0.09653762
  116       0.05848671
  117       0.04394597
  118      -0.12431944
  119       0.05866922
  120       0.05980340
  121      -0.20568348
  122       0.04677506
  123       0.06900575
  124       0.07761528
  125      -0.22258639
  126       0.07371002
  127       0.07020579
  128       0.06938534
  129      -0.10488530
  130       0.04490755
  131       0.06836924
  132      -0.01828066
  133       0.07768071
  134       0.02794392
  135      -0.11738657
  136       0.08023102
  137       0.05713577
  138      -0.11769184
  139       0.00588683
  140       0.08946940
  141      -0.12478452
  142       0.04168710
  143       0.05588775
  144      -0.13547072
  145       0.05150858
  146       0.08071590
  147      -0.06934236
  148       0.04318921
  149       0.05127030
  150      -0.09446452
  151       0.03830826
  152       0.05678400
  153      -0.19793332
  154       0.06674267
  155       0.06807320
  156       0.06978006
  157      -0.20782560
  158       0.07684423
  159       0.06548704
  160       0.05736187
  161      -0.07180802
  162       0.04487603
  163       0.03259935
  164      -0.11133347
  165       0.06431562
  166       0.03503997
  167      -0.09529133
  168       0.03989799
  169       0.06152649
  170      -0.21723463
  171       0.09034542
  172       0.05525580
  173      -0.22481763
  174       0.07080843
  175       0.05762021
  176      -0.22131185
  177       0.08335395
  178       0.09624629
  179      -0.05496108
  180       0.07173198
  181       0.08040800
  182      -0.06367541
  183       0.07131528
  184       0.05708916
  185      -0.19452499
  186       0.06021073
  187       0.05388900
  188       0.06934355
  189      -0.22269568
  190       0.04470585
  191       0.08050447
  192       0.07346468
  193      -0.10301764
  194       0.04392338
  195       0.04052291
  196      -0.12640893
  197       0.04553942
  198       0.06828473
  199      -0.09871640
  200       0.04073471
  201       0.05363930
  202      -0.11724621
  203       0.06694164
  204       0.07547912
  205      -0.11323762
  206       0.03869828
  207       0.06257874
  208      -0.11962258
  209       0.06324736
  210       0.05788008
  211      -0.09416833
  212       0.06118289
  213       0.03651621
  214      -0.10406805
  215       0.06287286
  216       0.06822893
  217      -0.19433010
  218       0.05682388
  219       0.07599491
  220       0.08276137
  221      -0.21590580
  222       0.07468156
  223       0.04986044
  224       0.06661906
  225      -0.10527244
  226       0.05978006
  227       0.06448945
  228      -0.10276444
  229       0.04493643
  230       0.05261674
  231      -0.10026300
  232       0.06568989
  233       0.03930553
  234      -0.08708879
  235       0.03868681
  236       0.05343426
  237      -0.09803749
  238       0.04147230
  239       0.05693353
  240      -0.09604832
  241       0.03558200
  242       0.04835656
  243      -0.10520541
  244       0.03932116
  245       0.07308784
  246      -0.07741005
  247       0.03231707
  248       0.05025330
  249      -0.22267116
  250       0.06109153
  251       0.06992999
  252       0.07455377
  253      -0.19721549
  254       0.04979991
  255       0.06174626
  256       0.07620297
  257      -0.09321662
  258       0.04350422
  259       0.03765536
  260      -0.11387752
  261       0.06636691
  262       0.05560357
  263      -0.09796396
  264       0.05113146
  265       0.04447320
  266      -0.09142450
  267       0.03136815
  268       0.06454201
  269      -0.11945399
  270       0.04786977
  271       0.06488017
  272      -0.09586870
  273       0.04483637
  274       0.05929239
  275      -0.09335353
  276       0.04835105
  277       0.06307059
  278      -0.09973621
  279       0.06780396
  280       0.04264431
  281      -0.20515053
  282       0.07072627
  283       0.07686618
  284       0.05234046
  285      -0.20625418
  286       0.06512958
  287       0.06330228
  288       0.05378507
  289      -0.09635307
  290       0.04142596
  291       0.04677403
  292      -0.10265192
  293       0.05256085
  294       0.04475131
  295      -0.09360802
  296       0.04442437
  297       0.03724748
  298      -0.10231126
  299       0.05949376
  300       0.06039662
  301      -0.09358656
  302       0.05455901
  303       0.06467769
  304      -0.12097348
  305       0.02691905
  306       0.05925975
  307      -0.12812630
  308       0.06349500
  309       0.05988116
  310      -0.08997333
  311       0.04995899
  312       0.04279826
  313      -0.19318880
  314       0.06975492
  315       0.06585710
  316       0.07355316
  317      -0.20133711
  318       0.08018776
  319       0.05788711
  320       0.06619743
  321      -0.10683188
  322       0.06038038
  323       0.04026069
  324      -0.08920949
  325       0.04915457
  326       0.04996012
  327      -0.11546201
  328       0.05942293
  329       0.06432288
  330      -0.09264505
  331       0.04207801
  332       0.03793987
  333      -0.10077772
  334       0.06358829
  335       0.04900605
  336      -0.09785646
  337       0.03193584
  338       0.05039045
  339      -0.11307478
  340       0.04509888
  341       0.06626454
  342      -0.06887645
  343       0.04808710
  344       0.03621964
  345      -0.21368707
  346       0.06334456
  347       0.06942926
  348       0.07356127
  349      -0.18310911
  350       0.07987884
  351       0.05108538
  352       0.05597163
 
Nr. of electrons (up):    682.00000000
Atom populations (up)
 Atom       Population
    1       4.10681007
    2       0.93310193
    3       0.94037768
    4       4.10633487
    5       0.93840191
    6       0.95390729
    7       4.08688100
    8       0.94822509
    9       0.95036028
   10       4.13158488
   11       0.94307120
   12       0.92701641
   13       4.11558056
   14       0.95796363
   15       0.95616540
   16       4.08655041
   17       0.95642472
   18       0.94747331
   19       4.10305182
   20       0.93499202
   21       0.97783520
   22       4.06485211
   23       0.95549666
   24       0.95452318
   25       4.21898283
   26       0.92170050
   27       0.92456168
   28       0.95638422
   29       4.18746137
   30       0.94790696
   31       0.92745115
   32       0.94764877
   33       4.06909306
   34       0.95948430
   35       0.95603242
   36       4.09300786
   37       0.94377796
   38       0.96802280
   39       4.11783243
   40       0.95542375
   41       0.93619293
   42       4.07744365
   43       0.96015641
   44       0.95322667
   45       4.10378708
   46       0.94525908
   47       0.94914783
   48       4.09574872
   49       0.95223958
   50       0.96203157
   51       4.11027894
   52       0.95062997
   53       0.94281444
   54       4.09733176
   55       0.94629481
   56       0.93570245
   57       4.20644790
   58       0.94488407
   59       0.92310832
   60       0.93919437
   61       4.20084965
   62       0.94466811
   63       0.92613015
   64       0.93221845
   65       4.09636625
   66       0.94558494
   67       0.94643781
   68       4.11973329
   69       0.92290905
   70       0.95001638
   71       4.14488256
   72       0.94197031
   73       0.92328341
   74       4.11675608
   75       0.94727417
   76       0.92342116
   77       4.10342827
   78       0.95796081
   79       0.93381196
   80       4.12166724
   81       0.94669876
   82       0.94329547
   83       4.11727311
   84       0.94807540
   85       0.94867973
   86       4.12250512
   87       0.92363699
   88       0.93097689
   89       4.20141786
   90       0.94200055
   91       0.93039353
   92       0.94002724
   93       4.22171848
   94       0.92604620
   95       0.92550208
   96       0.93827757
   97       4.11351476
   98       0.94015849
   99       0.95493475
  100       4.10431658
  101       0.94384820
  102       0.94071015
  103       4.11195040
  104       0.92908201
  105       0.94394730
  106       4.12348889
  107       0.94888952
  108       0.93830342
  109       4.09203513
  110       0.95521385
  111       0.95271713
  112       4.09506412
  113       0.94314321
  114       0.95062836
  115       4.09653762
  116       0.94151329
  117       0.95605403
  118       4.12431944
  119       0.94133078
  120       0.94019660
  121       4.20568348
  122       0.95322494
  123       0.93099425
  124       0.92238472
  125       4.22258639
  126       0.92628998
  127       0.92979421
  128       0.93061466
  129       4.10488530
  130       0.95509245
  131       0.93163076
  132       4.01828066
  133       0.92231929
  134       0.97205608
  135       4.11738657
  136       0.91976898
  137       0.94286423
  138       4.11769184
  139       0.99411317
  140       0.91053060
  141       4.12478452
  142       0.95831290
  143       0.94411225
  144       4.13547072
  145       0.94849142
  146       0.91928410
  147       4.06934236
  148       0.95681079
  149       0.94872970
  150       4.09446452
  151       0.96169174
  152       0.94321600
  153       4.19793332
  154       0.93325733
  155       0.93192680
  156       0.93021994
  157       4.20782560
  158       0.92315577
  159       0.93451296
  160       0.94263813
  161       4.07180802
  162       0.95512397
  163       0.96740065
  164       4.11133347
  165       0.93568438
  166       0.96496003
  167       4.09529133
  168       0.96010201
  169       0.93847351
  170       4.21723463
  171       0.90965458
  172       0.94474420
  173       4.22481763
  174       0.92919157
  175       0.94237979
  176       4.22131185
  177       0.91664605
  178       0.90375371
  179       4.05496108
  180       0.92826802
  181       0.91959200
  182       4.06367541
  183       0.92868472
  184       0.94291084
  185       4.19452499
  186       0.93978927
  187       0.94611100
  188       0.93065645
  189       4.22269568
  190       0.95529415
  191       0.91949553
  192       0.92653532
  193       4.10301764
  194       0.95607662
  195       0.95947709
  196       4.12640893
  197       0.95446058
  198       0.93171527
  199       4.09871640
  200       0.95926529
  201       0.94636070
  202       4.11724621
  203       0.93305836
  204       0.92452088
  205       4.11323762
  206       0.96130172
  207       0.93742126
  208       4.11962258
  209       0.93675264
  210       0.94211992
  211       4.09416833
  212       0.93881711
  213       0.96348379
  214       4.10406805
  215       0.93712714
  216       0.93177107
  217       4.19433010
  218       0.94317612
  219       0.92400509
  220       0.91723863
  221       4.21590580
  222       0.92531844
  223       0.95013956
  224       0.93338094
  225       4.10527244
  226       0.94021994
  227       0.93551055
  228       4.10276444
  229       0.95506357
  230       0.94738326
  231       4.10026300
  232       0.93431011
  233       0.96069447
  234       4.08708879
  235       0.96131319
  236       0.94656574
  237       4.09803749
  238       0.95852770
  239       0.94306647
  240       4.09604832
  241       0.96441800
  242       0.95164344
  243       4.10520541
  244       0.96067884
  245       0.92691216
  246       4.07741005
  247       0.96768293
  248       0.94974670
  249       4.22267116
  250       0.93890847
  251       0.93007001
  252       0.92544623
  253       4.19721549
  254       0.95020009
  255       0.93825374
  256       0.92379703
  257       4.09321662
  258       0.95649578
  259       0.96234464
  260       4.11387752
  261       0.93363309
  262       0.94439643
  263       4.09796396
  264       0.94886854
  265       0.95552680
  266       4.09142450
  267       0.96863185
  268       0.93545799
  269       4.11945399
  270       0.95213023
  271       0.93511983
  272       4.09586870
  273       0.95516363
  274       0.94070761
  275       4.09335353
  276       0.95164895
  277       0.93692941
  278       4.09973621
  279       0.93219604
  280       0.95735569
  281       4.20515053
  282       0.92927373
  283       0.92313382
  284       0.94765954
  285       4.20625418
  286       0.93487042
  287       0.93669772
  288       0.94621493
  289       4.09635307
  290       0.95857404
  291       0.95322597
  292       4.10265192
  293       0.94743915
  294       0.95524869
  295       4.09360802
  296       0.95557563
  297       0.96275252
  298       4.10231126
  299       0.94050624
  300       0.93960338
  301       4.09358656
  302       0.94544099
  303       0.93532231
  304       4.12097348
  305       0.97308095
  306       0.94074025
  307       4.12812630
  308       0.93650500
  309       0.94011884
  310       4.08997333
  311       0.95004101
  312       0.95720174
  313       4.19318880
  314       0.93024508
  315       0.93414290
  316       0.92644684
  317       4.20133711
  318       0.91981224
  319       0.94211289
  320       0.93380257
  321       4.10683188
  322       0.93961962
  323       0.95973931
  324       4.08920949
  325       0.95084543
  326       0.95003988
  327       4.11546201
  328       0.94057707
  329       0.93567712
  330       4.09264505
  331       0.95792199
  332       0.96206013
  333       4.10077772
  334       0.93641171
  335       0.95099395
  336       4.09785646
  337       0.96806416
  338       0.94960955
  339       4.11307478
  340       0.95490112
  341       0.93373546
  342       4.06887645
  343       0.95191290
  344       0.96378036
  345       4.21368707
  346       0.93665544
  347       0.93057074
  348       0.92643873
  349       4.18310911
  350       0.92012116
  351       0.94891462
  352       0.94402837
 
l-shell populations (up)
 Atom Sh.   l       Population
    1   1   0       1.23877823
    1   2   1       2.86803184
    2   1   0       0.93310193
    3   1   0       0.94037768
    4   1   0       1.25130675
    4   2   1       2.85502812
    5   1   0       0.93840191
    6   1   0       0.95390729
    7   1   0       1.25374124
    7   2   1       2.83313976
    8   1   0       0.94822509
    9   1   0       0.95036028
   10   1   0       1.26455359
   10   2   1       2.86703129
   11   1   0       0.94307120
   12   1   0       0.92701641
   13   1   0       1.24550876
   13   2   1       2.87007179
   14   1   0       0.95796363
   15   1   0       0.95616540
   16   1   0       1.21976050
   16   2   1       2.86678991
   17   1   0       0.95642472
   18   1   0       0.94747331
   19   1   0       1.24794056
   19   2   1       2.85511127
   20   1   0       0.93499202
   21   1   0       0.97783520
   22   1   0       1.23118008
   22   2   1       2.83367203
   23   1   0       0.95549666
   24   1   0       0.95452318
   25   1   0       1.25839674
   25   2   1       2.96058609
   26   1   0       0.92170050
   27   1   0       0.92456168
   28   1   0       0.95638422
   29   1   0       1.26481708
   29   2   1       2.92264429
   30   1   0       0.94790696
   31   1   0       0.92745115
   32   1   0       0.94764877
   33   1   0       1.22607874
   33   2   1       2.84301432
   34   1   0       0.95948430
   35   1   0       0.95603242
   36   1   0       1.23540620
   36   2   1       2.85760166
   37   1   0       0.94377796
   38   1   0       0.96802280
   39   1   0       1.24213289
   39   2   1       2.87569954
   40   1   0       0.95542375
   41   1   0       0.93619293
   42   1   0       1.23613301
   42   2   1       2.84131064
   43   1   0       0.96015641
   44   1   0       0.95322667
   45   1   0       1.23244169
   45   2   1       2.87134540
   46   1   0       0.94525908
   47   1   0       0.94914783
   48   1   0       1.24502988
   48   2   1       2.85071884
   49   1   0       0.95223958
   50   1   0       0.96203157
   51   1   0       1.22263653
   51   2   1       2.88764241
   52   1   0       0.95062997
   53   1   0       0.94281444
   54   1   0       1.22550920
   54   2   1       2.87182256
   55   1   0       0.94629481
   56   1   0       0.93570245
   57   1   0       1.25301246
   57   2   1       2.95343544
   58   1   0       0.94488407
   59   1   0       0.92310832
   60   1   0       0.93919437
   61   1   0       1.26649439
   61   2   1       2.93435526
   62   1   0       0.94466811
   63   1   0       0.92613015
   64   1   0       0.93221845
   65   1   0       1.23461072
   65   2   1       2.86175553
   66   1   0       0.94558494
   67   1   0       0.94643781
   68   1   0       1.24152167
   68   2   1       2.87821162
   69   1   0       0.92290905
   70   1   0       0.95001638
   71   1   0       1.23927737
   71   2   1       2.90560519
   72   1   0       0.94197031
   73   1   0       0.92328341
   74   1   0       1.22671162
   74   2   1       2.89004445
   75   1   0       0.94727417
   76   1   0       0.92342116
   77   1   0       1.23543774
   77   2   1       2.86799053
   78   1   0       0.95796081
   79   1   0       0.93381196
   80   1   0       1.24901572
   80   2   1       2.87265152
   81   1   0       0.94669876
   82   1   0       0.94329547
   83   1   0       1.24551416
   83   2   1       2.87175895
   84   1   0       0.94807540
   85   1   0       0.94867973
   86   1   0       1.23536254
   86   2   1       2.88714258
   87   1   0       0.92363699
   88   1   0       0.93097689
   89   1   0       1.26828124
   89   2   1       2.93313662
   90   1   0       0.94200055
   91   1   0       0.93039353
   92   1   0       0.94002724
   93   1   0       1.27263205
   93   2   1       2.94908643
   94   1   0       0.92604620
   95   1   0       0.92550208
   96   1   0       0.93827757
   97   1   0       1.22110781
   97   2   1       2.89240695
   98   1   0       0.94015849
   99   1   0       0.95493475
  100   1   0       1.20887524
  100   2   1       2.89544134
  101   1   0       0.94384820
  102   1   0       0.94071015
  103   1   0       1.22712721
  103   2   1       2.88482319
  104   1   0       0.92908201
  105   1   0       0.94394730
  106   1   0       1.25180039
  106   2   1       2.87168850
  107   1   0       0.94888952
  108   1   0       0.93830342
  109   1   0       1.23488859
  109   2   1       2.85714654
  110   1   0       0.95521385
  111   1   0       0.95271713
  112   1   0       1.21882944
  112   2   1       2.87623468
  113   1   0       0.94314321
  114   1   0       0.95062836
  115   1   0       1.25393295
  115   2   1       2.84260467
  116   1   0       0.94151329
  117   1   0       0.95605403
  118   1   0       1.26396461
  118   2   1       2.86035484
  119   1   0       0.94133078
  120   1   0       0.94019660
  121   1   0       1.26840596
  121   2   1       2.93727752
  122   1   0       0.95322494
  123   1   0       0.93099425
  124   1   0       0.92238472
  125   1   0       1.28265451
  125   2   1       2.93993188
  126   1   0       0.92628998
  127   1   0       0.92979421
  128   1   0       0.93061466
  129   1   0       1.25579187
  129   2   1       2.84909343
  130   1   0       0.95509245
  131   1   0       0.93163076
  132   1   0       1.25726922
  132   2   1       2.76101144
  133   1   0       0.92231929
  134   1   0       0.97205608
  135   1   0       1.25259799
  135   2   1       2.86478858
  136   1   0       0.91976898
  137   1   0       0.94286423
  138   1   0       1.24097631
  138   2   1       2.87671553
  139   1   0       0.99411317
  140   1   0       0.91053060
  141   1   0       1.25446427
  141   2   1       2.87032026
  142   1   0       0.95831290
  143   1   0       0.94411225
  144   1   0       1.23950729
  144   2   1       2.89596342
  145   1   0       0.94849142
  146   1   0       0.91928410
  147   1   0       1.22613344
  147   2   1       2.84320892
  148   1   0       0.95681079
  149   1   0       0.94872970
  150   1   0       1.22093589
  150   2   1       2.87352864
  151   1   0       0.96169174
  152   1   0       0.94321600
  153   1   0       1.26170938
  153   2   1       2.93622394
  154   1   0       0.93325733
  155   1   0       0.93192680
  156   1   0       0.93021994
  157   1   0       1.25447454
  157   2   1       2.95335106
  158   1   0       0.92315577
  159   1   0       0.93451296
  160   1   0       0.94263813
  161   1   0       1.23220414
  161   2   1       2.83960388
  162   1   0       0.95512397
  163   1   0       0.96740065
  164   1   0       1.23334949
  164   2   1       2.87798398
  165   1   0       0.93568438
  166   1   0       0.96496003
  167   1   0       1.23349620
  167   2   1       2.86179513
  168   1   0       0.96010201
  169   1   0       0.93847351
  170   1   0       1.25000777
  170   2   1       2.96722686
  171   1   0       0.90965458
  172   1   0       0.94474420
  173   1   0       1.26086352
  173   2   1       2.96395411
  174   1   0       0.92919157
  175   1   0       0.94237979
  176   1   0       1.27727523
  176   2   1       2.94403663
  177   1   0       0.91664605
  178   1   0       0.90375371
  179   1   0       1.22087734
  179   2   1       2.83408374
  180   1   0       0.92826802
  181   1   0       0.91959200
  182   1   0       1.23006998
  182   2   1       2.83360543
  183   1   0       0.92868472
  184   1   0       0.94291084
  185   1   0       1.25850714
  185   2   1       2.93601785
  186   1   0       0.93978927
  187   1   0       0.94611100
  188   1   0       0.93065645
  189   1   0       1.27493388
  189   2   1       2.94776180
  190   1   0       0.95529415
  191   1   0       0.91949553
  192   1   0       0.92653532
  193   1   0       1.23467558
  193   2   1       2.86834206
  194   1   0       0.95607662
  195   1   0       0.95947709
  196   1   0       1.25240654
  196   2   1       2.87400239
  197   1   0       0.95446058
  198   1   0       0.93171527
  199   1   0       1.26952754
  199   2   1       2.82918886
  200   1   0       0.95926529
  201   1   0       0.94636070
  202   1   0       1.22649414
  202   2   1       2.89075207
  203   1   0       0.93305836
  204   1   0       0.92452088
  205   1   0       1.24017630
  205   2   1       2.87306132
  206   1   0       0.96130172
  207   1   0       0.93742126
  208   1   0       1.24116688
  208   2   1       2.87845570
  209   1   0       0.93675264
  210   1   0       0.94211992
  211   1   0       1.23167169
  211   2   1       2.86249664
  212   1   0       0.93881711
  213   1   0       0.96348379
  214   1   0       1.23332246
  214   2   1       2.87074559
  215   1   0       0.93712714
  216   1   0       0.93177107
  217   1   0       1.25515832
  217   2   1       2.93917178
  218   1   0       0.94317612
  219   1   0       0.92400509
  220   1   0       0.91723863
  221   1   0       1.27808713
  221   2   1       2.93781866
  222   1   0       0.92531844
  223   1   0       0.95013956
  224   1   0       0.93338094
  225   1   0       1.22265484
  225   2   1       2.88261759
  226   1   0       0.94021994
  227   1   0       0.93551055
  228   1   0       1.23527511
  228   2   1       2.86748933
  229   1   0       0.95506357
  230   1   0       0.94738326
  231   1   0       1.21125329
  231   2   1       2.88900971
  232   1   0       0.93431011
  233   1   0       0.96069447
  234   1   0       1.23453245
  234   2   1       2.85255634
  235   1   0       0.96131319
  236   1   0       0.94656574
  237   1   0       1.22952885
  237   2   1       2.86850864
  238   1   0       0.95852770
  239   1   0       0.94306647
  240   1   0       1.24383280
  240   2   1       2.85221552
  241   1   0       0.96441800
  242   1   0       0.95164344
  243   1   0       1.23612083
  243   2   1       2.86908458
  244   1   0       0.96067884
  245   1   0       0.92691216
  246   1   0       1.20856205
  246   2   1       2.86884800
  247   1   0       0.96768293
  248   1   0       0.94974670
  249   1   0       1.24806565
  249   2   1       2.97460551
  250   1   0       0.93890847
  251   1   0       0.93007001
  252   1   0       0.92544623
  253   1   0       1.25577571
  253   2   1       2.94143978
  254   1   0       0.95020009
  255   1   0       0.93825374
  256   1   0       0.92379703
  257   1   0       1.24801358
  257   2   1       2.84520304
  258   1   0       0.95649578
  259   1   0       0.96234464
  260   1   0       1.23447710
  260   2   1       2.87940042
  261   1   0       0.93363309
  262   1   0       0.94439643
  263   1   0       1.23929582
  263   2   1       2.85866814
  264   1   0       0.94886854
  265   1   0       0.95552680
  266   1   0       1.23120834
  266   2   1       2.86021616
  267   1   0       0.96863185
  268   1   0       0.93545799
  269   1   0       1.23889085
  269   2   1       2.88056314
  270   1   0       0.95213023
  271   1   0       0.93511983
  272   1   0       1.24175565
  272   2   1       2.85411304
  273   1   0       0.95516363
  274   1   0       0.94070761
  275   1   0       1.24374845
  275   2   1       2.84960508
  276   1   0       0.95164895
  277   1   0       0.93692941
  278   1   0       1.22889235
  278   2   1       2.87084386
  279   1   0       0.93219604
  280   1   0       0.95735569
  281   1   0       1.27421948
  281   2   1       2.93093106
  282   1   0       0.92927373
  283   1   0       0.92313382
  284   1   0       0.94765954
  285   1   0       1.26119073
  285   2   1       2.94506345
  286   1   0       0.93487042
  287   1   0       0.93669772
  288   1   0       0.94621493
  289   1   0       1.24062151
  289   2   1       2.85573155
  290   1   0       0.95857404
  291   1   0       0.95322597
  292   1   0       1.23787980
  292   2   1       2.86477212
  293   1   0       0.94743915
  294   1   0       0.95524869
  295   1   0       1.24389164
  295   2   1       2.84971638
  296   1   0       0.95557563
  297   1   0       0.96275252
  298   1   0       1.23502420
  298   2   1       2.86728706
  299   1   0       0.94050624
  300   1   0       0.93960338
  301   1   0       1.24861029
  301   2   1       2.84497627
  302   1   0       0.94544099
  303   1   0       0.93532231
  304   1   0       1.26853129
  304   2   1       2.85244218
  305   1   0       0.97308095
  306   1   0       0.94074025
  307   1   0       1.24854071
  307   2   1       2.87958559
  308   1   0       0.93650500
  309   1   0       0.94011884
  310   1   0       1.21867792
  310   2   1       2.87129541
  311   1   0       0.95004101
  312   1   0       0.95720174
  313   1   0       1.26938469
  313   2   1       2.92380411
  314   1   0       0.93024508
  315   1   0       0.93414290
  316   1   0       0.92644684
  317   1   0       1.25445414
  317   2   1       2.94688297
  318   1   0       0.91981224
  319   1   0       0.94211289
  320   1   0       0.93380257
  321   1   0       1.22098406
  321   2   1       2.88584782
  322   1   0       0.93961962
  323   1   0       0.95973931
  324   1   0       1.22416340
  324   2   1       2.86504609
  325   1   0       0.95084543
  326   1   0       0.95003988
  327   1   0       1.23190411
  327   2   1       2.88355790
  328   1   0       0.94057707
  329   1   0       0.93567712
  330   1   0       1.24785614
  330   2   1       2.84478890
  331   1   0       0.95792199
  332   1   0       0.96206013
  333   1   0       1.23291385
  333   2   1       2.86786387
  334   1   0       0.93641171
  335   1   0       0.95099395
  336   1   0       1.24238897
  336   2   1       2.85546749
  337   1   0       0.96806416
  338   1   0       0.94960955
  339   1   0       1.24655065
  339   2   1       2.86652412
  340   1   0       0.95490112
  341   1   0       0.93373546
  342   1   0       1.24770792
  342   2   1       2.82116853
  343   1   0       0.95191290
  344   1   0       0.96378036
  345   1   0       1.25920509
  345   2   1       2.95448198
  346   1   0       0.93665544
  347   1   0       0.93057074
  348   1   0       0.92643873
  349   1   0       1.27199655
  349   2   1       2.91111256
  350   1   0       0.92012116
  351   1   0       0.94891462
  352   1   0       0.94402837
 
Orbital populations (up)
 Atom Sh.   l   m       Population  Label
    1   1   0   0       1.23877823  s
    1   2   1  -1       0.98522463  p_y
    1   2   1   0       0.97177758  p_z
    1   2   1   1       0.91102963  p_x
    2   1   0   0       0.93310193  s
    3   1   0   0       0.94037768  s
    4   1   0   0       1.25130675  s
    4   2   1  -1       0.96659074  p_y
    4   2   1   0       0.96831058  p_z
    4   2   1   1       0.92012679  p_x
    5   1   0   0       0.93840191  s
    6   1   0   0       0.95390729  s
    7   1   0   0       1.25374124  s
    7   2   1  -1       0.93303601  p_y
    7   2   1   0       0.95665293  p_z
    7   2   1   1       0.94345082  p_x
    8   1   0   0       0.94822509  s
    9   1   0   0       0.95036028  s
   10   1   0   0       1.26455359  s
   10   2   1  -1       0.94422902  p_y
   10   2   1   0       0.98431247  p_z
   10   2   1   1       0.93848981  p_x
   11   1   0   0       0.94307120  s
   12   1   0   0       0.92701641  s
   13   1   0   0       1.24550876  s
   13   2   1  -1       0.94975247  p_y
   13   2   1   0       0.97124546  p_z
   13   2   1   1       0.94907387  p_x
   14   1   0   0       0.95796363  s
   15   1   0   0       0.95616540  s
   16   1   0   0       1.21976050  s
   16   2   1  -1       0.95610388  p_y
   16   2   1   0       0.93203494  p_z
   16   2   1   1       0.97865109  p_x
   17   1   0   0       0.95642472  s
   18   1   0   0       0.94747331  s
   19   1   0   0       1.24794056  s
   19   2   1  -1       0.98265037  p_y
   19   2   1   0       0.95205688  p_z
   19   2   1   1       0.92040402  p_x
   20   1   0   0       0.93499202  s
   21   1   0   0       0.97783520  s
   22   1   0   0       1.23118008  s
   22   2   1  -1       0.98033863  p_y
   22   2   1   0       0.93085050  p_z
   22   2   1   1       0.92248290  p_x
   23   1   0   0       0.95549666  s
   24   1   0   0       0.95452318  s
   25   1   0   0       1.25839674  s
   25   2   1  -1       0.98601100  p_y
   25   2   1   0       1.00463052  p_z
   25   2   1   1       0.96994457  p_x
   26   1   0   0       0.92170050  s
   27   1   0   0       0.92456168  s
   28   1   0   0       0.95638422  s
   29   1   0   0       1.26481708  s
   29   2   1  -1       0.98228145  p_y
   29   2   1   0       0.94271045  p_z
   29   2   1   1       0.99765240  p_x
   30   1   0   0       0.94790696  s
   31   1   0   0       0.92745115  s
   32   1   0   0       0.94764877  s
   33   1   0   0       1.22607874  s
   33   2   1  -1       0.94311094  p_y
   33   2   1   0       0.93593438  p_z
   33   2   1   1       0.96396900  p_x
   34   1   0   0       0.95948430  s
   35   1   0   0       0.95603242  s
   36   1   0   0       1.23540620  s
   36   2   1  -1       0.93023852  p_y
   36   2   1   0       0.95501176  p_z
   36   2   1   1       0.97235138  p_x
   37   1   0   0       0.94377796  s
   38   1   0   0       0.96802280  s
   39   1   0   0       1.24213289  s
   39   2   1  -1       0.93097556  p_y
   39   2   1   0       0.97657776  p_z
   39   2   1   1       0.96814621  p_x
   40   1   0   0       0.95542375  s
   41   1   0   0       0.93619293  s
   42   1   0   0       1.23613301  s
   42   2   1  -1       0.96793401  p_y
   42   2   1   0       0.92379012  p_z
   42   2   1   1       0.94958650  p_x
   43   1   0   0       0.96015641  s
   44   1   0   0       0.95322667  s
   45   1   0   0       1.23244169  s
   45   2   1  -1       0.97964723  p_y
   45   2   1   0       0.91752527  p_z
   45   2   1   1       0.97417290  p_x
   46   1   0   0       0.94525908  s
   47   1   0   0       0.94914783  s
   48   1   0   0       1.24502988  s
   48   2   1  -1       0.94849864  p_y
   48   2   1   0       0.93389117  p_z
   48   2   1   1       0.96832904  p_x
   49   1   0   0       0.95223958  s
   50   1   0   0       0.96203157  s
   51   1   0   0       1.22263653  s
   51   2   1  -1       0.95046337  p_y
   51   2   1   0       0.96279851  p_z
   51   2   1   1       0.97438053  p_x
   52   1   0   0       0.95062997  s
   53   1   0   0       0.94281444  s
   54   1   0   0       1.22550920  s
   54   2   1  -1       0.95679783  p_y
   54   2   1   0       0.97187323  p_z
   54   2   1   1       0.94315150  p_x
   55   1   0   0       0.94629481  s
   56   1   0   0       0.93570245  s
   57   1   0   0       1.25301246  s
   57   2   1  -1       0.99779687  p_y
   57   2   1   0       0.97610295  p_z
   57   2   1   1       0.97953561  p_x
   58   1   0   0       0.94488407  s
   59   1   0   0       0.92310832  s
   60   1   0   0       0.93919437  s
   61   1   0   0       1.26649439  s
   61   2   1  -1       0.97405717  p_y
   61   2   1   0       0.97181740  p_z
   61   2   1   1       0.98848069  p_x
   62   1   0   0       0.94466811  s
   63   1   0   0       0.92613015  s
   64   1   0   0       0.93221845  s
   65   1   0   0       1.23461072  s
   65   2   1  -1       1.00014521  p_y
   65   2   1   0       0.91763383  p_z
   65   2   1   1       0.94397649  p_x
   66   1   0   0       0.94558494  s
   67   1   0   0       0.94643781  s
   68   1   0   0       1.24152167  s
   68   2   1  -1       0.99313403  p_y
   68   2   1   0       0.92012727  p_z
   68   2   1   1       0.96495033  p_x
   69   1   0   0       0.92290905  s
   70   1   0   0       0.95001638  s
   71   1   0   0       1.23927737  s
   71   2   1  -1       0.97998997  p_y
   71   2   1   0       0.96545295  p_z
   71   2   1   1       0.96016227  p_x
   72   1   0   0       0.94197031  s
   73   1   0   0       0.92328341  s
   74   1   0   0       1.22671162  s
   74   2   1  -1       0.96978881  p_y
   74   2   1   0       0.94301927  p_z
   74   2   1   1       0.97723638  p_x
   75   1   0   0       0.94727417  s
   76   1   0   0       0.92342116  s
   77   1   0   0       1.23543774  s
   77   2   1  -1       0.95224218  p_y
   77   2   1   0       0.95395526  p_z
   77   2   1   1       0.96179309  p_x
   78   1   0   0       0.95796081  s
   79   1   0   0       0.93381196  s
   80   1   0   0       1.24901572  s
   80   2   1  -1       0.95491732  p_y
   80   2   1   0       0.94127030  p_z
   80   2   1   1       0.97646390  p_x
   81   1   0   0       0.94669876  s
   82   1   0   0       0.94329547  s
   83   1   0   0       1.24551416  s
   83   2   1  -1       0.96602079  p_y
   83   2   1   0       0.92461076  p_z
   83   2   1   1       0.98112740  p_x
   84   1   0   0       0.94807540  s
   85   1   0   0       0.94867973  s
   86   1   0   0       1.23536254  s
   86   2   1  -1       0.97744468  p_y
   86   2   1   0       0.93725248  p_z
   86   2   1   1       0.97244542  p_x
   87   1   0   0       0.92363699  s
   88   1   0   0       0.93097689  s
   89   1   0   0       1.26828124  s
   89   2   1  -1       0.99865305  p_y
   89   2   1   0       0.97694611  p_z
   89   2   1   1       0.95753746  p_x
   90   1   0   0       0.94200055  s
   91   1   0   0       0.93039353  s
   92   1   0   0       0.94002724  s
   93   1   0   0       1.27263205  s
   93   2   1  -1       0.98909692  p_y
   93   2   1   0       0.99340992  p_z
   93   2   1   1       0.96657959  p_x
   94   1   0   0       0.92604620  s
   95   1   0   0       0.92550208  s
   96   1   0   0       0.93827757  s
   97   1   0   0       1.22110781  s
   97   2   1  -1       1.00957904  p_y
   97   2   1   0       0.93677660  p_z
   97   2   1   1       0.94605131  p_x
   98   1   0   0       0.94015849  s
   99   1   0   0       0.95493475  s
  100   1   0   0       1.20887524  s
  100   2   1  -1       0.95519638  p_y
  100   2   1   0       0.95347044  p_z
  100   2   1   1       0.98677452  p_x
  101   1   0   0       0.94384820  s
  102   1   0   0       0.94071015  s
  103   1   0   0       1.22712721  s
  103   2   1  -1       0.96265800  p_y
  103   2   1   0       0.94150216  p_z
  103   2   1   1       0.98066303  p_x
  104   1   0   0       0.92908201  s
  105   1   0   0       0.94394730  s
  106   1   0   0       1.25180039  s
  106   2   1  -1       0.94052351  p_y
  106   2   1   0       0.95234763  p_z
  106   2   1   1       0.97881736  p_x
  107   1   0   0       0.94888952  s
  108   1   0   0       0.93830342  s
  109   1   0   0       1.23488859  s
  109   2   1  -1       0.94595455  p_y
  109   2   1   0       0.98521149  p_z
  109   2   1   1       0.92598050  p_x
  110   1   0   0       0.95521385  s
  111   1   0   0       0.95271713  s
  112   1   0   0       1.21882944  s
  112   2   1  -1       1.00230722  p_y
  112   2   1   0       0.93605843  p_z
  112   2   1   1       0.93786903  p_x
  113   1   0   0       0.94314321  s
  114   1   0   0       0.95062836  s
  115   1   0   0       1.25393295  s
  115   2   1  -1       0.94197108  p_y
  115   2   1   0       0.93621219  p_z
  115   2   1   1       0.96442140  p_x
  116   1   0   0       0.94151329  s
  117   1   0   0       0.95605403  s
  118   1   0   0       1.26396461  s
  118   2   1  -1       0.98221208  p_y
  118   2   1   0       0.94437929  p_z
  118   2   1   1       0.93376346  p_x
  119   1   0   0       0.94133078  s
  120   1   0   0       0.94019660  s
  121   1   0   0       1.26840596  s
  121   2   1  -1       0.99441729  p_y
  121   2   1   0       0.97883529  p_z
  121   2   1   1       0.96402493  p_x
  122   1   0   0       0.95322494  s
  123   1   0   0       0.93099425  s
  124   1   0   0       0.92238472  s
  125   1   0   0       1.28265451  s
  125   2   1  -1       0.97355711  p_y
  125   2   1   0       0.97529185  p_z
  125   2   1   1       0.99108292  p_x
  126   1   0   0       0.92628998  s
  127   1   0   0       0.92979421  s
  128   1   0   0       0.93061466  s
  129   1   0   0       1.25579187  s
  129   2   1  -1       0.95840384  p_y
  129   2   1   0       0.93627698  p_z
  129   2   1   1       0.95441260  p_x
  130   1   0   0       0.95509245  s
  131   1   0   0       0.93163076  s
  132   1   0   0       1.25726922  s
  132   2   1  -1       0.95127677  p_y
  132   2   1   0       0.89582827  p_z
  132   2   1   1       0.91390639  p_x
  133   1   0   0       0.92231929  s
  134   1   0   0       0.97205608  s
  135   1   0   0       1.25259799  s
  135   2   1  -1       1.00273784  p_y
  135   2   1   0       0.92114835  p_z
  135   2   1   1       0.94090239  p_x
  136   1   0   0       0.91976898  s
  137   1   0   0       0.94286423  s
  138   1   0   0       1.24097631  s
  138   2   1  -1       0.96174327  p_y
  138   2   1   0       0.91798550  p_z
  138   2   1   1       0.99698676  p_x
  139   1   0   0       0.99411317  s
  140   1   0   0       0.91053060  s
  141   1   0   0       1.25446427  s
  141   2   1  -1       0.96524018  p_y
  141   2   1   0       0.98343574  p_z
  141   2   1   1       0.92164434  p_x
  142   1   0   0       0.95831290  s
  143   1   0   0       0.94411225  s
  144   1   0   0       1.23950729  s
  144   2   1  -1       1.03150246  p_y
  144   2   1   0       0.93874554  p_z
  144   2   1   1       0.92571543  p_x
  145   1   0   0       0.94849142  s
  146   1   0   0       0.91928410  s
  147   1   0   0       1.22613344  s
  147   2   1  -1       0.96182501  p_y
  147   2   1   0       0.92485284  p_z
  147   2   1   1       0.95653107  p_x
  148   1   0   0       0.95681079  s
  149   1   0   0       0.94872970  s
  150   1   0   0       1.22093589  s
  150   2   1  -1       0.96404331  p_y
  150   2   1   0       0.96734298  p_z
  150   2   1   1       0.94214234  p_x
  151   1   0   0       0.96169174  s
  152   1   0   0       0.94321600  s
  153   1   0   0       1.26170938  s
  153   2   1  -1       0.96648040  p_y
  153   2   1   0       0.98895792  p_z
  153   2   1   1       0.98078562  p_x
  154   1   0   0       0.93325733  s
  155   1   0   0       0.93192680  s
  156   1   0   0       0.93021994  s
  157   1   0   0       1.25447454  s
  157   2   1  -1       1.00390636  p_y
  157   2   1   0       0.98229702  p_z
  157   2   1   1       0.96714768  p_x
  158   1   0   0       0.92315577  s
  159   1   0   0       0.93451296  s
  160   1   0   0       0.94263813  s
  161   1   0   0       1.23220414  s
  161   2   1  -1       0.96291369  p_y
  161   2   1   0       0.94101512  p_z
  161   2   1   1       0.93567506  p_x
  162   1   0   0       0.95512397  s
  163   1   0   0       0.96740065  s
  164   1   0   0       1.23334949  s
  164   2   1  -1       0.97695673  p_y
  164   2   1   0       0.98702773  p_z
  164   2   1   1       0.91399952  p_x
  165   1   0   0       0.93568438  s
  166   1   0   0       0.96496003  s
  167   1   0   0       1.23349620  s
  167   2   1  -1       0.93968027  p_y
  167   2   1   0       0.97377359  p_z
  167   2   1   1       0.94834127  p_x
  168   1   0   0       0.96010201  s
  169   1   0   0       0.93847351  s
  170   1   0   0       1.25000777  s
  170   2   1  -1       0.99130034  p_y
  170   2   1   0       0.99046122  p_z
  170   2   1   1       0.98546530  p_x
  171   1   0   0       0.90965458  s
  172   1   0   0       0.94474420  s
  173   1   0   0       1.26086352  s
  173   2   1  -1       0.97699258  p_y
  173   2   1   0       0.99998121  p_z
  173   2   1   1       0.98698032  p_x
  174   1   0   0       0.92919157  s
  175   1   0   0       0.94237979  s
  176   1   0   0       1.27727523  s
  176   2   1  -1       0.96368173  p_y
  176   2   1   0       1.03999395  p_z
  176   2   1   1       0.94036094  p_x
  177   1   0   0       0.91664605  s
  178   1   0   0       0.90375371  s
  179   1   0   0       1.22087734  s
  179   2   1  -1       0.95383038  p_y
  179   2   1   0       0.95697954  p_z
  179   2   1   1       0.92327382  p_x
  180   1   0   0       0.92826802  s
  181   1   0   0       0.91959200  s
  182   1   0   0       1.23006998  s
  182   2   1  -1       0.96498706  p_y
  182   2   1   0       0.93414011  p_z
  182   2   1   1       0.93447825  p_x
  183   1   0   0       0.92868472  s
  184   1   0   0       0.94291084  s
  185   1   0   0       1.25850714  s
  185   2   1  -1       0.98368618  p_y
  185   2   1   0       0.97614151  p_z
  185   2   1   1       0.97619016  p_x
  186   1   0   0       0.93978927  s
  187   1   0   0       0.94611100  s
  188   1   0   0       0.93065645  s
  189   1   0   0       1.27493388  s
  189   2   1  -1       0.97519584  p_y
  189   2   1   0       0.95530731  p_z
  189   2   1   1       1.01725865  p_x
  190   1   0   0       0.95529415  s
  191   1   0   0       0.91949553  s
  192   1   0   0       0.92653532  s
  193   1   0   0       1.23467558  s
  193   2   1  -1       0.94926012  p_y
  193   2   1   0       0.97082660  p_z
  193   2   1   1       0.94825534  p_x
  194   1   0   0       0.95607662  s
  195   1   0   0       0.95947709  s
  196   1   0   0       1.25240654  s
  196   2   1  -1       0.94044335  p_y
  196   2   1   0       0.97355041  p_z
  196   2   1   1       0.96000862  p_x
  197   1   0   0       0.95446058  s
  198   1   0   0       0.93171527  s
  199   1   0   0       1.26952754  s
  199   2   1  -1       0.91905115  p_y
  199   2   1   0       0.95578147  p_z
  199   2   1   1       0.95435623  p_x
  200   1   0   0       0.95926529  s
  201   1   0   0       0.94636070  s
  202   1   0   0       1.22649414  s
  202   2   1  -1       0.94216907  p_y
  202   2   1   0       0.97398016  p_z
  202   2   1   1       0.97460285  p_x
  203   1   0   0       0.93305836  s
  204   1   0   0       0.92452088  s
  205   1   0   0       1.24017630  s
  205   2   1  -1       0.95189159  p_y
  205   2   1   0       0.94865089  p_z
  205   2   1   1       0.97251884  p_x
  206   1   0   0       0.96130172  s
  207   1   0   0       0.93742126  s
  208   1   0   0       1.24116688  s
  208   2   1  -1       0.93037411  p_y
  208   2   1   0       0.97799027  p_z
  208   2   1   1       0.97009131  p_x
  209   1   0   0       0.93675264  s
  210   1   0   0       0.94211992  s
  211   1   0   0       1.23167169  s
  211   2   1  -1       0.91273229  p_y
  211   2   1   0       0.96267209  p_z
  211   2   1   1       0.98709226  p_x
  212   1   0   0       0.93881711  s
  213   1   0   0       0.96348379  s
  214   1   0   0       1.23332246  s
  214   2   1  -1       0.92660482  p_y
  214   2   1   0       0.96831273  p_z
  214   2   1   1       0.97582805  p_x
  215   1   0   0       0.93712714  s
  216   1   0   0       0.93177107  s
  217   1   0   0       1.25515832  s
  217   2   1  -1       0.99795832  p_y
  217   2   1   0       0.97274482  p_z
  217   2   1   1       0.96846864  p_x
  218   1   0   0       0.94317612  s
  219   1   0   0       0.92400509  s
  220   1   0   0       0.91723863  s
  221   1   0   0       1.27808713  s
  221   2   1  -1       0.97298350  p_y
  221   2   1   0       0.97844296  p_z
  221   2   1   1       0.98639221  p_x
  222   1   0   0       0.92531844  s
  223   1   0   0       0.95013956  s
  224   1   0   0       0.93338094  s
  225   1   0   0       1.22265484  s
  225   2   1  -1       0.96705934  p_y
  225   2   1   0       0.94685710  p_z
  225   2   1   1       0.96870115  p_x
  226   1   0   0       0.94021994  s
  227   1   0   0       0.93551055  s
  228   1   0   0       1.23527511  s
  228   2   1  -1       0.97102722  p_y
  228   2   1   0       0.94717968  p_z
  228   2   1   1       0.94928242  p_x
  229   1   0   0       0.95506357  s
  230   1   0   0       0.94738326  s
  231   1   0   0       1.21125329  s
  231   2   1  -1       0.98182251  p_y
  231   2   1   0       0.97667007  p_z
  231   2   1   1       0.93051713  p_x
  232   1   0   0       0.93431011  s
  233   1   0   0       0.96069447  s
  234   1   0   0       1.23453245  s
  234   2   1  -1       0.96597321  p_y
  234   2   1   0       0.94276195  p_z
  234   2   1   1       0.94382118  p_x
  235   1   0   0       0.96131319  s
  236   1   0   0       0.94656574  s
  237   1   0   0       1.22952885  s
  237   2   1  -1       0.92203343  p_y
  237   2   1   0       0.94803128  p_z
  237   2   1   1       0.99844393  p_x
  238   1   0   0       0.95852770  s
  239   1   0   0       0.94306647  s
  240   1   0   0       1.24383280  s
  240   2   1  -1       0.93575137  p_y
  240   2   1   0       0.96442390  p_z
  240   2   1   1       0.95204025  p_x
  241   1   0   0       0.96441800  s
  242   1   0   0       0.95164344  s
  243   1   0   0       1.23612083  s
  243   2   1  -1       0.96238484  p_y
  243   2   1   0       0.94380235  p_z
  243   2   1   1       0.96289739  p_x
  244   1   0   0       0.96067884  s
  245   1   0   0       0.92691216  s
  246   1   0   0       1.20856205  s
  246   2   1  -1       0.95301232  p_y
  246   2   1   0       0.96857821  p_z
  246   2   1   1       0.94725748  p_x
  247   1   0   0       0.96768293  s
  248   1   0   0       0.94974670  s
  249   1   0   0       1.24806565  s
  249   2   1  -1       1.00862419  p_y
  249   2   1   0       0.99471750  p_z
  249   2   1   1       0.97126382  p_x
  250   1   0   0       0.93890847  s
  251   1   0   0       0.93007001  s
  252   1   0   0       0.92544623  s
  253   1   0   0       1.25577571  s
  253   2   1  -1       0.98626642  p_y
  253   2   1   0       0.96363246  p_z
  253   2   1   1       0.99154090  p_x
  254   1   0   0       0.95020009  s
  255   1   0   0       0.93825374  s
  256   1   0   0       0.92379703  s
  257   1   0   0       1.24801358  s
  257   2   1  -1       0.91724245  p_y
  257   2   1   0       0.97482690  p_z
  257   2   1   1       0.95313369  p_x
  258   1   0   0       0.95649578  s
  259   1   0   0       0.96234464  s
  260   1   0   0       1.23447710  s
  260   2   1  -1       0.93588601  p_y
  260   2   1   0       0.97987824  p_z
  260   2   1   1       0.96363616  p_x
  261   1   0   0       0.93363309  s
  262   1   0   0       0.94439643  s
  263   1   0   0       1.23929582  s
  263   2   1  -1       0.95550739  p_y
  263   2   1   0       0.94229756  p_z
  263   2   1   1       0.96086319  p_x
  264   1   0   0       0.94886854  s
  265   1   0   0       0.95552680  s
  266   1   0   0       1.23120834  s
  266   2   1  -1       0.96077437  p_y
  266   2   1   0       0.93667926  p_z
  266   2   1   1       0.96276254  p_x
  267   1   0   0       0.96863185  s
  268   1   0   0       0.93545799  s
  269   1   0   0       1.23889085  s
  269   2   1  -1       0.97535980  p_y
  269   2   1   0       0.92160814  p_z
  269   2   1   1       0.98359520  p_x
  270   1   0   0       0.95213023  s
  271   1   0   0       0.93511983  s
  272   1   0   0       1.24175565  s
  272   2   1  -1       0.91863873  p_y
  272   2   1   0       0.96551075  p_z
  272   2   1   1       0.96996356  p_x
  273   1   0   0       0.95516363  s
  274   1   0   0       0.94070761  s
  275   1   0   0       1.24374845  s
  275   2   1  -1       0.95194981  p_y
  275   2   1   0       0.96933758  p_z
  275   2   1   1       0.92831769  p_x
  276   1   0   0       0.95164895  s
  277   1   0   0       0.93692941  s
  278   1   0   0       1.22889235  s
  278   2   1  -1       0.96264136  p_y
  278   2   1   0       0.98371364  p_z
  278   2   1   1       0.92448885  p_x
  279   1   0   0       0.93219604  s
  280   1   0   0       0.95735569  s
  281   1   0   0       1.27421948  s
  281   2   1  -1       0.95035314  p_y
  281   2   1   0       0.98123564  p_z
  281   2   1   1       0.99934228  p_x
  282   1   0   0       0.92927373  s
  283   1   0   0       0.92313382  s
  284   1   0   0       0.94765954  s
  285   1   0   0       1.26119073  s
  285   2   1  -1       0.98451760  p_y
  285   2   1   0       0.98284879  p_z
  285   2   1   1       0.97769705  p_x
  286   1   0   0       0.93487042  s
  287   1   0   0       0.93669772  s
  288   1   0   0       0.94621493  s
  289   1   0   0       1.24062151  s
  289   2   1  -1       0.97337380  p_y
  289   2   1   0       0.93267368  p_z
  289   2   1   1       0.94968407  p_x
  290   1   0   0       0.95857404  s
  291   1   0   0       0.95322597  s
  292   1   0   0       1.23787980  s
  292   2   1  -1       0.98590722  p_y
  292   2   1   0       0.93877022  p_z
  292   2   1   1       0.94009467  p_x
  293   1   0   0       0.94743915  s
  294   1   0   0       0.95524869  s
  295   1   0   0       1.24389164  s
  295   2   1  -1       0.97647997  p_y
  295   2   1   0       0.93813301  p_z
  295   2   1   1       0.93510340  p_x
  296   1   0   0       0.95557563  s
  297   1   0   0       0.96275252  s
  298   1   0   0       1.23502420  s
  298   2   1  -1       0.94778950  p_y
  298   2   1   0       0.96322309  p_z
  298   2   1   1       0.95627447  p_x
  299   1   0   0       0.94050624  s
  300   1   0   0       0.93960338  s
  301   1   0   0       1.24861029  s
  301   2   1  -1       0.93101209  p_y
  301   2   1   0       0.95114284  p_z
  301   2   1   1       0.96282134  p_x
  302   1   0   0       0.94544099  s
  303   1   0   0       0.93532231  s
  304   1   0   0       1.26853129  s
  304   2   1  -1       0.96908218  p_y
  304   2   1   0       0.96276542  p_z
  304   2   1   1       0.92059458  p_x
  305   1   0   0       0.97308095  s
  306   1   0   0       0.94074025  s
  307   1   0   0       1.24854071  s
  307   2   1  -1       0.97015103  p_y
  307   2   1   0       0.97910496  p_z
  307   2   1   1       0.93032960  p_x
  308   1   0   0       0.93650500  s
  309   1   0   0       0.94011884  s
  310   1   0   0       1.21867792  s
  310   2   1  -1       0.97092841  p_y
  310   2   1   0       0.93512017  p_z
  310   2   1   1       0.96524683  p_x
  311   1   0   0       0.95004101  s
  312   1   0   0       0.95720174  s
  313   1   0   0       1.26938469  s
  313   2   1  -1       0.96527134  p_y
  313   2   1   0       0.96477514  p_z
  313   2   1   1       0.99375764  p_x
  314   1   0   0       0.93024508  s
  315   1   0   0       0.93414290  s
  316   1   0   0       0.92644684  s
  317   1   0   0       1.25445414  s
  317   2   1  -1       1.01668875  p_y
  317   2   1   0       0.97558051  p_z
  317   2   1   1       0.95461371  p_x
  318   1   0   0       0.91981224  s
  319   1   0   0       0.94211289  s
  320   1   0   0       0.93380257  s
  321   1   0   0       1.22098406  s
  321   2   1  -1       0.97541320  p_y
  321   2   1   0       0.97881354  p_z
  321   2   1   1       0.93162108  p_x
  322   1   0   0       0.93961962  s
  323   1   0   0       0.95973931  s
  324   1   0   0       1.22416340  s
  324   2   1  -1       0.94812476  p_y
  324   2   1   0       0.97318131  p_z
  324   2   1   1       0.94374002  p_x
  325   1   0   0       0.95084543  s
  326   1   0   0       0.95003988  s
  327   1   0   0       1.23190411  s
  327   2   1  -1       0.97510212  p_y
  327   2   1   0       0.95937599  p_z
  327   2   1   1       0.94907979  p_x
  328   1   0   0       0.94057707  s
  329   1   0   0       0.93567712  s
  330   1   0   0       1.24785614  s
  330   2   1  -1       0.96725074  p_y
  330   2   1   0       0.95218319  p_z
  330   2   1   1       0.92535497  p_x
  331   1   0   0       0.95792199  s
  332   1   0   0       0.96206013  s
  333   1   0   0       1.23291385  s
  333   2   1  -1       0.95984062  p_y
  333   2   1   0       0.96058936  p_z
  333   2   1   1       0.94743389  p_x
  334   1   0   0       0.93641171  s
  335   1   0   0       0.95099395  s
  336   1   0   0       1.24238897  s
  336   2   1  -1       0.92890181  p_y
  336   2   1   0       0.96303414  p_z
  336   2   1   1       0.96353153  p_x
  337   1   0   0       0.96806416  s
  338   1   0   0       0.94960955  s
  339   1   0   0       1.24655065  s
  339   2   1  -1       0.93690900  p_y
  339   2   1   0       0.95746886  p_z
  339   2   1   1       0.97214626  p_x
  340   1   0   0       0.95490112  s
  341   1   0   0       0.93373546  s
  342   1   0   0       1.24770792  s
  342   2   1  -1       0.95346018  p_y
  342   2   1   0       0.93278740  p_z
  342   2   1   1       0.93492095  p_x
  343   1   0   0       0.95191290  s
  344   1   0   0       0.96378036  s
  345   1   0   0       1.25920509  s
  345   2   1  -1       0.99949852  p_y
  345   2   1   0       0.98011710  p_z
  345   2   1   1       0.97486636  p_x
  346   1   0   0       0.93665544  s
  347   1   0   0       0.93057074  s
  348   1   0   0       0.92643873  s
  349   1   0   0       1.27199655  s
  349   2   1  -1       0.97992049  p_y
  349   2   1   0       0.97262899  p_z
  349   2   1   1       0.95856308  p_x
  350   1   0   0       0.92012116  s
  351   1   0   0       0.94891462  s
  352   1   0   0       0.94402837  s
 
Fermi level:                        -0.1484085125 H           -4.0384 eV
Band energy:                      -278.1959068760 H        -7570.0958 eV
TS:                                  0.0000000000 H            0.0000 eV
Band free energy (E-TS):          -278.1959068760 H        -7570.0958 eV
Extrapolated E(0K):               -278.1959068760 H        -7570.0958 eV
Input / Output electrons (q):    682.0000000000    682.0000000000
 
Energy H0:                        -282.8913449464 H        -7697.8652 eV
Energy SCC:                          0.0760782811 H            2.0702 eV
Total Electronic energy:          -282.8152666653 H        -7695.7950 eV
Repulsive energy:                    4.7555942931 H          129.4063 eV
Dispersion energy:                   1.1231570970 H           30.5627 eV
Total energy:                     -276.9365152752 H        -7535.8260 eV
Extrapolated to 0:                -276.9365152752 H        -7535.8260 eV
Total Mermin free energy:         -276.9365152752 H        -7535.8260 eV
Force related energy:             -276.9365152752 H        -7535.8260 eV
 
SCC converged
 
Full geometry written in geo_end.{xyz|gen}
 
MD Kinetic Energy:                   0.8429465494 H
Total MD Energy:                  -276.0935687258 H
Pressure:                            0.208615E-04 au     0.613767E+09 Pa
MD Temperature:                      0.0016010381 H          505.5672 K
MD Kinetic Energy:                   0.8429465494 H
Total MD Energy:                  -276.0935687258 H        -7512.8883 eV
MD Temperature:                      0.0016010381 H          505.5672 K
 
Molecular dynamics completed
 
