 Fermi distribution function
 
MD step: 50000
 

********************************************************************************
 iSCC Total electronic   Diff electronic      SCC error    
    7   -0.28267159E+03    0.28421709E-12    0.19865410E-06
********************************************************************************
 
Coordinates of moved atoms (au):
    1     71.46054440     54.10913017     77.15380017
    2     71.58213724     52.67271895     75.57800927
    3     70.73812706     53.37523769     78.96542595
    4     74.34254361     83.93053797     77.47980481
    5     74.40957906     85.73941477     78.38257738
    6     46.27302635     83.90413465     75.56695877
    7     75.98187636     82.35598150     79.31995346
    8     47.43027354     80.44290686     78.55626515
    9     75.18725913     82.03262905     81.18389269
   10     49.60667141     83.58316528     79.55596639
   11     50.02232319     84.22038499     81.70384285
   12     49.83329776     85.36220578     78.47873172
   13     80.59875398     81.35137491     79.31395060
   14     79.72265558     79.92399824     80.59295482
   15     82.28877316     82.05341276     80.30833296
   16     52.37190594     80.32368742     76.72807219
   17     50.70805040     79.36858021     75.94822102
   18     53.78820447     78.65094020     76.88624306
   19     82.50952621     82.19021054     74.81337844
   20     81.35205020     83.77446083     74.56257549
   21     82.78582472     81.37359810     72.98348471
   22     84.99734481     83.21040711     75.74879549
   23     56.87846707     81.71079854     76.92940555
   24     55.76999520     84.82163891     76.94935232
   25     69.86344833     56.20693279     76.15928427
   26     68.98630852     57.44719444     77.61243742
   27     70.80075311     57.35694613     74.79955897
   28     68.53253246     55.42469464     74.90696322
   29     86.97605426     83.87299342     73.81381951
   30     87.21328237     82.57346498     72.24321722
   31     86.52859589     85.82654361     72.97236189
   32     88.99690824     83.78664838     74.59395377
   33     59.97190877     58.86723439     68.07054945
   34     59.00707249     59.97688301     69.51508848
   35     58.32141268     58.16224563     67.01621765
   36     61.55941575     60.81156374     66.46338993
   37     62.74592963     59.96435071     64.98144615
   38     62.85084581     61.81150696     67.66294147
   39     59.94746919     62.69482258     65.02239708
   40     61.24268948     64.06842034     63.98762167
   41     59.05970582     64.23634071     66.45599932
   42     58.06383241     61.71808198     63.17263533
   43     85.87696873     63.33874210     62.31577173
   44     56.72680040     60.59821002     64.14476507
   45     59.16753053     60.32613707     60.92225547
   46     60.33039691     58.77478744     61.68683872
   47     89.50111944     62.05056325     60.28162935
   48     86.35702619     59.35673816     58.73133559
   49     86.38533605     60.62719229     57.04727129
   50     84.22530626     59.27171470     59.46164949
   51     57.93241411     56.71724134     57.87093667
   52     59.62981469     56.65769312     56.77122760
   53     56.52787988     55.72467933     56.71550556
   54     87.23354634     54.88593091     89.08196533
   55     88.46102583     55.71245104     90.67681642
   56     88.26991533     53.14775617     88.31482886
   57     61.54672595     56.48199637     68.48254360
   58     60.90646971     55.09425784     69.78417944
   59     61.84041991     55.49141970     66.61096706
   60     63.50654045     56.97790528     69.10205901
   61     55.89062825     54.01748289     90.31263999
   62     54.68911036     55.60717449     90.85667663
   63     54.66695088     52.75498189     89.07015922
   64     56.33431913     52.64136396     91.90315437
   65     69.56652896     87.46554379     69.72547437
   66     68.30424897     88.67674626     68.48523552
   67     68.48159576     87.80617629     71.58730282
   68     69.40894219     84.68094253     68.83552252
   69     67.56173279     83.88427732     69.38733260
   70     70.85548161     83.42656868     69.55569195
   71     69.25747811     84.93104213     65.96268435
   72     70.69800837     86.10829792     65.09173376
   73     67.56227731     85.94776991     65.43894866
   74     69.26679272     53.38266767     64.64010973
   75     70.58302691     52.08216595     65.63029936
   76     69.93393982     53.81938079     62.63360590
   77     66.67912483     52.22458309     64.67623414
   78     65.42817927     82.68456018     64.11750286
   79     66.39541211     80.61826262     66.72668158
   80     66.76548983     50.08869108     62.57149339
   81     65.87713228     48.35813199     63.46971320
   82     68.66023129     49.78977260     61.92707711
   83     65.00737039     50.60439611     60.35013926
   84     63.19235468     51.18475701     61.06897370
   85     64.47064481     48.73149789     59.47979599
   86     66.22728560     52.29534368     58.34739803
   87     67.53737960     53.54365368     59.40735501
   88     65.05940894     53.70964415     57.34463936
   89     72.25351841     88.49163798     69.90242153
   90     73.66492371     87.04529882     69.33047143
   91     72.40374842     89.98128095     68.45197260
   92     72.54727386     89.60674476     71.57282368
   93     67.78429046     50.90452945     56.32458695
   94     68.94012038     52.28739642     55.35708200
   95     68.67169940     49.18601724     56.88211707
   96     66.58170379     50.44092879     54.68081897
   97     60.29159383     70.81580044     79.30746380
   98     58.95128954     71.66935712     78.09842694
   99     61.45199143     69.10395246     78.61932963
  100     62.68140489     72.59353541     80.18812436
  101     63.01877043     71.99350987     82.13653636
  102     61.81988328     74.39134168     80.31442621
  103     64.79137226     72.27419907     78.42017465
  104     65.84394220     73.89047151     78.85544553
  105     63.91089216     71.84093933     76.43114409
  106     66.06200787     69.74654578     49.93288567
  107     65.56827370     68.19076389     48.43114977
  108     65.70740708     69.13918216     51.93341881
  109     69.09979591     69.92330106     49.75170777
  110     69.42698807     71.69740698     50.41489021
  111     69.56457617     69.90068111     47.81346793
  112     70.36768236     67.85502253     51.85016506
  113     69.29260996     66.73120523     53.17431860
  114     71.90837959     68.91327495     52.58249815
  115     71.42898649     65.33601605     50.36179849
  116     68.97879700     62.08113312     49.51006857
  117     72.02103987     64.48564236     52.15084550
  118     73.57934553     66.41652101     48.82338770
  119     74.78338903     67.70749518     49.73738645
  120     73.04802513     67.43842611     47.03604018
  121     58.61277385     69.78172755     81.47261383
  122     59.97450524     68.44362795     82.19874565
  123     58.11879465     71.01964182     83.06138956
  124     56.76302853     69.03808465     80.86772489
  125     75.23940584     64.02448091     48.37114132
  126     76.13683144     63.59496774     46.49672926
  127     76.47231854     63.56075688     49.94708956
  128     73.90098962     62.37553868     48.22845665
  129     62.06141535     62.88809518     45.76712183
  130     60.02442651     63.41682592     46.35304777
  131     51.66021193     64.21462765     53.99683064
  132     63.22370824     60.63734011     46.28040471
  133     62.22831613     59.01161526     47.40493289
  134     64.93693314     59.69409744     45.08666160
  135     40.40410862     64.51373936     66.32122914
  136     38.53889123     64.91806847     66.97852614
  137     41.44951449     66.16607465     66.77231198
  138     40.74285377     62.87139652     64.60257342
  139     38.91086725     62.29123568     63.54468851
  140     42.40947599     63.22218294     63.32355475
  141     69.27512519     64.09360680     48.82320369
  142     69.53504628     63.81646183     46.81414971
  143     67.22766208     64.76797009     49.07494174
  144     52.24055951     65.84125230     55.14379211
  145     51.32356289     67.67056447     54.37464801
  146     54.32228694     65.76266234     55.40056344
  147     50.69625140     65.82577792     57.54704463
  148     50.75856554     63.84918352     58.28062874
  149     48.81412579     66.34856704     57.00196836
  150     51.70582738     67.55970201     59.65781118
  151     50.19887951     68.16420389     61.13873767
  152     52.34959970     69.26001904     58.69392805
  153     63.21388411     65.12810084     44.17245244
  154     65.11967220     36.82174689     44.90293070
  155     63.02492619     64.74783835     42.16961934
  156     61.51594734     66.61177198     44.08664590
  157     54.04437452     66.44622892     61.24042752
  158     55.09834679     65.50337412     59.68734986
  159     55.46817940     67.70004825     61.91727549
  160     53.45639158     65.19592602     62.99362516
  161     80.87524852     45.16221576     63.03037419
  162     81.81568440     44.74397003     61.20999131
  163     81.94563661     46.80795576     63.70531109
  164     78.08409463     45.75334963     62.50224325
  165     78.06366704     46.78533734     60.67032538
  166     77.23016125     47.19736714     63.92801529
  167     76.40579463     43.31209384     62.25284876
  168     75.17429035     42.95606687     64.08181671
  169     77.58393012     41.64551173     61.81375982
  170     74.79394619     44.12724606     59.93138397
  171     75.89583495     43.70365873     58.22961161
  172     74.40574268     46.08677530     59.94062721
  173     72.46015856     71.52200642     59.58626286
  174     73.03451011     69.55735522     60.06418211
  175     72.11266178     42.42283608     57.48302701
  176     70.23728170     72.18818596     61.24660299
  177     70.72146395     73.59819942     62.61400478
  178     69.67003199     70.76187534     62.52361046
  179     67.69117445     73.04867709     60.06587605
  180     67.89576169     74.86803815     58.99625850
  181     66.40568749     73.44840490     61.69434550
  182     66.64439696     71.26736287     57.97774104
  183     68.13954699     71.60081830     56.51378340
  184     64.90451089     72.09298632     57.08369498
  185     81.09121682     43.08758994     65.20692923
  186     79.11270509     42.70008541     65.95637884
  187     81.71137900     41.22452411     64.38085874
  188     82.56889497     43.26559344     95.57768789
  189     66.30472526     68.42859400     58.32633190
  190     67.84476764     67.55815322     59.58787549
  191     64.41317496     68.18635130     59.16843057
  192     66.26832558     67.63246742     56.34678515
  193     64.13985190     52.33458363     78.89804374
  194     64.03001365     50.82097766     80.50146159
  195     66.09329102     82.08941948     79.11664445
  196     63.40896464     50.90277188     76.46696455
  197     62.67446113     52.25902249     75.25130426
  198     61.92016357     78.40240594     76.70386783
  199     65.79378528     49.55745327     75.39715111
  200     66.49550646     48.41021979     77.02356562
  201     67.30161553     51.06934999     74.83083798
  202     65.23755686     47.76693260     73.10910400
  203     64.20209392     48.88747958     71.59990407
  204     63.82076228     46.18466010     73.68037836
  205     67.71419993     46.56942773     72.56474336
  206     67.75827831     44.84725842     73.76903420
  207     69.22138879     47.77187374     73.47014686
  208     68.23084993     45.84513885     69.81192713
  209     68.78981519     47.42447641     68.65612152
  210     66.20643815     45.41175980     69.20698519
  211     70.16286332     72.65441933     69.52662453
  212     69.44343539     72.01643029     67.70388835
  213     69.52331245     71.21134103     70.88715553
  214     73.02464926     72.80422841     69.46317674
  215     74.16920053     74.49245191     70.40659048
  216     73.35856162     73.35485177     67.39365992
  217     62.17886258     54.18856105     79.43010420
  218     62.40498663     54.90333674     52.41692105
  219     62.59606877     55.88755898     49.07295443
  220     60.23489516     53.53987139     79.31190221
  221     74.36289327     70.28742355     69.99122246
  222     73.20785988     68.60638681     69.53969694
  223     76.28692856     70.25507428     69.12606200
  224     74.94876861     70.14849966     71.97988448
  225     55.57397182     79.55994932     69.17160923
  226     56.11580414     81.33102362     70.19367060
  227     55.24127956     78.17595935     70.76836944
  228     53.52847983     51.36619393     67.35195806
  229     53.58623711     50.16733045     65.65207328
  230     53.81712793     53.29575744     66.64407161
  231     50.85057442     80.27747064     68.32274013
  232     50.56860207     81.17835902     70.22371498
  233     50.15360450     78.22315241     68.59353425
  234     48.97737143     81.90199736     66.60500503
  235     47.23431884     80.63358813     66.26684890
  236     49.96317639     81.77599421     64.68516336
  237     48.69534122     84.71805614     67.32635223
  238     50.45511590     85.67552774     67.81536373
  239     47.42482130     55.94482513     68.88733332
  240     47.68016534     86.37498369     65.05507568
  241     45.86938444     58.64824161     65.55408971
  242     46.89170846     56.15455300     63.49214532
  243     49.83294136     88.00711802     63.96507183
  244     48.81008773     89.59278056     62.78199364
  245     51.19716961     87.06477177     62.62138647
  246     51.66114470     89.40572848     65.72273306
  247     52.86388059     90.65974478     64.49099300
  248     52.94478176     88.10674577     66.86132157
  249     58.02197875     49.59799827     68.17405735
  250     57.85176123     47.40496085     68.09632029
  251     58.58432241     49.97008915     66.30461030
  252     59.63535276     50.18101691     69.45967673
  253     50.63900798     91.23829729     67.67307619
  254     49.89265500     90.60417716     69.41807355
  255     51.91663901     92.70499089     68.17898164
  256     48.90745195     92.14365563     95.96946713
  257     76.36367820     74.57117278     80.96169899
  258     76.85983023     73.45750244     82.74959831
  259     77.79485407     76.10431623     80.90227160
  260     76.46125402     72.82476639     78.65166080
  261     75.76394770     73.69386156     76.74700707
  262     75.22150079     71.17592909     78.82263597
  263     79.28795282     71.93313910     77.98278706
  264     79.96698877     70.38103213     79.28133336
  265     80.37617321     73.62548719     78.22068031
  266     79.60265673     71.15310014     75.30607653
  267     79.85044906     72.73697312     73.87297875
  268     77.92238817     69.94983148     74.61090770
  269     82.07779845     69.70405466     74.92242436
  270     83.46368371     70.44275991     76.20591065
  271     82.79516793     69.91487682     73.03236523
  272     81.73074243     66.85091149     75.58622927
  273     81.05988150     65.85167269     73.86251673
  274     80.62670129     66.35571050     77.22772774
  275     84.36724886     65.68395167     76.15688067
  276     85.69999294     67.35794066     76.47346345
  277     85.11640322     64.97183639     74.39982988
  278     84.56184625     63.82917011     78.27397682
  279     83.68853923     64.73890206     79.88527228
  280     86.59886586     63.95385309     78.85292489
  281     73.91836628     75.85575174     81.27585273
  282     74.07630638     77.36252335     82.62634705
  283     73.27517719     76.84178233     79.52701641
  284     72.38029071     74.46742586     81.71499776
  285     83.62825225     61.22171305     77.97981023
  286     81.55236037     61.27613813     77.93874264
  287     84.68471014     60.34304441     76.37775413
  288     83.81291880     60.03186762     79.67332620
  289     64.12336803     61.28212844     84.16630452
  290     62.99505273     60.30876924     85.58650709
  291     64.32942248     63.40434193     84.62872112
  292     66.78591519     60.39150740     83.51877601
  293     67.39740548     61.23985846     81.79775723
  294     66.69607529     58.36662336     83.23342814
  295     68.74496217     60.94031984     85.59060421
  296     68.30675120     59.86298492     87.33167706
  297     69.02862849     62.94260370     56.84121970
  298     71.14027272     59.70536487     55.77220461
  299     72.86320544     61.06154235     84.81818028
  300     71.07569234     59.05206584     53.73805154
  301     71.47315069     57.12354846     56.97272662
  302     69.96596184     56.08635307     56.05609074
  303     70.89773971     57.21075015     87.88117171
  304     73.97223617     55.83934341     56.69911544
  305     75.45429725     57.19835611     56.61237711
  306     73.96727448     54.75247199     54.96670539
  307     74.58245826     53.98468003     58.83661479
  308     72.88199534     52.94817694     59.69718566
  309     75.29927195     55.02384724     60.57529270
  310     76.40147727     51.78242317     57.82329162
  311     75.42052086     51.21594492     55.91895637
  312     76.11033706     50.07896198     59.05370299
  313     62.65685402     61.25044590     81.55294115
  314     61.27025977     62.62172348     81.89866423
  315     63.92612889     61.84738405     80.12374831
  316     62.19418109     59.25824140     80.81731038
  317     79.18061593     52.14713476     57.72439425
  318     80.20565168     50.33861909     57.25672055
  319     79.97708708     53.58673023     56.21242051
  320     80.03427281     52.87506040     59.52477074
  321     62.81692826     70.57139710     36.35285072
  322     63.77990657     68.84201591     36.84213292
  323     64.12918929     72.00152130     35.39100349
  324     60.39117494     69.99735270     63.59567612
  325     58.73494562     70.09661324     64.72678818
  326     60.42734768     67.96066003     62.95127538
  327     60.24056212     71.89445205     61.40494762
  328     58.89565092     71.23280280     60.05668474
  329     62.14814087     71.88475542     60.48861118
  330     59.60563513     74.69360555     61.88473600
  331     61.54107670     75.62341341     62.19689092
  332     58.07720919     74.77849194     63.28672048
  333     58.33910409     76.01925831     59.63736346
  334     57.50714248     77.82879695     60.21207375
  335     56.59881795     74.80605940     58.99605826
  336     59.60154981     76.67708933     57.22857682
  337     60.43403211     74.73814585     56.31559470
  338     61.27466156     77.79601664     57.74263070
  339     58.17559833     78.18328938     55.08657114
  340     59.54015619     79.15565353     53.79585805
  341     57.13528997     79.63426206     56.06747485
  342     56.54068833     76.63089741     53.33032549
  343     57.58806833     75.26342583     52.11973684
  344     55.77631416     78.22251030     52.07809418
  345     61.86086603     71.48311854     38.99888853
  346     60.81183802     69.92558326     39.75573137
  347     63.41559795     71.94512248     40.21066902
  348     60.82578255     73.28968234     38.82459486
  349     54.18490642     75.36604346     54.53947502
  350     53.24291110     76.52958393     56.01872888
  351     52.96440101     75.09287294     52.97631305
  352     54.47296118     73.50620826     55.36005181
 
 Total charge:    -0.00000000

 Atomic gross charges (e)
 Atom           Charge
    1      -0.09758032
    2       0.05144200
    3       0.06411552
    4      -0.13022407
    5       0.06945504
    6       0.06137154
    7      -0.11651961
    8       0.05314573
    9       0.06639932
   10      -0.10295710
   11       0.01894830
   12       0.06712693
   13      -0.10791926
   14       0.05682482
   15       0.04965343
   16      -0.08680936
   17       0.05306356
   18       0.03477166
   19      -0.12747498
   20       0.06767646
   21       0.07214965
   22      -0.09630660
   23       0.04803570
   24       0.06122699
   25      -0.21647796
   26       0.06579327
   27       0.07299589
   28       0.07029475
   29      -0.19973817
   30       0.07001092
   31       0.05302925
   32       0.05412117
   33      -0.10275683
   34       0.07227220
   35       0.04980220
   36      -0.11514910
   37       0.05755672
   38       0.06195776
   39      -0.07292325
   40       0.03267352
   41       0.01592454
   42      -0.10542839
   43       0.04454271
   44       0.06316215
   45      -0.10601492
   46       0.07140385
   47       0.02787333
   48      -0.07543806
   49       0.05541729
   50       0.03299560
   51      -0.11267824
   52       0.05740369
   53       0.06299005
   54      -0.08946066
   55       0.05184756
   56       0.03932359
   57      -0.19029497
   58       0.07480525
   59       0.05285709
   60       0.05343481
   61      -0.19030927
   62       0.07160729
   63       0.04668619
   64       0.05398772
   65      -0.08462026
   66       0.04853037
   67       0.02812317
   68      -0.10760167
   69       0.05064617
   70       0.07034869
   71      -0.11929308
   72       0.05763823
   73       0.05488060
   74      -0.10941314
   75       0.05349765
   76       0.04495275
   77      -0.12408872
   78       0.06952371
   79       0.06017317
   80      -0.11372955
   81       0.04402230
   82       0.07779998
   83      -0.10335997
   84       0.06201372
   85       0.04618744
   86      -0.09401936
   87       0.04853580
   88       0.05553488
   89      -0.21726747
   90       0.07882613
   91       0.05925882
   92       0.07666871
   93      -0.21875873
   94       0.06784978
   95       0.08451469
   96       0.05169489
   97      -0.14542157
   98       0.07726971
   99       0.05728318
  100      -0.12756650
  101       0.06435013
  102       0.06428892
  103      -0.10570682
  104       0.08982399
  105       0.05798193
  106      -0.11314457
  107       0.04554860
  108       0.06111883
  109      -0.16609679
  110       0.07383394
  111       0.08445181
  112      -0.18996069
  113       0.09167885
  114       0.07441192
  115      -0.01194117
  116       0.04157558
  117       0.06927225
  118      -0.09535467
  119       0.06928869
  120       0.05780264
  121      -0.22769491
  122       0.07098421
  123       0.06644168
  124       0.06908341
  125      -0.22449985
  126       0.06314665
  127       0.07007823
  128       0.04608661
  129      -0.05157255
  130       0.07919171
  131       0.06568168
  132      -0.20636290
  133       0.07308670
  134       0.07813320
  135      -0.15542898
  136       0.07254279
  137       0.09377370
  138      -0.18234657
  139       0.08852772
  140       0.08717930
  141      -0.19221973
  142       0.07388496
  143       0.06581314
  144      -0.20717417
  145       0.06151892
  146       0.07887508
  147      -0.09743926
  148       0.04844029
  149       0.06364036
  150      -0.10183470
  151       0.05185592
  152       0.06099271
  153      -0.19521508
  154       0.09357486
  155       0.08381775
  156       0.04248728
  157      -0.21917506
  158       0.06978461
  159       0.07677886
  160       0.06199630
  161      -0.10089922
  162       0.05906068
  163       0.05412337
  164      -0.09833771
  165       0.04834186
  166       0.04385414
  167      -0.11772358
  168       0.04953068
  169       0.07744444
  170      -0.11536067
  171       0.05105279
  172       0.07117446
  173      -0.09055109
  174       0.04300905
  175       0.04930352
  176      -0.11929045
  177       0.05699214
  178       0.06131799
  179      -0.10409527
  180       0.04747159
  181       0.05065278
  182      -0.09920731
  183       0.04432440
  184       0.05091518
  185      -0.21420695
  186       0.06816855
  187       0.04922654
  188       0.07588802
  189      -0.18695420
  190       0.06421919
  191       0.06566845
  192       0.06149360
  193      -0.07794612
  194       0.02428882
  195       0.06380719
  196      -0.12791748
  197       0.07143083
  198       0.06057756
  199      -0.10932922
  200       0.05392985
  201       0.04790262
  202      -0.09452645
  203       0.05190704
  204       0.03713417
  205      -0.10066538
  206       0.04940761
  207       0.04672904
  208      -0.10803792
  209       0.06439486
  210       0.05238206
  211      -0.10941394
  212       0.05495209
  213       0.05017857
  214      -0.06276362
  215       0.04558867
  216       0.03321700
  217      -0.18294454
  218       0.05441717
  219       0.04439735
  220       0.07347449
  221      -0.20050675
  222       0.07105305
  223       0.06249437
  224       0.06125645
  225      -0.09673723
  226       0.05199774
  227       0.05841889
  228      -0.08546637
  229       0.05380849
  230       0.05878948
  231      -0.11008214
  232       0.04924587
  233       0.04491132
  234      -0.10736511
  235       0.05436931
  236       0.03918994
  237      -0.11687958
  238       0.07679418
  239       0.06708783
  240      -0.10043648
  241       0.04701757
  242       0.05279116
  243      -0.08435950
  244       0.03260258
  245       0.05266924
  246      -0.07991369
  247       0.05153863
  248       0.04792010
  249      -0.19115411
  250       0.03759849
  251       0.07432103
  252       0.05409721
  253      -0.22236000
  254       0.06864240
  255       0.06814382
  256       0.05692931
  257      -0.07135487
  258       0.04230433
  259       0.05133289
  260      -0.11963146
  261       0.04419369
  262       0.06329401
  263      -0.11521473
  264       0.05822203
  265       0.06554166
  266      -0.08800374
  267       0.04365328
  268       0.04280787
  269      -0.12108448
  270       0.06465882
  271       0.06264819
  272      -0.12835477
  273       0.05381058
  274       0.07614483
  275      -0.11560079
  276       0.03895547
  277       0.05238216
  278      -0.08480152
  279       0.05090291
  280       0.04191483
  281      -0.19463208
  282       0.06826109
  283       0.05569774
  284       0.05915055
  285      -0.19352827
  286       0.06675841
  287       0.07172057
  288       0.05806954
  289      -0.11168996
  290       0.07462896
  291       0.03992723
  292      -0.11236244
  293       0.07162453
  294       0.05740824
  295      -0.12166357
  296       0.06413567
  297       0.06880795
  298      -0.10255777
  299       0.03543867
  300       0.04324892
  301      -0.11381918
  302       0.05592282
  303       0.05547261
  304      -0.10784057
  305       0.06888299
  306       0.06260005
  307      -0.11307490
  308       0.04428143
  309       0.05486133
  310      -0.08147087
  311       0.04043217
  312       0.04552896
  313      -0.24325392
  314       0.08751879
  315       0.07593182
  316       0.06539307
  317      -0.16882203
  318       0.05492809
  319       0.04151885
  320       0.06330429
  321      -0.11594276
  322       0.06223430
  323       0.05930802
  324      -0.11447773
  325       0.06584185
  326       0.05017126
  327      -0.11714419
  328       0.06330255
  329       0.05184959
  330      -0.10215758
  331       0.05879449
  332       0.07115346
  333      -0.09615253
  334       0.04979791
  335       0.02973495
  336      -0.09364629
  337       0.01857086
  338       0.05065129
  339      -0.10463788
  340       0.04907490
  341       0.06373560
  342      -0.08513857
  343       0.06681923
  344       0.03642847
  345      -0.22162361
  346       0.07626969
  347       0.06704599
  348       0.06651754
  349      -0.21446410
  350       0.06470659
  351       0.06733121
  352       0.06896916
 
Nr. of electrons (up):    682.00000000
Atom populations (up)
 Atom       Population
    1       4.09758032
    2       0.94855800
    3       0.93588448
    4       4.13022407
    5       0.93054496
    6       0.93862846
    7       4.11651961
    8       0.94685427
    9       0.93360068
   10       4.10295710
   11       0.98105170
   12       0.93287307
   13       4.10791926
   14       0.94317518
   15       0.95034657
   16       4.08680936
   17       0.94693644
   18       0.96522834
   19       4.12747498
   20       0.93232354
   21       0.92785035
   22       4.09630660
   23       0.95196430
   24       0.93877301
   25       4.21647796
   26       0.93420673
   27       0.92700411
   28       0.92970525
   29       4.19973817
   30       0.92998908
   31       0.94697075
   32       0.94587883
   33       4.10275683
   34       0.92772780
   35       0.95019780
   36       4.11514910
   37       0.94244328
   38       0.93804224
   39       4.07292325
   40       0.96732648
   41       0.98407546
   42       4.10542839
   43       0.95545729
   44       0.93683785
   45       4.10601492
   46       0.92859615
   47       0.97212667
   48       4.07543806
   49       0.94458271
   50       0.96700440
   51       4.11267824
   52       0.94259631
   53       0.93700995
   54       4.08946066
   55       0.94815244
   56       0.96067641
   57       4.19029497
   58       0.92519475
   59       0.94714291
   60       0.94656519
   61       4.19030927
   62       0.92839271
   63       0.95331381
   64       0.94601228
   65       4.08462026
   66       0.95146963
   67       0.97187683
   68       4.10760167
   69       0.94935383
   70       0.92965131
   71       4.11929308
   72       0.94236177
   73       0.94511940
   74       4.10941314
   75       0.94650235
   76       0.95504725
   77       4.12408872
   78       0.93047629
   79       0.93982683
   80       4.11372955
   81       0.95597770
   82       0.92220002
   83       4.10335997
   84       0.93798628
   85       0.95381256
   86       4.09401936
   87       0.95146420
   88       0.94446512
   89       4.21726747
   90       0.92117387
   91       0.94074118
   92       0.92333129
   93       4.21875873
   94       0.93215022
   95       0.91548531
   96       0.94830511
   97       4.14542157
   98       0.92273029
   99       0.94271682
  100       4.12756650
  101       0.93564987
  102       0.93571108
  103       4.10570682
  104       0.91017601
  105       0.94201807
  106       4.11314457
  107       0.95445140
  108       0.93888117
  109       4.16609679
  110       0.92616606
  111       0.91554819
  112       4.18996069
  113       0.90832115
  114       0.92558808
  115       4.01194117
  116       0.95842442
  117       0.93072775
  118       4.09535467
  119       0.93071131
  120       0.94219736
  121       4.22769491
  122       0.92901579
  123       0.93355832
  124       0.93091659
  125       4.22449985
  126       0.93685335
  127       0.92992177
  128       0.95391339
  129       4.05157255
  130       0.92080829
  131       0.93431832
  132       4.20636290
  133       0.92691330
  134       0.92186680
  135       4.15542898
  136       0.92745721
  137       0.90622630
  138       4.18234657
  139       0.91147228
  140       0.91282070
  141       4.19221973
  142       0.92611504
  143       0.93418686
  144       4.20717417
  145       0.93848108
  146       0.92112492
  147       4.09743926
  148       0.95155971
  149       0.93635964
  150       4.10183470
  151       0.94814408
  152       0.93900729
  153       4.19521508
  154       0.90642514
  155       0.91618225
  156       0.95751272
  157       4.21917506
  158       0.93021539
  159       0.92322114
  160       0.93800370
  161       4.10089922
  162       0.94093932
  163       0.94587663
  164       4.09833771
  165       0.95165814
  166       0.95614586
  167       4.11772358
  168       0.95046932
  169       0.92255556
  170       4.11536067
  171       0.94894721
  172       0.92882554
  173       4.09055109
  174       0.95699095
  175       0.95069648
  176       4.11929045
  177       0.94300786
  178       0.93868201
  179       4.10409527
  180       0.95252841
  181       0.94934722
  182       4.09920731
  183       0.95567560
  184       0.94908482
  185       4.21420695
  186       0.93183145
  187       0.95077346
  188       0.92411198
  189       4.18695420
  190       0.93578081
  191       0.93433155
  192       0.93850640
  193       4.07794612
  194       0.97571118
  195       0.93619281
  196       4.12791748
  197       0.92856917
  198       0.93942244
  199       4.10932922
  200       0.94607015
  201       0.95209738
  202       4.09452645
  203       0.94809296
  204       0.96286583
  205       4.10066538
  206       0.95059239
  207       0.95327096
  208       4.10803792
  209       0.93560514
  210       0.94761794
  211       4.10941394
  212       0.94504791
  213       0.94982143
  214       4.06276362
  215       0.95441133
  216       0.96678300
  217       4.18294454
  218       0.94558283
  219       0.95560265
  220       0.92652551
  221       4.20050675
  222       0.92894695
  223       0.93750563
  224       0.93874355
  225       4.09673723
  226       0.94800226
  227       0.94158111
  228       4.08546637
  229       0.94619151
  230       0.94121052
  231       4.11008214
  232       0.95075413
  233       0.95508868
  234       4.10736511
  235       0.94563069
  236       0.96081006
  237       4.11687958
  238       0.92320582
  239       0.93291217
  240       4.10043648
  241       0.95298243
  242       0.94720884
  243       4.08435950
  244       0.96739742
  245       0.94733076
  246       4.07991369
  247       0.94846137
  248       0.95207990
  249       4.19115411
  250       0.96240151
  251       0.92567897
  252       0.94590279
  253       4.22236000
  254       0.93135760
  255       0.93185618
  256       0.94307069
  257       4.07135487
  258       0.95769567
  259       0.94866711
  260       4.11963146
  261       0.95580631
  262       0.93670599
  263       4.11521473
  264       0.94177797
  265       0.93445834
  266       4.08800374
  267       0.95634672
  268       0.95719213
  269       4.12108448
  270       0.93534118
  271       0.93735181
  272       4.12835477
  273       0.94618942
  274       0.92385517
  275       4.11560079
  276       0.96104453
  277       0.94761784
  278       4.08480152
  279       0.94909709
  280       0.95808517
  281       4.19463208
  282       0.93173891
  283       0.94430226
  284       0.94084945
  285       4.19352827
  286       0.93324159
  287       0.92827943
  288       0.94193046
  289       4.11168996
  290       0.92537104
  291       0.96007277
  292       4.11236244
  293       0.92837547
  294       0.94259176
  295       4.12166357
  296       0.93586433
  297       0.93119205
  298       4.10255777
  299       0.96456133
  300       0.95675108
  301       4.11381918
  302       0.94407718
  303       0.94452739
  304       4.10784057
  305       0.93111701
  306       0.93739995
  307       4.11307490
  308       0.95571857
  309       0.94513867
  310       4.08147087
  311       0.95956783
  312       0.95447104
  313       4.24325392
  314       0.91248121
  315       0.92406818
  316       0.93460693
  317       4.16882203
  318       0.94507191
  319       0.95848115
  320       0.93669571
  321       4.11594276
  322       0.93776570
  323       0.94069198
  324       4.11447773
  325       0.93415815
  326       0.94982874
  327       4.11714419
  328       0.93669745
  329       0.94815041
  330       4.10215758
  331       0.94120551
  332       0.92884654
  333       4.09615253
  334       0.95020209
  335       0.97026505
  336       4.09364629
  337       0.98142914
  338       0.94934871
  339       4.10463788
  340       0.95092510
  341       0.93626440
  342       4.08513857
  343       0.93318077
  344       0.96357153
  345       4.22162361
  346       0.92373031
  347       0.93295401
  348       0.93348246
  349       4.21446410
  350       0.93529341
  351       0.93266879
  352       0.93103084
 
l-shell populations (up)
 Atom Sh.   l       Population
    1   1   0       1.23860999
    1   2   1       2.85897033
    2   1   0       0.94855800
    3   1   0       0.93588448
    4   1   0       1.25128465
    4   2   1       2.87893942
    5   1   0       0.93054496
    6   1   0       0.93862846
    7   1   0       1.23618957
    7   2   1       2.88033004
    8   1   0       0.94685427
    9   1   0       0.93360068
   10   1   0       1.26089098
   10   2   1       2.84206612
   11   1   0       0.98105170
   12   1   0       0.93287307
   13   1   0       1.24637843
   13   2   1       2.86154083
   14   1   0       0.94317518
   15   1   0       0.95034657
   16   1   0       1.23521344
   16   2   1       2.85159592
   17   1   0       0.94693644
   18   1   0       0.96522834
   19   1   0       1.22002901
   19   2   1       2.90744596
   20   1   0       0.93232354
   21   1   0       0.92785035
   22   1   0       1.21498432
   22   2   1       2.88132229
   23   1   0       0.95196430
   24   1   0       0.93877301
   25   1   0       1.24823332
   25   2   1       2.96824463
   26   1   0       0.93420673
   27   1   0       0.92700411
   28   1   0       0.92970525
   29   1   0       1.26966233
   29   2   1       2.93007583
   30   1   0       0.92998908
   31   1   0       0.94697075
   32   1   0       0.94587883
   33   1   0       1.23261583
   33   2   1       2.87014100
   34   1   0       0.92772780
   35   1   0       0.95019780
   36   1   0       1.23466056
   36   2   1       2.88048853
   37   1   0       0.94244328
   38   1   0       0.93804224
   39   1   0       1.23475677
   39   2   1       2.83816648
   40   1   0       0.96732648
   41   1   0       0.98407546
   42   1   0       1.21859404
   42   2   1       2.88683435
   43   1   0       0.95545729
   44   1   0       0.93683785
   45   1   0       1.25242288
   45   2   1       2.85359204
   46   1   0       0.92859615
   47   1   0       0.97212667
   48   1   0       1.24159165
   48   2   1       2.83384642
   49   1   0       0.94458271
   50   1   0       0.96700440
   51   1   0       1.22316493
   51   2   1       2.88951331
   52   1   0       0.94259631
   53   1   0       0.93700995
   54   1   0       1.23661897
   54   2   1       2.85284170
   55   1   0       0.94815244
   56   1   0       0.96067641
   57   1   0       1.26225259
   57   2   1       2.92804238
   58   1   0       0.92519475
   59   1   0       0.94714291
   60   1   0       0.94656519
   61   1   0       1.26322514
   61   2   1       2.92708413
   62   1   0       0.92839271
   63   1   0       0.95331381
   64   1   0       0.94601228
   65   1   0       1.24153272
   65   2   1       2.84308754
   66   1   0       0.95146963
   67   1   0       0.97187683
   68   1   0       1.23339396
   68   2   1       2.87420771
   69   1   0       0.94935383
   70   1   0       0.92965131
   71   1   0       1.23269582
   71   2   1       2.88659727
   72   1   0       0.94236177
   73   1   0       0.94511940
   74   1   0       1.23888785
   74   2   1       2.87052529
   75   1   0       0.94650235
   76   1   0       0.95504725
   77   1   0       1.24354998
   77   2   1       2.88053873
   78   1   0       0.93047629
   79   1   0       0.93982683
   80   1   0       1.24484197
   80   2   1       2.86888759
   81   1   0       0.95597770
   82   1   0       0.92220002
   83   1   0       1.23030341
   83   2   1       2.87305656
   84   1   0       0.93798628
   85   1   0       0.95381256
   86   1   0       1.22964505
   86   2   1       2.86437431
   87   1   0       0.95146420
   88   1   0       0.94446512
   89   1   0       1.26286544
   89   2   1       2.95440203
   90   1   0       0.92117387
   91   1   0       0.94074118
   92   1   0       0.92333129
   93   1   0       1.26087362
   93   2   1       2.95788511
   94   1   0       0.93215022
   95   1   0       0.91548531
   96   1   0       0.94830511
   97   1   0       1.26232633
   97   2   1       2.88309525
   98   1   0       0.92273029
   99   1   0       0.94271682
  100   1   0       1.23769107
  100   2   1       2.88987543
  101   1   0       0.93564987
  102   1   0       0.93571108
  103   1   0       1.21944037
  103   2   1       2.88626645
  104   1   0       0.91017601
  105   1   0       0.94201807
  106   1   0       1.26347718
  106   2   1       2.84966739
  107   1   0       0.95445140
  108   1   0       0.93888117
  109   1   0       1.26688233
  109   2   1       2.89921446
  110   1   0       0.92616606
  111   1   0       0.91554819
  112   1   0       1.28905913
  112   2   1       2.90090156
  113   1   0       0.90832115
  114   1   0       0.92558808
  115   1   0       1.21833568
  115   2   1       2.79360548
  116   1   0       0.95842442
  117   1   0       0.93072775
  118   1   0       1.22917675
  118   2   1       2.86617792
  119   1   0       0.93071131
  120   1   0       0.94219736
  121   1   0       1.26663443
  121   2   1       2.96106048
  122   1   0       0.92901579
  123   1   0       0.93355832
  124   1   0       0.93091659
  125   1   0       1.27802653
  125   2   1       2.94647332
  126   1   0       0.93685335
  127   1   0       0.92992177
  128   1   0       0.95391339
  129   1   0       1.25612833
  129   2   1       2.79544422
  130   1   0       0.92080829
  131   1   0       0.93431832
  132   1   0       1.30080718
  132   2   1       2.90555572
  133   1   0       0.92691330
  134   1   0       0.92186680
  135   1   0       1.24115249
  135   2   1       2.91427648
  136   1   0       0.92745721
  137   1   0       0.90622630
  138   1   0       1.27319023
  138   2   1       2.90915634
  139   1   0       0.91147228
  140   1   0       0.91282070
  141   1   0       1.27168435
  141   2   1       2.92053538
  142   1   0       0.92611504
  143   1   0       0.93418686
  144   1   0       1.27120015
  144   2   1       2.93597402
  145   1   0       0.93848108
  146   1   0       0.92112492
  147   1   0       1.22682036
  147   2   1       2.87061890
  148   1   0       0.95155971
  149   1   0       0.93635964
  150   1   0       1.25283616
  150   2   1       2.84899853
  151   1   0       0.94814408
  152   1   0       0.93900729
  153   1   0       1.28596492
  153   2   1       2.90925017
  154   1   0       0.90642514
  155   1   0       0.91618225
  156   1   0       0.95751272
  157   1   0       1.28669691
  157   2   1       2.93247815
  158   1   0       0.93021539
  159   1   0       0.92322114
  160   1   0       0.93800370
  161   1   0       1.24208197
  161   2   1       2.85881725
  162   1   0       0.94093932
  163   1   0       0.94587663
  164   1   0       1.25397813
  164   2   1       2.84435959
  165   1   0       0.95165814
  166   1   0       0.95614586
  167   1   0       1.26206533
  167   2   1       2.85565825
  168   1   0       0.95046932
  169   1   0       0.92255556
  170   1   0       1.22986825
  170   2   1       2.88549241
  171   1   0       0.94894721
  172   1   0       0.92882554
  173   1   0       1.22260080
  173   2   1       2.86795030
  174   1   0       0.95699095
  175   1   0       0.95069648
  176   1   0       1.21963453
  176   2   1       2.89965592
  177   1   0       0.94300786
  178   1   0       0.93868201
  179   1   0       1.24757397
  179   2   1       2.85652130
  180   1   0       0.95252841
  181   1   0       0.94934722
  182   1   0       1.23720841
  182   2   1       2.86199890
  183   1   0       0.95567560
  184   1   0       0.94908482
  185   1   0       1.28326237
  185   2   1       2.93094458
  186   1   0       0.93183145
  187   1   0       0.95077346
  188   1   0       0.92411198
  189   1   0       1.27224609
  189   2   1       2.91470811
  190   1   0       0.93578081
  191   1   0       0.93433155
  192   1   0       0.93850640
  193   1   0       1.22639152
  193   2   1       2.85155461
  194   1   0       0.97571118
  195   1   0       0.93619281
  196   1   0       1.23582346
  196   2   1       2.89209403
  197   1   0       0.92856917
  198   1   0       0.93942244
  199   1   0       1.26034567
  199   2   1       2.84898355
  200   1   0       0.94607015
  201   1   0       0.95209738
  202   1   0       1.24214186
  202   2   1       2.85238458
  203   1   0       0.94809296
  204   1   0       0.96286583
  205   1   0       1.22925838
  205   2   1       2.87140700
  206   1   0       0.95059239
  207   1   0       0.95327096
  208   1   0       1.23593126
  208   2   1       2.87210666
  209   1   0       0.93560514
  210   1   0       0.94761794
  211   1   0       1.22477171
  211   2   1       2.88464223
  212   1   0       0.94504791
  213   1   0       0.94982143
  214   1   0       1.23675604
  214   2   1       2.82600758
  215   1   0       0.95441133
  216   1   0       0.96678300
  217   1   0       1.25791269
  217   2   1       2.92503185
  218   1   0       0.94558283
  219   1   0       0.95560265
  220   1   0       0.92652551
  221   1   0       1.26680385
  221   2   1       2.93370290
  222   1   0       0.92894695
  223   1   0       0.93750563
  224   1   0       0.93874355
  225   1   0       1.22160693
  225   2   1       2.87513029
  226   1   0       0.94800226
  227   1   0       0.94158111
  228   1   0       1.21794388
  228   2   1       2.86752249
  229   1   0       0.94619151
  230   1   0       0.94121052
  231   1   0       1.25070239
  231   2   1       2.85937975
  232   1   0       0.95075413
  233   1   0       0.95508868
  234   1   0       1.25999453
  234   2   1       2.84737059
  235   1   0       0.94563069
  236   1   0       0.96081006
  237   1   0       1.23837639
  237   2   1       2.87850319
  238   1   0       0.92320582
  239   1   0       0.93291217
  240   1   0       1.26207220
  240   2   1       2.83836428
  241   1   0       0.95298243
  242   1   0       0.94720884
  243   1   0       1.24464707
  243   2   1       2.83971243
  244   1   0       0.96739742
  245   1   0       0.94733076
  246   1   0       1.23235714
  246   2   1       2.84755655
  247   1   0       0.94846137
  248   1   0       0.95207990
  249   1   0       1.26219203
  249   2   1       2.92896208
  250   1   0       0.96240151
  251   1   0       0.92567897
  252   1   0       0.94590279
  253   1   0       1.25015239
  253   2   1       2.97220761
  254   1   0       0.93135760
  255   1   0       0.93185618
  256   1   0       0.94307069
  257   1   0       1.22022260
  257   2   1       2.85113227
  258   1   0       0.95769567
  259   1   0       0.94866711
  260   1   0       1.25721866
  260   2   1       2.86241280
  261   1   0       0.95580631
  262   1   0       0.93670599
  263   1   0       1.23876334
  263   2   1       2.87645139
  264   1   0       0.94177797
  265   1   0       0.93445834
  266   1   0       1.23249418
  266   2   1       2.85550956
  267   1   0       0.95634672
  268   1   0       0.95719213
  269   1   0       1.23587885
  269   2   1       2.88520563
  270   1   0       0.93534118
  271   1   0       0.93735181
  272   1   0       1.24499249
  272   2   1       2.88336228
  273   1   0       0.94618942
  274   1   0       0.92385517
  275   1   0       1.23402347
  275   2   1       2.88157732
  276   1   0       0.96104453
  277   1   0       0.94761784
  278   1   0       1.20589302
  278   2   1       2.87890850
  279   1   0       0.94909709
  280   1   0       0.95808517
  281   1   0       1.25285785
  281   2   1       2.94177424
  282   1   0       0.93173891
  283   1   0       0.94430226
  284   1   0       0.94084945
  285   1   0       1.25166582
  285   2   1       2.94186245
  286   1   0       0.93324159
  287   1   0       0.92827943
  288   1   0       0.94193046
  289   1   0       1.24838132
  289   2   1       2.86330863
  290   1   0       0.92537104
  291   1   0       0.96007277
  292   1   0       1.22933585
  292   2   1       2.88302659
  293   1   0       0.92837547
  294   1   0       0.94259176
  295   1   0       1.22877321
  295   2   1       2.89289036
  296   1   0       0.93586433
  297   1   0       0.93119205
  298   1   0       1.23700937
  298   2   1       2.86554840
  299   1   0       0.96456133
  300   1   0       0.95675108
  301   1   0       1.21934089
  301   2   1       2.89447830
  302   1   0       0.94407718
  303   1   0       0.94452739
  304   1   0       1.21694574
  304   2   1       2.89089483
  305   1   0       0.93111701
  306   1   0       0.93739995
  307   1   0       1.26019213
  307   2   1       2.85288277
  308   1   0       0.95571857
  309   1   0       0.94513867
  310   1   0       1.24249665
  310   2   1       2.83897423
  311   1   0       0.95956783
  312   1   0       0.95447104
  313   1   0       1.27504461
  313   2   1       2.96820931
  314   1   0       0.91248121
  315   1   0       0.92406818
  316   1   0       0.93460693
  317   1   0       1.26553277
  317   2   1       2.90328926
  318   1   0       0.94507191
  319   1   0       0.95848115
  320   1   0       0.93669571
  321   1   0       1.25726063
  321   2   1       2.85868213
  322   1   0       0.93776570
  323   1   0       0.94069198
  324   1   0       1.24577053
  324   2   1       2.86870720
  325   1   0       0.93415815
  326   1   0       0.94982874
  327   1   0       1.23196351
  327   2   1       2.88518067
  328   1   0       0.93669745
  329   1   0       0.94815041
  330   1   0       1.24005325
  330   2   1       2.86210433
  331   1   0       0.94120551
  332   1   0       0.92884654
  333   1   0       1.22844504
  333   2   1       2.86770749
  334   1   0       0.95020209
  335   1   0       0.97026505
  336   1   0       1.24120963
  336   2   1       2.85243666
  337   1   0       0.98142914
  338   1   0       0.94934871
  339   1   0       1.23623158
  339   2   1       2.86840630
  340   1   0       0.95092510
  341   1   0       0.93626440
  342   1   0       1.23647059
  342   2   1       2.84866798
  343   1   0       0.93318077
  344   1   0       0.96357153
  345   1   0       1.26769076
  345   2   1       2.95393285
  346   1   0       0.92373031
  347   1   0       0.93295401
  348   1   0       0.93348246
  349   1   0       1.26354649
  349   2   1       2.95091761
  350   1   0       0.93529341
  351   1   0       0.93266879
  352   1   0       0.93103084
 
Orbital populations (up)
 Atom Sh.   l   m       Population  Label
    1   1   0   0       1.23860999  s
    1   2   1  -1       0.97352430  p_y
    1   2   1   0       0.95201885  p_z
    1   2   1   1       0.93342718  p_x
    2   1   0   0       0.94855800  s
    3   1   0   0       0.93588448  s
    4   1   0   0       1.25128465  s
    4   2   1  -1       0.99882431  p_y
    4   2   1   0       0.94914134  p_z
    4   2   1   1       0.93097377  p_x
    5   1   0   0       0.93054496  s
    6   1   0   0       0.93862846  s
    7   1   0   0       1.23618957  s
    7   2   1  -1       0.97036451  p_y
    7   2   1   0       0.96366215  p_z
    7   2   1   1       0.94630337  p_x
    8   1   0   0       0.94685427  s
    9   1   0   0       0.93360068  s
   10   1   0   0       1.26089098  s
   10   2   1  -1       0.93309214  p_y
   10   2   1   0       0.96632905  p_z
   10   2   1   1       0.94264492  p_x
   11   1   0   0       0.98105170  s
   12   1   0   0       0.93287307  s
   13   1   0   0       1.24637843  s
   13   2   1  -1       0.95755002  p_y
   13   2   1   0       0.94851185  p_z
   13   2   1   1       0.95547896  p_x
   14   1   0   0       0.94317518  s
   15   1   0   0       0.95034657  s
   16   1   0   0       1.23521344  s
   16   2   1  -1       0.95304099  p_y
   16   2   1   0       0.93474448  p_z
   16   2   1   1       0.96381045  p_x
   17   1   0   0       0.94693644  s
   18   1   0   0       0.96522834  s
   19   1   0   0       1.22002901  s
   19   2   1  -1       0.97077585  p_y
   19   2   1   0       0.97175456  p_z
   19   2   1   1       0.96491556  p_x
   20   1   0   0       0.93232354  s
   21   1   0   0       0.92785035  s
   22   1   0   0       1.21498432  s
   22   2   1  -1       0.97179151  p_y
   22   2   1   0       0.97676501  p_z
   22   2   1   1       0.93276577  p_x
   23   1   0   0       0.95196430  s
   24   1   0   0       0.93877301  s
   25   1   0   0       1.24823332  s
   25   2   1  -1       0.97832965  p_y
   25   2   1   0       0.97454023  p_z
   25   2   1   1       1.01537476  p_x
   26   1   0   0       0.93420673  s
   27   1   0   0       0.92700411  s
   28   1   0   0       0.92970525  s
   29   1   0   0       1.26966233  s
   29   2   1  -1       0.98609463  p_y
   29   2   1   0       0.98189591  p_z
   29   2   1   1       0.96208529  p_x
   30   1   0   0       0.92998908  s
   31   1   0   0       0.94697075  s
   32   1   0   0       0.94587883  s
   33   1   0   0       1.23261583  s
   33   2   1  -1       0.91563285  p_y
   33   2   1   0       0.99942179  p_z
   33   2   1   1       0.95508635  p_x
   34   1   0   0       0.92772780  s
   35   1   0   0       0.95019780  s
   36   1   0   0       1.23466056  s
   36   2   1  -1       0.96185399  p_y
   36   2   1   0       0.95067807  p_z
   36   2   1   1       0.96795646  p_x
   37   1   0   0       0.94244328  s
   38   1   0   0       0.93804224  s
   39   1   0   0       1.23475677  s
   39   2   1  -1       0.93974627  p_y
   39   2   1   0       0.94479338  p_z
   39   2   1   1       0.95362683  p_x
   40   1   0   0       0.96732648  s
   41   1   0   0       0.98407546  s
   42   1   0   0       1.21859404  s
   42   2   1  -1       0.97943624  p_y
   42   2   1   0       0.93386413  p_z
   42   2   1   1       0.97353398  p_x
   43   1   0   0       0.95545729  s
   44   1   0   0       0.93683785  s
   45   1   0   0       1.25242288  s
   45   2   1  -1       0.94027068  p_y
   45   2   1   0       0.93506941  p_z
   45   2   1   1       0.97825195  p_x
   46   1   0   0       0.92859615  s
   47   1   0   0       0.97212667  s
   48   1   0   0       1.24159165  s
   48   2   1  -1       0.94557696  p_y
   48   2   1   0       0.93904760  p_z
   48   2   1   1       0.94922185  p_x
   49   1   0   0       0.94458271  s
   50   1   0   0       0.96700440  s
   51   1   0   0       1.22316493  s
   51   2   1  -1       0.92945237  p_y
   51   2   1   0       0.96973731  p_z
   51   2   1   1       0.99032364  p_x
   52   1   0   0       0.94259631  s
   53   1   0   0       0.93700995  s
   54   1   0   0       1.23661897  s
   54   2   1  -1       0.95615831  p_y
   54   2   1   0       0.93681694  p_z
   54   2   1   1       0.95986645  p_x
   55   1   0   0       0.94815244  s
   56   1   0   0       0.96067641  s
   57   1   0   0       1.26225259  s
   57   2   1  -1       0.95667940  p_y
   57   2   1   0       0.98688720  p_z
   57   2   1   1       0.98447578  p_x
   58   1   0   0       0.92519475  s
   59   1   0   0       0.94714291  s
   60   1   0   0       0.94656519  s
   61   1   0   0       1.26322514  s
   61   2   1  -1       0.96341371  p_y
   61   2   1   0       0.99863489  p_z
   61   2   1   1       0.96503553  p_x
   62   1   0   0       0.92839271  s
   63   1   0   0       0.95331381  s
   64   1   0   0       0.94601228  s
   65   1   0   0       1.24153272  s
   65   2   1  -1       0.93734417  p_y
   65   2   1   0       0.97521386  p_z
   65   2   1   1       0.93052951  p_x
   66   1   0   0       0.95146963  s
   67   1   0   0       0.97187683  s
   68   1   0   0       1.23339396  s
   68   2   1  -1       0.94073833  p_y
   68   2   1   0       0.95673276  p_z
   68   2   1   1       0.97673662  p_x
   69   1   0   0       0.94935383  s
   70   1   0   0       0.92965131  s
   71   1   0   0       1.23269582  s
   71   2   1  -1       0.95675191  p_y
   71   2   1   0       0.93335641  p_z
   71   2   1   1       0.99648894  p_x
   72   1   0   0       0.94236177  s
   73   1   0   0       0.94511940  s
   74   1   0   0       1.23888785  s
   74   2   1  -1       0.94647377  p_y
   74   2   1   0       0.95962834  p_z
   74   2   1   1       0.96442318  p_x
   75   1   0   0       0.94650235  s
   76   1   0   0       0.95504725  s
   77   1   0   0       1.24354998  s
   77   2   1  -1       0.96271297  p_y
   77   2   1   0       0.93535927  p_z
   77   2   1   1       0.98246650  p_x
   78   1   0   0       0.93047629  s
   79   1   0   0       0.93982683  s
   80   1   0   0       1.24484197  s
   80   2   1  -1       0.96889884  p_y
   80   2   1   0       0.93637607  p_z
   80   2   1   1       0.96361268  p_x
   81   1   0   0       0.95597770  s
   82   1   0   0       0.92220002  s
   83   1   0   0       1.23030341  s
   83   2   1  -1       0.97407298  p_y
   83   2   1   0       0.93995699  p_z
   83   2   1   1       0.95902660  p_x
   84   1   0   0       0.93798628  s
   85   1   0   0       0.95381256  s
   86   1   0   0       1.22964505  s
   86   2   1  -1       0.95654948  p_y
   86   2   1   0       0.93110391  p_z
   86   2   1   1       0.97672091  p_x
   87   1   0   0       0.95146420  s
   88   1   0   0       0.94446512  s
   89   1   0   0       1.26286544  s
   89   2   1  -1       0.98255552  p_y
   89   2   1   0       1.00705290  p_z
   89   2   1   1       0.96479361  p_x
   90   1   0   0       0.92117387  s
   91   1   0   0       0.94074118  s
   92   1   0   0       0.92333129  s
   93   1   0   0       1.26087362  s
   93   2   1  -1       0.97444703  p_y
   93   2   1   0       0.97097587  p_z
   93   2   1   1       1.01246222  p_x
   94   1   0   0       0.93215022  s
   95   1   0   0       0.91548531  s
   96   1   0   0       0.94830511  s
   97   1   0   0       1.26232633  s
   97   2   1  -1       0.97449974  p_y
   97   2   1   0       0.99311782  p_z
   97   2   1   1       0.91547768  p_x
   98   1   0   0       0.92273029  s
   99   1   0   0       0.94271682  s
  100   1   0   0       1.23769107  s
  100   2   1  -1       0.98416081  p_y
  100   2   1   0       0.96995590  p_z
  100   2   1   1       0.93575872  p_x
  101   1   0   0       0.93564987  s
  102   1   0   0       0.93571108  s
  103   1   0   0       1.21944037  s
  103   2   1  -1       0.94581982  p_y
  103   2   1   0       0.96268874  p_z
  103   2   1   1       0.97775789  p_x
  104   1   0   0       0.91017601  s
  105   1   0   0       0.94201807  s
  106   1   0   0       1.26347718  s
  106   2   1  -1       0.94517484  p_y
  106   2   1   0       0.95578843  p_z
  106   2   1   1       0.94870412  p_x
  107   1   0   0       0.95445140  s
  108   1   0   0       0.93888117  s
  109   1   0   0       1.26688233  s
  109   2   1  -1       0.98513991  p_y
  109   2   1   0       0.95311228  p_z
  109   2   1   1       0.96096227  p_x
  110   1   0   0       0.92616606  s
  111   1   0   0       0.91554819  s
  112   1   0   0       1.28905913  s
  112   2   1  -1       0.91379708  p_y
  112   2   1   0       0.98671859  p_z
  112   2   1   1       1.00038589  p_x
  113   1   0   0       0.90832115  s
  114   1   0   0       0.92558808  s
  115   1   0   0       1.21833568  s
  115   2   1  -1       0.95798355  p_y
  115   2   1   0       0.91290810  p_z
  115   2   1   1       0.92271383  p_x
  116   1   0   0       0.95842442  s
  117   1   0   0       0.93072775  s
  118   1   0   0       1.22917675  s
  118   2   1  -1       0.93774218  p_y
  118   2   1   0       0.97962296  p_z
  118   2   1   1       0.94881278  p_x
  119   1   0   0       0.93071131  s
  120   1   0   0       0.94219736  s
  121   1   0   0       1.26663443  s
  121   2   1  -1       1.03180343  p_y
  121   2   1   0       0.98399144  p_z
  121   2   1   1       0.94526561  p_x
  122   1   0   0       0.92901579  s
  123   1   0   0       0.93355832  s
  124   1   0   0       0.93091659  s
  125   1   0   0       1.27802653  s
  125   2   1  -1       0.98397064  p_y
  125   2   1   0       0.97023716  p_z
  125   2   1   1       0.99226552  p_x
  126   1   0   0       0.93685335  s
  127   1   0   0       0.92992177  s
  128   1   0   0       0.95391339  s
  129   1   0   0       1.25612833  s
  129   2   1  -1       0.92263690  p_y
  129   2   1   0       0.94689563  p_z
  129   2   1   1       0.92591169  p_x
  130   1   0   0       0.92080829  s
  131   1   0   0       0.93431832  s
  132   1   0   0       1.30080718  s
  132   2   1  -1       0.92652669  p_y
  132   2   1   0       0.99931492  p_z
  132   2   1   1       0.97971411  p_x
  133   1   0   0       0.92691330  s
  134   1   0   0       0.92186680  s
  135   1   0   0       1.24115249  s
  135   2   1  -1       0.91480036  p_y
  135   2   1   0       1.01738755  p_z
  135   2   1   1       0.98208857  p_x
  136   1   0   0       0.92745721  s
  137   1   0   0       0.90622630  s
  138   1   0   0       1.27319023  s
  138   2   1  -1       1.04697068  p_y
  138   2   1   0       0.91957093  p_z
  138   2   1   1       0.94261473  p_x
  139   1   0   0       0.91147228  s
  140   1   0   0       0.91282070  s
  141   1   0   0       1.27168435  s
  141   2   1  -1       0.99586675  p_y
  141   2   1   0       0.97559648  p_z
  141   2   1   1       0.94907215  p_x
  142   1   0   0       0.92611504  s
  143   1   0   0       0.93418686  s
  144   1   0   0       1.27120015  s
  144   2   1  -1       0.97765711  p_y
  144   2   1   0       1.00167622  p_z
  144   2   1   1       0.95664070  p_x
  145   1   0   0       0.93848108  s
  146   1   0   0       0.92112492  s
  147   1   0   0       1.22682036  s
  147   2   1  -1       0.96659642  p_y
  147   2   1   0       0.92850935  p_z
  147   2   1   1       0.97551313  p_x
  148   1   0   0       0.95155971  s
  149   1   0   0       0.93635964  s
  150   1   0   0       1.25283616  s
  150   2   1  -1       0.97801113  p_y
  150   2   1   0       0.92710925  p_z
  150   2   1   1       0.94387815  p_x
  151   1   0   0       0.94814408  s
  152   1   0   0       0.93900729  s
  153   1   0   0       1.28596492  s
  153   2   1  -1       0.97903776  p_y
  153   2   1   0       0.98069151  p_z
  153   2   1   1       0.94952089  p_x
  154   1   0   0       0.90642514  s
  155   1   0   0       0.91618225  s
  156   1   0   0       0.95751272  s
  157   1   0   0       1.28669691  s
  157   2   1  -1       1.02092219  p_y
  157   2   1   0       0.94655202  p_z
  157   2   1   1       0.96500394  p_x
  158   1   0   0       0.93021539  s
  159   1   0   0       0.92322114  s
  160   1   0   0       0.93800370  s
  161   1   0   0       1.24208197  s
  161   2   1  -1       0.97210056  p_y
  161   2   1   0       0.93879343  p_z
  161   2   1   1       0.94792327  p_x
  162   1   0   0       0.94093932  s
  163   1   0   0       0.94587663  s
  164   1   0   0       1.25397813  s
  164   2   1  -1       0.94274903  p_y
  164   2   1   0       0.97408009  p_z
  164   2   1   1       0.92753047  p_x
  165   1   0   0       0.95165814  s
  166   1   0   0       0.95614586  s
  167   1   0   0       1.26206533  s
  167   2   1  -1       0.95113323  p_y
  167   2   1   0       0.94388936  p_z
  167   2   1   1       0.96063566  p_x
  168   1   0   0       0.95046932  s
  169   1   0   0       0.92255556  s
  170   1   0   0       1.22986825  s
  170   2   1  -1       0.97018308  p_y
  170   2   1   0       0.95988033  p_z
  170   2   1   1       0.95542901  p_x
  171   1   0   0       0.94894721  s
  172   1   0   0       0.92882554  s
  173   1   0   0       1.22260080  s
  173   2   1  -1       0.98019592  p_y
  173   2   1   0       0.95261784  p_z
  173   2   1   1       0.93513654  p_x
  174   1   0   0       0.95699095  s
  175   1   0   0       0.95069648  s
  176   1   0   0       1.21963453  s
  176   2   1  -1       1.00676600  p_y
  176   2   1   0       0.97163973  p_z
  176   2   1   1       0.92125018  p_x
  177   1   0   0       0.94300786  s
  178   1   0   0       0.93868201  s
  179   1   0   0       1.24757397  s
  179   2   1  -1       0.97294811  p_y
  179   2   1   0       0.93146793  p_z
  179   2   1   1       0.95210526  p_x
  180   1   0   0       0.95252841  s
  181   1   0   0       0.94934722  s
  182   1   0   0       1.23720841  s
  182   2   1  -1       0.91612222  p_y
  182   2   1   0       0.98237554  p_z
  182   2   1   1       0.96350114  p_x
  183   1   0   0       0.95567560  s
  184   1   0   0       0.94908482  s
  185   1   0   0       1.28326237  s
  185   2   1  -1       0.98319382  p_y
  185   2   1   0       0.97980565  p_z
  185   2   1   1       0.96794510  p_x
  186   1   0   0       0.93183145  s
  187   1   0   0       0.95077346  s
  188   1   0   0       0.92411198  s
  189   1   0   0       1.27224609  s
  189   2   1  -1       0.96808709  p_y
  189   2   1   0       0.96838601  p_z
  189   2   1   1       0.97823502  p_x
  190   1   0   0       0.93578081  s
  191   1   0   0       0.93433155  s
  192   1   0   0       0.93850640  s
  193   1   0   0       1.22639152  s
  193   2   1  -1       0.94941266  p_y
  193   2   1   0       0.95312044  p_z
  193   2   1   1       0.94902151  p_x
  194   1   0   0       0.97571118  s
  195   1   0   0       0.93619281  s
  196   1   0   0       1.23582346  s
  196   2   1  -1       0.95836171  p_y
  196   2   1   0       0.97185625  p_z
  196   2   1   1       0.96187606  p_x
  197   1   0   0       0.92856917  s
  198   1   0   0       0.93942244  s
  199   1   0   0       1.26034567  s
  199   2   1  -1       0.94536043  p_y
  199   2   1   0       0.94478785  p_z
  199   2   1   1       0.95883527  p_x
  200   1   0   0       0.94607015  s
  201   1   0   0       0.95209738  s
  202   1   0   0       1.24214186  s
  202   2   1  -1       0.94435726  p_y
  202   2   1   0       0.96446217  p_z
  202   2   1   1       0.94356515  p_x
  203   1   0   0       0.94809296  s
  204   1   0   0       0.96286583  s
  205   1   0   0       1.22925838  s
  205   2   1  -1       0.97752700  p_y
  205   2   1   0       0.94247963  p_z
  205   2   1   1       0.95140037  p_x
  206   1   0   0       0.95059239  s
  207   1   0   0       0.95327096  s
  208   1   0   0       1.23593126  s
  208   2   1  -1       0.97012132  p_y
  208   2   1   0       0.95739711  p_z
  208   2   1   1       0.94458823  p_x
  209   1   0   0       0.93560514  s
  210   1   0   0       0.94761794  s
  211   1   0   0       1.22477171  s
  211   2   1  -1       0.99386496  p_y
  211   2   1   0       0.98944697  p_z
  211   2   1   1       0.90133030  p_x
  212   1   0   0       0.94504791  s
  213   1   0   0       0.94982143  s
  214   1   0   0       1.23675604  s
  214   2   1  -1       0.93087087  p_y
  214   2   1   0       0.98711047  p_z
  214   2   1   1       0.90802623  p_x
  215   1   0   0       0.95441133  s
  216   1   0   0       0.96678300  s
  217   1   0   0       1.25791269  s
  217   2   1  -1       0.98153185  p_y
  217   2   1   0       0.97426736  p_z
  217   2   1   1       0.96923264  p_x
  218   1   0   0       0.94558283  s
  219   1   0   0       0.95560265  s
  220   1   0   0       0.92652551  s
  221   1   0   0       1.26680385  s
  221   2   1  -1       0.95567379  p_y
  221   2   1   0       1.01230037  p_z
  221   2   1   1       0.96572874  p_x
  222   1   0   0       0.92894695  s
  223   1   0   0       0.93750563  s
  224   1   0   0       0.93874355  s
  225   1   0   0       1.22160693  s
  225   2   1  -1       0.97015763  p_y
  225   2   1   0       0.96823680  p_z
  225   2   1   1       0.93673587  p_x
  226   1   0   0       0.94800226  s
  227   1   0   0       0.94158111  s
  228   1   0   0       1.21794388  s
  228   2   1  -1       0.97757187  p_y
  228   2   1   0       0.96553379  p_z
  228   2   1   1       0.92441682  p_x
  229   1   0   0       0.94619151  s
  230   1   0   0       0.94121052  s
  231   1   0   0       1.25070239  s
  231   2   1  -1       0.94742665  p_y
  231   2   1   0       0.97740986  p_z
  231   2   1   1       0.93454324  p_x
  232   1   0   0       0.95075413  s
  233   1   0   0       0.95508868  s
  234   1   0   0       1.25999453  s
  234   2   1  -1       0.90878084  p_y
  234   2   1   0       0.97819851  p_z
  234   2   1   1       0.96039124  p_x
  235   1   0   0       0.94563069  s
  236   1   0   0       0.96081006  s
  237   1   0   0       1.23837639  s
  237   2   1  -1       0.91439627  p_y
  237   2   1   0       0.96994851  p_z
  237   2   1   1       0.99415841  p_x
  238   1   0   0       0.92320582  s
  239   1   0   0       0.93291217  s
  240   1   0   0       1.26207220  s
  240   2   1  -1       0.95362587  p_y
  240   2   1   0       0.95329360  p_z
  240   2   1   1       0.93144482  p_x
  241   1   0   0       0.95298243  s
  242   1   0   0       0.94720884  s
  243   1   0   0       1.24464707  s
  243   2   1  -1       0.95469229  p_y
  243   2   1   0       0.97026506  p_z
  243   2   1   1       0.91475507  p_x
  244   1   0   0       0.96739742  s
  245   1   0   0       0.94733076  s
  246   1   0   0       1.23235714  s
  246   2   1  -1       0.94154251  p_y
  246   2   1   0       0.92944538  p_z
  246   2   1   1       0.97656866  p_x
  247   1   0   0       0.94846137  s
  248   1   0   0       0.95207990  s
  249   1   0   0       1.26219203  s
  249   2   1  -1       0.98244927  p_y
  249   2   1   0       0.98481642  p_z
  249   2   1   1       0.96169640  p_x
  250   1   0   0       0.96240151  s
  251   1   0   0       0.92567897  s
  252   1   0   0       0.94590279  s
  253   1   0   0       1.25015239  s
  253   2   1  -1       1.00108948  p_y
  253   2   1   0       0.98476143  p_z
  253   2   1   1       0.98635670  p_x
  254   1   0   0       0.93135760  s
  255   1   0   0       0.93185618  s
  256   1   0   0       0.94307069  s
  257   1   0   0       1.22022260  s
  257   2   1  -1       0.94397164  p_y
  257   2   1   0       0.94402531  p_z
  257   2   1   1       0.96313532  p_x
  258   1   0   0       0.95769567  s
  259   1   0   0       0.94866711  s
  260   1   0   0       1.25721866  s
  260   2   1  -1       0.97305283  p_y
  260   2   1   0       0.93725811  p_z
  260   2   1   1       0.95210186  p_x
  261   1   0   0       0.95580631  s
  262   1   0   0       0.93670599  s
  263   1   0   0       1.23876334  s
  263   2   1  -1       0.96467971  p_y
  263   2   1   0       0.95103623  p_z
  263   2   1   1       0.96073546  p_x
  264   1   0   0       0.94177797  s
  265   1   0   0       0.93445834  s
  266   1   0   0       1.23249418  s
  266   2   1  -1       0.97073735  p_y
  266   2   1   0       0.93742458  p_z
  266   2   1   1       0.94734762  p_x
  267   1   0   0       0.95634672  s
  268   1   0   0       0.95719213  s
  269   1   0   0       1.23587885  s
  269   2   1  -1       0.93922700  p_y
  269   2   1   0       0.97802007  p_z
  269   2   1   1       0.96795856  p_x
  270   1   0   0       0.93534118  s
  271   1   0   0       0.93735181  s
  272   1   0   0       1.24499249  s
  272   2   1  -1       0.94119867  p_y
  272   2   1   0       0.96455526  p_z
  272   2   1   1       0.97760836  p_x
  273   1   0   0       0.94618942  s
  274   1   0   0       0.92385517  s
  275   1   0   0       1.23402347  s
  275   2   1  -1       0.96168391  p_y
  275   2   1   0       0.96214073  p_z
  275   2   1   1       0.95775269  p_x
  276   1   0   0       0.96104453  s
  277   1   0   0       0.94761784  s
  278   1   0   0       1.20589302  s
  278   2   1  -1       0.92636620  p_y
  278   2   1   0       0.97480983  p_z
  278   2   1   1       0.97773247  p_x
  279   1   0   0       0.94909709  s
  280   1   0   0       0.95808517  s
  281   1   0   0       1.25285785  s
  281   2   1  -1       0.97068962  p_y
  281   2   1   0       1.00327618  p_z
  281   2   1   1       0.96780844  p_x
  282   1   0   0       0.93173891  s
  283   1   0   0       0.94430226  s
  284   1   0   0       0.94084945  s
  285   1   0   0       1.25166582  s
  285   2   1  -1       0.96535169  p_y
  285   2   1   0       0.99459408  p_z
  285   2   1   1       0.98191668  p_x
  286   1   0   0       0.93324159  s
  287   1   0   0       0.92827943  s
  288   1   0   0       0.94193046  s
  289   1   0   0       1.24838132  s
  289   2   1  -1       0.96638354  p_y
  289   2   1   0       0.95514511  p_z
  289   2   1   1       0.94177999  p_x
  290   1   0   0       0.92537104  s
  291   1   0   0       0.96007277  s
  292   1   0   0       1.22933585  s
  292   2   1  -1       0.98515101  p_y
  292   2   1   0       0.97049469  p_z
  292   2   1   1       0.92738089  p_x
  293   1   0   0       0.92837547  s
  294   1   0   0       0.94259176  s
  295   1   0   0       1.22877321  s
  295   2   1  -1       0.95876058  p_y
  295   2   1   0       0.97418208  p_z
  295   2   1   1       0.95994770  p_x
  296   1   0   0       0.93586433  s
  297   1   0   0       0.93119205  s
  298   1   0   0       1.23700937  s
  298   2   1  -1       0.92605468  p_y
  298   2   1   0       0.99095361  p_z
  298   2   1   1       0.94854010  p_x
  299   1   0   0       0.96456133  s
  300   1   0   0       0.95675108  s
  301   1   0   0       1.21934089  s
  301   2   1  -1       0.96183404  p_y
  301   2   1   0       0.97610696  p_z
  301   2   1   1       0.95653729  p_x
  302   1   0   0       0.94407718  s
  303   1   0   0       0.94452739  s
  304   1   0   0       1.21694574  s
  304   2   1  -1       0.96127584  p_y
  304   2   1   0       0.97127317  p_z
  304   2   1   1       0.95834583  p_x
  305   1   0   0       0.93111701  s
  306   1   0   0       0.93739995  s
  307   1   0   0       1.26019213  s
  307   2   1  -1       0.93391263  p_y
  307   2   1   0       0.94489608  p_z
  307   2   1   1       0.97407407  p_x
  308   1   0   0       0.95571857  s
  309   1   0   0       0.94513867  s
  310   1   0   0       1.24249665  s
  310   2   1  -1       0.96095419  p_y
  310   2   1   0       0.96664696  p_z
  310   2   1   1       0.91137308  p_x
  311   1   0   0       0.95956783  s
  312   1   0   0       0.95447104  s
  313   1   0   0       1.27504461  s
  313   2   1  -1       0.98013626  p_y
  313   2   1   0       0.96886276  p_z
  313   2   1   1       1.01921029  p_x
  314   1   0   0       0.91248121  s
  315   1   0   0       0.92406818  s
  316   1   0   0       0.93460693  s
  317   1   0   0       1.26553277  s
  317   2   1  -1       0.97671814  p_y
  317   2   1   0       0.98545402  p_z
  317   2   1   1       0.94111709  p_x
  318   1   0   0       0.94507191  s
  319   1   0   0       0.95848115  s
  320   1   0   0       0.93669571  s
  321   1   0   0       1.25726063  s
  321   2   1  -1       0.97311733  p_y
  321   2   1   0       0.93144942  p_z
  321   2   1   1       0.95411538  p_x
  322   1   0   0       0.93776570  s
  323   1   0   0       0.94069198  s
  324   1   0   0       1.24577053  s
  324   2   1  -1       0.95103986  p_y
  324   2   1   0       0.95659672  p_z
  324   2   1   1       0.96107062  p_x
  325   1   0   0       0.93415815  s
  326   1   0   0       0.94982874  s
  327   1   0   0       1.23196351  s
  327   2   1  -1       0.92736359  p_y
  327   2   1   0       0.97864446  p_z
  327   2   1   1       0.97917263  p_x
  328   1   0   0       0.93669745  s
  329   1   0   0       0.94815041  s
  330   1   0   0       1.24005325  s
  330   2   1  -1       0.94500237  p_y
  330   2   1   0       0.98429586  p_z
  330   2   1   1       0.93280609  p_x
  331   1   0   0       0.94120551  s
  332   1   0   0       0.92884654  s
  333   1   0   0       1.22844504  s
  333   2   1  -1       0.96098562  p_y
  333   2   1   0       0.92491992  p_z
  333   2   1   1       0.98180195  p_x
  334   1   0   0       0.95020209  s
  335   1   0   0       0.97026505  s
  336   1   0   0       1.24120963  s
  336   2   1  -1       0.94565555  p_y
  336   2   1   0       0.92476319  p_z
  336   2   1   1       0.98201792  p_x
  337   1   0   0       0.98142914  s
  338   1   0   0       0.94934871  s
  339   1   0   0       1.23623158  s
  339   2   1  -1       0.97270258  p_y
  339   2   1   0       0.92603743  p_z
  339   2   1   1       0.96966628  p_x
  340   1   0   0       0.95092510  s
  341   1   0   0       0.93626440  s
  342   1   0   0       1.23647059  s
  342   2   1  -1       0.93880112  p_y
  342   2   1   0       0.97233750  p_z
  342   2   1   1       0.93752936  p_x
  343   1   0   0       0.93318077  s
  344   1   0   0       0.96357153  s
  345   1   0   0       1.26769076  s
  345   2   1  -1       0.97019485  p_y
  345   2   1   0       0.97896889  p_z
  345   2   1   1       1.00476911  p_x
  346   1   0   0       0.92373031  s
  347   1   0   0       0.93295401  s
  348   1   0   0       0.93348246  s
  349   1   0   0       1.26354649  s
  349   2   1  -1       0.98565244  p_y
  349   2   1   0       0.97440941  p_z
  349   2   1   1       0.99085577  p_x
  350   1   0   0       0.93529341  s
  351   1   0   0       0.93266879  s
  352   1   0   0       0.93103084  s
 
Fermi level:                        -0.1560415224 H           -4.2461 eV
Band energy:                      -277.9699210424 H        -7563.9464 eV
TS:                                  0.0000000000 H            0.0000 eV
Band free energy (E-TS):          -277.9699210424 H        -7563.9464 eV
Extrapolated E(0K):               -277.9699210424 H        -7563.9464 eV
Input / Output electrons (q):    682.0000000000    682.0000000000
 
Energy H0:                        -282.7516346056 H        -7694.0634 eV
Energy SCC:                          0.0800436197 H            2.1781 eV
Total Electronic energy:          -282.6715909859 H        -7691.8853 eV
Repulsive energy:                    4.7642242041 H          129.6411 eV
Dispersion energy:                   1.1318720891 H           30.7998 eV
Total energy:                     -276.7754946927 H        -7531.4444 eV
Extrapolated to 0:                -276.7754946927 H        -7531.4444 eV
Total Mermin free energy:         -276.7754946927 H        -7531.4444 eV
Force related energy:             -276.7754946927 H        -7531.4444 eV
 
SCC converged
 
Full geometry written in geo_end.{xyz|gen}
 
MD Kinetic Energy:                   0.9903717568 H
Total MD Energy:                  -275.7851229359 H
Pressure:                            0.256321E-04 au     0.754123E+09 Pa
MD Temperature:                      0.0018810480 H          593.9873 K
MD Kinetic Energy:                   0.9903717568 H
Total MD Energy:                  -275.7851229359 H        -7504.4950 eV
MD Temperature:                      0.0018810480 H          593.9873 K
 
Molecular dynamics completed
 
