 Fermi distribution function
 
MD step: 100000
 

********************************************************************************
 iSCC Total electronic   Diff electronic      SCC error    
    5   -0.28249413E+03    0.32969183E-10    0.91321180E-06
********************************************************************************
 
Coordinates of moved atoms (au):
    1     77.64461969     50.60687747     69.85313646
    2     76.19236467     51.53135569     71.10139681
    3     76.69381542     49.44858187     68.44524929
    4     79.30694686     81.62598966     68.63966278
    5     80.66482733     80.87676066     67.32023166
    6     51.43134587     82.44039300     70.21073224
    7     78.01238460     84.05974529     67.72881317
    8     47.19405223     84.09263004     68.80423771
    9     77.17972457     83.49033791     65.67922954
   10     50.51529243     86.50171641     68.21704317
   11     50.76228528     87.25266801     66.27639006
   12     52.25988723     85.71885046     69.03240889
   13     77.89032699     88.00201978     70.04928396
   14     75.72370393     87.79615008     69.63948426
   15     78.07584338     90.12173312     69.92665943
   16     49.31312777     86.83262036     72.71094760
   17     51.31718597     86.68423138     72.98348102
   18     48.58731545     84.73971871     72.25759522
   19     76.82628360     88.31131760     74.59651447
   20     75.71397799     89.82385646     73.67503442
   21     78.07338245     89.39455237     75.74932792
   22     75.33777419     86.75760315     76.75461968
   23     46.37669486     84.61346386     76.67166595
   24     44.42796875     87.32347971     76.61416823
   25     79.26143367     49.17833656     71.81629265
   26     80.81701665     47.96383044     70.87597999
   27     80.47825570     50.43782614     72.94405983
   28     78.09253691     48.11676420     73.14241731
   29     76.01279043     87.72025208     79.34069398
   30     78.12845481     87.43415271     79.65638353
   31     75.67924177     89.81134541     79.48366306
   32     74.72373124     86.90447441     80.84689916
   33     52.86428422     49.08377239     53.18050898
   34     51.87409244     48.49769443     51.51065087
   35     54.89654711     49.21366744     52.42067683
   36     52.10690306     51.45813988     54.34012611
   37     53.59718792     52.39938286     55.42721799
   38     50.36299529     51.39932184     55.42228800
   39     51.64239217     53.32010722     52.17209465
   40     50.80196290     55.12522288     52.79891990
   41     50.12611937     52.37134889     50.79061598
   42     54.23260475     53.99882899     50.61770026
   43     83.77415391     52.16441471     49.59544396
   44     55.62279833     54.94908342     51.83339414
   45     53.66110319     56.07386980     48.64792772
   46     53.00702201     57.98464882     49.37606266
   47     81.16494932     55.39971726     47.32512420
   48     84.77181557     57.27579074     46.99891575
   49     86.37348510     57.86248232     48.05166329
   50     83.89747765     58.90110226     45.92084782
   51     56.49769002     55.48927283     44.85623675
   52     55.07673797     55.42690491     43.25456427
   53     57.23398122     53.53576902     45.26891439
   54     87.74814324     56.54906726     72.23925113
   55     89.26014949     56.43998027     73.64162100
   56     87.48760817     58.62129153     71.63713838
   57     52.79294041     46.51463882     54.56213813
   58     53.66548880     45.13410558     53.23186971
   59     53.56338300     46.61797831     56.58395383
   60     50.70155680     46.13420789     54.93802246
   61     58.96081108     54.63376549     70.11619882
   62     58.75921668     52.55687033     70.56383414
   63     57.36601852     55.18639865     68.82306911
   64     60.71249445     54.97684328     68.98389912
   65     65.14556402     80.68722829     72.11256631
   66     66.27712417     81.78901186     73.51853881
   67     63.14182031     81.41270312     72.34038193
   68     65.67398597     80.72298918     69.35554948
   69     65.73415509     82.60143241     68.62996837
   70     63.81294417     79.95854643     68.31179029
   71     68.43543543     79.75603285     68.75231807
   72     68.51362090     79.25163080     66.68559998
   73     69.07659531     77.90206251     69.78885779
   74     70.30508029     52.94681728     69.25460636
   75     72.28334111     52.28845238     68.94775230
   76     70.12930189     53.78234143     71.28288539
   77     70.49352495     55.30065552     67.46360991
   78     72.00670012     85.46342719     68.23976506
   79     68.84236271     85.45442324     67.35316385
   80     71.57334904     54.57336517     64.97177385
   81     70.31584947     53.31163585     63.77047677
   82     73.40394566     53.29809815     65.07481221
   83     72.26153707     56.82673225     63.37935744
   84     73.90591957     56.40125324     62.01945657
   85     73.14113242     58.33559856     64.65197970
   86     70.24374758     58.49570868     61.84220468
   87     68.82746137     59.32307805     63.20433540
   88     69.19812863     56.98316405     60.90044144
   89     65.23116298     77.96433458     73.02580382
   90     64.26025540     77.75428245     74.90203655
   91     64.13499098     76.76257645     71.73828584
   92     67.12144747     77.42752639     73.12979987
   93     71.47022523     60.12886725     59.81650831
   94     71.67190011     58.99167964     58.07500577
   95     70.54429093     61.84188243     59.18427276
   96     73.48995362     60.89846644     60.47957147
   97     65.52300547     71.84010427     81.82108317
   98     64.33000360     70.19169533     81.80737686
   99     64.71074206     73.52589577     80.89214887
  100     66.04211892     72.49506008     84.65695599
  101     67.11849382     74.30491773     84.80021383
  102     67.00339562     70.74192610     85.57298455
  103     63.71778688     73.02012819     86.48577499
  104     62.24763179     74.24217132     85.77493659
  105     64.43508957     73.96398320     88.12883848
  106     62.44092237     70.49811192     58.40231241
  107     63.70380182     69.27388301     59.42598491
  108     61.83376647     69.32630028     56.77638610
  109     60.12434028     71.35302638     59.90551682
  110     60.63070528     73.15295039     61.00848452
  111     59.88222249     70.05920988     61.64648305
  112     57.41021264     71.57313080     58.72586209
  113     57.24466442     73.21453122     57.59036516
  114     55.95903473     71.75189648     60.15466116
  115     56.59066582     69.29354028     57.00638369
  116     58.25638215     68.72255437     55.98730893
  117     55.09973530     69.91994470     55.65301353
  118     55.37824951     66.89954980     58.41338332
  119     57.14971526     66.09359747     59.37988214
  120     54.75925091     65.64152747     56.86118455
  121     68.04317495     71.26642934     80.37771095
  122     69.17555226     73.03969735     79.96976930
  123     69.05919754     69.94089215     81.34218118
  124     67.52300932     70.27822548     78.48621672
  125     53.49182516     67.59765638     60.36232579
  126     51.70680047     68.71124331     59.86918670
  127     52.83584516     65.74748724     61.22872618
  128     54.34783559     68.47304267     62.02392392
  129     56.55012103     76.82736663     67.53496376
  130     54.93368466     78.03458757     67.16822876
  131     58.07027162     78.01642435     66.55483373
  132     57.40359934     76.77752264     70.29130521
  133     55.88142268     77.64664123     71.34271906
  134     59.17575680     77.80970528     70.57619523
  135     58.11844066     74.10681798     71.63538733
  136     60.02941243     74.34984833     72.22245153
  137     57.88218210     72.52751010     70.39672694
  138     56.43928466     73.51150483     74.08445179
  139     55.40621697     71.70829626     73.77707974
  140     54.69342809     74.84666412     74.01145986
  141     58.01037494     74.20242806     76.57139948
  142     59.85741724     72.96834852     76.54680679
  143     56.76598028     73.29555670     77.89635727
  144     58.46611307     76.94865141     77.10603304
  145     56.65651722     77.97980001     77.73021826
  146     59.38794798     77.88952555     75.37574768
  147     60.21416914     77.00087355     79.46648613
  148     61.55278632     75.56393752     78.99999492
  149     59.24267010     76.33503585     81.04245681
  150     61.88458926     79.23946439     80.23009880
  151     63.69764016     79.07213291     79.15669726
  152     62.39917911     78.90160597     82.24142089
  153     56.01163034     74.25734284     66.44465102
  154     57.46332889     43.80962708     66.23412145
  155     54.22480787     73.34898588     67.14194984
  156     55.44679255     74.48859638     64.44675925
  157     60.83734989     81.89755222     80.03172815
  158     59.48218289     82.43447372     81.59230229
  159     62.15799355     83.43722146     80.17212395
  160     59.82956213     82.30055123     78.25097606
  161     71.00651345     51.20414653     52.31885617
  162     70.59872832     53.22076680     52.56104411
  163     72.94518104     50.80408167     53.26144726
  164     68.94142817     49.42832528     53.41149358
  165     69.68487020     47.62874026     53.94383485
  166     67.75991046     48.77785842     51.83324892
  167     67.72513815     50.57884601     55.80113742
  168     66.18590333     49.55247032     56.77809746
  169     66.74014495     52.34370070     55.07648697
  170     69.92893276     51.11482363     57.71164734
  171     69.02783433     52.21656303     59.20092696
  172     71.34069807     52.33662362     56.92215181
  173     70.79774019     77.44479273     58.72516073
  174     70.34075780     75.87438202     57.27732533
  175     69.85755933     48.01915704     60.52860806
  176     73.57110352     77.31339408     59.45653403
  177     73.89068701     78.95027137     60.65912295
  178     74.84916165     77.41249322     57.72174813
  179     73.50351579     74.83387677     61.12839618
  180     72.23847874     73.23599269     60.44114268
  181     73.14701194     75.21667332     63.19391642
  182     76.00357894     73.13247092     61.22553363
  183     76.59567379     72.22761303     59.54545679
  184     75.38391276     71.50548584     62.36031207
  185     71.56698973     50.67689676     49.46620830
  186     71.82518857     48.69107983     49.06029939
  187     69.86719781     51.12697949     48.16346479
  188     73.34262793     51.83115679     77.85789377
  189     78.32677485     74.08756763     62.39354527
  190     78.13469862     75.18400566     64.07155263
  191     79.83299646     72.56841964     62.71282698
  192     79.25128092     75.48219191     61.18823758
  193     71.73445209     38.20163767     85.96955365
  194     70.20605440     37.94796180     84.51265650
  195     72.72168726     65.37461113     85.80988856
  196     73.63153927     40.26622902     85.12023028
  197     75.47739410     39.70298326     85.80445493
  198     72.95740480     71.04835275     85.62795447
  199     74.10195694     40.09651685     82.15215355
  200     75.29156251     41.71522765     81.60175170
  201     72.47224412     40.46893161     80.91155074
  202     92.23364099     37.01787945     71.12716021
  203     77.05335459     15.30773032     71.13739298
  204     78.27994813     15.27737493     72.06481448
  205     75.06299065     37.50208487     80.94668160
  206     73.37665321     36.38507024     80.33148266
  207     76.07090890     36.24246293     82.34120357
  208     77.04663960     37.91132154     78.79859239
  209     76.95711646     35.99344574     77.86170207
  210     78.89031796     38.21849944     79.52654217
  211     76.83690769     68.89688627     76.60384551
  212     78.72034243     68.90673152     75.26635808
  213     76.91557025     70.67952858     77.64938969
  214     74.34778655     68.64989242     75.10354587
  215     73.23752588     67.23141317     75.68901252
  216     74.93909201     68.13000482     73.16350582
  217     70.52086845     38.78820140     88.59025291
  218     69.41920319     40.50880710     59.56226183
  219     69.19933125     37.44629862     60.23973421
  220     71.85385215     38.93646250     90.32702651
  221     72.81085824     70.98697417     74.37048762
  222     71.75613244     70.77598508     72.56068248
  223     71.39580541     71.64042571     75.62815300
  224     73.96929251     72.60180861     73.98142229
  225     50.16463658     87.69967035     58.33313899
  226     50.22509647     86.81933261     56.38829305
  227     48.36487561     87.10830277     59.17170309
  228     52.04654821     57.93725316     60.35905029
  229     51.16737765     58.33688552     62.28293961
  230     53.75314364     59.02102832     59.96456782
  231     52.61101897     84.25025654     60.14186940
  232     53.85292186     83.95288019     58.56669502
  233     50.92318922     83.10965745     59.49020705
  234     53.64005911     82.93693633     62.41991342
  235     53.33454298     81.00971952     61.95112567
  236     52.46653078     83.14895240     64.16998295
  237     56.61252470     83.83733096     62.99322743
  238     57.24024008     82.40508897     64.56793861
  239     56.49491821     56.70666853     64.22253034
  240     58.42922740     84.14447081     60.86831750
  241     58.69901798     57.15100568     60.30323496
  242     57.28639865     54.31355752     59.30753565
  243     61.20943987     83.26309338     61.02210351
  244     62.09157667     84.45368151     62.59893891
  245     62.24988504     83.92077951     59.19814244
  246     61.53784200     80.47315982     61.89763431
  247     60.48404527     79.07704342     60.60159909
  248     60.65920099     80.04987005     63.81043550
  249     50.26754742     61.60744074     57.46055026
  250     48.25843249     62.07962655     57.25646682
  251     50.64421789     62.72465661     59.08522306
  252     51.38207326     61.90263307     55.76740869
  253     64.46922779     79.84186110     62.27982496
  254     64.74230936     77.83798896     61.73261702
  255     65.71850090     80.89471899     61.08224055
  256     65.12784656     79.99321898     93.16165979
  257     83.18829231     64.12246906     70.34327617
  258     81.78937378     62.32210012     70.57697498
  259     83.65837229     63.61743606     68.45898618
  260     81.86768989     66.67158276     70.27332744
  261     82.50130745     68.15166028     68.79112977
  262     82.27907410     67.66531571     72.11146792
  263     78.80694561     66.09181505     69.64080733
  264     77.81416084     67.16618673     70.93578383
  265     77.87441557     64.25831417     69.69502722
  266     78.43303506     66.73162829     66.93399673
  267     79.53546133     65.31557437     65.75259493
  268     78.77549907     68.79370574     66.51862085
  269     75.45812242     66.87579987     66.16969055
  270     75.54714556     68.19381828     64.55890493
  271     74.44482580     68.16622406     67.50161697
  272     73.94661517     64.49752929     65.77694674
  273     75.14369702     62.81275688     65.75592039
  274     73.16265030     64.83514551     63.79410609
  275     71.53264261     64.23968432     67.53563023
  276     70.29082373     62.76869957     66.72938311
  277     70.59483427     65.96897822     67.83466163
  278     72.35175767     63.34140739     70.16958930
  279     73.85232040     64.52905238     70.86940770
  280     73.11100075     61.44271226     69.99483393
  281     85.36186121     63.61639555     72.32484751
  282     86.09024097     61.89949838     71.53449941
  283     86.89261159     65.08214881     72.51782467
  284     84.66265611     63.25266583     74.25883379
  285     70.31832687     63.44747526     72.12261838
  286     70.75732085     62.31399929     73.78554522
  287     69.59079671     65.41782741     72.55767592
  288     68.85581328     62.63025132     70.95710500
  289     60.42727704     63.28869804     80.87365413
  290     61.45950688     61.50322490     80.04836295
  291     58.60556427     62.82713566     81.51801714
  292     62.08739892     64.52449715     82.92381169
  293     61.19347309     66.34836080     83.50181500
  294     64.02934038     64.86358267     82.28399345
  295     62.21500947     63.00887076     85.37895480
  296     60.48842736     62.06044867     85.88122152
  297     62.65504947     64.31363417     57.91150654
  298     64.54060216     61.09272159     56.66738996
  299     64.12570196     60.02454124     87.44595189
  300     66.20229607     62.41590057     56.92953910
  301     64.68991564     59.15168458     54.44263415
  302     62.68125207     59.06645162     53.41999853
  303     64.83918736     57.28700653     84.38609850
  304     66.91587857     59.71053639     52.60901211
  305     68.44553227     59.92845172     53.86367388
  306     66.81782246     61.55038182     51.69309625
  307     67.76195598     57.76206770     50.53442178
  308     68.08194687     55.80017870     51.55168213
  309     69.71887049     58.05056874     49.85056126
  310     65.68122437     57.24846947     48.49443043
  311     63.91551899     57.96361046     49.41984753
  312     65.35115365     55.31148417     48.40537734
  313     59.91663018     65.13864504     78.71485759
  314     58.72761124     64.07900658     77.28855366
  315     58.88819849     66.73387867     79.47022543
  316     61.59530409     66.09853858     78.06761967
  317     66.13838904     58.42403486     45.93065473
  318     66.73515612     60.35874534     45.90967056
  319     67.59898444     57.41281069     44.77249692
  320     64.30146364     58.07902085     44.87502428
  321     67.98609433     73.64446925     37.51233393
  322     68.62245896     75.02026756     36.03630853
  323     66.58807426     74.45338619     38.68721959
  324     66.82733284     71.55710017     64.87359335
  325     68.49594089     71.24137540     63.66336230
  326     65.49888732     72.34007148     63.48190268
  327     65.88435093     69.13957266     66.06504078
  328     67.67806260     68.00649201     66.92817676
  329     64.81686509     67.57563437     64.78612639
  330     64.11950486     69.63999017     68.29849902
  331     62.63815639     70.94937960     67.57239939
  332     64.89347147     70.71133593     70.00412166
  333     62.82556579     67.14832698     69.05360445
  334     64.55106359     67.13411374     72.46496491
  335     63.12305595     63.91275584     71.42856186
  336     60.81271129     66.06966172     67.23053420
  337     60.95281272     67.17402087     65.37331390
  338     59.13071053     66.68838754     68.31695495
  339     60.54519621     63.12456576     67.06544442
  340     58.44115491     63.01718843     66.61352724
  341     60.86458166     61.93850537     68.75454453
  342     61.97929131     61.94648249     64.75346783
  343     60.91862001     62.01887836     63.02360557
  344     62.32633975     59.87636436     65.31177272
  345     70.37309610     72.69026495     38.64151285
  346     69.87430836     70.71041302     39.30159058
  347     72.04735177     72.32898558     37.43221511
  348     71.38135828     73.95877066     40.21810131
  349     64.71319975     62.81080013     63.88925766
  350     64.37829947     64.53904481     62.47550654
  351     66.19960176     63.45004972     65.18366226
  352     65.08750358     61.24679690     62.52513094
 
 Total charge:     0.00000000

 Atomic gross charges (e)
 Atom           Charge
    1      -0.09166178
    2       0.05038985
    3       0.06694959
    4      -0.13157371
    5       0.06523068
    6       0.05420506
    7      -0.10655266
    8       0.04791291
    9       0.02782916
   10      -0.10585157
   11       0.06562156
   12       0.07231097
   13      -0.10229976
   14       0.03584191
   15       0.05648617
   16      -0.10111263
   17       0.06981008
   18       0.04580469
   19      -0.11439107
   20       0.06107265
   21       0.06305630
   22      -0.11047726
   23       0.06224493
   24       0.05691151
   25      -0.20344311
   26       0.05285048
   27       0.06147612
   28       0.07037336
   29      -0.18535306
   30       0.05857353
   31       0.05223922
   32       0.05816809
   33      -0.09161569
   34       0.06225743
   35       0.03677064
   36      -0.08970456
   37       0.06182200
   38       0.06314400
   39      -0.11550121
   40       0.05756813
   41       0.03437483
   42      -0.11333403
   43       0.06664993
   44       0.07191891
   45      -0.12691782
   46       0.04924871
   47       0.06038208
   48      -0.10774623
   49       0.07435699
   50       0.05102251
   51      -0.12605976
   52       0.05191799
   53       0.06256585
   54      -0.11831289
   55       0.05759010
   56       0.05333753
   57      -0.20123160
   58       0.07377456
   59       0.05852987
   60       0.05040668
   61      -0.18865040
   62       0.07283400
   63       0.05248749
   64       0.05314053
   65      -0.08634830
   66       0.05941037
   67       0.03877306
   68      -0.09669687
   69       0.05984925
   70       0.04052528
   71      -0.08587632
   72       0.04791692
   73       0.04861483
   74      -0.10807548
   75       0.05550573
   76       0.04457091
   77      -0.10874190
   78       0.05564168
   79       0.06954345
   80      -0.06767871
   81       0.03863658
   82       0.03726331
   83      -0.11159345
   84       0.04337239
   85       0.03594355
   86      -0.10203393
   87       0.05863316
   88       0.05104399
   89      -0.21462021
   90       0.05508232
   91       0.06121491
   92       0.08161668
   93      -0.17721852
   94       0.06120253
   95       0.06904539
   96       0.04264613
   97      -0.10677708
   98       0.07133852
   99       0.06078958
  100      -0.12309111
  101       0.06271101
  102       0.05046057
  103      -0.12923182
  104       0.06894080
  105       0.05974559
  106      -0.11096529
  107       0.06469796
  108       0.05845618
  109      -0.09123361
  110       0.03822985
  111       0.02732244
  112      -0.11691684
  113       0.06383519
  114       0.06516892
  115      -0.13910011
  116       0.06723126
  117       0.05079665
  118      -0.08637914
  119       0.04718784
  120       0.06116908
  121      -0.21121632
  122       0.06461299
  123       0.08979234
  124       0.04646781
  125      -0.17565680
  126       0.06280481
  127       0.04219836
  128       0.06526773
  129      -0.07241006
  130       0.05838188
  131       0.03798529
  132      -0.13177006
  133       0.06651278
  134       0.05875816
  135      -0.14373481
  136       0.06958309
  137       0.07361997
  138      -0.13047645
  139       0.06848311
  140       0.03598695
  141      -0.09419618
  142       0.04145350
  143       0.05981928
  144      -0.07692728
  145       0.05091480
  146       0.05800144
  147      -0.14067176
  148       0.05734881
  149       0.07092267
  150      -0.07452208
  151       0.04860344
  152       0.04950105
  153      -0.18820504
  154       0.06908789
  155       0.05959296
  156       0.04322098
  157      -0.20085228
  158       0.04962923
  159       0.06618351
  160       0.06288202
  161      -0.08897219
  162       0.06614438
  163       0.04017623
  164      -0.11925426
  165       0.06406256
  166       0.05883797
  167      -0.10684411
  168       0.06148162
  169       0.04156779
  170      -0.12566980
  171       0.05415915
  172       0.07573206
  173      -0.10553176
  174       0.05188625
  175       0.05616810
  176      -0.10743313
  177       0.06600299
  178       0.06328478
  179      -0.10885034
  180       0.05637137
  181       0.06284545
  182      -0.11880313
  183       0.06768991
  184       0.04265419
  185      -0.19705675
  186       0.06809756
  187       0.04979138
  188       0.05502044
  189      -0.18860637
  190       0.06676002
  191       0.04921054
  192       0.05123695
  193      -0.09593097
  194       0.04885006
  195       0.05997648
  196      -0.12205717
  197       0.07130904
  198       0.08172060
  199      -0.14537417
  200       0.05776898
  201       0.06018602
  202      -0.27204211
  203      -0.00220794
  204       0.00306374
  205      -0.09022105
  206       0.05182376
  207       0.04812842
  208      -0.12541491
  209       0.04258439
  210       0.06753483
  211      -0.08903197
  212       0.03443169
  213       0.05906956
  214      -0.11209993
  215       0.08706580
  216       0.05003872
  217      -0.20820182
  218       0.06686295
  219       0.07038076
  220       0.05495300
  221      -0.21059809
  222       0.05339628
  223       0.06647792
  224       0.06486582
  225      -0.12154535
  226       0.05183259
  227       0.05779311
  228      -0.08582789
  229       0.04976428
  230       0.06069560
  231      -0.08698088
  232       0.05772405
  233       0.03300188
  234      -0.13897621
  235       0.06714716
  236       0.06171454
  237      -0.08613259
  238       0.03520517
  239       0.03406506
  240      -0.10415740
  241       0.05347116
  242       0.05640645
  243      -0.08319453
  244       0.04261958
  245       0.05175975
  246      -0.08636522
  247       0.04943344
  248       0.05428082
  249      -0.23381299
  250       0.06201408
  251       0.07758985
  252       0.08522440
  253      -0.22513695
  254       0.05551061
  255       0.07519078
  256       0.07598907
  257      -0.09220444
  258       0.02903024
  259       0.06219697
  260      -0.10087082
  261       0.05118533
  262       0.05490381
  263      -0.15176068
  264       0.07624798
  265       0.08419859
  266      -0.10687360
  267       0.05993528
  268       0.05308402
  269      -0.12990659
  270       0.04846963
  271       0.05155915
  272      -0.10046109
  273       0.07001570
  274       0.04214120
  275      -0.12396313
  276       0.05704043
  277       0.07988799
  278      -0.10953024
  279       0.05494929
  280       0.05799297
  281      -0.21282780
  282       0.07186310
  283       0.07234346
  284       0.06662142
  285      -0.21649613
  286       0.07433646
  287       0.06370442
  288       0.06939351
  289      -0.10065436
  290       0.04655913
  291       0.07030703
  292      -0.09869782
  293       0.04898400
  294       0.06520192
  295      -0.13643415
  296       0.06465498
  297       0.05468089
  298      -0.11654327
  299       0.04710734
  300       0.05823488
  301      -0.08282827
  302       0.04099228
  303       0.05100128
  304      -0.11890893
  305       0.05983802
  306       0.06323051
  307      -0.10842917
  308       0.02493585
  309       0.06391635
  310      -0.10163822
  311       0.05177633
  312       0.07214046
  313      -0.21634929
  314       0.06554052
  315       0.06039312
  316       0.07566860
  317      -0.19161130
  318       0.07915825
  319       0.05394275
  320       0.05292378
  321      -0.08501208
  322       0.04311354
  323       0.07818165
  324      -0.11293111
  325       0.04880483
  326       0.05357943
  327      -0.06890874
  328       0.02725624
  329       0.05328218
  330      -0.09520469
  331       0.04694633
  332       0.05959030
  333       0.04178957
  334       0.06188003
  335       0.10107183
  336      -0.10693134
  337       0.06288637
  338       0.06648190
  339      -0.09493687
  340       0.04194179
  341       0.07544910
  342      -0.10397835
  343       0.06874434
  344       0.03827654
  345      -0.18496083
  346       0.06033175
  347       0.06139412
  348       0.04205878
  349      -0.19972331
  350       0.02865169
  351       0.09361098
  352       0.06799051
 
Nr. of electrons (up):    682.00000000
Atom populations (up)
 Atom       Population
    1       4.09166178
    2       0.94961015
    3       0.93305041
    4       4.13157371
    5       0.93476932
    6       0.94579494
    7       4.10655266
    8       0.95208709
    9       0.97217084
   10       4.10585157
   11       0.93437844
   12       0.92768903
   13       4.10229976
   14       0.96415809
   15       0.94351383
   16       4.10111263
   17       0.93018992
   18       0.95419531
   19       4.11439107
   20       0.93892735
   21       0.93694370
   22       4.11047726
   23       0.93775507
   24       0.94308849
   25       4.20344311
   26       0.94714952
   27       0.93852388
   28       0.92962664
   29       4.18535306
   30       0.94142647
   31       0.94776078
   32       0.94183191
   33       4.09161569
   34       0.93774257
   35       0.96322936
   36       4.08970456
   37       0.93817800
   38       0.93685600
   39       4.11550121
   40       0.94243187
   41       0.96562517
   42       4.11333403
   43       0.93335007
   44       0.92808109
   45       4.12691782
   46       0.95075129
   47       0.93961792
   48       4.10774623
   49       0.92564301
   50       0.94897749
   51       4.12605976
   52       0.94808201
   53       0.93743415
   54       4.11831289
   55       0.94240990
   56       0.94666247
   57       4.20123160
   58       0.92622544
   59       0.94147013
   60       0.94959332
   61       4.18865040
   62       0.92716600
   63       0.94751251
   64       0.94685947
   65       4.08634830
   66       0.94058963
   67       0.96122694
   68       4.09669687
   69       0.94015075
   70       0.95947472
   71       4.08587632
   72       0.95208308
   73       0.95138517
   74       4.10807548
   75       0.94449427
   76       0.95542909
   77       4.10874190
   78       0.94435832
   79       0.93045655
   80       4.06767871
   81       0.96136342
   82       0.96273669
   83       4.11159345
   84       0.95662761
   85       0.96405645
   86       4.10203393
   87       0.94136684
   88       0.94895601
   89       4.21462021
   90       0.94491768
   91       0.93878509
   92       0.91838332
   93       4.17721852
   94       0.93879747
   95       0.93095461
   96       0.95735387
   97       4.10677708
   98       0.92866148
   99       0.93921042
  100       4.12309111
  101       0.93728899
  102       0.94953943
  103       4.12923182
  104       0.93105920
  105       0.94025441
  106       4.11096529
  107       0.93530204
  108       0.94154382
  109       4.09123361
  110       0.96177015
  111       0.97267756
  112       4.11691684
  113       0.93616481
  114       0.93483108
  115       4.13910011
  116       0.93276874
  117       0.94920335
  118       4.08637914
  119       0.95281216
  120       0.93883092
  121       4.21121632
  122       0.93538701
  123       0.91020766
  124       0.95353219
  125       4.17565680
  126       0.93719519
  127       0.95780164
  128       0.93473227
  129       4.07241006
  130       0.94161812
  131       0.96201471
  132       4.13177006
  133       0.93348722
  134       0.94124184
  135       4.14373481
  136       0.93041691
  137       0.92638003
  138       4.13047645
  139       0.93151689
  140       0.96401305
  141       4.09419618
  142       0.95854650
  143       0.94018072
  144       4.07692728
  145       0.94908520
  146       0.94199856
  147       4.14067176
  148       0.94265119
  149       0.92907733
  150       4.07452208
  151       0.95139656
  152       0.95049895
  153       4.18820504
  154       0.93091211
  155       0.94040704
  156       0.95677902
  157       4.20085228
  158       0.95037077
  159       0.93381649
  160       0.93711798
  161       4.08897219
  162       0.93385562
  163       0.95982377
  164       4.11925426
  165       0.93593744
  166       0.94116203
  167       4.10684411
  168       0.93851838
  169       0.95843221
  170       4.12566980
  171       0.94584085
  172       0.92426794
  173       4.10553176
  174       0.94811375
  175       0.94383190
  176       4.10743313
  177       0.93399701
  178       0.93671522
  179       4.10885034
  180       0.94362863
  181       0.93715455
  182       4.11880313
  183       0.93231009
  184       0.95734581
  185       4.19705675
  186       0.93190244
  187       0.95020862
  188       0.94497956
  189       4.18860637
  190       0.93323998
  191       0.95078946
  192       0.94876305
  193       4.09593097
  194       0.95114994
  195       0.94002352
  196       4.12205717
  197       0.92869096
  198       0.91827940
  199       4.14537417
  200       0.94223102
  201       0.93981398
  202       4.27204211
  203       1.00220794
  204       0.99693626
  205       4.09022105
  206       0.94817624
  207       0.95187158
  208       4.12541491
  209       0.95741561
  210       0.93246517
  211       4.08903197
  212       0.96556831
  213       0.94093044
  214       4.11209993
  215       0.91293420
  216       0.94996128
  217       4.20820182
  218       0.93313705
  219       0.92961924
  220       0.94504700
  221       4.21059809
  222       0.94660372
  223       0.93352208
  224       0.93513418
  225       4.12154535
  226       0.94816741
  227       0.94220689
  228       4.08582789
  229       0.95023572
  230       0.93930440
  231       4.08698088
  232       0.94227595
  233       0.96699812
  234       4.13897621
  235       0.93285284
  236       0.93828546
  237       4.08613259
  238       0.96479483
  239       0.96593494
  240       4.10415740
  241       0.94652884
  242       0.94359355
  243       4.08319453
  244       0.95738042
  245       0.94824025
  246       4.08636522
  247       0.95056656
  248       0.94571918
  249       4.23381299
  250       0.93798592
  251       0.92241015
  252       0.91477560
  253       4.22513695
  254       0.94448939
  255       0.92480922
  256       0.92401093
  257       4.09220444
  258       0.97096976
  259       0.93780303
  260       4.10087082
  261       0.94881467
  262       0.94509619
  263       4.15176068
  264       0.92375202
  265       0.91580141
  266       4.10687360
  267       0.94006472
  268       0.94691598
  269       4.12990659
  270       0.95153037
  271       0.94844085
  272       4.10046109
  273       0.92998430
  274       0.95785880
  275       4.12396313
  276       0.94295957
  277       0.92011201
  278       4.10953024
  279       0.94505071
  280       0.94200703
  281       4.21282780
  282       0.92813690
  283       0.92765654
  284       0.93337858
  285       4.21649613
  286       0.92566354
  287       0.93629558
  288       0.93060649
  289       4.10065436
  290       0.95344087
  291       0.92969297
  292       4.09869782
  293       0.95101600
  294       0.93479808
  295       4.13643415
  296       0.93534502
  297       0.94531911
  298       4.11654327
  299       0.95289266
  300       0.94176512
  301       4.08282827
  302       0.95900772
  303       0.94899872
  304       4.11890893
  305       0.94016198
  306       0.93676949
  307       4.10842917
  308       0.97506415
  309       0.93608365
  310       4.10163822
  311       0.94822367
  312       0.92785954
  313       4.21634929
  314       0.93445948
  315       0.93960688
  316       0.92433140
  317       4.19161130
  318       0.92084175
  319       0.94605725
  320       0.94707622
  321       4.08501208
  322       0.95688646
  323       0.92181835
  324       4.11293111
  325       0.95119517
  326       0.94642057
  327       4.06890874
  328       0.97274376
  329       0.94671782
  330       4.09520469
  331       0.95305367
  332       0.94040970
  333       3.95821043
  334       0.93811997
  335       0.89892817
  336       4.10693134
  337       0.93711363
  338       0.93351810
  339       4.09493687
  340       0.95805821
  341       0.92455090
  342       4.10397835
  343       0.93125566
  344       0.96172346
  345       4.18496083
  346       0.93966825
  347       0.93860588
  348       0.95794122
  349       4.19972331
  350       0.97134831
  351       0.90638902
  352       0.93200949
 
l-shell populations (up)
 Atom Sh.   l       Population
    1   1   0       1.23411732
    1   2   1       2.85754446
    2   1   0       0.94961015
    3   1   0       0.93305041
    4   1   0       1.23605242
    4   2   1       2.89552128
    5   1   0       0.93476932
    6   1   0       0.94579494
    7   1   0       1.25736541
    7   2   1       2.84918725
    8   1   0       0.95208709
    9   1   0       0.97217084
   10   1   0       1.23180269
   10   2   1       2.87404888
   11   1   0       0.93437844
   12   1   0       0.92768903
   13   1   0       1.25010793
   13   2   1       2.85219183
   14   1   0       0.96415809
   15   1   0       0.94351383
   16   1   0       1.23533190
   16   2   1       2.86578073
   17   1   0       0.93018992
   18   1   0       0.95419531
   19   1   0       1.23310623
   19   2   1       2.88128485
   20   1   0       0.93892735
   21   1   0       0.93694370
   22   1   0       1.24278038
   22   2   1       2.86769688
   23   1   0       0.93775507
   24   1   0       0.94308849
   25   1   0       1.27458468
   25   2   1       2.92885843
   26   1   0       0.94714952
   27   1   0       0.93852388
   28   1   0       0.92962664
   29   1   0       1.27168427
   29   2   1       2.91366880
   30   1   0       0.94142647
   31   1   0       0.94776078
   32   1   0       0.94183191
   33   1   0       1.21586696
   33   2   1       2.87574873
   34   1   0       0.93774257
   35   1   0       0.96322936
   36   1   0       1.21085010
   36   2   1       2.87885446
   37   1   0       0.93817800
   38   1   0       0.93685600
   39   1   0       1.27148101
   39   2   1       2.84402020
   40   1   0       0.94243187
   41   1   0       0.96562517
   42   1   0       1.26196374
   42   2   1       2.85137028
   43   1   0       0.93335007
   44   1   0       0.92808109
   45   1   0       1.24725896
   45   2   1       2.87965887
   46   1   0       0.95075129
   47   1   0       0.93961792
   48   1   0       1.23782071
   48   2   1       2.86992552
   49   1   0       0.92564301
   50   1   0       0.94897749
   51   1   0       1.25441879
   51   2   1       2.87164098
   52   1   0       0.94808201
   53   1   0       0.93743415
   54   1   0       1.24558537
   54   2   1       2.87272752
   55   1   0       0.94240990
   56   1   0       0.94666247
   57   1   0       1.28281459
   57   2   1       2.91841700
   58   1   0       0.92622544
   59   1   0       0.94147013
   60   1   0       0.94959332
   61   1   0       1.26980561
   61   2   1       2.91884479
   62   1   0       0.92716600
   63   1   0       0.94751251
   64   1   0       0.94685947
   65   1   0       1.22344450
   65   2   1       2.86290380
   66   1   0       0.94058963
   67   1   0       0.96122694
   68   1   0       1.23869351
   68   2   1       2.85800336
   69   1   0       0.94015075
   70   1   0       0.95947472
   71   1   0       1.25218288
   71   2   1       2.83369344
   72   1   0       0.95208308
   73   1   0       0.95138517
   74   1   0       1.24973049
   74   2   1       2.85834499
   75   1   0       0.94449427
   76   1   0       0.95542909
   77   1   0       1.22969886
   77   2   1       2.87904304
   78   1   0       0.94435832
   79   1   0       0.93045655
   80   1   0       1.22784697
   80   2   1       2.83983174
   81   1   0       0.96136342
   82   1   0       0.96273669
   83   1   0       1.25486721
   83   2   1       2.85672625
   84   1   0       0.95662761
   85   1   0       0.96405645
   86   1   0       1.24152503
   86   2   1       2.86050890
   87   1   0       0.94136684
   88   1   0       0.94895601
   89   1   0       1.26004728
   89   2   1       2.95457294
   90   1   0       0.94491768
   91   1   0       0.93878509
   92   1   0       0.91838332
   93   1   0       1.26750832
   93   2   1       2.90971020
   94   1   0       0.93879747
   95   1   0       0.93095461
   96   1   0       0.95735387
   97   1   0       1.24046454
   97   2   1       2.86631254
   98   1   0       0.92866148
   99   1   0       0.93921042
  100   1   0       1.26313422
  100   2   1       2.85995689
  101   1   0       0.93728899
  102   1   0       0.94953943
  103   1   0       1.24916118
  103   2   1       2.88007064
  104   1   0       0.93105920
  105   1   0       0.94025441
  106   1   0       1.23587973
  106   2   1       2.87508556
  107   1   0       0.93530204
  108   1   0       0.94154382
  109   1   0       1.24823965
  109   2   1       2.84299396
  110   1   0       0.96177015
  111   1   0       0.97267756
  112   1   0       1.23748863
  112   2   1       2.87942822
  113   1   0       0.93616481
  114   1   0       0.93483108
  115   1   0       1.25664295
  115   2   1       2.88245716
  116   1   0       0.93276874
  117   1   0       0.94920335
  118   1   0       1.23713523
  118   2   1       2.84924391
  119   1   0       0.95281216
  120   1   0       0.93883092
  121   1   0       1.27481388
  121   2   1       2.93640244
  122   1   0       0.93538701
  123   1   0       0.91020766
  124   1   0       0.95353219
  125   1   0       1.25734445
  125   2   1       2.91831235
  126   1   0       0.93719519
  127   1   0       0.95780164
  128   1   0       0.93473227
  129   1   0       1.22058411
  129   2   1       2.85182595
  130   1   0       0.94161812
  131   1   0       0.96201471
  132   1   0       1.24848644
  132   2   1       2.88328362
  133   1   0       0.93348722
  134   1   0       0.94124184
  135   1   0       1.25924366
  135   2   1       2.88449116
  136   1   0       0.93041691
  137   1   0       0.92638003
  138   1   0       1.27361141
  138   2   1       2.85686504
  139   1   0       0.93151689
  140   1   0       0.96401305
  141   1   0       1.24190473
  141   2   1       2.85229145
  142   1   0       0.95854650
  143   1   0       0.94018072
  144   1   0       1.24021334
  144   2   1       2.83671394
  145   1   0       0.94908520
  146   1   0       0.94199856
  147   1   0       1.22860045
  147   2   1       2.91207131
  148   1   0       0.94265119
  149   1   0       0.92907733
  150   1   0       1.22533429
  150   2   1       2.84918779
  151   1   0       0.95139656
  152   1   0       0.95049895
  153   1   0       1.25765508
  153   2   1       2.93054995
  154   1   0       0.93091211
  155   1   0       0.94040704
  156   1   0       0.95677902
  157   1   0       1.25893545
  157   2   1       2.94191684
  158   1   0       0.95037077
  159   1   0       0.93381649
  160   1   0       0.93711798
  161   1   0       1.24690249
  161   2   1       2.84206971
  162   1   0       0.93385562
  163   1   0       0.95982377
  164   1   0       1.23283660
  164   2   1       2.88641767
  165   1   0       0.93593744
  166   1   0       0.94116203
  167   1   0       1.24784220
  167   2   1       2.85900192
  168   1   0       0.93851838
  169   1   0       0.95843221
  170   1   0       1.24194985
  170   2   1       2.88371995
  171   1   0       0.94584085
  172   1   0       0.92426794
  173   1   0       1.24823523
  173   2   1       2.85729653
  174   1   0       0.94811375
  175   1   0       0.94383190
  176   1   0       1.24490372
  176   2   1       2.86252942
  177   1   0       0.93399701
  178   1   0       0.93671522
  179   1   0       1.26897703
  179   2   1       2.83987331
  180   1   0       0.94362863
  181   1   0       0.93715455
  182   1   0       1.22554540
  182   2   1       2.89325773
  183   1   0       0.93231009
  184   1   0       0.95734581
  185   1   0       1.28355323
  185   2   1       2.91350352
  186   1   0       0.93190244
  187   1   0       0.95020862
  188   1   0       0.94497956
  189   1   0       1.24740604
  189   2   1       2.94120033
  190   1   0       0.93323998
  191   1   0       0.95078946
  192   1   0       0.94876305
  193   1   0       1.23745503
  193   2   1       2.85847595
  194   1   0       0.95114994
  195   1   0       0.94002352
  196   1   0       1.24199559
  196   2   1       2.88006158
  197   1   0       0.92869096
  198   1   0       0.91827940
  199   1   0       1.26011066
  199   2   1       2.88526351
  200   1   0       0.94223102
  201   1   0       0.93981398
  202   1   0       1.26630378
  202   2   1       3.00573834
  203   1   0       1.00220794
  204   1   0       0.99693626
  205   1   0       1.25539364
  205   2   1       2.83482741
  206   1   0       0.94817624
  207   1   0       0.95187158
  208   1   0       1.24630283
  208   2   1       2.87911208
  209   1   0       0.95741561
  210   1   0       0.93246517
  211   1   0       1.25696354
  211   2   1       2.83206842
  212   1   0       0.96556831
  213   1   0       0.94093044
  214   1   0       1.21594938
  214   2   1       2.89615056
  215   1   0       0.91293420
  216   1   0       0.94996128
  217   1   0       1.26684833
  217   2   1       2.94135349
  218   1   0       0.93313705
  219   1   0       0.92961924
  220   1   0       0.94504700
  221   1   0       1.25638158
  221   2   1       2.95421650
  222   1   0       0.94660372
  223   1   0       0.93352208
  224   1   0       0.93513418
  225   1   0       1.24525957
  225   2   1       2.87628577
  226   1   0       0.94816741
  227   1   0       0.94220689
  228   1   0       1.21372664
  228   2   1       2.87210125
  229   1   0       0.95023572
  230   1   0       0.93930440
  231   1   0       1.20401266
  231   2   1       2.88296822
  232   1   0       0.94227595
  233   1   0       0.96699812
  234   1   0       1.25320030
  234   2   1       2.88577591
  235   1   0       0.93285284
  236   1   0       0.93828546
  237   1   0       1.26168104
  237   2   1       2.82445155
  238   1   0       0.96479483
  239   1   0       0.96593494
  240   1   0       1.22172416
  240   2   1       2.88243324
  241   1   0       0.94652884
  242   1   0       0.94359355
  243   1   0       1.25214242
  243   2   1       2.83105211
  244   1   0       0.95738042
  245   1   0       0.94824025
  246   1   0       1.25686128
  246   2   1       2.82950395
  247   1   0       0.95056656
  248   1   0       0.94571918
  249   1   0       1.27105953
  249   2   1       2.96275346
  250   1   0       0.93798592
  251   1   0       0.92241015
  252   1   0       0.91477560
  253   1   0       1.27393297
  253   2   1       2.95120397
  254   1   0       0.94448939
  255   1   0       0.92480922
  256   1   0       0.92401093
  257   1   0       1.24171353
  257   2   1       2.85049091
  258   1   0       0.97096976
  259   1   0       0.93780303
  260   1   0       1.26882083
  260   2   1       2.83204999
  261   1   0       0.94881467
  262   1   0       0.94509619
  263   1   0       1.24482585
  263   2   1       2.90693483
  264   1   0       0.92375202
  265   1   0       0.91580141
  266   1   0       1.25213767
  266   2   1       2.85473593
  267   1   0       0.94006472
  268   1   0       0.94691598
  269   1   0       1.25132282
  269   2   1       2.87858376
  270   1   0       0.95153037
  271   1   0       0.94844085
  272   1   0       1.23936968
  272   2   1       2.86109141
  273   1   0       0.92998430
  274   1   0       0.95785880
  275   1   0       1.24209582
  275   2   1       2.88186731
  276   1   0       0.94295957
  277   1   0       0.92011201
  278   1   0       1.21990518
  278   2   1       2.88962507
  279   1   0       0.94505071
  280   1   0       0.94200703
  281   1   0       1.27501668
  281   2   1       2.93781112
  282   1   0       0.92813690
  283   1   0       0.92765654
  284   1   0       0.93337858
  285   1   0       1.25957598
  285   2   1       2.95692016
  286   1   0       0.92566354
  287   1   0       0.93629558
  288   1   0       0.93060649
  289   1   0       1.23561753
  289   2   1       2.86503684
  290   1   0       0.95344087
  291   1   0       0.92969297
  292   1   0       1.23390053
  292   2   1       2.86479729
  293   1   0       0.95101600
  294   1   0       0.93479808
  295   1   0       1.24215786
  295   2   1       2.89427629
  296   1   0       0.93534502
  297   1   0       0.94531911
  298   1   0       1.26534798
  298   2   1       2.85119529
  299   1   0       0.95289266
  300   1   0       0.94176512
  301   1   0       1.25355491
  301   2   1       2.82927336
  302   1   0       0.95900772
  303   1   0       0.94899872
  304   1   0       1.23364621
  304   2   1       2.88526272
  305   1   0       0.94016198
  306   1   0       0.93676949
  307   1   0       1.25838713
  307   2   1       2.85004204
  308   1   0       0.97506415
  309   1   0       0.93608365
  310   1   0       1.22568359
  310   2   1       2.87595463
  311   1   0       0.94822367
  312   1   0       0.92785954
  313   1   0       1.26534151
  313   2   1       2.95100778
  314   1   0       0.93445948
  315   1   0       0.93960688
  316   1   0       0.92433140
  317   1   0       1.26119896
  317   2   1       2.93041234
  318   1   0       0.92084175
  319   1   0       0.94605725
  320   1   0       0.94707622
  321   1   0       1.21400565
  321   2   1       2.87100643
  322   1   0       0.95688646
  323   1   0       0.92181835
  324   1   0       1.22537982
  324   2   1       2.88755128
  325   1   0       0.95119517
  326   1   0       0.94642057
  327   1   0       1.25229518
  327   2   1       2.81661356
  328   1   0       0.97274376
  329   1   0       0.94671782
  330   1   0       1.24155201
  330   2   1       2.85365268
  331   1   0       0.95305367
  332   1   0       0.94040970
  333   1   0       1.19640706
  333   2   1       2.76180337
  334   1   0       0.93811997
  335   1   0       0.89892817
  336   1   0       1.25195423
  336   2   1       2.85497711
  337   1   0       0.93711363
  338   1   0       0.93351810
  339   1   0       1.24991367
  339   2   1       2.84502320
  340   1   0       0.95805821
  341   1   0       0.92455090
  342   1   0       1.25135657
  342   2   1       2.85262178
  343   1   0       0.93125566
  344   1   0       0.96172346
  345   1   0       1.26893969
  345   2   1       2.91602114
  346   1   0       0.93966825
  347   1   0       0.93860588
  348   1   0       0.95794122
  349   1   0       1.28998006
  349   2   1       2.90974325
  350   1   0       0.97134831
  351   1   0       0.90638902
  352   1   0       0.93200949
 
Orbital populations (up)
 Atom Sh.   l   m       Population  Label
    1   1   0   0       1.23411732  s
    1   2   1  -1       0.96085068  p_y
    1   2   1   0       0.93514630  p_z
    1   2   1   1       0.96154749  p_x
    2   1   0   0       0.94961015  s
    3   1   0   0       0.93305041  s
    4   1   0   0       1.23605242  s
    4   2   1  -1       0.93004310  p_y
    4   2   1   0       0.98156015  p_z
    4   2   1   1       0.98391803  p_x
    5   1   0   0       0.93476932  s
    6   1   0   0       0.94579494  s
    7   1   0   0       1.25736541  s
    7   2   1  -1       0.92294676  p_y
    7   2   1   0       0.96224102  p_z
    7   2   1   1       0.96399948  p_x
    8   1   0   0       0.95208709  s
    9   1   0   0       0.97217084  s
   10   1   0   0       1.23180269  s
   10   2   1  -1       0.95562464  p_y
   10   2   1   0       0.94549106  p_z
   10   2   1   1       0.97293318  p_x
   11   1   0   0       0.93437844  s
   12   1   0   0       0.92768903  s
   13   1   0   0       1.25010793  s
   13   2   1  -1       0.94907350  p_y
   13   2   1   0       0.95162909  p_z
   13   2   1   1       0.95148925  p_x
   14   1   0   0       0.96415809  s
   15   1   0   0       0.94351383  s
   16   1   0   0       1.23533190  s
   16   2   1  -1       0.96365488  p_y
   16   2   1   0       0.93435014  p_z
   16   2   1   1       0.96777572  p_x
   17   1   0   0       0.93018992  s
   18   1   0   0       0.95419531  s
   19   1   0   0       1.23310623  s
   19   2   1  -1       0.96202260  p_y
   19   2   1   0       0.93407762  p_z
   19   2   1   1       0.98518462  p_x
   20   1   0   0       0.93892735  s
   21   1   0   0       0.93694370  s
   22   1   0   0       1.24278038  s
   22   2   1  -1       0.94182975  p_y
   22   2   1   0       0.93171081  p_z
   22   2   1   1       0.99415632  p_x
   23   1   0   0       0.93775507  s
   24   1   0   0       0.94308849  s
   25   1   0   0       1.27458468  s
   25   2   1  -1       1.00113973  p_y
   25   2   1   0       0.97168681  p_z
   25   2   1   1       0.95603189  p_x
   26   1   0   0       0.94714952  s
   27   1   0   0       0.93852388  s
   28   1   0   0       0.92962664  s
   29   1   0   0       1.27168427  s
   29   2   1  -1       0.98439534  p_y
   29   2   1   0       0.96570705  p_z
   29   2   1   1       0.96356640  p_x
   30   1   0   0       0.94142647  s
   31   1   0   0       0.94776078  s
   32   1   0   0       0.94183191  s
   33   1   0   0       1.21586696  s
   33   2   1  -1       0.90476364  p_y
   33   2   1   0       0.98984059  p_z
   33   2   1   1       0.98114449  p_x
   34   1   0   0       0.93774257  s
   35   1   0   0       0.96322936  s
   36   1   0   0       1.21085010  s
   36   2   1  -1       0.94132619  p_y
   36   2   1   0       0.96954265  p_z
   36   2   1   1       0.96798562  p_x
   37   1   0   0       0.93817800  s
   38   1   0   0       0.93685600  s
   39   1   0   0       1.27148101  s
   39   2   1  -1       0.95324988  p_y
   39   2   1   0       0.95052593  p_z
   39   2   1   1       0.94024439  p_x
   40   1   0   0       0.94243187  s
   41   1   0   0       0.96562517  s
   42   1   0   0       1.26196374  s
   42   2   1  -1       0.93368000  p_y
   42   2   1   0       0.95623459  p_z
   42   2   1   1       0.96145569  p_x
   43   1   0   0       0.93335007  s
   44   1   0   0       0.92808109  s
   45   1   0   0       1.24725896  s
   45   2   1  -1       0.92618983  p_y
   45   2   1   0       0.96464216  p_z
   45   2   1   1       0.98882687  p_x
   46   1   0   0       0.95075129  s
   47   1   0   0       0.93961792  s
   48   1   0   0       1.23782071  s
   48   2   1  -1       0.97164822  p_y
   48   2   1   0       0.94096447  p_z
   48   2   1   1       0.95731283  p_x
   49   1   0   0       0.92564301  s
   50   1   0   0       0.94897749  s
   51   1   0   0       1.25441879  s
   51   2   1  -1       0.96195566  p_y
   51   2   1   0       0.93642356  p_z
   51   2   1   1       0.97326176  p_x
   52   1   0   0       0.94808201  s
   53   1   0   0       0.93743415  s
   54   1   0   0       1.24558537  s
   54   2   1  -1       0.93076086  p_y
   54   2   1   0       0.94589716  p_z
   54   2   1   1       0.99606951  p_x
   55   1   0   0       0.94240990  s
   56   1   0   0       0.94666247  s
   57   1   0   0       1.28281459  s
   57   2   1  -1       0.98268261  p_y
   57   2   1   0       0.95001193  p_z
   57   2   1   1       0.98572246  p_x
   58   1   0   0       0.92622544  s
   59   1   0   0       0.94147013  s
   60   1   0   0       0.94959332  s
   61   1   0   0       1.26980561  s
   61   2   1  -1       0.95359381  p_y
   61   2   1   0       0.98216745  p_z
   61   2   1   1       0.98308353  p_x
   62   1   0   0       0.92716600  s
   63   1   0   0       0.94751251  s
   64   1   0   0       0.94685947  s
   65   1   0   0       1.22344450  s
   65   2   1  -1       0.95557075  p_y
   65   2   1   0       0.93102013  p_z
   65   2   1   1       0.97631292  p_x
   66   1   0   0       0.94058963  s
   67   1   0   0       0.96122694  s
   68   1   0   0       1.23869351  s
   68   2   1  -1       1.00614258  p_y
   68   2   1   0       0.94538114  p_z
   68   2   1   1       0.90647964  p_x
   69   1   0   0       0.94015075  s
   70   1   0   0       0.95947472  s
   71   1   0   0       1.25218288  s
   71   2   1  -1       0.93651219  p_y
   71   2   1   0       0.97319932  p_z
   71   2   1   1       0.92398193  p_x
   72   1   0   0       0.95208308  s
   73   1   0   0       0.95138517  s
   74   1   0   0       1.24973049  s
   74   2   1  -1       0.93010522  p_y
   74   2   1   0       0.95761942  p_z
   74   2   1   1       0.97062036  p_x
   75   1   0   0       0.94449427  s
   76   1   0   0       0.95542909  s
   77   1   0   0       1.22969886  s
   77   2   1  -1       0.95743670  p_y
   77   2   1   0       0.94978968  p_z
   77   2   1   1       0.97181666  p_x
   78   1   0   0       0.94435832  s
   79   1   0   0       0.93045655  s
   80   1   0   0       1.22784697  s
   80   2   1  -1       0.94260438  p_y
   80   2   1   0       0.93595425  p_z
   80   2   1   1       0.96127311  p_x
   81   1   0   0       0.96136342  s
   82   1   0   0       0.96273669  s
   83   1   0   0       1.25486721  s
   83   2   1  -1       0.93496446  p_y
   83   2   1   0       0.95813642  p_z
   83   2   1   1       0.96362537  p_x
   84   1   0   0       0.95662761  s
   85   1   0   0       0.96405645  s
   86   1   0   0       1.24152503  s
   86   2   1  -1       0.95031679  p_y
   86   2   1   0       0.94511210  p_z
   86   2   1   1       0.96508001  p_x
   87   1   0   0       0.94136684  s
   88   1   0   0       0.94895601  s
   89   1   0   0       1.26004728  s
   89   2   1  -1       0.98194924  p_y
   89   2   1   0       0.98614684  p_z
   89   2   1   1       0.98647686  p_x
   90   1   0   0       0.94491768  s
   91   1   0   0       0.93878509  s
   92   1   0   0       0.91838332  s
   93   1   0   0       1.26750832  s
   93   2   1  -1       0.96545423  p_y
   93   2   1   0       0.96183318  p_z
   93   2   1   1       0.98242279  p_x
   94   1   0   0       0.93879747  s
   95   1   0   0       0.93095461  s
   96   1   0   0       0.95735387  s
   97   1   0   0       1.24046454  s
   97   2   1  -1       0.96687056  p_y
   97   2   1   0       0.93393209  p_z
   97   2   1   1       0.96550989  p_x
   98   1   0   0       0.92866148  s
   99   1   0   0       0.93921042  s
  100   1   0   0       1.26313422  s
  100   2   1  -1       0.95048922  p_y
  100   2   1   0       0.92380521  p_z
  100   2   1   1       0.98566247  p_x
  101   1   0   0       0.93728899  s
  102   1   0   0       0.94953943  s
  103   1   0   0       1.24916118  s
  103   2   1  -1       0.96030283  p_y
  103   2   1   0       0.97472217  p_z
  103   2   1   1       0.94504563  p_x
  104   1   0   0       0.93105920  s
  105   1   0   0       0.94025441  s
  106   1   0   0       1.23587973  s
  106   2   1  -1       0.94425371  p_y
  106   2   1   0       0.98025736  p_z
  106   2   1   1       0.95057448  p_x
  107   1   0   0       0.93530204  s
  108   1   0   0       0.94154382  s
  109   1   0   0       1.24823965  s
  109   2   1  -1       0.97939601  p_y
  109   2   1   0       0.95609473  p_z
  109   2   1   1       0.90750323  p_x
  110   1   0   0       0.96177015  s
  111   1   0   0       0.97267756  s
  112   1   0   0       1.23748863  s
  112   2   1  -1       0.97369156  p_y
  112   2   1   0       0.97285306  p_z
  112   2   1   1       0.93288359  p_x
  113   1   0   0       0.93616481  s
  114   1   0   0       0.93483108  s
  115   1   0   0       1.25664295  s
  115   2   1  -1       0.94060565  p_y
  115   2   1   0       0.98276609  p_z
  115   2   1   1       0.95908541  p_x
  116   1   0   0       0.93276874  s
  117   1   0   0       0.94920335  s
  118   1   0   0       1.23713523  s
  118   2   1  -1       0.97199837  p_y
  118   2   1   0       0.93778766  p_z
  118   2   1   1       0.93945788  p_x
  119   1   0   0       0.95281216  s
  120   1   0   0       0.93883092  s
  121   1   0   0       1.27481388  s
  121   2   1  -1       0.97951358  p_y
  121   2   1   0       0.98256560  p_z
  121   2   1   1       0.97432325  p_x
  122   1   0   0       0.93538701  s
  123   1   0   0       0.91020766  s
  124   1   0   0       0.95353219  s
  125   1   0   0       1.25734445  s
  125   2   1  -1       0.98261275  p_y
  125   2   1   0       0.97303953  p_z
  125   2   1   1       0.96266007  p_x
  126   1   0   0       0.93719519  s
  127   1   0   0       0.95780164  s
  128   1   0   0       0.93473227  s
  129   1   0   0       1.22058411  s
  129   2   1  -1       0.92906695  p_y
  129   2   1   0       0.94598478  p_z
  129   2   1   1       0.97677422  p_x
  130   1   0   0       0.94161812  s
  131   1   0   0       0.96201471  s
  132   1   0   0       1.24848644  s
  132   2   1  -1       0.97208569  p_y
  132   2   1   0       0.94919338  p_z
  132   2   1   1       0.96200455  p_x
  133   1   0   0       0.93348722  s
  134   1   0   0       0.94124184  s
  135   1   0   0       1.25924366  s
  135   2   1  -1       0.94407094  p_y
  135   2   1   0       0.95662356  p_z
  135   2   1   1       0.98379667  p_x
  136   1   0   0       0.93041691  s
  137   1   0   0       0.92638003  s
  138   1   0   0       1.27361141  s
  138   2   1  -1       0.98428471  p_y
  138   2   1   0       0.92930475  p_z
  138   2   1   1       0.94327559  p_x
  139   1   0   0       0.93151689  s
  140   1   0   0       0.96401305  s
  141   1   0   0       1.24190473  s
  141   2   1  -1       0.93277544  p_y
  141   2   1   0       0.97712426  p_z
  141   2   1   1       0.94239175  p_x
  142   1   0   0       0.95854650  s
  143   1   0   0       0.94018072  s
  144   1   0   0       1.24021334  s
  144   2   1  -1       0.93958545  p_y
  144   2   1   0       0.93704108  p_z
  144   2   1   1       0.96008740  p_x
  145   1   0   0       0.94908520  s
  146   1   0   0       0.94199856  s
  147   1   0   0       1.22860045  s
  147   2   1  -1       0.98832690  p_y
  147   2   1   0       0.95901948  p_z
  147   2   1   1       0.96472493  p_x
  148   1   0   0       0.94265119  s
  149   1   0   0       0.92907733  s
  150   1   0   0       1.22533429  s
  150   2   1  -1       0.90928920  p_y
  150   2   1   0       0.97400076  p_z
  150   2   1   1       0.96589783  p_x
  151   1   0   0       0.95139656  s
  152   1   0   0       0.95049895  s
  153   1   0   0       1.25765508  s
  153   2   1  -1       0.94813048  p_y
  153   2   1   0       1.00257569  p_z
  153   2   1   1       0.97984379  p_x
  154   1   0   0       0.93091211  s
  155   1   0   0       0.94040704  s
  156   1   0   0       0.95677902  s
  157   1   0   0       1.25893545  s
  157   2   1  -1       0.95014698  p_y
  157   2   1   0       0.98824749  p_z
  157   2   1   1       1.00352237  p_x
  158   1   0   0       0.95037077  s
  159   1   0   0       0.93381649  s
  160   1   0   0       0.93711798  s
  161   1   0   0       1.24690249  s
  161   2   1  -1       0.95982773  p_y
  161   2   1   0       0.93625032  p_z
  161   2   1   1       0.94599165  p_x
  162   1   0   0       0.93385562  s
  163   1   0   0       0.95982377  s
  164   1   0   0       1.23283660  s
  164   2   1  -1       0.96667565  p_y
  164   2   1   0       0.93810576  p_z
  164   2   1   1       0.98163625  p_x
  165   1   0   0       0.93593744  s
  166   1   0   0       0.94116203  s
  167   1   0   0       1.24784220  s
  167   2   1  -1       0.98814514  p_y
  167   2   1   0       0.92995041  p_z
  167   2   1   1       0.94090637  p_x
  168   1   0   0       0.93851838  s
  169   1   0   0       0.95843221  s
  170   1   0   0       1.24194985  s
  170   2   1  -1       0.94590291  p_y
  170   2   1   0       0.97624829  p_z
  170   2   1   1       0.96156875  p_x
  171   1   0   0       0.94584085  s
  172   1   0   0       0.92426794  s
  173   1   0   0       1.24823523  s
  173   2   1  -1       0.93847131  p_y
  173   2   1   0       0.95717080  p_z
  173   2   1   1       0.96165442  p_x
  174   1   0   0       0.94811375  s
  175   1   0   0       0.94383190  s
  176   1   0   0       1.24490372  s
  176   2   1  -1       0.94728515  p_y
  176   2   1   0       0.95122190  p_z
  176   2   1   1       0.96402236  p_x
  177   1   0   0       0.93399701  s
  178   1   0   0       0.93671522  s
  179   1   0   0       1.26897703  s
  179   2   1  -1       0.90843190  p_y
  179   2   1   0       0.95351237  p_z
  179   2   1   1       0.97792904  p_x
  180   1   0   0       0.94362863  s
  181   1   0   0       0.93715455  s
  182   1   0   0       1.22554540  s
  182   2   1  -1       0.98176082  p_y
  182   2   1   0       0.99369950  p_z
  182   2   1   1       0.91779741  p_x
  183   1   0   0       0.93231009  s
  184   1   0   0       0.95734581  s
  185   1   0   0       1.28355323  s
  185   2   1  -1       0.98918672  p_y
  185   2   1   0       0.95603057  p_z
  185   2   1   1       0.96828623  p_x
  186   1   0   0       0.93190244  s
  187   1   0   0       0.95020862  s
  188   1   0   0       0.94497956  s
  189   1   0   0       1.24740604  s
  189   2   1  -1       0.97445232  p_y
  189   2   1   0       1.00111882  p_z
  189   2   1   1       0.96562919  p_x
  190   1   0   0       0.93323998  s
  191   1   0   0       0.95078946  s
  192   1   0   0       0.94876305  s
  193   1   0   0       1.23745503  s
  193   2   1  -1       0.97217747  p_y
  193   2   1   0       0.93129999  p_z
  193   2   1   1       0.95499849  p_x
  194   1   0   0       0.95114994  s
  195   1   0   0       0.94002352  s
  196   1   0   0       1.24199559  s
  196   2   1  -1       0.96508030  p_y
  196   2   1   0       0.94852631  p_z
  196   2   1   1       0.96645497  p_x
  197   1   0   0       0.92869096  s
  198   1   0   0       0.91827940  s
  199   1   0   0       1.26011066  s
  199   2   1  -1       0.94942803  p_y
  199   2   1   0       0.92267246  p_z
  199   2   1   1       1.01316303  p_x
  200   1   0   0       0.94223102  s
  201   1   0   0       0.93981398  s
  202   1   0   0       1.26630378  s
  202   2   1  -1       0.94288678  p_y
  202   2   1   0       0.99601820  p_z
  202   2   1   1       1.06683336  p_x
  203   1   0   0       1.00220794  s
  204   1   0   0       0.99693626  s
  205   1   0   0       1.25539364  s
  205   2   1  -1       0.94238206  p_y
  205   2   1   0       0.95311091  p_z
  205   2   1   1       0.93933445  p_x
  206   1   0   0       0.94817624  s
  207   1   0   0       0.95187158  s
  208   1   0   0       1.24630283  s
  208   2   1  -1       0.96508603  p_y
  208   2   1   0       0.93788538  p_z
  208   2   1   1       0.97614067  p_x
  209   1   0   0       0.95741561  s
  210   1   0   0       0.93246517  s
  211   1   0   0       1.25696354  s
  211   2   1  -1       0.98533758  p_y
  211   2   1   0       0.92313712  p_z
  211   2   1   1       0.92359372  p_x
  212   1   0   0       0.96556831  s
  213   1   0   0       0.94093044  s
  214   1   0   0       1.21594938  s
  214   2   1  -1       0.97591853  p_y
  214   2   1   0       0.98179178  p_z
  214   2   1   1       0.93844024  p_x
  215   1   0   0       0.91293420  s
  216   1   0   0       0.94996128  s
  217   1   0   0       1.26684833  s
  217   2   1  -1       1.00999866  p_y
  217   2   1   0       0.94092290  p_z
  217   2   1   1       0.99043193  p_x
  218   1   0   0       0.93313705  s
  219   1   0   0       0.92961924  s
  220   1   0   0       0.94504700  s
  221   1   0   0       1.25638158  s
  221   2   1  -1       0.97336182  p_y
  221   2   1   0       0.99669380  p_z
  221   2   1   1       0.98416087  p_x
  222   1   0   0       0.94660372  s
  223   1   0   0       0.93352208  s
  224   1   0   0       0.93513418  s
  225   1   0   0       1.24525957  s
  225   2   1  -1       0.95211801  p_y
  225   2   1   0       0.93225065  p_z
  225   2   1   1       0.99191711  p_x
  226   1   0   0       0.94816741  s
  227   1   0   0       0.94220689  s
  228   1   0   0       1.21372664  s
  228   2   1  -1       0.96283124  p_y
  228   2   1   0       0.94828933  p_z
  228   2   1   1       0.96098067  p_x
  229   1   0   0       0.95023572  s
  230   1   0   0       0.93930440  s
  231   1   0   0       1.20401266  s
  231   2   1  -1       0.94083967  p_y
  231   2   1   0       0.96394067  p_z
  231   2   1   1       0.97818787  p_x
  232   1   0   0       0.94227595  s
  233   1   0   0       0.96699812  s
  234   1   0   0       1.25320030  s
  234   2   1  -1       0.99665300  p_y
  234   2   1   0       0.95512341  p_z
  234   2   1   1       0.93399950  p_x
  235   1   0   0       0.93285284  s
  236   1   0   0       0.93828546  s
  237   1   0   0       1.26168104  s
  237   2   1  -1       0.96498336  p_y
  237   2   1   0       0.94007661  p_z
  237   2   1   1       0.91939157  p_x
  238   1   0   0       0.96479483  s
  239   1   0   0       0.96593494  s
  240   1   0   0       1.22172416  s
  240   2   1  -1       0.98891302  p_y
  240   2   1   0       0.98609806  p_z
  240   2   1   1       0.90742215  p_x
  241   1   0   0       0.94652884  s
  242   1   0   0       0.94359355  s
  243   1   0   0       1.25214242  s
  243   2   1  -1       0.93587898  p_y
  243   2   1   0       0.95538399  p_z
  243   2   1   1       0.93978914  p_x
  244   1   0   0       0.95738042  s
  245   1   0   0       0.94824025  s
  246   1   0   0       1.25686128  s
  246   2   1  -1       0.93272210  p_y
  246   2   1   0       0.97062872  p_z
  246   2   1   1       0.92615313  p_x
  247   1   0   0       0.95056656  s
  248   1   0   0       0.94571918  s
  249   1   0   0       1.27105953  s
  249   2   1  -1       0.97697206  p_y
  249   2   1   0       0.98309526  p_z
  249   2   1   1       1.00268614  p_x
  250   1   0   0       0.93798592  s
  251   1   0   0       0.92241015  s
  252   1   0   0       0.91477560  s
  253   1   0   0       1.27393297  s
  253   2   1  -1       1.00048740  p_y
  253   2   1   0       0.99690499  p_z
  253   2   1   1       0.95381158  p_x
  254   1   0   0       0.94448939  s
  255   1   0   0       0.92480922  s
  256   1   0   0       0.92401093  s
  257   1   0   0       1.24171353  s
  257   2   1  -1       0.92433443  p_y
  257   2   1   0       0.96882081  p_z
  257   2   1   1       0.95733566  p_x
  258   1   0   0       0.97096976  s
  259   1   0   0       0.93780303  s
  260   1   0   0       1.26882083  s
  260   2   1  -1       0.93272370  p_y
  260   2   1   0       0.97143183  p_z
  260   2   1   1       0.92789446  p_x
  261   1   0   0       0.94881467  s
  262   1   0   0       0.94509619  s
  263   1   0   0       1.24482585  s
  263   2   1  -1       1.01315532  p_y
  263   2   1   0       0.95828598  p_z
  263   2   1   1       0.93549352  p_x
  264   1   0   0       0.92375202  s
  265   1   0   0       0.91580141  s
  266   1   0   0       1.25213767  s
  266   2   1  -1       0.95190777  p_y
  266   2   1   0       0.95552247  p_z
  266   2   1   1       0.94730570  p_x
  267   1   0   0       0.94006472  s
  268   1   0   0       0.94691598  s
  269   1   0   0       1.25132282  s
  269   2   1  -1       0.94697919  p_y
  269   2   1   0       1.00364697  p_z
  269   2   1   1       0.92795760  p_x
  270   1   0   0       0.95153037  s
  271   1   0   0       0.94844085  s
  272   1   0   0       1.23936968  s
  272   2   1  -1       0.95189360  p_y
  272   2   1   0       0.97354331  p_z
  272   2   1   1       0.93565450  p_x
  273   1   0   0       0.92998430  s
  274   1   0   0       0.95785880  s
  275   1   0   0       1.24209582  s
  275   2   1  -1       0.97860247  p_y
  275   2   1   0       0.94395491  p_z
  275   2   1   1       0.95930993  p_x
  276   1   0   0       0.94295957  s
  277   1   0   0       0.92011201  s
  278   1   0   0       1.21990518  s
  278   2   1  -1       0.97904622  p_y
  278   2   1   0       0.93210722  p_z
  278   2   1   1       0.97847163  p_x
  279   1   0   0       0.94505071  s
  280   1   0   0       0.94200703  s
  281   1   0   0       1.27501668  s
  281   2   1  -1       1.00233571  p_y
  281   2   1   0       0.95783412  p_z
  281   2   1   1       0.97764128  p_x
  282   1   0   0       0.92813690  s
  283   1   0   0       0.92765654  s
  284   1   0   0       0.93337858  s
  285   1   0   0       1.25957598  s
  285   2   1  -1       0.98445389  p_y
  285   2   1   0       0.95688830  p_z
  285   2   1   1       1.01557797  p_x
  286   1   0   0       0.92566354  s
  287   1   0   0       0.93629558  s
  288   1   0   0       0.93060649  s
  289   1   0   0       1.23561753  s
  289   2   1  -1       0.96001111  p_y
  289   2   1   0       0.94660062  p_z
  289   2   1   1       0.95842510  p_x
  290   1   0   0       0.95344087  s
  291   1   0   0       0.92969297  s
  292   1   0   0       1.23390053  s
  292   2   1  -1       0.97164803  p_y
  292   2   1   0       0.93224777  p_z
  292   2   1   1       0.96090149  p_x
  293   1   0   0       0.95101600  s
  294   1   0   0       0.93479808  s
  295   1   0   0       1.24215786  s
  295   2   1  -1       0.96490921  p_y
  295   2   1   0       0.97042079  p_z
  295   2   1   1       0.95894629  p_x
  296   1   0   0       0.93534502  s
  297   1   0   0       0.94531911  s
  298   1   0   0       1.26534798  s
  298   2   1  -1       0.93028063  p_y
  298   2   1   0       0.95489176  p_z
  298   2   1   1       0.96602290  p_x
  299   1   0   0       0.95289266  s
  300   1   0   0       0.94176512  s
  301   1   0   0       1.25355491  s
  301   2   1  -1       0.96515056  p_y
  301   2   1   0       0.92537855  p_z
  301   2   1   1       0.93874425  p_x
  302   1   0   0       0.95900772  s
  303   1   0   0       0.94899872  s
  304   1   0   0       1.23364621  s
  304   2   1  -1       0.97469934  p_y
  304   2   1   0       0.93631069  p_z
  304   2   1   1       0.97425268  p_x
  305   1   0   0       0.94016198  s
  306   1   0   0       0.93676949  s
  307   1   0   0       1.25838713  s
  307   2   1  -1       0.95882661  p_y
  307   2   1   0       0.94671569  p_z
  307   2   1   1       0.94449974  p_x
  308   1   0   0       0.97506415  s
  309   1   0   0       0.93608365  s
  310   1   0   0       1.22568359  s
  310   2   1  -1       0.98889167  p_y
  310   2   1   0       0.91777117  p_z
  310   2   1   1       0.96929179  p_x
  311   1   0   0       0.94822367  s
  312   1   0   0       0.92785954  s
  313   1   0   0       1.26534151  s
  313   2   1  -1       0.96445609  p_y
  313   2   1   0       0.98787092  p_z
  313   2   1   1       0.99868077  p_x
  314   1   0   0       0.93445948  s
  315   1   0   0       0.93960688  s
  316   1   0   0       0.92433140  s
  317   1   0   0       1.26119896  s
  317   2   1  -1       0.98816576  p_y
  317   2   1   0       0.96471985  p_z
  317   2   1   1       0.97752674  p_x
  318   1   0   0       0.92084175  s
  319   1   0   0       0.94605725  s
  320   1   0   0       0.94707622  s
  321   1   0   0       1.21400565  s
  321   2   1  -1       0.97229985  p_y
  321   2   1   0       0.96534018  p_z
  321   2   1   1       0.93336639  p_x
  322   1   0   0       0.95688646  s
  323   1   0   0       0.92181835  s
  324   1   0   0       1.22537982  s
  324   2   1  -1       0.93786346  p_y
  324   2   1   0       0.98107037  p_z
  324   2   1   1       0.96861745  p_x
  325   1   0   0       0.95119517  s
  326   1   0   0       0.94642057  s
  327   1   0   0       1.25229518  s
  327   2   1  -1       0.93157715  p_y
  327   2   1   0       0.94550916  p_z
  327   2   1   1       0.93952726  p_x
  328   1   0   0       0.97274376  s
  329   1   0   0       0.94671782  s
  330   1   0   0       1.24155201  s
  330   2   1  -1       0.93974376  p_y
  330   2   1   0       0.94630738  p_z
  330   2   1   1       0.96760153  p_x
  331   1   0   0       0.95305367  s
  332   1   0   0       0.94040970  s
  333   1   0   0       1.19640706  s
  333   2   1  -1       0.93205760  p_y
  333   2   1   0       0.92497808  p_z
  333   2   1   1       0.90476768  p_x
  334   1   0   0       0.93811997  s
  335   1   0   0       0.89892817  s
  336   1   0   0       1.25195423  s
  336   2   1  -1       0.92073633  p_y
  336   2   1   0       0.94567568  p_z
  336   2   1   1       0.98856509  p_x
  337   1   0   0       0.93711363  s
  338   1   0   0       0.93351810  s
  339   1   0   0       1.24991367  s
  339   2   1  -1       0.91784468  p_y
  339   2   1   0       0.95582377  p_z
  339   2   1   1       0.97135474  p_x
  340   1   0   0       0.95805821  s
  341   1   0   0       0.92455090  s
  342   1   0   0       1.25135657  s
  342   2   1  -1       0.97893002  p_y
  342   2   1   0       0.94421482  p_z
  342   2   1   1       0.92947694  p_x
  343   1   0   0       0.93125566  s
  344   1   0   0       0.96172346  s
  345   1   0   0       1.26893969  s
  345   2   1  -1       0.97813963  p_y
  345   2   1   0       1.00259514  p_z
  345   2   1   1       0.93528637  p_x
  346   1   0   0       0.93966825  s
  347   1   0   0       0.93860588  s
  348   1   0   0       0.95794122  s
  349   1   0   0       1.28998006  s
  349   2   1  -1       0.96960933  p_y
  349   2   1   0       0.98182158  p_z
  349   2   1   1       0.95831233  p_x
  350   1   0   0       0.97134831  s
  351   1   0   0       0.90638902  s
  352   1   0   0       0.93200949  s
 
Fermi level:                        -0.1325302305 H           -3.6063 eV
Band energy:                      -277.8854919124 H        -7561.6490 eV
TS:                                  0.0000000000 H            0.0000 eV
Band free energy (E-TS):          -277.8854919124 H        -7561.6490 eV
Extrapolated E(0K):               -277.8854919124 H        -7561.6490 eV
Input / Output electrons (q):    682.0000000000    682.0000000000
 
Energy H0:                        -282.5730172090 H        -7689.2030 eV
Energy SCC:                          0.0788839035 H            2.1465 eV
Total Electronic energy:          -282.4941333055 H        -7687.0565 eV
Repulsive energy:                    4.6121990365 H          125.5043 eV
Dispersion energy:                   1.1291076396 H           30.7246 eV
Total energy:                     -276.7528266295 H        -7530.8276 eV
Extrapolated to 0:                -276.7528266295 H        -7530.8276 eV
Total Mermin free energy:         -276.7528266295 H        -7530.8276 eV
Force related energy:             -276.7528266295 H        -7530.8276 eV
 
SCC converged
 
Full geometry written in geo_end.{xyz|gen}
 
MD Kinetic Energy:                   0.9753889411 H
Total MD Energy:                  -275.7774376884 H
Pressure:                           -0.762735E-06 au    -0.224404E+08 Pa
MD Temperature:                      0.0018525906 H          585.0011 K
MD Kinetic Energy:                   0.9753889411 H
Total MD Energy:                  -275.7774376884 H        -7504.2859 eV
MD Temperature:                      0.0018525906 H          585.0011 K
 
Molecular dynamics completed
 
