 Fermi distribution function
 
MD step: 100000
 

********************************************************************************
 iSCC Total electronic   Diff electronic      SCC error    
    7   -0.28214420E+03    0.62527761E-12    0.22852668E-06
********************************************************************************
 
Coordinates of moved atoms (au):
    1     73.42046069     48.21113419     73.26212726
    2     74.48136100     46.38157546     73.52884265
    3     74.35273623     49.59362366     74.62095295
    4     73.16742163     78.08301457     70.66338219
    5     71.38874711     78.97926723     70.16190132
    6     44.16829459     76.56184064     69.36760387
    7     75.42213506     80.14749160     69.98229274
    8     46.72039924     81.78587496     71.36840237
    9     75.04445670     80.91583538     68.01472455
   10     49.04079513     78.90124176     69.96432302
   11     49.18948862     77.13557208     69.05477940
   12     49.61008600     78.81894651     71.94894384
   13     80.27362432     80.43756753     68.46291342
   14     79.61986808     82.59278912     68.37611295
   15     79.98340273     79.80013396     66.44921706
   16     53.88828818     79.34334279     69.43310817
   17     53.98760279     79.66328856     71.71648020
   18     55.53803187     79.98089332     68.45523742
   19     82.73449535     76.31780218     69.06330750
   20     81.38579069     75.81492104     67.54181785
   21     81.81926539     75.57428484     70.82513918
   22     85.30638671     74.71120477     68.71744234
   23     55.90097234     72.86554948     69.23068101
   24     58.05131534     75.11319577     70.05514066
   25     70.91236575     47.49064337     74.45713104
   26     71.00703297     46.08276923     76.08828211
   27     70.04111844     49.31556464     75.00207659
   28     69.61163528     46.39668322     73.17699523
   29     86.79997898     74.92903357     66.18670192
   30     87.36414742     76.91129802     66.10673418
   31     88.51644424     73.85240406     66.29287768
   32     85.64204457     74.21191115     64.23073517
   33     56.57659290     52.03546349     62.02937698
   34     56.04959693     50.52873045     63.40762176
   35     58.40185087     51.48535565     61.23069326
   36     54.96466472     52.47470779     59.66739986
   37     55.91484264     54.15367283     58.80530896
   38     53.04794219     53.00178774     60.12059533
   39     54.58351546     50.32911514     57.82058149
   40     53.27347094     51.27124067     56.71026833
   41     53.71129753     48.75064823     58.94012053
   42     56.95323632     49.25434919     56.58516969
   43     85.85397370     47.29742560     56.31487896
   44     58.69056573     49.81121975     57.45660133
   45     57.10486788     50.46335628     54.03614343
   46     59.12654057     50.95762446     53.36461817
   47     85.47425546     52.62227202     54.28637451
   48     84.19161466     49.00286712     52.36884256
   49     82.34948237     48.53474309     53.38859443
   50     85.28590862     46.96850185     52.07312200
   51     54.36944993     50.25499324     50.00422942
   52     56.18943138     50.75050641     48.95631739
   53     53.50759787     51.99413941     50.61322352
   54     81.97357346     48.43465980     77.14996965
   55     82.44145989     49.14031497     75.22789857
   56     79.78660037     48.70206051     77.18933993
   57     56.94607507     54.48117912     63.68546898
   58     58.65280075     55.38700063     62.98108819
   59     55.28857000     55.68846898     63.48887832
   60     57.27873288     53.60914917     65.49607756
   61     53.52653436     45.64399681     77.16665507
   62     52.61307441     44.52868554     75.49010619
   63     55.45624294     45.15553193     77.33335009
   64     52.54077557     44.36100737     78.73139238
   65     73.53452297     58.65345917     73.70526889
   66     72.08884419     57.27296617     74.67099540
   67     73.39064685     58.56011487     71.60439621
   68     72.04721252     61.04351887     74.53553282
   69     71.18303604     60.42242170     76.31426891
   70     70.47230093     61.26405026     73.21436072
   71     73.52670733     63.58250087     74.88585318
   72     72.29791661     65.22326728     74.49323364
   73     75.06968131     63.30025134     73.48643902
   74     74.94355065     34.96725246     77.37221245
   75     76.73830537     33.78770949     77.42778203
   76     74.09408735     34.56972710     79.16831407
   77     75.45409827     37.83513799     78.19862362
   78     75.40048672     66.73582059     80.19114629
   79     73.82561536     67.88408866     77.40078950
   80     77.77627899     39.07992498     77.29396629
   81     79.32986346     37.98432946     78.05027402
   82     78.35196959     40.88898054     78.16427405
   83     78.15309312     39.39515124     74.46298891
   84     78.87873314     37.49287250     73.68372980
   85     79.95998220     40.59545509     74.03340307
   86     76.02723734     40.62687440     72.90986034
   87     75.35976056     42.32229117     73.92663595
   88     74.40153588     39.27147091     73.06880664
   89     76.16406835     58.23907359     74.82610244
   90     77.81120810     59.30392655     74.01919232
   91     76.25300059     58.54933568     76.89260037
   92     76.82993252     56.28094177     74.61951751
   93     76.18655382     40.85192400     70.09605015
   94     76.79905916     39.14040940     69.27060583
   95     74.51243534     41.30082987     69.06621667
   96     77.55957170     42.01767947     69.40819989
   97     37.39942644     95.96240646     87.60278638
   98     36.71433860     94.28298890     88.50018008
   99     38.56971222     96.91240117     89.15847707
  100     39.16340079     95.47561471     85.33006699
  101     41.04409668     94.71199069     85.85199957
  102     39.78413003     97.29125934     84.54912020
  103     37.87985916     93.76913050     83.26946134
  104     38.44536727     94.09503282     81.32907168
  105     36.03767803     94.85191198     83.21421088
  106     38.23801760     90.89392127     55.16668642
  107     36.42051783     90.05407866     55.47487372
  108     38.75335894     90.70899433     57.36051965
  109     39.86662640     89.52077435     53.32974198
  110     41.76386974     90.28866674     53.05001448
  111     38.87080443     89.63779253     51.58043755
  112     40.38128861     86.74721315     53.96493693
  113     39.55328116     85.28825203     52.74243714
  114     39.47247737     86.35274785     55.76329218
  115     43.21133438     85.75503966     54.51762537
  116     42.78999402     83.82060599     55.61323943
  117     44.20866696     87.04307562     55.74307370
  118     44.82532089     85.22661530     52.04593163
  119     44.02303612     86.28307817     50.42485913
  120     45.04614127     83.11476069     51.59413665
  121     35.26412106     97.88630784     86.94172534
  122     36.25517248     99.76628862     86.50713304
  123     33.87319916     97.33326432     85.48058854
  124     34.06316288     98.21648586     88.76042673
  125     47.59535319     86.47917547     51.98677128
  126     47.46288439     88.53421188     52.11375950
  127     48.73940443     86.04858365     53.55415853
  128     48.40808269     85.83612747     50.12209747
  129     83.91227890     98.47658657     61.72607714
  130     49.22070213     80.50527803     63.03583115
  131     79.01648231     73.06647783     35.37700001
  132     52.57689960     59.34482544     55.13307902
  133     52.57417922     58.62497004     53.26159546
  134     53.11297239     57.87210951     56.63617259
  135     52.31967218     61.87144353     55.74827607
  136     79.06968521     42.93111969     64.64411556
  137     54.69651307     98.43117418     34.95013295
  138     51.21399707     63.80646840     53.95137632
  139     49.35202828     63.21850691     53.38586280
  140     51.75931077     63.38176106     52.04892007
  141     51.11637051     66.55106109     54.90448439
  142     50.06033190     66.35598528     56.80123785
  143     50.00573732     67.81718260     53.63138197
  144     53.84055683     67.87552237     55.17332861
  145     55.09563227     67.09049065     53.43157359
  146     55.22033444     67.24696650     56.89180436
  147     53.39567454     70.91947178     55.73304620
  148     51.76857857     71.43614673     54.33837938
  149     54.85042178     71.95228492     54.60012464
  150     52.47147131     71.68352931     58.29872888
  151     51.25523006     70.13330046     59.18859874
  152     51.31829801     73.27957351     58.42295840
  153     62.16402398     74.86154945     59.84369429
  154     52.80001508     62.73562158     57.68735069
  155     60.94739910     73.93419222     58.45104911
  156     63.11631489     73.45351661     61.10305022
  157     54.50600481     72.04829483     60.28549955
  158     53.20732491     73.29493826     61.60562934
  159     54.49564384     67.69756908     61.09452580
  160     56.13587990     73.35085955     59.53897637
  161     77.07428264     56.93381224     61.33809701
  162     77.82340092     56.30044642     59.54065755
  163     75.59162770     58.63781667     61.32219963
  164     75.61764839     54.61970170     62.47239677
  165     73.50611932     54.53547596     62.35155222
  166     75.92035345     54.52248459     64.44675976
  167     76.60634084     52.00880466     61.64779315
  168     85.85239127     69.58858785     62.00219680
  169     77.59373718     52.18565963     59.80951445
  170     74.72850955     49.86336978     61.04749904
  171     72.64044798     50.13819895     61.60528127
  172     75.22231410     48.27688823     62.26334875
  173     75.18195524     77.87543396     58.36570405
  174     76.94912998     76.78399311     58.48741287
  175     75.81776774     50.65540416     57.05374270
  176     72.93909667     76.26456050     57.53516869
  177     70.98250153     77.31441594     57.68316974
  178     72.69496691     75.07758103     59.19473723
  179     73.39210929     74.45372665     55.41938935
  180     74.03239687     75.27037006     53.68574604
  181     71.39906777     73.70296331     54.94473113
  182     75.09230261     71.97800523     55.53170346
  183     76.72191864     72.05151215     56.82089438
  184     75.95580443     72.06281384     53.87294753
  185     78.88826651     58.08772472     63.10864563
  186     78.18343151     58.44157995     65.04020428
  187     80.58158802     56.88483158     63.50997447
  188     79.81472198     60.06676725     91.22416384
  189     73.33339571     69.51502867     56.00129234
  190     74.53005823     67.93672898     56.18451894
  191     72.09277348     69.75793187     57.50324415
  192     72.03518591     69.16808164     54.56125944
  193     66.64887020     42.41302523     81.24688036
  194     67.51339166     42.36170730     83.10098414
  195     65.11829843     70.05155931     80.93422283
  196     65.99580589     45.08196957     80.38192560
  197     64.59312813     44.62976376     79.06087170
  198     67.78840381     75.39905016     79.85989155
  199     64.28851671     46.15351403     82.57952617
  200     62.78807894     44.89557517     82.98675625
  201     63.53545980     48.06900963     81.99816334
  202     65.46785805     46.86716139     85.16162233
  203     67.24309058     47.80352605     84.81996591
  204     66.07931507     45.18700108     85.89806956
  205     63.62883908     47.70900686     87.14173165
  206     60.57847151     46.94808477     90.15406585
  207     62.40383307     49.02643988     86.02223238
  208     64.87671435     49.48742148     89.30734849
  209     66.08983790     48.36519971     90.60776593
  210     63.45003994     50.14372093     90.80648599
  211     66.31428936     80.86308879     88.37932717
  212     65.54773252     82.05136525     86.79436833
  213     68.08207247     80.17356818     87.27133441
  214     67.28576205     82.50229370     90.68576377
  215     68.73156626     81.32863015     91.78898893
  216     65.94609468     82.96437424     92.02485455
  217     69.07662290     41.91437765     79.47984736
  218     68.53594841     42.05888639     48.43952404
  219     70.67357713     42.81819848     51.37235483
  220     69.82999484     39.96524441     79.46460597
  221     68.50947645     85.02073352     89.71935666
  222     67.92810835     86.93603202     90.44620140
  223     70.55929706     85.12271757     89.02068097
  224     67.64940597     85.02999300     87.81359202
  225     59.25601254     90.97120551     68.77078057
  226     58.47844991     92.06288190     70.42342547
  227     57.26893633     90.93870724     67.64948319
  228     61.21855997     63.30445828     67.01316099
  229     62.25254647     61.80711139     66.13784525
  230     62.45394992     64.15837103     68.42218348
  231     60.40685432     94.17346555     65.01131157
  232     62.36136486     94.86851958     64.09231436
  233     59.48878761     95.90805912     65.81527798
  234     58.56428012     92.72999918     62.79206561
  235     57.19019838     93.95950476     61.73924596
  236     57.36164350     91.13835281     63.68767055
  237     59.85697787     91.53738048     60.42757073
  238     61.87127306     90.84612464     60.89401352
  239     60.09070274     64.03578052     58.93375952
  240     58.48698595     89.48616144     58.90087455
  241     57.56051233     61.48659966     57.42124936
  242     56.78863366     59.73609368     59.92650227
  243     60.18344429     87.24165064     58.16420085
  244     59.29525753     85.38745798     58.13795901
  245     61.78092021     87.36130832     59.32087663
  246     61.04927643     87.99297047     55.44375500
  247     62.96012548     86.89000488     54.66666528
  248     61.77694722     89.97124710     55.18597636
  249     60.23294697     59.39083130     69.50095914
  250     61.95348903     59.25738898     70.80744893
  251     58.93613368     58.18082072     70.70846032
  252     60.71741730     58.06154435     68.08669320
  253     59.04703609     87.42967564     53.26114547
  254     57.37091957     88.51615299     53.38199728
  255     59.77724024     87.66865861     51.19623729
  256     58.75305739     85.33811402     82.36645377
  257     83.61190855     57.70322427     76.61068866
  258     82.62762739     56.59995747     78.18468697
  259     82.51611716     57.34022125     74.81713136
  260     84.15857403     60.58483979     76.85584871
  261     85.22971147     61.07638780     78.60608599
  262     82.15397047     61.54497539     77.10698169
  263     85.42394200     62.05272329     74.65731145
  264     84.70254587     61.81019031     72.66144599
  265     87.42014549     61.48803557     74.83997081
  266     84.90785359     64.89788180     74.91813365
  267     82.89856897     65.22588078     74.69941729
  268     85.41710793     66.28384689     73.18827965
  269     85.54913082     65.99770932     77.61874225
  270     87.36930804     65.25315324     78.50050846
  271     84.06534388     65.44670535     78.78120201
  272     85.42476692     68.98733307     77.77932994
  273     83.66574926     69.53200067     78.53182518
  274     85.57322038     69.68418631     75.93353163
  275     87.71524591     70.31233075     78.91575023
  276     88.82732019     69.00938511     80.23381165
  277     86.99172899     71.75598394     80.20065059
  278     89.94347728     71.54284804     77.07470185
  279     90.22786140     70.38133299     75.50055250
  280     91.50531582     71.57950326     78.27615806
  281     86.06001440     55.97018628     76.10715572
  282     85.52132531     54.20154940     75.63924436
  283     86.65285519     56.89583389     74.39271038
  284     87.70094169     55.84692082     77.50926233
  285     89.20634225     74.12717088     75.65916570
  286     90.12793448     74.35988934     73.65080364
  287     87.18295411     74.38938480     75.37715492
  288     89.89429589     75.40866618     76.95553001
  289     63.26761369     60.35451106     76.10088191
  290     61.26044540     59.64844478     76.35362644
  291     63.52373021     61.08110347     74.17712267
  292     63.62324450     62.68244502     77.67095417
  293     63.87726901     62.05017248     79.68226922
  294     61.77131563     63.57953389     77.59319195
  295     65.84389594     64.53456927     76.72784005
  296     67.67242749     63.47160500     77.11868747
  297     65.82183482     66.02219052     49.38424468
  298     65.28071055     65.58553312     44.99306032
  299     63.35340536     65.27974170     73.67986458
  300     65.86000473     64.16254393     43.71022593
  301     66.74732863     68.21354736     44.62990891
  302     68.78836373     67.83629239     45.39758485
  303     65.91105555     69.68884508     74.99367934
  304     67.22532731     68.85544477     41.85338435
  305     67.02419292     67.08699493     40.42155929
  306     69.35441459     69.34312370     41.47170968
  307     66.07519167     71.12593620     40.40143771
  308     66.81893145     72.92868626     41.21447945
  309     63.98342229     70.96857016     40.35688974
  310     67.09233634     71.12037014     37.53048961
  311     65.64623993     71.98975603     36.17992240
  312     66.96875612     69.12226863     37.00631542
  313     65.09641576     58.39022764     76.45551603
  314     64.97236606     56.94206572     75.09899598
  315     67.08432262     59.13583468     76.36142977
  316     64.16990745     57.49592890     77.93586081
  317     69.71752915     72.24932601     36.64309977
  318     69.94635847     74.10036648     37.49505864
  319     71.58223775     71.15828231     36.95026556
  320     69.80716006     72.73573160     34.56636178
  321     66.83493397     53.48242732     39.81632577
  322     66.89746070     52.65735099     37.99093738
  323     68.67411689     52.54633995     40.46727628
  324     66.57888251     56.28857158     68.66209270
  325     66.40112404     57.07487044     70.56438727
  326     64.86782932     56.69793542     67.74790679
  327     68.81853164     57.40089970     67.44952249
  328     69.22529715     56.15832171     65.68422846
  329     70.56050338     57.42176674     68.62429534
  330     68.20967064     60.09405067     66.82591158
  331     67.52063443     60.92804305     68.57989801
  332     66.41148988     60.09160060     65.32347809
  333     70.93570535     61.38370455     65.96426881
  334     72.46304905     60.16384436     65.32940802
  335     71.80773513     62.52619644     67.58437187
  336     70.62006100     63.48312796     63.90006552
  337     68.53112480     64.33065535     64.37177054
  338     70.73628585     62.63585651     61.94533331
  339     72.82856398     65.23491972     64.19160092
  340     73.35998320     65.79471407     66.19301225
  341     72.37122961     67.04822447     63.27819483
  342     75.34490563     64.15258024     63.10971829
  343     74.89344675     63.74741594     61.06998488
  344     76.01980616     62.26785047     63.84089657
  345     64.73481320     52.16534387     41.14889765
  346     65.63751218     50.32494108     41.41174746
  347     64.09342586     53.19339632     42.81261083
  348     63.06142902     51.83798803     39.97133047
  349     77.54665839     66.05027732     63.00551866
  350     77.24824859     67.63430817     61.52913370
  351     77.56334469     67.33390080     64.84084470
  352     79.64857762     65.32611993     62.87198562
 
 Total charge:    -0.00000000

 Atomic gross charges (e)
 Atom           Charge
    1      -0.06915506
    2       0.04764029
    3       0.04711798
    4      -0.11044688
    5       0.06028565
    6       0.06817608
    7      -0.11077434
    8       0.05895678
    9       0.04929745
   10      -0.14455406
   11       0.07636004
   12       0.05932510
   13      -0.12173746
   14       0.05521147
   15       0.04928732
   16      -0.08448047
   17       0.03289121
   18       0.07844780
   19      -0.11990059
   20       0.06705683
   21       0.05013179
   22      -0.11079990
   23       0.07072938
   24       0.04238606
   25      -0.20260769
   26       0.05449492
   27       0.06403952
   28       0.05320074
   29      -0.19034249
   30       0.07013163
   31       0.06808967
   32       0.03773069
   33      -0.12026020
   34       0.05543335
   35       0.05421857
   36      -0.10854703
   37       0.05097184
   38       0.05425519
   39      -0.11588533
   40       0.08422517
   41       0.04585981
   42      -0.12104758
   43       0.07102437
   44       0.07121754
   45      -0.09588395
   46       0.04829485
   47       0.01861507
   48      -0.07250706
   49       0.04820960
   50       0.01955549
   51      -0.10214525
   52       0.03932608
   53       0.07711613
   54      -0.06799303
   55       0.04852069
   56       0.03426965
   57      -0.23054028
   58       0.07110017
   59       0.08220218
   60       0.07576030
   61      -0.18138799
   62       0.04701079
   63       0.08493603
   64       0.03310004
   65      -0.08242213
   66       0.04100302
   67       0.05885114
   68      -0.12503173
   69       0.05123359
   70       0.05737098
   71      -0.09756196
   72       0.06586574
   73       0.06431843
   74      -0.12893564
   75       0.04828658
   76       0.06560286
   77      -0.11533770
   78       0.06372667
   79       0.05477599
   80      -0.09845193
   81       0.04747431
   82       0.05086311
   83      -0.07799407
   84       0.03938587
   85       0.02298688
   86      -0.08560532
   87       0.05782886
   88       0.04255061
   89      -0.20758563
   90       0.05984345
   91       0.08112223
   92       0.05447876
   93      -0.21823452
   94       0.06554672
   95       0.07107466
   96       0.07092789
   97      -0.08887563
   98       0.06944900
   99       0.03619841
  100      -0.11912597
  101       0.04926142
  102       0.05700966
  103      -0.14403060
  104       0.06952141
  105       0.06038829
  106      -0.09211790
  107       0.06529495
  108       0.03136764
  109      -0.09367902
  110       0.06266367
  111       0.06807600
  112      -0.14044436
  113       0.06036131
  114       0.05738658
  115      -0.10579649
  116       0.03785726
  117       0.07297118
  118      -0.10927056
  119       0.06454987
  120       0.05559246
  121      -0.19313930
  122       0.06088330
  123       0.07264645
  124       0.04214600
  125      -0.23754043
  126       0.06559017
  127       0.08301050
  128       0.07419385
  129      -0.23350504
  130       0.04728264
  131      -0.00037137
  132      -0.24840039
  133       0.10229664
  134       0.07656239
  135      -0.04595535
  136       0.00310276
  137       0.05266185
  138      -0.12439166
  139       0.07240038
  140       0.07705811
  141      -0.09299476
  142       0.05290017
  143       0.06205144
  144      -0.11193503
  145       0.05339855
  146       0.03761864
  147      -0.10082645
  148       0.01910680
  149       0.06631788
  150      -0.09096308
  151       0.05160760
  152       0.07050380
  153      -0.18398020
  154       0.07337539
  155       0.05744796
  156       0.07635550
  157      -0.07939425
  158       0.03430082
  159       0.09691797
  160       0.06105294
  161      -0.07591215
  162       0.08035015
  163       0.03858411
  164      -0.13434752
  165       0.06346149
  166       0.06257393
  167      -0.11338135
  168       0.07090182
  169       0.05002103
  170      -0.10461890
  171       0.05127675
  172       0.04870197
  173      -0.08728159
  174       0.05362994
  175       0.03118990
  176      -0.09007927
  177       0.05248198
  178       0.05288552
  179      -0.10801950
  180       0.05817751
  181       0.03808216
  182      -0.13698133
  183       0.06340975
  184       0.08183287
  185      -0.16377306
  186       0.06397687
  187       0.04828220
  188       0.02805376
  189      -0.24139787
  190       0.07672043
  191       0.08407147
  192       0.07983797
  193      -0.12026884
  194       0.07564089
  195       0.07383016
  196      -0.12650237
  197       0.09385079
  198       0.06371233
  199      -0.13423576
  200       0.07057465
  201       0.04105526
  202      -0.14282942
  203       0.07783515
  204       0.06620313
  205       0.00973640
  206       0.03465085
  207       0.04865629
  208      -0.13020531
  209       0.05490965
  210       0.04267643
  211      -0.10515049
  212       0.06474631
  213       0.03268622
  214      -0.08776353
  215       0.04182816
  216       0.07857458
  217      -0.23987807
  218       0.06934985
  219       0.08790581
  220       0.04711098
  221      -0.23229804
  222       0.07439979
  223       0.06940467
  224       0.05623928
  225      -0.07553399
  226       0.05884446
  227       0.02523247
  228      -0.11244260
  229       0.07152734
  230       0.05721902
  231      -0.08316629
  232       0.03755115
  233       0.06198185
  234      -0.12797391
  235       0.05922828
  236       0.05710014
  237      -0.10217591
  238       0.04033474
  239       0.04710047
  240      -0.10969005
  241       0.07174045
  242       0.03849318
  243      -0.10976140
  244       0.07723448
  245       0.07864020
  246      -0.08505350
  247       0.00778572
  248       0.05665116
  249      -0.19881705
  250       0.05057051
  251       0.04632535
  252       0.07482034
  253      -0.21193106
  254       0.08474664
  255       0.05155703
  256       0.05982412
  257      -0.09400061
  258       0.05585977
  259       0.05215852
  260      -0.08131713
  261       0.06272261
  262       0.02492820
  263      -0.10494958
  264       0.06294305
  265       0.06787091
  266      -0.10766636
  267       0.05429259
  268       0.03694555
  269      -0.12915886
  270       0.05739343
  271       0.07085604
  272      -0.13799158
  273       0.07423061
  274       0.07641632
  275      -0.11131837
  276       0.03998600
  277       0.05682426
  278      -0.15973089
  279       0.07970553
  280       0.08960628
  281      -0.24951274
  282       0.08433682
  283       0.06933288
  284       0.07006057
  285      -0.22295009
  286       0.05360170
  287       0.08108193
  288       0.08355074
  289      -0.08548451
  290       0.04374972
  291       0.04345390
  292      -0.12788470
  293       0.05280244
  294       0.05694902
  295      -0.11836569
  296       0.05829648
  297       0.04482672
  298      -0.13977277
  299       0.08782910
  300       0.06801972
  301      -0.06973941
  302       0.04176230
  303       0.06123272
  304      -0.08623375
  305       0.03489466
  306       0.03704189
  307      -0.10395499
  308       0.06180430
  309       0.06275630
  310      -0.10902194
  311       0.04517983
  312       0.05641265
  313      -0.23370013
  314       0.06014547
  315       0.07966076
  316       0.09462532
  317      -0.19031166
  318       0.06249439
  319       0.05813229
  320       0.05686539
  321      -0.10577343
  322       0.05605033
  323       0.04167111
  324      -0.10113925
  325       0.05102611
  326       0.07015095
  327      -0.09485763
  328       0.04401585
  329       0.05686277
  330      -0.09848406
  331       0.06457767
  332       0.03441135
  333      -0.13616386
  334       0.07371195
  335       0.05100205
  336      -0.09019405
  337       0.03868347
  338       0.05975535
  339      -0.09048378
  340       0.04772417
  341       0.05477812
  342      -0.09080687
  343       0.04188424
  344       0.06300477
  345      -0.21400626
  346       0.06867920
  347       0.07229732
  348       0.05797659
  349      -0.17121285
  350       0.05053315
  351       0.03218618
  352       0.05727112
 
Nr. of electrons (up):    682.00000000
Atom populations (up)
 Atom       Population
    1       4.06915506
    2       0.95235971
    3       0.95288202
    4       4.11044688
    5       0.93971435
    6       0.93182392
    7       4.11077434
    8       0.94104322
    9       0.95070255
   10       4.14455406
   11       0.92363996
   12       0.94067490
   13       4.12173746
   14       0.94478853
   15       0.95071268
   16       4.08448047
   17       0.96710879
   18       0.92155220
   19       4.11990059
   20       0.93294317
   21       0.94986821
   22       4.11079990
   23       0.92927062
   24       0.95761394
   25       4.20260769
   26       0.94550508
   27       0.93596048
   28       0.94679926
   29       4.19034249
   30       0.92986837
   31       0.93191033
   32       0.96226931
   33       4.12026020
   34       0.94456665
   35       0.94578143
   36       4.10854703
   37       0.94902816
   38       0.94574481
   39       4.11588533
   40       0.91577483
   41       0.95414019
   42       4.12104758
   43       0.92897563
   44       0.92878246
   45       4.09588395
   46       0.95170515
   47       0.98138493
   48       4.07250706
   49       0.95179040
   50       0.98044451
   51       4.10214525
   52       0.96067392
   53       0.92288387
   54       4.06799303
   55       0.95147931
   56       0.96573035
   57       4.23054028
   58       0.92889983
   59       0.91779782
   60       0.92423970
   61       4.18138799
   62       0.95298921
   63       0.91506397
   64       0.96689996
   65       4.08242213
   66       0.95899698
   67       0.94114886
   68       4.12503173
   69       0.94876641
   70       0.94262902
   71       4.09756196
   72       0.93413426
   73       0.93568157
   74       4.12893564
   75       0.95171342
   76       0.93439714
   77       4.11533770
   78       0.93627333
   79       0.94522401
   80       4.09845193
   81       0.95252569
   82       0.94913689
   83       4.07799407
   84       0.96061413
   85       0.97701312
   86       4.08560532
   87       0.94217114
   88       0.95744939
   89       4.20758563
   90       0.94015655
   91       0.91887777
   92       0.94552124
   93       4.21823452
   94       0.93445328
   95       0.92892534
   96       0.92907211
   97       4.08887563
   98       0.93055100
   99       0.96380159
  100       4.11912597
  101       0.95073858
  102       0.94299034
  103       4.14403060
  104       0.93047859
  105       0.93961171
  106       4.09211790
  107       0.93470505
  108       0.96863236
  109       4.09367902
  110       0.93733633
  111       0.93192400
  112       4.14044436
  113       0.93963869
  114       0.94261342
  115       4.10579649
  116       0.96214274
  117       0.92702882
  118       4.10927056
  119       0.93545013
  120       0.94440754
  121       4.19313930
  122       0.93911670
  123       0.92735355
  124       0.95785400
  125       4.23754043
  126       0.93440983
  127       0.91698950
  128       0.92580615
  129       4.23350504
  130       0.95271736
  131       1.00037137
  132       4.24840039
  133       0.89770336
  134       0.92343761
  135       4.04595535
  136       0.99689724
  137       0.94733815
  138       4.12439166
  139       0.92759962
  140       0.92294189
  141       4.09299476
  142       0.94709983
  143       0.93794856
  144       4.11193503
  145       0.94660145
  146       0.96238136
  147       4.10082645
  148       0.98089320
  149       0.93368212
  150       4.09096308
  151       0.94839240
  152       0.92949620
  153       4.18398020
  154       0.92662461
  155       0.94255204
  156       0.92364450
  157       4.07939425
  158       0.96569918
  159       0.90308203
  160       0.93894706
  161       4.07591215
  162       0.91964985
  163       0.96141589
  164       4.13434752
  165       0.93653851
  166       0.93742607
  167       4.11338135
  168       0.92909818
  169       0.94997897
  170       4.10461890
  171       0.94872325
  172       0.95129803
  173       4.08728159
  174       0.94637006
  175       0.96881010
  176       4.09007927
  177       0.94751802
  178       0.94711448
  179       4.10801950
  180       0.94182249
  181       0.96191784
  182       4.13698133
  183       0.93659025
  184       0.91816713
  185       4.16377306
  186       0.93602313
  187       0.95171780
  188       0.97194624
  189       4.24139787
  190       0.92327957
  191       0.91592853
  192       0.92016203
  193       4.12026884
  194       0.92435911
  195       0.92616984
  196       4.12650237
  197       0.90614921
  198       0.93628767
  199       4.13423576
  200       0.92942535
  201       0.95894474
  202       4.14282942
  203       0.92216485
  204       0.93379687
  205       3.99026360
  206       0.96534915
  207       0.95134371
  208       4.13020531
  209       0.94509035
  210       0.95732357
  211       4.10515049
  212       0.93525369
  213       0.96731378
  214       4.08776353
  215       0.95817184
  216       0.92142542
  217       4.23987807
  218       0.93065015
  219       0.91209419
  220       0.95288902
  221       4.23229804
  222       0.92560021
  223       0.93059533
  224       0.94376072
  225       4.07553399
  226       0.94115554
  227       0.97476753
  228       4.11244260
  229       0.92847266
  230       0.94278098
  231       4.08316629
  232       0.96244885
  233       0.93801815
  234       4.12797391
  235       0.94077172
  236       0.94289986
  237       4.10217591
  238       0.95966526
  239       0.95289953
  240       4.10969005
  241       0.92825955
  242       0.96150682
  243       4.10976140
  244       0.92276552
  245       0.92135980
  246       4.08505350
  247       0.99221428
  248       0.94334884
  249       4.19881705
  250       0.94942949
  251       0.95367465
  252       0.92517966
  253       4.21193106
  254       0.91525336
  255       0.94844297
  256       0.94017588
  257       4.09400061
  258       0.94414023
  259       0.94784148
  260       4.08131713
  261       0.93727739
  262       0.97507180
  263       4.10494958
  264       0.93705695
  265       0.93212909
  266       4.10766636
  267       0.94570741
  268       0.96305445
  269       4.12915886
  270       0.94260657
  271       0.92914396
  272       4.13799158
  273       0.92576939
  274       0.92358368
  275       4.11131837
  276       0.96001400
  277       0.94317574
  278       4.15973089
  279       0.92029447
  280       0.91039372
  281       4.24951274
  282       0.91566318
  283       0.93066712
  284       0.92993943
  285       4.22295009
  286       0.94639830
  287       0.91891807
  288       0.91644926
  289       4.08548451
  290       0.95625028
  291       0.95654610
  292       4.12788470
  293       0.94719756
  294       0.94305098
  295       4.11836569
  296       0.94170352
  297       0.95517328
  298       4.13977277
  299       0.91217090
  300       0.93198028
  301       4.06973941
  302       0.95823770
  303       0.93876728
  304       4.08623375
  305       0.96510534
  306       0.96295811
  307       4.10395499
  308       0.93819570
  309       0.93724370
  310       4.10902194
  311       0.95482017
  312       0.94358735
  313       4.23370013
  314       0.93985453
  315       0.92033924
  316       0.90537468
  317       4.19031166
  318       0.93750561
  319       0.94186771
  320       0.94313461
  321       4.10577343
  322       0.94394967
  323       0.95832889
  324       4.10113925
  325       0.94897389
  326       0.92984905
  327       4.09485763
  328       0.95598415
  329       0.94313723
  330       4.09848406
  331       0.93542233
  332       0.96558865
  333       4.13616386
  334       0.92628805
  335       0.94899795
  336       4.09019405
  337       0.96131653
  338       0.94024465
  339       4.09048378
  340       0.95227583
  341       0.94522188
  342       4.09080687
  343       0.95811576
  344       0.93699523
  345       4.21400626
  346       0.93132080
  347       0.92770268
  348       0.94202341
  349       4.17121285
  350       0.94946685
  351       0.96781382
  352       0.94272888
 
l-shell populations (up)
 Atom Sh.   l       Population
    1   1   0       1.21597011
    1   2   1       2.85318495
    2   1   0       0.95235971
    3   1   0       0.95288202
    4   1   0       1.23102814
    4   2   1       2.87941875
    5   1   0       0.93971435
    6   1   0       0.93182392
    7   1   0       1.26613453
    7   2   1       2.84463981
    8   1   0       0.94104322
    9   1   0       0.95070255
   10   1   0       1.24826103
   10   2   1       2.89629303
   11   1   0       0.92363996
   12   1   0       0.94067490
   13   1   0       1.28228495
   13   2   1       2.83945251
   14   1   0       0.94478853
   15   1   0       0.95071268
   16   1   0       1.26378479
   16   2   1       2.82069568
   17   1   0       0.96710879
   18   1   0       0.92155220
   19   1   0       1.27065924
   19   2   1       2.84924135
   20   1   0       0.93294317
   21   1   0       0.94986821
   22   1   0       1.25088406
   22   2   1       2.85991584
   23   1   0       0.92927062
   24   1   0       0.95761394
   25   1   0       1.27253584
   25   2   1       2.93007184
   26   1   0       0.94550508
   27   1   0       0.93596048
   28   1   0       0.94679926
   29   1   0       1.28481950
   29   2   1       2.90552299
   30   1   0       0.92986837
   31   1   0       0.93191033
   32   1   0       0.96226931
   33   1   0       1.24266704
   33   2   1       2.87759316
   34   1   0       0.94456665
   35   1   0       0.94578143
   36   1   0       1.22954836
   36   2   1       2.87899867
   37   1   0       0.94902816
   38   1   0       0.94574481
   39   1   0       1.22367351
   39   2   1       2.89221182
   40   1   0       0.91577483
   41   1   0       0.95414019
   42   1   0       1.21554318
   42   2   1       2.90550439
   43   1   0       0.92897563
   44   1   0       0.92878246
   45   1   0       1.24615053
   45   2   1       2.84973342
   46   1   0       0.95170515
   47   1   0       0.98138493
   48   1   0       1.24365433
   48   2   1       2.82885273
   49   1   0       0.95179040
   50   1   0       0.98044451
   51   1   0       1.22633810
   51   2   1       2.87580715
   52   1   0       0.96067392
   53   1   0       0.92288387
   54   1   0       1.22717692
   54   2   1       2.84081611
   55   1   0       0.95147931
   56   1   0       0.96573035
   57   1   0       1.27237090
   57   2   1       2.95816938
   58   1   0       0.92889983
   59   1   0       0.91779782
   60   1   0       0.92423970
   61   1   0       1.26715318
   61   2   1       2.91423481
   62   1   0       0.95298921
   63   1   0       0.91506397
   64   1   0       0.96689996
   65   1   0       1.24175119
   65   2   1       2.84067095
   66   1   0       0.95899698
   67   1   0       0.94114886
   68   1   0       1.24654230
   68   2   1       2.87848943
   69   1   0       0.94876641
   70   1   0       0.94262902
   71   1   0       1.23572899
   71   2   1       2.86183297
   72   1   0       0.93413426
   73   1   0       0.93568157
   74   1   0       1.24597745
   74   2   1       2.88295820
   75   1   0       0.95171342
   76   1   0       0.93439714
   77   1   0       1.23174297
   77   2   1       2.88359473
   78   1   0       0.93627333
   79   1   0       0.94522401
   80   1   0       1.21153671
   80   2   1       2.88691522
   81   1   0       0.95252569
   82   1   0       0.94913689
   83   1   0       1.24108200
   83   2   1       2.83691207
   84   1   0       0.96061413
   85   1   0       0.97701312
   86   1   0       1.21918200
   86   2   1       2.86642332
   87   1   0       0.94217114
   88   1   0       0.95744939
   89   1   0       1.26470228
   89   2   1       2.94288334
   90   1   0       0.94015655
   91   1   0       0.91887777
   92   1   0       0.94552124
   93   1   0       1.23658014
   93   2   1       2.98165438
   94   1   0       0.93445328
   95   1   0       0.92892534
   96   1   0       0.92907211
   97   1   0       1.23743342
   97   2   1       2.85144221
   98   1   0       0.93055100
   99   1   0       0.96380159
  100   1   0       1.24453123
  100   2   1       2.87459474
  101   1   0       0.95073858
  102   1   0       0.94299034
  103   1   0       1.25671545
  103   2   1       2.88731515
  104   1   0       0.93047859
  105   1   0       0.93961171
  106   1   0       1.24013758
  106   2   1       2.85198032
  107   1   0       0.93470505
  108   1   0       0.96863236
  109   1   0       1.21315471
  109   2   1       2.88052431
  110   1   0       0.93733633
  111   1   0       0.93192400
  112   1   0       1.24880293
  112   2   1       2.89164144
  113   1   0       0.93963869
  114   1   0       0.94261342
  115   1   0       1.26963452
  115   2   1       2.83616197
  116   1   0       0.96214274
  117   1   0       0.92702882
  118   1   0       1.26460772
  118   2   1       2.84466283
  119   1   0       0.93545013
  120   1   0       0.94440754
  121   1   0       1.28539110
  121   2   1       2.90774820
  122   1   0       0.93911670
  123   1   0       0.92735355
  124   1   0       0.95785400
  125   1   0       1.28154353
  125   2   1       2.95599690
  126   1   0       0.93440983
  127   1   0       0.91698950
  128   1   0       0.92580615
  129   1   0       1.26222768
  129   2   1       2.97127736
  130   1   0       0.95271736
  131   1   0       1.00037137
  132   1   0       1.27937189
  132   2   1       2.96902850
  133   1   0       0.89770336
  134   1   0       0.92343761
  135   1   0       1.24792325
  135   2   1       2.79803210
  136   1   0       0.99689724
  137   1   0       0.94733815
  138   1   0       1.22055481
  138   2   1       2.90383684
  139   1   0       0.92759962
  140   1   0       0.92294189
  141   1   0       1.25673537
  141   2   1       2.83625939
  142   1   0       0.94709983
  143   1   0       0.93794856
  144   1   0       1.30328654
  144   2   1       2.80864849
  145   1   0       0.94660145
  146   1   0       0.96238136
  147   1   0       1.25380153
  147   2   1       2.84702492
  148   1   0       0.98089320
  149   1   0       0.93368212
  150   1   0       1.21910003
  150   2   1       2.87186305
  151   1   0       0.94839240
  152   1   0       0.92949620
  153   1   0       1.27655316
  153   2   1       2.90742705
  154   1   0       0.92662461
  155   1   0       0.94255204
  156   1   0       0.92364450
  157   1   0       1.25207186
  157   2   1       2.82732239
  158   1   0       0.96569918
  159   1   0       0.90308203
  160   1   0       0.93894706
  161   1   0       1.23096930
  161   2   1       2.84494285
  162   1   0       0.91964985
  163   1   0       0.96141589
  164   1   0       1.24136737
  164   2   1       2.89298015
  165   1   0       0.93653851
  166   1   0       0.93742607
  167   1   0       1.24449992
  167   2   1       2.86888143
  168   1   0       0.92909818
  169   1   0       0.94997897
  170   1   0       1.23963055
  170   2   1       2.86498835
  171   1   0       0.94872325
  172   1   0       0.95129803
  173   1   0       1.24502046
  173   2   1       2.84226113
  174   1   0       0.94637006
  175   1   0       0.96881010
  176   1   0       1.22715630
  176   2   1       2.86292297
  177   1   0       0.94751802
  178   1   0       0.94711448
  179   1   0       1.23481050
  179   2   1       2.87320900
  180   1   0       0.94182249
  181   1   0       0.96191784
  182   1   0       1.24678028
  182   2   1       2.89020105
  183   1   0       0.93659025
  184   1   0       0.91816713
  185   1   0       1.26842733
  185   2   1       2.89534573
  186   1   0       0.93602313
  187   1   0       0.95171780
  188   1   0       0.97194624
  189   1   0       1.26385147
  189   2   1       2.97754640
  190   1   0       0.92327957
  191   1   0       0.91592853
  192   1   0       0.92016203
  193   1   0       1.24577401
  193   2   1       2.87449483
  194   1   0       0.92435911
  195   1   0       0.92616984
  196   1   0       1.25552470
  196   2   1       2.87097767
  197   1   0       0.90614921
  198   1   0       0.93628767
  199   1   0       1.24777879
  199   2   1       2.88645698
  200   1   0       0.92942535
  201   1   0       0.95894474
  202   1   0       1.21660770
  202   2   1       2.92622172
  203   1   0       0.92216485
  204   1   0       0.93379687
  205   1   0       1.20305297
  205   2   1       2.78721062
  206   1   0       0.96534915
  207   1   0       0.95134371
  208   1   0       1.27122231
  208   2   1       2.85898300
  209   1   0       0.94509035
  210   1   0       0.95732357
  211   1   0       1.26067840
  211   2   1       2.84447209
  212   1   0       0.93525369
  213   1   0       0.96731378
  214   1   0       1.24060136
  214   2   1       2.84716216
  215   1   0       0.95817184
  216   1   0       0.92142542
  217   1   0       1.28735043
  217   2   1       2.95252763
  218   1   0       0.93065015
  219   1   0       0.91209419
  220   1   0       0.95288902
  221   1   0       1.28492908
  221   2   1       2.94736896
  222   1   0       0.92560021
  223   1   0       0.93059533
  224   1   0       0.94376072
  225   1   0       1.24461730
  225   2   1       2.83091669
  226   1   0       0.94115554
  227   1   0       0.97476753
  228   1   0       1.22764420
  228   2   1       2.88479840
  229   1   0       0.92847266
  230   1   0       0.94278098
  231   1   0       1.27652907
  231   2   1       2.80663723
  232   1   0       0.96244885
  233   1   0       0.93801815
  234   1   0       1.28330010
  234   2   1       2.84467381
  235   1   0       0.94077172
  236   1   0       0.94289986
  237   1   0       1.24713493
  237   2   1       2.85504098
  238   1   0       0.95966526
  239   1   0       0.95289953
  240   1   0       1.23239652
  240   2   1       2.87729353
  241   1   0       0.92825955
  242   1   0       0.96150682
  243   1   0       1.23310166
  243   2   1       2.87665974
  244   1   0       0.92276552
  245   1   0       0.92135980
  246   1   0       1.27107489
  246   2   1       2.81397861
  247   1   0       0.99221428
  248   1   0       0.94334884
  249   1   0       1.26416127
  249   2   1       2.93465578
  250   1   0       0.94942949
  251   1   0       0.95367465
  252   1   0       0.92517966
  253   1   0       1.28296006
  253   2   1       2.92897100
  254   1   0       0.91525336
  255   1   0       0.94844297
  256   1   0       0.94017588
  257   1   0       1.25881790
  257   2   1       2.83518271
  258   1   0       0.94414023
  259   1   0       0.94784148
  260   1   0       1.24913985
  260   2   1       2.83217728
  261   1   0       0.93727739
  262   1   0       0.97507180
  263   1   0       1.23909069
  263   2   1       2.86585889
  264   1   0       0.93705695
  265   1   0       0.93212909
  266   1   0       1.25492054
  266   2   1       2.85274582
  267   1   0       0.94570741
  268   1   0       0.96305445
  269   1   0       1.25222792
  269   2   1       2.87693094
  270   1   0       0.94260657
  271   1   0       0.92914396
  272   1   0       1.22883826
  272   2   1       2.90915332
  273   1   0       0.92576939
  274   1   0       0.92358368
  275   1   0       1.25931747
  275   2   1       2.85200090
  276   1   0       0.96001400
  277   1   0       0.94317574
  278   1   0       1.26006191
  278   2   1       2.89966898
  279   1   0       0.92029447
  280   1   0       0.91039372
  281   1   0       1.27483464
  281   2   1       2.97467809
  282   1   0       0.91566318
  283   1   0       0.93066712
  284   1   0       0.92993943
  285   1   0       1.27844789
  285   2   1       2.94450220
  286   1   0       0.94639830
  287   1   0       0.91891807
  288   1   0       0.91644926
  289   1   0       1.20719625
  289   2   1       2.87828826
  290   1   0       0.95625028
  291   1   0       0.95654610
  292   1   0       1.24709991
  292   2   1       2.88078478
  293   1   0       0.94719756
  294   1   0       0.94305098
  295   1   0       1.27694425
  295   2   1       2.84142144
  296   1   0       0.94170352
  297   1   0       0.95517328
  298   1   0       1.24764588
  298   2   1       2.89212689
  299   1   0       0.91217090
  300   1   0       0.93198028
  301   1   0       1.25819170
  301   2   1       2.81154771
  302   1   0       0.95823770
  303   1   0       0.93876728
  304   1   0       1.25571696
  304   2   1       2.83051679
  305   1   0       0.96510534
  306   1   0       0.96295811
  307   1   0       1.25503965
  307   2   1       2.84891534
  308   1   0       0.93819570
  309   1   0       0.93724370
  310   1   0       1.25868823
  310   2   1       2.85033371
  311   1   0       0.95482017
  312   1   0       0.94358735
  313   1   0       1.23767856
  313   2   1       2.99602156
  314   1   0       0.93985453
  315   1   0       0.92033924
  316   1   0       0.90537468
  317   1   0       1.27894744
  317   2   1       2.91136422
  318   1   0       0.93750561
  319   1   0       0.94186771
  320   1   0       0.94313461
  321   1   0       1.21577768
  321   2   1       2.88999576
  322   1   0       0.94394967
  323   1   0       0.95832889
  324   1   0       1.20522980
  324   2   1       2.89590945
  325   1   0       0.94897389
  326   1   0       0.92984905
  327   1   0       1.22444384
  327   2   1       2.87041379
  328   1   0       0.95598415
  329   1   0       0.94313723
  330   1   0       1.27000388
  330   2   1       2.82848018
  331   1   0       0.93542233
  332   1   0       0.96558865
  333   1   0       1.27613502
  333   2   1       2.86002884
  334   1   0       0.92628805
  335   1   0       0.94899795
  336   1   0       1.25227119
  336   2   1       2.83792287
  337   1   0       0.96131653
  338   1   0       0.94024465
  339   1   0       1.23321573
  339   2   1       2.85726805
  340   1   0       0.95227583
  341   1   0       0.94522188
  342   1   0       1.24109868
  342   2   1       2.84970819
  343   1   0       0.95811576
  344   1   0       0.93699523
  345   1   0       1.25578811
  345   2   1       2.95821814
  346   1   0       0.93132080
  347   1   0       0.92770268
  348   1   0       0.94202341
  349   1   0       1.29022949
  349   2   1       2.88098336
  350   1   0       0.94946685
  351   1   0       0.96781382
  352   1   0       0.94272888
 
Orbital populations (up)
 Atom Sh.   l   m       Population  Label
    1   1   0   0       1.21597011  s
    1   2   1  -1       0.95599934  p_y
    1   2   1   0       0.93060350  p_z
    1   2   1   1       0.96658211  p_x
    2   1   0   0       0.95235971  s
    3   1   0   0       0.95288202  s
    4   1   0   0       1.23102814  s
    4   2   1  -1       0.96331284  p_y
    4   2   1   0       0.95302251  p_z
    4   2   1   1       0.96308340  p_x
    5   1   0   0       0.93971435  s
    6   1   0   0       0.93182392  s
    7   1   0   0       1.26613453  s
    7   2   1  -1       0.95211821  p_y
    7   2   1   0       0.96186464  p_z
    7   2   1   1       0.93065697  p_x
    8   1   0   0       0.94104322  s
    9   1   0   0       0.95070255  s
   10   1   0   0       1.24826103  s
   10   2   1  -1       0.99611970  p_y
   10   2   1   0       0.96938217  p_z
   10   2   1   1       0.93079117  p_x
   11   1   0   0       0.92363996  s
   12   1   0   0       0.94067490  s
   13   1   0   0       1.28228495  s
   13   2   1  -1       0.93881514  p_y
   13   2   1   0       0.97773559  p_z
   13   2   1   1       0.92290178  p_x
   14   1   0   0       0.94478853  s
   15   1   0   0       0.95071268  s
   16   1   0   0       1.26378479  s
   16   2   1  -1       0.93921006  p_y
   16   2   1   0       0.94085340  p_z
   16   2   1   1       0.94063222  p_x
   17   1   0   0       0.96710879  s
   18   1   0   0       0.92155220  s
   19   1   0   0       1.27065924  s
   19   2   1  -1       0.92245697  p_y
   19   2   1   0       0.98260546  p_z
   19   2   1   1       0.94417892  p_x
   20   1   0   0       0.93294317  s
   21   1   0   0       0.94986821  s
   22   1   0   0       1.25088406  s
   22   2   1  -1       0.99114292  p_y
   22   2   1   0       0.96146179  p_z
   22   2   1   1       0.90731113  p_x
   23   1   0   0       0.92927062  s
   24   1   0   0       0.95761394  s
   25   1   0   0       1.27253584  s
   25   2   1  -1       0.95484929  p_y
   25   2   1   0       0.99413335  p_z
   25   2   1   1       0.98108920  p_x
   26   1   0   0       0.94550508  s
   27   1   0   0       0.93596048  s
   28   1   0   0       0.94679926  s
   29   1   0   0       1.28481950  s
   29   2   1  -1       0.99101205  p_y
   29   2   1   0       0.93633521  p_z
   29   2   1   1       0.97817573  p_x
   30   1   0   0       0.92986837  s
   31   1   0   0       0.93191033  s
   32   1   0   0       0.96226931  s
   33   1   0   0       1.24266704  s
   33   2   1  -1       0.96049249  p_y
   33   2   1   0       0.92247983  p_z
   33   2   1   1       0.99462085  p_x
   34   1   0   0       0.94456665  s
   35   1   0   0       0.94578143  s
   36   1   0   0       1.22954836  s
   36   2   1  -1       0.97333760  p_y
   36   2   1   0       0.94710604  p_z
   36   2   1   1       0.95855502  p_x
   37   1   0   0       0.94902816  s
   38   1   0   0       0.94574481  s
   39   1   0   0       1.22367351  s
   39   2   1  -1       0.93957304  p_y
   39   2   1   0       0.98180019  p_z
   39   2   1   1       0.97083860  p_x
   40   1   0   0       0.91577483  s
   41   1   0   0       0.95414019  s
   42   1   0   0       1.21554318  s
   42   2   1  -1       0.97395065  p_y
   42   2   1   0       0.97607024  p_z
   42   2   1   1       0.95548351  p_x
   43   1   0   0       0.92897563  s
   44   1   0   0       0.92878246  s
   45   1   0   0       1.24615053  s
   45   2   1  -1       0.94207297  p_y
   45   2   1   0       0.95992363  p_z
   45   2   1   1       0.94773683  p_x
   46   1   0   0       0.95170515  s
   47   1   0   0       0.98138493  s
   48   1   0   0       1.24365433  s
   48   2   1  -1       0.94732559  p_y
   48   2   1   0       0.95406569  p_z
   48   2   1   1       0.92746145  p_x
   49   1   0   0       0.95179040  s
   50   1   0   0       0.98044451  s
   51   1   0   0       1.22633810  s
   51   2   1  -1       0.96239215  p_y
   51   2   1   0       0.94147171  p_z
   51   2   1   1       0.97194329  p_x
   52   1   0   0       0.96067392  s
   53   1   0   0       0.92288387  s
   54   1   0   0       1.22717692  s
   54   2   1  -1       0.91238020  p_y
   54   2   1   0       0.97281149  p_z
   54   2   1   1       0.95562442  p_x
   55   1   0   0       0.95147931  s
   56   1   0   0       0.96573035  s
   57   1   0   0       1.27237090  s
   57   2   1  -1       0.97129847  p_y
   57   2   1   0       1.00044383  p_z
   57   2   1   1       0.98642708  p_x
   58   1   0   0       0.92889983  s
   59   1   0   0       0.91779782  s
   60   1   0   0       0.92423970  s
   61   1   0   0       1.26715318  s
   61   2   1  -1       0.92607388  p_y
   61   2   1   0       0.99772488  p_z
   61   2   1   1       0.99043604  p_x
   62   1   0   0       0.95298921  s
   63   1   0   0       0.91506397  s
   64   1   0   0       0.96689996  s
   65   1   0   0       1.24175119  s
   65   2   1  -1       0.98226964  p_y
   65   2   1   0       0.94749352  p_z
   65   2   1   1       0.91090779  p_x
   66   1   0   0       0.95899698  s
   67   1   0   0       0.94114886  s
   68   1   0   0       1.24654230  s
   68   2   1  -1       0.91872240  p_y
   68   2   1   0       0.98412990  p_z
   68   2   1   1       0.97563713  p_x
   69   1   0   0       0.94876641  s
   70   1   0   0       0.94262902  s
   71   1   0   0       1.23572899  s
   71   2   1  -1       0.94276403  p_y
   71   2   1   0       0.96381947  p_z
   71   2   1   1       0.95524947  p_x
   72   1   0   0       0.93413426  s
   73   1   0   0       0.93568157  s
   74   1   0   0       1.24597745  s
   74   2   1  -1       0.95584831  p_y
   74   2   1   0       0.93824944  p_z
   74   2   1   1       0.98886045  p_x
   75   1   0   0       0.95171342  s
   76   1   0   0       0.93439714  s
   77   1   0   0       1.23174297  s
   77   2   1  -1       0.94051354  p_y
   77   2   1   0       0.97651638  p_z
   77   2   1   1       0.96656482  p_x
   78   1   0   0       0.93627333  s
   79   1   0   0       0.94522401  s
   80   1   0   0       1.21153671  s
   80   2   1  -1       0.97815180  p_y
   80   2   1   0       0.93913316  p_z
   80   2   1   1       0.96963026  p_x
   81   1   0   0       0.95252569  s
   82   1   0   0       0.94913689  s
   83   1   0   0       1.24108200  s
   83   2   1  -1       0.95920539  p_y
   83   2   1   0       0.92892638  p_z
   83   2   1   1       0.94878031  p_x
   84   1   0   0       0.96061413  s
   85   1   0   0       0.97701312  s
   86   1   0   0       1.21918200  s
   86   2   1  -1       0.97185163  p_y
   86   2   1   0       0.91384247  p_z
   86   2   1   1       0.98072922  p_x
   87   1   0   0       0.94217114  s
   88   1   0   0       0.95744939  s
   89   1   0   0       1.26470228  s
   89   2   1  -1       0.99957991  p_y
   89   2   1   0       1.00510214  p_z
   89   2   1   1       0.93820130  p_x
   90   1   0   0       0.94015655  s
   91   1   0   0       0.91887777  s
   92   1   0   0       0.94552124  s
   93   1   0   0       1.23658014  s
   93   2   1  -1       1.03004849  p_y
   93   2   1   0       0.94782247  p_z
   93   2   1   1       1.00378342  p_x
   94   1   0   0       0.93445328  s
   95   1   0   0       0.92892534  s
   96   1   0   0       0.92907211  s
   97   1   0   0       1.23743342  s
   97   2   1  -1       0.95868418  p_y
   97   2   1   0       0.95058151  p_z
   97   2   1   1       0.94217651  p_x
   98   1   0   0       0.93055100  s
   99   1   0   0       0.96380159  s
  100   1   0   0       1.24453123  s
  100   2   1  -1       0.97999039  p_y
  100   2   1   0       0.94780924  p_z
  100   2   1   1       0.94679511  p_x
  101   1   0   0       0.95073858  s
  102   1   0   0       0.94299034  s
  103   1   0   0       1.25671545  s
  103   2   1  -1       0.91642660  p_y
  103   2   1   0       0.95165208  p_z
  103   2   1   1       1.01923647  p_x
  104   1   0   0       0.93047859  s
  105   1   0   0       0.93961171  s
  106   1   0   0       1.24013758  s
  106   2   1  -1       0.92767139  p_y
  106   2   1   0       0.92821185  p_z
  106   2   1   1       0.99609708  p_x
  107   1   0   0       0.93470505  s
  108   1   0   0       0.96863236  s
  109   1   0   0       1.21315471  s
  109   2   1  -1       0.94032618  p_y
  109   2   1   0       0.98410932  p_z
  109   2   1   1       0.95608882  p_x
  110   1   0   0       0.93733633  s
  111   1   0   0       0.93192400  s
  112   1   0   0       1.24880293  s
  112   2   1  -1       0.93184903  p_y
  112   2   1   0       1.00120381  p_z
  112   2   1   1       0.95858859  p_x
  113   1   0   0       0.93963869  s
  114   1   0   0       0.94261342  s
  115   1   0   0       1.26963452  s
  115   2   1  -1       0.96049292  p_y
  115   2   1   0       0.95038121  p_z
  115   2   1   1       0.92528783  p_x
  116   1   0   0       0.96214274  s
  117   1   0   0       0.92702882  s
  118   1   0   0       1.26460772  s
  118   2   1  -1       0.94505967  p_y
  118   2   1   0       0.96273802  p_z
  118   2   1   1       0.93686514  p_x
  119   1   0   0       0.93545013  s
  120   1   0   0       0.94440754  s
  121   1   0   0       1.28539110  s
  121   2   1  -1       0.97786841  p_y
  121   2   1   0       0.97795542  p_z
  121   2   1   1       0.95192437  p_x
  122   1   0   0       0.93911670  s
  123   1   0   0       0.92735355  s
  124   1   0   0       0.95785400  s
  125   1   0   0       1.28154353  s
  125   2   1  -1       0.99199141  p_y
  125   2   1   0       0.98555422  p_z
  125   2   1   1       0.97845127  p_x
  126   1   0   0       0.93440983  s
  127   1   0   0       0.91698950  s
  128   1   0   0       0.92580615  s
  129   1   0   0       1.26222768  s
  129   2   1  -1       0.94268030  p_y
  129   2   1   0       0.96269151  p_z
  129   2   1   1       1.06590556  p_x
  130   1   0   0       0.95271736  s
  131   1   0   0       1.00037137  s
  132   1   0   0       1.27937189  s
  132   2   1  -1       0.93277838  p_y
  132   2   1   0       0.96303665  p_z
  132   2   1   1       1.07321347  p_x
  133   1   0   0       0.89770336  s
  134   1   0   0       0.92343761  s
  135   1   0   0       1.24792325  s
  135   2   1  -1       0.90425379  p_y
  135   2   1   0       0.94194762  p_z
  135   2   1   1       0.95183070  p_x
  136   1   0   0       0.99689724  s
  137   1   0   0       0.94733815  s
  138   1   0   0       1.22055481  s
  138   2   1  -1       0.92501029  p_y
  138   2   1   0       0.95853397  p_z
  138   2   1   1       1.02029257  p_x
  139   1   0   0       0.92759962  s
  140   1   0   0       0.92294189  s
  141   1   0   0       1.25673537  s
  141   2   1  -1       0.92042332  p_y
  141   2   1   0       0.96948681  p_z
  141   2   1   1       0.94634925  p_x
  142   1   0   0       0.94709983  s
  143   1   0   0       0.93794856  s
  144   1   0   0       1.30328654  s
  144   2   1  -1       0.92508976  p_y
  144   2   1   0       0.96662278  p_z
  144   2   1   1       0.91693595  p_x
  145   1   0   0       0.94660145  s
  146   1   0   0       0.96238136  s
  147   1   0   0       1.25380153  s
  147   2   1  -1       0.92715935  p_y
  147   2   1   0       0.93176253  p_z
  147   2   1   1       0.98810304  p_x
  148   1   0   0       0.98089320  s
  149   1   0   0       0.93368212  s
  150   1   0   0       1.21910003  s
  150   2   1  -1       0.98247540  p_y
  150   2   1   0       0.91839067  p_z
  150   2   1   1       0.97099697  p_x
  151   1   0   0       0.94839240  s
  152   1   0   0       0.92949620  s
  153   1   0   0       1.27655316  s
  153   2   1  -1       0.98233770  p_y
  153   2   1   0       0.94860540  p_z
  153   2   1   1       0.97648395  p_x
  154   1   0   0       0.92662461  s
  155   1   0   0       0.94255204  s
  156   1   0   0       0.92364450  s
  157   1   0   0       1.25207186  s
  157   2   1  -1       0.92430866  p_y
  157   2   1   0       0.96833958  p_z
  157   2   1   1       0.93467416  p_x
  158   1   0   0       0.96569918  s
  159   1   0   0       0.90308203  s
  160   1   0   0       0.93894706  s
  161   1   0   0       1.23096930  s
  161   2   1  -1       0.91982260  p_y
  161   2   1   0       0.96969087  p_z
  161   2   1   1       0.95542937  p_x
  162   1   0   0       0.91964985  s
  163   1   0   0       0.96141589  s
  164   1   0   0       1.24136737  s
  164   2   1  -1       0.92422937  p_y
  164   2   1   0       1.00622873  p_z
  164   2   1   1       0.96252204  p_x
  165   1   0   0       0.93653851  s
  166   1   0   0       0.93742607  s
  167   1   0   0       1.24449992  s
  167   2   1  -1       0.93101645  p_y
  167   2   1   0       0.97456190  p_z
  167   2   1   1       0.96330308  p_x
  168   1   0   0       0.92909818  s
  169   1   0   0       0.94997897  s
  170   1   0   0       1.23963055  s
  170   2   1  -1       0.96688048  p_y
  170   2   1   0       0.95731522  p_z
  170   2   1   1       0.94079264  p_x
  171   1   0   0       0.94872325  s
  172   1   0   0       0.95129803  s
  173   1   0   0       1.24502046  s
  173   2   1  -1       0.95570075  p_y
  173   2   1   0       0.93776421  p_z
  173   2   1   1       0.94879617  p_x
  174   1   0   0       0.94637006  s
  175   1   0   0       0.96881010  s
  176   1   0   0       1.22715630  s
  176   2   1  -1       0.95755147  p_y
  176   2   1   0       0.97360761  p_z
  176   2   1   1       0.93176388  p_x
  177   1   0   0       0.94751802  s
  178   1   0   0       0.94711448  s
  179   1   0   0       1.23481050  s
  179   2   1  -1       0.93936257  p_y
  179   2   1   0       0.97089712  p_z
  179   2   1   1       0.96294930  p_x
  180   1   0   0       0.94182249  s
  181   1   0   0       0.96191784  s
  182   1   0   0       1.24678028  s
  182   2   1  -1       0.91868138  p_y
  182   2   1   0       1.02263873  p_z
  182   2   1   1       0.94888094  p_x
  183   1   0   0       0.93659025  s
  184   1   0   0       0.91816713  s
  185   1   0   0       1.26842733  s
  185   2   1  -1       0.96388999  p_y
  185   2   1   0       0.95884929  p_z
  185   2   1   1       0.97260646  p_x
  186   1   0   0       0.93602313  s
  187   1   0   0       0.95171780  s
  188   1   0   0       0.97194624  s
  189   1   0   0       1.26385147  s
  189   2   1  -1       0.97304366  p_y
  189   2   1   0       1.03631435  p_z
  189   2   1   1       0.96818839  p_x
  190   1   0   0       0.92327957  s
  191   1   0   0       0.91592853  s
  192   1   0   0       0.92016203  s
  193   1   0   0       1.24577401  s
  193   2   1  -1       0.95973220  p_y
  193   2   1   0       0.97612396  p_z
  193   2   1   1       0.93863867  p_x
  194   1   0   0       0.92435911  s
  195   1   0   0       0.92616984  s
  196   1   0   0       1.25552470  s
  196   2   1  -1       0.93720562  p_y
  196   2   1   0       0.99218871  p_z
  196   2   1   1       0.94158334  p_x
  197   1   0   0       0.90614921  s
  198   1   0   0       0.93628767  s
  199   1   0   0       1.24777879  s
  199   2   1  -1       0.95904351  p_y
  199   2   1   0       0.93231322  p_z
  199   2   1   1       0.99510025  p_x
  200   1   0   0       0.92942535  s
  201   1   0   0       0.95894474  s
  202   1   0   0       1.21660770  s
  202   2   1  -1       1.02661308  p_y
  202   2   1   0       0.93360768  p_z
  202   2   1   1       0.96600096  p_x
  203   1   0   0       0.92216485  s
  204   1   0   0       0.93379687  s
  205   1   0   0       1.20305297  s
  205   2   1  -1       0.94079988  p_y
  205   2   1   0       0.88813697  p_z
  205   2   1   1       0.95827378  p_x
  206   1   0   0       0.96534915  s
  207   1   0   0       0.95134371  s
  208   1   0   0       1.27122231  s
  208   2   1  -1       0.93063105  p_y
  208   2   1   0       0.94889266  p_z
  208   2   1   1       0.97945930  p_x
  209   1   0   0       0.94509035  s
  210   1   0   0       0.95732357  s
  211   1   0   0       1.26067840  s
  211   2   1  -1       0.93638444  p_y
  211   2   1   0       0.92638413  p_z
  211   2   1   1       0.98170352  p_x
  212   1   0   0       0.93525369  s
  213   1   0   0       0.96731378  s
  214   1   0   0       1.24060136  s
  214   2   1  -1       0.91880378  p_y
  214   2   1   0       0.95038440  p_z
  214   2   1   1       0.97797399  p_x
  215   1   0   0       0.95817184  s
  216   1   0   0       0.92142542  s
  217   1   0   0       1.28735043  s
  217   2   1  -1       1.02362996  p_y
  217   2   1   0       0.96403628  p_z
  217   2   1   1       0.96486140  p_x
  218   1   0   0       0.93065015  s
  219   1   0   0       0.91209419  s
  220   1   0   0       0.95288902  s
  221   1   0   0       1.28492908  s
  221   2   1  -1       0.94010087  p_y
  221   2   1   0       1.02531446  p_z
  221   2   1   1       0.98195363  p_x
  222   1   0   0       0.92560021  s
  223   1   0   0       0.93059533  s
  224   1   0   0       0.94376072  s
  225   1   0   0       1.24461730  s
  225   2   1  -1       0.93361571  p_y
  225   2   1   0       0.96282288  p_z
  225   2   1   1       0.93447810  p_x
  226   1   0   0       0.94115554  s
  227   1   0   0       0.97476753  s
  228   1   0   0       1.22764420  s
  228   2   1  -1       0.96368306  p_y
  228   2   1   0       0.92896496  p_z
  228   2   1   1       0.99215037  p_x
  229   1   0   0       0.92847266  s
  230   1   0   0       0.94278098  s
  231   1   0   0       1.27652907  s
  231   2   1  -1       0.94094331  p_y
  231   2   1   0       0.93257603  p_z
  231   2   1   1       0.93311788  p_x
  232   1   0   0       0.96244885  s
  233   1   0   0       0.93801815  s
  234   1   0   0       1.28330010  s
  234   2   1  -1       0.96819135  p_y
  234   2   1   0       0.90900795  p_z
  234   2   1   1       0.96747451  p_x
  235   1   0   0       0.94077172  s
  236   1   0   0       0.94289986  s
  237   1   0   0       1.24713493  s
  237   2   1  -1       0.96740438  p_y
  237   2   1   0       0.92824018  p_z
  237   2   1   1       0.95939642  p_x
  238   1   0   0       0.95966526  s
  239   1   0   0       0.95289953  s
  240   1   0   0       1.23239652  s
  240   2   1  -1       0.92729146  p_y
  240   2   1   0       0.99536071  p_z
  240   2   1   1       0.95464136  p_x
  241   1   0   0       0.92825955  s
  242   1   0   0       0.96150682  s
  243   1   0   0       1.23310166  s
  243   2   1  -1       0.94535654  p_y
  243   2   1   0       0.95536509  p_z
  243   2   1   1       0.97593812  p_x
  244   1   0   0       0.92276552  s
  245   1   0   0       0.92135980  s
  246   1   0   0       1.27107489  s
  246   2   1  -1       0.97206541  p_y
  246   2   1   0       0.90937429  p_z
  246   2   1   1       0.93253891  p_x
  247   1   0   0       0.99221428  s
  248   1   0   0       0.94334884  s
  249   1   0   0       1.26416127  s
  249   2   1  -1       0.94235693  p_y
  249   2   1   0       0.99455521  p_z
  249   2   1   1       0.99774364  p_x
  250   1   0   0       0.94942949  s
  251   1   0   0       0.95367465  s
  252   1   0   0       0.92517966  s
  253   1   0   0       1.28296006  s
  253   2   1  -1       0.98736607  p_y
  253   2   1   0       0.95054372  p_z
  253   2   1   1       0.99106122  p_x
  254   1   0   0       0.91525336  s
  255   1   0   0       0.94844297  s
  256   1   0   0       0.94017588  s
  257   1   0   0       1.25881790  s
  257   2   1  -1       0.90259302  p_y
  257   2   1   0       0.96727667  p_z
  257   2   1   1       0.96531302  p_x
  258   1   0   0       0.94414023  s
  259   1   0   0       0.94784148  s
  260   1   0   0       1.24913985  s
  260   2   1  -1       0.91290437  p_y
  260   2   1   0       0.96581608  p_z
  260   2   1   1       0.95345684  p_x
  261   1   0   0       0.93727739  s
  262   1   0   0       0.97507180  s
  263   1   0   0       1.23909069  s
  263   2   1  -1       0.93765362  p_y
  263   2   1   0       0.94372393  p_z
  263   2   1   1       0.98448134  p_x
  264   1   0   0       0.93705695  s
  265   1   0   0       0.93212909  s
  266   1   0   0       1.25492054  s
  266   2   1  -1       0.91965385  p_y
  266   2   1   0       0.91717662  p_z
  266   2   1   1       1.01591535  p_x
  267   1   0   0       0.94570741  s
  268   1   0   0       0.96305445  s
  269   1   0   0       1.25222792  s
  269   2   1  -1       0.93983306  p_y
  269   2   1   0       0.95826105  p_z
  269   2   1   1       0.97883683  p_x
  270   1   0   0       0.94260657  s
  271   1   0   0       0.92914396  s
  272   1   0   0       1.22883826  s
  272   2   1  -1       0.93336782  p_y
  272   2   1   0       1.02150371  p_z
  272   2   1   1       0.95428179  p_x
  273   1   0   0       0.92576939  s
  274   1   0   0       0.92358368  s
  275   1   0   0       1.25931747  s
  275   2   1  -1       0.97241470  p_y
  275   2   1   0       0.96116098  p_z
  275   2   1   1       0.91842522  p_x
  276   1   0   0       0.96001400  s
  277   1   0   0       0.94317574  s
  278   1   0   0       1.26006191  s
  278   2   1  -1       0.96993991  p_y
  278   2   1   0       0.94696116  p_z
  278   2   1   1       0.98276790  p_x
  279   1   0   0       0.92029447  s
  280   1   0   0       0.91039372  s
  281   1   0   0       1.27483464  s
  281   2   1  -1       0.98894243  p_y
  281   2   1   0       1.01321171  p_z
  281   2   1   1       0.97252395  p_x
  282   1   0   0       0.91566318  s
  283   1   0   0       0.93066712  s
  284   1   0   0       0.92993943  s
  285   1   0   0       1.27844789  s
  285   2   1  -1       1.00129797  p_y
  285   2   1   0       0.94995403  p_z
  285   2   1   1       0.99325021  p_x
  286   1   0   0       0.94639830  s
  287   1   0   0       0.91891807  s
  288   1   0   0       0.91644926  s
  289   1   0   0       1.20719625  s
  289   2   1  -1       0.93921186  p_y
  289   2   1   0       0.98761045  p_z
  289   2   1   1       0.95146595  p_x
  290   1   0   0       0.95625028  s
  291   1   0   0       0.95654610  s
  292   1   0   0       1.24709991  s
  292   2   1  -1       0.95431990  p_y
  292   2   1   0       0.96900396  p_z
  292   2   1   1       0.95746092  p_x
  293   1   0   0       0.94719756  s
  294   1   0   0       0.94305098  s
  295   1   0   0       1.27694425  s
  295   2   1  -1       0.96206043  p_y
  295   2   1   0       0.92201639  p_z
  295   2   1   1       0.95734461  p_x
  296   1   0   0       0.94170352  s
  297   1   0   0       0.95517328  s
  298   1   0   0       1.24764588  s
  298   2   1  -1       0.94240808  p_y
  298   2   1   0       0.94988363  p_z
  298   2   1   1       0.99983518  p_x
  299   1   0   0       0.91217090  s
  300   1   0   0       0.93198028  s
  301   1   0   0       1.25819170  s
  301   2   1  -1       0.93455871  p_y
  301   2   1   0       0.91985346  p_z
  301   2   1   1       0.95713553  p_x
  302   1   0   0       0.95823770  s
  303   1   0   0       0.93876728  s
  304   1   0   0       1.25571696  s
  304   2   1  -1       0.94051600  p_y
  304   2   1   0       0.90220848  p_z
  304   2   1   1       0.98779231  p_x
  305   1   0   0       0.96510534  s
  306   1   0   0       0.96295811  s
  307   1   0   0       1.25503965  s
  307   2   1  -1       0.96001736  p_y
  307   2   1   0       0.93385527  p_z
  307   2   1   1       0.95504270  p_x
  308   1   0   0       0.93819570  s
  309   1   0   0       0.93724370  s
  310   1   0   0       1.25868823  s
  310   2   1  -1       0.98831329  p_y
  310   2   1   0       0.93290819  p_z
  310   2   1   1       0.92911223  p_x
  311   1   0   0       0.95482017  s
  312   1   0   0       0.94358735  s
  313   1   0   0       1.23767856  s
  313   2   1  -1       0.98977747  p_y
  313   2   1   0       1.04666026  p_z
  313   2   1   1       0.95958383  p_x
  314   1   0   0       0.93985453  s
  315   1   0   0       0.92033924  s
  316   1   0   0       0.90537468  s
  317   1   0   0       1.27894744  s
  317   2   1  -1       0.99025072  p_y
  317   2   1   0       0.98842329  p_z
  317   2   1   1       0.93269021  p_x
  318   1   0   0       0.93750561  s
  319   1   0   0       0.94186771  s
  320   1   0   0       0.94313461  s
  321   1   0   0       1.21577768  s
  321   2   1  -1       0.92881403  p_y
  321   2   1   0       1.00437634  p_z
  321   2   1   1       0.95680538  p_x
  322   1   0   0       0.94394967  s
  323   1   0   0       0.95832889  s
  324   1   0   0       1.20522980  s
  324   2   1  -1       0.94586347  p_y
  324   2   1   0       0.98271969  p_z
  324   2   1   1       0.96732628  p_x
  325   1   0   0       0.94897389  s
  326   1   0   0       0.92984905  s
  327   1   0   0       1.22444384  s
  327   2   1  -1       0.94485753  p_y
  327   2   1   0       0.97346781  p_z
  327   2   1   1       0.95208844  p_x
  328   1   0   0       0.95598415  s
  329   1   0   0       0.94313723  s
  330   1   0   0       1.27000388  s
  330   2   1  -1       0.96613002  p_y
  330   2   1   0       0.95904323  p_z
  330   2   1   1       0.90330693  p_x
  331   1   0   0       0.93542233  s
  332   1   0   0       0.96558865  s
  333   1   0   0       1.27613502  s
  333   2   1  -1       0.96080613  p_y
  333   2   1   0       0.97020269  p_z
  333   2   1   1       0.92902003  p_x
  334   1   0   0       0.92628805  s
  335   1   0   0       0.94899795  s
  336   1   0   0       1.25227119  s
  336   2   1  -1       0.95843920  p_y
  336   2   1   0       0.95366894  p_z
  336   2   1   1       0.92581473  p_x
  337   1   0   0       0.96131653  s
  338   1   0   0       0.94024465  s
  339   1   0   0       1.23321573  s
  339   2   1  -1       0.96400533  p_y
  339   2   1   0       0.97632291  p_z
  339   2   1   1       0.91693981  p_x
  340   1   0   0       0.95227583  s
  341   1   0   0       0.94522188  s
  342   1   0   0       1.24109868  s
  342   2   1  -1       0.94918769  p_y
  342   2   1   0       0.98613648  p_z
  342   2   1   1       0.91438402  p_x
  343   1   0   0       0.95811576  s
  344   1   0   0       0.93699523  s
  345   1   0   0       1.25578811  s
  345   2   1  -1       0.99590236  p_y
  345   2   1   0       1.00092918  p_z
  345   2   1   1       0.96138660  p_x
  346   1   0   0       0.93132080  s
  347   1   0   0       0.92770268  s
  348   1   0   0       0.94202341  s
  349   1   0   0       1.29022949  s
  349   2   1  -1       0.95407030  p_y
  349   2   1   0       0.98947470  p_z
  349   2   1   1       0.93743836  p_x
  350   1   0   0       0.94946685  s
  351   1   0   0       0.96781382  s
  352   1   0   0       0.94272888  s
 
Fermi level:                        -0.1522085961 H           -4.1418 eV
Band energy:                      -277.6778749870 H        -7555.9994 eV
TS:                                  0.0000000000 H            0.0000 eV
Band free energy (E-TS):          -277.6778749870 H        -7555.9994 eV
Extrapolated E(0K):               -277.6778749870 H        -7555.9994 eV
Input / Output electrons (q):    682.0000000000    682.0000000000
 
Energy H0:                        -282.2241132249 H        -7679.7089 eV
Energy SCC:                          0.0799125209 H            2.1745 eV
Total Electronic energy:          -282.1442007040 H        -7677.5343 eV
Repulsive energy:                    4.6057671902 H          125.3293 eV
Dispersion energy:                   1.1218573551 H           30.5273 eV
Total energy:                     -276.4165761586 H        -7521.6777 eV
Extrapolated to 0:                -276.4165761586 H        -7521.6777 eV
Total Mermin free energy:         -276.4165761586 H        -7521.6777 eV
Force related energy:             -276.4165761586 H        -7521.6777 eV
 
SCC converged
 
Full geometry written in geo_end.{xyz|gen}
 
MD Kinetic Energy:                   1.3864296087 H
Total MD Energy:                  -275.0301465499 H
Pressure:                            0.319490E-05 au     0.939972E+08 Pa
MD Temperature:                      0.0026332946 H          831.5277 K
MD Kinetic Energy:                   1.3864296087 H
Total MD Energy:                  -275.0301465499 H        -7483.9511 eV
MD Temperature:                      0.0026332946 H          831.5277 K
 
Molecular dynamics completed
 
