 Fermi distribution function
 
MD step: 50000
 

********************************************************************************
 iSCC Total electronic   Diff electronic      SCC error    
    9   -0.28217180E+03   -0.20691004E-10    0.23104189E-06
********************************************************************************
 
Coordinates of moved atoms (au):
    1     69.24861693     64.24952441     77.15088373
    2     67.69872261     65.58217400     76.66005110
    3     68.24565662     62.43973449     77.30728894
    4     71.39762026     93.39400907     75.14743091
    5     71.57375504     95.57204004     74.75348643
    6     41.71348875     92.70399001     73.18244390
    7     73.80510518     91.87537219     75.85447354
    8     43.88299452     90.29956790     76.87472091
    9     74.86087164     92.90836182     77.26439784
   10     46.52703430     90.91272158     73.61279127
   11     47.94799953     89.59339241     74.49481554
   12     47.69435765     92.29194581     72.80854334
   13     74.13306527     88.92850219     71.96164992
   14     75.12897812     89.17176316     70.08550248
   15     72.12096602     89.57977639     71.81733364
   16     45.46151534     86.17932987     72.85594402
   17     43.72170427     85.09384302     72.37014874
   18     45.44693478     85.97259184     75.13380690
   19     76.97446743     85.09902977     71.79656206
   20     78.59305814     86.38983063     72.30686105
   21     76.90807827     85.16057394     69.72343431
   22     77.68873398     82.51026884     72.70609629
   23     50.00438489     81.41568810     71.40363216
   24     47.01062400     81.47171578     72.63989030
   25     69.96906448     65.22512521     79.83073674
   26     70.78756814     63.93568483     81.16479938
   27     71.27980789     66.81059441     79.73224856
   28     68.15154869     65.71286828     80.78710753
   29     78.81801282     82.16361638     75.20315770
   30     80.72643668     83.06009300     75.70280757
   31     77.78749022     83.04403770     76.78019495
   32     79.17472271     80.22546070     75.70831697
   33     50.80650912     64.83014348     68.28799779
   34     49.31075591     63.26062381     68.73865142
   35     51.45777064     65.63606898     70.22253280
   36     52.96161686     63.90532014     66.36776475
   37     54.92162343     64.77468596     66.94039382
   38     52.71633558     64.59613344     64.42443738
   39     53.20801111     61.01979399     66.11442566
   40     53.79981900     59.98036264     67.73518643
   41     54.87799490     60.90260572     64.65307713
   42     50.81956157     59.59367411     65.03361864
   43     79.22250135     60.79981362     63.36981775
   44     49.26607174     59.80150274     66.46763058
   45     50.97867113     56.98661589     63.94953579
   46     51.57694928     55.66407256     65.34461001
   47     81.38282957     56.90634946     62.30767643
   48     77.39499102     56.30516155     62.99273906
   49     75.91427440     57.08772933     64.32468210
   50     77.27717774     54.16245178     63.13623152
   51     47.50005412     56.73568017     60.22753470
   52     48.72123552     55.58076232     58.82105501
   53     47.80865867     58.76721745     59.38644979
   54     73.66708964     55.81849633     88.98078482
   55     72.52589483     56.60724510     90.49719332
   56     73.70047155     53.66565055     89.35035260
   57     49.01240476     66.94663782     66.99061056
   58     47.43314602     67.33944191     68.25293117
   59     49.85335063     68.84341730     66.65756598
   60     48.13570974     66.29792168     65.15925253
   61     43.72281029     56.12605761     86.24807917
   62     44.70233558     54.74979484     84.84897915
   63     41.61401929     55.85284724     86.00692319
   64     44.34552207     58.04707588     85.83731182
   65     70.79372699     79.78501188     68.52725109
   66     71.33484809     80.71334212     70.53985409
   67     69.96195830     77.97032811     69.05428827
   68     68.30528728     81.15948189     67.56897764
   69     69.12663681     83.21430215     67.05100593
   70     67.08091592     81.75128514     69.22474173
   71     67.11597131     79.62262899     65.44528123
   72     65.26099367     78.94956149     66.70932708
   73     68.50888028     78.16027996     65.06933067
   74     66.41839500     52.42837033     63.06278408
   75     67.69808762     54.32410863     63.15880696
   76     64.55312991     53.31892703     63.30271037
   77     66.01998903     50.74635950     60.82903873
   78     65.00965199     77.91202818     61.83249888
   79     68.10399151     78.98394476     60.38243849
   80     64.42512792     51.78728087     58.60920321
   81     65.38744623     53.15387517     57.52390642
   82     62.68432916     52.66556682     59.41338725
   83     63.63952748     49.47402063     56.52569324
   84     61.92978119     48.70632137     57.68179522
   85     64.95558760     47.76165466     56.23700693
   86     62.89081430     50.25750430     53.93228226
   87     61.39945961     51.69046411     54.01563069
   88     62.31396945     48.53632799     52.97105025
   89     73.22799053     80.16655442     66.80191714
   90     74.02769295     82.22815969     66.62845210
   91     77.02160476     78.76556664     66.93542645
   92     72.67398435     79.58443270     64.94504210
   93     65.22462047     50.98302126     52.37668742
   94     65.98132815     49.39280859     51.48641226
   95     64.66349026     52.51227544     51.06478559
   96     66.80103088     51.82909626     53.63802665
   97     49.77914400     59.67040594     80.38958726
   98     47.79251097     59.82135513     79.39011023
   99     51.01997978     59.11642571     78.66162127
  100     50.33469325     62.21295330     81.49699121
  101     52.01735344     62.48947803     82.52676113
  102     48.87994617     62.58980194     82.98455315
  103     50.65962018     64.10873299     79.22432167
  104     49.10894077     65.60018069     79.01686653
  105     51.19027827     63.14547827     77.42879608
  106     53.10913535     65.63573044     50.76647545
  107     54.72829589     64.39144012     51.40854058
  108     52.94488044     66.84238321     52.56144141
  109     53.90721463     67.30198060     48.38347946
  110     52.64194632     68.95542964     48.67770943
  111     52.86542623     66.54137997     46.69055681
  112     56.66525756     67.65852795     47.75824774
  113     56.79337064     68.78991379     46.02550175
  114     57.60856461     65.74012867     47.50560162
  115     58.09675106     69.21791586     49.78065268
  116     58.84569646     67.77765256     51.10159566
  117     56.95714288     70.43931634     50.95149135
  118     60.02661467     70.91839930     48.54970099
  119     60.88215864     72.35406358     49.84135687
  120     58.93263215     72.35297360     47.29095319
  121     49.59832844     57.61135799     82.40191040
  122     49.00170153     55.85568152     81.68333034
  123     51.47041761     57.29116724     83.48950746
  124     48.08003406     58.29926015     83.74862729
  125     62.00703947     69.53574652     47.11784051
  126     62.99972442     67.98548694     47.97064268
  127     61.23977534     68.80421229     45.19058473
  128     63.62990498     70.72045143     46.67448286
  129     81.09091595     70.61724794     57.88095244
  130     79.84262223     72.25361292     58.56325118
  131     82.41199936     70.50034357     59.65764034
  132     79.49289022     68.11761312     57.42630208
  133     80.76040868     66.43917127     57.58970523
  134     78.79425172     68.32467854     55.47040390
  135     77.22245603     67.62949385     59.21296633
  136     76.35546843     69.46832160     59.23267727
  137     77.94306679     67.34049312     61.23802933
  138     75.28069537     65.45144566     58.65228254
  139     76.52288244     63.67648732     58.23506364
  140     74.38013197     65.83800665     56.75046905
  141     73.39098640     65.04484075     60.77276439
  142     72.59255995     67.09492257     60.64319790
  143     74.50747653     64.86921170     62.43727857
  144     71.49238620     62.98974606     60.12705533
  145     72.57183313     61.35390400     59.81529217
  146     70.49321640     63.39253691     58.47193632
  147     69.54992903     62.38640369     62.68887602
  148     69.35365789     64.04591336     64.16974202
  149     70.53286885     60.79279016     63.62532914
  150     66.90717487     61.57313631     61.58523630
  151     65.75308844     63.32722226     61.00777201
  152     65.75784515     60.80244964     63.17168579
  153     82.77348636     71.14356600     55.52502585
  154     83.69015464     40.32484295     55.18692626
  155     81.79841658     71.61681370     53.75426238
  156     84.22856125     72.69777392     55.88483268
  157     66.94701107     59.45409387     59.67250417
  158     68.09080433     59.85723397     57.89260097
  159     67.97350040     57.83892314     60.45557865
  160     65.06682834     58.78382957     59.22381723
  161     87.71087017     59.22096968     62.39984784
  162     89.36584175     60.63507721     62.86609737
  163     86.06824064     60.47879383     62.20706088
  164     88.06209868     58.28304814     59.80728134
  165     89.55297224     56.83977154     59.67090624
  166     88.48251898     59.98708322     58.49961139
  167     85.71985611     56.90344093     58.72159650
  168     84.08315069     58.07507967     57.94423668
  169     84.73481731     55.51598705     60.24040943
  170     86.93168434     55.01623382     56.64389908
  171     88.58779789     53.90055227     57.37269944
  172     87.89532255     56.10280248     55.12415175
  173     85.05047447     82.37643635     55.29645255
  174     86.02627654     81.41434556     53.66898477
  175     83.68581940     55.01049692     54.28761641
  176     83.62835596     80.34005345     56.72628851
  177     83.06189647     81.20638021     58.81772834
  178     84.83372895     78.65442310     57.26332509
  179     81.21035987     79.44846615     55.47152808
  180     81.41990458     78.43614762     53.69640661
  181     80.02780143     81.20547957     54.87911454
  182     79.34193129     77.68746054     56.92268264
  183     80.21661066     76.18129787     58.09107587
  184     78.09525816     76.62070901     55.55235153
  185     87.47559038     57.41678282     64.54591378
  186     88.46000184     55.72103983     64.31719407
  187     87.96276027     58.10515720     66.41889497
  188     85.74060434     56.42755662     93.82492579
  189     77.74283833     78.82680328     59.02569667
  190     78.97939756     79.78448598     60.48736704
  191     76.11227833     79.95531405     58.09145930
  192     76.77741634     77.10937757     59.73931963
  193     69.03734881     42.15982546     82.41843777
  194     67.04034070     42.88053448     82.97552477
  195     68.75572760     69.30689737     81.42956489
  196     70.40327002     44.50804324     81.29133491
  197     72.18726235     43.66265056     80.65528950
  198     70.99198550     74.64608535     82.78557676
  199     68.98890478     45.78803310     78.85083318
  200     67.25642565     46.68242572     79.51490898
  201     68.79692372     44.29104075     77.16730701
  202     70.96652815     47.81797900     78.06052480
  203     71.52827019     48.85631268     79.90581794
  204     69.95632871     49.41912051     77.02568534
  205     73.70084966     47.24020459     76.97517385
  206     74.44319734     45.88970068     78.47534899
  207     74.64522240     49.08697574     76.99800113
  208     73.70544644     46.08491100     74.23305883
  209     73.02433079     47.60104848     72.95090081
  210     72.22860216     44.56957554     74.03662707
  211     76.48116837     73.98784143     73.46821559
  212     77.99198779     75.16064088     74.39606917
  213     76.93215088     74.11850356     71.47903460
  214     77.06542713     71.13868593     74.27624474
  215     77.38398852     70.90089540     76.21888881
  216     78.87637951     70.91030092     73.26482452
  217     70.49840264     41.56181883     84.92614297
  218     70.47117246     42.82858357     57.66916444
  219     70.02833962     39.57319343     56.63110910
  220     72.47724520     41.19736790     84.40072314
  221     75.05386445     69.36178800     73.44060211
  222     75.65799600     67.38117495     73.91634455
  223     73.05633165     69.56626781     73.91450471
  224     74.89096226     69.36856571     71.20283280
  225     55.79966924     79.30234860     77.17710540
  226     55.50847312     81.06041667     78.38378868
  227     54.53194076     79.54946533     75.52618597
  228     58.53724790     50.45873459     75.88871488
  229     60.01443616     51.11990193     77.24885646
  230     58.43065564     52.09278571     74.51871130
  231     59.37633445     77.06272752     74.38896850
  232     57.63090771     76.38907751     73.26244419
  233     59.89014339     75.77249055     76.12330561
  234     61.95530713     77.26068528     72.83792892
  235     62.03017584     75.37177189     71.69722004
  236     63.65585954     77.42585113     73.98605234
  237     62.00942202     79.37403889     70.64182246
  238     63.36933691     78.37751756     69.33301354
  239     62.69839281     52.18175035     71.63199764
  240     59.68945484     79.94553978     69.23251378
  241     58.61824355     52.49319901     69.95516130
  242     58.18280769     49.56647487     69.35347753
  243     60.05721976     80.40683821     66.36306031
  244     61.69261052     81.65070753     66.07055397
  245     58.30036414     81.44938982     65.80385096
  246     60.22481013     77.88953269     64.98984373
  247     59.42523581     76.29399306     66.11287227
  248     62.15077814     77.13895416     64.49692154
  249     55.35483227     47.95471698     78.66576667
  250     56.94329425     47.78352408     80.07758575
  251     53.59146638     48.01456995     79.52514407
  252     55.67656278     46.27445763     77.46558001
  253     58.65416302     77.84152989     62.55643290
  254     58.43782783     75.92024052     61.73851557
  255     56.98168321     79.11421036     62.87615951
  256     59.71328669     78.86296548     90.03296629
  257     89.98805943     71.61767224     88.18518316
  258     89.96605238     72.79511863     90.03337289
  259     88.00364187     71.00177313     87.64602268
  260     75.30227904     78.69839196     67.88025142
  261     65.80878974     71.85370793     64.77743179
  262     75.71465282     77.84791087     69.84122513
  263     64.69855573     72.14282358     66.33407788
  264     63.72954027     73.92851212     66.13409435
  265     63.30759550     70.62968781     66.08649037
  266     66.40519306     72.07131731     68.67285107
  267     65.37131371     72.17009289     70.52592749
  268     67.67017313     73.83224421     68.87526186
  269     68.49020326     69.82876218     68.90218443
  270     67.75555605     67.96151478     68.90726631
  271     69.12684576     69.97259791     71.00721708
  272     70.53804427     69.99906974     66.76496740
  273     69.70141151     69.06997484     65.21292151
  274     72.26767130     68.86850364     67.54835215
  275     71.57317325     72.70658251     66.35687286
  276     71.61191398     73.85344844     68.06493748
  277     70.41698996     73.77813628     65.09967132
  278     74.31890511     72.55336239     65.37695983
  279     74.97552922     70.76937752     64.99467337
  280     75.59968443     73.50595836     66.90417551
  281     92.25094445     71.46346277     86.67649899
  282     91.91368746     70.20919338     85.14283622
  283     93.33282196     73.23339484     86.04234586
  284     93.52175854     70.30906898     87.84457135
  285     74.90193606     74.15806508     62.86316899
  286     77.07596792     74.38038811     62.47235295
  287     74.26379962     73.14617752     61.25054399
  288     73.98273252     76.05436710     63.25570491
  289     56.27031446     59.96904202     73.14097011
  290     57.17508741     61.91334287     73.70666023
  291     56.56285715     59.70095624     70.96345432
  292     57.72260305     57.64628327     74.22875891
  293     59.84337325     57.54701462     73.66573847
  294     56.82607347     55.97364493     73.41852952
  295     57.51535440     57.63143681     77.14405026
  296     58.27960366     55.87099295     78.06663480
  297     55.60177306     57.62387444     48.64159545
  298     58.84888338     59.60787357     49.70155105
  299     58.45769444     59.28296620     80.66136274
  300     58.08651295     61.43315131     49.17163395
  301     61.67974671     59.91295454     49.84302159
  302     62.11869819     61.69940559     51.00893540
  303     62.72745451     60.26340885     76.93958227
  304     63.01907055     57.72642980     51.15062204
  305     61.72594815     56.22918175     50.65043256
  306     63.12021037     57.94655234     53.28583309
  307     65.72437665     57.17961180     50.26957076
  308     66.59056844     56.07370726     51.81766694
  309     66.80320450     58.96906989     50.10340554
  310     66.10347767     55.87694765     47.71578414
  311     66.11911520     57.16294482     46.08299005
  312     64.94377895     54.36195901     47.10064789
  313     53.55863722     60.08703403     73.74196213
  314     52.76367368     61.96390939     73.48930853
  315     52.44521376     58.93018977     72.53512968
  316     53.02356867     59.36474348     75.55849095
  317     68.79453805     54.74465121     47.83674886
  318     69.42239104     54.46749745     45.86496841
  319     70.37439153     55.80425247     48.65124164
  320     68.87259910     52.96986534     48.93451103
  321     55.20455403     73.74795716     40.68756418
  322     54.54976536     74.89406439     42.38080463
  323     57.05140092     74.44521182     40.05528881
  324     55.33544241     71.01521624     70.62848149
  325     53.72121445     69.87799922     69.98954354
  326     55.00966488     71.01679945     72.72010437
  327     57.66134368     69.69017158     69.71061419
  328     59.49854919     70.73996447     70.03216235
  329     57.37129350     69.99605404     67.49872181
  330     57.86702917     66.87718834     70.36626571
  331     55.99753474     66.10860452     70.34277181
  332     58.38335734     66.94191649     72.41286675
  333     59.72706115     65.25541004     68.77742080
  334     59.67013217     65.39122309     66.70731070
  335     58.95384873     63.32325424     69.26405592
  336     62.69449528     65.32238839     69.64795382
  337     63.04505812     65.08024033     71.62998806
  338     63.61715569     67.31598429     68.89909870
  339     64.20367186     63.19284795     68.31305516
  340     66.28533619     63.78575567     68.18590122
  341     63.69851460     62.66057391     66.22710167
  342     64.07734561     60.81484026     69.87703683
  343     62.21340130     59.71629291     69.66633413
  344     64.31644862     61.28534922     71.85479465
  345     53.45197485     74.06650940     38.56217366
  346     51.53156768     73.19180226     38.52142970
  347     53.15174170     76.10173317     38.15370488
  348     54.19301246     73.11149001     36.87055898
  349     65.96529490     58.80501386     69.15922750
  350     66.02253078     58.44378369     67.10733008
  351     67.95555870     59.37453010     69.53819160
  352     65.60258084     57.14063535     70.17252815
 
 Total charge:     0.00000000

 Atomic gross charges (e)
 Atom           Charge
    1      -0.09983537
    2       0.04502526
    3       0.06132505
    4      -0.09544888
    5       0.04104573
    6       0.03919474
    7      -0.11223714
    8       0.06131612
    9       0.06603708
   10      -0.13039948
   11       0.04530470
   12       0.08098520
   13      -0.09855660
   14       0.04806030
   15       0.05918020
   16      -0.08714549
   17       0.05765164
   18       0.03208367
   19      -0.10335639
   20       0.05261745
   21       0.05558113
   22      -0.08073490
   23       0.04526593
   24       0.06482725
   25      -0.21141317
   26       0.06645469
   27       0.07398663
   28       0.05523588
   29      -0.19068368
   30       0.04143031
   31       0.05521877
   32       0.06328963
   33      -0.08862346
   34       0.04751974
   35       0.05248320
   36      -0.09115578
   37       0.04399080
   38       0.06568600
   39      -0.12149594
   40       0.06791336
   41       0.03965634
   42      -0.10809269
   43       0.04623159
   44       0.05266017
   45      -0.08168880
   46       0.06062521
   47       0.04743282
   48      -0.09525234
   49       0.04590722
   50       0.03801046
   51      -0.09242142
   52       0.04442378
   53       0.04134771
   54      -0.09625382
   55       0.06861691
   56       0.03760741
   57      -0.21835488
   58       0.06352628
   59       0.06555985
   60       0.06114072
   61      -0.19536051
   62       0.05691137
   63       0.06415163
   64       0.07046696
   65      -0.12477849
   66       0.02294468
   67       0.07837385
   68      -0.11183702
   69       0.02102514
   70       0.05150770
   71      -0.11586984
   72       0.05039937
   73       0.08161291
   74      -0.10156191
   75       0.04520769
   76       0.05185133
   77      -0.06237139
   78       0.03614421
   79       0.03418673
   80      -0.12512531
   81       0.07595407
   82       0.06433522
   83      -0.11455883
   84       0.03688063
   85       0.05770432
   86      -0.09637630
   87       0.06550018
   88       0.06194234
   89      -0.02328144
   90       0.06841503
   91       0.08335471
   92       0.08141673
   93      -0.21719955
   94       0.08367826
   95       0.07132330
   96       0.04969111
   97      -0.06487246
   98       0.03050936
   99       0.03985222
  100      -0.11504943
  101       0.07285803
  102       0.05801092
  103      -0.11485059
  104       0.05913028
  105       0.06980389
  106      -0.11822495
  107       0.04514437
  108       0.03987607
  109      -0.11456931
  110       0.05308481
  111       0.03923332
  112      -0.09372219
  113       0.06929144
  114       0.05654926
  115      -0.11470978
  116       0.05408436
  117       0.06126962
  118      -0.07178159
  119       0.04447362
  120       0.03941706
  121      -0.20030595
  122       0.07495062
  123       0.05743446
  124       0.05794967
  125      -0.19386443
  126       0.06993350
  127       0.05001456
  128       0.05542299
  129      -0.08648649
  130       0.04783609
  131       0.03636321
  132      -0.10834380
  133       0.05455281
  134       0.06073101
  135      -0.12256884
  136       0.06015418
  137       0.04251600
  138      -0.09112874
  139       0.02806615
  140       0.04531688
  141      -0.10262366
  142       0.04440931
  143       0.07818051
  144      -0.13982232
  145       0.07481703
  146       0.08294045
  147      -0.12460178
  148       0.05538336
  149       0.06225137
  150      -0.08034453
  151       0.04670726
  152       0.04809811
  153      -0.19592004
  154       0.06597525
  155       0.06749917
  156       0.05987215
  157      -0.19136110
  158       0.05444458
  159       0.06042088
  160       0.06916349
  161      -0.05992155
  162       0.02697215
  163       0.05803289
  164      -0.08783997
  165       0.05933993
  166       0.04435475
  167      -0.10404301
  168       0.06331675
  169       0.03826532
  170      -0.11454401
  171       0.05433075
  172       0.04639042
  173      -0.06990314
  174       0.04441330
  175       0.02264255
  176      -0.06238232
  177       0.01940210
  178       0.05272877
  179      -0.10009272
  180       0.05828040
  181       0.03846263
  182      -0.10621226
  183       0.05453289
  184       0.04637902
  185      -0.22452285
  186       0.07373547
  187       0.06724117
  188       0.06626872
  189      -0.20112279
  190       0.07785034
  191       0.05500908
  192       0.06174663
  193      -0.10286517
  194       0.02923061
  195       0.08010279
  196      -0.13229310
  197       0.05581001
  198       0.08357135
  199      -0.10507261
  200       0.07994776
  201       0.05455194
  202      -0.11482433
  203       0.02913100
  204       0.04199823
  205      -0.10291405
  206       0.05926988
  207       0.06524216
  208      -0.10977940
  209       0.05776509
  210       0.06054817
  211      -0.12765850
  212       0.04590813
  213       0.06808901
  214      -0.09853173
  215       0.07000327
  216       0.05794890
  217      -0.21030616
  218       0.07129206
  219       0.04544269
  220       0.05826207
  221      -0.18118819
  222       0.05405039
  223       0.08190255
  224       0.03218357
  225      -0.09641712
  226       0.04800314
  227       0.05459676
  228      -0.11698205
  229       0.05007495
  230       0.03872540
  231      -0.09940931
  232       0.06385730
  233       0.04490361
  234      -0.11728429
  235       0.03939127
  236       0.07191953
  237      -0.10144666
  238       0.06263477
  239       0.05363033
  240      -0.11537402
  241       0.05940662
  242       0.05597899
  243      -0.10688185
  244       0.06500951
  245       0.05337177
  246      -0.09372273
  247       0.04935755
  248       0.05385180
  249      -0.20149453
  250       0.05615613
  251       0.08423289
  252       0.06668023
  253      -0.21136499
  254       0.07574711
  255       0.06820701
  256       0.05196411
  257      -0.25014931
  258       0.06983549
  259       0.09064415
  260      -0.28837081
  261       0.07713407
  262       0.09630189
  263      -0.21212648
  264       0.06948640
  265       0.06960861
  266      -0.09249958
  267       0.04670185
  268       0.04135713
  269      -0.12827363
  270       0.06620893
  271       0.03850841
  272      -0.10221109
  273       0.07939524
  274       0.04016142
  275      -0.10633947
  276       0.06688235
  277       0.06328547
  278      -0.11713404
  279       0.07993557
  280       0.04140005
  281      -0.14498282
  282       0.07172825
  283       0.08263327
  284       0.08185511
  285      -0.21441607
  286       0.05141683
  287       0.07525902
  288       0.06936140
  289      -0.06207839
  290       0.04140557
  291       0.03066066
  292      -0.10024237
  293       0.04675964
  294       0.06010493
  295      -0.11143769
  296       0.04311292
  297       0.07089584
  298      -0.10487960
  299       0.05465778
  300       0.05499520
  301      -0.08484722
  302       0.03113181
  303       0.04384621
  304      -0.12396992
  305       0.06881732
  306       0.04619710
  307      -0.09560217
  308       0.05598224
  309       0.05527718
  310      -0.10205721
  311       0.05534059
  312       0.07174657
  313      -0.21049523
  314       0.06407041
  315       0.06879458
  316       0.07425593
  317      -0.21812262
  318       0.05568965
  319       0.06498123
  320       0.06265919
  321      -0.07967799
  322       0.04129228
  323       0.06537439
  324      -0.10525952
  325       0.05649308
  326       0.04312043
  327      -0.08788384
  328       0.05118998
  329       0.02394566
  330      -0.11691450
  331       0.06809019
  332       0.06077239
  333      -0.11164775
  334       0.07321005
  335       0.04723056
  336      -0.10856472
  337       0.07783771
  338       0.03358641
  339      -0.09017726
  340       0.04233453
  341       0.04608856
  342      -0.08818863
  343       0.04160986
  344       0.05927485
  345      -0.19148938
  346       0.05916642
  347       0.05607127
  348       0.05748875
  349      -0.20855903
  350       0.06203778
  351       0.05132147
  352       0.07351800
 
Nr. of electrons (up):    682.00000000
Atom populations (up)
 Atom       Population
    1       4.09983537
    2       0.95497474
    3       0.93867495
    4       4.09544888
    5       0.95895427
    6       0.96080526
    7       4.11223714
    8       0.93868388
    9       0.93396292
   10       4.13039948
   11       0.95469530
   12       0.91901480
   13       4.09855660
   14       0.95193970
   15       0.94081980
   16       4.08714549
   17       0.94234836
   18       0.96791633
   19       4.10335639
   20       0.94738255
   21       0.94441887
   22       4.08073490
   23       0.95473407
   24       0.93517275
   25       4.21141317
   26       0.93354531
   27       0.92601337
   28       0.94476412
   29       4.19068368
   30       0.95856969
   31       0.94478123
   32       0.93671037
   33       4.08862346
   34       0.95248026
   35       0.94751680
   36       4.09115578
   37       0.95600920
   38       0.93431400
   39       4.12149594
   40       0.93208664
   41       0.96034366
   42       4.10809269
   43       0.95376841
   44       0.94733983
   45       4.08168880
   46       0.93937479
   47       0.95256718
   48       4.09525234
   49       0.95409278
   50       0.96198954
   51       4.09242142
   52       0.95557622
   53       0.95865229
   54       4.09625382
   55       0.93138309
   56       0.96239259
   57       4.21835488
   58       0.93647372
   59       0.93444015
   60       0.93885928
   61       4.19536051
   62       0.94308863
   63       0.93584837
   64       0.92953304
   65       4.12477849
   66       0.97705532
   67       0.92162615
   68       4.11183702
   69       0.97897486
   70       0.94849230
   71       4.11586984
   72       0.94960063
   73       0.91838709
   74       4.10156191
   75       0.95479231
   76       0.94814867
   77       4.06237139
   78       0.96385579
   79       0.96581327
   80       4.12512531
   81       0.92404593
   82       0.93566478
   83       4.11455883
   84       0.96311937
   85       0.94229568
   86       4.09637630
   87       0.93449982
   88       0.93805766
   89       4.02328144
   90       0.93158497
   91       0.91664529
   92       0.91858327
   93       4.21719955
   94       0.91632174
   95       0.92867670
   96       0.95030889
   97       4.06487246
   98       0.96949064
   99       0.96014778
  100       4.11504943
  101       0.92714197
  102       0.94198908
  103       4.11485059
  104       0.94086972
  105       0.93019611
  106       4.11822495
  107       0.95485563
  108       0.96012393
  109       4.11456931
  110       0.94691519
  111       0.96076668
  112       4.09372219
  113       0.93070856
  114       0.94345074
  115       4.11470978
  116       0.94591564
  117       0.93873038
  118       4.07178159
  119       0.95552638
  120       0.96058294
  121       4.20030595
  122       0.92504938
  123       0.94256554
  124       0.94205033
  125       4.19386443
  126       0.93006650
  127       0.94998544
  128       0.94457701
  129       4.08648649
  130       0.95216391
  131       0.96363679
  132       4.10834380
  133       0.94544719
  134       0.93926899
  135       4.12256884
  136       0.93984582
  137       0.95748400
  138       4.09112874
  139       0.97193385
  140       0.95468312
  141       4.10262366
  142       0.95559069
  143       0.92181949
  144       4.13982232
  145       0.92518297
  146       0.91705955
  147       4.12460178
  148       0.94461664
  149       0.93774863
  150       4.08034453
  151       0.95329274
  152       0.95190189
  153       4.19592004
  154       0.93402475
  155       0.93250083
  156       0.94012785
  157       4.19136110
  158       0.94555542
  159       0.93957912
  160       0.93083651
  161       4.05992155
  162       0.97302785
  163       0.94196711
  164       4.08783997
  165       0.94066007
  166       0.95564525
  167       4.10404301
  168       0.93668325
  169       0.96173468
  170       4.11454401
  171       0.94566925
  172       0.95360958
  173       4.06990314
  174       0.95558670
  175       0.97735745
  176       4.06238232
  177       0.98059790
  178       0.94727123
  179       4.10009272
  180       0.94171960
  181       0.96153737
  182       4.10621226
  183       0.94546711
  184       0.95362098
  185       4.22452285
  186       0.92626453
  187       0.93275883
  188       0.93373128
  189       4.20112279
  190       0.92214966
  191       0.94499092
  192       0.93825337
  193       4.10286517
  194       0.97076939
  195       0.91989721
  196       4.13229310
  197       0.94418999
  198       0.91642865
  199       4.10507261
  200       0.92005224
  201       0.94544806
  202       4.11482433
  203       0.97086900
  204       0.95800177
  205       4.10291405
  206       0.94073012
  207       0.93475784
  208       4.10977940
  209       0.94223491
  210       0.93945183
  211       4.12765850
  212       0.95409187
  213       0.93191099
  214       4.09853173
  215       0.92999673
  216       0.94205110
  217       4.21030616
  218       0.92870794
  219       0.95455731
  220       0.94173793
  221       4.18118819
  222       0.94594961
  223       0.91809745
  224       0.96781643
  225       4.09641712
  226       0.95199686
  227       0.94540324
  228       4.11698205
  229       0.94992505
  230       0.96127460
  231       4.09940931
  232       0.93614270
  233       0.95509639
  234       4.11728429
  235       0.96060873
  236       0.92808047
  237       4.10144666
  238       0.93736523
  239       0.94636967
  240       4.11537402
  241       0.94059338
  242       0.94402101
  243       4.10688185
  244       0.93499049
  245       0.94662823
  246       4.09372273
  247       0.95064245
  248       0.94614820
  249       4.20149453
  250       0.94384387
  251       0.91576711
  252       0.93331977
  253       4.21136499
  254       0.92425289
  255       0.93179299
  256       0.94803589
  257       4.25014931
  258       0.93016451
  259       0.90935585
  260       4.28837081
  261       0.92286593
  262       0.90369811
  263       4.21212648
  264       0.93051360
  265       0.93039139
  266       4.09249958
  267       0.95329815
  268       0.95864287
  269       4.12827363
  270       0.93379107
  271       0.96149159
  272       4.10221109
  273       0.92060476
  274       0.95983858
  275       4.10633947
  276       0.93311765
  277       0.93671453
  278       4.11713404
  279       0.92006443
  280       0.95859995
  281       4.14498282
  282       0.92827175
  283       0.91736673
  284       0.91814489
  285       4.21441607
  286       0.94858317
  287       0.92474098
  288       0.93063860
  289       4.06207839
  290       0.95859443
  291       0.96933934
  292       4.10024237
  293       0.95324036
  294       0.93989507
  295       4.11143769
  296       0.95688708
  297       0.92910416
  298       4.10487960
  299       0.94534222
  300       0.94500480
  301       4.08484722
  302       0.96886819
  303       0.95615379
  304       4.12396992
  305       0.93118268
  306       0.95380290
  307       4.09560217
  308       0.94401776
  309       0.94472282
  310       4.10205721
  311       0.94465941
  312       0.92825343
  313       4.21049523
  314       0.93592959
  315       0.93120542
  316       0.92574407
  317       4.21812262
  318       0.94431035
  319       0.93501877
  320       0.93734081
  321       4.07967799
  322       0.95870772
  323       0.93462561
  324       4.10525952
  325       0.94350692
  326       0.95687957
  327       4.08788384
  328       0.94881002
  329       0.97605434
  330       4.11691450
  331       0.93190981
  332       0.93922761
  333       4.11164775
  334       0.92678995
  335       0.95276944
  336       4.10856472
  337       0.92216229
  338       0.96641359
  339       4.09017726
  340       0.95766547
  341       0.95391144
  342       4.08818863
  343       0.95839014
  344       0.94072515
  345       4.19148938
  346       0.94083358
  347       0.94392873
  348       0.94251125
  349       4.20855903
  350       0.93796222
  351       0.94867853
  352       0.92648200
 
l-shell populations (up)
 Atom Sh.   l       Population
    1   1   0       1.24087418
    1   2   1       2.85896119
    2   1   0       0.95497474
    3   1   0       0.93867495
    4   1   0       1.25839275
    4   2   1       2.83705612
    5   1   0       0.95895427
    6   1   0       0.96080526
    7   1   0       1.24143743
    7   2   1       2.87079972
    8   1   0       0.93868388
    9   1   0       0.93396292
   10   1   0       1.23894197
   10   2   1       2.89145751
   11   1   0       0.95469530
   12   1   0       0.91901480
   13   1   0       1.24125979
   13   2   1       2.85729681
   14   1   0       0.95193970
   15   1   0       0.94081980
   16   1   0       1.25475975
   16   2   1       2.83238575
   17   1   0       0.94234836
   18   1   0       0.96791633
   19   1   0       1.23536321
   19   2   1       2.86799318
   20   1   0       0.94738255
   21   1   0       0.94441887
   22   1   0       1.20125797
   22   2   1       2.87947693
   23   1   0       0.95473407
   24   1   0       0.93517275
   25   1   0       1.26742166
   25   2   1       2.94399151
   26   1   0       0.93354531
   27   1   0       0.92601337
   28   1   0       0.94476412
   29   1   0       1.24846670
   29   2   1       2.94221698
   30   1   0       0.95856969
   31   1   0       0.94478123
   32   1   0       0.93671037
   33   1   0       1.27895816
   33   2   1       2.80966530
   34   1   0       0.95248026
   35   1   0       0.94751680
   36   1   0       1.25465493
   36   2   1       2.83650085
   37   1   0       0.95600920
   38   1   0       0.93431400
   39   1   0       1.24759102
   39   2   1       2.87390492
   40   1   0       0.93208664
   41   1   0       0.96034366
   42   1   0       1.24067894
   42   2   1       2.86741375
   43   1   0       0.95376841
   44   1   0       0.94733983
   45   1   0       1.21514561
   45   2   1       2.86654318
   46   1   0       0.93937479
   47   1   0       0.95256718
   48   1   0       1.23553239
   48   2   1       2.85971996
   49   1   0       0.95409278
   50   1   0       0.96198954
   51   1   0       1.26153496
   51   2   1       2.83088646
   52   1   0       0.95557622
   53   1   0       0.95865229
   54   1   0       1.24372235
   54   2   1       2.85253147
   55   1   0       0.93138309
   56   1   0       0.96239259
   57   1   0       1.28804356
   57   2   1       2.93031132
   58   1   0       0.93647372
   59   1   0       0.93444015
   60   1   0       0.93885928
   61   1   0       1.27701531
   61   2   1       2.91834521
   62   1   0       0.94308863
   63   1   0       0.93584837
   64   1   0       0.92953304
   65   1   0       1.27107994
   65   2   1       2.85369854
   66   1   0       0.97705532
   67   1   0       0.92162615
   68   1   0       1.26365775
   68   2   1       2.84817927
   69   1   0       0.97897486
   70   1   0       0.94849230
   71   1   0       1.26878798
   71   2   1       2.84708186
   72   1   0       0.94960063
   73   1   0       0.91838709
   74   1   0       1.25622867
   74   2   1       2.84533323
   75   1   0       0.95479231
   76   1   0       0.94814867
   77   1   0       1.24999703
   77   2   1       2.81237436
   78   1   0       0.96385579
   79   1   0       0.96581327
   80   1   0       1.26240668
   80   2   1       2.86271863
   81   1   0       0.92404593
   82   1   0       0.93566478
   83   1   0       1.27136817
   83   2   1       2.84319065
   84   1   0       0.96311937
   85   1   0       0.94229568
   86   1   0       1.21913144
   86   2   1       2.87724486
   87   1   0       0.93449982
   88   1   0       0.93805766
   89   1   0       1.22287736
   89   2   1       2.80040408
   90   1   0       0.93158497
   91   1   0       0.91664529
   92   1   0       0.91858327
   93   1   0       1.26954758
   93   2   1       2.94765197
   94   1   0       0.91632174
   95   1   0       0.92867670
   96   1   0       0.95030889
   97   1   0       1.23729947
   97   2   1       2.82757300
   98   1   0       0.96949064
   99   1   0       0.96014778
  100   1   0       1.23026905
  100   2   1       2.88478038
  101   1   0       0.92714197
  102   1   0       0.94198908
  103   1   0       1.25793088
  103   2   1       2.85691970
  104   1   0       0.94086972
  105   1   0       0.93019611
  106   1   0       1.26428864
  106   2   1       2.85393630
  107   1   0       0.95485563
  108   1   0       0.96012393
  109   1   0       1.24219222
  109   2   1       2.87237710
  110   1   0       0.94691519
  111   1   0       0.96076668
  112   1   0       1.23544312
  112   2   1       2.85827907
  113   1   0       0.93070856
  114   1   0       0.94345074
  115   1   0       1.22877105
  115   2   1       2.88593874
  116   1   0       0.94591564
  117   1   0       0.93873038
  118   1   0       1.22153998
  118   2   1       2.85024160
  119   1   0       0.95552638
  120   1   0       0.96058294
  121   1   0       1.26895938
  121   2   1       2.93134657
  122   1   0       0.92504938
  123   1   0       0.94256554
  124   1   0       0.94205033
  125   1   0       1.25401739
  125   2   1       2.93984704
  126   1   0       0.93006650
  127   1   0       0.94998544
  128   1   0       0.94457701
  129   1   0       1.26033940
  129   2   1       2.82614708
  130   1   0       0.95216391
  131   1   0       0.96363679
  132   1   0       1.24808835
  132   2   1       2.86025545
  133   1   0       0.94544719
  134   1   0       0.93926899
  135   1   0       1.24636665
  135   2   1       2.87620218
  136   1   0       0.93984582
  137   1   0       0.95748400
  138   1   0       1.25027527
  138   2   1       2.84085347
  139   1   0       0.97193385
  140   1   0       0.95468312
  141   1   0       1.23077965
  141   2   1       2.87184400
  142   1   0       0.95559069
  143   1   0       0.92181949
  144   1   0       1.25395632
  144   2   1       2.88586600
  145   1   0       0.92518297
  146   1   0       0.91705955
  147   1   0       1.29270966
  147   2   1       2.83189211
  148   1   0       0.94461664
  149   1   0       0.93774863
  150   1   0       1.23772898
  150   2   1       2.84261555
  151   1   0       0.95329274
  152   1   0       0.95190189
  153   1   0       1.27495428
  153   2   1       2.92096575
  154   1   0       0.93402475
  155   1   0       0.93250083
  156   1   0       0.94012785
  157   1   0       1.25977327
  157   2   1       2.93158783
  158   1   0       0.94555542
  159   1   0       0.93957912
  160   1   0       0.93083651
  161   1   0       1.21007614
  161   2   1       2.84984541
  162   1   0       0.97302785
  163   1   0       0.94196711
  164   1   0       1.23085572
  164   2   1       2.85698425
  165   1   0       0.94066007
  166   1   0       0.95564525
  167   1   0       1.27431205
  167   2   1       2.82973096
  168   1   0       0.93668325
  169   1   0       0.96173468
  170   1   0       1.24835988
  170   2   1       2.86618413
  171   1   0       0.94566925
  172   1   0       0.95360958
  173   1   0       1.23520998
  173   2   1       2.83469316
  174   1   0       0.95558670
  175   1   0       0.97735745
  176   1   0       1.23876958
  176   2   1       2.82361274
  177   1   0       0.98059790
  178   1   0       0.94727123
  179   1   0       1.23701570
  179   2   1       2.86307702
  180   1   0       0.94171960
  181   1   0       0.96153737
  182   1   0       1.24120277
  182   2   1       2.86500949
  183   1   0       0.94546711
  184   1   0       0.95362098
  185   1   0       1.24126300
  185   2   1       2.98325985
  186   1   0       0.92626453
  187   1   0       0.93275883
  188   1   0       0.93373128
  189   1   0       1.27887285
  189   2   1       2.92224993
  190   1   0       0.92214966
  191   1   0       0.94499092
  192   1   0       0.93825337
  193   1   0       1.25249478
  193   2   1       2.85037040
  194   1   0       0.97076939
  195   1   0       0.91989721
  196   1   0       1.25635321
  196   2   1       2.87593988
  197   1   0       0.94418999
  198   1   0       0.91642865
  199   1   0       1.27067994
  199   2   1       2.83439267
  200   1   0       0.92005224
  201   1   0       0.94544806
  202   1   0       1.26283410
  202   2   1       2.85199023
  203   1   0       0.97086900
  204   1   0       0.95800177
  205   1   0       1.25657973
  205   2   1       2.84633431
  206   1   0       0.94073012
  207   1   0       0.93475784
  208   1   0       1.26054150
  208   2   1       2.84923790
  209   1   0       0.94223491
  210   1   0       0.93945183
  211   1   0       1.26596881
  211   2   1       2.86168969
  212   1   0       0.95409187
  213   1   0       0.93191099
  214   1   0       1.22479248
  214   2   1       2.87373925
  215   1   0       0.92999673
  216   1   0       0.94205110
  217   1   0       1.28058834
  217   2   1       2.92971782
  218   1   0       0.92870794
  219   1   0       0.95455731
  220   1   0       0.94173793
  221   1   0       1.26417806
  221   2   1       2.91701013
  222   1   0       0.94594961
  223   1   0       0.91809745
  224   1   0       0.96781643
  225   1   0       1.24384377
  225   2   1       2.85257335
  226   1   0       0.95199686
  227   1   0       0.94540324
  228   1   0       1.25535379
  228   2   1       2.86162826
  229   1   0       0.94992505
  230   1   0       0.96127460
  231   1   0       1.26246840
  231   2   1       2.83694091
  232   1   0       0.93614270
  233   1   0       0.95509639
  234   1   0       1.27145809
  234   2   1       2.84582620
  235   1   0       0.96060873
  236   1   0       0.92808047
  237   1   0       1.23989692
  237   2   1       2.86154974
  238   1   0       0.93736523
  239   1   0       0.94636967
  240   1   0       1.21462541
  240   2   1       2.90074862
  241   1   0       0.94059338
  242   1   0       0.94402101
  243   1   0       1.23829133
  243   2   1       2.86859052
  244   1   0       0.93499049
  245   1   0       0.94662823
  246   1   0       1.23217635
  246   2   1       2.86154638
  247   1   0       0.95064245
  248   1   0       0.94614820
  249   1   0       1.25474030
  249   2   1       2.94675423
  250   1   0       0.94384387
  251   1   0       0.91576711
  252   1   0       0.93331977
  253   1   0       1.27389212
  253   2   1       2.93747288
  254   1   0       0.92425289
  255   1   0       0.93179299
  256   1   0       0.94803589
  257   1   0       1.31378696
  257   2   1       2.93636236
  258   1   0       0.93016451
  259   1   0       0.90935585
  260   1   0       1.30775411
  260   2   1       2.98061671
  261   1   0       0.92286593
  262   1   0       0.90369811
  263   1   0       1.24925655
  263   2   1       2.96286993
  264   1   0       0.93051360
  265   1   0       0.93039139
  266   1   0       1.25389871
  266   2   1       2.83860088
  267   1   0       0.95329815
  268   1   0       0.95864287
  269   1   0       1.26332553
  269   2   1       2.86494810
  270   1   0       0.93379107
  271   1   0       0.96149159
  272   1   0       1.24503819
  272   2   1       2.85717290
  273   1   0       0.92060476
  274   1   0       0.95983858
  275   1   0       1.23018438
  275   2   1       2.87615509
  276   1   0       0.93311765
  277   1   0       0.93671453
  278   1   0       1.24875308
  278   2   1       2.86838097
  279   1   0       0.92006443
  280   1   0       0.95859995
  281   1   0       1.23918536
  281   2   1       2.90579746
  282   1   0       0.92827175
  283   1   0       0.91736673
  284   1   0       0.91814489
  285   1   0       1.29012675
  285   2   1       2.92428932
  286   1   0       0.94858317
  287   1   0       0.92474098
  288   1   0       0.93063860
  289   1   0       1.23555577
  289   2   1       2.82652262
  290   1   0       0.95859443
  291   1   0       0.96933934
  292   1   0       1.24652428
  292   2   1       2.85371809
  293   1   0       0.95324036
  294   1   0       0.93989507
  295   1   0       1.22084057
  295   2   1       2.89059712
  296   1   0       0.95688708
  297   1   0       0.92910416
  298   1   0       1.21415397
  298   2   1       2.89072563
  299   1   0       0.94534222
  300   1   0       0.94500480
  301   1   0       1.23750197
  301   2   1       2.84734525
  302   1   0       0.96886819
  303   1   0       0.95615379
  304   1   0       1.23492896
  304   2   1       2.88904097
  305   1   0       0.93118268
  306   1   0       0.95380290
  307   1   0       1.23280459
  307   2   1       2.86279758
  308   1   0       0.94401776
  309   1   0       0.94472282
  310   1   0       1.22744659
  310   2   1       2.87461062
  311   1   0       0.94465941
  312   1   0       0.92825343
  313   1   0       1.24252768
  313   2   1       2.96796756
  314   1   0       0.93592959
  315   1   0       0.93120542
  316   1   0       0.92574407
  317   1   0       1.27029213
  317   2   1       2.94783049
  318   1   0       0.94431035
  319   1   0       0.93501877
  320   1   0       0.93734081
  321   1   0       1.22077004
  321   2   1       2.85890795
  322   1   0       0.95870772
  323   1   0       0.93462561
  324   1   0       1.22988986
  324   2   1       2.87536966
  325   1   0       0.94350692
  326   1   0       0.95687957
  327   1   0       1.23985918
  327   2   1       2.84802467
  328   1   0       0.94881002
  329   1   0       0.97605434
  330   1   0       1.23533707
  330   2   1       2.88157742
  331   1   0       0.93190981
  332   1   0       0.93922761
  333   1   0       1.25870169
  333   2   1       2.85294606
  334   1   0       0.92678995
  335   1   0       0.95276944
  336   1   0       1.27203912
  336   2   1       2.83652560
  337   1   0       0.92216229
  338   1   0       0.96641359
  339   1   0       1.24580422
  339   2   1       2.84437305
  340   1   0       0.95766547
  341   1   0       0.95391144
  342   1   0       1.22382766
  342   2   1       2.86436096
  343   1   0       0.95839014
  344   1   0       0.94072515
  345   1   0       1.25159100
  345   2   1       2.93989838
  346   1   0       0.94083358
  347   1   0       0.94392873
  348   1   0       0.94251125
  349   1   0       1.25614638
  349   2   1       2.95241265
  350   1   0       0.93796222
  351   1   0       0.94867853
  352   1   0       0.92648200
 
Orbital populations (up)
 Atom Sh.   l   m       Population  Label
    1   1   0   0       1.24087418  s
    1   2   1  -1       0.97392760  p_y
    1   2   1   0       0.92731835  p_z
    1   2   1   1       0.95771524  p_x
    2   1   0   0       0.95497474  s
    3   1   0   0       0.93867495  s
    4   1   0   0       1.25839275  s
    4   2   1  -1       0.95559129  p_y
    4   2   1   0       0.94368814  p_z
    4   2   1   1       0.93777669  p_x
    5   1   0   0       0.95895427  s
    6   1   0   0       0.96080526  s
    7   1   0   0       1.24143743  s
    7   2   1  -1       0.98119532  p_y
    7   2   1   0       0.96209047  p_z
    7   2   1   1       0.92751393  p_x
    8   1   0   0       0.93868388  s
    9   1   0   0       0.93396292  s
   10   1   0   0       1.23894197  s
   10   2   1  -1       0.95291729  p_y
   10   2   1   0       0.96548992  p_z
   10   2   1   1       0.97305029  p_x
   11   1   0   0       0.95469530  s
   12   1   0   0       0.91901480  s
   13   1   0   0       1.24125979  s
   13   2   1  -1       0.91845704  p_y
   13   2   1   0       0.97675889  p_z
   13   2   1   1       0.96208088  p_x
   14   1   0   0       0.95193970  s
   15   1   0   0       0.94081980  s
   16   1   0   0       1.25475975  s
   16   2   1  -1       0.94271465  p_y
   16   2   1   0       0.95319380  p_z
   16   2   1   1       0.93647730  p_x
   17   1   0   0       0.94234836  s
   18   1   0   0       0.96791633  s
   19   1   0   0       1.23536321  s
   19   2   1  -1       0.95291267  p_y
   19   2   1   0       0.97137162  p_z
   19   2   1   1       0.94370890  p_x
   20   1   0   0       0.94738255  s
   21   1   0   0       0.94441887  s
   22   1   0   0       1.20125797  s
   22   2   1  -1       0.95841778  p_y
   22   2   1   0       0.95015238  p_z
   22   2   1   1       0.97090677  p_x
   23   1   0   0       0.95473407  s
   24   1   0   0       0.93517275  s
   25   1   0   0       1.26742166  s
   25   2   1  -1       1.00987956  p_y
   25   2   1   0       0.95608024  p_z
   25   2   1   1       0.97803171  p_x
   26   1   0   0       0.93354531  s
   27   1   0   0       0.92601337  s
   28   1   0   0       0.94476412  s
   29   1   0   0       1.24846670  s
   29   2   1  -1       0.98908916  p_y
   29   2   1   0       0.96132308  p_z
   29   2   1   1       0.99180474  p_x
   30   1   0   0       0.95856969  s
   31   1   0   0       0.94478123  s
   32   1   0   0       0.93671037  s
   33   1   0   0       1.27895816  s
   33   2   1  -1       0.94954862  p_y
   33   2   1   0       0.93546559  p_z
   33   2   1   1       0.92465109  p_x
   34   1   0   0       0.95248026  s
   35   1   0   0       0.94751680  s
   36   1   0   0       1.25465493  s
   36   2   1  -1       0.93682883  p_y
   36   2   1   0       0.95618876  p_z
   36   2   1   1       0.94348326  p_x
   37   1   0   0       0.95600920  s
   38   1   0   0       0.93431400  s
   39   1   0   0       1.24759102  s
   39   2   1  -1       0.92676481  p_y
   39   2   1   0       0.98477422  p_z
   39   2   1   1       0.96236588  p_x
   40   1   0   0       0.93208664  s
   41   1   0   0       0.96034366  s
   42   1   0   0       1.24067894  s
   42   2   1  -1       0.94505294  p_y
   42   2   1   0       0.95877256  p_z
   42   2   1   1       0.96358825  p_x
   43   1   0   0       0.95376841  s
   44   1   0   0       0.94733983  s
   45   1   0   0       1.21514561  s
   45   2   1  -1       0.95445040  p_y
   45   2   1   0       0.96068799  p_z
   45   2   1   1       0.95140479  p_x
   46   1   0   0       0.93937479  s
   47   1   0   0       0.95256718  s
   48   1   0   0       1.23553239  s
   48   2   1  -1       0.97634293  p_y
   48   2   1   0       0.93767130  p_z
   48   2   1   1       0.94570573  p_x
   49   1   0   0       0.95409278  s
   50   1   0   0       0.96198954  s
   51   1   0   0       1.26153496  s
   51   2   1  -1       0.96209202  p_y
   51   2   1   0       0.92813974  p_z
   51   2   1   1       0.94065471  p_x
   52   1   0   0       0.95557622  s
   53   1   0   0       0.95865229  s
   54   1   0   0       1.24372235  s
   54   2   1  -1       0.97251400  p_y
   54   2   1   0       0.93565976  p_z
   54   2   1   1       0.94435771  p_x
   55   1   0   0       0.93138309  s
   56   1   0   0       0.96239259  s
   57   1   0   0       1.28804356  s
   57   2   1  -1       0.96289374  p_y
   57   2   1   0       0.98015473  p_z
   57   2   1   1       0.98726285  p_x
   58   1   0   0       0.93647372  s
   59   1   0   0       0.93444015  s
   60   1   0   0       0.93885928  s
   61   1   0   0       1.27701531  s
   61   2   1  -1       0.99081401  p_y
   61   2   1   0       0.96213820  p_z
   61   2   1   1       0.96539300  p_x
   62   1   0   0       0.94308863  s
   63   1   0   0       0.93584837  s
   64   1   0   0       0.92953304  s
   65   1   0   0       1.27107994  s
   65   2   1  -1       0.99263253  p_y
   65   2   1   0       0.95304477  p_z
   65   2   1   1       0.90802123  p_x
   66   1   0   0       0.97705532  s
   67   1   0   0       0.92162615  s
   68   1   0   0       1.26365775  s
   68   2   1  -1       0.94347407  p_y
   68   2   1   0       0.96301016  p_z
   68   2   1   1       0.94169504  p_x
   69   1   0   0       0.97897486  s
   70   1   0   0       0.94849230  s
   71   1   0   0       1.26878798  s
   71   2   1  -1       0.97476593  p_y
   71   2   1   0       0.91275007  p_z
   71   2   1   1       0.95956585  p_x
   72   1   0   0       0.94960063  s
   73   1   0   0       0.91838709  s
   74   1   0   0       1.25622867  s
   74   2   1  -1       0.91656188  p_y
   74   2   1   0       0.94056700  p_z
   74   2   1   1       0.98820436  p_x
   75   1   0   0       0.95479231  s
   76   1   0   0       0.94814867  s
   77   1   0   0       1.24999703  s
   77   2   1  -1       0.95998961  p_y
   77   2   1   0       0.92194659  p_z
   77   2   1   1       0.93043816  p_x
   78   1   0   0       0.96385579  s
   79   1   0   0       0.96581327  s
   80   1   0   0       1.26240668  s
   80   2   1  -1       0.96730271  p_y
   80   2   1   0       0.92734338  p_z
   80   2   1   1       0.96807254  p_x
   81   1   0   0       0.92404593  s
   82   1   0   0       0.93566478  s
   83   1   0   0       1.27136817  s
   83   2   1  -1       0.94459139  p_y
   83   2   1   0       0.91383194  p_z
   83   2   1   1       0.98476732  p_x
   84   1   0   0       0.96311937  s
   85   1   0   0       0.94229568  s
   86   1   0   0       1.21913144  s
   86   2   1  -1       0.97310434  p_y
   86   2   1   0       0.94236803  p_z
   86   2   1   1       0.96177249  p_x
   87   1   0   0       0.93449982  s
   88   1   0   0       0.93805766  s
   89   1   0   0       1.22287736  s
   89   2   1  -1       0.93137178  p_y
   89   2   1   0       0.95832427  p_z
   89   2   1   1       0.91070803  p_x
   90   1   0   0       0.93158497  s
   91   1   0   0       0.91664529  s
   92   1   0   0       0.91858327  s
   93   1   0   0       1.26954758  s
   93   2   1  -1       0.98799401  p_y
   93   2   1   0       0.99614150  p_z
   93   2   1   1       0.96351647  p_x
   94   1   0   0       0.91632174  s
   95   1   0   0       0.92867670  s
   96   1   0   0       0.95030889  s
   97   1   0   0       1.23729947  s
   97   2   1  -1       0.92682431  p_y
   97   2   1   0       0.93080637  p_z
   97   2   1   1       0.96994232  p_x
   98   1   0   0       0.96949064  s
   99   1   0   0       0.96014778  s
  100   1   0   0       1.23026905  s
  100   2   1  -1       0.94734134  p_y
  100   2   1   0       0.93852307  p_z
  100   2   1   1       0.99891598  p_x
  101   1   0   0       0.92714197  s
  102   1   0   0       0.94198908  s
  103   1   0   0       1.25793088  s
  103   2   1  -1       0.94464401  p_y
  103   2   1   0       0.95845900  p_z
  103   2   1   1       0.95381669  p_x
  104   1   0   0       0.94086972  s
  105   1   0   0       0.93019611  s
  106   1   0   0       1.26428864  s
  106   2   1  -1       0.96407125  p_y
  106   2   1   0       0.93838572  p_z
  106   2   1   1       0.95147934  p_x
  107   1   0   0       0.95485563  s
  108   1   0   0       0.96012393  s
  109   1   0   0       1.24219222  s
  109   2   1  -1       0.99919430  p_y
  109   2   1   0       0.94834182  p_z
  109   2   1   1       0.92484098  p_x
  110   1   0   0       0.94691519  s
  111   1   0   0       0.96076668  s
  112   1   0   0       1.23544312  s
  112   2   1  -1       0.95182159  p_y
  112   2   1   0       0.97839811  p_z
  112   2   1   1       0.92805937  p_x
  113   1   0   0       0.93070856  s
  114   1   0   0       0.94345074  s
  115   1   0   0       1.22877105  s
  115   2   1  -1       0.94185591  p_y
  115   2   1   0       0.96125005  p_z
  115   2   1   1       0.98283278  p_x
  116   1   0   0       0.94591564  s
  117   1   0   0       0.93873038  s
  118   1   0   0       1.22153998  s
  118   2   1  -1       0.93573009  p_y
  118   2   1   0       0.97392646  p_z
  118   2   1   1       0.94058506  p_x
  119   1   0   0       0.95552638  s
  120   1   0   0       0.96058294  s
  121   1   0   0       1.26895938  s
  121   2   1  -1       0.97343880  p_y
  121   2   1   0       0.98302555  p_z
  121   2   1   1       0.97488222  p_x
  122   1   0   0       0.92504938  s
  123   1   0   0       0.94256554  s
  124   1   0   0       0.94205033  s
  125   1   0   0       1.25401739  s
  125   2   1  -1       0.99451876  p_y
  125   2   1   0       0.98504221  p_z
  125   2   1   1       0.96028607  p_x
  126   1   0   0       0.93006650  s
  127   1   0   0       0.94998544  s
  128   1   0   0       0.94457701  s
  129   1   0   0       1.26033940  s
  129   2   1  -1       0.94588912  p_y
  129   2   1   0       0.93310094  p_z
  129   2   1   1       0.94715702  p_x
  130   1   0   0       0.95216391  s
  131   1   0   0       0.96363679  s
  132   1   0   0       1.24808835  s
  132   2   1  -1       0.94240805  p_y
  132   2   1   0       0.97493010  p_z
  132   2   1   1       0.94291730  p_x
  133   1   0   0       0.94544719  s
  134   1   0   0       0.93926899  s
  135   1   0   0       1.24636665  s
  135   2   1  -1       0.96230583  p_y
  135   2   1   0       0.96417764  p_z
  135   2   1   1       0.94971872  p_x
  136   1   0   0       0.93984582  s
  137   1   0   0       0.95748400  s
  138   1   0   0       1.25027527  s
  138   2   1  -1       0.95009666  p_y
  138   2   1   0       0.95465982  p_z
  138   2   1   1       0.93609699  p_x
  139   1   0   0       0.97193385  s
  140   1   0   0       0.95468312  s
  141   1   0   0       1.23077965  s
  141   2   1  -1       0.94433819  p_y
  141   2   1   0       0.97337283  p_z
  141   2   1   1       0.95413298  p_x
  142   1   0   0       0.95559069  s
  143   1   0   0       0.92181949  s
  144   1   0   0       1.25395632  s
  144   2   1  -1       0.98054291  p_y
  144   2   1   0       0.95508812  p_z
  144   2   1   1       0.95023496  p_x
  145   1   0   0       0.92518297  s
  146   1   0   0       0.91705955  s
  147   1   0   0       1.29270966  s
  147   2   1  -1       0.96878455  p_y
  147   2   1   0       0.93507476  p_z
  147   2   1   1       0.92803280  p_x
  148   1   0   0       0.94461664  s
  149   1   0   0       0.93774863  s
  150   1   0   0       1.23772898  s
  150   2   1  -1       0.93697988  p_y
  150   2   1   0       0.96386833  p_z
  150   2   1   1       0.94176735  p_x
  151   1   0   0       0.95329274  s
  152   1   0   0       0.95190189  s
  153   1   0   0       1.27495428  s
  153   2   1  -1       0.97366927  p_y
  153   2   1   0       0.95807971  p_z
  153   2   1   1       0.98921677  p_x
  154   1   0   0       0.93402475  s
  155   1   0   0       0.93250083  s
  156   1   0   0       0.94012785  s
  157   1   0   0       1.25977327  s
  157   2   1  -1       0.97953501  p_y
  157   2   1   0       0.97338272  p_z
  157   2   1   1       0.97867010  p_x
  158   1   0   0       0.94555542  s
  159   1   0   0       0.93957912  s
  160   1   0   0       0.93083651  s
  161   1   0   0       1.21007614  s
  161   2   1  -1       0.96110064  p_y
  161   2   1   0       0.91666467  p_z
  161   2   1   1       0.97208010  p_x
  162   1   0   0       0.97302785  s
  163   1   0   0       0.94196711  s
  164   1   0   0       1.23085572  s
  164   2   1  -1       0.94514299  p_y
  164   2   1   0       0.94502489  p_z
  164   2   1   1       0.96681637  p_x
  165   1   0   0       0.94066007  s
  166   1   0   0       0.95564525  s
  167   1   0   0       1.27431205  s
  167   2   1  -1       0.94432970  p_y
  167   2   1   0       0.95868353  p_z
  167   2   1   1       0.92671773  p_x
  168   1   0   0       0.93668325  s
  169   1   0   0       0.96173468  s
  170   1   0   0       1.24835988  s
  170   2   1  -1       0.95924268  p_y
  170   2   1   0       0.95860874  p_z
  170   2   1   1       0.94833271  p_x
  171   1   0   0       0.94566925  s
  172   1   0   0       0.95360958  s
  173   1   0   0       1.23520998  s
  173   2   1  -1       0.91639795  p_y
  173   2   1   0       0.96422833  p_z
  173   2   1   1       0.95406688  p_x
  174   1   0   0       0.95558670  s
  175   1   0   0       0.97735745  s
  176   1   0   0       1.23876958  s
  176   2   1  -1       0.94036588  p_y
  176   2   1   0       0.94649763  p_z
  176   2   1   1       0.93674923  p_x
  177   1   0   0       0.98059790  s
  178   1   0   0       0.94727123  s
  179   1   0   0       1.23701570  s
  179   2   1  -1       0.95330424  p_y
  179   2   1   0       0.97838380  p_z
  179   2   1   1       0.93138898  p_x
  180   1   0   0       0.94171960  s
  181   1   0   0       0.96153737  s
  182   1   0   0       1.24120277  s
  182   2   1  -1       0.97188033  p_y
  182   2   1   0       0.92895435  p_z
  182   2   1   1       0.96417481  p_x
  183   1   0   0       0.94546711  s
  184   1   0   0       0.95362098  s
  185   1   0   0       1.24126300  s
  185   2   1  -1       0.97410599  p_y
  185   2   1   0       0.96381008  p_z
  185   2   1   1       1.04534378  p_x
  186   1   0   0       0.92626453  s
  187   1   0   0       0.93275883  s
  188   1   0   0       0.93373128  s
  189   1   0   0       1.27887285  s
  189   2   1  -1       0.98159472  p_y
  189   2   1   0       0.97784077  p_z
  189   2   1   1       0.96281445  p_x
  190   1   0   0       0.92214966  s
  191   1   0   0       0.94499092  s
  192   1   0   0       0.93825337  s
  193   1   0   0       1.25249478  s
  193   2   1  -1       0.94036182  p_y
  193   2   1   0       0.95494995  p_z
  193   2   1   1       0.95505863  p_x
  194   1   0   0       0.97076939  s
  195   1   0   0       0.91989721  s
  196   1   0   0       1.25635321  s
  196   2   1  -1       0.94784139  p_y
  196   2   1   0       0.94398379  p_z
  196   2   1   1       0.98411470  p_x
  197   1   0   0       0.94418999  s
  198   1   0   0       0.91642865  s
  199   1   0   0       1.27067994  s
  199   2   1  -1       0.95242530  p_y
  199   2   1   0       0.92948917  p_z
  199   2   1   1       0.95247820  p_x
  200   1   0   0       0.92005224  s
  201   1   0   0       0.94544806  s
  202   1   0   0       1.26283410  s
  202   2   1  -1       0.95865308  p_y
  202   2   1   0       0.97890152  p_z
  202   2   1   1       0.91443563  p_x
  203   1   0   0       0.97086900  s
  204   1   0   0       0.95800177  s
  205   1   0   0       1.25657973  s
  205   2   1  -1       0.95953215  p_y
  205   2   1   0       0.92888279  p_z
  205   2   1   1       0.95791938  p_x
  206   1   0   0       0.94073012  s
  207   1   0   0       0.93475784  s
  208   1   0   0       1.26054150  s
  208   2   1  -1       0.96612312  p_y
  208   2   1   0       0.94760831  p_z
  208   2   1   1       0.93550647  p_x
  209   1   0   0       0.94223491  s
  210   1   0   0       0.93945183  s
  211   1   0   0       1.26596881  s
  211   2   1  -1       0.94654199  p_y
  211   2   1   0       0.98238119  p_z
  211   2   1   1       0.93276651  p_x
  212   1   0   0       0.95409187  s
  213   1   0   0       0.93191099  s
  214   1   0   0       1.22479248  s
  214   2   1  -1       0.93639018  p_y
  214   2   1   0       0.97633485  p_z
  214   2   1   1       0.96101421  p_x
  215   1   0   0       0.92999673  s
  216   1   0   0       0.94205110  s
  217   1   0   0       1.28058834  s
  217   2   1  -1       0.97840314  p_y
  217   2   1   0       0.94622715  p_z
  217   2   1   1       1.00508754  p_x
  218   1   0   0       0.92870794  s
  219   1   0   0       0.95455731  s
  220   1   0   0       0.94173793  s
  221   1   0   0       1.26417806  s
  221   2   1  -1       0.97782383  p_y
  221   2   1   0       0.98450040  p_z
  221   2   1   1       0.95468590  p_x
  222   1   0   0       0.94594961  s
  223   1   0   0       0.91809745  s
  224   1   0   0       0.96781643  s
  225   1   0   0       1.24384377  s
  225   2   1  -1       0.94592247  p_y
  225   2   1   0       0.94867863  p_z
  225   2   1   1       0.95797225  p_x
  226   1   0   0       0.95199686  s
  227   1   0   0       0.94540324  s
  228   1   0   0       1.25535379  s
  228   2   1  -1       0.96240562  p_y
  228   2   1   0       0.96127576  p_z
  228   2   1   1       0.93794688  p_x
  229   1   0   0       0.94992505  s
  230   1   0   0       0.96127460  s
  231   1   0   0       1.26246840  s
  231   2   1  -1       0.98531271  p_y
  231   2   1   0       0.93198390  p_z
  231   2   1   1       0.91964431  p_x
  232   1   0   0       0.93614270  s
  233   1   0   0       0.95509639  s
  234   1   0   0       1.27145809  s
  234   2   1  -1       0.96628518  p_y
  234   2   1   0       0.93968011  p_z
  234   2   1   1       0.93986091  p_x
  235   1   0   0       0.96060873  s
  236   1   0   0       0.92808047  s
  237   1   0   0       1.23989692  s
  237   2   1  -1       0.94071712  p_y
  237   2   1   0       0.94187632  p_z
  237   2   1   1       0.97895630  p_x
  238   1   0   0       0.93736523  s
  239   1   0   0       0.94636967  s
  240   1   0   0       1.21462541  s
  240   2   1  -1       1.01136080  p_y
  240   2   1   0       0.94241272  p_z
  240   2   1   1       0.94697510  p_x
  241   1   0   0       0.94059338  s
  242   1   0   0       0.94402101  s
  243   1   0   0       1.23829133  s
  243   2   1  -1       0.94758492  p_y
  243   2   1   0       0.95162535  p_z
  243   2   1   1       0.96938026  p_x
  244   1   0   0       0.93499049  s
  245   1   0   0       0.94662823  s
  246   1   0   0       1.23217635  s
  246   2   1  -1       0.93879200  p_y
  246   2   1   0       0.95634362  p_z
  246   2   1   1       0.96641076  p_x
  247   1   0   0       0.95064245  s
  248   1   0   0       0.94614820  s
  249   1   0   0       1.25474030  s
  249   2   1  -1       0.97192566  p_y
  249   2   1   0       0.99378553  p_z
  249   2   1   1       0.98104304  p_x
  250   1   0   0       0.94384387  s
  251   1   0   0       0.91576711  s
  252   1   0   0       0.93331977  s
  253   1   0   0       1.27389212  s
  253   2   1  -1       0.97181468  p_y
  253   2   1   0       0.97218971  p_z
  253   2   1   1       0.99346848  p_x
  254   1   0   0       0.92425289  s
  255   1   0   0       0.93179299  s
  256   1   0   0       0.94803589  s
  257   1   0   0       1.31378696  s
  257   2   1  -1       1.03652246  p_y
  257   2   1   0       0.97362759  p_z
  257   2   1   1       0.92621231  p_x
  258   1   0   0       0.93016451  s
  259   1   0   0       0.90935585  s
  260   1   0   0       1.30775411  s
  260   2   1  -1       1.02825867  p_y
  260   2   1   0       0.97801824  p_z
  260   2   1   1       0.97433979  p_x
  261   1   0   0       0.92286593  s
  262   1   0   0       0.90369811  s
  263   1   0   0       1.24925655  s
  263   2   1  -1       0.99066196  p_y
  263   2   1   0       0.98786503  p_z
  263   2   1   1       0.98434294  p_x
  264   1   0   0       0.93051360  s
  265   1   0   0       0.93039139  s
  266   1   0   0       1.25389871  s
  266   2   1  -1       0.96754467  p_y
  266   2   1   0       0.93865235  p_z
  266   2   1   1       0.93240385  p_x
  267   1   0   0       0.95329815  s
  268   1   0   0       0.95864287  s
  269   1   0   0       1.26332553  s
  269   2   1  -1       0.96164873  p_y
  269   2   1   0       0.93978087  p_z
  269   2   1   1       0.96351851  p_x
  270   1   0   0       0.93379107  s
  271   1   0   0       0.96149159  s
  272   1   0   0       1.24503819  s
  272   2   1  -1       0.95118099  p_y
  272   2   1   0       0.96636423  p_z
  272   2   1   1       0.93962768  p_x
  273   1   0   0       0.92060476  s
  274   1   0   0       0.95983858  s
  275   1   0   0       1.23018438  s
  275   2   1  -1       0.94310211  p_y
  275   2   1   0       0.99199899  p_z
  275   2   1   1       0.94105399  p_x
  276   1   0   0       0.93311765  s
  277   1   0   0       0.93671453  s
  278   1   0   0       1.24875308  s
  278   2   1  -1       0.98028435  p_y
  278   2   1   0       0.94046925  p_z
  278   2   1   1       0.94762737  p_x
  279   1   0   0       0.92006443  s
  280   1   0   0       0.95859995  s
  281   1   0   0       1.23918536  s
  281   2   1  -1       0.96152098  p_y
  281   2   1   0       0.97834449  p_z
  281   2   1   1       0.96593199  p_x
  282   1   0   0       0.92827175  s
  283   1   0   0       0.91736673  s
  284   1   0   0       0.91814489  s
  285   1   0   0       1.29012675  s
  285   2   1  -1       0.97870952  p_y
  285   2   1   0       0.97192052  p_z
  285   2   1   1       0.97365928  p_x
  286   1   0   0       0.94858317  s
  287   1   0   0       0.92474098  s
  288   1   0   0       0.93063860  s
  289   1   0   0       1.23555577  s
  289   2   1  -1       0.93576099  p_y
  289   2   1   0       0.95822169  p_z
  289   2   1   1       0.93253994  p_x
  290   1   0   0       0.95859443  s
  291   1   0   0       0.96933934  s
  292   1   0   0       1.24652428  s
  292   2   1  -1       0.96566787  p_y
  292   2   1   0       0.93834419  p_z
  292   2   1   1       0.94970603  p_x
  293   1   0   0       0.95324036  s
  294   1   0   0       0.93989507  s
  295   1   0   0       1.22084057  s
  295   2   1  -1       0.98366158  p_y
  295   2   1   0       0.92324587  p_z
  295   2   1   1       0.98368967  p_x
  296   1   0   0       0.95688708  s
  297   1   0   0       0.92910416  s
  298   1   0   0       1.21415397  s
  298   2   1  -1       0.97257121  p_y
  298   2   1   0       0.97393626  p_z
  298   2   1   1       0.94421815  p_x
  299   1   0   0       0.94534222  s
  300   1   0   0       0.94500480  s
  301   1   0   0       1.23750197  s
  301   2   1  -1       0.95625974  p_y
  301   2   1   0       0.96295413  p_z
  301   2   1   1       0.92813138  p_x
  302   1   0   0       0.96886819  s
  303   1   0   0       0.95615379  s
  304   1   0   0       1.23492896  s
  304   2   1  -1       0.99980957  p_y
  304   2   1   0       0.95356018  p_z
  304   2   1   1       0.93567122  p_x
  305   1   0   0       0.93118268  s
  306   1   0   0       0.95380290  s
  307   1   0   0       1.23280459  s
  307   2   1  -1       0.97299217  p_y
  307   2   1   0       0.93504076  p_z
  307   2   1   1       0.95476465  p_x
  308   1   0   0       0.94401776  s
  309   1   0   0       0.94472282  s
  310   1   0   0       1.22744659  s
  310   2   1  -1       0.96989150  p_y
  310   2   1   0       0.94357121  p_z
  310   2   1   1       0.96114792  p_x
  311   1   0   0       0.94465941  s
  312   1   0   0       0.92825343  s
  313   1   0   0       1.24252768  s
  313   2   1  -1       0.99455484  p_y
  313   2   1   0       1.01332644  p_z
  313   2   1   1       0.96008627  p_x
  314   1   0   0       0.93592959  s
  315   1   0   0       0.93120542  s
  316   1   0   0       0.92574407  s
  317   1   0   0       1.27029213  s
  317   2   1  -1       1.00839748  p_y
  317   2   1   0       0.98485649  p_z
  317   2   1   1       0.95457652  p_x
  318   1   0   0       0.94431035  s
  319   1   0   0       0.93501877  s
  320   1   0   0       0.93734081  s
  321   1   0   0       1.22077004  s
  321   2   1  -1       0.95208029  p_y
  321   2   1   0       0.93942864  p_z
  321   2   1   1       0.96739902  p_x
  322   1   0   0       0.95870772  s
  323   1   0   0       0.93462561  s
  324   1   0   0       1.22988986  s
  324   2   1  -1       0.93988993  p_y
  324   2   1   0       0.96643672  p_z
  324   2   1   1       0.96904301  p_x
  325   1   0   0       0.94350692  s
  326   1   0   0       0.95687957  s
  327   1   0   0       1.23985918  s
  327   2   1  -1       0.93415688  p_y
  327   2   1   0       0.97461943  p_z
  327   2   1   1       0.93924836  p_x
  328   1   0   0       0.94881002  s
  329   1   0   0       0.97605434  s
  330   1   0   0       1.23533707  s
  330   2   1  -1       0.93455350  p_y
  330   2   1   0       0.97780971  p_z
  330   2   1   1       0.96921420  p_x
  331   1   0   0       0.93190981  s
  332   1   0   0       0.93922761  s
  333   1   0   0       1.25870169  s
  333   2   1  -1       0.98991313  p_y
  333   2   1   0       0.95440954  p_z
  333   2   1   1       0.90862339  p_x
  334   1   0   0       0.92678995  s
  335   1   0   0       0.95276944  s
  336   1   0   0       1.27203912  s
  336   2   1  -1       0.94622202  p_y
  336   2   1   0       0.96721955  p_z
  336   2   1   1       0.92308403  p_x
  337   1   0   0       0.92216229  s
  338   1   0   0       0.96641359  s
  339   1   0   0       1.24580422  s
  339   2   1  -1       0.93722847  p_y
  339   2   1   0       0.94350680  p_z
  339   2   1   1       0.96363778  p_x
  340   1   0   0       0.95766547  s
  341   1   0   0       0.95391144  s
  342   1   0   0       1.22382766  s
  342   2   1  -1       0.92415025  p_y
  342   2   1   0       0.97132720  p_z
  342   2   1   1       0.96888351  p_x
  343   1   0   0       0.95839014  s
  344   1   0   0       0.94072515  s
  345   1   0   0       1.25159100  s
  345   2   1  -1       0.97552923  p_y
  345   2   1   0       0.99027188  p_z
  345   2   1   1       0.97409727  p_x
  346   1   0   0       0.94083358  s
  347   1   0   0       0.94392873  s
  348   1   0   0       0.94251125  s
  349   1   0   0       1.25614638  s
  349   2   1  -1       0.99002298  p_y
  349   2   1   0       0.98867762  p_z
  349   2   1   1       0.97371205  p_x
  350   1   0   0       0.93796222  s
  351   1   0   0       0.94867853  s
  352   1   0   0       0.92648200  s
 
Fermi level:                        -0.1595714696 H           -4.3422 eV
Band energy:                      -277.7201114061 H        -7557.1487 eV
TS:                                  0.0026340588 H            0.0717 eV
Band free energy (E-TS):          -277.7227454649 H        -7557.2204 eV
Extrapolated E(0K):               -277.7214284355 H        -7557.1846 eV
Input / Output electrons (q):    682.0000000000    682.0000000000
 
Energy H0:                        -282.2496351123 H        -7680.4033 eV
Energy SCC:                          0.0778353145 H            2.1180 eV
Total Electronic energy:          -282.1717997978 H        -7678.2853 eV
Repulsive energy:                    4.3478178134 H          118.3101 eV
Dispersion energy:                   1.1076874374 H           30.1417 eV
Total energy:                     -276.7162945470 H        -7529.8335 eV
Extrapolated to 0:                -276.7176115764 H        -7529.8693 eV
Total Mermin free energy:         -276.7189286058 H        -7529.9052 eV
Force related energy:             -276.7189286058 H        -7529.9052 eV
 
SCC converged
 
Full geometry written in geo_end.{xyz|gen}
 
MD Kinetic Energy:                   0.9691849561 H
Total MD Energy:                  -275.7497436497 H
Pressure:                           -0.263584E-04 au    -0.775490E+09 Pa
MD Temperature:                      0.0018408071 H          581.2802 K
MD Kinetic Energy:                   0.9691849561 H
Total MD Energy:                  -275.7497436497 H        -7503.5323 eV
MD Temperature:                      0.0018408071 H          581.2802 K
 
Molecular dynamics completed
 
