 Fermi distribution function
 
MD step: 100000
 

********************************************************************************
 iSCC Total electronic   Diff electronic      SCC error    
    9   -0.28189765E+03    0.47788262E-09    0.81199380E-06
********************************************************************************
 
Coordinates of moved atoms (au):
    1     68.43652893     61.75507235     78.97131527
    2     66.38652627     62.73212557     78.73914307
    3     68.49807784     59.77112621     78.54000312
    4     70.47222868     92.45549417     77.57381319
    5     71.89169571     92.68746342     78.88284990
    6     40.28255913     94.42420717     77.39502453
    7     71.49647600     91.18473474     75.24414997
    8     43.64778972     92.66369013     73.91726380
    9     69.82011573     90.57756146     74.22669611
   10     44.43332511     88.98570389     75.30594423
   11     45.83981167     89.14706179     76.94695574
   12     45.64479667     89.13861005     73.60456620
   13     72.37002544     86.18209750     75.10671108
   14     73.89052449     85.58013798     73.94328632
   15     70.81829261     86.39799950     73.84071132
   16     43.06931755     84.81283657     77.45536107
   17     44.77966321     84.12722319     78.77087915
   18     59.21860546     84.26784753     78.13028701
   19     69.42270640     83.47540584     77.90864758
   20     68.12325336     84.26440508     76.65330493
   21     68.68731562     83.90360838     79.66133111
   22     69.57292033     80.58798202     77.67327955
   23     42.24693897     80.08314953     76.58702000
   24     38.85164483     80.11522625     76.65888534
   25     69.03269254     62.25024054     81.79733605
   26     73.03824630     77.15186445     93.97335787
   27     71.26795752     62.28570089     82.08638804
   28     68.33139757     63.91766776     82.75941401
   29     69.78847438     79.28585495     80.30824224
   30     67.75706765     78.93253311     80.80052066
   31     71.05039453     77.56968393     80.00328017
   32     70.39743095     80.75740434     81.79204731
   33     52.82413405     55.43341375     39.42386520
   34     53.87817769     56.97930430     38.25814059
   35     54.15300451     54.16591859     40.37542525
   36     51.32084031     56.83531980     41.57478145
   37     49.10318906     56.49372434     41.56620580
   38     51.57760320     58.91142227     41.43339819
   39     51.90489444     55.69512186     44.31261302
   40     53.92486167     55.28107224     44.44343653
   41     50.63387327     53.99506287     44.28871156
   42     50.74232330     57.26781162     46.67082945
   43     78.18070114     55.86707165     47.43171591
   44     50.05998554     59.04053161     45.91911608
   45     52.65612604     58.11032745     48.77331465
   46     53.70575371     59.96191301     48.22452302
   47     82.70435518     56.41490441     49.23335830
   48     80.11800212     59.27651842     51.03597298
   49     78.53529141     60.16483807     50.23029422
   50     81.03882850     60.76139423     52.04285423
   51     50.56429467     57.12032322     52.87074786
   52     52.44597326     56.32788890     53.75870024
   53     50.02261312     55.66250551     51.35766498
   54     78.06723906     58.32316495     84.00064957
   55     78.99414399     59.98440279     84.51272816
   56     78.08685261     56.88343045     85.56472879
   57     51.20973835     54.06652208     37.41760644
   58     49.69581326     55.47885608     37.18125920
   59     52.55271820     53.60635379     36.01973531
   60     50.28568972     52.58713665     38.48970932
   61     46.49470589     59.16158093     83.39206293
   62     45.54795786     59.44460663     85.39094972
   63     46.73903838     60.94216570     82.36724381
   64     45.61119148     57.67784036     82.33310013
   65     62.79979141     89.92068399     69.35552417
   66     61.22739216     91.48578476     69.05381203
   67     62.47302839     90.08495860     71.49440301
   68     62.45976967     87.21914061     68.30041419
   69     60.61907241     86.19540965     68.83370538
   70     64.06368343     85.67523538     68.61856593
   71     62.25855315     87.43540047     65.37273447
   72     64.20397004     87.78036059     64.68120805
   73     61.45406059     89.48976372     65.10390528
   74     60.68509082     56.36867041     64.13663373
   75     58.63115413     57.17162242     64.02269741
   76     60.24592625     54.81306033     65.51214644
   77     62.14079677     55.04810107     62.05423144
   78     64.07999017     83.22779270     62.70401339
   79     61.95937783     85.73586713     60.80125148
   80     60.43614678     53.23533560     60.54574636
   81     58.32569942     53.48687411     61.29658160
   82     61.25538253     51.25426528     61.09661684
   83     60.55786367     53.30049018     57.67324596
   84     61.65146276     51.45124372     57.01552625
   85     61.91868334     54.64789710     56.89456283
   86     57.96601098     53.58068359     56.57192691
   87     57.24809212     55.29049110     57.75669149
   88     56.26996004     52.26260022     56.83760748
   89     65.32634594     91.00193344     68.91930530
   90     66.01320337     92.55359619     69.95967700
   91     66.91695951     89.69399282     69.26843061
   92     65.45598660     91.04045857     66.89759074
   93     58.09029942     54.37201722     53.84159105
   94     56.17329988     54.57035528     52.99059081
   95     59.31847117     56.20360656     53.64075067
   96     59.05111747     52.72445507     52.87073238
   97     68.92061896     78.55208195     89.33089284
   98     68.66014089     76.52434533     88.84623572
   99     71.05927833     78.67944482     89.50424331
  100     67.95968884     80.41983977     87.34333999
  101     65.92673734     80.67607579     87.73621652
  102     68.09747935     79.76141155     85.43609215
  103     69.47678757     83.08910939     87.37889461
  104     71.52747557     82.82808099     87.35919392
  105     68.83545341     84.03553607     89.14254397
  106     68.53989916     84.69811063     56.04433238
  107     68.46459759     60.65033765     82.81169136
  108     69.77577600     86.38863829     56.15623643
  109     66.34925728     84.26597318     54.85635644
  110     65.14131560     82.39598087     55.20439204
  111     65.57931761     85.52171804     53.25957168
  112     58.60395760    112.33361918    105.17660426
  113     51.49173173     79.92064351     60.67617102
  114     56.56252482    112.99701624    104.57955695
  115     51.48962221     82.13528234     60.11325308
  116     52.74292091     82.13824740     58.29914528
  117     52.57472521     83.06737141     61.54985840
  118     48.46192189     83.03683912     59.94791850
  119     47.78265770     82.65464544     58.04327872
  120     48.20898043     85.17342408     59.91344787
  121     68.11384954     79.08399127     91.94455965
  122     66.29658498     78.17219680     92.37500515
  123     69.34849158     77.96684245     93.17096933
  124     68.05714036     81.10454984     92.21902676
  125     47.02161019     81.35308260     61.94619573
  126     48.34389901     80.29355146     62.99356366
  127     46.04801319     82.73245338     63.43230962
  128     45.38268425     80.44437099     61.10988443
  129     58.94935596     60.86158039     55.77574872
  130     58.53159539     58.79672330     56.06839234
  131     57.46111181     62.20458270     56.68191328
  132     61.80023143     61.80826254     56.61594451
  133     62.40111686     62.99347071     54.71633566
  134     63.27566139     60.14826056     56.66619349
  135     62.08208861     63.08034401     59.06363976
  136     64.28897901     63.01110137     59.48514733
  137     60.93626740     61.84867314     60.30323647
  138     61.17483823     66.00576277     59.27613986
  139     58.97945384     66.02403501     58.82507441
  140     61.60326025     67.08048533     57.56320720
  141     62.36110656     67.43144923     61.77937473
  142     62.55002725     66.06842848     63.14247051
  143     60.55897576     68.72853792     62.31980443
  144     65.20019219     68.34647841     61.53075262
  145     65.53838980     69.67951784     59.66823405
  146     66.21815777     66.61828530     61.15258438
  147     66.66425199     69.38216150     63.82766177
  148     67.79109190     68.01660848     64.70493039
  149     65.24479515     70.19006588     65.15077755
  150     68.20730750     71.74469890     63.21743185
  151     67.22492717     73.37102907     62.28228742
  152     69.53025714     71.50441238     61.54869247
  153     58.93549337     61.23435545     52.93624890
  154     58.52264395     34.42820199     52.52656140
  155     60.72323040     60.87540120     51.82778229
  156     57.32590064     60.38374207     52.08917813
  157     69.50446556     73.23716150     65.37516630
  158     70.18955979     71.97953158     66.72730289
  159     71.15827903     74.38854983     64.94853927
  160     68.38692928     74.60828502     66.47900791
  161     80.20596804     45.70782168     63.25989519
  162     79.01895169     44.00406315     63.58701005
  163     79.02647964     47.31105428     64.00781758
  164     82.65129369     45.64387279     64.90928195
  165     84.07959738     44.31103283     64.18746962
  166     82.28529760     44.95904710     66.81153282
  167     83.72040950     48.41656605     65.04953650
  168     82.11924140     49.73569836     65.09158209
  169     84.93450840     48.73265664     63.28599658
  170     85.52116704     49.06726112     67.25637889
  171     84.63079152     48.32652409     69.06663470
  172     85.60390716     51.28810209     67.40653772
  173     88.36881895     77.14924631     66.90374494
  174     88.94606460     78.06541368     65.12753651
  175     88.27865867     46.30594031     66.31567735
  176     89.91263992     77.07082227     69.30835515
  177     89.10337288     75.91986304     70.93160446
  178     90.44647461     79.03166331     69.93639290
  179     92.35190749     75.41379092     68.62815406
  180     93.63474663     76.30544172     67.00419850
  181     91.64214856     73.50884830     67.83132726
  182     94.13761544     74.77426593     70.79975297
  183     95.47289035     73.28185698     70.22837091
  184     93.13231523     74.00702634     72.49200768
  185     80.63023061     45.96405899     60.50010968
  186     78.77413845     45.24007569     59.75524477
  187     80.68553239     47.91879904     59.78081190
  188     82.10093786     44.72809001     88.90957935
  189     95.64163765     76.94230111     71.70523759
  190     95.97876417     76.74649560     73.90306631
  191     97.48496217     76.78175414     70.91457166
  192     94.85620793     78.73940858     71.67381803
  193     65.12097401     41.31477908     81.98768996
  194     64.70746054     41.22913880     84.17417603
  195     64.41106619     72.31889536     81.70863416
  196     68.12378105     41.24719883     80.98346135
  197     68.59664932     43.36678519     80.03162839
  198     68.34817329     68.58059376     79.72580041
  199     70.01951210     41.00735084     83.23324416
  200     70.28898280     38.92546909     83.51620798
  201     68.73933610     41.75087745     84.51673027
  202     72.47299131     42.50077059     83.21678678
  203     73.48659684     42.41665817     85.11718016
  204     72.01605487     44.49242809     83.50364073
  205     74.25577867     41.95607428     81.09531334
  206     75.74592166     43.36711155     80.91659788
  207     73.20274735     42.70783737     79.66152043
  208     75.20334990     39.27956406     80.78642746
  209     73.71857667     38.02083173     80.22316898
  210     76.05519942     38.26039364     82.54008658
  211     77.58685156     68.42060226     79.06014038
  212     78.39789667     66.50562724     78.87852863
  213     79.02738555     69.53314745     80.12817905
  214     77.32992227     69.69932365     76.46815484
  215     78.80843804     70.97667348     76.12486285
  216     75.55622964     70.52073842     76.39188400
  217     63.53227859     39.51102126     80.53960034
  218     61.65064289     39.34048698     52.46575486
  219     63.51093364     40.37872421     49.74300592
  220     64.44156045     37.67136768     80.55150052
  221     77.53436001     67.45712404     74.51504377
  222     79.22424771     66.27827589     74.72911840
  223     75.86174593     66.06789810     74.79468965
  224     77.27287248     67.99906147     72.37710960
  225     61.82162086     79.69090735     76.56706264
  226     62.63892417     79.88959206     74.68059976
  227     62.93382605     81.13143017     77.73738713
  228     58.90997659     51.46707679     76.49834725
  229     59.96817696     55.18564490     74.59523601
  230     58.15728466     51.20133865     78.41476429
  231     56.85288788     78.96041468     74.95913620
  232     58.06910138     77.29143609     73.98476533
  233     56.11691020     79.91603224     73.33704639
  234     54.40003104     77.94053868     75.95585756
  235     53.42204791     76.68568268     74.33402541
  236     52.84797049     79.36752147     76.25195079
  237     54.52299281     76.92009451     78.53683486
  238     55.15071485     78.49474353     79.86261937
  239     55.79328964     46.14281152     78.79326431
  240     51.79732851     76.00088029     79.26402201
  241     51.64270491     45.04783014     79.97771295
  242     50.73032224     46.70191747     77.40516532
  243     50.65149628     77.99667052     80.87710117
  244     52.10551863     79.16336860     81.61039086
  245     50.32514665     77.13757233     82.68842891
  246     47.91810654     79.09873304     80.23934777
  247     46.71105525     77.54881353     80.32604774
  248     47.71004579     80.01516674     78.38488188
  249     62.26706770     47.99177480     77.44747476
  250     61.82993374     46.17243130     76.31478071
  251     64.33278219     47.85940383     77.65996651
  252     61.26652805     47.65693636     79.04492855
  253     46.95399761     81.08343428     82.02839075
  254     45.75767519     80.20495226     83.45465866
  255     48.34845380     82.06929309     83.09357853
  256     45.70986278     82.67479676    110.19047136
  257     85.67602510     70.68681057     58.45577961
  258     84.37592043     70.25681372     60.19749783
  259     87.14373556     69.24447460     58.61559063
  260     84.15619063     70.44238861     55.95229599
  261     85.50333147     70.71415502     54.46260270
  262     82.65885114     71.80891899     55.97393349
  263     82.77141111     67.56476478     55.77758703
  264     83.68182899     66.07375431     56.39113207
  265     82.58637509     67.22088699     53.55777664
  266     80.13230681     67.47422271     56.82415928
  267     78.98275654     66.06976326     55.72960720
  268     79.31448520     69.31643478     56.21629406
  269     79.99806891     67.28629840     59.74041827
  270     80.50217345     69.41766095     60.46016745
  271     81.45663164     66.03809143     60.60618766
  272     77.44707642     66.42049817     60.92774784
  273     77.74498133     66.29542187     63.02579207
  274     77.18911960     64.48218785     59.78360975
  275     75.42224133     68.41367972     60.20683525
  276     75.99708291     69.34351793     58.50915588
  277     75.69555695     69.99385258     61.70175176
  278     72.97167337     67.14990187     60.06551632
  279     71.58345345     68.80631749     59.40370289
  280     72.11992812     66.59901088     61.98245748
  281     86.63448018     73.53286007     59.09211725
  282     85.26576356     74.96660384     58.57459364
  283     86.71754635     73.74442132     61.15150022
  284     88.45005143     73.73006738     58.21097361
  285     72.70937444     64.93302952     58.27289766
  286     74.03145087     63.33027202     58.73272890
  287     70.91303540     63.84941142     58.64547953
  288     72.89059284     65.69536175     56.33806241
  289     54.99446158     62.33982028     63.49394766
  290     55.29895300     63.98983832     62.11501414
  291     56.93328945     62.24817433     64.36375689
  292     53.38406008     63.33169123     65.60388772
  293     53.23671668     61.36092362     66.68189040
  294     51.50283353     64.08485188     65.01755489
  295     54.29036890     65.40108054     67.34458399
  296     54.07109228     64.43159723     69.26320147
  297     52.87392554     66.76238622     38.48545479
  298     56.76911372     66.54462606     38.24917841
  299     57.03701311     67.82250922     65.59544187
  300     58.28755377     65.10966257     38.20257151
  301     57.25849395     68.51940270     40.16862592
  302     55.80127960     70.17395146     40.42799460
  303     58.55172592     69.83398920     68.38706667
  304     57.73166952     67.58094347     42.98306137
  305     59.84276062     67.24685585     43.17704323
  306     56.83592156     65.62513764     42.88931532
  307     56.51773186     69.55625342     44.80455395
  308     54.55694993     69.92286132     44.04966132
  309     57.27834846     71.43093796     44.63439740
  310     56.84510028     68.87305061     47.49001164
  311     56.45826093     70.62769948     48.69866699
  312     58.96732425     68.56489060     47.83507894
  313     53.85034420     60.42507704     61.71195888
  314     54.61130984     59.81526488     59.86030285
  315     53.54309005     58.74407886     62.88505710
  316     51.81321293     61.18530088     61.04899895
  317     55.45727871     66.42455860     48.26585399
  318     56.73144779     65.43929401     49.69951162
  319     53.55541718     66.56642315     49.04285519
  320     55.31727311     65.22843774     46.57978992
  321     71.89339173     59.46855074     35.72512430
  322     71.76920201     58.27489951     34.03906698
  323     70.01194172     60.45560111     35.55876095
  324     72.19094156     58.13433085     67.38635303
  325     71.44855768     59.88178383     68.69152821
  326     74.19640295     58.06209877     67.55673723
  327     71.27248102     55.38114256     67.88665582
  328     70.84729149     54.81824574     65.88893951
  329     69.49166790     55.77503907     69.03377711
  330     73.64131377     53.69326822     68.93732440
  331     74.32687756     55.27404330     70.36032236
  332     74.80764061     53.41210410     67.44986550
  333     73.43947561     51.14719359     70.32212733
  334     72.10069290     50.05223483     68.80406756
  335     72.45175015     50.99530442     72.19532552
  336     76.01614068     49.79996403     70.84243598
  337     77.54164064     51.36583876     71.22462221
  338     76.92151540     48.88734355     69.26174913
  339     75.61595494     48.05941279     73.13826741
  340     74.72229395     48.94823583     74.78871515
  341     77.63865867     47.50497461     73.58041134
  342     74.16986993     45.64423139     72.24756084
  343     75.27009239     43.86601314     71.94208612
  344     73.43460346     45.56594634     70.26933574
  345     73.72391537     61.38172886     35.26627280
  346     73.42270922     61.97073701     33.26705018
  347     74.19494396     62.94254413     36.66171663
  348     75.61317324     60.44139657     35.44396989
  349     71.78254425     44.74428576     74.00503301
  350     70.05653979     45.75318490     73.45023505
  351     71.43652722     42.71228479     73.59155620
  352     72.28146155     44.95688771     75.99422528
 
 Total charge:    -0.00000000

 Atomic gross charges (e)
 Atom           Charge
    1      -0.10768333
    2       0.03992742
    3       0.08121795
    4      -0.10861710
    5       0.08332734
    6       0.04531987
    7      -0.08357819
    8       0.03454344
    9       0.06224530
   10      -0.09699524
   11       0.05455044
   12       0.05317609
   13      -0.09966179
   14       0.10423216
   15       0.08208497
   16      -0.08417009
   17       0.09340158
   18       0.05303816
   19      -0.12335158
   20       0.07011930
   21       0.09469933
   22      -0.10447517
   23       0.07050535
   24       0.06776601
   25      -0.21187225
   26      -0.24706083
   27       0.03236249
   28       0.08118708
   29      -0.20661267
   30       0.06852289
   31       0.07852215
   32       0.07413917
   33      -0.10184227
   34       0.03720732
   35       0.06372052
   36      -0.11322476
   37       0.03201654
   38       0.05999684
   39      -0.14199848
   40       0.07713458
   41       0.05670889
   42      -0.12263201
   43       0.04868157
   44       0.06930359
   45      -0.12308404
   46       0.05554228
   47       0.07682181
   48      -0.13888702
   49       0.06754283
   50       0.06047805
   51      -0.11645520
   52       0.03090064
   53       0.07481835
   54      -0.10729061
   55       0.07526446
   56       0.05426866
   57      -0.24076761
   58       0.08295145
   59       0.10575389
   60       0.07789216
   61      -0.19983686
   62       0.04770138
   63       0.07421575
   64       0.07608131
   65      -0.06011170
   66       0.04442350
   67       0.02435660
   68      -0.08743355
   69       0.04980978
   70       0.04545657
   71      -0.11628631
   72       0.05638486
   73       0.03122604
   74      -0.09070025
   75       0.05498838
   76       0.03622080
   77      -0.12137562
   78       0.08060917
   79       0.06770973
   80      -0.09064547
   81       0.04550166
   82       0.03788868
   83      -0.07958718
   84       0.01903750
   85       0.06809687
   86      -0.08022496
   87       0.02777767
   88       0.06298856
   89      -0.21898703
   90       0.08422694
   91       0.04944885
   92       0.07264457
   93      -0.19591888
   94       0.06524324
   95       0.06251903
   96       0.05840178
   97      -0.08751199
   98       0.05339340
   99       0.04298016
  100      -0.12667544
  101       0.06117497
  102       0.06363036
  103      -0.12116143
  104       0.07501291
  105       0.07262789
  106      -0.08386938
  107       0.06985947
  108       0.08735627
  109      -0.19551681
  110       0.08416710
  111       0.07680835
  112      -0.19331825
  113       0.04824521
  114       0.06184085
  115      -0.21759713
  116       0.05265853
  117       0.07829786
  118      -0.10494439
  119       0.05746494
  120       0.06224600
  121      -0.20985665
  122       0.05144952
  123       0.09005694
  124       0.07210070
  125      -0.19349084
  126       0.09829442
  127       0.03357808
  128       0.08712329
  129      -0.10905467
  130       0.06927757
  131       0.05746779
  132      -0.08316483
  133       0.02847274
  134       0.03774654
  135      -0.08959793
  136       0.03933248
  137       0.06921713
  138      -0.14133894
  139       0.05516488
  140       0.06470042
  141      -0.11615799
  142       0.07691962
  143       0.04991273
  144      -0.08898691
  145       0.03149653
  146       0.06068464
  147      -0.10085576
  148       0.07657714
  149       0.05740190
  150      -0.09651692
  151       0.04982341
  152       0.04457715
  153      -0.19008918
  154       0.03224158
  155       0.06661369
  156       0.06867441
  157      -0.22739452
  158       0.06134333
  159       0.10056312
  160       0.06349708
  161      -0.08523573
  162       0.05038556
  163       0.04981208
  164      -0.12114635
  165       0.05773749
  166       0.05711957
  167      -0.11246251
  168       0.06413743
  169       0.04455626
  170      -0.10550123
  171       0.04903675
  172       0.03078539
  173      -0.12712691
  174       0.07199892
  175       0.06458554
  176      -0.08847741
  177       0.06469625
  178       0.05714895
  179      -0.10148089
  180       0.04251706
  181       0.03929040
  182      -0.08461886
  183       0.05544072
  184       0.04625631
  185      -0.21660557
  186       0.05061301
  187       0.07374885
  188       0.09377159
  189      -0.20109812
  190       0.02385948
  191       0.08056573
  192       0.08282502
  193      -0.10228779
  194       0.04381023
  195       0.03408376
  196      -0.10768222
  197       0.02921076
  198       0.07056694
  199      -0.13599065
  200       0.05632258
  201       0.08501748
  202      -0.09282612
  203       0.03715747
  204       0.05078395
  205      -0.11981327
  206       0.05343429
  207       0.07604485
  208      -0.09767428
  209       0.06661051
  210       0.04154034
  211      -0.11294730
  212       0.05163208
  213       0.04842831
  214      -0.11837643
  215       0.07541039
  216       0.08443771
  217      -0.20146420
  218       0.06989059
  219       0.07724927
  220       0.07129310
  221      -0.18985305
  222       0.06984741
  223       0.03984769
  224       0.04476444
  225      -0.08284810
  226       0.05633218
  227       0.05147077
  228      -0.02606481
  229       0.04066702
  230       0.05344520
  231      -0.10762361
  232       0.02667259
  233       0.06343663
  234      -0.06792339
  235       0.03453461
  236       0.04803918
  237      -0.08850356
  238       0.05893020
  239       0.03444746
  240      -0.10577313
  241       0.05439921
  242       0.03805919
  243      -0.13434997
  244       0.07643177
  245       0.05405523
  246      -0.09660048
  247       0.07155190
  248       0.05425161
  249      -0.21609898
  250       0.06190261
  251       0.06064045
  252       0.08405168
  253      -0.21210906
  254       0.06006707
  255       0.07978467
  256       0.05273361
  257      -0.12059950
  258       0.03655371
  259       0.07400511
  260      -0.12554319
  261       0.07237233
  262       0.07498642
  263      -0.13146994
  264       0.09279462
  265       0.02150688
  266      -0.09293765
  267       0.05103949
  268       0.04881038
  269      -0.10215752
  270       0.02651632
  271       0.05575690
  272      -0.11717206
  273       0.06501295
  274       0.04833956
  275      -0.09450110
  276       0.07192037
  277       0.04647072
  278      -0.05431695
  279       0.01971770
  280       0.04167585
  281      -0.22803871
  282       0.07648740
  283       0.06786317
  284       0.07794596
  285      -0.19954336
  286       0.06320178
  287       0.05431643
  288       0.07818938
  289      -0.07950001
  290       0.02260453
  291       0.06298576
  292      -0.09491096
  293       0.03065850
  294       0.05533990
  295      -0.09669032
  296       0.03571989
  297       0.06628940
  298      -0.08009030
  299       0.05479890
  300       0.05676944
  301      -0.13739789
  302       0.03531890
  303       0.06280103
  304      -0.11565774
  305       0.05180953
  306       0.05981035
  307      -0.09449506
  308       0.05387812
  309       0.05787280
  310      -0.06959609
  311       0.04077046
  312       0.03902323
  313      -0.17709340
  314       0.07430883
  315       0.05866706
  316       0.03635040
  317      -0.20541331
  318       0.05316681
  319       0.07389259
  320       0.06804951
  321      -0.08546776
  322       0.05572283
  323       0.03199054
  324      -0.12988473
  325       0.03144482
  326       0.06746701
  327      -0.12077949
  328       0.06804927
  329       0.06599071
  330      -0.11050886
  331       0.02694983
  332       0.09841570
  333      -0.09416881
  334       0.05150006
  335       0.05364830
  336      -0.10094575
  337       0.02844751
  338       0.07865945
  339      -0.08654474
  340       0.06713066
  341       0.04580874
  342      -0.12524253
  343       0.05354596
  344       0.06741624
  345      -0.18805231
  346       0.06703477
  347       0.06420227
  348       0.04168075
  349      -0.23467669
  350       0.08006290
  351       0.06155333
  352       0.06823507
 
Nr. of electrons (up):    682.00000000
Atom populations (up)
 Atom       Population
    1       4.10768333
    2       0.96007258
    3       0.91878205
    4       4.10861710
    5       0.91667266
    6       0.95468013
    7       4.08357819
    8       0.96545656
    9       0.93775470
   10       4.09699524
   11       0.94544956
   12       0.94682391
   13       4.09966179
   14       0.89576784
   15       0.91791503
   16       4.08417009
   17       0.90659842
   18       0.94696184
   19       4.12335158
   20       0.92988070
   21       0.90530067
   22       4.10447517
   23       0.92949465
   24       0.93223399
   25       4.21187225
   26       1.24706083
   27       0.96763751
   28       0.91881292
   29       4.20661267
   30       0.93147711
   31       0.92147785
   32       0.92586083
   33       4.10184227
   34       0.96279268
   35       0.93627948
   36       4.11322476
   37       0.96798346
   38       0.94000316
   39       4.14199848
   40       0.92286542
   41       0.94329111
   42       4.12263201
   43       0.95131843
   44       0.93069641
   45       4.12308404
   46       0.94445772
   47       0.92317819
   48       4.13888702
   49       0.93245717
   50       0.93952195
   51       4.11645520
   52       0.96909936
   53       0.92518165
   54       4.10729061
   55       0.92473554
   56       0.94573134
   57       4.24076761
   58       0.91704855
   59       0.89424611
   60       0.92210784
   61       4.19983686
   62       0.95229862
   63       0.92578425
   64       0.92391869
   65       4.06011170
   66       0.95557650
   67       0.97564340
   68       4.08743355
   69       0.95019022
   70       0.95454343
   71       4.11628631
   72       0.94361514
   73       0.96877396
   74       4.09070025
   75       0.94501162
   76       0.96377920
   77       4.12137562
   78       0.91939083
   79       0.93229027
   80       4.09064547
   81       0.95449834
   82       0.96211132
   83       4.07958718
   84       0.98096250
   85       0.93190313
   86       4.08022496
   87       0.97222233
   88       0.93701144
   89       4.21898703
   90       0.91577306
   91       0.95055115
   92       0.92735543
   93       4.19591888
   94       0.93475676
   95       0.93748097
   96       0.94159822
   97       4.08751199
   98       0.94660660
   99       0.95701984
  100       4.12667544
  101       0.93882503
  102       0.93636964
  103       4.12116143
  104       0.92498709
  105       0.92737211
  106       4.08386938
  107       0.93014053
  108       0.91264373
  109       4.19551681
  110       0.91583290
  111       0.92319165
  112       4.19331825
  113       0.95175479
  114       0.93815915
  115       4.21759713
  116       0.94734147
  117       0.92170214
  118       4.10494439
  119       0.94253506
  120       0.93775400
  121       4.20985665
  122       0.94855048
  123       0.90994306
  124       0.92789930
  125       4.19349084
  126       0.90170558
  127       0.96642192
  128       0.91287671
  129       4.10905467
  130       0.93072243
  131       0.94253221
  132       4.08316483
  133       0.97152726
  134       0.96225346
  135       4.08959793
  136       0.96066752
  137       0.93078287
  138       4.14133894
  139       0.94483512
  140       0.93529958
  141       4.11615799
  142       0.92308038
  143       0.95008727
  144       4.08898691
  145       0.96850347
  146       0.93931536
  147       4.10085576
  148       0.92342286
  149       0.94259810
  150       4.09651692
  151       0.95017659
  152       0.95542285
  153       4.19008918
  154       0.96775842
  155       0.93338631
  156       0.93132559
  157       4.22739452
  158       0.93865667
  159       0.89943688
  160       0.93650292
  161       4.08523573
  162       0.94961444
  163       0.95018792
  164       4.12114635
  165       0.94226251
  166       0.94288043
  167       4.11246251
  168       0.93586257
  169       0.95544374
  170       4.10550123
  171       0.95096325
  172       0.96921461
  173       4.12712691
  174       0.92800108
  175       0.93541446
  176       4.08847741
  177       0.93530375
  178       0.94285105
  179       4.10148089
  180       0.95748294
  181       0.96070960
  182       4.08461886
  183       0.94455928
  184       0.95374369
  185       4.21660557
  186       0.94938699
  187       0.92625115
  188       0.90622841
  189       4.20109812
  190       0.97614052
  191       0.91943427
  192       0.91717498
  193       4.10228779
  194       0.95618977
  195       0.96591624
  196       4.10768222
  197       0.97078924
  198       0.92943306
  199       4.13599065
  200       0.94367742
  201       0.91498252
  202       4.09282612
  203       0.96284253
  204       0.94921605
  205       4.11981327
  206       0.94656571
  207       0.92395515
  208       4.09767428
  209       0.93338949
  210       0.95845966
  211       4.11294730
  212       0.94836792
  213       0.95157169
  214       4.11837643
  215       0.92458961
  216       0.91556229
  217       4.20146420
  218       0.93010941
  219       0.92275073
  220       0.92870690
  221       4.18985305
  222       0.93015259
  223       0.96015231
  224       0.95523556
  225       4.08284810
  226       0.94366782
  227       0.94852923
  228       4.02606481
  229       0.95933298
  230       0.94655480
  231       4.10762361
  232       0.97332741
  233       0.93656337
  234       4.06792339
  235       0.96546539
  236       0.95196082
  237       4.08850356
  238       0.94106980
  239       0.96555254
  240       4.10577313
  241       0.94560079
  242       0.96194081
  243       4.13434997
  244       0.92356823
  245       0.94594477
  246       4.09660048
  247       0.92844810
  248       0.94574839
  249       4.21609898
  250       0.93809739
  251       0.93935955
  252       0.91594832
  253       4.21210906
  254       0.93993293
  255       0.92021533
  256       0.94726639
  257       4.12059950
  258       0.96344629
  259       0.92599489
  260       4.12554319
  261       0.92762767
  262       0.92501358
  263       4.13146994
  264       0.90720538
  265       0.97849312
  266       4.09293765
  267       0.94896051
  268       0.95118962
  269       4.10215752
  270       0.97348368
  271       0.94424310
  272       4.11717206
  273       0.93498705
  274       0.95166044
  275       4.09450110
  276       0.92807963
  277       0.95352928
  278       4.05431695
  279       0.98028230
  280       0.95832415
  281       4.22803871
  282       0.92351260
  283       0.93213683
  284       0.92205404
  285       4.19954336
  286       0.93679822
  287       0.94568357
  288       0.92181062
  289       4.07950001
  290       0.97739547
  291       0.93701424
  292       4.09491096
  293       0.96934150
  294       0.94466010
  295       4.09669032
  296       0.96428011
  297       0.93371060
  298       4.08009030
  299       0.94520110
  300       0.94323056
  301       4.13739789
  302       0.96468110
  303       0.93719897
  304       4.11565774
  305       0.94819047
  306       0.94018965
  307       4.09449506
  308       0.94612188
  309       0.94212720
  310       4.06959609
  311       0.95922954
  312       0.96097677
  313       4.17709340
  314       0.92569117
  315       0.94133294
  316       0.96364960
  317       4.20541331
  318       0.94683319
  319       0.92610741
  320       0.93195049
  321       4.08546776
  322       0.94427717
  323       0.96800946
  324       4.12988473
  325       0.96855518
  326       0.93253299
  327       4.12077949
  328       0.93195073
  329       0.93400929
  330       4.11050886
  331       0.97305017
  332       0.90158430
  333       4.09416881
  334       0.94849994
  335       0.94635170
  336       4.10094575
  337       0.97155249
  338       0.92134055
  339       4.08654474
  340       0.93286934
  341       0.95419126
  342       4.12524253
  343       0.94645404
  344       0.93258376
  345       4.18805231
  346       0.93296523
  347       0.93579773
  348       0.95831925
  349       4.23467669
  350       0.91993710
  351       0.93844667
  352       0.93176493
 
l-shell populations (up)
 Atom Sh.   l       Population
    1   1   0       1.26219864
    1   2   1       2.84548469
    2   1   0       0.96007258
    3   1   0       0.91878205
    4   1   0       1.24882425
    4   2   1       2.85979285
    5   1   0       0.91667266
    6   1   0       0.95468013
    7   1   0       1.23408645
    7   2   1       2.84949174
    8   1   0       0.96545656
    9   1   0       0.93775470
   10   1   0       1.25799287
   10   2   1       2.83900237
   11   1   0       0.94544956
   12   1   0       0.94682391
   13   1   0       1.21519199
   13   2   1       2.88446980
   14   1   0       0.89576784
   15   1   0       0.91791503
   16   1   0       1.30979630
   16   2   1       2.77437379
   17   1   0       0.90659842
   18   1   0       0.94696184
   19   1   0       1.22841336
   19   2   1       2.89493822
   20   1   0       0.92988070
   21   1   0       0.90530067
   22   1   0       1.23790298
   22   2   1       2.86657219
   23   1   0       0.92949465
   24   1   0       0.93223399
   25   1   0       1.27329583
   25   2   1       2.93857642
   26   1   0       1.24706083
   27   1   0       0.96763751
   28   1   0       0.91881292
   29   1   0       1.28884282
   29   2   1       2.91776984
   30   1   0       0.93147711
   31   1   0       0.92147785
   32   1   0       0.92586083
   33   1   0       1.25139306
   33   2   1       2.85044920
   34   1   0       0.96279268
   35   1   0       0.93627948
   36   1   0       1.26899257
   36   2   1       2.84423218
   37   1   0       0.96798346
   38   1   0       0.94000316
   39   1   0       1.27221460
   39   2   1       2.86978388
   40   1   0       0.92286542
   41   1   0       0.94329111
   42   1   0       1.26569787
   42   2   1       2.85693414
   43   1   0       0.95131843
   44   1   0       0.93069641
   45   1   0       1.25588606
   45   2   1       2.86719797
   46   1   0       0.94445772
   47   1   0       0.92317819
   48   1   0       1.23422471
   48   2   1       2.90466231
   49   1   0       0.93245717
   50   1   0       0.93952195
   51   1   0       1.25067491
   51   2   1       2.86578029
   52   1   0       0.96909936
   53   1   0       0.92518165
   54   1   0       1.21804660
   54   2   1       2.88924401
   55   1   0       0.92473554
   56   1   0       0.94573134
   57   1   0       1.26912428
   57   2   1       2.97164333
   58   1   0       0.91704855
   59   1   0       0.89424611
   60   1   0       0.92210784
   61   1   0       1.26414735
   61   2   1       2.93568952
   62   1   0       0.95229862
   63   1   0       0.92578425
   64   1   0       0.92391869
   65   1   0       1.22729020
   65   2   1       2.83282150
   66   1   0       0.95557650
   67   1   0       0.97564340
   68   1   0       1.25750996
   68   2   1       2.82992359
   69   1   0       0.95019022
   70   1   0       0.95454343
   71   1   0       1.25225305
   71   2   1       2.86403326
   72   1   0       0.94361514
   73   1   0       0.96877396
   74   1   0       1.23885874
   74   2   1       2.85184151
   75   1   0       0.94501162
   76   1   0       0.96377920
   77   1   0       1.24442389
   77   2   1       2.87695174
   78   1   0       0.91939083
   79   1   0       0.93229027
   80   1   0       1.25447060
   80   2   1       2.83617487
   81   1   0       0.95449834
   82   1   0       0.96211132
   83   1   0       1.23157295
   83   2   1       2.84801423
   84   1   0       0.98096250
   85   1   0       0.93190313
   86   1   0       1.23046793
   86   2   1       2.84975704
   87   1   0       0.97222233
   88   1   0       0.93701144
   89   1   0       1.24233985
   89   2   1       2.97664718
   90   1   0       0.91577306
   91   1   0       0.95055115
   92   1   0       0.92735543
   93   1   0       1.27717746
   93   2   1       2.91874142
   94   1   0       0.93475676
   95   1   0       0.93748097
   96   1   0       0.94159822
   97   1   0       1.22225120
   97   2   1       2.86526079
   98   1   0       0.94660660
   99   1   0       0.95701984
  100   1   0       1.24725129
  100   2   1       2.87942416
  101   1   0       0.93882503
  102   1   0       0.93636964
  103   1   0       1.26656782
  103   2   1       2.85459361
  104   1   0       0.92498709
  105   1   0       0.92737211
  106   1   0       1.24887105
  106   2   1       2.83499833
  107   1   0       0.93014053
  108   1   0       0.91264373
  109   1   0       1.28556436
  109   2   1       2.90995245
  110   1   0       0.91583290
  111   1   0       0.92319165
  112   1   0       1.30804416
  112   2   1       2.88527409
  113   1   0       0.95175479
  114   1   0       0.93815915
  115   1   0       1.31442592
  115   2   1       2.90317121
  116   1   0       0.94734147
  117   1   0       0.92170214
  118   1   0       1.26918133
  118   2   1       2.83576306
  119   1   0       0.94253506
  120   1   0       0.93775400
  121   1   0       1.25273504
  121   2   1       2.95712161
  122   1   0       0.94855048
  123   1   0       0.90994306
  124   1   0       0.92789930
  125   1   0       1.27772682
  125   2   1       2.91576402
  126   1   0       0.90170558
  127   1   0       0.96642192
  128   1   0       0.91287671
  129   1   0       1.26558542
  129   2   1       2.84346926
  130   1   0       0.93072243
  131   1   0       0.94253221
  132   1   0       1.26980380
  132   2   1       2.81336103
  133   1   0       0.97152726
  134   1   0       0.96225346
  135   1   0       1.24725844
  135   2   1       2.84233950
  136   1   0       0.96066752
  137   1   0       0.93078287
  138   1   0       1.28783798
  138   2   1       2.85350097
  139   1   0       0.94483512
  140   1   0       0.93529958
  141   1   0       1.26551276
  141   2   1       2.85064523
  142   1   0       0.92308038
  143   1   0       0.95008727
  144   1   0       1.25477292
  144   2   1       2.83421399
  145   1   0       0.96850347
  146   1   0       0.93931536
  147   1   0       1.22455880
  147   2   1       2.87629696
  148   1   0       0.92342286
  149   1   0       0.94259810
  150   1   0       1.23427775
  150   2   1       2.86223917
  151   1   0       0.95017659
  152   1   0       0.95542285
  153   1   0       1.27019862
  153   2   1       2.91989056
  154   1   0       0.96775842
  155   1   0       0.93338631
  156   1   0       0.93132559
  157   1   0       1.26271469
  157   2   1       2.96467983
  158   1   0       0.93865667
  159   1   0       0.89943688
  160   1   0       0.93650292
  161   1   0       1.22974382
  161   2   1       2.85549191
  162   1   0       0.94961444
  163   1   0       0.95018792
  164   1   0       1.24576081
  164   2   1       2.87538554
  165   1   0       0.94226251
  166   1   0       0.94288043
  167   1   0       1.24993437
  167   2   1       2.86252814
  168   1   0       0.93586257
  169   1   0       0.95544374
  170   1   0       1.26288922
  170   2   1       2.84261200
  171   1   0       0.95096325
  172   1   0       0.96921461
  173   1   0       1.23165985
  173   2   1       2.89546706
  174   1   0       0.92800108
  175   1   0       0.93541446
  176   1   0       1.24750252
  176   2   1       2.84097489
  177   1   0       0.93530375
  178   1   0       0.94285105
  179   1   0       1.26726566
  179   2   1       2.83421523
  180   1   0       0.95748294
  181   1   0       0.96070960
  182   1   0       1.21806307
  182   2   1       2.86655579
  183   1   0       0.94455928
  184   1   0       0.95374369
  185   1   0       1.25709194
  185   2   1       2.95951363
  186   1   0       0.94938699
  187   1   0       0.92625115
  188   1   0       0.90622841
  189   1   0       1.25129365
  189   2   1       2.94980448
  190   1   0       0.97614052
  191   1   0       0.91943427
  192   1   0       0.91717498
  193   1   0       1.26753609
  193   2   1       2.83475170
  194   1   0       0.95618977
  195   1   0       0.96591624
  196   1   0       1.29090587
  196   2   1       2.81677635
  197   1   0       0.97078924
  198   1   0       0.92943306
  199   1   0       1.23031123
  199   2   1       2.90567942
  200   1   0       0.94367742
  201   1   0       0.91498252
  202   1   0       1.22092115
  202   2   1       2.87190497
  203   1   0       0.96284253
  204   1   0       0.94921605
  205   1   0       1.20564623
  205   2   1       2.91416705
  206   1   0       0.94656571
  207   1   0       0.92395515
  208   1   0       1.23434423
  208   2   1       2.86333005
  209   1   0       0.93338949
  210   1   0       0.95845966
  211   1   0       1.24446547
  211   2   1       2.86848182
  212   1   0       0.94836792
  213   1   0       0.95157169
  214   1   0       1.22609263
  214   2   1       2.89228380
  215   1   0       0.92458961
  216   1   0       0.91556229
  217   1   0       1.25237134
  217   2   1       2.94909285
  218   1   0       0.93010941
  219   1   0       0.92275073
  220   1   0       0.92870690
  221   1   0       1.29087114
  221   2   1       2.89898191
  222   1   0       0.93015259
  223   1   0       0.96015231
  224   1   0       0.95523556
  225   1   0       1.24605771
  225   2   1       2.83679039
  226   1   0       0.94366782
  227   1   0       0.94852923
  228   1   0       1.22360433
  228   2   1       2.80246048
  229   1   0       0.95933298
  230   1   0       0.94655480
  231   1   0       1.23781317
  231   2   1       2.86981044
  232   1   0       0.97332741
  233   1   0       0.93656337
  234   1   0       1.22716876
  234   2   1       2.84075463
  235   1   0       0.96546539
  236   1   0       0.95196082
  237   1   0       1.24599734
  237   2   1       2.84250622
  238   1   0       0.94106980
  239   1   0       0.96555254
  240   1   0       1.23998286
  240   2   1       2.86579027
  241   1   0       0.94560079
  242   1   0       0.96194081
  243   1   0       1.22824704
  243   2   1       2.90610293
  244   1   0       0.92356823
  245   1   0       0.94594477
  246   1   0       1.22543926
  246   2   1       2.87116122
  247   1   0       0.92844810
  248   1   0       0.94574839
  249   1   0       1.25904561
  249   2   1       2.95705338
  250   1   0       0.93809739
  251   1   0       0.93935955
  252   1   0       0.91594832
  253   1   0       1.26085917
  253   2   1       2.95124989
  254   1   0       0.93993293
  255   1   0       0.92021533
  256   1   0       0.94726639
  257   1   0       1.26397173
  257   2   1       2.85662777
  258   1   0       0.96344629
  259   1   0       0.92599489
  260   1   0       1.26093903
  260   2   1       2.86460415
  261   1   0       0.92762767
  262   1   0       0.92501358
  263   1   0       1.25263603
  263   2   1       2.87883391
  264   1   0       0.90720538
  265   1   0       0.97849312
  266   1   0       1.23211231
  266   2   1       2.86082534
  267   1   0       0.94896051
  268   1   0       0.95118962
  269   1   0       1.25913800
  269   2   1       2.84301952
  270   1   0       0.97348368
  271   1   0       0.94424310
  272   1   0       1.26326916
  272   2   1       2.85390290
  273   1   0       0.93498705
  274   1   0       0.95166044
  275   1   0       1.22307037
  275   2   1       2.87143074
  276   1   0       0.92807963
  277   1   0       0.95352928
  278   1   0       1.22214765
  278   2   1       2.83216930
  279   1   0       0.98028230
  280   1   0       0.95832415
  281   1   0       1.27812455
  281   2   1       2.94991416
  282   1   0       0.92351260
  283   1   0       0.93213683
  284   1   0       0.92205404
  285   1   0       1.26795865
  285   2   1       2.93158471
  286   1   0       0.93679822
  287   1   0       0.94568357
  288   1   0       0.92181062
  289   1   0       1.22114964
  289   2   1       2.85835037
  290   1   0       0.97739547
  291   1   0       0.93701424
  292   1   0       1.23268271
  292   2   1       2.86222824
  293   1   0       0.96934150
  294   1   0       0.94466010
  295   1   0       1.20453127
  295   2   1       2.89215905
  296   1   0       0.96428011
  297   1   0       0.93371060
  298   1   0       1.19937809
  298   2   1       2.88071220
  299   1   0       0.94520110
  300   1   0       0.94323056
  301   1   0       1.24016531
  301   2   1       2.89723259
  302   1   0       0.96468110
  303   1   0       0.93719897
  304   1   0       1.26042670
  304   2   1       2.85523104
  305   1   0       0.94819047
  306   1   0       0.94018965
  307   1   0       1.22471175
  307   2   1       2.86978330
  308   1   0       0.94612188
  309   1   0       0.94212720
  310   1   0       1.22974380
  310   2   1       2.83985229
  311   1   0       0.95922954
  312   1   0       0.96097677
  313   1   0       1.26668095
  313   2   1       2.91041244
  314   1   0       0.92569117
  315   1   0       0.94133294
  316   1   0       0.96364960
  317   1   0       1.27017883
  317   2   1       2.93523448
  318   1   0       0.94683319
  319   1   0       0.92610741
  320   1   0       0.93195049
  321   1   0       1.22322495
  321   2   1       2.86224281
  322   1   0       0.94427717
  323   1   0       0.96800946
  324   1   0       1.26674327
  324   2   1       2.86314145
  325   1   0       0.96855518
  326   1   0       0.93253299
  327   1   0       1.26926827
  327   2   1       2.85151122
  328   1   0       0.93195073
  329   1   0       0.93400929
  330   1   0       1.25161966
  330   2   1       2.85888921
  331   1   0       0.97305017
  332   1   0       0.90158430
  333   1   0       1.25556385
  333   2   1       2.83860496
  334   1   0       0.94849994
  335   1   0       0.94635170
  336   1   0       1.24743431
  336   2   1       2.85351144
  337   1   0       0.97155249
  338   1   0       0.92134055
  339   1   0       1.24099775
  339   2   1       2.84554699
  340   1   0       0.93286934
  341   1   0       0.95419126
  342   1   0       1.26180839
  342   2   1       2.86343415
  343   1   0       0.94645404
  344   1   0       0.93258376
  345   1   0       1.24922949
  345   2   1       2.93882281
  346   1   0       0.93296523
  347   1   0       0.93579773
  348   1   0       0.95831925
  349   1   0       1.28874595
  349   2   1       2.94593075
  350   1   0       0.91993710
  351   1   0       0.93844667
  352   1   0       0.93176493
 
Orbital populations (up)
 Atom Sh.   l   m       Population  Label
    1   1   0   0       1.26219864  s
    1   2   1  -1       0.94853607  p_y
    1   2   1   0       0.95070933  p_z
    1   2   1   1       0.94623929  p_x
    2   1   0   0       0.96007258  s
    3   1   0   0       0.91878205  s
    4   1   0   0       1.24882425  s
    4   2   1  -1       0.95053722  p_y
    4   2   1   0       0.95926285  p_z
    4   2   1   1       0.94999277  p_x
    5   1   0   0       0.91667266  s
    6   1   0   0       0.95468013  s
    7   1   0   0       1.23408645  s
    7   2   1  -1       0.93866373  p_y
    7   2   1   0       0.97129160  p_z
    7   2   1   1       0.93953640  p_x
    8   1   0   0       0.96545656  s
    9   1   0   0       0.93775470  s
   10   1   0   0       1.25799287  s
   10   2   1  -1       0.89117283  p_y
   10   2   1   0       0.98427385  p_z
   10   2   1   1       0.96355569  p_x
   11   1   0   0       0.94544956  s
   12   1   0   0       0.94682391  s
   13   1   0   0       1.21519199  s
   13   2   1  -1       0.95283908  p_y
   13   2   1   0       0.94059049  p_z
   13   2   1   1       0.99104024  p_x
   14   1   0   0       0.89576784  s
   15   1   0   0       0.91791503  s
   16   1   0   0       1.30979630  s
   16   2   1  -1       0.90896983  p_y
   16   2   1   0       0.93227650  p_z
   16   2   1   1       0.93312747  p_x
   17   1   0   0       0.90659842  s
   18   1   0   0       0.94696184  s
   19   1   0   0       1.22841336  s
   19   2   1  -1       0.93803581  p_y
   19   2   1   0       1.01273759  p_z
   19   2   1   1       0.94416482  p_x
   20   1   0   0       0.92988070  s
   21   1   0   0       0.90530067  s
   22   1   0   0       1.23790298  s
   22   2   1  -1       0.92416222  p_y
   22   2   1   0       0.96845454  p_z
   22   2   1   1       0.97395543  p_x
   23   1   0   0       0.92949465  s
   24   1   0   0       0.93223399  s
   25   1   0   0       1.27329583  s
   25   2   1  -1       0.99655678  p_y
   25   2   1   0       0.96560616  p_z
   25   2   1   1       0.97641348  p_x
   26   1   0   0       1.24706083  s
   27   1   0   0       0.96763751  s
   28   1   0   0       0.91881292  s
   29   1   0   0       1.28884282  s
   29   2   1  -1       0.97904577  p_y
   29   2   1   0       0.95743507  p_z
   29   2   1   1       0.98128901  p_x
   30   1   0   0       0.93147711  s
   31   1   0   0       0.92147785  s
   32   1   0   0       0.92586083  s
   33   1   0   0       1.25139306  s
   33   2   1  -1       0.95451396  p_y
   33   2   1   0       0.92094408  p_z
   33   2   1   1       0.97499116  p_x
   34   1   0   0       0.96279268  s
   35   1   0   0       0.93627948  s
   36   1   0   0       1.26899257  s
   36   2   1  -1       0.95858078  p_y
   36   2   1   0       0.92934463  p_z
   36   2   1   1       0.95630677  p_x
   37   1   0   0       0.96798346  s
   38   1   0   0       0.94000316  s
   39   1   0   0       1.27221460  s
   39   2   1  -1       0.99664195  p_y
   39   2   1   0       0.91952503  p_z
   39   2   1   1       0.95361690  p_x
   40   1   0   0       0.92286542  s
   41   1   0   0       0.94329111  s
   42   1   0   0       1.26569787  s
   42   2   1  -1       0.94385822  p_y
   42   2   1   0       0.93519470  p_z
   42   2   1   1       0.97788122  p_x
   43   1   0   0       0.95131843  s
   44   1   0   0       0.93069641  s
   45   1   0   0       1.25588606  s
   45   2   1  -1       0.92625891  p_y
   45   2   1   0       0.96080567  p_z
   45   2   1   1       0.98013339  p_x
   46   1   0   0       0.94445772  s
   47   1   0   0       0.92317819  s
   48   1   0   0       1.23422471  s
   48   2   1  -1       0.96063073  p_y
   48   2   1   0       0.94635981  p_z
   48   2   1   1       0.99767177  p_x
   49   1   0   0       0.93245717  s
   50   1   0   0       0.93952195  s
   51   1   0   0       1.25067491  s
   51   2   1  -1       0.96724440  p_y
   51   2   1   0       0.91774612  p_z
   51   2   1   1       0.98078978  p_x
   52   1   0   0       0.96909936  s
   53   1   0   0       0.92518165  s
   54   1   0   0       1.21804660  s
   54   2   1  -1       0.96026223  p_y
   54   2   1   0       0.97178009  p_z
   54   2   1   1       0.95720169  p_x
   55   1   0   0       0.92473554  s
   56   1   0   0       0.94573134  s
   57   1   0   0       1.26912428  s
   57   2   1  -1       0.99911910  p_y
   57   2   1   0       0.99823483  p_z
   57   2   1   1       0.97428939  p_x
   58   1   0   0       0.91704855  s
   59   1   0   0       0.89424611  s
   60   1   0   0       0.92210784  s
   61   1   0   0       1.26414735  s
   61   2   1  -1       0.98061568  p_y
   61   2   1   0       0.96439175  p_z
   61   2   1   1       0.99068208  p_x
   62   1   0   0       0.95229862  s
   63   1   0   0       0.92578425  s
   64   1   0   0       0.92391869  s
   65   1   0   0       1.22729020  s
   65   2   1  -1       0.91103290  p_y
   65   2   1   0       0.98273482  p_z
   65   2   1   1       0.93905379  p_x
   66   1   0   0       0.95557650  s
   67   1   0   0       0.97564340  s
   68   1   0   0       1.25750996  s
   68   2   1  -1       0.90857266  p_y
   68   2   1   0       0.96184370  p_z
   68   2   1   1       0.95950722  p_x
   69   1   0   0       0.95019022  s
   70   1   0   0       0.95454343  s
   71   1   0   0       1.25225305  s
   71   2   1  -1       0.94443432  p_y
   71   2   1   0       0.95242189  p_z
   71   2   1   1       0.96717705  p_x
   72   1   0   0       0.94361514  s
   73   1   0   0       0.96877396  s
   74   1   0   0       1.23885874  s
   74   2   1  -1       0.93351480  p_y
   74   2   1   0       0.98437098  p_z
   74   2   1   1       0.93395573  p_x
   75   1   0   0       0.94501162  s
   76   1   0   0       0.96377920  s
   77   1   0   0       1.24442389  s
   77   2   1  -1       0.94685301  p_y
   77   2   1   0       0.97753624  p_z
   77   2   1   1       0.95256249  p_x
   78   1   0   0       0.91939083  s
   79   1   0   0       0.93229027  s
   80   1   0   0       1.25447060  s
   80   2   1  -1       0.97168138  p_y
   80   2   1   0       0.92441161  p_z
   80   2   1   1       0.94008188  p_x
   81   1   0   0       0.95449834  s
   82   1   0   0       0.96211132  s
   83   1   0   0       1.23157295  s
   83   2   1  -1       0.98585319  p_y
   83   2   1   0       0.93519574  p_z
   83   2   1   1       0.92696530  p_x
   84   1   0   0       0.98096250  s
   85   1   0   0       0.93190313  s
   86   1   0   0       1.23046793  s
   86   2   1  -1       0.98757795  p_y
   86   2   1   0       0.93613122  p_z
   86   2   1   1       0.92604787  p_x
   87   1   0   0       0.97222233  s
   88   1   0   0       0.93701144  s
   89   1   0   0       1.24233985  s
   89   2   1  -1       1.01897082  p_y
   89   2   1   0       1.00236705  p_z
   89   2   1   1       0.95530932  p_x
   90   1   0   0       0.91577306  s
   91   1   0   0       0.95055115  s
   92   1   0   0       0.92735543  s
   93   1   0   0       1.27717746  s
   93   2   1  -1       0.96610148  p_y
   93   2   1   0       0.97872332  p_z
   93   2   1   1       0.97391662  p_x
   94   1   0   0       0.93475676  s
   95   1   0   0       0.93748097  s
   96   1   0   0       0.94159822  s
   97   1   0   0       1.22225120  s
   97   2   1  -1       0.94756254  p_y
   97   2   1   0       0.93326056  p_z
   97   2   1   1       0.98443770  p_x
   98   1   0   0       0.94660660  s
   99   1   0   0       0.95701984  s
  100   1   0   0       1.24725129  s
  100   2   1  -1       0.94132304  p_y
  100   2   1   0       0.96602432  p_z
  100   2   1   1       0.97207680  p_x
  101   1   0   0       0.93882503  s
  102   1   0   0       0.93636964  s
  103   1   0   0       1.26656782  s
  103   2   1  -1       0.95195336  p_y
  103   2   1   0       0.94592666  p_z
  103   2   1   1       0.95671359  p_x
  104   1   0   0       0.92498709  s
  105   1   0   0       0.92737211  s
  106   1   0   0       1.24887105  s
  106   2   1  -1       0.96297750  p_y
  106   2   1   0       0.94175429  p_z
  106   2   1   1       0.93026654  p_x
  107   1   0   0       0.93014053  s
  108   1   0   0       0.91264373  s
  109   1   0   0       1.28556436  s
  109   2   1  -1       0.97275219  p_y
  109   2   1   0       0.99504947  p_z
  109   2   1   1       0.94215079  p_x
  110   1   0   0       0.91583290  s
  111   1   0   0       0.92319165  s
  112   1   0   0       1.30804416  s
  112   2   1  -1       0.95976095  p_y
  112   2   1   0       0.95734836  p_z
  112   2   1   1       0.96816477  p_x
  113   1   0   0       0.95175479  s
  114   1   0   0       0.93815915  s
  115   1   0   0       1.31442592  s
  115   2   1  -1       0.98302277  p_y
  115   2   1   0       0.98454517  p_z
  115   2   1   1       0.93560327  p_x
  116   1   0   0       0.94734147  s
  117   1   0   0       0.92170214  s
  118   1   0   0       1.26918133  s
  118   2   1  -1       0.94728626  p_y
  118   2   1   0       0.97658291  p_z
  118   2   1   1       0.91189389  p_x
  119   1   0   0       0.94253506  s
  120   1   0   0       0.93775400  s
  121   1   0   0       1.25273504  s
  121   2   1  -1       0.96649563  p_y
  121   2   1   0       0.98633119  p_z
  121   2   1   1       1.00429479  p_x
  122   1   0   0       0.94855048  s
  123   1   0   0       0.90994306  s
  124   1   0   0       0.92789930  s
  125   1   0   0       1.27772682  s
  125   2   1  -1       0.98818382  p_y
  125   2   1   0       0.96244386  p_z
  125   2   1   1       0.96513633  p_x
  126   1   0   0       0.90170558  s
  127   1   0   0       0.96642192  s
  128   1   0   0       0.91287671  s
  129   1   0   0       1.26558542  s
  129   2   1  -1       0.95240159  p_y
  129   2   1   0       0.94921316  p_z
  129   2   1   1       0.94185451  p_x
  130   1   0   0       0.93072243  s
  131   1   0   0       0.94253221  s
  132   1   0   0       1.26980380  s
  132   2   1  -1       0.96452380  p_y
  132   2   1   0       0.92888090  p_z
  132   2   1   1       0.91995633  p_x
  133   1   0   0       0.97152726  s
  134   1   0   0       0.96225346  s
  135   1   0   0       1.24725844  s
  135   2   1  -1       0.92257666  p_y
  135   2   1   0       0.97993178  p_z
  135   2   1   1       0.93983106  p_x
  136   1   0   0       0.96066752  s
  137   1   0   0       0.93078287  s
  138   1   0   0       1.28783798  s
  138   2   1  -1       0.92237966  p_y
  138   2   1   0       0.96244680  p_z
  138   2   1   1       0.96867451  p_x
  139   1   0   0       0.94483512  s
  140   1   0   0       0.93529958  s
  141   1   0   0       1.26551276  s
  141   2   1  -1       0.98587237  p_y
  141   2   1   0       0.97141212  p_z
  141   2   1   1       0.89336074  p_x
  142   1   0   0       0.92308038  s
  143   1   0   0       0.95008727  s
  144   1   0   0       1.25477292  s
  144   2   1  -1       0.97633528  p_y
  144   2   1   0       0.94539791  p_z
  144   2   1   1       0.91248079  p_x
  145   1   0   0       0.96850347  s
  146   1   0   0       0.93931536  s
  147   1   0   0       1.22455880  s
  147   2   1  -1       0.94284628  p_y
  147   2   1   0       0.97309250  p_z
  147   2   1   1       0.96035818  p_x
  148   1   0   0       0.92342286  s
  149   1   0   0       0.94259810  s
  150   1   0   0       1.23427775  s
  150   2   1  -1       0.92326695  p_y
  150   2   1   0       0.94547417  p_z
  150   2   1   1       0.99349805  p_x
  151   1   0   0       0.95017659  s
  152   1   0   0       0.95542285  s
  153   1   0   0       1.27019862  s
  153   2   1  -1       0.99091900  p_y
  153   2   1   0       0.95500997  p_z
  153   2   1   1       0.97396159  p_x
  154   1   0   0       0.96775842  s
  155   1   0   0       0.93338631  s
  156   1   0   0       0.93132559  s
  157   1   0   0       1.26271469  s
  157   2   1  -1       0.97720726  p_y
  157   2   1   0       0.98340428  p_z
  157   2   1   1       1.00406829  p_x
  158   1   0   0       0.93865667  s
  159   1   0   0       0.89943688  s
  160   1   0   0       0.93650292  s
  161   1   0   0       1.22974382  s
  161   2   1  -1       0.97796021  p_y
  161   2   1   0       0.93104783  p_z
  161   2   1   1       0.94648388  p_x
  162   1   0   0       0.94961444  s
  163   1   0   0       0.95018792  s
  164   1   0   0       1.24576081  s
  164   2   1  -1       0.94366220  p_y
  164   2   1   0       0.97539945  p_z
  164   2   1   1       0.95632389  p_x
  165   1   0   0       0.94226251  s
  166   1   0   0       0.94288043  s
  167   1   0   0       1.24993437  s
  167   2   1  -1       0.94983424  p_y
  167   2   1   0       0.96500408  p_z
  167   2   1   1       0.94768981  p_x
  168   1   0   0       0.93586257  s
  169   1   0   0       0.95544374  s
  170   1   0   0       1.26288922  s
  170   2   1  -1       0.95732560  p_y
  170   2   1   0       0.95969162  p_z
  170   2   1   1       0.92559479  p_x
  171   1   0   0       0.95096325  s
  172   1   0   0       0.96921461  s
  173   1   0   0       1.23165985  s
  173   2   1  -1       1.01410176  p_y
  173   2   1   0       0.94145876  p_z
  173   2   1   1       0.93990654  p_x
  174   1   0   0       0.92800108  s
  175   1   0   0       0.93541446  s
  176   1   0   0       1.24750252  s
  176   2   1  -1       0.94341582  p_y
  176   2   1   0       0.94168634  p_z
  176   2   1   1       0.95587272  p_x
  177   1   0   0       0.93530375  s
  178   1   0   0       0.94285105  s
  179   1   0   0       1.26726566  s
  179   2   1  -1       0.95432763  p_y
  179   2   1   0       0.95593893  p_z
  179   2   1   1       0.92394866  p_x
  180   1   0   0       0.95748294  s
  181   1   0   0       0.96070960  s
  182   1   0   0       1.21806307  s
  182   2   1  -1       0.96233067  p_y
  182   2   1   0       0.94767355  p_z
  182   2   1   1       0.95655158  p_x
  183   1   0   0       0.94455928  s
  184   1   0   0       0.95374369  s
  185   1   0   0       1.25709194  s
  185   2   1  -1       0.98363817  p_y
  185   2   1   0       0.98267768  p_z
  185   2   1   1       0.99319779  p_x
  186   1   0   0       0.94938699  s
  187   1   0   0       0.92625115  s
  188   1   0   0       0.90622841  s
  189   1   0   0       1.25129365  s
  189   2   1  -1       0.97800716  p_y
  189   2   1   0       0.97477459  p_z
  189   2   1   1       0.99702272  p_x
  190   1   0   0       0.97614052  s
  191   1   0   0       0.91943427  s
  192   1   0   0       0.91717498  s
  193   1   0   0       1.26753609  s
  193   2   1  -1       0.96320467  p_y
  193   2   1   0       0.94590801  p_z
  193   2   1   1       0.92563903  p_x
  194   1   0   0       0.95618977  s
  195   1   0   0       0.96591624  s
  196   1   0   0       1.29090587  s
  196   2   1  -1       0.93482192  p_y
  196   2   1   0       0.96429891  p_z
  196   2   1   1       0.91765552  p_x
  197   1   0   0       0.97078924  s
  198   1   0   0       0.92943306  s
  199   1   0   0       1.23031123  s
  199   2   1  -1       0.95979400  p_y
  199   2   1   0       1.02376409  p_z
  199   2   1   1       0.92212133  p_x
  200   1   0   0       0.94367742  s
  201   1   0   0       0.91498252  s
  202   1   0   0       1.22092115  s
  202   2   1  -1       0.97962406  p_y
  202   2   1   0       0.95870532  p_z
  202   2   1   1       0.93357558  p_x
  203   1   0   0       0.96284253  s
  204   1   0   0       0.94921605  s
  205   1   0   0       1.20564623  s
  205   2   1  -1       0.93258622  p_y
  205   2   1   0       1.01278404  p_z
  205   2   1   1       0.96879679  p_x
  206   1   0   0       0.94656571  s
  207   1   0   0       0.92395515  s
  208   1   0   0       1.23434423  s
  208   2   1  -1       0.93683788  p_y
  208   2   1   0       0.98559884  p_z
  208   2   1   1       0.94089333  p_x
  209   1   0   0       0.93338949  s
  210   1   0   0       0.95845966  s
  211   1   0   0       1.24446547  s
  211   2   1  -1       0.96598697  p_y
  211   2   1   0       0.93895198  p_z
  211   2   1   1       0.96354287  p_x
  212   1   0   0       0.94836792  s
  213   1   0   0       0.95157169  s
  214   1   0   0       1.22609263  s
  214   2   1  -1       0.96093202  p_y
  214   2   1   0       0.94103293  p_z
  214   2   1   1       0.99031885  p_x
  215   1   0   0       0.92458961  s
  216   1   0   0       0.91556229  s
  217   1   0   0       1.25237134  s
  217   2   1  -1       0.97299720  p_y
  217   2   1   0       0.99773108  p_z
  217   2   1   1       0.97836457  p_x
  218   1   0   0       0.93010941  s
  219   1   0   0       0.92275073  s
  220   1   0   0       0.92870690  s
  221   1   0   0       1.29087114  s
  221   2   1  -1       0.96427589  p_y
  221   2   1   0       0.95050958  p_z
  221   2   1   1       0.98419645  p_x
  222   1   0   0       0.93015259  s
  223   1   0   0       0.96015231  s
  224   1   0   0       0.95523556  s
  225   1   0   0       1.24605771  s
  225   2   1  -1       0.92535894  p_y
  225   2   1   0       0.98491013  p_z
  225   2   1   1       0.92652132  p_x
  226   1   0   0       0.94366782  s
  227   1   0   0       0.94852923  s
  228   1   0   0       1.22360433  s
  228   2   1  -1       0.90943825  p_y
  228   2   1   0       0.99943359  p_z
  228   2   1   1       0.89358864  p_x
  229   1   0   0       0.95933298  s
  230   1   0   0       0.94655480  s
  231   1   0   0       1.23781317  s
  231   2   1  -1       0.97972367  p_y
  231   2   1   0       0.98724128  p_z
  231   2   1   1       0.90284549  p_x
  232   1   0   0       0.97332741  s
  233   1   0   0       0.93656337  s
  234   1   0   0       1.22716876  s
  234   2   1  -1       0.98972897  p_y
  234   2   1   0       0.91855055  p_z
  234   2   1   1       0.93247511  p_x
  235   1   0   0       0.96546539  s
  236   1   0   0       0.95196082  s
  237   1   0   0       1.24599734  s
  237   2   1  -1       0.93408569  p_y
  237   2   1   0       0.96243839  p_z
  237   2   1   1       0.94598214  p_x
  238   1   0   0       0.94106980  s
  239   1   0   0       0.96555254  s
  240   1   0   0       1.23998286  s
  240   2   1  -1       0.93828342  p_y
  240   2   1   0       0.97280592  p_z
  240   2   1   1       0.95470094  p_x
  241   1   0   0       0.94560079  s
  242   1   0   0       0.96194081  s
  243   1   0   0       1.22824704  s
  243   2   1  -1       0.99011603  p_y
  243   2   1   0       0.99006328  p_z
  243   2   1   1       0.92592362  p_x
  244   1   0   0       0.92356823  s
  245   1   0   0       0.94594477  s
  246   1   0   0       1.22543926  s
  246   2   1  -1       0.94989527  p_y
  246   2   1   0       0.97578566  p_z
  246   2   1   1       0.94548029  p_x
  247   1   0   0       0.92844810  s
  248   1   0   0       0.94574839  s
  249   1   0   0       1.25904561  s
  249   2   1  -1       0.93196654  p_y
  249   2   1   0       1.03545488  p_z
  249   2   1   1       0.98963195  p_x
  250   1   0   0       0.93809739  s
  251   1   0   0       0.93935955  s
  252   1   0   0       0.91594832  s
  253   1   0   0       1.26085917  s
  253   2   1  -1       0.96306102  p_y
  253   2   1   0       0.98905938  p_z
  253   2   1   1       0.99912949  p_x
  254   1   0   0       0.93993293  s
  255   1   0   0       0.92021533  s
  256   1   0   0       0.94726639  s
  257   1   0   0       1.26397173  s
  257   2   1  -1       0.93475416  p_y
  257   2   1   0       0.94365598  p_z
  257   2   1   1       0.97821763  p_x
  258   1   0   0       0.96344629  s
  259   1   0   0       0.92599489  s
  260   1   0   0       1.26093903  s
  260   2   1  -1       0.94136132  p_y
  260   2   1   0       0.97019856  p_z
  260   2   1   1       0.95304427  p_x
  261   1   0   0       0.92762767  s
  262   1   0   0       0.92501358  s
  263   1   0   0       1.25263603  s
  263   2   1  -1       0.94809230  p_y
  263   2   1   0       0.96389589  p_z
  263   2   1   1       0.96684571  p_x
  264   1   0   0       0.90720538  s
  265   1   0   0       0.97849312  s
  266   1   0   0       1.23211231  s
  266   2   1  -1       0.98071104  p_y
  266   2   1   0       0.92441367  p_z
  266   2   1   1       0.95570062  p_x
  267   1   0   0       0.94896051  s
  268   1   0   0       0.95118962  s
  269   1   0   0       1.25913800  s
  269   2   1  -1       0.95195543  p_y
  269   2   1   0       0.92394445  p_z
  269   2   1   1       0.96711965  p_x
  270   1   0   0       0.97348368  s
  271   1   0   0       0.94424310  s
  272   1   0   0       1.26326916  s
  272   2   1  -1       0.95982769  p_y
  272   2   1   0       0.94140820  p_z
  272   2   1   1       0.95266701  p_x
  273   1   0   0       0.93498705  s
  274   1   0   0       0.95166044  s
  275   1   0   0       1.22307037  s
  275   2   1  -1       0.94436349  p_y
  275   2   1   0       0.98515052  p_z
  275   2   1   1       0.94191674  p_x
  276   1   0   0       0.92807963  s
  277   1   0   0       0.95352928  s
  278   1   0   0       1.22214765  s
  278   2   1  -1       0.92636302  p_y
  278   2   1   0       0.95316825  p_z
  278   2   1   1       0.95263802  p_x
  279   1   0   0       0.98028230  s
  280   1   0   0       0.95832415  s
  281   1   0   0       1.27812455  s
  281   2   1  -1       0.96154785  p_y
  281   2   1   0       0.99741161  p_z
  281   2   1   1       0.99095470  p_x
  282   1   0   0       0.92351260  s
  283   1   0   0       0.93213683  s
  284   1   0   0       0.92205404  s
  285   1   0   0       1.26795865  s
  285   2   1  -1       0.94483313  p_y
  285   2   1   0       0.98113532  p_z
  285   2   1   1       1.00561627  p_x
  286   1   0   0       0.93679822  s
  287   1   0   0       0.94568357  s
  288   1   0   0       0.92181062  s
  289   1   0   0       1.22114964  s
  289   2   1  -1       0.97378774  p_y
  289   2   1   0       0.92073178  p_z
  289   2   1   1       0.96383085  p_x
  290   1   0   0       0.97739547  s
  291   1   0   0       0.93701424  s
  292   1   0   0       1.23268271  s
  292   2   1  -1       0.91921877  p_y
  292   2   1   0       0.96230705  p_z
  292   2   1   1       0.98070242  p_x
  293   1   0   0       0.96934150  s
  294   1   0   0       0.94466010  s
  295   1   0   0       1.20453127  s
  295   2   1  -1       0.95569534  p_y
  295   2   1   0       0.97987631  p_z
  295   2   1   1       0.95658739  p_x
  296   1   0   0       0.96428011  s
  297   1   0   0       0.93371060  s
  298   1   0   0       1.19937809  s
  298   2   1  -1       0.93057025  p_y
  298   2   1   0       0.99936000  p_z
  298   2   1   1       0.95078196  p_x
  299   1   0   0       0.94520110  s
  300   1   0   0       0.94323056  s
  301   1   0   0       1.24016531  s
  301   2   1  -1       0.93583583  p_y
  301   2   1   0       0.92534594  p_z
  301   2   1   1       1.03605082  p_x
  302   1   0   0       0.96468110  s
  303   1   0   0       0.93719897  s
  304   1   0   0       1.26042670  s
  304   2   1  -1       0.95718058  p_y
  304   2   1   0       0.94203430  p_z
  304   2   1   1       0.95601615  p_x
  305   1   0   0       0.94819047  s
  306   1   0   0       0.94018965  s
  307   1   0   0       1.22471175  s
  307   2   1  -1       0.95576790  p_y
  307   2   1   0       0.93253343  p_z
  307   2   1   1       0.98148197  p_x
  308   1   0   0       0.94612188  s
  309   1   0   0       0.94212720  s
  310   1   0   0       1.22974380  s
  310   2   1  -1       0.92739375  p_y
  310   2   1   0       0.94841749  p_z
  310   2   1   1       0.96404105  p_x
  311   1   0   0       0.95922954  s
  312   1   0   0       0.96097677  s
  313   1   0   0       1.26668095  s
  313   2   1  -1       0.97962971  p_y
  313   2   1   0       0.94221525  p_z
  313   2   1   1       0.98856748  p_x
  314   1   0   0       0.92569117  s
  315   1   0   0       0.94133294  s
  316   1   0   0       0.96364960  s
  317   1   0   0       1.27017883  s
  317   2   1  -1       0.98016105  p_y
  317   2   1   0       0.98627817  p_z
  317   2   1   1       0.96879526  p_x
  318   1   0   0       0.94683319  s
  319   1   0   0       0.92610741  s
  320   1   0   0       0.93195049  s
  321   1   0   0       1.22322495  s
  321   2   1  -1       0.96083144  p_y
  321   2   1   0       0.92829387  p_z
  321   2   1   1       0.97311751  p_x
  322   1   0   0       0.94427717  s
  323   1   0   0       0.96800946  s
  324   1   0   0       1.26674327  s
  324   2   1  -1       0.90702487  p_y
  324   2   1   0       0.95156155  p_z
  324   2   1   1       1.00455503  p_x
  325   1   0   0       0.96855518  s
  326   1   0   0       0.93253299  s
  327   1   0   0       1.26926827  s
  327   2   1  -1       0.93650357  p_y
  327   2   1   0       0.96771107  p_z
  327   2   1   1       0.94729658  p_x
  328   1   0   0       0.93195073  s
  329   1   0   0       0.93400929  s
  330   1   0   0       1.25161966  s
  330   2   1  -1       0.90944341  p_y
  330   2   1   0       0.96871718  p_z
  330   2   1   1       0.98072862  p_x
  331   1   0   0       0.97305017  s
  332   1   0   0       0.90158430  s
  333   1   0   0       1.25556385  s
  333   2   1  -1       0.95092722  p_y
  333   2   1   0       0.93826834  p_z
  333   2   1   1       0.94940940  p_x
  334   1   0   0       0.94849994  s
  335   1   0   0       0.94635170  s
  336   1   0   0       1.24743431  s
  336   2   1  -1       0.95581285  p_y
  336   2   1   0       0.96640175  p_z
  336   2   1   1       0.93129683  p_x
  337   1   0   0       0.97155249  s
  338   1   0   0       0.92134055  s
  339   1   0   0       1.24099775  s
  339   2   1  -1       0.94258548  p_y
  339   2   1   0       0.95011102  p_z
  339   2   1   1       0.95285049  p_x
  340   1   0   0       0.93286934  s
  341   1   0   0       0.95419126  s
  342   1   0   0       1.26180839  s
  342   2   1  -1       0.93925647  p_y
  342   2   1   0       0.97072393  p_z
  342   2   1   1       0.95345374  p_x
  343   1   0   0       0.94645404  s
  344   1   0   0       0.93258376  s
  345   1   0   0       1.24922949  s
  345   2   1  -1       0.98085232  p_y
  345   2   1   0       0.97318426  p_z
  345   2   1   1       0.98478623  p_x
  346   1   0   0       0.93296523  s
  347   1   0   0       0.93579773  s
  348   1   0   0       0.95831925  s
  349   1   0   0       1.28874595  s
  349   2   1  -1       0.99401000  p_y
  349   2   1   0       0.97415407  p_z
  349   2   1   1       0.97776667  p_x
  350   1   0   0       0.91993710  s
  351   1   0   0       0.93844667  s
  352   1   0   0       0.93176493  s
 
Fermi level:                        -0.1768821753 H           -4.8132 eV
Band energy:                      -277.7531989602 H        -7558.0491 eV
TS:                                  0.0025137922 H            0.0684 eV
Band free energy (E-TS):          -277.7557127524 H        -7558.1175 eV
Extrapolated E(0K):               -277.7544558563 H        -7558.0833 eV
Input / Output electrons (q):    682.0000000000    682.0000000000
 
Energy H0:                        -281.9817993724 H        -7673.1152 eV
Energy SCC:                          0.0841465469 H            2.2897 eV
Total Electronic energy:          -281.8976528256 H        -7670.8254 eV
Repulsive energy:                    4.4940184874 H          122.2885 eV
Dispersion energy:                   1.1240489207 H           30.5869 eV
Total energy:                     -276.2795854175 H        -7517.9500 eV
Extrapolated to 0:                -276.2808423136 H        -7517.9842 eV
Total Mermin free energy:         -276.2820992097 H        -7518.0184 eV
Force related energy:             -276.2820992097 H        -7518.0184 eV
 
SCC converged
 
Full geometry written in geo_end.{xyz|gen}
 
MD Kinetic Energy:                   1.2563019342 H
Total MD Energy:                  -275.0257972754 H
Pressure:                           -0.201606E-05 au    -0.593144E+08 Pa
MD Temperature:                      0.0023861385 H          753.4821 K
MD Kinetic Energy:                   1.2563019342 H
Total MD Energy:                  -275.0257972754 H        -7483.8327 eV
MD Temperature:                      0.0023861385 H          753.4821 K
 
Molecular dynamics completed
 
