 Fermi distribution function
 
MD step: 100000
 

********************************************************************************
 iSCC Total electronic   Diff electronic      SCC error    
    7   -0.28232556E+03    0.62527761E-12    0.19971933E-06
********************************************************************************
 
Coordinates of moved atoms (au):
    1     76.95704929     76.61812070     63.59843134
    2     77.37884137     78.66927748     63.33422007
    3     78.27935849     75.34792208     62.45664256
    4     77.63193281    104.81472370     66.48380722
    5     76.96925238    106.23009059     67.91711224
    6     50.79468415    104.56906446     66.70269373
    7     76.57545412    102.38232765     67.29816443
    8     47.77014674    101.05215366     65.79952521
    9     74.61984215    102.82022979     67.71977476
   10     48.97602154    101.33479837     69.62537389
   11     48.76259174    102.75357426     71.21002669
   12     50.98606523    100.87723023     69.23405942
   13     76.46051118     98.89437977     70.66661991
   14     74.47556398     99.19921979     70.72006213
   15     76.85113677     98.72358393     72.69955824
   16     48.21300940     96.41883262     69.26037320
   17     50.21200056     96.21933928     69.71641928
   18     47.72488335     96.92189660     67.10293679
   19     75.57369592     93.98276734     70.07436593
   20     74.58141236     93.29759215     68.38503989
   21     73.93050229     94.46251590     71.48596183
   22     76.98462486     91.86365866     71.37430738
   23     48.86679824     92.60731558     73.18684654
   24     49.62913657     91.63459455     70.11961049
   25     74.32355798     76.17395966     62.64553510
   26     73.96646587     76.86739557     60.64364823
   27     73.72186765     74.06012851     62.90583489
   28     73.10352344     77.46616330     63.91102299
   29     75.39685465     89.38138093     71.88575225
   30     75.20719999     88.35055527     70.00454775
   31     76.43962888     88.02733595     73.05395831
   32     73.61344605     89.99251415     73.03320471
   33     51.68502351     53.35770749     66.84409776
   34     50.69210418     52.29632301     68.35012920
   35     52.55866053     54.86817007     68.00436573
   36     53.75797390     51.77179276     65.66921103
   37     52.91577154     49.80843880     65.36071209
   38     55.31956007     51.51759331     67.17844623
   39     55.06088504     52.35028601     63.19796447
   40     53.90066682     53.29974707     61.79274165
   41     55.61655571     50.50268130     62.35675068
   42     57.47353079     53.98436800     63.31974523
   43     87.07226785     54.09586537     65.27607616
   44     57.08305232     55.91743127     62.61482903
   45     59.73159751     52.79508736     61.70992072
   46     60.69760965     51.45695013     62.86454140
   47     90.17363855     54.38032490     61.55541279
   48     88.48319627     51.41357100     58.98203433
   49     86.43239072     51.25363018     58.32177094
   50     89.51572551     49.48094798     59.16478461
   51     60.97842158     52.92542377     56.86875691
   52     62.90696739     53.47038967     57.25075392
   53     60.13859759     54.80692872     56.58297023
   54     89.79685757     51.51428364     83.44540840
   55     87.64215894     51.03814727     83.37428112
   56     90.89822584     49.74149312     83.32806474
   57     49.71019484     54.58975083     65.14520240
   58     48.88561656     56.31555323     66.08350187
   59     50.28787349     54.96852290     63.31127226
   60     48.04407648     53.23817364     64.90387055
   61     61.64179433     52.80855224     81.00962457
   62     60.96458969     54.66648093     80.83736779
   63     63.76257294     52.66769491     80.86958114
   64     61.17345170     51.46626149     79.43355930
   65     68.99405349     78.30451953     68.76550551
   66     69.06659606     79.77681605     67.24825209
   67     67.45972231     79.18345472     69.90139962
   68     68.77214373     75.49441317     68.22205529
   69     69.30695753     74.46857442     70.08427928
   70     70.15992705     74.94197448     66.69879788
   71     66.07867553     74.89784032     67.00547322
   72     66.27437335     74.43087501     64.99134130
   73     64.99720981     76.90812607     67.03499687
   74     64.82312135     44.00006816     68.63352607
   75     63.13167321     44.86542375     69.70295807
   76     70.48725788     51.45269566     53.17928983
   77     65.27410947     41.53587636     68.93549391
   78     54.50235180     86.14604633     76.91047946
   79     64.50193324     69.45626667     70.51395709
   80     67.26026286     40.43272462     67.20069003
   81     69.02988340     39.92079572     68.11791289
   82     67.56649637     41.94519603     65.60140124
   83     66.49015032     38.03557667     65.74919279
   84     67.95876357     37.17057929     64.56959809
   85     64.98516549     38.63203893     64.31054843
   86     65.48987106     36.07007885     67.61193859
   87     63.22996899     35.97066231     67.66540714
   88     65.84583145     36.74654335     69.57891196
   89     71.32214615     78.94948500     70.50855383
   90     70.45632703     80.04319323     72.20791914
   91     72.79718101     77.56110013     70.96019554
   92     72.16936556     80.43917506     69.44269646
   93     66.82085150     33.65528577     67.49957420
   94     65.85914284     32.42343615     68.70919548
   95     66.83270104     32.84352186     65.42774057
   96     68.85345900     33.38128339     68.05474318
   97     54.54152976     60.13158537     84.16417661
   98     52.84629728     59.00280233     83.95449013
   99     55.64422676     59.71333445     82.40994643
  100     53.77345056     62.94845408     83.95953583
  101     55.50816460     64.11587771     83.56500542
  102     53.34019671     63.45078783     85.78716688
  103     51.73034168     63.39356177     81.82486301
  104     52.05240083     61.90250406     80.31389681
  105     52.24024409     65.32264002     81.03238658
  106     48.95800315     63.65283291     53.81933450
  107     48.18391270     65.51272925     53.07652584
  108     49.15523897     63.91362637     55.92361415
  109     47.08834597     61.54948456     53.17254436
  110     47.65495305     59.59363376     53.74898617
  111     46.92446046     61.21664937     51.06401899
  112     44.34934112     62.06462682     54.20065807
  113     43.10242684     60.44621009     53.60542397
  114     43.40752977     63.49873923     52.92481157
  115     44.07396749     62.82917270     57.01655017
  116     45.11798872     64.55647806     57.41508198
  117     45.03595192     61.42179620     58.11945151
  118     41.43172333     63.15901474     57.83337120
  119     40.80299186     62.10682331     59.63996511
  120     40.10231236     62.11258096     56.38059151
  121     55.71857702     59.44469490     86.78855956
  122     56.28408020     61.03467441     87.91589705
  123     54.43998698     58.29736044     88.02859420
  124     57.31133500     58.20058307     86.34477242
  125     40.49423844     65.85947230     57.85695307
  126     40.45765659     66.30609974     55.86153471
  127     38.57293954     65.79623217     58.96980726
  128     41.89524855     67.10455278     58.78985253
  129     70.64098410     78.53546205     54.03939549
  130     68.70131338     83.40756751     49.82994597
  131     72.47542959     78.18163237     54.94157412
  132     68.33209391     78.53996920     56.09384469
  133     66.52225966     78.50407317     55.08974021
  134     68.49751369     80.37302891     57.33185397
  135     68.63141578     76.15015811     57.75975440
  136     70.08920143     76.56319515     59.33467182
  137     69.63739926     74.72646891     56.71867800
  138     66.34770391     75.12509739     59.11216598
  139     65.06807933     76.49683184     59.96126378
  140     66.90667359     73.90924890     60.56115466
  141     64.60523306     73.72547489     57.24489092
  142     65.11007852     74.46596862     55.25463156
  143     62.63473919     74.47716645     57.37635577
  144     64.96101935     70.92660276     57.29029986
  145     65.42512773     70.23108611     59.20824102
  146     66.80270981     70.53774542     56.13816157
  147     62.69542790     69.45186352     56.07359173
  148     61.79165704     68.21578079     57.67415704
  149     63.26556962     67.97300884     54.52529221
  150     60.52954978     70.91104786     54.87290468
  151     61.05715191     71.86815350     53.05704930
  152     60.13148125     72.54863775     56.16628130
  153     69.97427223     76.70933728     51.89257321
  154     70.09991421     48.53509287     49.99993346
  155     71.47958827     75.33755147     52.26843624
  156     68.01612555     76.04057298     51.66730295
  157     58.21159386     69.31395640     54.82934143
  158     56.42652038     70.26847571     54.03972573
  159     58.22357047     67.55689942     53.73590557
  160     57.60983002     68.75501482     56.77440341
  161     81.29668333     49.89785744     57.07100846
  162     82.72573470     50.02100315     58.57768994
  163     80.08312558     48.33457968     57.35747891
  164     79.68254704     52.39586404     56.63084387
  165     79.05022047     52.21976954     54.59399537
  166     80.94402534     54.17039060     56.82200555
  167     77.40374738     52.41444340     58.53622235
  168     78.20653331     52.65308146     60.53468291
  169     76.30584850     50.68292718     58.30700650
  170     75.72898286     54.91893432     58.36107785
  171     75.62638109     55.55259000     56.33092110
  172     76.60924852     56.65302464     59.15759856
  173     72.99384864     83.32833952     59.47252785
  174     73.16726556     81.98405969     61.15140536
  175     72.11894351     53.00913098     58.28262619
  176     71.22468549     85.37796229     60.54141785
  177     70.31211461     86.51624452     58.86777784
  178     72.31688435     86.92673542     61.59465869
  179     68.92962867     85.02678145     62.25237251
  180     67.82300499     83.51190949     61.40102546
  181     67.61298183     86.63383510     62.19598151
  182     69.44871192     84.17684077     65.13572705
  183     70.23090370     82.18308484     65.05976543
  184     67.63591245     84.15537340     66.27607417
  185     82.83566248     49.33894032     54.76131485
  186     84.06572023     47.70241420     55.15860907
  187     81.69963462     48.60391593     53.27132999
  188     83.90634921     50.98871382     83.22965819
  189     71.40099203     85.97924667     66.49723934
  190     70.80343331     86.05351259     68.53106392
  191     73.46670690     85.20454497     66.51472500
  192     71.28919736     88.12128189     66.12168337
  193     78.18114616     44.62649565     79.10168370
  194     76.55105190     44.70809527     80.45715267
  195     79.70984773     75.10668463     79.83774240
  196     79.60734385     41.98389748     79.11157699
  197     79.14606906     40.61537122     77.75873337
  198     81.65885220     71.35206948     78.61947055
  199     53.73976539     55.07416462     76.55377104
  200     52.74386147     54.09063791     78.08242394
  201     80.26408855     41.38611164     80.91403786
  202     69.69904569     54.07141239     76.83673485
  203     69.93939474     56.05239497     75.77712659
  204     68.56414271     52.94665433     75.48616220
  205     72.56694651     53.03659007     76.99821061
  206     72.73944349     51.17553171     75.92029035
  207     73.22291869     52.68534501     78.93247324
  208     74.20598150     54.71021759     75.49000666
  209     74.57498793     56.60367930     76.36668004
  210     72.66079117     55.57879022     73.84695115
  211     76.96948367     82.31456542     74.84614002
  212     76.58058294     80.47215171     73.70862286
  213     77.44731873     82.27481890     76.77627223
  214     78.83183583     84.11254076     73.63542169
  215     78.36611626     85.95951204     74.57507681
  216     78.30398291     83.99317150     71.71653791
  217     77.23706880     45.51669099     76.35417086
  218     78.84055028     46.46618798     46.17770968
  219     76.47185300     43.91632785     46.63978293
  220     75.88493700     47.22803365     76.76498527
  221     81.51803085     83.60445523     73.85701548
  222     84.69258084     83.40123952     77.17777022
  223     81.88602548     81.92549537     72.72198548
  224     82.21451589     85.10216851     72.47062980
  225     56.55761418     72.34170011     69.59794776
  226     54.89570766     71.18617023     69.27214571
  227     57.73172448     71.33113228     70.91440388
  228     58.09990892     43.46946378     66.89627934
  229     58.67996653     41.45096949     66.45629028
  230     59.65328857     44.59758880     67.25302716
  231     56.21862025     73.21500208     64.68256896
  232     55.91106601     75.30805377     64.75506927
  233     54.24138392     72.36889481     65.21455422
  234     56.81093772     72.33696379     62.04828693
  235     56.65971126     70.25160225     62.14545013
  236     58.78196641     72.72860435     61.53714861
  237     55.34848640     73.33461508     59.65774575
  238     56.77908521     73.41385828     58.15558716
  239     55.17840045     46.37831985     60.13249509
  240     52.89062651     71.86709291     59.34609777
  241     51.63618391     43.10065446     61.12362730
  242     53.44999851     40.89061996     59.58945859
  243     51.30792692     72.10549304     56.91316180
  244     51.59073804     70.25434985     55.78855368
  245     52.30023478     73.52340482     55.55748987
  246     48.56760290     72.54875647     57.64734830
  247     48.70775927     74.55146821     58.37909205
  248     48.40403035     71.72319352     59.60583292
  249     56.17621583     46.08632779     70.72629328
  250     54.96708939     45.77315701     72.44185556
  251     58.22245619     46.67179045     71.23436870
  252     55.45017593     47.54539897     69.43865652
  253     46.40558585     71.93525402     55.85003353
  254     45.04391949     70.81957369     57.07599929
  255     45.40532608     73.52744154     55.21687453
  256     46.91858266     70.84192837     83.20603250
  257     85.91749977     61.88626147     72.88222402
  258     84.29310000     62.72804810     73.73372672
  259     85.63407075     59.88779858     73.17075322
  260     86.18536931     62.79475741     69.92647691
  261     85.59080834     61.54482613     68.39686223
  262     88.27507839     63.30638537     69.66250759
  263     84.37492211     64.96830390     69.61931926
  264     85.00873541     66.59959302     70.77705529
  265     82.45998136     64.59215172     70.48212832
  266     84.13427889     65.97251301     66.91803044
  267     86.19371452     66.18306707     66.33297383
  268     83.13849821     67.74596824     67.19065699
  269     83.02208503     64.22789131     64.96184359
  270     81.25426511     63.32997845     65.61689652
  271     84.43390706     62.67688948     64.72396009
  272     82.30160661     65.41358887     62.39131939
  273     82.87237670     64.09228516     60.89308181
  274     83.18907337     67.40030664     62.13096126
  275     79.46231519     65.85047511     61.98393133
  276     79.38120436     66.78527774     59.98085642
  277     78.61435659     67.39562164     63.15094345
  278     77.66193177     63.67762984     62.26807234
  279     75.91770766     63.96582400     61.43760079
  280     77.48514363     63.46246138     64.25582609
  281     88.40354068     62.51257700     74.28818610
  282     88.56331762     61.40171818     75.96472023
  283     89.83462280     62.16968720     72.98698384
  284     88.51691804     64.63445190     74.77459535
  285     78.31427834     61.16916148     61.08086259
  286     78.28717389     61.63495433     58.94427212
  287     80.18545174     60.21636820     61.63586556
  288     76.65053407     59.91722265     61.41621282
  289     67.45623275     60.61327127     76.41338068
  290     67.32584310     62.61699811     76.58857331
  291     69.33793498     59.88765858     77.43780517
  292     65.23319717     59.13053236     77.80919813
  293     65.93673043     57.54000731     79.22256620
  294     63.98756925     58.40037825     76.52842551
  295     63.74667654     60.88057011     79.58370926
  296     62.42142644     61.97979232     78.27791803
  297     65.11521019     62.20121407     51.46628165
  298     62.20467812     59.36661983     52.62416628
  299     63.37664432     57.83885738     82.60807899
  300     60.27777987     58.41699009     51.82245472
  301     61.24536685     61.08820085     54.57923527
  302     60.09328393     59.98867029     55.88682640
  303     59.86572605     62.89666302     83.04437317
  304     63.36105271     62.34141496     56.17780720
  305     64.06849724     64.01159962     55.49056836
  306     65.23436917     61.03340889     56.25331445
  307     62.84875429     62.76847954     59.04489346
  308     61.31175724     64.15412082     59.35940011
  309     64.62203626     63.38011689     60.06659510
  310     61.75497893     60.31867119     60.43547780
  311     63.18196689     58.80955068     60.08087908
  312     59.95127245     59.45845659     59.84985005
  313     67.63910322     60.06028376     73.53777153
  314     68.01666831     61.96575053     72.67564878
  315     68.97312243     58.37343096     72.93013373
  316     65.93944378     59.37925742     72.63578581
  317     61.36496312     60.70727416     63.38497216
  318     60.20086555     59.18539175     64.43447500
  319     63.30928462     60.84705932     64.18698694
  320     60.45973008     62.54751965     63.88813035
  321     73.17952584     68.10345661     49.70231831
  322     75.01857415     69.14141234     49.00144651
  323     73.66122327     67.57601968     51.79764906
  324     71.03865326     70.26244870     78.60236071
  325     71.33267140     71.38913618     76.85522055
  326     71.24483122     71.79176415     80.17707606
  327     68.34565264     69.31246832     78.58988286
  328     67.76797690     68.31153623     80.25215769
  329     68.12265347     68.26706325     76.81784147
  330     66.63105315     71.61154444     78.62383854
  331     67.38806290     73.18817394     79.69396656
  332     64.83240487     70.99597310     79.43093339
  333     66.17937777     72.50040880     75.85551383
  334     65.34054416     70.94512892     74.57659794
  335     68.10845938     73.18560530     75.25508229
  336     64.38598194     74.69836226     75.65770901
  337     64.40001682     75.52869566     73.79923056
  338     65.25632443     76.48062869     76.66545219
  339     61.85542534     73.90745091     76.86536624
  340     62.23670478     74.08682397     78.90543058
  341     61.63440492     71.99467742     76.48082388
  342     59.81309056     75.92128158     76.38177598
  343     59.50701012     76.23185891     74.40813577
  344     60.29807501     77.85917478     77.06135509
  345     72.50040294     65.74888424     48.08194676
  346     70.69684701     64.75663786     48.65040542
  347     72.21252026     66.12607233     45.95377086
  348     74.02821594     64.39015968     48.08568764
  349     57.35873376     74.88457399     77.35265380
  350     55.60968061     76.16923338     77.48610537
  351     56.92466547     73.28877953     76.14186815
  352     57.40984739     74.51015795     79.48501843
 
 Total charge:     0.00000000

 Atomic gross charges (e)
 Atom           Charge
    1      -0.10271589
    2       0.06211931
    3       0.04701825
    4      -0.10708146
    5       0.05029993
    6       0.04797747
    7      -0.11003894
    8       0.06649703
    9       0.06037236
   10      -0.11456300
   11       0.05001159
   12       0.06710226
   13      -0.13627847
   14       0.06525256
   15       0.04917871
   16      -0.10504538
   17       0.07343426
   18       0.04206215
   19      -0.10130139
   20       0.05536372
   21       0.03417347
   22      -0.10309602
   23       0.04689878
   24       0.05965824
   25      -0.17241824
   26       0.06246464
   27       0.05366798
   28       0.04981914
   29      -0.20671172
   30       0.06714388
   31       0.07228663
   32       0.06728800
   33      -0.08644636
   34       0.05034407
   35       0.04380895
   36      -0.08172303
   37       0.04114607
   38       0.03779146
   39      -0.10662502
   40       0.06286398
   41       0.05504976
   42      -0.10735504
   43       0.06300319
   44       0.05618051
   45      -0.13795325
   46       0.06210398
   47       0.04293799
   48      -0.09691959
   49       0.06495056
   50       0.04881276
   51      -0.10792424
   52       0.06098749
   53       0.05133065
   54      -0.08826970
   55       0.03375581
   56       0.05495992
   57      -0.19911307
   58       0.05934542
   59       0.08653355
   60       0.04915033
   61      -0.21618173
   62       0.08743243
   63       0.05365447
   64       0.06032868
   65      -0.11073115
   66       0.05837682
   67       0.05255742
   68      -0.08412379
   69       0.06423141
   70       0.05150915
   71      -0.07413379
   72       0.06997224
   73       0.03011785
   74      -0.08107476
   75       0.05105871
   76       0.06087877
   77      -0.11785133
   78       0.05668769
   79       0.09344626
   80      -0.08204675
   81       0.06879313
   82       0.03863399
   83      -0.10567531
   84       0.06148020
   85       0.04150522
   86      -0.06871506
   87       0.03768121
   88       0.04368949
   89      -0.22920348
   90       0.05595247
   91       0.08266294
   92       0.06577104
   93      -0.18817148
   94       0.06945903
   95       0.03890367
   96       0.06407726
   97      -0.10777015
   98       0.05961948
   99       0.05379765
  100      -0.13289097
  101       0.04491366
  102       0.08087890
  103      -0.10375624
  104       0.05866365
  105       0.04488344
  106      -0.09148043
  107       0.04791305
  108       0.05748370
  109      -0.09538805
  110       0.05092486
  111       0.04407123
  112      -0.11134393
  113       0.04963345
  114       0.04413603
  115      -0.09726755
  116       0.05825115
  117       0.06183897
  118      -0.07493964
  119       0.03941109
  120       0.02593069
  121      -0.20791260
  122       0.07906477
  123       0.05893655
  124       0.06943772
  125      -0.20349030
  126       0.08056118
  127       0.06008556
  128       0.06291890
  129      -0.11721534
  130       0.06243108
  131       0.06928644
  132      -0.11352029
  133       0.07177853
  134       0.04366954
  135      -0.09428338
  136       0.02544449
  137       0.06587519
  138      -0.12006350
  139       0.06032457
  140       0.06725103
  141      -0.10439529
  142       0.03645974
  143       0.05505019
  144      -0.08307721
  145       0.05683492
  146       0.03766103
  147      -0.09232006
  148       0.03769309
  149       0.03801672
  150      -0.07922261
  151       0.05615762
  152       0.04782867
  153      -0.23157109
  154       0.06716624
  155       0.07546477
  156       0.08731348
  157      -0.18207414
  158       0.04230952
  159       0.06282379
  160       0.05823166
  161      -0.12445823
  162       0.06178498
  163       0.07503836
  164      -0.10560565
  165       0.05523397
  166       0.05234677
  167      -0.11570411
  168       0.05484990
  169       0.07361958
  170      -0.11148388
  171       0.04646474
  172       0.06157320
  173      -0.11163966
  174       0.03841552
  175       0.06935049
  176      -0.07464419
  177       0.02612509
  178       0.04192347
  179      -0.11081244
  180       0.04896691
  181       0.06433675
  182      -0.09609450
  183       0.06029229
  184       0.05471779
  185      -0.21508328
  186       0.05627831
  187       0.07009899
  188       0.07764508
  189      -0.19201748
  190       0.04748625
  191       0.06040264
  192       0.06401039
  193      -0.07742305
  194       0.06007212
  195       0.03066915
  196      -0.24408646
  197       0.09502001
  198       0.04267051
  199      -0.20640780
  200       0.07957120
  201       0.09010428
  202      -0.19932343
  203       0.05355837
  204       0.07230132
  205      -0.09057447
  206       0.04602542
  207       0.06371773
  208      -0.10682360
  209       0.04652386
  210       0.01743604
  211      -0.14266288
  212       0.06348484
  213       0.08756631
  214      -0.10666649
  215       0.06168028
  216       0.06791845
  217      -0.20724441
  218       0.05658857
  219       0.10089762
  220       0.05241232
  221      -0.07531280
  222       0.05098185
  223       0.06690627
  224       0.03663860
  225      -0.13050198
  226       0.06662250
  227       0.06184276
  228      -0.13978805
  229       0.05299124
  230       0.08756650
  231      -0.08196282
  232       0.04656486
  233       0.03306402
  234      -0.11911093
  235       0.05103647
  236       0.05120211
  237      -0.11486261
  238       0.06520007
  239       0.05611464
  240      -0.09736414
  241       0.04750997
  242       0.05102808
  243      -0.08934241
  244       0.03409929
  245       0.04794048
  246      -0.09337403
  247       0.04830065
  248       0.05248705
  249      -0.19523719
  250       0.06832852
  251       0.05474867
  252       0.07494927
  253      -0.19885061
  254       0.05388609
  255       0.07532246
  256       0.08457997
  257      -0.12641196
  258       0.06836944
  259       0.06113575
  260      -0.11662566
  261       0.07089496
  262       0.05427530
  263      -0.10176515
  264       0.04190436
  265       0.04600487
  266      -0.10967527
  267       0.04940388
  268       0.06714183
  269      -0.10424912
  270       0.05794514
  271       0.04888492
  272      -0.10251296
  273       0.06201083
  274       0.05071304
  275      -0.08871934
  276       0.02517443
  277       0.04381485
  278      -0.11438979
  279       0.07556717
  280       0.06445692
  281      -0.21186472
  282       0.07741268
  283       0.08065216
  284       0.05017368
  285      -0.19249202
  286       0.05142736
  287       0.06336220
  288       0.05914946
  289      -0.09344140
  290       0.07284920
  291       0.04106477
  292      -0.12750528
  293       0.04285797
  294       0.08128280
  295      -0.11357008
  296       0.04969920
  297       0.06720663
  298      -0.06643819
  299       0.05957586
  300       0.02869710
  301      -0.08857470
  302       0.06085924
  303       0.02973041
  304      -0.11393278
  305       0.07644589
  306       0.02203449
  307      -0.10405298
  308       0.05562154
  309       0.06032794
  310      -0.12152873
  311       0.04942009
  312       0.06747113
  313      -0.20437716
  314       0.06442265
  315       0.05851016
  316       0.06595293
  317      -0.20440341
  318       0.05664646
  319       0.06151122
  320       0.06038974
  321      -0.08255096
  322       0.04107231
  323       0.04527288
  324      -0.10707202
  325       0.05258243
  326       0.03868959
  327      -0.11232169
  328       0.06595036
  329       0.06603563
  330      -0.13678825
  331       0.07723870
  332       0.05467276
  333      -0.10124313
  334       0.04704969
  335       0.05129358
  336      -0.11234873
  337       0.06434170
  338       0.02127830
  339      -0.11805148
  340       0.05464381
  341       0.08703063
  342      -0.09491178
  343       0.05906369
  344       0.05724113
  345      -0.18608750
  346       0.06044196
  347       0.05182065
  348       0.06868239
  349      -0.19566931
  350       0.04774002
  351       0.07468921
  352       0.05069769
 
Nr. of electrons (up):    682.00000000
Atom populations (up)
 Atom       Population
    1       4.10271589
    2       0.93788069
    3       0.95298175
    4       4.10708146
    5       0.94970007
    6       0.95202253
    7       4.11003894
    8       0.93350297
    9       0.93962764
   10       4.11456300
   11       0.94998841
   12       0.93289774
   13       4.13627847
   14       0.93474744
   15       0.95082129
   16       4.10504538
   17       0.92656574
   18       0.95793785
   19       4.10130139
   20       0.94463628
   21       0.96582653
   22       4.10309602
   23       0.95310122
   24       0.94034176
   25       4.17241824
   26       0.93753536
   27       0.94633202
   28       0.95018086
   29       4.20671172
   30       0.93285612
   31       0.92771337
   32       0.93271200
   33       4.08644636
   34       0.94965593
   35       0.95619105
   36       4.08172303
   37       0.95885393
   38       0.96220854
   39       4.10662502
   40       0.93713602
   41       0.94495024
   42       4.10735504
   43       0.93699681
   44       0.94381949
   45       4.13795325
   46       0.93789602
   47       0.95706201
   48       4.09691959
   49       0.93504944
   50       0.95118724
   51       4.10792424
   52       0.93901251
   53       0.94866935
   54       4.08826970
   55       0.96624419
   56       0.94504008
   57       4.19911307
   58       0.94065458
   59       0.91346645
   60       0.95084967
   61       4.21618173
   62       0.91256757
   63       0.94634553
   64       0.93967132
   65       4.11073115
   66       0.94162318
   67       0.94744258
   68       4.08412379
   69       0.93576859
   70       0.94849085
   71       4.07413379
   72       0.93002776
   73       0.96988215
   74       4.08107476
   75       0.94894129
   76       0.93912123
   77       4.11785133
   78       0.94331231
   79       0.90655374
   80       4.08204675
   81       0.93120687
   82       0.96136601
   83       4.10567531
   84       0.93851980
   85       0.95849478
   86       4.06871506
   87       0.96231879
   88       0.95631051
   89       4.22920348
   90       0.94404753
   91       0.91733706
   92       0.93422896
   93       4.18817148
   94       0.93054097
   95       0.96109633
   96       0.93592274
   97       4.10777015
   98       0.94038052
   99       0.94620235
  100       4.13289097
  101       0.95508634
  102       0.91912110
  103       4.10375624
  104       0.94133635
  105       0.95511656
  106       4.09148043
  107       0.95208695
  108       0.94251630
  109       4.09538805
  110       0.94907514
  111       0.95592877
  112       4.11134393
  113       0.95036655
  114       0.95586397
  115       4.09726755
  116       0.94174885
  117       0.93816103
  118       4.07493964
  119       0.96058891
  120       0.97406931
  121       4.20791260
  122       0.92093523
  123       0.94106345
  124       0.93056228
  125       4.20349030
  126       0.91943882
  127       0.93991444
  128       0.93708110
  129       4.11721534
  130       0.93756892
  131       0.93071356
  132       4.11352029
  133       0.92822147
  134       0.95633046
  135       4.09428338
  136       0.97455551
  137       0.93412481
  138       4.12006350
  139       0.93967543
  140       0.93274897
  141       4.10439529
  142       0.96354026
  143       0.94494981
  144       4.08307721
  145       0.94316508
  146       0.96233897
  147       4.09232006
  148       0.96230691
  149       0.96198328
  150       4.07922261
  151       0.94384238
  152       0.95217133
  153       4.23157109
  154       0.93283376
  155       0.92453523
  156       0.91268652
  157       4.18207414
  158       0.95769048
  159       0.93717621
  160       0.94176834
  161       4.12445823
  162       0.93821502
  163       0.92496164
  164       4.10560565
  165       0.94476603
  166       0.94765323
  167       4.11570411
  168       0.94515010
  169       0.92638042
  170       4.11148388
  171       0.95353526
  172       0.93842680
  173       4.11163966
  174       0.96158448
  175       0.93064951
  176       4.07464419
  177       0.97387491
  178       0.95807653
  179       4.11081244
  180       0.95103309
  181       0.93566325
  182       4.09609450
  183       0.93970771
  184       0.94528221
  185       4.21508328
  186       0.94372169
  187       0.92990101
  188       0.92235492
  189       4.19201748
  190       0.95251375
  191       0.93959736
  192       0.93598961
  193       4.07742305
  194       0.93992788
  195       0.96933085
  196       4.24408646
  197       0.90497999
  198       0.95732949
  199       4.20640780
  200       0.92042880
  201       0.90989572
  202       4.19932343
  203       0.94644163
  204       0.92769868
  205       4.09057447
  206       0.95397458
  207       0.93628227
  208       4.10682360
  209       0.95347614
  210       0.98256396
  211       4.14266288
  212       0.93651516
  213       0.91243369
  214       4.10666649
  215       0.93831972
  216       0.93208155
  217       4.20724441
  218       0.94341143
  219       0.89910238
  220       0.94758768
  221       4.07531280
  222       0.94901815
  223       0.93309373
  224       0.96336140
  225       4.13050198
  226       0.93337750
  227       0.93815724
  228       4.13978805
  229       0.94700876
  230       0.91243350
  231       4.08196282
  232       0.95343514
  233       0.96693598
  234       4.11911093
  235       0.94896353
  236       0.94879789
  237       4.11486261
  238       0.93479993
  239       0.94388536
  240       4.09736414
  241       0.95249003
  242       0.94897192
  243       4.08934241
  244       0.96590071
  245       0.95205952
  246       4.09337403
  247       0.95169935
  248       0.94751295
  249       4.19523719
  250       0.93167148
  251       0.94525133
  252       0.92505073
  253       4.19885061
  254       0.94611391
  255       0.92467754
  256       0.91542003
  257       4.12641196
  258       0.93163056
  259       0.93886425
  260       4.11662566
  261       0.92910504
  262       0.94572470
  263       4.10176515
  264       0.95809564
  265       0.95399513
  266       4.10967527
  267       0.95059612
  268       0.93285817
  269       4.10424912
  270       0.94205486
  271       0.95111508
  272       4.10251296
  273       0.93798917
  274       0.94928696
  275       4.08871934
  276       0.97482557
  277       0.95618515
  278       4.11438979
  279       0.92443283
  280       0.93554308
  281       4.21186472
  282       0.92258732
  283       0.91934784
  284       0.94982632
  285       4.19249202
  286       0.94857264
  287       0.93663780
  288       0.94085054
  289       4.09344140
  290       0.92715080
  291       0.95893523
  292       4.12750528
  293       0.95714203
  294       0.91871720
  295       4.11357008
  296       0.95030080
  297       0.93279337
  298       4.06643819
  299       0.94042414
  300       0.97130290
  301       4.08857470
  302       0.93914076
  303       0.97026959
  304       4.11393278
  305       0.92355411
  306       0.97796551
  307       4.10405298
  308       0.94437846
  309       0.93967206
  310       4.12152873
  311       0.95057991
  312       0.93252887
  313       4.20437716
  314       0.93557735
  315       0.94148984
  316       0.93404707
  317       4.20440341
  318       0.94335354
  319       0.93848878
  320       0.93961026
  321       4.08255096
  322       0.95892769
  323       0.95472712
  324       4.10707202
  325       0.94741757
  326       0.96131041
  327       4.11232169
  328       0.93404964
  329       0.93396437
  330       4.13678825
  331       0.92276130
  332       0.94532724
  333       4.10124313
  334       0.95295031
  335       0.94870642
  336       4.11234873
  337       0.93565830
  338       0.97872170
  339       4.11805148
  340       0.94535619
  341       0.91296937
  342       4.09491178
  343       0.94093631
  344       0.94275887
  345       4.18608750
  346       0.93955804
  347       0.94817935
  348       0.93131761
  349       4.19566931
  350       0.95225998
  351       0.92531079
  352       0.94930231
 
l-shell populations (up)
 Atom Sh.   l       Population
    1   1   0       1.24752423
    1   2   1       2.85519166
    2   1   0       0.93788069
    3   1   0       0.95298175
    4   1   0       1.24660796
    4   2   1       2.86047350
    5   1   0       0.94970007
    6   1   0       0.95202253
    7   1   0       1.21275730
    7   2   1       2.89728164
    8   1   0       0.93350297
    9   1   0       0.93962764
   10   1   0       1.25505713
   10   2   1       2.85950587
   11   1   0       0.94998841
   12   1   0       0.93289774
   13   1   0       1.24956727
   13   2   1       2.88671121
   14   1   0       0.93474744
   15   1   0       0.95082129
   16   1   0       1.26187298
   16   2   1       2.84317240
   17   1   0       0.92656574
   18   1   0       0.95793785
   19   1   0       1.24956272
   19   2   1       2.85173867
   20   1   0       0.94463628
   21   1   0       0.96582653
   22   1   0       1.23676916
   22   2   1       2.86632686
   23   1   0       0.95310122
   24   1   0       0.94034176
   25   1   0       1.27574315
   25   2   1       2.89667509
   26   1   0       0.93753536
   27   1   0       0.94633202
   28   1   0       0.95018086
   29   1   0       1.28807970
   29   2   1       2.91863203
   30   1   0       0.93285612
   31   1   0       0.92771337
   32   1   0       0.93271200
   33   1   0       1.22288180
   33   2   1       2.86356456
   34   1   0       0.94965593
   35   1   0       0.95619105
   36   1   0       1.23200012
   36   2   1       2.84972291
   37   1   0       0.95885393
   38   1   0       0.96220854
   39   1   0       1.22869483
   39   2   1       2.87793019
   40   1   0       0.93713602
   41   1   0       0.94495024
   42   1   0       1.24825180
   42   2   1       2.85910324
   43   1   0       0.93699681
   44   1   0       0.94381949
   45   1   0       1.26615723
   45   2   1       2.87179601
   46   1   0       0.93789602
   47   1   0       0.95706201
   48   1   0       1.27488192
   48   2   1       2.82203767
   49   1   0       0.93504944
   50   1   0       0.95118724
   51   1   0       1.22499472
   51   2   1       2.88292953
   52   1   0       0.93901251
   53   1   0       0.94866935
   54   1   0       1.22263958
   54   2   1       2.86563013
   55   1   0       0.96624419
   56   1   0       0.94504008
   57   1   0       1.26264842
   57   2   1       2.93646465
   58   1   0       0.94065458
   59   1   0       0.91346645
   60   1   0       0.95084967
   61   1   0       1.26508246
   61   2   1       2.95109927
   62   1   0       0.91256757
   63   1   0       0.94634553
   64   1   0       0.93967132
   65   1   0       1.24334671
   65   2   1       2.86738444
   66   1   0       0.94162318
   67   1   0       0.94744258
   68   1   0       1.25359422
   68   2   1       2.83052957
   69   1   0       0.93576859
   70   1   0       0.94849085
   71   1   0       1.24693369
   71   2   1       2.82720011
   72   1   0       0.93002776
   73   1   0       0.96988215
   74   1   0       1.22894044
   74   2   1       2.85213433
   75   1   0       0.94894129
   76   1   0       0.93912123
   77   1   0       1.22634736
   77   2   1       2.89150397
   78   1   0       0.94331231
   79   1   0       0.90655374
   80   1   0       1.23436644
   80   2   1       2.84768031
   81   1   0       0.93120687
   82   1   0       0.96136601
   83   1   0       1.23978280
   83   2   1       2.86589251
   84   1   0       0.93851980
   85   1   0       0.95849478
   86   1   0       1.22373661
   86   2   1       2.84497845
   87   1   0       0.96231879
   88   1   0       0.95631051
   89   1   0       1.28142257
   89   2   1       2.94778091
   90   1   0       0.94404753
   91   1   0       0.91733706
   92   1   0       0.93422896
   93   1   0       1.25247920
   93   2   1       2.93569228
   94   1   0       0.93054097
   95   1   0       0.96109633
   96   1   0       0.93592274
   97   1   0       1.24045736
   97   2   1       2.86731278
   98   1   0       0.94038052
   99   1   0       0.94620235
  100   1   0       1.24331554
  100   2   1       2.88957543
  101   1   0       0.95508634
  102   1   0       0.91912110
  103   1   0       1.25651293
  103   2   1       2.84724331
  104   1   0       0.94133635
  105   1   0       0.95511656
  106   1   0       1.24149794
  106   2   1       2.84998249
  107   1   0       0.95208695
  108   1   0       0.94251630
  109   1   0       1.24226850
  109   2   1       2.85311955
  110   1   0       0.94907514
  111   1   0       0.95592877
  112   1   0       1.25177034
  112   2   1       2.85957359
  113   1   0       0.95036655
  114   1   0       0.95586397
  115   1   0       1.21488066
  115   2   1       2.88238689
  116   1   0       0.94174885
  117   1   0       0.93816103
  118   1   0       1.22926124
  118   2   1       2.84567840
  119   1   0       0.96058891
  120   1   0       0.97406931
  121   1   0       1.27008651
  121   2   1       2.93782608
  122   1   0       0.92093523
  123   1   0       0.94106345
  124   1   0       0.93056228
  125   1   0       1.27285188
  125   2   1       2.93063842
  126   1   0       0.91943882
  127   1   0       0.93991444
  128   1   0       0.93708110
  129   1   0       1.25186094
  129   2   1       2.86535440
  130   1   0       0.93756892
  131   1   0       0.93071356
  132   1   0       1.26838935
  132   2   1       2.84513094
  133   1   0       0.92822147
  134   1   0       0.95633046
  135   1   0       1.23123161
  135   2   1       2.86305177
  136   1   0       0.97455551
  137   1   0       0.93412481
  138   1   0       1.22132183
  138   2   1       2.89874166
  139   1   0       0.93967543
  140   1   0       0.93274897
  141   1   0       1.23600829
  141   2   1       2.86838700
  142   1   0       0.96354026
  143   1   0       0.94494981
  144   1   0       1.23809127
  144   2   1       2.84498594
  145   1   0       0.94316508
  146   1   0       0.96233897
  147   1   0       1.25510389
  147   2   1       2.83721617
  148   1   0       0.96230691
  149   1   0       0.96198328
  150   1   0       1.22097850
  150   2   1       2.85824411
  151   1   0       0.94384238
  152   1   0       0.95217133
  153   1   0       1.26346352
  153   2   1       2.96810757
  154   1   0       0.93283376
  155   1   0       0.92453523
  156   1   0       0.91268652
  157   1   0       1.25979673
  157   2   1       2.92227741
  158   1   0       0.95769048
  159   1   0       0.93717621
  160   1   0       0.94176834
  161   1   0       1.23468331
  161   2   1       2.88977492
  162   1   0       0.93821502
  163   1   0       0.92496164
  164   1   0       1.26516532
  164   2   1       2.84044033
  165   1   0       0.94476603
  166   1   0       0.94765323
  167   1   0       1.25907865
  167   2   1       2.85662546
  168   1   0       0.94515010
  169   1   0       0.92638042
  170   1   0       1.26073889
  170   2   1       2.85074498
  171   1   0       0.95353526
  172   1   0       0.93842680
  173   1   0       1.23881193
  173   2   1       2.87282773
  174   1   0       0.96158448
  175   1   0       0.93064951
  176   1   0       1.23764826
  176   2   1       2.83699593
  177   1   0       0.97387491
  178   1   0       0.95807653
  179   1   0       1.24468107
  179   2   1       2.86613136
  180   1   0       0.95103309
  181   1   0       0.93566325
  182   1   0       1.26485143
  182   2   1       2.83124308
  183   1   0       0.93970771
  184   1   0       0.94528221
  185   1   0       1.25408975
  185   2   1       2.96099353
  186   1   0       0.94372169
  187   1   0       0.92990101
  188   1   0       0.92235492
  189   1   0       1.28964955
  189   2   1       2.90236793
  190   1   0       0.95251375
  191   1   0       0.93959736
  192   1   0       0.93598961
  193   1   0       1.26981891
  193   2   1       2.80760414
  194   1   0       0.93992788
  195   1   0       0.96933085
  196   1   0       1.27054619
  196   2   1       2.97354027
  197   1   0       0.90497999
  198   1   0       0.95732949
  199   1   0       1.28422167
  199   2   1       2.92218613
  200   1   0       0.92042880
  201   1   0       0.90989572
  202   1   0       1.30848795
  202   2   1       2.89083549
  203   1   0       0.94644163
  204   1   0       0.92769868
  205   1   0       1.23810625
  205   2   1       2.85246822
  206   1   0       0.95397458
  207   1   0       0.93628227
  208   1   0       1.27990666
  208   2   1       2.82691694
  209   1   0       0.95347614
  210   1   0       0.98256396
  211   1   0       1.26113813
  211   2   1       2.88152475
  212   1   0       0.93651516
  213   1   0       0.91243369
  214   1   0       1.21093487
  214   2   1       2.89573162
  215   1   0       0.93831972
  216   1   0       0.93208155
  217   1   0       1.28800436
  217   2   1       2.91924004
  218   1   0       0.94341143
  219   1   0       0.89910238
  220   1   0       0.94758768
  221   1   0       1.22029682
  221   2   1       2.85501598
  222   1   0       0.94901815
  223   1   0       0.93309373
  224   1   0       0.96336140
  225   1   0       1.25756154
  225   2   1       2.87294044
  226   1   0       0.93337750
  227   1   0       0.93815724
  228   1   0       1.26401475
  228   2   1       2.87577330
  229   1   0       0.94700876
  230   1   0       0.91243350
  231   1   0       1.24402856
  231   2   1       2.83793426
  232   1   0       0.95343514
  233   1   0       0.96693598
  234   1   0       1.23540278
  234   2   1       2.88370815
  235   1   0       0.94896353
  236   1   0       0.94879789
  237   1   0       1.23811637
  237   2   1       2.87674624
  238   1   0       0.93479993
  239   1   0       0.94388536
  240   1   0       1.24143732
  240   2   1       2.85592681
  241   1   0       0.95249003
  242   1   0       0.94897192
  243   1   0       1.24587278
  243   2   1       2.84346964
  244   1   0       0.96590071
  245   1   0       0.95205952
  246   1   0       1.23175978
  246   2   1       2.86161425
  247   1   0       0.95169935
  248   1   0       0.94751295
  249   1   0       1.28067534
  249   2   1       2.91456186
  250   1   0       0.93167148
  251   1   0       0.94525133
  252   1   0       0.92505073
  253   1   0       1.25357665
  253   2   1       2.94527396
  254   1   0       0.94611391
  255   1   0       0.92467754
  256   1   0       0.91542003
  257   1   0       1.25033549
  257   2   1       2.87607648
  258   1   0       0.93163056
  259   1   0       0.93886425
  260   1   0       1.25515129
  260   2   1       2.86147437
  261   1   0       0.92910504
  262   1   0       0.94572470
  263   1   0       1.23370428
  263   2   1       2.86806087
  264   1   0       0.95809564
  265   1   0       0.95399513
  266   1   0       1.23042920
  266   2   1       2.87924607
  267   1   0       0.95059612
  268   1   0       0.93285817
  269   1   0       1.23010885
  269   2   1       2.87414026
  270   1   0       0.94205486
  271   1   0       0.95111508
  272   1   0       1.24390451
  272   2   1       2.85860845
  273   1   0       0.93798917
  274   1   0       0.94928696
  275   1   0       1.23526449
  275   2   1       2.85345485
  276   1   0       0.97482557
  277   1   0       0.95618515
  278   1   0       1.20658812
  278   2   1       2.90780167
  279   1   0       0.92443283
  280   1   0       0.93554308
  281   1   0       1.26478349
  281   2   1       2.94708123
  282   1   0       0.92258732
  283   1   0       0.91934784
  284   1   0       0.94982632
  285   1   0       1.27741211
  285   2   1       2.91507991
  286   1   0       0.94857264
  287   1   0       0.93663780
  288   1   0       0.94085054
  289   1   0       1.25407207
  289   2   1       2.83936933
  290   1   0       0.92715080
  291   1   0       0.95893523
  292   1   0       1.24992117
  292   2   1       2.87758411
  293   1   0       0.95714203
  294   1   0       0.91871720
  295   1   0       1.24701748
  295   2   1       2.86655260
  296   1   0       0.95030080
  297   1   0       0.93279337
  298   1   0       1.24589948
  298   2   1       2.82053871
  299   1   0       0.94042414
  300   1   0       0.97130290
  301   1   0       1.23574126
  301   2   1       2.85283344
  302   1   0       0.93914076
  303   1   0       0.97026959
  304   1   0       1.24554585
  304   2   1       2.86838693
  305   1   0       0.92355411
  306   1   0       0.97796551
  307   1   0       1.25532906
  307   2   1       2.84872392
  308   1   0       0.94437846
  309   1   0       0.93967206
  310   1   0       1.25661982
  310   2   1       2.86490891
  311   1   0       0.95057991
  312   1   0       0.93252887
  313   1   0       1.27930079
  313   2   1       2.92507637
  314   1   0       0.93557735
  315   1   0       0.94148984
  316   1   0       0.93404707
  317   1   0       1.28634297
  317   2   1       2.91806044
  318   1   0       0.94335354
  319   1   0       0.93848878
  320   1   0       0.93961026
  321   1   0       1.26633132
  321   2   1       2.81621964
  322   1   0       0.95892769
  323   1   0       0.95472712
  324   1   0       1.25513891
  324   2   1       2.85193311
  325   1   0       0.94741757
  326   1   0       0.96131041
  327   1   0       1.22238407
  327   2   1       2.88993762
  328   1   0       0.93404964
  329   1   0       0.93396437
  330   1   0       1.23872790
  330   2   1       2.89806036
  331   1   0       0.92276130
  332   1   0       0.94532724
  333   1   0       1.24420108
  333   2   1       2.85704205
  334   1   0       0.95295031
  335   1   0       0.94870642
  336   1   0       1.23668461
  336   2   1       2.87566412
  337   1   0       0.93565830
  338   1   0       0.97872170
  339   1   0       1.22966837
  339   2   1       2.88838311
  340   1   0       0.94535619
  341   1   0       0.91296937
  342   1   0       1.22229441
  342   2   1       2.87261737
  343   1   0       0.94093631
  344   1   0       0.94275887
  345   1   0       1.27236897
  345   2   1       2.91371853
  346   1   0       0.93955804
  347   1   0       0.94817935
  348   1   0       0.93131761
  349   1   0       1.26623728
  349   2   1       2.92943203
  350   1   0       0.95225998
  351   1   0       0.92531079
  352   1   0       0.94930231
 
Orbital populations (up)
 Atom Sh.   l   m       Population  Label
    1   1   0   0       1.24752423  s
    1   2   1  -1       0.96067519  p_y
    1   2   1   0       0.94147006  p_z
    1   2   1   1       0.95304641  p_x
    2   1   0   0       0.93788069  s
    3   1   0   0       0.95298175  s
    4   1   0   0       1.24660796  s
    4   2   1  -1       0.96877281  p_y
    4   2   1   0       0.92321831  p_z
    4   2   1   1       0.96848237  p_x
    5   1   0   0       0.94970007  s
    6   1   0   0       0.95202253  s
    7   1   0   0       1.21275730  s
    7   2   1  -1       0.95758257  p_y
    7   2   1   0       0.96053432  p_z
    7   2   1   1       0.97916474  p_x
    8   1   0   0       0.93350297  s
    9   1   0   0       0.93962764  s
   10   1   0   0       1.25505713  s
   10   2   1  -1       0.94994936  p_y
   10   2   1   0       0.95278299  p_z
   10   2   1   1       0.95677351  p_x
   11   1   0   0       0.94998841  s
   12   1   0   0       0.93289774  s
   13   1   0   0       1.24956727  s
   13   2   1  -1       0.93140939  p_y
   13   2   1   0       0.97324969  p_z
   13   2   1   1       0.98205213  p_x
   14   1   0   0       0.93474744  s
   15   1   0   0       0.95082129  s
   16   1   0   0       1.26187298  s
   16   2   1  -1       0.91786352  p_y
   16   2   1   0       0.95515887  p_z
   16   2   1   1       0.97015001  p_x
   17   1   0   0       0.92656574  s
   18   1   0   0       0.95793785  s
   19   1   0   0       1.24956272  s
   19   2   1  -1       0.93445099  p_y
   19   2   1   0       0.95764977  p_z
   19   2   1   1       0.95963791  p_x
   20   1   0   0       0.94463628  s
   21   1   0   0       0.96582653  s
   22   1   0   0       1.23676916  s
   22   2   1  -1       0.93190556  p_y
   22   2   1   0       0.96040064  p_z
   22   2   1   1       0.97402065  p_x
   23   1   0   0       0.95310122  s
   24   1   0   0       0.94034176  s
   25   1   0   0       1.27574315  s
   25   2   1  -1       0.95493679  p_y
   25   2   1   0       0.96544627  p_z
   25   2   1   1       0.97629203  p_x
   26   1   0   0       0.93753536  s
   27   1   0   0       0.94633202  s
   28   1   0   0       0.95018086  s
   29   1   0   0       1.28807970  s
   29   2   1  -1       0.95435148  p_y
   29   2   1   0       0.97628481  p_z
   29   2   1   1       0.98799574  p_x
   30   1   0   0       0.93285612  s
   31   1   0   0       0.92771337  s
   32   1   0   0       0.93271200  s
   33   1   0   0       1.22288180  s
   33   2   1  -1       0.96659371  p_y
   33   2   1   0       0.96077954  p_z
   33   2   1   1       0.93619131  p_x
   34   1   0   0       0.94965593  s
   35   1   0   0       0.95619105  s
   36   1   0   0       1.23200012  s
   36   2   1  -1       0.97942271  p_y
   36   2   1   0       0.93340790  p_z
   36   2   1   1       0.93689230  p_x
   37   1   0   0       0.95885393  s
   38   1   0   0       0.96220854  s
   39   1   0   0       1.22869483  s
   39   2   1  -1       0.96456164  p_y
   39   2   1   0       0.95527778  p_z
   39   2   1   1       0.95809077  p_x
   40   1   0   0       0.93713602  s
   41   1   0   0       0.94495024  s
   42   1   0   0       1.24825180  s
   42   2   1  -1       0.96388414  p_y
   42   2   1   0       0.96462703  p_z
   42   2   1   1       0.93059207  p_x
   43   1   0   0       0.93699681  s
   44   1   0   0       0.94381949  s
   45   1   0   0       1.26615723  s
   45   2   1  -1       0.96485061  p_y
   45   2   1   0       0.93766362  p_z
   45   2   1   1       0.96928179  p_x
   46   1   0   0       0.93789602  s
   47   1   0   0       0.95706201  s
   48   1   0   0       1.27488192  s
   48   2   1  -1       0.95648298  p_y
   48   2   1   0       0.91245418  p_z
   48   2   1   1       0.95310051  p_x
   49   1   0   0       0.93504944  s
   50   1   0   0       0.95118724  s
   51   1   0   0       1.22499472  s
   51   2   1  -1       0.95946579  p_y
   51   2   1   0       0.94853151  p_z
   51   2   1   1       0.97493223  p_x
   52   1   0   0       0.93901251  s
   53   1   0   0       0.94866935  s
   54   1   0   0       1.22263958  s
   54   2   1  -1       0.98003922  p_y
   54   2   1   0       0.92588377  p_z
   54   2   1   1       0.95970714  p_x
   55   1   0   0       0.96624419  s
   56   1   0   0       0.94504008  s
   57   1   0   0       1.26264842  s
   57   2   1  -1       0.98062070  p_y
   57   2   1   0       0.97995544  p_z
   57   2   1   1       0.97588851  p_x
   58   1   0   0       0.94065458  s
   59   1   0   0       0.91346645  s
   60   1   0   0       0.95084967  s
   61   1   0   0       1.26508246  s
   61   2   1  -1       0.97593861  p_y
   61   2   1   0       0.98088717  p_z
   61   2   1   1       0.99427350  p_x
   62   1   0   0       0.91256757  s
   63   1   0   0       0.94634553  s
   64   1   0   0       0.93967132  s
   65   1   0   0       1.24334671  s
   65   2   1  -1       0.91880612  p_y
   65   2   1   0       0.97683061  p_z
   65   2   1   1       0.97174771  p_x
   66   1   0   0       0.94162318  s
   67   1   0   0       0.94744258  s
   68   1   0   0       1.25359422  s
   68   2   1  -1       0.94070441  p_y
   68   2   1   0       0.94634010  p_z
   68   2   1   1       0.94348506  p_x
   69   1   0   0       0.93576859  s
   70   1   0   0       0.94849085  s
   71   1   0   0       1.24693369  s
   71   2   1  -1       0.93949865  p_y
   71   2   1   0       0.94608716  p_z
   71   2   1   1       0.94161430  p_x
   72   1   0   0       0.93002776  s
   73   1   0   0       0.96988215  s
   74   1   0   0       1.22894044  s
   74   2   1  -1       0.91255430  p_y
   74   2   1   0       0.98589068  p_z
   74   2   1   1       0.95368934  p_x
   75   1   0   0       0.94894129  s
   76   1   0   0       0.93912123  s
   77   1   0   0       1.22634736  s
   77   2   1  -1       0.94206794  p_y
   77   2   1   0       0.95790733  p_z
   77   2   1   1       0.99152870  p_x
   78   1   0   0       0.94331231  s
   79   1   0   0       0.90655374  s
   80   1   0   0       1.23436644  s
   80   2   1  -1       0.94212918  p_y
   80   2   1   0       0.94386660  p_z
   80   2   1   1       0.96168453  p_x
   81   1   0   0       0.93120687  s
   82   1   0   0       0.96136601  s
   83   1   0   0       1.23978280  s
   83   2   1  -1       0.93707557  p_y
   83   2   1   0       0.94820747  p_z
   83   2   1   1       0.98060947  p_x
   84   1   0   0       0.93851980  s
   85   1   0   0       0.95849478  s
   86   1   0   0       1.22373661  s
   86   2   1  -1       0.94069826  p_y
   86   2   1   0       0.96946363  p_z
   86   2   1   1       0.93481655  p_x
   87   1   0   0       0.96231879  s
   88   1   0   0       0.95631051  s
   89   1   0   0       1.28142257  s
   89   2   1  -1       0.99950377  p_y
   89   2   1   0       0.98203087  p_z
   89   2   1   1       0.96624627  p_x
   90   1   0   0       0.94404753  s
   91   1   0   0       0.91733706  s
   92   1   0   0       0.93422896  s
   93   1   0   0       1.25247920  s
   93   2   1  -1       0.98858824  p_y
   93   2   1   0       0.97331431  p_z
   93   2   1   1       0.97378973  p_x
   94   1   0   0       0.93054097  s
   95   1   0   0       0.96109633  s
   96   1   0   0       0.93592274  s
   97   1   0   0       1.24045736  s
   97   2   1  -1       0.95886100  p_y
   97   2   1   0       0.92353566  p_z
   97   2   1   1       0.98491612  p_x
   98   1   0   0       0.94038052  s
   99   1   0   0       0.94620235  s
  100   1   0   0       1.24331554  s
  100   2   1  -1       0.95729398  p_y
  100   2   1   0       0.96722334  p_z
  100   2   1   1       0.96505811  p_x
  101   1   0   0       0.95508634  s
  102   1   0   0       0.91912110  s
  103   1   0   0       1.25651293  s
  103   2   1  -1       0.96326970  p_y
  103   2   1   0       0.96201182  p_z
  103   2   1   1       0.92196179  p_x
  104   1   0   0       0.94133635  s
  105   1   0   0       0.95511656  s
  106   1   0   0       1.24149794  s
  106   2   1  -1       0.95747252  p_y
  106   2   1   0       0.97674106  p_z
  106   2   1   1       0.91576890  p_x
  107   1   0   0       0.95208695  s
  108   1   0   0       0.94251630  s
  109   1   0   0       1.24226850  s
  109   2   1  -1       0.94693748  p_y
  109   2   1   0       0.97388037  p_z
  109   2   1   1       0.93230170  p_x
  110   1   0   0       0.94907514  s
  111   1   0   0       0.95592877  s
  112   1   0   0       1.25177034  s
  112   2   1  -1       0.99318262  p_y
  112   2   1   0       0.92845467  p_z
  112   2   1   1       0.93793629  p_x
  113   1   0   0       0.95036655  s
  114   1   0   0       0.95586397  s
  115   1   0   0       1.21488066  s
  115   2   1  -1       0.98449258  p_y
  115   2   1   0       0.94443166  p_z
  115   2   1   1       0.95346265  p_x
  116   1   0   0       0.94174885  s
  117   1   0   0       0.93816103  s
  118   1   0   0       1.22926124  s
  118   2   1  -1       0.94335639  p_y
  118   2   1   0       0.96725289  p_z
  118   2   1   1       0.93506912  p_x
  119   1   0   0       0.96058891  s
  120   1   0   0       0.97406931  s
  121   1   0   0       1.27008651  s
  121   2   1  -1       0.99081311  p_y
  121   2   1   0       0.94690552  p_z
  121   2   1   1       1.00010746  p_x
  122   1   0   0       0.92093523  s
  123   1   0   0       0.94106345  s
  124   1   0   0       0.93056228  s
  125   1   0   0       1.27285188  s
  125   2   1  -1       0.97916166  p_y
  125   2   1   0       0.97863994  p_z
  125   2   1   1       0.97283683  p_x
  126   1   0   0       0.91943882  s
  127   1   0   0       0.93991444  s
  128   1   0   0       0.93708110  s
  129   1   0   0       1.25186094  s
  129   2   1  -1       0.97857414  p_y
  129   2   1   0       0.93887211  p_z
  129   2   1   1       0.94790815  p_x
  130   1   0   0       0.93756892  s
  131   1   0   0       0.93071356  s
  132   1   0   0       1.26838935  s
  132   2   1  -1       0.94187554  p_y
  132   2   1   0       0.94647231  p_z
  132   2   1   1       0.95678309  p_x
  133   1   0   0       0.92822147  s
  134   1   0   0       0.95633046  s
  135   1   0   0       1.23123161  s
  135   2   1  -1       0.95776323  p_y
  135   2   1   0       0.95301550  p_z
  135   2   1   1       0.95227304  p_x
  136   1   0   0       0.97455551  s
  137   1   0   0       0.93412481  s
  138   1   0   0       1.22132183  s
  138   2   1  -1       0.99031649  p_y
  138   2   1   0       0.97036366  p_z
  138   2   1   1       0.93806151  p_x
  139   1   0   0       0.93967543  s
  140   1   0   0       0.93274897  s
  141   1   0   0       1.23600829  s
  141   2   1  -1       0.93209677  p_y
  141   2   1   0       0.97033146  p_z
  141   2   1   1       0.96595877  p_x
  142   1   0   0       0.96354026  s
  143   1   0   0       0.94494981  s
  144   1   0   0       1.23809127  s
  144   2   1  -1       0.93755852  p_y
  144   2   1   0       0.96370352  p_z
  144   2   1   1       0.94372390  p_x
  145   1   0   0       0.94316508  s
  146   1   0   0       0.96233897  s
  147   1   0   0       1.25510389  s
  147   2   1  -1       0.96101392  p_y
  147   2   1   0       0.94345636  p_z
  147   2   1   1       0.93274589  p_x
  148   1   0   0       0.96230691  s
  149   1   0   0       0.96198328  s
  150   1   0   0       1.22097850  s
  150   2   1  -1       0.95795915  p_y
  150   2   1   0       0.96766903  p_z
  150   2   1   1       0.93261593  p_x
  151   1   0   0       0.94384238  s
  152   1   0   0       0.95217133  s
  153   1   0   0       1.26346352  s
  153   2   1  -1       1.01845465  p_y
  153   2   1   0       0.96985933  p_z
  153   2   1   1       0.97979359  p_x
  154   1   0   0       0.93283376  s
  155   1   0   0       0.92453523  s
  156   1   0   0       0.91268652  s
  157   1   0   0       1.25979673  s
  157   2   1  -1       0.98058798  p_y
  157   2   1   0       0.98922725  p_z
  157   2   1   1       0.95246217  p_x
  158   1   0   0       0.95769048  s
  159   1   0   0       0.93717621  s
  160   1   0   0       0.94176834  s
  161   1   0   0       1.23468331  s
  161   2   1  -1       0.95960779  p_y
  161   2   1   0       0.97819095  p_z
  161   2   1   1       0.95197618  p_x
  162   1   0   0       0.93821502  s
  163   1   0   0       0.92496164  s
  164   1   0   0       1.26516532  s
  164   2   1  -1       0.94280402  p_y
  164   2   1   0       0.95568636  p_z
  164   2   1   1       0.94194995  p_x
  165   1   0   0       0.94476603  s
  166   1   0   0       0.94765323  s
  167   1   0   0       1.25907865  s
  167   2   1  -1       0.94310387  p_y
  167   2   1   0       0.96953767  p_z
  167   2   1   1       0.94398392  p_x
  168   1   0   0       0.94515010  s
  169   1   0   0       0.92638042  s
  170   1   0   0       1.26073889  s
  170   2   1  -1       0.93988736  p_y
  170   2   1   0       0.98503903  p_z
  170   2   1   1       0.92581860  p_x
  171   1   0   0       0.95353526  s
  172   1   0   0       0.93842680  s
  173   1   0   0       1.23881193  s
  173   2   1  -1       0.95881791  p_y
  173   2   1   0       0.98373176  p_z
  173   2   1   1       0.93027805  p_x
  174   1   0   0       0.96158448  s
  175   1   0   0       0.93064951  s
  176   1   0   0       1.23764826  s
  176   2   1  -1       0.96025561  p_y
  176   2   1   0       0.94532194  p_z
  176   2   1   1       0.93141838  p_x
  177   1   0   0       0.97387491  s
  178   1   0   0       0.95807653  s
  179   1   0   0       1.24468107  s
  179   2   1  -1       0.98564938  p_y
  179   2   1   0       0.92130551  p_z
  179   2   1   1       0.95917648  p_x
  180   1   0   0       0.95103309  s
  181   1   0   0       0.93566325  s
  182   1   0   0       1.26485143  s
  182   2   1  -1       0.95502718  p_y
  182   2   1   0       0.92841152  p_z
  182   2   1   1       0.94780437  p_x
  183   1   0   0       0.93970771  s
  184   1   0   0       0.94528221  s
  185   1   0   0       1.25408975  s
  185   2   1  -1       0.97287579  p_y
  185   2   1   0       0.98952866  p_z
  185   2   1   1       0.99858907  p_x
  186   1   0   0       0.94372169  s
  187   1   0   0       0.92990101  s
  188   1   0   0       0.92235492  s
  189   1   0   0       1.28964955  s
  189   2   1  -1       0.94901956  p_y
  189   2   1   0       1.00115654  p_z
  189   2   1   1       0.95219183  p_x
  190   1   0   0       0.95251375  s
  191   1   0   0       0.93959736  s
  192   1   0   0       0.93598961  s
  193   1   0   0       1.26981891  s
  193   2   1  -1       0.92150177  p_y
  193   2   1   0       0.94148360  p_z
  193   2   1   1       0.94461877  p_x
  194   1   0   0       0.93992788  s
  195   1   0   0       0.96933085  s
  196   1   0   0       1.27054619  s
  196   2   1  -1       0.97024434  p_y
  196   2   1   0       1.01009331  p_z
  196   2   1   1       0.99320263  p_x
  197   1   0   0       0.90497999  s
  198   1   0   0       0.95732949  s
  199   1   0   0       1.28422167  s
  199   2   1  -1       0.99121525  p_y
  199   2   1   0       0.94492771  p_z
  199   2   1   1       0.98604317  p_x
  200   1   0   0       0.92042880  s
  201   1   0   0       0.90989572  s
  202   1   0   0       1.30848795  s
  202   2   1  -1       0.98767578  p_y
  202   2   1   0       0.95661991  p_z
  202   2   1   1       0.94653980  p_x
  203   1   0   0       0.94644163  s
  204   1   0   0       0.92769868  s
  205   1   0   0       1.23810625  s
  205   2   1  -1       0.97559974  p_y
  205   2   1   0       0.95305959  p_z
  205   2   1   1       0.92380889  p_x
  206   1   0   0       0.95397458  s
  207   1   0   0       0.93628227  s
  208   1   0   0       1.27990666  s
  208   2   1  -1       0.93765674  p_y
  208   2   1   0       0.97945242  p_z
  208   2   1   1       0.90980777  p_x
  209   1   0   0       0.95347614  s
  210   1   0   0       0.98256396  s
  211   1   0   0       1.26113813  s
  211   2   1  -1       0.96255721  p_y
  211   2   1   0       0.97994278  p_z
  211   2   1   1       0.93902476  p_x
  212   1   0   0       0.93651516  s
  213   1   0   0       0.91243369  s
  214   1   0   0       1.21093487  s
  214   2   1  -1       0.98095091  p_y
  214   2   1   0       0.98540853  p_z
  214   2   1   1       0.92937218  p_x
  215   1   0   0       0.93831972  s
  216   1   0   0       0.93208155  s
  217   1   0   0       1.28800436  s
  217   2   1  -1       0.95871829  p_y
  217   2   1   0       0.96662397  p_z
  217   2   1   1       0.99389778  p_x
  218   1   0   0       0.94341143  s
  219   1   0   0       0.89910238  s
  220   1   0   0       0.94758768  s
  221   1   0   0       1.22029682  s
  221   2   1  -1       0.98203754  p_y
  221   2   1   0       0.91039425  p_z
  221   2   1   1       0.96258419  p_x
  222   1   0   0       0.94901815  s
  223   1   0   0       0.93309373  s
  224   1   0   0       0.96336140  s
  225   1   0   0       1.25756154  s
  225   2   1  -1       0.94582646  p_y
  225   2   1   0       0.94987901  p_z
  225   2   1   1       0.97723497  p_x
  226   1   0   0       0.93337750  s
  227   1   0   0       0.93815724  s
  228   1   0   0       1.26401475  s
  228   2   1  -1       0.97936368  p_y
  228   2   1   0       0.92396540  p_z
  228   2   1   1       0.97244422  p_x
  229   1   0   0       0.94700876  s
  230   1   0   0       0.91243350  s
  231   1   0   0       1.24402856  s
  231   2   1  -1       0.96534746  p_y
  231   2   1   0       0.91687578  p_z
  231   2   1   1       0.95571103  p_x
  232   1   0   0       0.95343514  s
  233   1   0   0       0.96693598  s
  234   1   0   0       1.23540278  s
  234   2   1  -1       0.98126836  p_y
  234   2   1   0       0.91419305  p_z
  234   2   1   1       0.98824675  p_x
  235   1   0   0       0.94896353  s
  236   1   0   0       0.94879789  s
  237   1   0   0       1.23811637  s
  237   2   1  -1       0.97950618  p_y
  237   2   1   0       0.96110470  p_z
  237   2   1   1       0.93613537  p_x
  238   1   0   0       0.93479993  s
  239   1   0   0       0.94388536  s
  240   1   0   0       1.24143732  s
  240   2   1  -1       0.98662543  p_y
  240   2   1   0       0.93881310  p_z
  240   2   1   1       0.93048828  p_x
  241   1   0   0       0.95249003  s
  242   1   0   0       0.94897192  s
  243   1   0   0       1.24587278  s
  243   2   1  -1       0.97313815  p_y
  243   2   1   0       0.94015888  p_z
  243   2   1   1       0.93017261  p_x
  244   1   0   0       0.96590071  s
  245   1   0   0       0.95205952  s
  246   1   0   0       1.23175978  s
  246   2   1  -1       1.00262464  p_y
  246   2   1   0       0.94902519  p_z
  246   2   1   1       0.90996441  p_x
  247   1   0   0       0.95169935  s
  248   1   0   0       0.94751295  s
  249   1   0   0       1.28067534  s
  249   2   1  -1       0.95337205  p_y
  249   2   1   0       0.98793154  p_z
  249   2   1   1       0.97325827  p_x
  250   1   0   0       0.93167148  s
  251   1   0   0       0.94525133  s
  252   1   0   0       0.92505073  s
  253   1   0   0       1.25357665  s
  253   2   1  -1       1.00253570  p_y
  253   2   1   0       0.96643006  p_z
  253   2   1   1       0.97630819  p_x
  254   1   0   0       0.94611391  s
  255   1   0   0       0.92467754  s
  256   1   0   0       0.91542003  s
  257   1   0   0       1.25033549  s
  257   2   1  -1       0.98846527  p_y
  257   2   1   0       0.93089713  p_z
  257   2   1   1       0.95671408  p_x
  258   1   0   0       0.93163056  s
  259   1   0   0       0.93886425  s
  260   1   0   0       1.25515129  s
  260   2   1  -1       0.99176639  p_y
  260   2   1   0       0.92311189  p_z
  260   2   1   1       0.94659609  p_x
  261   1   0   0       0.92910504  s
  262   1   0   0       0.94572470  s
  263   1   0   0       1.23370428  s
  263   2   1  -1       0.95894032  p_y
  263   2   1   0       0.95145256  p_z
  263   2   1   1       0.95766799  p_x
  264   1   0   0       0.95809564  s
  265   1   0   0       0.95399513  s
  266   1   0   0       1.23042920  s
  266   2   1  -1       0.98128762  p_y
  266   2   1   0       0.93247176  p_z
  266   2   1   1       0.96548669  p_x
  267   1   0   0       0.95059612  s
  268   1   0   0       0.93285817  s
  269   1   0   0       1.23010885  s
  269   2   1  -1       0.97273417  p_y
  269   2   1   0       0.93888835  p_z
  269   2   1   1       0.96251774  p_x
  270   1   0   0       0.94205486  s
  271   1   0   0       0.95111508  s
  272   1   0   0       1.24390451  s
  272   2   1  -1       0.95054952  p_y
  272   2   1   0       0.95568885  p_z
  272   2   1   1       0.95237008  p_x
  273   1   0   0       0.93798917  s
  274   1   0   0       0.94928696  s
  275   1   0   0       1.23526449  s
  275   2   1  -1       0.95848217  p_y
  275   2   1   0       0.97199119  p_z
  275   2   1   1       0.92298148  p_x
  276   1   0   0       0.97482557  s
  277   1   0   0       0.95618515  s
  278   1   0   0       1.20658812  s
  278   2   1  -1       0.93607986  p_y
  278   2   1   0       0.98040895  p_z
  278   2   1   1       0.99131286  p_x
  279   1   0   0       0.92443283  s
  280   1   0   0       0.93554308  s
  281   1   0   0       1.26478349  s
  281   2   1  -1       0.97659125  p_y
  281   2   1   0       0.98158978  p_z
  281   2   1   1       0.98890020  p_x
  282   1   0   0       0.92258732  s
  283   1   0   0       0.91934784  s
  284   1   0   0       0.94982632  s
  285   1   0   0       1.27741211  s
  285   2   1  -1       0.96586032  p_y
  285   2   1   0       0.98944295  p_z
  285   2   1   1       0.95977665  p_x
  286   1   0   0       0.94857264  s
  287   1   0   0       0.93663780  s
  288   1   0   0       0.94085054  s
  289   1   0   0       1.25407207  s
  289   2   1  -1       0.96484071  p_y
  289   2   1   0       0.91968478  p_z
  289   2   1   1       0.95484384  p_x
  290   1   0   0       0.92715080  s
  291   1   0   0       0.95893523  s
  292   1   0   0       1.24992117  s
  292   2   1  -1       0.97062097  p_y
  292   2   1   0       0.95306579  p_z
  292   2   1   1       0.95389735  p_x
  293   1   0   0       0.95714203  s
  294   1   0   0       0.91871720  s
  295   1   0   0       1.24701748  s
  295   2   1  -1       0.96945606  p_y
  295   2   1   0       0.94241070  p_z
  295   2   1   1       0.95468585  p_x
  296   1   0   0       0.95030080  s
  297   1   0   0       0.93279337  s
  298   1   0   0       1.24589948  s
  298   2   1  -1       0.94858292  p_y
  298   2   1   0       0.94444621  p_z
  298   2   1   1       0.92750958  p_x
  299   1   0   0       0.94042414  s
  300   1   0   0       0.97130290  s
  301   1   0   0       1.23574126  s
  301   2   1  -1       0.93387172  p_y
  301   2   1   0       0.96549939  p_z
  301   2   1   1       0.95346233  p_x
  302   1   0   0       0.93914076  s
  303   1   0   0       0.97026959  s
  304   1   0   0       1.24554585  s
  304   2   1  -1       0.98230685  p_y
  304   2   1   0       0.93410879  p_z
  304   2   1   1       0.95197129  p_x
  305   1   0   0       0.92355411  s
  306   1   0   0       0.97796551  s
  307   1   0   0       1.25532906  s
  307   2   1  -1       0.96639273  p_y
  307   2   1   0       0.93029929  p_z
  307   2   1   1       0.95203191  p_x
  308   1   0   0       0.94437846  s
  309   1   0   0       0.93967206  s
  310   1   0   0       1.25661982  s
  310   2   1  -1       0.96188833  p_y
  310   2   1   0       0.93205634  p_z
  310   2   1   1       0.97096424  p_x
  311   1   0   0       0.95057991  s
  312   1   0   0       0.93252887  s
  313   1   0   0       1.27930079  s
  313   2   1  -1       0.95110103  p_y
  313   2   1   0       0.95635804  p_z
  313   2   1   1       1.01761730  p_x
  314   1   0   0       0.93557735  s
  315   1   0   0       0.94148984  s
  316   1   0   0       0.93404707  s
  317   1   0   0       1.28634297  s
  317   2   1  -1       0.98119732  p_y
  317   2   1   0       0.95501458  p_z
  317   2   1   1       0.98184853  p_x
  318   1   0   0       0.94335354  s
  319   1   0   0       0.93848878  s
  320   1   0   0       0.93961026  s
  321   1   0   0       1.26633132  s
  321   2   1  -1       0.91605869  p_y
  321   2   1   0       0.94735191  p_z
  321   2   1   1       0.95280903  p_x
  322   1   0   0       0.95892769  s
  323   1   0   0       0.95472712  s
  324   1   0   0       1.25513891  s
  324   2   1  -1       0.94430901  p_y
  324   2   1   0       0.97940442  p_z
  324   2   1   1       0.92821969  p_x
  325   1   0   0       0.94741757  s
  326   1   0   0       0.96131041  s
  327   1   0   0       1.22238407  s
  327   2   1  -1       0.97668958  p_y
  327   2   1   0       0.96717435  p_z
  327   2   1   1       0.94607370  p_x
  328   1   0   0       0.93404964  s
  329   1   0   0       0.93396437  s
  330   1   0   0       1.23872790  s
  330   2   1  -1       0.95907251  p_y
  330   2   1   0       0.96237890  p_z
  330   2   1   1       0.97660894  p_x
  331   1   0   0       0.92276130  s
  332   1   0   0       0.94532724  s
  333   1   0   0       1.24420108  s
  333   2   1  -1       0.95374568  p_y
  333   2   1   0       0.95267767  p_z
  333   2   1   1       0.95061870  p_x
  334   1   0   0       0.95295031  s
  335   1   0   0       0.94870642  s
  336   1   0   0       1.23668461  s
  336   2   1  -1       0.93842400  p_y
  336   2   1   0       0.98561780  p_z
  336   2   1   1       0.95162231  p_x
  337   1   0   0       0.93565830  s
  338   1   0   0       0.97872170  s
  339   1   0   0       1.22966837  s
  339   2   1  -1       0.95617310  p_y
  339   2   1   0       0.99292584  p_z
  339   2   1   1       0.93928416  p_x
  340   1   0   0       0.94535619  s
  341   1   0   0       0.91296937  s
  342   1   0   0       1.22229441  s
  342   2   1  -1       0.93944481  p_y
  342   2   1   0       0.99683620  p_z
  342   2   1   1       0.93633636  p_x
  343   1   0   0       0.94093631  s
  344   1   0   0       0.94275887  s
  345   1   0   0       1.27236897  s
  345   2   1  -1       0.96756351  p_y
  345   2   1   0       0.96670273  p_z
  345   2   1   1       0.97945229  p_x
  346   1   0   0       0.93955804  s
  347   1   0   0       0.94817935  s
  348   1   0   0       0.93131761  s
  349   1   0   0       1.26623728  s
  349   2   1  -1       1.00911301  p_y
  349   2   1   0       0.96486078  p_z
  349   2   1   1       0.95545824  p_x
  350   1   0   0       0.95225998  s
  351   1   0   0       0.92531079  s
  352   1   0   0       0.94930231  s
 
Fermi level:                        -0.1425085379 H           -3.8779 eV
Band energy:                      -277.7880848304 H        -7558.9984 eV
TS:                                  0.0000000000 H            0.0000 eV
Band free energy (E-TS):          -277.7880848304 H        -7558.9984 eV
Extrapolated E(0K):               -277.7880848304 H        -7558.9984 eV
Input / Output electrons (q):    682.0000000000    682.0000000000
 
Energy H0:                        -282.4026578449 H        -7684.5673 eV
Energy SCC:                          0.0771018691 H            2.0980 eV
Total Electronic energy:          -282.3255559757 H        -7682.4693 eV
Repulsive energy:                    4.4077068918 H          119.9398 eV
Dispersion energy:                   1.1213423444 H           30.5133 eV
Total energy:                     -276.7965067396 H        -7532.0162 eV
Extrapolated to 0:                -276.7965067396 H        -7532.0162 eV
Total Mermin free energy:         -276.7965067396 H        -7532.0162 eV
Force related energy:             -276.7965067396 H        -7532.0162 eV
 
SCC converged
 
Full geometry written in geo_end.{xyz|gen}
 
MD Kinetic Energy:                   1.0529546828 H
Total MD Energy:                  -275.7435520568 H
Pressure:                           -0.195482E-04 au    -0.575127E+09 Pa
MD Temperature:                      0.0019999139 H          631.5221 K
MD Kinetic Energy:                   1.0529546828 H
Total MD Energy:                  -275.7435520568 H        -7503.3638 eV
MD Temperature:                      0.0019999139 H          631.5221 K
 
Molecular dynamics completed
 
