 Fermi distribution function
 
MD step: 100000
 

********************************************************************************
 iSCC Total electronic   Diff electronic      SCC error    
    6   -0.28194050E+03    0.56843419E-11    0.99766004E-06
********************************************************************************
 
Coordinates of moved atoms (au):
    1     56.36686217     55.51758484     65.38253555
    2     56.53009495     56.71282392     66.90546158
    3     55.65983809     56.62289161     64.02822519
    4     59.01534536     83.33541040     64.65672680
    5     58.92977221     83.03546780     62.49201943
    6     30.32093054     81.35558992     65.34677466
    7     61.31372935     85.08957721     65.18640441
    8     32.43401873     86.90011533     63.95520818
    9     62.95321422     83.84590094     64.42430560
   10     32.86342667     85.41526092     67.95279109
   11     32.37247095     83.55715557     68.79779679
   12     31.46654374     86.73380442     69.36679846
   13     64.60443851     85.85026105     68.55775284
   14     64.76243089     87.33690577     70.35587921
   15     65.63156367     86.91776347     67.12484619
   16     37.40158529     83.54593267     69.05894623
   17     37.88943924     82.39701129     67.27113244
   18     36.50091158     82.33317600     70.68119532
   19     69.11842732     84.35866460     69.70018255
   20     70.27011032     82.67634051     69.73313816
   21     69.34665819     85.53300382     71.69503857
   22     70.39530930     85.83896745     67.11624166
   23     42.04088647     87.72004326     67.47782858
   24     40.28407566     86.12589754     65.48466102
   25     54.18644130     53.41992703     65.51009087
   26     54.08316668     52.16471722     67.17884483
   27     52.46800347     54.59767299     65.39215380
   28     54.09224196     51.88566248     63.90431937
   29     72.53319013     84.31702841     65.98858562
   30     74.15370467     84.22873485     67.38029340
   31     72.08134011     82.50647662     65.31621161
   32     73.35660819     85.33039993     64.38154433
   33     50.00234326     55.35387088     60.05027576
   34     48.60363087     53.83739099     60.01671004
   35     50.96759491     55.17325218     61.78276893
   36     52.19768432     55.37505323     58.36273781
   37     53.40051825     53.71184664     58.92508007
   38     53.18362863     57.23864970     58.58080258
   39     52.18687378     55.18548569     55.38194480
   40     53.35815739     56.83449453     54.76637672
   41     50.18593881     55.44860604     54.98111846
   42     53.73399290     53.05289991     54.37061484
   43     81.80274697     51.38208666     55.09658344
   44     55.73129717     53.54362239     55.04410517
   45     53.33876019     53.02111129     51.46223677
   46     53.35187883     54.96859585     50.91563421
   47     80.35626795     52.65834605     50.92477970
   48     84.15549187     51.16290690     49.82615863
   49     83.85724579     49.02634658     50.12385372
   50     85.96388629     51.21576878     50.67960144
   51     56.06202872     52.00775505     47.08021468
   52     57.27171969     53.71124226     47.42462940
   53     54.36165765     52.62771511     45.78375538
   54     86.40553283     49.99780168     74.61614223
   55     85.07450199     48.38505497     74.38619496
   56     88.13659267     49.24050104     75.58681159
   57     48.54446912     57.88646662     60.33452628
   58     49.71330213     59.21899653     61.36590778
   59     48.10074193     58.91277275     58.64468987
   60     46.86637141     57.41068178     61.62755304
   61     58.12047371     51.44483865     71.93297692
   62     56.81146044     52.91756285     71.08684443
   63     59.98606279     52.31021652     72.07601760
   64     58.43703108     50.09071151     70.33874227
   65     55.06270108     94.27880312     58.30270244
   66     56.16820856     92.17135264     58.97209805
   67     55.19873774     94.35396771     56.29376558
   68     55.98488430     96.77602252     59.30227897
   69     55.09395710     96.85308288     61.21995857
   70     55.38655054     98.44016271     58.10517906
   71     58.64382824     97.03605385     60.18870985
   72     58.79748050     96.55464478     62.22139416
   73     59.49140486     98.98415114     59.90240468
   74     60.42441115     66.25354305     58.73348282
   75     59.72328007     66.31965815     56.71098257
   76     60.02056914     64.24235768     59.35021605
   77     63.46752843     66.61484620     59.33120943
   78     63.24949413     95.70863863     61.63084053
   79     64.02195125     97.50888481     58.77720061
   80     65.32456919     64.50958321     59.12939719
   81     67.40463076     65.20141708     59.10500868
   82     64.92018578     63.35360781     57.23897971
   83     65.30027999     62.36248790     61.28514437
   84     63.47137487     61.99328154     62.18958329
   85     66.92565181     62.95447314     62.49391570
   86     66.31962084     59.88308494     60.18783174
   87     67.64651739     58.68357201     61.65177675
   88     67.69401208     60.26218023     58.62160660
   89     89.75388565     55.05526695     83.17447046
   90     53.00366349     93.63732298      0.57242190
   91    101.31004053     49.95380761     66.96040215
   92     91.57844789     51.20971734     84.92745659
   93     64.17813509     58.11031991     59.36592596
   94     62.50332795     58.36269207     60.43928569
   95     63.49416146     58.48939833     57.35720814
   96     64.71574256     56.01541635     59.65582950
   97     58.43679666     75.05346665     88.45590594
   98     56.43354286     74.76815817     87.89535040
   99     58.71341829     73.94053336     90.34457088
  100     60.14519651     74.48685610     86.21187095
  101     59.64801961     76.04874101     84.85463292
  102     59.29593230     72.84980875     85.32279513
  103     63.06912294     74.34967227     86.77485246
  104     63.32307248     72.93675472     88.07760108
  105     63.73513771     76.05001749     87.71641612
  106     64.92108854     74.05663302     55.60732974
  107     65.16117342     76.07258422     54.48430057
  108     64.01171139     72.95981206     54.12516040
  109     67.21117804     72.64204435     56.51179474
  110     67.11413138     72.32745925     58.48279891
  111     68.96034551     73.91536639     56.55472601
  112     67.64312103     70.05676288     55.23522001
  113     66.16538662     69.67949743     53.78020296
  114     67.79025413     68.33731489     56.51961502
  115     70.33874306     70.03000119     53.64676318
  116     71.71956188     70.85769104     55.01771432
  117     70.28166647     71.54668111     52.02418431
  118     70.64966432     67.22074952     52.78506142
  119     69.08216152     67.11843834     51.21375642
  120     70.34610626     65.56958885     54.20489885
  121     58.60247772     77.84226733     89.24778111
  122     57.71875463     77.91398696     91.26038604
  123     60.58586256     78.35205954     89.40019109
  124     57.96888317     79.30846081     87.60366986
  125     73.38935053     66.89816753     51.77037390
  126     74.66731106     66.68046591     53.45483468
  127     73.43937616     65.07425116     50.93509718
  128     73.78695177     68.23029176     50.40417881
  129     63.27974345     77.12233724     68.19798852
  130     63.99978320     76.36273592     70.12998308
  131     62.79158867     79.14441864     68.02769980
  132     65.33053756     76.60448373     65.99553512
  133     66.07119145     74.76697095     65.43683204
  134     66.92855091     77.81409105     66.66186118
  135     64.62228617     77.87885605     63.53565963
  136     63.57920065     79.50826239     63.97024910
  137     63.23269377     76.53366022     62.66757830
  138     67.06398592     78.38377850     62.04805958
  139     68.30747886     76.53185248     61.82039549
  140     68.33828108     79.05377995     63.38662174
  141     66.86205567     79.97808775     59.55509178
  142     65.86587264     81.70773713     60.10544409
  143     65.68199374     79.00302393     58.10444157
  144     69.50866179     80.91400159     58.60631117
  145     70.54905859     79.24013570     57.38924938
  146     70.76137071     81.20727439     60.21183814
  147     69.11439456     83.53797574     57.29832687
  148     69.44695039     84.86664290     58.97551187
  149     67.25633625     83.71133634     56.66180049
  150     71.26681609     84.18597761     55.44614741
  151     71.76930930     82.85383457     53.88236623
  152     72.96466795     83.96670388     56.62217966
  153     61.04599984     75.34795718     67.66271389
  154     61.56479845     44.56483831     67.03685584
  155     59.87519705     75.30204868     69.43347771
  156     59.78395891     76.25303097     66.23883647
  157     71.22014505     87.11557904     54.67948163
  158     69.11184157     87.26460086     54.54441097
  159     71.94746169     88.78797530     55.85829766
  160     71.89792071     87.05205288     52.74428794
  161     75.41577544     36.09945679     60.22024836
  162     77.16597279     36.65933358     59.10147354
  163     76.12346646     34.91316876     61.77246743
  164     73.92942798     38.46326022     61.45543916
  165     72.20926206     38.74303877     60.37864033
  166     75.10702992     40.15819199     61.23288112
  167     73.49270268     38.57732722     64.31458980
  168     74.62960194     37.12686235     65.47761501
  169     71.50784917     38.06035109     64.58080431
  170     73.55698945     41.28932978     65.22217829
  171     72.48730420     41.69831400     67.02391821
  172     73.25784443     42.57508002     63.49016751
  173     76.14270610     71.22884795     66.37301994
  174     76.24967986     73.38013113     66.47638978
  175     77.74017283     41.96663012     64.98640143
  176     76.95946072     70.46219050     69.07566174
  177     75.51341302     69.34135663     69.83160261
  178     77.53705605     72.06716864     70.23163947
  179     79.39945396     68.94987625     69.13372864
  180     79.60282019     67.38539188     67.58681952
  181     79.39945272     67.87644088     70.94126559
  182     81.68311399     70.73597287     69.05206679
  183     81.87425588     72.04352108     67.33169023
  184     83.48572943     69.36470523     68.77521915
  185     73.71242918     34.55157407     58.46902465
  186     72.88791542     35.73150199     57.04540361
  187     74.66093073     32.76507752     57.66031307
  188     72.14740186     34.01033068     88.73073011
  189     82.13582757     72.03981721     71.74063807
  190     80.34910656     72.56694293     72.60304837
  191     82.72268209     70.56700687     73.14995628
  192     83.63502365     73.50209125     71.47566106
  193     74.51235969     50.95897797     75.82366368
  194     73.78917327     49.02679462     76.20001645
  195     72.97463871     80.39769749     74.52250261
  196     73.99779825     52.55914384     78.19581139
  197     71.87846340     52.84921799     78.51860757
  198     74.25875148     83.51343788     77.67787395
  199     75.16501749     51.52446902     80.57271023
  200     75.27496864     52.81053392     82.00241722
  201     77.19950771     51.14804594     80.35484685
  202     73.72715566     49.10456146     81.76127885
  203     73.74820790     47.56386160     80.40325866
  204     71.69163183     49.61944599     82.25625636
  205     75.30497314     48.59741659     84.13238674
  206     73.86100024     49.35819835     85.66780091
  207     77.15900965     49.54087784     83.97224267
  208     75.65218164     45.66114968     84.71584013
  209     76.58215845     44.49333394     83.35595462
  210     73.84875541     44.81581319     84.59323279
  211     76.64462043     74.12396913     87.37643249
  212     75.92481147     72.14948906     87.92619371
  213     75.59018479     75.22724732     88.74735822
  214     79.48190037     74.29438549     88.03768896
  215     80.61238616     73.03334006     86.56033122
  216     79.73580298     73.80378976     89.96331080
  217     77.30491742     50.86161733     74.80182667
  218     77.62941333     49.32540947     44.56457105
  219     77.87929735     52.82718765     45.24027794
  220     78.64849388     50.80246427     76.25153509
  221     80.14555797     77.05243431     87.96080423
  222     80.29866874     77.65178616     86.07139166
  223     78.59415741     78.33304481     88.68205622
  224     81.94837745     77.22307598     88.79102784
  225     60.98956124     65.48377439     69.11327059
  226     62.05754962     63.61759629     69.24057312
  227     61.74392213     66.22418428     67.42112227
  228     58.23508037     36.08207323     68.30746444
  229     57.90497538     37.67109062     67.11497749
  230     57.13571183     36.48448162     70.06955700
  231     57.74190807     62.53617166     66.96749667
  232     57.74530079     60.93081582     68.15344524
  233     59.49765944     62.34345942     66.13067583
  234     55.60933251     62.59302421     64.86324760
  235     56.05315006     60.87576782     63.48394675
  236     55.97241138     64.03811004     63.44560362
  237     53.13737501     62.67145700     66.39011056
  238     52.19818773     64.51995665     65.98941207
  239     53.59093259     33.72018805     68.35556941
  240     51.05658895     60.72793686     65.71456138
  241     51.97622389     30.06869848     65.87592352
  242     50.61992142     31.65004512     63.66232909
  243     48.78801786     60.98635358     67.54229920
  244     46.81121830     60.50240722     66.62896222
  245     48.74658011     62.90060548     68.66055933
  246     48.49474716     58.94664984     69.66490568
  247     50.36742313     57.92739097     69.94779988
  248     47.17731167     57.67272903     69.11003300
  249     61.40621912     38.14145874     71.46654283
  250     62.12044087     39.95698581     70.89898012
  251     59.69129940     38.09188793     72.43129302
  252     63.05233562     37.58607817     72.61542160
  253     47.50930655     59.81432911     72.12593744
  254     45.51157281     59.43838059     72.20426170
  255     48.51831688     58.57094811     73.54962122
  256     47.80470787     61.78174256    101.70556938
  257     90.15772765     59.84007136     75.64595821
  258     91.63133844     61.39000075     76.31093823
  259     90.90049078     59.02284468     73.98175177
  260     89.98173545     57.82743514     77.87475661
  261     92.02055468     57.71154148     78.23983582
  262     89.13899783     56.19241131     76.76444918
  263     88.82184288     59.03333742     80.48554974
  264     87.22103862     60.62191882     80.28675347
  265     90.95575641     59.46193276     81.01556749
  266     87.97503712     56.97035300     82.30301967
  267     86.51050608     56.29874358     81.03009805
  268     86.99330116     57.79192728     84.07952263
  269     90.55075653     52.96463608     84.02813764
  270     65.87847081     32.27543775     -4.35901918
  271     67.30888015     32.57412643     25.72195583
  272     81.14644474     62.17585054     47.72595190
  273     79.94294068     60.74876868     48.87290189
  274     81.55413169     62.16902192     45.57729970
  275     82.51309962     63.57055383     49.44101754
  276     83.78643434     64.97564392     49.00610646
  277    101.93965486     48.58162170     67.11599559
  278     82.04518472     63.05682511     52.34648506
  279     83.62535092     64.43440157     53.29948939
  280     82.85791872     61.01518964     52.86597830
  281     87.65682836     60.89237615     74.77148678
  282     87.94991992     62.91411238     73.89655906
  283     86.45274060     59.59486264     73.78443902
  284     86.40107298     61.04573248     76.34631313
  285     79.34606671     63.31774867     53.51971125
  286     78.11533511     62.12529011     52.49179165
  287     79.47209384     62.45462164     55.55443920
  288     78.83530170     65.32155257     53.89351259
  289     48.45405221     73.45669090     78.21240561
  290     47.31675696     72.65589974     79.86579873
  291     48.68412403     75.55364812     78.06824269
  292     51.13676288     72.39457076     78.20907035
  293     52.24643458     73.18902889     76.56932139
  294     50.46650841     70.31901047     77.44116820
  295     52.32959764     72.28519837     80.83099861
  296     51.30739844     70.70767980     81.74949929
  297     52.24128787     74.16570028     53.03134713
  298     55.23070926     71.45600288     52.40110972
  299     55.32299290     69.62536808     80.62699421
  300     55.62874486     71.55019124     54.43419424
  301     57.02868121     73.22547339     50.99039406
  302     58.69410352     74.19685761     51.85231840
  303     55.91614750     74.89521568     79.05468259
  304     58.70003635     71.70518234     48.66165690
  305     58.63774961     73.21973954     47.31745852
  306     57.39198942     70.23927186     47.84600759
  307     61.40874273     70.83564111     49.29864591
  308     62.48169097     71.69372211     50.79456176
  309     62.48841193     71.50732033     47.24367583
  310     61.15657941     67.85110679     49.56228538
  311     59.53469039     67.32486798     48.17715885
  312     60.37441085     67.19010253     51.38939658
  313     46.93193644     73.12986305     75.90249680
  314     44.89546439     73.72628421     76.43872276
  315     47.65836363     74.44516090     74.50953667
  316     46.89736265     71.17196645     75.00082081
  317     63.46210050     66.28669330     49.23558386
  318     64.80421238     66.97885092     50.74782156
  319     62.85604242     64.44926241     49.73382629
  320     64.34724791     66.49143239     47.42709292
  321     64.67481925     78.64789958     46.64050026
  322     65.08329254     79.55902604     44.76553585
  323     62.67725534     77.81819422     46.84905362
  324     66.71883882     76.76115997     76.39444591
  325     65.72944408     75.26068949     77.35540462
  326     68.16682146     77.60306431     77.62943198
  327     68.45154792     75.95981488     74.08921952
  328     70.12979224     75.12664423     75.05449675
  329     68.89395589     77.92181193     73.43198657
  330     67.55588745     73.94554580     72.01014471
  331     68.05122663     74.99337160     70.25187106
  332     65.51512516     73.43624124     72.45273592
  333     69.31774604     71.61698319     72.19251271
  334     70.61681481     71.77042560     73.99681836
  335     70.93857891     71.91820313     70.97380533
  336     67.96376283     68.80522577     71.92235861
  337     67.60632341     68.36514342     69.88085997
  338     66.00556910     68.95379746     72.93904169
  339     69.54417459     66.81702200     73.43375854
  340     69.10954821     67.08864881     75.54400630
  341     71.87376245     67.22400527     73.06115680
  342     69.00327233     64.08489493     72.55822418
  343     69.22119656     63.83249891     70.54324016
  344     67.04407915     63.37672526     73.08844119
  345     65.01984903     80.87700517     48.55299443
  346     64.10063037     80.39618306     50.49613500
  347     67.04820539     81.40923098     48.65627589
  348     64.15984304     82.56982914     47.95447109
  349     70.56710531     62.39594722     74.08689555
  350     72.44421956     62.04826611     73.52491261
  351     70.61938650     63.16108719     76.01493127
  352     69.76938886     60.45265966     74.33290918
 
 Total charge:    -0.00000000

 Atomic gross charges (e)
 Atom           Charge
    1      -0.13665733
    2       0.08339999
    3       0.08078501
    4      -0.10444128
    5       0.03550087
    6       0.06253783
    7      -0.08017033
    8       0.05409230
    9       0.04156207
   10      -0.07692180
   11       0.04932652
   12       0.02688746
   13      -0.09224031
   14       0.01920828
   15       0.06093883
   16      -0.09193659
   17       0.05959972
   18       0.04703557
   19      -0.11140571
   20       0.06971537
   21       0.04368228
   22      -0.14031940
   23       0.06930009
   24       0.07254336
   25      -0.20445222
   26       0.06562946
   27       0.06042036
   28       0.05337526
   29      -0.20161026
   30       0.05064904
   31       0.07828685
   32       0.05819971
   33      -0.10112711
   34       0.06350927
   35       0.06478498
   36      -0.11216432
   37       0.04743877
   38       0.05272985
   39      -0.13569608
   40       0.04104962
   41       0.07406121
   42      -0.10482530
   43       0.07078432
   44       0.07089788
   45      -0.12941791
   46       0.06278494
   47       0.06240433
   48      -0.15731352
   49       0.06301481
   50       0.06615527
   51      -0.07578797
   52       0.05312513
   53       0.03549768
   54      -0.08875373
   55       0.05791662
   56       0.06480859
   57      -0.22644056
   58       0.06904325
   59       0.08036515
   60       0.05639239
   61      -0.22183477
   62       0.07280518
   63       0.06536136
   64       0.05585656
   65      -0.17679871
   66       0.02393168
   67       0.06806995
   68      -0.07671958
   69       0.05043096
   70       0.05834155
   71      -0.09418809
   72       0.05269889
   73       0.05444813
   74      -0.12181317
   75       0.05494739
   76       0.05045916
   77      -0.09801249
   78       0.01552686
   79       0.07074530
   80      -0.07495347
   81       0.04685250
   82       0.03660283
   83      -0.12562746
   84       0.08145906
   85       0.05912270
   86      -0.07480738
   87       0.01831507
   88       0.05512732
   89      -0.04071938
   90       0.05563338
   91      -0.00061674
   92       0.18320933
   93      -0.20300363
   94       0.06978805
   95       0.06262829
   96       0.05672637
   97      -0.08984322
   98       0.05133572
   99       0.04331559
  100      -0.11076260
  101       0.05216101
  102       0.06251901
  103      -0.13509532
  104       0.07650029
  105       0.06674999
  106      -0.08504483
  107       0.02650281
  108       0.05518681
  109      -0.09864655
  110       0.06251562
  111       0.04892710
  112      -0.12961029
  113       0.06020359
  114       0.05850489
  115      -0.12134138
  116       0.05890215
  117       0.05249484
  118      -0.08071564
  119       0.04373681
  120       0.05388516
  121      -0.20161768
  122       0.06130621
  123       0.06393321
  124       0.05543710
  125      -0.22691090
  126       0.06706496
  127       0.06387613
  128       0.09482294
  129      -0.10470773
  130       0.05928529
  131       0.07626110
  132      -0.13963737
  133       0.07665890
  134       0.04068926
  135      -0.11728743
  136       0.07053692
  137       0.05294105
  138      -0.11987654
  139       0.02876694
  140       0.07221191
  141      -0.11305790
  142       0.06132153
  143       0.06382328
  144      -0.10551149
  145       0.03422832
  146       0.05964482
  147      -0.10862297
  148       0.04908696
  149       0.08463228
  150      -0.10944940
  151       0.07481967
  152       0.04542069
  153      -0.20578385
  154       0.08370861
  155       0.05371999
  156       0.05418849
  157      -0.23718604
  158       0.06484039
  159       0.08213982
  160       0.07119891
  161      -0.09964534
  162       0.04502286
  163       0.05932613
  164      -0.12952247
  165       0.06607020
  166       0.06210396
  167      -0.08839487
  168       0.05995132
  169       0.04653091
  170      -0.10776764
  171       0.06747725
  172       0.06002749
  173      -0.12079226
  174       0.03668964
  175       0.04496400
  176      -0.12661867
  177       0.07219955
  178       0.07203019
  179      -0.09217328
  180       0.04170055
  181       0.04946949
  182      -0.08385125
  183       0.05813871
  184       0.01681660
  185      -0.20596157
  186       0.07672108
  187       0.06346819
  188       0.06038631
  189      -0.21543194
  190       0.07820793
  191       0.05977290
  192       0.07414472
  193      -0.10811720
  194       0.04730051
  195       0.05566820
  196      -0.09608679
  197       0.03567216
  198       0.05421117
  199      -0.13197757
  200       0.07175197
  201       0.05925810
  202      -0.12076503
  203       0.06892497
  204       0.05429517
  205      -0.10911362
  206       0.04830320
  207       0.07516218
  208      -0.13356373
  209       0.07198794
  210       0.06040494
  211      -0.10309952
  212       0.02484371
  213       0.05444106
  214      -0.09161306
  215       0.04374149
  216       0.07061660
  217      -0.21596165
  218       0.08269335
  219       0.06039068
  220       0.07884621
  221      -0.21840049
  222       0.06974895
  223       0.06608400
  224       0.07479330
  225      -0.11533940
  226       0.04053391
  227       0.05858685
  228      -0.11141616
  229       0.06180730
  230       0.04555606
  231      -0.14034885
  232       0.07501558
  233       0.06579646
  234      -0.10673542
  235       0.03040169
  236       0.07039405
  237      -0.10194366
  238       0.04777323
  239       0.07587075
  240      -0.13356138
  241       0.07161279
  242       0.06965992
  243      -0.09926230
  244       0.04368195
  245       0.05273636
  246      -0.11487153
  247       0.04150906
  248       0.07845762
  249      -0.21841029
  250       0.06888383
  251       0.09153551
  252       0.06675455
  253      -0.19614770
  254       0.06731684
  255       0.05197260
  256       0.06663261
  257      -0.10425819
  258       0.03254064
  259       0.06794038
  260      -0.14495478
  261       0.07058359
  262       0.07500381
  263      -0.11788694
  264       0.07324839
  265       0.06665872
  266      -0.02622977
  267       0.08950567
  268       0.05566932
  269      -0.26897715
  270      -0.01065189
  271       0.01047069
  272      -0.22019731
  273       0.08807474
  274       0.10356017
  275      -0.08936767
  276       0.09931589
  277      -0.00166041
  278      -0.07078838
  279       0.02547346
  280       0.03972595
  281      -0.21352357
  282       0.06122013
  283       0.07529624
  284       0.06304607
  285      -0.18554700
  286       0.09088791
  287       0.04269343
  288       0.07843038
  289      -0.09979590
  290       0.05649049
  291       0.06207819
  292      -0.08071184
  293       0.06002543
  294       0.02104970
  295      -0.10979496
  296       0.05562252
  297       0.05250427
  298      -0.11375263
  299       0.07801454
  300       0.06371986
  301      -0.14021028
  302       0.06553159
  303       0.05022304
  304      -0.14599794
  305       0.06118786
  306       0.06169322
  307      -0.07792631
  308       0.08210112
  309       0.01330856
  310      -0.09220348
  311       0.03591652
  312       0.05349067
  313      -0.18538209
  314       0.05046099
  315       0.06248203
  316       0.05392145
  317      -0.20745573
  318       0.05460840
  319       0.08159691
  320       0.07993063
  321      -0.09907909
  322       0.05871403
  323       0.05618328
  324      -0.11990157
  325       0.06535776
  326       0.06255242
  327      -0.14244333
  328       0.05527185
  329       0.06010817
  330      -0.10403308
  331       0.06990107
  332       0.07352410
  333      -0.13025850
  334       0.04286498
  335       0.06065543
  336      -0.10908462
  337       0.06516390
  338       0.04799190
  339      -0.07028102
  340       0.05684613
  341       0.01981952
  342      -0.08741513
  343       0.06631033
  344       0.04981311
  345      -0.21244842
  346       0.05944609
  347       0.06264044
  348       0.06638130
  349      -0.20457305
  350       0.07449828
  351       0.05759402
  352       0.04684609
 
Nr. of electrons (up):    682.00000000
Atom populations (up)
 Atom       Population
    1       4.13665733
    2       0.91660001
    3       0.91921499
    4       4.10444128
    5       0.96449913
    6       0.93746217
    7       4.08017033
    8       0.94590770
    9       0.95843793
   10       4.07692180
   11       0.95067348
   12       0.97311254
   13       4.09224031
   14       0.98079172
   15       0.93906117
   16       4.09193659
   17       0.94040028
   18       0.95296443
   19       4.11140571
   20       0.93028463
   21       0.95631772
   22       4.14031940
   23       0.93069991
   24       0.92745664
   25       4.20445222
   26       0.93437054
   27       0.93957964
   28       0.94662474
   29       4.20161026
   30       0.94935096
   31       0.92171315
   32       0.94180029
   33       4.10112711
   34       0.93649073
   35       0.93521502
   36       4.11216432
   37       0.95256123
   38       0.94727015
   39       4.13569608
   40       0.95895038
   41       0.92593879
   42       4.10482530
   43       0.92921568
   44       0.92910212
   45       4.12941791
   46       0.93721506
   47       0.93759567
   48       4.15731352
   49       0.93698519
   50       0.93384473
   51       4.07578797
   52       0.94687487
   53       0.96450232
   54       4.08875373
   55       0.94208338
   56       0.93519141
   57       4.22644056
   58       0.93095675
   59       0.91963485
   60       0.94360761
   61       4.22183477
   62       0.92719482
   63       0.93463864
   64       0.94414344
   65       4.17679871
   66       0.97606832
   67       0.93193005
   68       4.07671958
   69       0.94956904
   70       0.94165845
   71       4.09418809
   72       0.94730111
   73       0.94555187
   74       4.12181317
   75       0.94505261
   76       0.94954084
   77       4.09801249
   78       0.98447314
   79       0.92925470
   80       4.07495347
   81       0.95314750
   82       0.96339717
   83       4.12562746
   84       0.91854094
   85       0.94087730
   86       4.07480738
   87       0.98168493
   88       0.94487268
   89       4.04071938
   90       0.94436662
   91       1.00061674
   92       0.81679067
   93       4.20300363
   94       0.93021195
   95       0.93737171
   96       0.94327363
   97       4.08984322
   98       0.94866428
   99       0.95668441
  100       4.11076260
  101       0.94783899
  102       0.93748099
  103       4.13509532
  104       0.92349971
  105       0.93325001
  106       4.08504483
  107       0.97349719
  108       0.94481319
  109       4.09864655
  110       0.93748438
  111       0.95107290
  112       4.12961029
  113       0.93979641
  114       0.94149511
  115       4.12134138
  116       0.94109785
  117       0.94750516
  118       4.08071564
  119       0.95626319
  120       0.94611484
  121       4.20161768
  122       0.93869379
  123       0.93606679
  124       0.94456290
  125       4.22691090
  126       0.93293504
  127       0.93612387
  128       0.90517706
  129       4.10470773
  130       0.94071471
  131       0.92373890
  132       4.13963737
  133       0.92334110
  134       0.95931074
  135       4.11728743
  136       0.92946308
  137       0.94705895
  138       4.11987654
  139       0.97123306
  140       0.92778809
  141       4.11305790
  142       0.93867847
  143       0.93617672
  144       4.10551149
  145       0.96577168
  146       0.94035518
  147       4.10862297
  148       0.95091304
  149       0.91536772
  150       4.10944940
  151       0.92518033
  152       0.95457931
  153       4.20578385
  154       0.91629139
  155       0.94628001
  156       0.94581151
  157       4.23718604
  158       0.93515961
  159       0.91786018
  160       0.92880109
  161       4.09964534
  162       0.95497714
  163       0.94067387
  164       4.12952247
  165       0.93392980
  166       0.93789604
  167       4.08839487
  168       0.94004868
  169       0.95346909
  170       4.10776764
  171       0.93252275
  172       0.93997251
  173       4.12079226
  174       0.96331036
  175       0.95503600
  176       4.12661867
  177       0.92780045
  178       0.92796981
  179       4.09217328
  180       0.95829945
  181       0.95053051
  182       4.08385125
  183       0.94186129
  184       0.98318340
  185       4.20596157
  186       0.92327892
  187       0.93653181
  188       0.93961369
  189       4.21543194
  190       0.92179207
  191       0.94022710
  192       0.92585528
  193       4.10811720
  194       0.95269949
  195       0.94433180
  196       4.09608679
  197       0.96432784
  198       0.94578883
  199       4.13197757
  200       0.92824803
  201       0.94074190
  202       4.12076503
  203       0.93107503
  204       0.94570483
  205       4.10911362
  206       0.95169680
  207       0.92483782
  208       4.13356373
  209       0.92801206
  210       0.93959506
  211       4.10309952
  212       0.97515629
  213       0.94555894
  214       4.09161306
  215       0.95625851
  216       0.92938340
  217       4.21596165
  218       0.91730665
  219       0.93960932
  220       0.92115379
  221       4.21840049
  222       0.93025105
  223       0.93391600
  224       0.92520670
  225       4.11533940
  226       0.95946609
  227       0.94141315
  228       4.11141616
  229       0.93819270
  230       0.95444394
  231       4.14034885
  232       0.92498442
  233       0.93420354
  234       4.10673542
  235       0.96959831
  236       0.92960595
  237       4.10194366
  238       0.95222677
  239       0.92412925
  240       4.13356138
  241       0.92838721
  242       0.93034008
  243       4.09926230
  244       0.95631805
  245       0.94726364
  246       4.11487153
  247       0.95849094
  248       0.92154238
  249       4.21841029
  250       0.93111617
  251       0.90846449
  252       0.93324545
  253       4.19614770
  254       0.93268316
  255       0.94802740
  256       0.93336739
  257       4.10425819
  258       0.96745936
  259       0.93205962
  260       4.14495478
  261       0.92941641
  262       0.92499619
  263       4.11788694
  264       0.92675161
  265       0.93334128
  266       4.02622977
  267       0.91049433
  268       0.94433068
  269       4.26897715
  270       1.01065189
  271       0.98952931
  272       4.22019731
  273       0.91192526
  274       0.89643983
  275       4.08936767
  276       0.90068411
  277       1.00166041
  278       4.07078838
  279       0.97452654
  280       0.96027405
  281       4.21352357
  282       0.93877987
  283       0.92470376
  284       0.93695393
  285       4.18554700
  286       0.90911209
  287       0.95730657
  288       0.92156962
  289       4.09979590
  290       0.94350951
  291       0.93792181
  292       4.08071184
  293       0.93997457
  294       0.97895030
  295       4.10979496
  296       0.94437748
  297       0.94749573
  298       4.11375263
  299       0.92198546
  300       0.93628014
  301       4.14021028
  302       0.93446841
  303       0.94977696
  304       4.14599794
  305       0.93881214
  306       0.93830678
  307       4.07792631
  308       0.91789888
  309       0.98669144
  310       4.09220348
  311       0.96408348
  312       0.94650933
  313       4.18538209
  314       0.94953901
  315       0.93751797
  316       0.94607855
  317       4.20745573
  318       0.94539160
  319       0.91840309
  320       0.92006937
  321       4.09907909
  322       0.94128597
  323       0.94381672
  324       4.11990157
  325       0.93464224
  326       0.93744758
  327       4.14244333
  328       0.94472815
  329       0.93989183
  330       4.10403308
  331       0.93009893
  332       0.92647590
  333       4.13025850
  334       0.95713502
  335       0.93934457
  336       4.10908462
  337       0.93483610
  338       0.95200810
  339       4.07028102
  340       0.94315387
  341       0.98018048
  342       4.08741513
  343       0.93368967
  344       0.95018689
  345       4.21244842
  346       0.94055391
  347       0.93735956
  348       0.93361870
  349       4.20457305
  350       0.92550172
  351       0.94240598
  352       0.95315391
 
l-shell populations (up)
 Atom Sh.   l       Population
    1   1   0       1.23050425
    1   2   1       2.90615308
    2   1   0       0.91660001
    3   1   0       0.91921499
    4   1   0       1.25574031
    4   2   1       2.84870096
    5   1   0       0.96449913
    6   1   0       0.93746217
    7   1   0       1.24380360
    7   2   1       2.83636673
    8   1   0       0.94590770
    9   1   0       0.95843793
   10   1   0       1.24006386
   10   2   1       2.83685794
   11   1   0       0.95067348
   12   1   0       0.97311254
   13   1   0       1.24806659
   13   2   1       2.84417373
   14   1   0       0.98079172
   15   1   0       0.93906117
   16   1   0       1.25941767
   16   2   1       2.83251892
   17   1   0       0.94040028
   18   1   0       0.95296443
   19   1   0       1.28982595
   19   2   1       2.82157975
   20   1   0       0.93028463
   21   1   0       0.95631772
   22   1   0       1.25367414
   22   2   1       2.88664526
   23   1   0       0.93069991
   24   1   0       0.92745664
   25   1   0       1.28848613
   25   2   1       2.91596609
   26   1   0       0.93437054
   27   1   0       0.93957964
   28   1   0       0.94662474
   29   1   0       1.25780323
   29   2   1       2.94380703
   30   1   0       0.94935096
   31   1   0       0.92171315
   32   1   0       0.94180029
   33   1   0       1.21327038
   33   2   1       2.88785673
   34   1   0       0.93649073
   35   1   0       0.93521502
   36   1   0       1.23435358
   36   2   1       2.87781073
   37   1   0       0.95256123
   38   1   0       0.94727015
   39   1   0       1.23967911
   39   2   1       2.89601697
   40   1   0       0.95895038
   41   1   0       0.92593879
   42   1   0       1.23434064
   42   2   1       2.87048466
   43   1   0       0.92921568
   44   1   0       0.92910212
   45   1   0       1.25065663
   45   2   1       2.87876127
   46   1   0       0.93721506
   47   1   0       0.93759567
   48   1   0       1.26978219
   48   2   1       2.88753132
   49   1   0       0.93698519
   50   1   0       0.93384473
   51   1   0       1.24758221
   51   2   1       2.82820575
   52   1   0       0.94687487
   53   1   0       0.96450232
   54   1   0       1.25019551
   54   2   1       2.83855821
   55   1   0       0.94208338
   56   1   0       0.93519141
   57   1   0       1.27371540
   57   2   1       2.95272517
   58   1   0       0.93095675
   59   1   0       0.91963485
   60   1   0       0.94360761
   61   1   0       1.29553690
   61   2   1       2.92629787
   62   1   0       0.92719482
   63   1   0       0.93463864
   64   1   0       0.94414344
   65   1   0       1.27923383
   65   2   1       2.89756487
   66   1   0       0.97606832
   67   1   0       0.93193005
   68   1   0       1.21587213
   68   2   1       2.86084745
   69   1   0       0.94956904
   70   1   0       0.94165845
   71   1   0       1.23391190
   71   2   1       2.86027618
   72   1   0       0.94730111
   73   1   0       0.94555187
   74   1   0       1.27156805
   74   2   1       2.85024511
   75   1   0       0.94505261
   76   1   0       0.94954084
   77   1   0       1.25714999
   77   2   1       2.84086250
   78   1   0       0.98447314
   79   1   0       0.92925470
   80   1   0       1.25428658
   80   2   1       2.82066689
   81   1   0       0.95314750
   82   1   0       0.96339717
   83   1   0       1.25449196
   83   2   1       2.87113550
   84   1   0       0.91854094
   85   1   0       0.94087730
   86   1   0       1.24806806
   86   2   1       2.82673931
   87   1   0       0.98168493
   88   1   0       0.94487268
   89   1   0       1.23464909
   89   2   1       2.80607029
   90   1   0       0.94436662
   91   1   0       1.00061674
   92   1   0       0.81679067
   93   1   0       1.27239075
   93   2   1       2.93061288
   94   1   0       0.93021195
   95   1   0       0.93737171
   96   1   0       0.94327363
   97   1   0       1.24073533
   97   2   1       2.84910789
   98   1   0       0.94866428
   99   1   0       0.95668441
  100   1   0       1.23949603
  100   2   1       2.87126657
  101   1   0       0.94783899
  102   1   0       0.93748099
  103   1   0       1.23196506
  103   2   1       2.90313027
  104   1   0       0.92349971
  105   1   0       0.93325001
  106   1   0       1.23826870
  106   2   1       2.84677612
  107   1   0       0.97349719
  108   1   0       0.94481319
  109   1   0       1.22437444
  109   2   1       2.87427212
  110   1   0       0.93748438
  111   1   0       0.95107290
  112   1   0       1.27111036
  112   2   1       2.85849993
  113   1   0       0.93979641
  114   1   0       0.94149511
  115   1   0       1.27975028
  115   2   1       2.84159110
  116   1   0       0.94109785
  117   1   0       0.94750516
  118   1   0       1.25857649
  118   2   1       2.82213915
  119   1   0       0.95626319
  120   1   0       0.94611484
  121   1   0       1.28909291
  121   2   1       2.91252477
  122   1   0       0.93869379
  123   1   0       0.93606679
  124   1   0       0.94456290
  125   1   0       1.26171585
  125   2   1       2.96519505
  126   1   0       0.93293504
  127   1   0       0.93612387
  128   1   0       0.90517706
  129   1   0       1.26075982
  129   2   1       2.84394791
  130   1   0       0.94071471
  131   1   0       0.92373890
  132   1   0       1.25167198
  132   2   1       2.88796539
  133   1   0       0.92334110
  134   1   0       0.95931074
  135   1   0       1.22755038
  135   2   1       2.88973705
  136   1   0       0.92946308
  137   1   0       0.94705895
  138   1   0       1.24364682
  138   2   1       2.87622972
  139   1   0       0.97123306
  140   1   0       0.92778809
  141   1   0       1.24954006
  141   2   1       2.86351785
  142   1   0       0.93867847
  143   1   0       0.93617672
  144   1   0       1.26416319
  144   2   1       2.84134830
  145   1   0       0.96577168
  146   1   0       0.94035518
  147   1   0       1.24199069
  147   2   1       2.86663228
  148   1   0       0.95091304
  149   1   0       0.91536772
  150   1   0       1.25010255
  150   2   1       2.85934685
  151   1   0       0.92518033
  152   1   0       0.95457931
  153   1   0       1.26502090
  153   2   1       2.94076295
  154   1   0       0.91629139
  155   1   0       0.94628001
  156   1   0       0.94581151
  157   1   0       1.28774007
  157   2   1       2.94944596
  158   1   0       0.93515961
  159   1   0       0.91786018
  160   1   0       0.92880109
  161   1   0       1.25037871
  161   2   1       2.84926664
  162   1   0       0.95497714
  163   1   0       0.94067387
  164   1   0       1.24883061
  164   2   1       2.88069187
  165   1   0       0.93392980
  166   1   0       0.93789604
  167   1   0       1.23125967
  167   2   1       2.85713520
  168   1   0       0.94004868
  169   1   0       0.95346909
  170   1   0       1.25207215
  170   2   1       2.85569550
  171   1   0       0.93252275
  172   1   0       0.93997251
  173   1   0       1.25698999
  173   2   1       2.86380227
  174   1   0       0.96331036
  175   1   0       0.95503600
  176   1   0       1.22750773
  176   2   1       2.89911095
  177   1   0       0.92780045
  178   1   0       0.92796981
  179   1   0       1.24156931
  179   2   1       2.85060397
  180   1   0       0.95829945
  181   1   0       0.95053051
  182   1   0       1.26329391
  182   2   1       2.82055734
  183   1   0       0.94186129
  184   1   0       0.98318340
  185   1   0       1.27117277
  185   2   1       2.93478880
  186   1   0       0.92327892
  187   1   0       0.93653181
  188   1   0       0.93961369
  189   1   0       1.28230104
  189   2   1       2.93313090
  190   1   0       0.92179207
  191   1   0       0.94022710
  192   1   0       0.92585528
  193   1   0       1.23626826
  193   2   1       2.87184894
  194   1   0       0.95269949
  195   1   0       0.94433180
  196   1   0       1.22696802
  196   2   1       2.86911878
  197   1   0       0.96432784
  198   1   0       0.94578883
  199   1   0       1.23453104
  199   2   1       2.89744653
  200   1   0       0.92824803
  201   1   0       0.94074190
  202   1   0       1.25664571
  202   2   1       2.86411932
  203   1   0       0.93107503
  204   1   0       0.94570483
  205   1   0       1.25976160
  205   2   1       2.84935202
  206   1   0       0.95169680
  207   1   0       0.92483782
  208   1   0       1.23442117
  208   2   1       2.89914256
  209   1   0       0.92801206
  210   1   0       0.93959506
  211   1   0       1.23656435
  211   2   1       2.86653517
  212   1   0       0.97515629
  213   1   0       0.94555894
  214   1   0       1.23297644
  214   2   1       2.85863662
  215   1   0       0.95625851
  216   1   0       0.92938340
  217   1   0       1.26322701
  217   2   1       2.95273463
  218   1   0       0.91730665
  219   1   0       0.93960932
  220   1   0       0.92115379
  221   1   0       1.25337947
  221   2   1       2.96502102
  222   1   0       0.93025105
  223   1   0       0.93391600
  224   1   0       0.92520670
  225   1   0       1.23079085
  225   2   1       2.88454855
  226   1   0       0.95946609
  227   1   0       0.94141315
  228   1   0       1.23166097
  228   2   1       2.87975518
  229   1   0       0.93819270
  230   1   0       0.95444394
  231   1   0       1.22982748
  231   2   1       2.91052137
  232   1   0       0.92498442
  233   1   0       0.93420354
  234   1   0       1.25243910
  234   2   1       2.85429633
  235   1   0       0.96959831
  236   1   0       0.92960595
  237   1   0       1.23492363
  237   2   1       2.86702003
  238   1   0       0.95222677
  239   1   0       0.92412925
  240   1   0       1.23083852
  240   2   1       2.90272286
  241   1   0       0.92838721
  242   1   0       0.93034008
  243   1   0       1.26150434
  243   2   1       2.83775796
  244   1   0       0.95631805
  245   1   0       0.94726364
  246   1   0       1.22304691
  246   2   1       2.89182462
  247   1   0       0.95849094
  248   1   0       0.92154238
  249   1   0       1.25447824
  249   2   1       2.96393205
  250   1   0       0.93111617
  251   1   0       0.90846449
  252   1   0       0.93324545
  253   1   0       1.25586510
  253   2   1       2.94028260
  254   1   0       0.93268316
  255   1   0       0.94802740
  256   1   0       0.93336739
  257   1   0       1.24341378
  257   2   1       2.86084441
  258   1   0       0.96745936
  259   1   0       0.93205962
  260   1   0       1.28068061
  260   2   1       2.86427417
  261   1   0       0.92941641
  262   1   0       0.92499619
  263   1   0       1.28152068
  263   2   1       2.83636626
  264   1   0       0.92675161
  265   1   0       0.93334128
  266   1   0       1.20370700
  266   2   1       2.82252277
  267   1   0       0.91049433
  268   1   0       0.94433068
  269   1   0       1.30792127
  269   2   1       2.96105588
  270   1   0       1.01065189
  271   1   0       0.98952931
  272   1   0       1.30385506
  272   2   1       2.91634225
  273   1   0       0.91192526
  274   1   0       0.89643983
  275   1   0       1.24866781
  275   2   1       2.84069985
  276   1   0       0.90068411
  277   1   0       1.00166041
  278   1   0       1.27142346
  278   2   1       2.79936492
  279   1   0       0.97452654
  280   1   0       0.96027405
  281   1   0       1.26110557
  281   2   1       2.95241800
  282   1   0       0.93877987
  283   1   0       0.92470376
  284   1   0       0.93695393
  285   1   0       1.27332281
  285   2   1       2.91222419
  286   1   0       0.90911209
  287   1   0       0.95730657
  288   1   0       0.92156962
  289   1   0       1.22769244
  289   2   1       2.87210346
  290   1   0       0.94350951
  291   1   0       0.93792181
  292   1   0       1.24459608
  292   2   1       2.83611577
  293   1   0       0.93997457
  294   1   0       0.97895030
  295   1   0       1.25608810
  295   2   1       2.85370686
  296   1   0       0.94437748
  297   1   0       0.94749573
  298   1   0       1.24071708
  298   2   1       2.87303555
  299   1   0       0.92198546
  300   1   0       0.93628014
  301   1   0       1.28000121
  301   2   1       2.86020907
  302   1   0       0.93446841
  303   1   0       0.94977696
  304   1   0       1.27358261
  304   2   1       2.87241533
  305   1   0       0.93881214
  306   1   0       0.93830678
  307   1   0       1.26056756
  307   2   1       2.81735875
  308   1   0       0.91789888
  309   1   0       0.98669144
  310   1   0       1.24285913
  310   2   1       2.84934435
  311   1   0       0.96408348
  312   1   0       0.94650933
  313   1   0       1.26510539
  313   2   1       2.92027670
  314   1   0       0.94953901
  315   1   0       0.93751797
  316   1   0       0.94607855
  317   1   0       1.25280156
  317   2   1       2.95465417
  318   1   0       0.94539160
  319   1   0       0.91840309
  320   1   0       0.92006937
  321   1   0       1.24959954
  321   2   1       2.84947955
  322   1   0       0.94128597
  323   1   0       0.94381672
  324   1   0       1.24356166
  324   2   1       2.87633992
  325   1   0       0.93464224
  326   1   0       0.93744758
  327   1   0       1.27229179
  327   2   1       2.87015153
  328   1   0       0.94472815
  329   1   0       0.93989183
  330   1   0       1.25599539
  330   2   1       2.84803768
  331   1   0       0.93009893
  332   1   0       0.92647590
  333   1   0       1.27183491
  333   2   1       2.85842359
  334   1   0       0.95713502
  335   1   0       0.93934457
  336   1   0       1.27634508
  336   2   1       2.83273954
  337   1   0       0.93483610
  338   1   0       0.95200810
  339   1   0       1.26952121
  339   2   1       2.80075982
  340   1   0       0.94315387
  341   1   0       0.98018048
  342   1   0       1.21937102
  342   2   1       2.86804412
  343   1   0       0.93368967
  344   1   0       0.95018689
  345   1   0       1.27804783
  345   2   1       2.93440059
  346   1   0       0.94055391
  347   1   0       0.93735956
  348   1   0       0.93361870
  349   1   0       1.24748107
  349   2   1       2.95709198
  350   1   0       0.92550172
  351   1   0       0.94240598
  352   1   0       0.95315391
 
Orbital populations (up)
 Atom Sh.   l   m       Population  Label
    1   1   0   0       1.23050425  s
    1   2   1  -1       0.96885504  p_y
    1   2   1   0       1.02327892  p_z
    1   2   1   1       0.91401912  p_x
    2   1   0   0       0.91660001  s
    3   1   0   0       0.91921499  s
    4   1   0   0       1.25574031  s
    4   2   1  -1       0.94957340  p_y
    4   2   1   0       0.98010479  p_z
    4   2   1   1       0.91902277  p_x
    5   1   0   0       0.96449913  s
    6   1   0   0       0.93746217  s
    7   1   0   0       1.24380360  s
    7   2   1  -1       0.94220636  p_y
    7   2   1   0       0.93065366  p_z
    7   2   1   1       0.96350671  p_x
    8   1   0   0       0.94590770  s
    9   1   0   0       0.95843793  s
   10   1   0   0       1.24006386  s
   10   2   1  -1       0.98919808  p_y
   10   2   1   0       0.92328348  p_z
   10   2   1   1       0.92437638  p_x
   11   1   0   0       0.95067348  s
   12   1   0   0       0.97311254  s
   13   1   0   0       1.24806659  s
   13   2   1  -1       0.95070739  p_y
   13   2   1   0       0.97654898  p_z
   13   2   1   1       0.91691736  p_x
   14   1   0   0       0.98079172  s
   15   1   0   0       0.93906117  s
   16   1   0   0       1.25941767  s
   16   2   1  -1       0.95555137  p_y
   16   2   1   0       0.95713965  p_z
   16   2   1   1       0.91982790  p_x
   17   1   0   0       0.94040028  s
   18   1   0   0       0.95296443  s
   19   1   0   0       1.28982595  s
   19   2   1  -1       0.96890665  p_y
   19   2   1   0       0.90818203  p_z
   19   2   1   1       0.94449108  p_x
   20   1   0   0       0.93028463  s
   21   1   0   0       0.95631772  s
   22   1   0   0       1.25367414  s
   22   2   1  -1       0.96557014  p_y
   22   2   1   0       0.93624362  p_z
   22   2   1   1       0.98483151  p_x
   23   1   0   0       0.93069991  s
   24   1   0   0       0.92745664  s
   25   1   0   0       1.28848613  s
   25   2   1  -1       0.93210075  p_y
   25   2   1   0       0.99700427  p_z
   25   2   1   1       0.98686107  p_x
   26   1   0   0       0.93437054  s
   27   1   0   0       0.93957964  s
   28   1   0   0       0.94662474  s
   29   1   0   0       1.25780323  s
   29   2   1  -1       0.98653454  p_y
   29   2   1   0       0.98388497  p_z
   29   2   1   1       0.97338752  p_x
   30   1   0   0       0.94935096  s
   31   1   0   0       0.92171315  s
   32   1   0   0       0.94180029  s
   33   1   0   0       1.21327038  s
   33   2   1  -1       0.95227715  p_y
   33   2   1   0       1.00608434  p_z
   33   2   1   1       0.92949523  p_x
   34   1   0   0       0.93649073  s
   35   1   0   0       0.93521502  s
   36   1   0   0       1.23435358  s
   36   2   1  -1       0.96050450  p_y
   36   2   1   0       0.93380971  p_z
   36   2   1   1       0.98349653  p_x
   37   1   0   0       0.95256123  s
   38   1   0   0       0.94727015  s
   39   1   0   0       1.23967911  s
   39   2   1  -1       0.98611714  p_y
   39   2   1   0       0.96058267  p_z
   39   2   1   1       0.94931716  p_x
   40   1   0   0       0.95895038  s
   41   1   0   0       0.92593879  s
   42   1   0   0       1.23434064  s
   42   2   1  -1       0.97453726  p_y
   42   2   1   0       0.93784796  p_z
   42   2   1   1       0.95809944  p_x
   43   1   0   0       0.92921568  s
   44   1   0   0       0.92910212  s
   45   1   0   0       1.25065663  s
   45   2   1  -1       0.97407526  p_y
   45   2   1   0       0.92668161  p_z
   45   2   1   1       0.97800440  p_x
   46   1   0   0       0.93721506  s
   47   1   0   0       0.93759567  s
   48   1   0   0       1.26978219  s
   48   2   1  -1       0.94231723  p_y
   48   2   1   0       0.95168642  p_z
   48   2   1   1       0.99352767  p_x
   49   1   0   0       0.93698519  s
   50   1   0   0       0.93384473  s
   51   1   0   0       1.24758221  s
   51   2   1  -1       0.96351541  p_y
   51   2   1   0       0.90933182  p_z
   51   2   1   1       0.95535852  p_x
   52   1   0   0       0.94687487  s
   53   1   0   0       0.96450232  s
   54   1   0   0       1.25019551  s
   54   2   1  -1       0.94598846  p_y
   54   2   1   0       0.93357124  p_z
   54   2   1   1       0.95899851  p_x
   55   1   0   0       0.94208338  s
   56   1   0   0       0.93519141  s
   57   1   0   0       1.27371540  s
   57   2   1  -1       0.96472516  p_y
   57   2   1   0       0.99353726  p_z
   57   2   1   1       0.99446275  p_x
   58   1   0   0       0.93095675  s
   59   1   0   0       0.91963485  s
   60   1   0   0       0.94360761  s
   61   1   0   0       1.29553690  s
   61   2   1  -1       0.98527041  p_y
   61   2   1   0       0.94626143  p_z
   61   2   1   1       0.99476602  p_x
   62   1   0   0       0.92719482  s
   63   1   0   0       0.93463864  s
   64   1   0   0       0.94414344  s
   65   1   0   0       1.27923383  s
   65   2   1  -1       0.91356853  p_y
   65   2   1   0       1.01091370  p_z
   65   2   1   1       0.97308264  p_x
   66   1   0   0       0.97606832  s
   67   1   0   0       0.93193005  s
   68   1   0   0       1.21587213  s
   68   2   1  -1       0.93061973  p_y
   68   2   1   0       0.96191837  p_z
   68   2   1   1       0.96830935  p_x
   69   1   0   0       0.94956904  s
   70   1   0   0       0.94165845  s
   71   1   0   0       1.23391190  s
   71   2   1  -1       0.97022794  p_y
   71   2   1   0       0.96575358  p_z
   71   2   1   1       0.92429466  p_x
   72   1   0   0       0.94730111  s
   73   1   0   0       0.94555187  s
   74   1   0   0       1.27156805  s
   74   2   1  -1       0.97565363  p_y
   74   2   1   0       0.97038595  p_z
   74   2   1   1       0.90420553  p_x
   75   1   0   0       0.94505261  s
   76   1   0   0       0.94954084  s
   77   1   0   0       1.25714999  s
   77   2   1  -1       0.94981162  p_y
   77   2   1   0       0.97957644  p_z
   77   2   1   1       0.91147444  p_x
   78   1   0   0       0.98447314  s
   79   1   0   0       0.92925470  s
   80   1   0   0       1.25428658  s
   80   2   1  -1       0.92435852  p_y
   80   2   1   0       0.95921383  p_z
   80   2   1   1       0.93709453  p_x
   81   1   0   0       0.95314750  s
   82   1   0   0       0.96339717  s
   83   1   0   0       1.25449196  s
   83   2   1  -1       0.93714501  p_y
   83   2   1   0       0.98159530  p_z
   83   2   1   1       0.95239518  p_x
   84   1   0   0       0.91854094  s
   85   1   0   0       0.94087730  s
   86   1   0   0       1.24806806  s
   86   2   1  -1       0.92694376  p_y
   86   2   1   0       0.96301291  p_z
   86   2   1   1       0.93678264  p_x
   87   1   0   0       0.98168493  s
   88   1   0   0       0.94487268  s
   89   1   0   0       1.23464909  s
   89   2   1  -1       0.89066995  p_y
   89   2   1   0       0.96345980  p_z
   89   2   1   1       0.95194054  p_x
   90   1   0   0       0.94436662  s
   91   1   0   0       1.00061674  s
   92   1   0   0       0.81679067  s
   93   1   0   0       1.27239075  s
   93   2   1  -1       0.96628014  p_y
   93   2   1   0       0.99356896  p_z
   93   2   1   1       0.97076379  p_x
   94   1   0   0       0.93021195  s
   95   1   0   0       0.93737171  s
   96   1   0   0       0.94327363  s
   97   1   0   0       1.24073533  s
   97   2   1  -1       0.95255666  p_y
   97   2   1   0       0.92978816  p_z
   97   2   1   1       0.96676307  p_x
   98   1   0   0       0.94866428  s
   99   1   0   0       0.95668441  s
  100   1   0   0       1.23949603  s
  100   2   1  -1       0.98681226  p_y
  100   2   1   0       0.97140224  p_z
  100   2   1   1       0.91305208  p_x
  101   1   0   0       0.94783899  s
  102   1   0   0       0.93748099  s
  103   1   0   0       1.23196506  s
  103   2   1  -1       1.00846929  p_y
  103   2   1   0       0.98414672  p_z
  103   2   1   1       0.91051426  p_x
  104   1   0   0       0.92349971  s
  105   1   0   0       0.93325001  s
  106   1   0   0       1.23826870  s
  106   2   1  -1       0.94967000  p_y
  106   2   1   0       0.94943211  p_z
  106   2   1   1       0.94767401  p_x
  107   1   0   0       0.97349719  s
  108   1   0   0       0.94481319  s
  109   1   0   0       1.22437444  s
  109   2   1  -1       0.92830711  p_y
  109   2   1   0       0.99141178  p_z
  109   2   1   1       0.95455323  p_x
  110   1   0   0       0.93748438  s
  111   1   0   0       0.95107290  s
  112   1   0   0       1.27111036  s
  112   2   1  -1       0.93369661  p_y
  112   2   1   0       0.95676502  p_z
  112   2   1   1       0.96803830  p_x
  113   1   0   0       0.93979641  s
  114   1   0   0       0.94149511  s
  115   1   0   0       1.27975028  s
  115   2   1  -1       0.92187556  p_y
  115   2   1   0       0.95552024  p_z
  115   2   1   1       0.96419530  p_x
  116   1   0   0       0.94109785  s
  117   1   0   0       0.94750516  s
  118   1   0   0       1.25857649  s
  118   2   1  -1       0.91754930  p_y
  118   2   1   0       0.97087770  p_z
  118   2   1   1       0.93371215  p_x
  119   1   0   0       0.95626319  s
  120   1   0   0       0.94611484  s
  121   1   0   0       1.28909291  s
  121   2   1  -1       0.95495860  p_y
  121   2   1   0       0.95004474  p_z
  121   2   1   1       1.00752143  p_x
  122   1   0   0       0.93869379  s
  123   1   0   0       0.93606679  s
  124   1   0   0       0.94456290  s
  125   1   0   0       1.26171585  s
  125   2   1  -1       1.00586280  p_y
  125   2   1   0       0.98324804  p_z
  125   2   1   1       0.97608421  p_x
  126   1   0   0       0.93293504  s
  127   1   0   0       0.93612387  s
  128   1   0   0       0.90517706  s
  129   1   0   0       1.26075982  s
  129   2   1  -1       0.94752785  p_y
  129   2   1   0       0.94628613  p_z
  129   2   1   1       0.95013393  p_x
  130   1   0   0       0.94071471  s
  131   1   0   0       0.92373890  s
  132   1   0   0       1.25167198  s
  132   2   1  -1       0.97078652  p_y
  132   2   1   0       0.93410090  p_z
  132   2   1   1       0.98307796  p_x
  133   1   0   0       0.92334110  s
  134   1   0   0       0.95931074  s
  135   1   0   0       1.22755038  s
  135   2   1  -1       0.97678048  p_y
  135   2   1   0       0.96608729  p_z
  135   2   1   1       0.94686928  p_x
  136   1   0   0       0.92946308  s
  137   1   0   0       0.94705895  s
  138   1   0   0       1.24364682  s
  138   2   1  -1       0.98717330  p_y
  138   2   1   0       0.94547994  p_z
  138   2   1   1       0.94357648  p_x
  139   1   0   0       0.97123306  s
  140   1   0   0       0.92778809  s
  141   1   0   0       1.24954006  s
  141   2   1  -1       0.96601451  p_y
  141   2   1   0       0.93981871  p_z
  141   2   1   1       0.95768463  p_x
  142   1   0   0       0.93867847  s
  143   1   0   0       0.93617672  s
  144   1   0   0       1.26416319  s
  144   2   1  -1       0.92720026  p_y
  144   2   1   0       0.97554986  p_z
  144   2   1   1       0.93859819  p_x
  145   1   0   0       0.96577168  s
  146   1   0   0       0.94035518  s
  147   1   0   0       1.24199069  s
  147   2   1  -1       0.95286723  p_y
  147   2   1   0       0.95503654  p_z
  147   2   1   1       0.95872852  p_x
  148   1   0   0       0.95091304  s
  149   1   0   0       0.91536772  s
  150   1   0   0       1.25010255  s
  150   2   1  -1       0.91781371  p_y
  150   2   1   0       0.96641194  p_z
  150   2   1   1       0.97512120  p_x
  151   1   0   0       0.92518033  s
  152   1   0   0       0.95457931  s
  153   1   0   0       1.26502090  s
  153   2   1  -1       0.97984477  p_y
  153   2   1   0       0.98375491  p_z
  153   2   1   1       0.97716328  p_x
  154   1   0   0       0.91629139  s
  155   1   0   0       0.94628001  s
  156   1   0   0       0.94581151  s
  157   1   0   0       1.28774007  s
  157   2   1  -1       0.93981628  p_y
  157   2   1   0       0.99807631  p_z
  157   2   1   1       1.01155338  p_x
  158   1   0   0       0.93515961  s
  159   1   0   0       0.91786018  s
  160   1   0   0       0.92880109  s
  161   1   0   0       1.25037871  s
  161   2   1  -1       0.94774680  p_y
  161   2   1   0       0.95089781  p_z
  161   2   1   1       0.95062202  p_x
  162   1   0   0       0.95497714  s
  163   1   0   0       0.94067387  s
  164   1   0   0       1.24883061  s
  164   2   1  -1       0.96932734  p_y
  164   2   1   0       0.93667065  p_z
  164   2   1   1       0.97469388  p_x
  165   1   0   0       0.93392980  s
  166   1   0   0       0.93789604  s
  167   1   0   0       1.23125967  s
  167   2   1  -1       0.93901152  p_y
  167   2   1   0       0.93262625  p_z
  167   2   1   1       0.98549743  p_x
  168   1   0   0       0.94004868  s
  169   1   0   0       0.95346909  s
  170   1   0   0       1.25207215  s
  170   2   1  -1       0.93614533  p_y
  170   2   1   0       0.92589629  p_z
  170   2   1   1       0.99365387  p_x
  171   1   0   0       0.93252275  s
  172   1   0   0       0.93997251  s
  173   1   0   0       1.25698999  s
  173   2   1  -1       0.97993451  p_y
  173   2   1   0       0.93466242  p_z
  173   2   1   1       0.94920535  p_x
  174   1   0   0       0.96331036  s
  175   1   0   0       0.95503600  s
  176   1   0   0       1.22750773  s
  176   2   1  -1       0.98234196  p_y
  176   2   1   0       0.96143883  p_z
  176   2   1   1       0.95533015  p_x
  177   1   0   0       0.92780045  s
  178   1   0   0       0.92796981  s
  179   1   0   0       1.24156931  s
  179   2   1  -1       0.94008836  p_y
  179   2   1   0       0.97183776  p_z
  179   2   1   1       0.93867785  p_x
  180   1   0   0       0.95829945  s
  181   1   0   0       0.95053051  s
  182   1   0   0       1.26329391  s
  182   2   1  -1       0.94583285  p_y
  182   2   1   0       0.92316877  p_z
  182   2   1   1       0.95155572  p_x
  183   1   0   0       0.94186129  s
  184   1   0   0       0.98318340  s
  185   1   0   0       1.27117277  s
  185   2   1  -1       0.96980138  p_y
  185   2   1   0       0.97331550  p_z
  185   2   1   1       0.99167192  p_x
  186   1   0   0       0.92327892  s
  187   1   0   0       0.93653181  s
  188   1   0   0       0.93961369  s
  189   1   0   0       1.28230104  s
  189   2   1  -1       0.99554440  p_y
  189   2   1   0       0.95235846  p_z
  189   2   1   1       0.98522804  p_x
  190   1   0   0       0.92179207  s
  191   1   0   0       0.94022710  s
  192   1   0   0       0.92585528  s
  193   1   0   0       1.23626826  s
  193   2   1  -1       0.98909367  p_y
  193   2   1   0       0.96687271  p_z
  193   2   1   1       0.91588255  p_x
  194   1   0   0       0.95269949  s
  195   1   0   0       0.94433180  s
  196   1   0   0       1.22696802  s
  196   2   1  -1       0.96237256  p_y
  196   2   1   0       0.92519678  p_z
  196   2   1   1       0.98154943  p_x
  197   1   0   0       0.96432784  s
  198   1   0   0       0.94578883  s
  199   1   0   0       1.23453104  s
  199   2   1  -1       0.97837085  p_y
  199   2   1   0       0.95330981  p_z
  199   2   1   1       0.96576587  p_x
  200   1   0   0       0.92824803  s
  201   1   0   0       0.94074190  s
  202   1   0   0       1.25664571  s
  202   2   1  -1       0.96181327  p_y
  202   2   1   0       0.95590670  p_z
  202   2   1   1       0.94639935  p_x
  203   1   0   0       0.93107503  s
  204   1   0   0       0.94570483  s
  205   1   0   0       1.25976160  s
  205   2   1  -1       0.94082020  p_y
  205   2   1   0       0.96918659  p_z
  205   2   1   1       0.93934523  p_x
  206   1   0   0       0.95169680  s
  207   1   0   0       0.92483782  s
  208   1   0   0       1.23442117  s
  208   2   1  -1       0.93624635  p_y
  208   2   1   0       0.95398528  p_z
  208   2   1   1       1.00891093  p_x
  209   1   0   0       0.92801206  s
  210   1   0   0       0.93959506  s
  211   1   0   0       1.23656435  s
  211   2   1  -1       0.98032431  p_y
  211   2   1   0       0.94708833  p_z
  211   2   1   1       0.93912253  p_x
  212   1   0   0       0.97515629  s
  213   1   0   0       0.94555894  s
  214   1   0   0       1.23297644  s
  214   2   1  -1       0.95213410  p_y
  214   2   1   0       0.95880031  p_z
  214   2   1   1       0.94770221  p_x
  215   1   0   0       0.95625851  s
  216   1   0   0       0.92938340  s
  217   1   0   0       1.26322701  s
  217   2   1  -1       0.97542040  p_y
  217   2   1   0       1.02603191  p_z
  217   2   1   1       0.95128232  p_x
  218   1   0   0       0.91730665  s
  219   1   0   0       0.93960932  s
  220   1   0   0       0.92115379  s
  221   1   0   0       1.25337947  s
  221   2   1  -1       0.96491684  p_y
  221   2   1   0       1.01915112  p_z
  221   2   1   1       0.98095306  p_x
  222   1   0   0       0.93025105  s
  223   1   0   0       0.93391600  s
  224   1   0   0       0.92520670  s
  225   1   0   0       1.23079085  s
  225   2   1  -1       0.97343291  p_y
  225   2   1   0       0.94771285  p_z
  225   2   1   1       0.96340279  p_x
  226   1   0   0       0.95946609  s
  227   1   0   0       0.94141315  s
  228   1   0   0       1.23166097  s
  228   2   1  -1       0.95146449  p_y
  228   2   1   0       0.96749005  p_z
  228   2   1   1       0.96080065  p_x
  229   1   0   0       0.93819270  s
  230   1   0   0       0.95444394  s
  231   1   0   0       1.22982748  s
  231   2   1  -1       0.95195455  p_y
  231   2   1   0       0.97537882  p_z
  231   2   1   1       0.98318799  p_x
  232   1   0   0       0.92498442  s
  233   1   0   0       0.93420354  s
  234   1   0   0       1.25243910  s
  234   2   1  -1       0.99543614  p_y
  234   2   1   0       0.91822667  p_z
  234   2   1   1       0.94063351  p_x
  235   1   0   0       0.96959831  s
  236   1   0   0       0.92960595  s
  237   1   0   0       1.23492363  s
  237   2   1  -1       0.98088127  p_y
  237   2   1   0       0.97350927  p_z
  237   2   1   1       0.91262949  p_x
  238   1   0   0       0.95222677  s
  239   1   0   0       0.92412925  s
  240   1   0   0       1.23083852  s
  240   2   1  -1       1.00762882  p_y
  240   2   1   0       0.96094550  p_z
  240   2   1   1       0.93414854  p_x
  241   1   0   0       0.92838721  s
  242   1   0   0       0.93034008  s
  243   1   0   0       1.26150434  s
  243   2   1  -1       0.95678670  p_y
  243   2   1   0       0.94456106  p_z
  243   2   1   1       0.93641020  p_x
  244   1   0   0       0.95631805  s
  245   1   0   0       0.94726364  s
  246   1   0   0       1.22304691  s
  246   2   1  -1       0.98756494  p_y
  246   2   1   0       0.93602349  p_z
  246   2   1   1       0.96823618  p_x
  247   1   0   0       0.95849094  s
  248   1   0   0       0.92154238  s
  249   1   0   0       1.25447824  s
  249   2   1  -1       1.00679335  p_y
  249   2   1   0       0.98028951  p_z
  249   2   1   1       0.97684920  p_x
  250   1   0   0       0.93111617  s
  251   1   0   0       0.90846449  s
  252   1   0   0       0.93324545  s
  253   1   0   0       1.25586510  s
  253   2   1  -1       0.97671638  p_y
  253   2   1   0       0.97700563  p_z
  253   2   1   1       0.98656058  p_x
  254   1   0   0       0.93268316  s
  255   1   0   0       0.94802740  s
  256   1   0   0       0.93336739  s
  257   1   0   0       1.24341378  s
  257   2   1  -1       0.96017660  p_y
  257   2   1   0       0.94903768  p_z
  257   2   1   1       0.95163013  p_x
  258   1   0   0       0.96745936  s
  259   1   0   0       0.93205962  s
  260   1   0   0       1.28068061  s
  260   2   1  -1       0.98279480  p_y
  260   2   1   0       0.90553083  p_z
  260   2   1   1       0.97594854  p_x
  261   1   0   0       0.92941641  s
  262   1   0   0       0.92499619  s
  263   1   0   0       1.28152068  s
  263   2   1  -1       0.96154400  p_y
  263   2   1   0       0.94882901  p_z
  263   2   1   1       0.92599325  p_x
  264   1   0   0       0.92675161  s
  265   1   0   0       0.93334128  s
  266   1   0   0       1.20370700  s
  266   2   1  -1       0.94980575  p_y
  266   2   1   0       0.91887827  p_z
  266   2   1   1       0.95383874  p_x
  267   1   0   0       0.91049433  s
  268   1   0   0       0.94433068  s
  269   1   0   0       1.30792127  s
  269   2   1  -1       0.91186020  p_y
  269   2   1   0       1.02919210  p_z
  269   2   1   1       1.02000357  p_x
  270   1   0   0       1.01065189  s
  271   1   0   0       0.98952931  s
  272   1   0   0       1.30385506  s
  272   2   1  -1       0.99323548  p_y
  272   2   1   0       0.92185972  p_z
  272   2   1   1       1.00124704  p_x
  273   1   0   0       0.91192526  s
  274   1   0   0       0.89643983  s
  275   1   0   0       1.24866781  s
  275   2   1  -1       0.96903492  p_y
  275   2   1   0       0.91397323  p_z
  275   2   1   1       0.95769170  p_x
  276   1   0   0       0.90068411  s
  277   1   0   0       1.00166041  s
  278   1   0   0       1.27142346  s
  278   2   1  -1       0.95168808  p_y
  278   2   1   0       0.92638586  p_z
  278   2   1   1       0.92129098  p_x
  279   1   0   0       0.97452654  s
  280   1   0   0       0.96027405  s
  281   1   0   0       1.26110557  s
  281   2   1  -1       0.96889495  p_y
  281   2   1   0       1.02640435  p_z
  281   2   1   1       0.95711869  p_x
  282   1   0   0       0.93877987  s
  283   1   0   0       0.92470376  s
  284   1   0   0       0.93695393  s
  285   1   0   0       1.27332281  s
  285   2   1  -1       0.97574894  p_y
  285   2   1   0       0.97188217  p_z
  285   2   1   1       0.96459308  p_x
  286   1   0   0       0.90911209  s
  287   1   0   0       0.95730657  s
  288   1   0   0       0.92156962  s
  289   1   0   0       1.22769244  s
  289   2   1  -1       0.98046532  p_y
  289   2   1   0       0.96401685  p_z
  289   2   1   1       0.92762129  p_x
  290   1   0   0       0.94350951  s
  291   1   0   0       0.93792181  s
  292   1   0   0       1.24459608  s
  292   2   1  -1       0.97813987  p_y
  292   2   1   0       0.92276006  p_z
  292   2   1   1       0.93521584  p_x
  293   1   0   0       0.93997457  s
  294   1   0   0       0.97895030  s
  295   1   0   0       1.25608810  s
  295   2   1  -1       0.95412676  p_y
  295   2   1   0       0.95018005  p_z
  295   2   1   1       0.94940006  p_x
  296   1   0   0       0.94437748  s
  297   1   0   0       0.94749573  s
  298   1   0   0       1.24071708  s
  298   2   1  -1       0.98110642  p_y
  298   2   1   0       0.96140965  p_z
  298   2   1   1       0.93051948  p_x
  299   1   0   0       0.92198546  s
  300   1   0   0       0.93628014  s
  301   1   0   0       1.28000121  s
  301   2   1  -1       0.95186344  p_y
  301   2   1   0       0.97841519  p_z
  301   2   1   1       0.92993044  p_x
  302   1   0   0       0.93446841  s
  303   1   0   0       0.94977696  s
  304   1   0   0       1.27358261  s
  304   2   1  -1       0.96425278  p_y
  304   2   1   0       0.99056145  p_z
  304   2   1   1       0.91760110  p_x
  305   1   0   0       0.93881214  s
  306   1   0   0       0.93830678  s
  307   1   0   0       1.26056756  s
  307   2   1  -1       0.93955829  p_y
  307   2   1   0       0.94478655  p_z
  307   2   1   1       0.93301392  p_x
  308   1   0   0       0.91789888  s
  309   1   0   0       0.98669144  s
  310   1   0   0       1.24285913  s
  310   2   1  -1       0.91361969  p_y
  310   2   1   0       0.98301056  p_z
  310   2   1   1       0.95271410  p_x
  311   1   0   0       0.96408348  s
  312   1   0   0       0.94650933  s
  313   1   0   0       1.26510539  s
  313   2   1  -1       0.97377784  p_y
  313   2   1   0       0.97318371  p_z
  313   2   1   1       0.97331515  p_x
  314   1   0   0       0.94953901  s
  315   1   0   0       0.93751797  s
  316   1   0   0       0.94607855  s
  317   1   0   0       1.25280156  s
  317   2   1  -1       0.99630507  p_y
  317   2   1   0       0.98207701  p_z
  317   2   1   1       0.97627210  p_x
  318   1   0   0       0.94539160  s
  319   1   0   0       0.91840309  s
  320   1   0   0       0.92006937  s
  321   1   0   0       1.24959954  s
  321   2   1  -1       0.94229381  p_y
  321   2   1   0       0.96132703  p_z
  321   2   1   1       0.94585871  p_x
  322   1   0   0       0.94128597  s
  323   1   0   0       0.94381672  s
  324   1   0   0       1.24356166  s
  324   2   1  -1       0.97912664  p_y
  324   2   1   0       0.97063685  p_z
  324   2   1   1       0.92657643  p_x
  325   1   0   0       0.93464224  s
  326   1   0   0       0.93744758  s
  327   1   0   0       1.27229179  s
  327   2   1  -1       0.94078010  p_y
  327   2   1   0       0.93537639  p_z
  327   2   1   1       0.99399504  p_x
  328   1   0   0       0.94472815  s
  329   1   0   0       0.93989183  s
  330   1   0   0       1.25599539  s
  330   2   1  -1       0.92511355  p_y
  330   2   1   0       0.97261665  p_z
  330   2   1   1       0.95030747  p_x
  331   1   0   0       0.93009893  s
  332   1   0   0       0.92647590  s
  333   1   0   0       1.27183491  s
  333   2   1  -1       0.90755983  p_y
  333   2   1   0       1.01494597  p_z
  333   2   1   1       0.93591779  p_x
  334   1   0   0       0.95713502  s
  335   1   0   0       0.93934457  s
  336   1   0   0       1.27634508  s
  336   2   1  -1       0.92301460  p_y
  336   2   1   0       0.95153263  p_z
  336   2   1   1       0.95819231  p_x
  337   1   0   0       0.93483610  s
  338   1   0   0       0.95200810  s
  339   1   0   0       1.26952121  s
  339   2   1  -1       0.92251175  p_y
  339   2   1   0       0.95047483  p_z
  339   2   1   1       0.92777323  p_x
  340   1   0   0       0.94315387  s
  341   1   0   0       0.98018048  s
  342   1   0   0       1.21937102  s
  342   2   1  -1       0.93294307  p_y
  342   2   1   0       0.95722890  p_z
  342   2   1   1       0.97787216  p_x
  343   1   0   0       0.93368967  s
  344   1   0   0       0.95018689  s
  345   1   0   0       1.27804783  s
  345   2   1  -1       0.97306276  p_y
  345   2   1   0       0.97578984  p_z
  345   2   1   1       0.98554798  p_x
  346   1   0   0       0.94055391  s
  347   1   0   0       0.93735956  s
  348   1   0   0       0.93361870  s
  349   1   0   0       1.24748107  s
  349   2   1  -1       0.96970890  p_y
  349   2   1   0       0.99543257  p_z
  349   2   1   1       0.99195051  p_x
  350   1   0   0       0.92550172  s
  351   1   0   0       0.94240598  s
  352   1   0   0       0.95315391  s
 
Fermi level:                        -0.1596827015 H           -4.3452 eV
Band energy:                      -277.5688305997 H        -7553.0322 eV
TS:                                  0.0000000000 H            0.0000 eV
Band free energy (E-TS):          -277.5688305997 H        -7553.0322 eV
Extrapolated E(0K):               -277.5688305997 H        -7553.0322 eV
Input / Output electrons (q):    682.0000000000    682.0000000000
 
Energy H0:                        -282.0243968360 H        -7674.2743 eV
Energy SCC:                          0.0838938158 H            2.2829 eV
Total Electronic energy:          -281.9405030202 H        -7671.9914 eV
Repulsive energy:                    4.5307470569 H          123.2879 eV
Dispersion energy:                   1.1027631338 H           30.0077 eV
Total energy:                     -276.3069928295 H        -7518.6958 eV
Extrapolated to 0:                -276.3069928295 H        -7518.6958 eV
Total Mermin free energy:         -276.3069928295 H        -7518.6958 eV
Force related energy:             -276.3069928295 H        -7518.6958 eV
 
SCC converged
 
Full geometry written in geo_end.{xyz|gen}
 
MD Kinetic Energy:                   1.2892615671 H
Total MD Energy:                  -275.0177312623 H
Pressure:                           -0.196123E-04 au    -0.577014E+09 Pa
MD Temperature:                      0.0024487399 H          773.2500 K
MD Kinetic Energy:                   1.2892615671 H
Total MD Energy:                  -275.0177312623 H        -7483.6132 eV
MD Temperature:                      0.0024487399 H          773.2500 K
 
Molecular dynamics completed
 
