 KPT  1  SPIN  1  KWEIGHT  1.00000000000000
     1   -18.896  2.00000
     2   -18.881  2.00000
     3   -18.862  2.00000
     4   -18.845  2.00000
     5   -18.833  2.00000
     6   -18.828  2.00000
     7   -18.811  2.00000
     8   -18.788  2.00000
     9   -18.778  2.00000
    10   -18.729  2.00000
    11   -18.642  2.00000
    12   -18.522  2.00000
    13   -18.485  2.00000
    14   -18.449  2.00000
    15   -18.441  2.00000
    16   -18.405  2.00000
    17   -18.394  2.00000
    18   -18.392  2.00000
    19   -18.391  2.00000
    20   -18.329  2.00000
    21   -18.279  2.00000
    22   -18.246  2.00000
    23   -17.941  2.00000
    24   -17.928  2.00000
    25   -17.916  2.00000
    26   -17.804  2.00000
    27   -17.789  2.00000
    28   -17.772  2.00000
    29   -17.769  2.00000
    30   -17.760  2.00000
    31   -17.750  2.00000
    32   -17.720  2.00000
    33   -17.645  2.00000
    34   -17.334  2.00000
    35   -17.030  2.00000
    36   -17.022  2.00000
    37   -16.982  2.00000
    38   -16.965  2.00000
    39   -16.952  2.00000
    40   -16.938  2.00000
    41   -16.933  2.00000
    42   -16.847  2.00000
    43   -16.831  2.00000
    44   -16.689  2.00000
    45   -16.495  2.00000
    46   -16.128  2.00000
    47   -16.101  2.00000
    48   -16.055  2.00000
    49   -16.031  2.00000
    50   -16.027  2.00000
    51   -16.006  2.00000
    52   -15.979  2.00000
    53   -15.954  2.00000
    54   -15.930  2.00000
    55   -15.563  2.00000
    56   -15.530  2.00000
    57   -15.093  2.00000
    58   -15.052  2.00000
    59   -15.028  2.00000
    60   -14.993  2.00000
    61   -14.981  2.00000
    62   -14.945  2.00000
    63   -14.919  2.00000
    64   -14.917  2.00000
    65   -14.834  2.00000
    66   -14.504  2.00000
    67   -14.470  2.00000
    68   -14.316  2.00000
    69   -14.294  2.00000
    70   -14.171  2.00000
    71   -14.148  2.00000
    72   -14.076  2.00000
    73   -14.009  2.00000
    74   -13.999  2.00000
    75   -13.961  2.00000
    76   -13.762  2.00000
    77   -13.703  2.00000
    78   -13.539  2.00000
    79   -13.459  2.00000
    80   -13.445  2.00000
    81   -13.439  2.00000
    82   -13.416  2.00000
    83   -13.365  2.00000
    84   -13.347  2.00000
    85   -13.276  2.00000
    86   -13.235  2.00000
    87   -13.179  2.00000
    88   -13.144  2.00000
    89   -13.039  2.00000
    90   -13.019  2.00000
    91   -12.997  2.00000
    92   -12.938  2.00000
    93   -12.898  2.00000
    94   -12.895  2.00000
    95   -12.861  2.00000
    96   -12.858  2.00000
    97   -12.817  2.00000
    98   -12.786  2.00000
    99   -12.737  2.00000
   100   -12.701  2.00000
   101   -12.655  2.00000
   102   -12.587  2.00000
   103   -12.558  2.00000
   104   -12.527  2.00000
   105   -12.508  2.00000
   106   -12.432  2.00000
   107   -12.345  2.00000
   108   -12.286  2.00000
   109   -12.235  2.00000
   110   -12.155  2.00000
   111   -11.098  2.00000
   112   -11.006  2.00000
   113   -10.962  2.00000
   114   -10.953  2.00000
   115   -10.925  2.00000
   116   -10.886  2.00000
   117   -10.876  2.00000
   118   -10.868  2.00000
   119   -10.834  2.00000
   120   -10.819  2.00000
   121   -10.789  2.00000
   122   -10.743  2.00000
   123   -10.724  2.00000
   124   -10.719  2.00000
   125   -10.704  2.00000
   126   -10.695  2.00000
   127   -10.681  2.00000
   128   -10.654  2.00000
   129   -10.644  2.00000
   130   -10.614  2.00000
   131   -10.592  2.00000
   132   -10.574  2.00000
   133   -10.553  2.00000
   134   -10.540  2.00000
   135   -10.507  2.00000
   136   -10.475  2.00000
   137   -10.467  2.00000
   138   -10.456  2.00000
   139   -10.440  2.00000
   140   -10.426  2.00000
   141   -10.416  2.00000
   142   -10.408  2.00000
   143   -10.384  2.00000
   144   -10.362  2.00000
   145   -10.346  2.00000
   146   -10.325  2.00000
   147   -10.304  2.00000
   148   -10.296  2.00000
   149   -10.280  2.00000
   150   -10.267  2.00000
   151   -10.247  2.00000
   152   -10.239  2.00000
   153   -10.220  2.00000
   154   -10.193  2.00000
   155   -10.180  2.00000
   156   -10.168  2.00000
   157   -10.144  2.00000
   158   -10.133  2.00000
   159   -10.119  2.00000
   160   -10.107  2.00000
   161   -10.073  2.00000
   162   -10.057  2.00000
   163   -10.026  2.00000
   164    -9.992  2.00000
   165    -9.968  2.00000
   166    -9.955  2.00000
   167    -9.941  2.00000
   168    -9.925  2.00000
   169    -9.924  2.00000
   170    -9.890  2.00000
   171    -9.877  2.00000
   172    -9.861  2.00000
   173    -9.845  2.00000
   174    -9.829  2.00000
   175    -9.822  2.00000
   176    -9.814  2.00000
   177    -9.795  2.00000
   178    -9.783  2.00000
   179    -9.765  2.00000
   180    -9.751  2.00000
   181    -9.732  2.00000
   182    -9.692  2.00000
   183    -9.669  2.00000
   184    -9.664  2.00000
   185    -9.649  2.00000
   186    -9.621  2.00000
   187    -9.611  2.00000
   188    -9.594  2.00000
   189    -9.578  2.00000
   190    -9.572  2.00000
   191    -9.534  2.00000
   192    -9.518  2.00000
   193    -9.488  2.00000
   194    -9.483  2.00000
   195    -9.461  2.00000
   196    -9.440  2.00000
   197    -9.439  2.00000
   198    -9.416  2.00000
   199    -9.401  2.00000
   200    -9.368  2.00000
   201    -9.354  2.00000
   202    -9.344  2.00000
   203    -9.312  2.00000
   204    -9.305  2.00000
   205    -9.259  2.00000
   206    -9.257  2.00000
   207    -9.188  2.00000
   208    -9.185  2.00000
   209    -9.166  2.00000
   210    -9.155  2.00000
   211    -9.151  2.00000
   212    -9.132  2.00000
   213    -9.120  2.00000
   214    -9.117  2.00000
   215    -9.112  2.00000
   216    -9.096  2.00000
   217    -9.083  2.00000
   218    -9.069  2.00000
   219    -9.038  2.00000
   220    -9.002  2.00000
   221    -8.998  2.00000
   222    -8.952  2.00000
   223    -8.944  2.00000
   224    -8.926  2.00000
   225    -8.918  2.00000
   226    -8.905  2.00000
   227    -8.896  2.00000
   228    -8.880  2.00000
   229    -8.869  2.00000
   230    -8.862  2.00000
   231    -8.820  2.00000
   232    -8.795  2.00000
   233    -8.767  2.00000
   234    -8.734  2.00000
   235    -8.725  2.00000
   236    -8.705  2.00000
   237    -8.690  2.00000
   238    -8.673  2.00000
   239    -8.654  2.00000
   240    -8.628  2.00000
   241    -8.621  2.00000
   242    -8.607  2.00000
   243    -8.579  2.00000
   244    -8.570  2.00000
   245    -8.545  2.00000
   246    -8.537  2.00000
   247    -8.507  2.00000
   248    -8.497  2.00000
   249    -8.494  2.00000
   250    -8.458  2.00000
   251    -8.440  2.00000
   252    -8.421  2.00000
   253    -8.408  2.00000
   254    -8.384  2.00000
   255    -8.370  2.00000
   256    -8.365  2.00000
   257    -8.351  2.00000
   258    -8.335  2.00000
   259    -8.312  2.00000
   260    -8.298  2.00000
   261    -8.288  2.00000
   262    -8.255  2.00000
   263    -8.223  2.00000
   264    -8.219  2.00000
   265    -8.212  2.00000
   266    -8.200  2.00000
   267    -8.195  2.00000
   268    -8.162  2.00000
   269    -8.148  2.00000
   270    -8.140  2.00000
   271    -8.128  2.00000
   272    -8.095  2.00000
   273    -8.093  2.00000
   274    -8.076  2.00000
   275    -8.051  2.00000
   276    -8.043  2.00000
   277    -8.041  2.00000
   278    -8.028  2.00000
   279    -8.012  2.00000
   280    -7.987  2.00000
   281    -7.982  2.00000
   282    -7.973  2.00000
   283    -7.962  2.00000
   284    -7.942  2.00000
   285    -7.932  2.00000
   286    -7.910  2.00000
   287    -7.899  2.00000
   288    -7.891  2.00000
   289    -7.879  2.00000
   290    -7.871  2.00000
   291    -7.864  2.00000
   292    -7.846  2.00000
   293    -7.836  2.00000
   294    -7.823  2.00000
   295    -7.819  2.00000
   296    -7.798  2.00000
   297    -7.791  2.00000
   298    -7.774  2.00000
   299    -7.758  2.00000
   300    -7.757  2.00000
   301    -7.744  2.00000
   302    -7.727  2.00000
   303    -7.717  2.00000
   304    -7.699  2.00000
   305    -7.687  2.00000
   306    -7.677  2.00000
   307    -7.662  2.00000
   308    -7.657  2.00000
   309    -7.645  2.00000
   310    -7.635  2.00000
   311    -7.627  2.00000
   312    -7.614  2.00000
   313    -7.608  2.00000
   314    -7.600  2.00000
   315    -7.588  2.00000
   316    -7.576  2.00000
   317    -7.568  2.00000
   318    -7.554  2.00000
   319    -7.542  2.00000
   320    -7.539  2.00000
   321    -7.523  2.00000
   322    -7.516  2.00000
   323    -7.481  2.00000
   324    -7.465  2.00000
   325    -7.440  2.00000
   326    -7.420  2.00000
   327    -7.415  2.00000
   328    -7.382  2.00000
   329    -7.375  2.00000
   330    -7.359  2.00000
   331    -7.346  2.00000
   332    -7.344  2.00000
   333    -7.313  2.00000
   334    -7.293  2.00000
   335    -7.286  2.00000
   336    -7.255  2.00000
   337    -7.188  2.00000
   338    -7.065  2.00000
   339    -7.044  2.00000
   340    -7.032  2.00000
   341    -6.900  2.00000
   342    -1.638  0.00000
   343    -1.325  0.00000
   344     3.135  0.00000
   345     3.791  0.00000
   346     3.925  0.00000
   347     3.983  0.00000
   348     4.149  0.00000
   349     4.198  0.00000
   350     4.247  0.00000
   351     4.296  0.00000
   352     4.343  0.00000
   353     4.480  0.00000
   354     4.532  0.00000
   355     4.548  0.00000
   356     4.591  0.00000
   357     4.638  0.00000
   358     4.694  0.00000
   359     4.810  0.00000
   360     4.858  0.00000
   361     4.887  0.00000
   362     4.933  0.00000
   363     4.960  0.00000
   364     5.037  0.00000
   365     5.072  0.00000
   366     5.130  0.00000
   367     5.142  0.00000
   368     5.180  0.00000
   369     5.194  0.00000
   370     5.245  0.00000
   371     5.249  0.00000
   372     5.292  0.00000
   373     5.358  0.00000
   374     5.369  0.00000
   375     5.409  0.00000
   376     5.449  0.00000
   377     5.472  0.00000
   378     5.489  0.00000
   379     5.503  0.00000
   380     5.618  0.00000
   381     5.668  0.00000
   382     5.708  0.00000
   383     5.777  0.00000
   384     5.790  0.00000
   385     5.841  0.00000
   386     5.848  0.00000
   387     5.860  0.00000
   388     5.890  0.00000
   389     5.910  0.00000
   390     5.935  0.00000
   391     5.974  0.00000
   392     5.983  0.00000
   393     6.050  0.00000
   394     6.077  0.00000
   395     6.091  0.00000
   396     6.095  0.00000
   397     6.135  0.00000
   398     6.174  0.00000
   399     6.181  0.00000
   400     6.221  0.00000
   401     6.244  0.00000
   402     6.284  0.00000
   403     6.301  0.00000
   404     6.364  0.00000
   405     6.389  0.00000
   406     6.416  0.00000
   407     6.456  0.00000
   408     6.516  0.00000
   409     6.535  0.00000
   410     6.567  0.00000
   411     6.598  0.00000
   412     6.691  0.00000
   413     6.712  0.00000
   414     6.741  0.00000
   415     6.800  0.00000
   416     6.819  0.00000
   417     6.875  0.00000
   418     6.902  0.00000
   419     6.961  0.00000
   420     7.000  0.00000
   421     7.014  0.00000
   422     7.050  0.00000
   423     7.091  0.00000
   424     7.094  0.00000
   425     7.176  0.00000
   426     7.206  0.00000
   427     7.255  0.00000
   428     7.303  0.00000
   429     7.317  0.00000
   430     7.340  0.00000
   431     7.378  0.00000
   432     7.408  0.00000
   433     7.521  0.00000
   434     7.522  0.00000
   435     7.552  0.00000
   436     7.582  0.00000
   437     7.615  0.00000
   438     7.620  0.00000
   439     7.654  0.00000
   440     7.678  0.00000
   441     7.740  0.00000
   442     7.758  0.00000
   443     7.823  0.00000
   444     7.844  0.00000
   445     7.893  0.00000
   446     7.957  0.00000
   447     8.002  0.00000
   448     8.012  0.00000
   449     8.023  0.00000
   450     8.079  0.00000
   451     8.103  0.00000
   452     8.144  0.00000
   453     8.169  0.00000
   454     8.187  0.00000
   455     8.200  0.00000
   456     8.251  0.00000
   457     8.309  0.00000
   458     8.329  0.00000
   459     8.370  0.00000
   460     8.396  0.00000
   461     8.435  0.00000
   462     8.459  0.00000
   463     8.504  0.00000
   464     8.514  0.00000
   465     8.594  0.00000
   466     8.603  0.00000
   467     8.614  0.00000
   468     8.663  0.00000
   469     8.670  0.00000
   470     8.709  0.00000
   471     8.727  0.00000
   472     8.738  0.00000
   473     8.764  0.00000
   474     8.842  0.00000
   475     8.861  0.00000
   476     8.913  0.00000
   477     8.967  0.00000
   478     8.994  0.00000
   479     9.034  0.00000
   480     9.060  0.00000
   481     9.079  0.00000
   482     9.098  0.00000
   483     9.123  0.00000
   484     9.154  0.00000
   485     9.168  0.00000
   486     9.182  0.00000
   487     9.225  0.00000
   488     9.246  0.00000
   489     9.272  0.00000
   490     9.319  0.00000
   491     9.358  0.00000
   492     9.417  0.00000
   493     9.452  0.00000
   494     9.468  0.00000
   495     9.478  0.00000
   496     9.545  0.00000
   497     9.573  0.00000
   498     9.600  0.00000
   499     9.634  0.00000
   500     9.682  0.00000
   501     9.734  0.00000
   502     9.736  0.00000
   503     9.756  0.00000
   504     9.844  0.00000
   505     9.868  0.00000
   506     9.918  0.00000
   507     9.962  0.00000
   508    10.019  0.00000
   509    10.027  0.00000
   510    10.045  0.00000
   511    10.072  0.00000
   512    10.082  0.00000
   513    10.150  0.00000
   514    10.184  0.00000
   515    10.244  0.00000
   516    10.269  0.00000
   517    10.288  0.00000
   518    10.330  0.00000
   519    10.356  0.00000
   520    10.391  0.00000
   521    10.411  0.00000
   522    10.418  0.00000
   523    10.451  0.00000
   524    10.455  0.00000
   525    10.477  0.00000
   526    10.495  0.00000
   527    10.547  0.00000
   528    10.620  0.00000
   529    10.635  0.00000
   530    10.699  0.00000
   531    10.728  0.00000
   532    10.771  0.00000
   533    10.808  0.00000
   534    10.816  0.00000
   535    10.905  0.00000
   536    10.981  0.00000
   537    11.030  0.00000
   538    11.036  0.00000
   539    11.054  0.00000
   540    11.112  0.00000
   541    11.152  0.00000
   542    11.187  0.00000
   543    11.196  0.00000
   544    11.233  0.00000
   545    11.251  0.00000
   546    11.272  0.00000
   547    11.279  0.00000
   548    11.333  0.00000
   549    11.375  0.00000
   550    11.413  0.00000
   551    11.440  0.00000
   552    11.473  0.00000
   553    11.539  0.00000
   554    11.545  0.00000
   555    11.562  0.00000
   556    11.609  0.00000
   557    11.641  0.00000
   558    11.690  0.00000
   559    11.730  0.00000
   560    11.763  0.00000
   561    11.845  0.00000
   562    11.870  0.00000
   563    11.906  0.00000
   564    11.961  0.00000
   565    11.975  0.00000
   566    12.012  0.00000
   567    12.044  0.00000
   568    12.054  0.00000
   569    12.081  0.00000
   570    12.107  0.00000
   571    12.163  0.00000
   572    12.194  0.00000
   573    12.211  0.00000
   574    12.258  0.00000
   575    12.310  0.00000
   576    12.382  0.00000
   577    12.431  0.00000
   578    12.475  0.00000
   579    12.522  0.00000
   580    12.549  0.00000
   581    12.557  0.00000
   582    12.592  0.00000
   583    12.609  0.00000
   584    12.674  0.00000
   585    12.682  0.00000
   586    12.761  0.00000
   587    12.785  0.00000
   588    12.844  0.00000
   589    12.915  0.00000
   590    12.937  0.00000
   591    13.003  0.00000
   592    13.030  0.00000
   593    13.101  0.00000
   594    13.113  0.00000
   595    13.128  0.00000
   596    13.155  0.00000
   597    13.205  0.00000
   598    13.268  0.00000
   599    13.302  0.00000
   600    13.340  0.00000
   601    13.354  0.00000
   602    13.404  0.00000
   603    13.414  0.00000
   604    13.447  0.00000
   605    13.524  0.00000
   606    13.584  0.00000
   607    13.609  0.00000
   608    13.624  0.00000
   609    13.681  0.00000
   610    13.700  0.00000
   611    13.753  0.00000
   612    13.826  0.00000
   613    13.841  0.00000
   614    13.916  0.00000
   615    13.940  0.00000
   616    14.022  0.00000
   617    14.065  0.00000
   618    14.135  0.00000
   619    14.161  0.00000
   620    14.315  0.00000
   621    14.348  0.00000
   622    14.485  0.00000
   623    14.508  0.00000
   624    14.559  0.00000
   625    14.585  0.00000
   626    14.646  0.00000
   627    14.660  0.00000
   628    14.678  0.00000
   629    14.734  0.00000
   630    14.828  0.00000
   631    14.868  0.00000
   632    14.931  0.00000
   633    14.958  0.00000
   634    14.978  0.00000
   635    15.060  0.00000
   636    15.128  0.00000
   637    15.191  0.00000
   638    15.251  0.00000
   639    15.271  0.00000
   640    15.386  0.00000
   641    15.466  0.00000
   642    15.475  0.00000
   643    15.588  0.00000
   644    15.621  0.00000
   645    15.651  0.00000
   646    15.715  0.00000
   647    15.785  0.00000
   648    15.814  0.00000
   649    16.006  0.00000
   650    16.026  0.00000
   651    16.046  0.00000
   652    16.097  0.00000
   653    16.160  0.00000
   654    16.236  0.00000
   655    16.269  0.00000
   656    16.301  0.00000
   657    16.508  0.00000
   658    16.559  0.00000
   659    16.699  0.00000
   660    16.774  0.00000
   661    16.879  0.00000
   662    16.900  0.00000
   663    16.923  0.00000
   664    16.981  0.00000
   665    17.061  0.00000
   666    17.124  0.00000
   667    17.272  0.00000
   668    17.307  0.00000
   669    17.409  0.00000
   670    17.453  0.00000
   671    17.473  0.00000
   672    17.844  0.00000
   673    17.989  0.00000
   674    18.110  0.00000
   675    18.131  0.00000
   676    18.299  0.00000
   677    18.541  0.00000
   678    18.730  0.00000
   679    18.925  0.00000
   680    19.298  0.00000
   681    22.793  0.00000
   682    29.727  0.00000
 
