 Fermi distribution function
 
MD step: 100000
 

********************************************************************************
 iSCC Total electronic   Diff electronic      SCC error    
    7   -0.28158947E+03    0.85265128E-12    0.31404948E-06
********************************************************************************
 
Coordinates of moved atoms (au):
    1     76.34742504     47.61394630     66.64901778
    2     78.31017338     47.59046209     67.59042617
    3     75.07653296     45.90328251     66.93725174
    4     74.13436241     78.20411892     67.17877838
    5     73.71728032     78.20368166     69.31468028
    6     43.76855107     77.12459536     65.91241551
    7     73.97531007     81.16284209     66.89160095
    8     44.44823714     82.06372753     69.01879875
    9     72.18791282     82.16147330     66.07836765
   10     50.81653518     85.43784855     76.90856750
   11     48.82132829     85.46465061     77.02833049
   12     47.88371376     89.50691467     71.93700709
   13    103.99634683     94.04559824     63.44725529
   14    107.69148239     96.47966586     62.93349437
   15    102.36601535     92.58816444     63.57539354
   16     51.97345721     85.67724366     79.08784713
   17     50.91247982     86.20050405     80.74951111
   18     51.74766866     84.33126853     75.48435926
   19     83.90716776     85.75899877     79.49805347
   20     84.90462004     86.27689983     77.59970434
   21     84.00329945     83.70510269     79.81232880
   22     85.13745290     87.57904760     81.54630101
   23     55.07528442     89.15253392     82.43542117
   24     58.22023956     88.32139211     80.60788498
   25     77.48541702     47.83837200     64.18843423
   26     78.59317565     46.36242361     63.38238279
   27     75.97443871     48.20846839     62.79046971
   28     78.42547216     49.63687226     64.32530852
   29     85.63861983     85.84399592     83.68902098
   30     86.72004518     84.18981004     83.13202356
   31     86.35009677     86.55250409     85.37269001
   32     83.68458678     85.26758713     84.26689173
   33     57.80835689     76.44161049     67.11103363
   34     60.01874235     76.80979690     67.27228993
   35     57.58396587     75.59758041     65.31020681
   36     56.90744123     74.37891729     68.94803710
   37     55.15087532     73.27794906     68.40199473
   38     55.98278004     75.30918405     70.55166279
   39     59.05411663     72.43572336     70.32874394
   40     57.84876785     71.81189444     71.95521556
   41     60.49889706     73.85892051     70.75139701
   42     60.27048098     70.59166218     68.51516396
   43     89.85723160     68.71241825     69.30847219
   44     62.07156521     71.50064000     68.23793639
   45     59.16366086     70.37062035     65.79210949
   46     60.67441896     69.78280216     64.54476772
   47     87.88013983     72.22931542     64.93380319
   48     85.87773698     68.55783331     65.82121541
   49     84.40864924     69.44692519     67.10945278
   50     86.34777671     66.84327263     66.96525373
   51     55.64724551     68.01009948     63.34262900
   52     56.66566629     69.17293297     61.77539975
   53     53.93783839     69.23288998     63.37126521
   54     84.02841859     65.23327759     91.39581844
   55     82.27299642     65.32197087     90.28489862
   56     83.36912392     63.90543692     92.91290616
   57     55.97791136     78.61222106     67.24603897
   58     57.09248277     80.38181877     67.32787165
   59     54.93503396     78.69352731     65.55789641
   60     54.38173051     78.55149081     68.48118224
   61     57.10135723     63.78719870     90.03899101
   62     57.24569098     61.64725516     90.15124784
   63     56.54275862     64.04256127     88.09882252
   64     59.14027374     64.38102664     90.20689231
   65     68.23661158     84.80613969     64.31314418
   66     66.18740197     85.31096861     64.34444968
   67     68.54523108     83.58687741     65.91696364
   68     68.87891834     83.64051263     61.54127661
   69     67.98745916     81.74588717     60.79239400
   70     70.97556400     82.82807994     61.84188507
   71     69.03213788     85.86666442     59.59165516
   72     70.95955134     85.74941023     58.81585933
   73     68.55602554     87.81255341     60.68291894
   74     67.45639399     56.75111796     57.21230793
   75     67.83406015     55.29949670     55.76590534
   76     67.17220881     58.57752078     56.29823331
   77     64.43145339     56.12755119     58.17948577
   78     63.68194484     86.51758977     59.87064570
   79     64.63478404     83.21072896     59.00096526
   80     62.79000385     55.49135333     55.28729487
   81     63.22961151     57.03147879     53.87294160
   82     60.71702145     55.29190912     55.68237325
   83     63.66832906     52.99997069     54.12044154
   84     62.28248895     51.77100679     54.56703155
   85     65.46550383     51.97064481     55.23504511
   86     63.60926901     53.06392967     51.22515582
   87     64.55746264     54.95156177     51.02551859
   88     61.78741129     53.25943718     50.60504035
   89     69.74109529     87.13598387     64.75176544
   90     69.66350659     88.00581515     66.61419078
   91     71.74601419     86.62545762     64.06503387
   92     68.91738971     88.66878356     63.56581902
   93     65.02052447     51.02541069     49.74804253
   94     63.86558260     50.66968418     48.05509518
   95     67.06061398     51.56787654     49.19545908
   96     64.61847925     48.76900978     50.56086668
   97     47.92655916     72.24756230     85.15732635
   98     49.78070071     71.12907161     85.68647563
   99     47.23129765     73.23380716     87.04420075
  100     48.64090060     73.66680945     82.70751554
  101     47.24515281     73.66146693     81.32987426
  102     50.40803450     72.91897243     81.75966627
  103     48.93776397     76.43121321     83.41840688
  104     47.32201539     76.98577425     84.61038674
  105     48.60583264     77.16085472     81.41934785
  106     51.11561171     77.24998610     56.09922516
  107     51.88967902     75.46089571     56.69845020
  108     50.35910408     78.11231143     57.69362492
  109     52.96441520     78.99240377     54.76903067
  110     54.65174383     79.63328334     55.95120243
  111     52.12708667     80.68939754     54.20133635
  112     54.16612826     77.56973083     52.58885015
  113     52.68581631     76.65595249     51.17604205
  114     55.08113532     75.70044454     53.15998383
  115     56.20771930     78.86485364     50.88858550
  116     58.18528664     78.52148164     51.76904598
  117     55.60540217     81.00917109     50.87422549
  118     56.89163128     77.39426761     48.10288498
  119     54.99650101     76.61035191     47.55760773
  120     57.87503701     75.49244189     48.62407490
  121     45.76720124     70.23087630     84.51760417
  122     45.61106938     68.73613013     85.77148483
  123     44.07726343     71.44822664     84.17917819
  124     46.16773468     69.43627567     82.72412816
  125     57.96046797     79.11672434     45.95648042
  126     58.48647139     77.84004390     44.27135261
  127     56.63084885     80.63883550     45.23723111
  128     59.64574849     80.07903314     46.77444712
  129     67.86034303     75.12909144     58.29510126
  130     66.72246134     73.47796331     57.81491245
  131     66.08573646     76.41680614     58.58254219
  132     69.44749235     75.00323582     60.82465082
  133     69.82289787     76.68683394     61.65563058
  134     71.17574807     74.03328612     60.45112538
  135     67.95802017     73.34155501     62.79544796
  136     68.93164314     71.33820441     63.10228563
  137     66.23371244     72.61269254     61.95253394
  138     68.09300228     74.34490346     65.66906797
  139     66.61316592     75.87769548     65.55031647
  140     69.83762760     75.22191968     66.14538335
  141     67.13241129     72.64435905     67.91592038
  142     68.22161980     70.95102295     68.13377838
  143     65.01350917     71.83270359     67.75807481
  144     66.98414774     74.42224550     70.42551171
  145     65.17950538     73.60053100     71.14703354
  146     66.93712114     76.30899241     69.84273334
  147     68.94012758     73.96055985     72.53724803
  148     69.47693847     75.71863627     73.48892799
  149     70.89316157     73.35310799     71.27647218
  150     68.29547373     71.99507411     74.73032228
  151     67.54292380     70.41834233     73.59710461
  152     66.82625930     72.68111870     76.11839790
  153     69.31579585     76.22834138     56.13913408
  154     70.04986698     49.16248371     57.01552500
  155     70.91638992     75.24881299     55.43867332
  156     68.20202607     76.69910275     54.21297508
  157     70.75129434     71.14365944     75.86697026
  158     70.07312692     69.65711975     76.91810648
  159     72.19930023     70.64274831     74.38872706
  160     71.54780901     72.69576643     76.93354190
  161     76.59788962     48.05182376     45.42087227
  162     77.64333983     46.97911740     46.80168987
  163     76.14186315     47.07927594     43.68951484
  164     74.17299927     49.10592773     46.32648821
  165     72.99724031     47.45848950     47.07661774
  166     72.60674010     49.70126597     44.65694141
  167     74.11622387     51.40656240     47.99227219
  168     73.06135953     52.92459447     46.76097540
  169     75.99082686     52.33490738     48.43208259
  170     72.74197827     51.35335760     50.47011169
  171     73.66517800     49.95693445     52.24670479
  172     70.97520535     50.30141589     50.04827907
  173     71.65809807     82.77418048     51.59673897
  174     70.28656398     82.31430454     53.14748702
  175     70.64553417     54.27059398     49.95157899
  176     73.62668323     84.95736362     52.07179087
  177     75.84195403     84.40115493     52.49639023
  178     72.78917057     85.68110831     53.86649079
  179     73.30482935     87.39396168     50.29705029
  180     71.42200284     87.45292201     49.87091007
  181     74.26197414     87.25484913     48.54767492
  182     74.38884852     89.78567289     51.47707963
  183     76.51230927     89.51410811     51.88391731
  184     73.63105091     89.94217485     53.45151855
  185     78.56284288     50.02633587     44.48973375
  186     78.97180810     49.65557526     42.45725193
  187     78.15049296     52.06352664     43.99208897
  188     80.61703399     50.21804166     74.45069805
  189     73.73521142     92.28575708     50.20221749
  190     72.68939699     91.87389482     48.33511711
  191     72.50969203     93.26017576     51.37208565
  192     75.48209213     93.53707484     50.01481229
  193     65.53282931     36.66629666     61.21872522
  194     66.18769301     36.12483583     63.00805857
  195     63.90004576     66.80499580     61.54780426
  196     67.22824613     38.31726420     59.70287428
  197     68.58269601     39.67560528     61.27011927
  198     66.28914069     68.76631974     58.46277242
  199     69.30169648     37.25448358     58.17592654
  200     69.48964154     34.97846170     58.28752010
  201     71.13190131     38.30072424     58.68514704
  202     69.26119306     37.65156526     55.36034619
  203     70.72279028     36.43319129     54.55554556
  204     69.88270304     39.82623022     55.05215696
  205     66.96718343     37.03758955     53.73812134
  206     66.63900961     38.51131502     52.44825139
  207     65.32159751     36.68084219     54.93686411
  208     67.63637830     34.33081261     52.51330986
  209     67.19875884     32.81826861     54.04494184
  210     69.72837386     34.17728319     51.92017526
  211     65.91027711     62.54586094     50.39204973
  212     66.12275782     60.77499903     49.45943949
  213     66.06311991     64.03987601     49.05082413
  214     62.78852771     62.65828398     50.99688856
  215     61.73896959     61.63717759     49.46684274
  216     62.15859172     64.67506710     50.86402124
  217     64.73610806     34.05541562     60.02386878
  218     66.10913442     32.40994003     31.47087434
  219     62.67827460     33.92092870     31.71635514
  220     64.59933592     34.09363720     57.94107561
  221     61.96730600     62.33410566     53.73969701
  222     60.02270876     62.89752103     53.93051724
  223     62.09279178     60.29492506     54.38587901
  224     63.03541754     63.69369042     55.11032035
  225     47.82583463     89.59313990     69.83161341
  226     49.01384064     90.94316247     68.94227187
  227      7.11874777     96.73454594     48.88279239
  228     77.12376007     37.07237397     63.00348022
  229     62.79834821     44.67258474     83.95799451
  230     45.87355663     61.14787260     69.72228466
  231     61.24694833     74.88092515     83.42018177
  232     60.19273347     74.37371639     81.61840251
  233     61.64572417     76.92075032     83.25613871
  234     59.27217269     74.65128848     85.58075792
  235     57.28124007     75.35384857     84.93314011
  236     59.82083447     75.95595478     87.21795949
  237     58.92941145     71.88451540     86.49194002
  238     57.99261225     71.86503227     88.25339547
  239     60.66963721     41.75608758     86.48629983
  240     57.06804942     70.50914827     84.92055276
  241     55.74612575     42.91478257     84.16473056
  242     56.22557659     40.25272627     86.31856071
  243     58.11440098     68.98800663     82.81381150
  244     59.89889473     68.05666802     83.37025542
  245     58.72201697     70.75265458     81.65178736
  246     56.27813997     67.29211265     81.12429982
  247     57.29948598     65.53908812     80.40698907
  248     55.42907764     68.32099735     79.52017580
  249     47.66566046     58.18823587     68.27857441
  250     45.74466788     57.84614449     67.51044415
  251     48.09575109     58.87557829     66.20466057
  252     47.80320736     56.40802308     69.32828371
  253     54.12263936     66.06418995     82.32608937
  254     54.83837675     64.78341490     84.03980626
  255     53.39325011     67.19863634     83.77187286
  256     52.66556816     64.91253246    110.11936115
  257     87.53060009     62.38114976     69.38224683
  258     86.13610838     60.91733476     68.61357281
  259     87.73428399     63.80923982     67.77334423
  260     86.29839114     63.71722840     71.92324654
  261     35.22232502     68.51445387     47.56236424
  262     87.67052033     65.55023406     72.07989562
  263     83.89189861     63.20983898     72.87872252
  264     83.41479431     61.99786829     71.19148969
  265     75.64162659     53.02325341     65.97712043
  266     82.12950287     63.86441695     75.02249900
  267     83.63984452     63.54140308     76.47183937
  268     80.26346335     62.74575209     75.12967684
  269     81.29236701     66.89689148     75.55770999
  270     82.47005120     67.86659135     74.13974928
  271     82.02549925     67.48379906     77.17424160
  272     78.45928586     67.17264222     75.24852640
  273     77.75237121     69.04028395     75.92687060
  274     77.64441139     65.56534406     76.41777672
  275     78.10675749     66.90214028     72.35086064
  276     75.88536880     67.12447573     72.12168247
  277     78.41730211     64.89945267     71.76192198
  278     79.80632725     68.96838513     70.96129297
  279     80.54529211     68.39673889     69.07912452
  280     81.77178721     69.51670282     71.84613847
  281     90.06544651     61.21842299     70.11567010
  282     91.50858423     61.71975507     68.32710128
  283     91.27736482     62.29608217     71.50118322
  284     90.13136220     59.06405274     70.34193060
  285     78.15264353     71.36562455     70.35218769
  286     76.72155651     71.15052505     68.67629925
  287     77.32921587     71.60966486     72.18991009
  288     79.02025873     73.25514623     70.12170957
  289     49.09029924     56.12056668     88.23574429
  290     49.21759255     57.21342495     86.26323522
  291     47.86407655     54.50816637     87.65163110
  292     51.88799769     55.44685756     89.18794902
  293     53.04918938     57.13395293     89.06351521
  294     53.09168567     54.18189302     87.87681924
  295     51.83942222     54.56871052     92.13511774
  296     51.87740531     52.45200607     92.13754584
  297     50.02146126     54.89823707     64.22603248
  298     53.67200835     56.08020962     64.78502715
  299     53.52481694     54.88991606     95.50014383
  300     53.23579606     58.07289298     65.35766991
  301     56.70231425     56.09566780     64.43155280
  302     57.27485501     55.11221387     66.05172706
  303     57.01824412     58.14314425     93.75996307
  304     58.22615772     55.25285946     61.97790666
  305     60.16209523     56.31753373     61.80574270
  306     56.90402796     55.55281847     60.30803012
  307     59.23152390     52.43245216     62.09563224
  308     60.02436072     51.95226938     60.06744531
  309     57.65736821     51.31657784     62.01578742
  310     61.49791680     52.23801844     64.06336347
  311     60.93001859     51.71711541     65.96734561
  312     62.55945275     54.00626368     64.12561574
  313     47.56630193     57.68816964     89.92227932
  314     48.52817813     58.92163402     91.21287514
  315     46.18936603     58.98921767     88.90172615
  316     46.51999212     56.54561518     91.28161207
  317     63.76572447     50.30949310     63.28221318
  318     62.95697383     48.94037497     62.10625098
  319     65.45060119     51.07181289     62.60845480
  320     64.55055563     49.36187858     64.86884340
  321     71.27880444     67.37730496     40.82316000
  322     69.54196389     68.55720393     41.32130023
  323     72.54445341     67.10533400     42.46007735
  324     70.14610425     64.93859461     68.67866222
  325     71.54490173     63.52316714     68.66372609
  326     69.44609397     65.13333480     66.75295769
  327     67.70877574     63.58174156     69.71363860
  328     67.25388221     62.21305453     68.51680510
  329     66.14666328     64.72467123     70.07679216
  330     67.55492277     62.24322174     72.51183346
  331     66.19588505     60.71587042     72.43338310
  332     66.96218568     63.83250695     73.96102254
  333     69.92380165     61.04074659     73.58201036
  334     69.94062863     60.86745176     75.89415026
  335     71.81561935     62.24345655     73.37018001
  336     71.01446072     58.38867729     72.90810052
  337     72.52528707     57.96934637     74.34023424
  338     71.75451414     58.76479515     70.93581120
  339     68.73533596     56.48761337     73.19469429
  340     66.99971904     57.67448403     74.00079281
  341     69.22160185     55.18865063     74.93386907
  342     67.66041051     55.11631066     71.01433661
  343     69.27395769     54.43047851     69.64633779
  344     66.95892446     56.65074434     69.45648887
  345     73.10824990     68.66260838     39.05045558
  346     73.75611474     70.24733948     40.18418722
  347     74.72731176     67.70011480     38.20172554
  348     72.49208161     69.17269593     37.09946666
  349     65.60534709     53.13052479     71.67835309
  350     66.43968464     51.32713250     72.38918174
  351     64.29847521     53.59212162     73.51942238
  352     64.13727706     53.02343249     70.17321500
 
 Total charge:    -0.00000000

 Atomic gross charges (e)
 Atom           Charge
    1      -0.09510923
    2       0.06230625
    3       0.05441989
    4      -0.07735884
    5       0.05386738
    6       0.05558627
    7      -0.19977439
    8       0.02348977
    9       0.06067383
   10      -0.25904278
   11       0.09708235
   12       0.07126230
   13      -0.17318537
   14       0.18076444
   15       0.17915348
   16      -0.05629722
   17       0.07513524
   18       0.10467458
   19      -0.12772327
   20       0.05408009
   21       0.09527873
   22      -0.06612284
   23       0.07419121
   24       0.02813227
   25      -0.20399166
   26       0.07694273
   27       0.04263116
   28       0.06721397
   29      -0.21368667
   30       0.07260521
   31       0.07703954
   32       0.05145781
   33      -0.07659560
   34       0.04757936
   35       0.06212569
   36      -0.14937690
   37       0.05551393
   38       0.04563158
   39      -0.12120715
   40       0.06941246
   41       0.06404530
   42      -0.11012620
   43       0.05629798
   44       0.05851888
   45      -0.11026298
   46       0.05017706
   47       0.06714884
   48      -0.09043570
   49       0.04094528
   50       0.05997554
   51      -0.09579961
   52       0.03889792
   53       0.04086255
   54      -0.07880867
   55       0.05039838
   56       0.04926956
   57      -0.21617501
   58       0.06803488
   59       0.06248612
   60       0.08015189
   61      -0.19853252
   62       0.05864553
   63       0.06138158
   64       0.06506154
   65      -0.09885687
   66       0.04932466
   67       0.06873700
   68      -0.09813009
   69       0.06585322
   70       0.01635701
   71      -0.09473911
   72       0.05971634
   73       0.05749077
   74      -0.12933876
   75       0.07625579
   76       0.06697157
   77      -0.17211935
   78       0.06165921
   79       0.07164364
   80      -0.13253945
   81       0.06617392
   82       0.06762773
   83      -0.11297905
   84       0.06769977
   85       0.03852370
   86      -0.10608460
   87       0.05283839
   88       0.07881762
   89      -0.19946031
   90       0.07431703
   91       0.05946234
   92       0.06075108
   93      -0.17629296
   94       0.05725520
   95       0.07390725
   96       0.03125513
   97      -0.08556754
   98       0.02889326
   99       0.05231817
  100      -0.10759907
  101       0.06965776
  102       0.05382929
  103      -0.11977984
  104       0.05197653
  105       0.05828793
  106      -0.10891947
  107       0.06629559
  108       0.06497362
  109      -0.08866107
  110       0.04033045
  111       0.07382962
  112      -0.09160162
  113       0.03131205
  114       0.04269978
  115      -0.14339671
  116       0.04852436
  117       0.06504608
  118      -0.10581525
  119       0.04624668
  120       0.05547912
  121      -0.23807708
  122       0.09179016
  123       0.06799971
  124       0.06587835
  125      -0.17491732
  126       0.06296787
  127       0.06678766
  128       0.06307442
  129      -0.08391743
  130       0.06141244
  131       0.02869128
  132      -0.12494035
  133       0.08598462
  134       0.07005904
  135      -0.12791822
  136       0.02930730
  137       0.07656741
  138      -0.12135363
  139       0.04495721
  140       0.08047563
  141      -0.12477141
  142       0.07890592
  143       0.03627289
  144      -0.13806404
  145       0.05865415
  146       0.08317532
  147      -0.09827243
  148       0.05657897
  149       0.01445395
  150      -0.10313013
  151       0.05628130
  152       0.06564464
  153      -0.17668084
  154       0.04380117
  155       0.07410307
  156       0.04295244
  157      -0.21751053
  158       0.08946881
  159       0.06802863
  160       0.06973543
  161      -0.08129726
  162       0.07796251
  163       0.07040281
  164      -0.05866112
  165       0.03958401
  166       0.00848604
  167      -0.07473793
  168       0.03299858
  169       0.05766198
  170      -0.08085517
  171       0.00383560
  172       0.03743768
  173      -0.12141291
  174       0.06862391
  175       0.07499755
  176      -0.11427692
  177       0.05038569
  178       0.05229128
  179      -0.13156287
  180       0.08186076
  181       0.06700054
  182      -0.08460608
  183       0.04411178
  184       0.03784657
  185      -0.21291167
  186       0.04638177
  187       0.06586158
  188       0.04671477
  189      -0.21536638
  190       0.06752127
  191       0.08707550
  192       0.06365720
  193      -0.10479555
  194       0.07248589
  195       0.05792419
  196      -0.05752303
  197      -0.00511864
  198       0.05129105
  199      -0.07507546
  200       0.03023858
  201       0.04946312
  202      -0.10495439
  203       0.05730567
  204       0.01815587
  205      -0.13370201
  206       0.07830253
  207       0.07788390
  208      -0.10325438
  209       0.04349361
  210       0.06407825
  211      -0.13563473
  212       0.07528734
  213       0.06111399
  214      -0.12626537
  215       0.06549612
  216       0.04708383
  217      -0.21573375
  218       0.07116139
  219       0.06186524
  220       0.07179202
  221      -0.19701766
  222       0.06493285
  223       0.05950331
  224       0.06714367
  225      -0.21829324
  226       0.08700799
  227       0.00452930
  228      -0.18459198
  229       0.08357622
  230       0.06684735
  231      -0.20836478
  232       0.06432174
  233       0.07211902
  234      -0.09706818
  235       0.04498982
  236       0.04118113
  237      -0.12425286
  238       0.06647535
  239       0.06182932
  240      -0.10165740
  241       0.06339679
  242       0.04308777
  243      -0.10647580
  244       0.06195048
  245       0.03968445
  246      -0.08734946
  247       0.04998819
  248       0.06087918
  249      -0.23711146
  250       0.04015920
  251       0.08504434
  252       0.10573632
  253      -0.20542512
  254       0.02270815
  255       0.08153668
  256       0.07031212
  257      -0.08153039
  258       0.04686179
  259       0.06163622
  260      -0.13813934
  261      -0.01038260
  262       0.05339302
  263      -0.10189739
  264       0.08555389
  265       0.07849443
  266      -0.09655475
  267       0.08432899
  268       0.07388161
  269      -0.16711832
  270       0.07723921
  271       0.08531541
  272      -0.09894839
  273       0.05926657
  274       0.05788543
  275      -0.09100908
  276       0.03752162
  277       0.06523788
  278      -0.09096490
  279       0.04826224
  280       0.06598099
  281      -0.16278267
  282       0.00682849
  283       0.07070738
  284       0.06882743
  285      -0.23734899
  286       0.07355462
  287       0.06904340
  288       0.06441619
  289      -0.06605331
  290       0.02145510
  291       0.05353774
  292      -0.12426357
  293       0.06516739
  294       0.05255646
  295      -0.09416901
  296       0.05744433
  297       0.05440641
  298      -0.11101451
  299       0.04143668
  300       0.06764276
  301      -0.14499321
  302       0.07259674
  303       0.05168044
  304      -0.10181729
  305       0.05186293
  306       0.05934767
  307      -0.12063575
  308       0.03136224
  309       0.08772791
  310      -0.10297020
  311       0.06660982
  312       0.06551532
  313      -0.18629248
  314       0.06706138
  315       0.05331722
  316       0.05586481
  317      -0.26036599
  318       0.08295462
  319       0.08613662
  320       0.06967288
  321      -0.07801528
  322       0.05957793
  323       0.06574064
  324      -0.11872099
  325       0.06608106
  326       0.05945893
  327      -0.16660657
  328       0.08312744
  329       0.07744897
  330      -0.10458437
  331       0.07607582
  332       0.04228948
  333      -0.08322022
  334       0.01428139
  335       0.02241227
  336      -0.11912364
  337       0.06562906
  338       0.06596552
  339      -0.07539151
  340       0.03211059
  341       0.03412955
  342      -0.05436712
  343       0.03924276
  344       0.02060290
  345      -0.23804389
  346       0.07745338
  347       0.08177317
  348       0.06298437
  349      -0.18190241
  350       0.07197523
  351       0.03337427
  352       0.07133833
 
Nr. of electrons (up):    682.00000000
Atom populations (up)
 Atom       Population
    1       4.09510923
    2       0.93769375
    3       0.94558011
    4       4.07735884
    5       0.94613262
    6       0.94441373
    7       4.19977439
    8       0.97651023
    9       0.93932617
   10       4.25904278
   11       0.90291765
   12       0.92873770
   13       4.17318537
   14       0.81923556
   15       0.82084652
   16       4.05629722
   17       0.92486476
   18       0.89532542
   19       4.12772327
   20       0.94591991
   21       0.90472127
   22       4.06612284
   23       0.92580879
   24       0.97186773
   25       4.20399166
   26       0.92305727
   27       0.95736884
   28       0.93278603
   29       4.21368667
   30       0.92739479
   31       0.92296046
   32       0.94854219
   33       4.07659560
   34       0.95242064
   35       0.93787431
   36       4.14937690
   37       0.94448607
   38       0.95436842
   39       4.12120715
   40       0.93058754
   41       0.93595470
   42       4.11012620
   43       0.94370202
   44       0.94148112
   45       4.11026298
   46       0.94982294
   47       0.93285116
   48       4.09043570
   49       0.95905472
   50       0.94002446
   51       4.09579961
   52       0.96110208
   53       0.95913745
   54       4.07880867
   55       0.94960162
   56       0.95073044
   57       4.21617501
   58       0.93196512
   59       0.93751388
   60       0.91984811
   61       4.19853252
   62       0.94135447
   63       0.93861842
   64       0.93493846
   65       4.09885687
   66       0.95067534
   67       0.93126300
   68       4.09813009
   69       0.93414678
   70       0.98364299
   71       4.09473911
   72       0.94028366
   73       0.94250923
   74       4.12933876
   75       0.92374421
   76       0.93302843
   77       4.17211935
   78       0.93834079
   79       0.92835636
   80       4.13253945
   81       0.93382608
   82       0.93237227
   83       4.11297905
   84       0.93230023
   85       0.96147630
   86       4.10608460
   87       0.94716161
   88       0.92118238
   89       4.19946031
   90       0.92568297
   91       0.94053766
   92       0.93924892
   93       4.17629296
   94       0.94274480
   95       0.92609275
   96       0.96874487
   97       4.08556754
   98       0.97110674
   99       0.94768183
  100       4.10759907
  101       0.93034224
  102       0.94617071
  103       4.11977984
  104       0.94802347
  105       0.94171207
  106       4.10891947
  107       0.93370441
  108       0.93502638
  109       4.08866107
  110       0.95966955
  111       0.92617038
  112       4.09160162
  113       0.96868795
  114       0.95730022
  115       4.14339671
  116       0.95147564
  117       0.93495392
  118       4.10581525
  119       0.95375332
  120       0.94452088
  121       4.23807708
  122       0.90820984
  123       0.93200029
  124       0.93412165
  125       4.17491732
  126       0.93703213
  127       0.93321234
  128       0.93692558
  129       4.08391743
  130       0.93858756
  131       0.97130872
  132       4.12494035
  133       0.91401538
  134       0.92994096
  135       4.12791822
  136       0.97069270
  137       0.92343259
  138       4.12135363
  139       0.95504279
  140       0.91952437
  141       4.12477141
  142       0.92109408
  143       0.96372711
  144       4.13806404
  145       0.94134585
  146       0.91682468
  147       4.09827243
  148       0.94342103
  149       0.98554605
  150       4.10313013
  151       0.94371870
  152       0.93435536
  153       4.17668084
  154       0.95619883
  155       0.92589693
  156       0.95704756
  157       4.21751053
  158       0.91053119
  159       0.93197137
  160       0.93026457
  161       4.08129726
  162       0.92203749
  163       0.92959719
  164       4.05866112
  165       0.96041599
  166       0.99151396
  167       4.07473793
  168       0.96700142
  169       0.94233802
  170       4.08085517
  171       0.99616440
  172       0.96256232
  173       4.12141291
  174       0.93137609
  175       0.92500245
  176       4.11427692
  177       0.94961431
  178       0.94770872
  179       4.13156287
  180       0.91813924
  181       0.93299946
  182       4.08460608
  183       0.95588822
  184       0.96215343
  185       4.21291167
  186       0.95361823
  187       0.93413842
  188       0.95328523
  189       4.21536638
  190       0.93247873
  191       0.91292450
  192       0.93634280
  193       4.10479555
  194       0.92751411
  195       0.94207581
  196       4.05752303
  197       1.00511864
  198       0.94870895
  199       4.07507546
  200       0.96976142
  201       0.95053688
  202       4.10495439
  203       0.94269433
  204       0.98184413
  205       4.13370201
  206       0.92169747
  207       0.92211610
  208       4.10325438
  209       0.95650639
  210       0.93592175
  211       4.13563473
  212       0.92471266
  213       0.93888601
  214       4.12626537
  215       0.93450388
  216       0.95291617
  217       4.21573375
  218       0.92883861
  219       0.93813476
  220       0.92820798
  221       4.19701766
  222       0.93506715
  223       0.94049669
  224       0.93285633
  225       4.21829324
  226       0.91299201
  227       0.99547070
  228       4.18459198
  229       0.91642378
  230       0.93315265
  231       4.20836478
  232       0.93567826
  233       0.92788098
  234       4.09706818
  235       0.95501018
  236       0.95881887
  237       4.12425286
  238       0.93352465
  239       0.93817068
  240       4.10165740
  241       0.93660321
  242       0.95691223
  243       4.10647580
  244       0.93804952
  245       0.96031555
  246       4.08734946
  247       0.95001181
  248       0.93912082
  249       4.23711146
  250       0.95984080
  251       0.91495566
  252       0.89426368
  253       4.20542512
  254       0.97729185
  255       0.91846332
  256       0.92968788
  257       4.08153039
  258       0.95313821
  259       0.93836378
  260       4.13813934
  261       1.01038260
  262       0.94660698
  263       4.10189739
  264       0.91444611
  265       0.92150557
  266       4.09655475
  267       0.91567101
  268       0.92611839
  269       4.16711832
  270       0.92276079
  271       0.91468459
  272       4.09894839
  273       0.94073343
  274       0.94211457
  275       4.09100908
  276       0.96247838
  277       0.93476212
  278       4.09096490
  279       0.95173776
  280       0.93401901
  281       4.16278267
  282       0.99317151
  283       0.92929262
  284       0.93117257
  285       4.23734899
  286       0.92644538
  287       0.93095660
  288       0.93558381
  289       4.06605331
  290       0.97854490
  291       0.94646226
  292       4.12426357
  293       0.93483261
  294       0.94744354
  295       4.09416901
  296       0.94255567
  297       0.94559359
  298       4.11101451
  299       0.95856332
  300       0.93235724
  301       4.14499321
  302       0.92740326
  303       0.94831956
  304       4.10181729
  305       0.94813707
  306       0.94065233
  307       4.12063575
  308       0.96863776
  309       0.91227209
  310       4.10297020
  311       0.93339018
  312       0.93448468
  313       4.18629248
  314       0.93293862
  315       0.94668278
  316       0.94413519
  317       4.26036599
  318       0.91704538
  319       0.91386338
  320       0.93032712
  321       4.07801528
  322       0.94042207
  323       0.93425936
  324       4.11872099
  325       0.93391894
  326       0.94054107
  327       4.16660657
  328       0.91687256
  329       0.92255103
  330       4.10458437
  331       0.92392418
  332       0.95771052
  333       4.08322022
  334       0.98571861
  335       0.97758773
  336       4.11912364
  337       0.93437094
  338       0.93403448
  339       4.07539151
  340       0.96788941
  341       0.96587045
  342       4.05436712
  343       0.96075724
  344       0.97939710
  345       4.23804389
  346       0.92254662
  347       0.91822683
  348       0.93701563
  349       4.18190241
  350       0.92802477
  351       0.96662573
  352       0.92866167
 
l-shell populations (up)
 Atom Sh.   l       Population
    1   1   0       1.21199094
    1   2   1       2.88311828
    2   1   0       0.93769375
    3   1   0       0.94558011
    4   1   0       1.24075016
    4   2   1       2.83660868
    5   1   0       0.94613262
    6   1   0       0.94441373
    7   1   0       1.29886204
    7   2   1       2.90091235
    8   1   0       0.97651023
    9   1   0       0.93932617
   10   1   0       1.26608131
   10   2   1       2.99296147
   11   1   0       0.90291765
   12   1   0       0.92873770
   13   1   0       1.30285058
   13   2   1       2.87033479
   14   1   0       0.81923556
   15   1   0       0.82084652
   16   1   0       1.24430887
   16   2   1       2.81198835
   17   1   0       0.92486476
   18   1   0       0.89532542
   19   1   0       1.26622242
   19   2   1       2.86150084
   20   1   0       0.94591991
   21   1   0       0.90472127
   22   1   0       1.25303324
   22   2   1       2.81308960
   23   1   0       0.92580879
   24   1   0       0.97186773
   25   1   0       1.24109417
   25   2   1       2.96289748
   26   1   0       0.92305727
   27   1   0       0.95736884
   28   1   0       0.93278603
   29   1   0       1.25251478
   29   2   1       2.96117190
   30   1   0       0.92739479
   31   1   0       0.92296046
   32   1   0       0.94854219
   33   1   0       1.22684525
   33   2   1       2.84975035
   34   1   0       0.95242064
   35   1   0       0.93787431
   36   1   0       1.27627620
   36   2   1       2.87310069
   37   1   0       0.94448607
   38   1   0       0.95436842
   39   1   0       1.26199739
   39   2   1       2.85920975
   40   1   0       0.93058754
   41   1   0       0.93595470
   42   1   0       1.23294026
   42   2   1       2.87718594
   43   1   0       0.94370202
   44   1   0       0.94148112
   45   1   0       1.23235540
   45   2   1       2.87790758
   46   1   0       0.94982294
   47   1   0       0.93285116
   48   1   0       1.22860271
   48   2   1       2.86183299
   49   1   0       0.95905472
   50   1   0       0.94002446
   51   1   0       1.24051946
   51   2   1       2.85528015
   52   1   0       0.96110208
   53   1   0       0.95913745
   54   1   0       1.22856052
   54   2   1       2.85024815
   55   1   0       0.94960162
   56   1   0       0.95073044
   57   1   0       1.25003068
   57   2   1       2.96614433
   58   1   0       0.93196512
   59   1   0       0.93751388
   60   1   0       0.91984811
   61   1   0       1.25981120
   61   2   1       2.93872133
   62   1   0       0.94135447
   63   1   0       0.93861842
   64   1   0       0.93493846
   65   1   0       1.23735187
   65   2   1       2.86150500
   66   1   0       0.95067534
   67   1   0       0.93126300
   68   1   0       1.28249431
   68   2   1       2.81563578
   69   1   0       0.93414678
   70   1   0       0.98364299
   71   1   0       1.24635200
   71   2   1       2.84838711
   72   1   0       0.94028366
   73   1   0       0.94250923
   74   1   0       1.26295596
   74   2   1       2.86638280
   75   1   0       0.92374421
   76   1   0       0.93302843
   77   1   0       1.34633407
   77   2   1       2.82578528
   78   1   0       0.93834079
   79   1   0       0.92835636
   80   1   0       1.29196630
   80   2   1       2.84057315
   81   1   0       0.93382608
   82   1   0       0.93237227
   83   1   0       1.23745334
   83   2   1       2.87552571
   84   1   0       0.93230023
   85   1   0       0.96147630
   86   1   0       1.22201780
   86   2   1       2.88406680
   87   1   0       0.94716161
   88   1   0       0.92118238
   89   1   0       1.26374324
   89   2   1       2.93571707
   90   1   0       0.92568297
   91   1   0       0.94053766
   92   1   0       0.93924892
   93   1   0       1.28985066
   93   2   1       2.88644229
   94   1   0       0.94274480
   95   1   0       0.92609275
   96   1   0       0.96874487
   97   1   0       1.26798157
   97   2   1       2.81758597
   98   1   0       0.97110674
   99   1   0       0.94768183
  100   1   0       1.23096970
  100   2   1       2.87662936
  101   1   0       0.93034224
  102   1   0       0.94617071
  103   1   0       1.23204956
  103   2   1       2.88773028
  104   1   0       0.94802347
  105   1   0       0.94171207
  106   1   0       1.21338654
  106   2   1       2.89553293
  107   1   0       0.93370441
  108   1   0       0.93502638
  109   1   0       1.22057153
  109   2   1       2.86808954
  110   1   0       0.95966955
  111   1   0       0.92617038
  112   1   0       1.24873811
  112   2   1       2.84286351
  113   1   0       0.96868795
  114   1   0       0.95730022
  115   1   0       1.29483169
  115   2   1       2.84856502
  116   1   0       0.95147564
  117   1   0       0.93495392
  118   1   0       1.27982060
  118   2   1       2.82599465
  119   1   0       0.95375332
  120   1   0       0.94452088
  121   1   0       1.27056419
  121   2   1       2.96751289
  122   1   0       0.90820984
  123   1   0       0.93200029
  124   1   0       0.93412165
  125   1   0       1.27885343
  125   2   1       2.89606390
  126   1   0       0.93703213
  127   1   0       0.93321234
  128   1   0       0.93692558
  129   1   0       1.23549503
  129   2   1       2.84842240
  130   1   0       0.93858756
  131   1   0       0.97130872
  132   1   0       1.23445403
  132   2   1       2.89048632
  133   1   0       0.91401538
  134   1   0       0.92994096
  135   1   0       1.26915691
  135   2   1       2.85876130
  136   1   0       0.97069270
  137   1   0       0.92343259
  138   1   0       1.25468991
  138   2   1       2.86666372
  139   1   0       0.95504279
  140   1   0       0.91952437
  141   1   0       1.27399364
  141   2   1       2.85077777
  142   1   0       0.92109408
  143   1   0       0.96372711
  144   1   0       1.24965994
  144   2   1       2.88840410
  145   1   0       0.94134585
  146   1   0       0.91682468
  147   1   0       1.26752409
  147   2   1       2.83074835
  148   1   0       0.94342103
  149   1   0       0.98554605
  150   1   0       1.24266304
  150   2   1       2.86046709
  151   1   0       0.94371870
  152   1   0       0.93435536
  153   1   0       1.26854182
  153   2   1       2.90813902
  154   1   0       0.95619883
  155   1   0       0.92589693
  156   1   0       0.95704756
  157   1   0       1.25332430
  157   2   1       2.96418622
  158   1   0       0.91053119
  159   1   0       0.93197137
  160   1   0       0.93026457
  161   1   0       1.21518435
  161   2   1       2.86611292
  162   1   0       0.92203749
  163   1   0       0.92959719
  164   1   0       1.23202731
  164   2   1       2.82663381
  165   1   0       0.96041599
  166   1   0       0.99151396
  167   1   0       1.22691671
  167   2   1       2.84782122
  168   1   0       0.96700142
  169   1   0       0.94233802
  170   1   0       1.25211388
  170   2   1       2.82874129
  171   1   0       0.99616440
  172   1   0       0.96256232
  173   1   0       1.24303356
  173   2   1       2.87837936
  174   1   0       0.93137609
  175   1   0       0.92500245
  176   1   0       1.27471426
  176   2   1       2.83956266
  177   1   0       0.94961431
  178   1   0       0.94770872
  179   1   0       1.23077252
  179   2   1       2.90079034
  180   1   0       0.91813924
  181   1   0       0.93299946
  182   1   0       1.23343288
  182   2   1       2.85117320
  183   1   0       0.95588822
  184   1   0       0.96215343
  185   1   0       1.28894492
  185   2   1       2.92396675
  186   1   0       0.95361823
  187   1   0       0.93413842
  188   1   0       0.95328523
  189   1   0       1.27055522
  189   2   1       2.94481116
  190   1   0       0.93247873
  191   1   0       0.91292450
  192   1   0       0.93634280
  193   1   0       1.21799008
  193   2   1       2.88680546
  194   1   0       0.92751411
  195   1   0       0.94207581
  196   1   0       1.23442356
  196   2   1       2.82309947
  197   1   0       1.00511864
  198   1   0       0.94870895
  199   1   0       1.23377883
  199   2   1       2.84129663
  200   1   0       0.96976142
  201   1   0       0.95053688
  202   1   0       1.24217332
  202   2   1       2.86278107
  203   1   0       0.94269433
  204   1   0       0.98184413
  205   1   0       1.24209566
  205   2   1       2.89160636
  206   1   0       0.92169747
  207   1   0       0.92211610
  208   1   0       1.25944230
  208   2   1       2.84381208
  209   1   0       0.95650639
  210   1   0       0.93592175
  211   1   0       1.24397260
  211   2   1       2.89166213
  212   1   0       0.92471266
  213   1   0       0.93888601
  214   1   0       1.26475201
  214   2   1       2.86151335
  215   1   0       0.93450388
  216   1   0       0.95291617
  217   1   0       1.28967602
  217   2   1       2.92605773
  218   1   0       0.92883861
  219   1   0       0.93813476
  220   1   0       0.92820798
  221   1   0       1.27299152
  221   2   1       2.92402614
  222   1   0       0.93506715
  223   1   0       0.94049669
  224   1   0       0.93285633
  225   1   0       1.25674910
  225   2   1       2.96154413
  226   1   0       0.91299201
  227   1   0       0.99547070
  228   1   0       1.30465433
  228   2   1       2.87993766
  229   1   0       0.91642378
  230   1   0       0.93315265
  231   1   0       1.27548255
  231   2   1       2.93288223
  232   1   0       0.93567826
  233   1   0       0.92788098
  234   1   0       1.25646009
  234   2   1       2.84060810
  235   1   0       0.95501018
  236   1   0       0.95881887
  237   1   0       1.22677855
  237   2   1       2.89747431
  238   1   0       0.93352465
  239   1   0       0.93817068
  240   1   0       1.21268387
  240   2   1       2.88897353
  241   1   0       0.93660321
  242   1   0       0.95691223
  243   1   0       1.24217862
  243   2   1       2.86429719
  244   1   0       0.93804952
  245   1   0       0.96031555
  246   1   0       1.22892254
  246   2   1       2.85842692
  247   1   0       0.95001181
  248   1   0       0.93912082
  249   1   0       1.27501852
  249   2   1       2.96209295
  250   1   0       0.95984080
  251   1   0       0.91495566
  252   1   0       0.89426368
  253   1   0       1.25981150
  253   2   1       2.94561363
  254   1   0       0.97729185
  255   1   0       0.91846332
  256   1   0       0.92968788
  257   1   0       1.26303793
  257   2   1       2.81849246
  258   1   0       0.95313821
  259   1   0       0.93836378
  260   1   0       1.29631329
  260   2   1       2.84182605
  261   1   0       1.01038260
  262   1   0       0.94660698
  263   1   0       1.24222996
  263   2   1       2.85966743
  264   1   0       0.91444611
  265   1   0       0.92150557
  266   1   0       1.26219058
  266   2   1       2.83436417
  267   1   0       0.91567101
  268   1   0       0.92611839
  269   1   0       1.25013968
  269   2   1       2.91697864
  270   1   0       0.92276079
  271   1   0       0.91468459
  272   1   0       1.24080647
  272   2   1       2.85814192
  273   1   0       0.94073343
  274   1   0       0.94211457
  275   1   0       1.26015800
  275   2   1       2.83085108
  276   1   0       0.96247838
  277   1   0       0.93476212
  278   1   0       1.25958141
  278   2   1       2.83138348
  279   1   0       0.95173776
  280   1   0       0.93401901
  281   1   0       1.28522277
  281   2   1       2.87755990
  282   1   0       0.99317151
  283   1   0       0.92929262
  284   1   0       0.93117257
  285   1   0       1.28283606
  285   2   1       2.95451293
  286   1   0       0.92644538
  287   1   0       0.93095660
  288   1   0       0.93558381
  289   1   0       1.23661909
  289   2   1       2.82943422
  290   1   0       0.97854490
  291   1   0       0.94646226
  292   1   0       1.27173988
  292   2   1       2.85252369
  293   1   0       0.93483261
  294   1   0       0.94744354
  295   1   0       1.24972287
  295   2   1       2.84444615
  296   1   0       0.94255567
  297   1   0       0.94559359
  298   1   0       1.25246027
  298   2   1       2.85855423
  299   1   0       0.95856332
  300   1   0       0.93235724
  301   1   0       1.25702297
  301   2   1       2.88797025
  302   1   0       0.92740326
  303   1   0       0.94831956
  304   1   0       1.26990449
  304   2   1       2.83191280
  305   1   0       0.94813707
  306   1   0       0.94065233
  307   1   0       1.25154678
  307   2   1       2.86908897
  308   1   0       0.96863776
  309   1   0       0.91227209
  310   1   0       1.25435641
  310   2   1       2.84861379
  311   1   0       0.93339018
  312   1   0       0.93448468
  313   1   0       1.24660068
  313   2   1       2.93969180
  314   1   0       0.93293862
  315   1   0       0.94668278
  316   1   0       0.94413519
  317   1   0       1.26926143
  317   2   1       2.99110456
  318   1   0       0.91704538
  319   1   0       0.91386338
  320   1   0       0.93032712
  321   1   0       1.22940177
  321   2   1       2.84861351
  322   1   0       0.94042207
  323   1   0       0.93425936
  324   1   0       1.23148162
  324   2   1       2.88723937
  325   1   0       0.93391894
  326   1   0       0.94054107
  327   1   0       1.24503150
  327   2   1       2.92157507
  328   1   0       0.91687256
  329   1   0       0.92255103
  330   1   0       1.25894366
  330   2   1       2.84564070
  331   1   0       0.92392418
  332   1   0       0.95771052
  333   1   0       1.26068977
  333   2   1       2.82253045
  334   1   0       0.98571861
  335   1   0       0.97758773
  336   1   0       1.25969953
  336   2   1       2.85942411
  337   1   0       0.93437094
  338   1   0       0.93403448
  339   1   0       1.24696997
  339   2   1       2.82842154
  340   1   0       0.96788941
  341   1   0       0.96587045
  342   1   0       1.23836853
  342   2   1       2.81599860
  343   1   0       0.96075724
  344   1   0       0.97939710
  345   1   0       1.26146518
  345   2   1       2.97657871
  346   1   0       0.92254662
  347   1   0       0.91822683
  348   1   0       0.93701563
  349   1   0       1.28249994
  349   2   1       2.89940248
  350   1   0       0.92802477
  351   1   0       0.96662573
  352   1   0       0.92866167
 
Orbital populations (up)
 Atom Sh.   l   m       Population  Label
    1   1   0   0       1.21199094  s
    1   2   1  -1       1.00231354  p_y
    1   2   1   0       1.00322242  p_z
    1   2   1   1       0.87758232  p_x
    2   1   0   0       0.93769375  s
    3   1   0   0       0.94558011  s
    4   1   0   0       1.24075016  s
    4   2   1  -1       0.89050035  p_y
    4   2   1   0       0.96479005  p_z
    4   2   1   1       0.98131827  p_x
    5   1   0   0       0.94613262  s
    6   1   0   0       0.94441373  s
    7   1   0   0       1.29886204  s
    7   2   1  -1       0.94047152  p_y
    7   2   1   0       0.98230843  p_z
    7   2   1   1       0.97813240  p_x
    8   1   0   0       0.97651023  s
    9   1   0   0       0.93932617  s
   10   1   0   0       1.26608131  s
   10   2   1  -1       1.03791714  p_y
   10   2   1   0       0.98244610  p_z
   10   2   1   1       0.97259823  p_x
   11   1   0   0       0.90291765  s
   12   1   0   0       0.92873770  s
   13   1   0   0       1.30285058  s
   13   2   1  -1       0.97077057  p_y
   13   2   1   0       0.98786163  p_z
   13   2   1   1       0.91170259  p_x
   14   1   0   0       0.81923556  s
   15   1   0   0       0.82084652  s
   16   1   0   0       1.24430887  s
   16   2   1  -1       0.95081140  p_y
   16   2   1   0       0.94481507  p_z
   16   2   1   1       0.91636188  p_x
   17   1   0   0       0.92486476  s
   18   1   0   0       0.89532542  s
   19   1   0   0       1.26622242  s
   19   2   1  -1       0.96493808  p_y
   19   2   1   0       0.95861477  p_z
   19   2   1   1       0.93794799  p_x
   20   1   0   0       0.94591991  s
   21   1   0   0       0.90472127  s
   22   1   0   0       1.25303324  s
   22   2   1  -1       0.94175905  p_y
   22   2   1   0       0.92701936  p_z
   22   2   1   1       0.94431119  p_x
   23   1   0   0       0.92580879  s
   24   1   0   0       0.97186773  s
   25   1   0   0       1.24109417  s
   25   2   1  -1       0.98973739  p_y
   25   2   1   0       0.96992241  p_z
   25   2   1   1       1.00323769  p_x
   26   1   0   0       0.92305727  s
   27   1   0   0       0.95736884  s
   28   1   0   0       0.93278603  s
   29   1   0   0       1.25251478  s
   29   2   1  -1       1.00012688  p_y
   29   2   1   0       0.97293951  p_z
   29   2   1   1       0.98810551  p_x
   30   1   0   0       0.92739479  s
   31   1   0   0       0.92296046  s
   32   1   0   0       0.94854219  s
   33   1   0   0       1.22684525  s
   33   2   1  -1       0.93399957  p_y
   33   2   1   0       0.99058582  p_z
   33   2   1   1       0.92516497  p_x
   34   1   0   0       0.95242064  s
   35   1   0   0       0.93787431  s
   36   1   0   0       1.27627620  s
   36   2   1  -1       0.95000659  p_y
   36   2   1   0       0.97479786  p_z
   36   2   1   1       0.94829625  p_x
   37   1   0   0       0.94448607  s
   38   1   0   0       0.95436842  s
   39   1   0   0       1.26199739  s
   39   2   1  -1       0.94369282  p_y
   39   2   1   0       0.97388978  p_z
   39   2   1   1       0.94162715  p_x
   40   1   0   0       0.93058754  s
   41   1   0   0       0.93595470  s
   42   1   0   0       1.23294026  s
   42   2   1  -1       0.95140794  p_y
   42   2   1   0       0.92842296  p_z
   42   2   1   1       0.99735504  p_x
   43   1   0   0       0.94370202  s
   44   1   0   0       0.94148112  s
   45   1   0   0       1.23235540  s
   45   2   1  -1       0.97857256  p_y
   45   2   1   0       0.93886921  p_z
   45   2   1   1       0.96046580  p_x
   46   1   0   0       0.94982294  s
   47   1   0   0       0.93285116  s
   48   1   0   0       1.22860271  s
   48   2   1  -1       0.96822072  p_y
   48   2   1   0       0.94233470  p_z
   48   2   1   1       0.95127757  p_x
   49   1   0   0       0.95905472  s
   50   1   0   0       0.94002446  s
   51   1   0   0       1.24051946  s
   51   2   1  -1       0.91693022  p_y
   51   2   1   0       0.94866211  p_z
   51   2   1   1       0.98968781  p_x
   52   1   0   0       0.96110208  s
   53   1   0   0       0.95913745  s
   54   1   0   0       1.22856052  s
   54   2   1  -1       0.90863398  p_y
   54   2   1   0       0.98876388  p_z
   54   2   1   1       0.95285029  p_x
   55   1   0   0       0.94960162  s
   56   1   0   0       0.95073044  s
   57   1   0   0       1.25003068  s
   57   2   1  -1       0.98064729  p_y
   57   2   1   0       1.03558458  p_z
   57   2   1   1       0.94991247  p_x
   58   1   0   0       0.93196512  s
   59   1   0   0       0.93751388  s
   60   1   0   0       0.91984811  s
   61   1   0   0       1.25981120  s
   61   2   1  -1       0.96901113  p_y
   61   2   1   0       1.01945271  p_z
   61   2   1   1       0.95025749  p_x
   62   1   0   0       0.94135447  s
   63   1   0   0       0.93861842  s
   64   1   0   0       0.93493846  s
   65   1   0   0       1.23735187  s
   65   2   1  -1       0.96368085  p_y
   65   2   1   0       0.92946935  p_z
   65   2   1   1       0.96835480  p_x
   66   1   0   0       0.95067534  s
   67   1   0   0       0.93126300  s
   68   1   0   0       1.28249431  s
   68   2   1  -1       0.91917388  p_y
   68   2   1   0       0.91741603  p_z
   68   2   1   1       0.97904586  p_x
   69   1   0   0       0.93414678  s
   70   1   0   0       0.98364299  s
   71   1   0   0       1.24635200  s
   71   2   1  -1       0.94964556  p_y
   71   2   1   0       0.91676742  p_z
   71   2   1   1       0.98197413  p_x
   72   1   0   0       0.94028366  s
   73   1   0   0       0.94250923  s
   74   1   0   0       1.26295596  s
   74   2   1  -1       0.98085217  p_y
   74   2   1   0       0.94800718  p_z
   74   2   1   1       0.93752345  p_x
   75   1   0   0       0.92374421  s
   76   1   0   0       0.93302843  s
   77   1   0   0       1.34633407  s
   77   2   1  -1       0.98228715  p_y
   77   2   1   0       0.91145540  p_z
   77   2   1   1       0.93204274  p_x
   78   1   0   0       0.93834079  s
   79   1   0   0       0.92835636  s
   80   1   0   0       1.29196630  s
   80   2   1  -1       0.95065701  p_y
   80   2   1   0       0.92472299  p_z
   80   2   1   1       0.96519315  p_x
   81   1   0   0       0.93382608  s
   82   1   0   0       0.93237227  s
   83   1   0   0       1.23745334  s
   83   2   1  -1       0.96451879  p_y
   83   2   1   0       0.92754646  p_z
   83   2   1   1       0.98346046  p_x
   84   1   0   0       0.93230023  s
   85   1   0   0       0.96147630  s
   86   1   0   0       1.22201780  s
   86   2   1  -1       0.96563471  p_y
   86   2   1   0       0.93922401  p_z
   86   2   1   1       0.97920808  p_x
   87   1   0   0       0.94716161  s
   88   1   0   0       0.92118238  s
   89   1   0   0       1.26374324  s
   89   2   1  -1       0.96565067  p_y
   89   2   1   0       0.99140535  p_z
   89   2   1   1       0.97866105  p_x
   90   1   0   0       0.92568297  s
   91   1   0   0       0.94053766  s
   92   1   0   0       0.93924892  s
   93   1   0   0       1.28985066  s
   93   2   1  -1       0.92541549  p_y
   93   2   1   0       1.00645480  p_z
   93   2   1   1       0.95457200  p_x
   94   1   0   0       0.94274480  s
   95   1   0   0       0.92609275  s
   96   1   0   0       0.96874487  s
   97   1   0   0       1.26798157  s
   97   2   1  -1       0.95729966  p_y
   97   2   1   0       0.92777772  p_z
   97   2   1   1       0.93250858  p_x
   98   1   0   0       0.97110674  s
   99   1   0   0       0.94768183  s
  100   1   0   0       1.23096970  s
  100   2   1  -1       0.95717597  p_y
  100   2   1   0       0.94015722  p_z
  100   2   1   1       0.97929618  p_x
  101   1   0   0       0.93034224  s
  102   1   0   0       0.94617071  s
  103   1   0   0       1.23204956  s
  103   2   1  -1       0.97331105  p_y
  103   2   1   0       0.93288625  p_z
  103   2   1   1       0.98153298  p_x
  104   1   0   0       0.94802347  s
  105   1   0   0       0.94171207  s
  106   1   0   0       1.21338654  s
  106   2   1  -1       0.96138322  p_y
  106   2   1   0       0.97730096  p_z
  106   2   1   1       0.95684875  p_x
  107   1   0   0       0.93370441  s
  108   1   0   0       0.93502638  s
  109   1   0   0       1.22057153  s
  109   2   1  -1       0.95976857  p_y
  109   2   1   0       0.96381300  p_z
  109   2   1   1       0.94450797  p_x
  110   1   0   0       0.95966955  s
  111   1   0   0       0.92617038  s
  112   1   0   0       1.24873811  s
  112   2   1  -1       0.95590832  p_y
  112   2   1   0       0.93744871  p_z
  112   2   1   1       0.94950648  p_x
  113   1   0   0       0.96868795  s
  114   1   0   0       0.95730022  s
  115   1   0   0       1.29483169  s
  115   2   1  -1       0.95382919  p_y
  115   2   1   0       0.94778450  p_z
  115   2   1   1       0.94695133  p_x
  116   1   0   0       0.95147564  s
  117   1   0   0       0.93495392  s
  118   1   0   0       1.27982060  s
  118   2   1  -1       0.93217555  p_y
  118   2   1   0       0.90942085  p_z
  118   2   1   1       0.98439824  p_x
  119   1   0   0       0.95375332  s
  120   1   0   0       0.94452088  s
  121   1   0   0       1.27056419  s
  121   2   1  -1       0.96506415  p_y
  121   2   1   0       1.00833644  p_z
  121   2   1   1       0.99411230  p_x
  122   1   0   0       0.90820984  s
  123   1   0   0       0.93200029  s
  124   1   0   0       0.93412165  s
  125   1   0   0       1.27885343  s
  125   2   1  -1       0.95876705  p_y
  125   2   1   0       0.94736918  p_z
  125   2   1   1       0.98992767  p_x
  126   1   0   0       0.93703213  s
  127   1   0   0       0.93321234  s
  128   1   0   0       0.93692558  s
  129   1   0   0       1.23549503  s
  129   2   1  -1       0.99187187  p_y
  129   2   1   0       0.92197401  p_z
  129   2   1   1       0.93457652  p_x
  130   1   0   0       0.93858756  s
  131   1   0   0       0.97130872  s
  132   1   0   0       1.23445403  s
  132   2   1  -1       0.98717206  p_y
  132   2   1   0       0.92591524  p_z
  132   2   1   1       0.97739903  p_x
  133   1   0   0       0.91401538  s
  134   1   0   0       0.92994096  s
  135   1   0   0       1.26915691  s
  135   2   1  -1       0.95992482  p_y
  135   2   1   0       0.90533033  p_z
  135   2   1   1       0.99350615  p_x
  136   1   0   0       0.97069270  s
  137   1   0   0       0.92343259  s
  138   1   0   0       1.25468991  s
  138   2   1  -1       0.99357923  p_y
  138   2   1   0       0.89751207  p_z
  138   2   1   1       0.97557242  p_x
  139   1   0   0       0.95504279  s
  140   1   0   0       0.91952437  s
  141   1   0   0       1.27399364  s
  141   2   1  -1       0.94988733  p_y
  141   2   1   0       0.93183186  p_z
  141   2   1   1       0.96905857  p_x
  142   1   0   0       0.92109408  s
  143   1   0   0       0.96372711  s
  144   1   0   0       1.24965994  s
  144   2   1  -1       0.96401183  p_y
  144   2   1   0       0.93422440  p_z
  144   2   1   1       0.99016787  p_x
  145   1   0   0       0.94134585  s
  146   1   0   0       0.91682468  s
  147   1   0   0       1.26752409  s
  147   2   1  -1       0.97477661  p_y
  147   2   1   0       0.90973106  p_z
  147   2   1   1       0.94624068  p_x
  148   1   0   0       0.94342103  s
  149   1   0   0       0.98554605  s
  150   1   0   0       1.24266304  s
  150   2   1  -1       0.97416136  p_y
  150   2   1   0       0.93375304  p_z
  150   2   1   1       0.95255269  p_x
  151   1   0   0       0.94371870  s
  152   1   0   0       0.93435536  s
  153   1   0   0       1.26854182  s
  153   2   1  -1       0.99162171  p_y
  153   2   1   0       0.92892561  p_z
  153   2   1   1       0.98759170  p_x
  154   1   0   0       0.95619883  s
  155   1   0   0       0.92589693  s
  156   1   0   0       0.95704756  s
  157   1   0   0       1.25332430  s
  157   2   1  -1       0.99942685  p_y
  157   2   1   0       1.01044959  p_z
  157   2   1   1       0.95430979  p_x
  158   1   0   0       0.91053119  s
  159   1   0   0       0.93197137  s
  160   1   0   0       0.93026457  s
  161   1   0   0       1.21518435  s
  161   2   1  -1       0.98423298  p_y
  161   2   1   0       0.96823885  p_z
  161   2   1   1       0.91364109  p_x
  162   1   0   0       0.92203749  s
  163   1   0   0       0.92959719  s
  164   1   0   0       1.23202731  s
  164   2   1  -1       0.93124125  p_y
  164   2   1   0       0.96583241  p_z
  164   2   1   1       0.92956014  p_x
  165   1   0   0       0.96041599  s
  166   1   0   0       0.99151396  s
  167   1   0   0       1.22691671  s
  167   2   1  -1       0.95270148  p_y
  167   2   1   0       0.91771834  p_z
  167   2   1   1       0.97740140  p_x
  168   1   0   0       0.96700142  s
  169   1   0   0       0.94233802  s
  170   1   0   0       1.25211388  s
  170   2   1  -1       0.94832402  p_y
  170   2   1   0       0.91447685  p_z
  170   2   1   1       0.96594042  p_x
  171   1   0   0       0.99616440  s
  172   1   0   0       0.96256232  s
  173   1   0   0       1.24303356  s
  173   2   1  -1       0.93735973  p_y
  173   2   1   0       0.96729063  p_z
  173   2   1   1       0.97372900  p_x
  174   1   0   0       0.93137609  s
  175   1   0   0       0.92500245  s
  176   1   0   0       1.27471426  s
  176   2   1  -1       0.92649024  p_y
  176   2   1   0       0.99896020  p_z
  176   2   1   1       0.91411222  p_x
  177   1   0   0       0.94961431  s
  178   1   0   0       0.94770872  s
  179   1   0   0       1.23077252  s
  179   2   1  -1       0.93049245  p_y
  179   2   1   0       0.97743940  p_z
  179   2   1   1       0.99285849  p_x
  180   1   0   0       0.91813924  s
  181   1   0   0       0.93299946  s
  182   1   0   0       1.23343288  s
  182   2   1  -1       0.91550059  p_y
  182   2   1   0       0.97138664  p_z
  182   2   1   1       0.96428598  p_x
  183   1   0   0       0.95588822  s
  184   1   0   0       0.96215343  s
  185   1   0   0       1.28894492  s
  185   2   1  -1       0.97575771  p_y
  185   2   1   0       0.98575403  p_z
  185   2   1   1       0.96245501  p_x
  186   1   0   0       0.95361823  s
  187   1   0   0       0.93413842  s
  188   1   0   0       0.95328523  s
  189   1   0   0       1.27055522  s
  189   2   1  -1       0.96778077  p_y
  189   2   1   0       0.99259875  p_z
  189   2   1   1       0.98443163  p_x
  190   1   0   0       0.93247873  s
  191   1   0   0       0.91292450  s
  192   1   0   0       0.93634280  s
  193   1   0   0       1.21799008  s
  193   2   1  -1       0.91701965  p_y
  193   2   1   0       0.98319517  p_z
  193   2   1   1       0.98659064  p_x
  194   1   0   0       0.92751411  s
  195   1   0   0       0.94207581  s
  196   1   0   0       1.23442356  s
  196   2   1  -1       0.95623868  p_y
  196   2   1   0       0.93840718  p_z
  196   2   1   1       0.92845361  p_x
  197   1   0   0       1.00511864  s
  198   1   0   0       0.94870895  s
  199   1   0   0       1.23377883  s
  199   2   1  -1       0.93306908  p_y
  199   2   1   0       0.94347788  p_z
  199   2   1   1       0.96474968  p_x
  200   1   0   0       0.96976142  s
  201   1   0   0       0.95053688  s
  202   1   0   0       1.24217332  s
  202   2   1  -1       0.94609651  p_y
  202   2   1   0       0.93916548  p_z
  202   2   1   1       0.97751908  p_x
  203   1   0   0       0.94269433  s
  204   1   0   0       0.98184413  s
  205   1   0   0       1.24209566  s
  205   2   1  -1       0.94031457  p_y
  205   2   1   0       0.97790945  p_z
  205   2   1   1       0.97338234  p_x
  206   1   0   0       0.92169747  s
  207   1   0   0       0.92211610  s
  208   1   0   0       1.25944230  s
  208   2   1  -1       0.93866315  p_y
  208   2   1   0       0.95486499  p_z
  208   2   1   1       0.95028393  p_x
  209   1   0   0       0.95650639  s
  210   1   0   0       0.93592175  s
  211   1   0   0       1.24397260  s
  211   2   1  -1       0.97388941  p_y
  211   2   1   0       0.99146776  p_z
  211   2   1   1       0.92630495  p_x
  212   1   0   0       0.92471266  s
  213   1   0   0       0.93888601  s
  214   1   0   0       1.26475201  s
  214   2   1  -1       0.99645364  p_y
  214   2   1   0       0.93321430  p_z
  214   2   1   1       0.93184541  p_x
  215   1   0   0       0.93450388  s
  216   1   0   0       0.95291617  s
  217   1   0   0       1.28967602  s
  217   2   1  -1       0.95994930  p_y
  217   2   1   0       0.99843392  p_z
  217   2   1   1       0.96767452  p_x
  218   1   0   0       0.92883861  s
  219   1   0   0       0.93813476  s
  220   1   0   0       0.92820798  s
  221   1   0   0       1.27299152  s
  221   2   1  -1       0.97351757  p_y
  221   2   1   0       0.95423194  p_z
  221   2   1   1       0.99627663  p_x
  222   1   0   0       0.93506715  s
  223   1   0   0       0.94049669  s
  224   1   0   0       0.93285633  s
  225   1   0   0       1.25674910  s
  225   2   1  -1       0.98835068  p_y
  225   2   1   0       0.95911090  p_z
  225   2   1   1       1.01408256  p_x
  226   1   0   0       0.91299201  s
  227   1   0   0       0.99547070  s
  228   1   0   0       1.30465433  s
  228   2   1  -1       0.97239538  p_y
  228   2   1   0       0.99372962  p_z
  228   2   1   1       0.91381265  p_x
  229   1   0   0       0.91642378  s
  230   1   0   0       0.93315265  s
  231   1   0   0       1.27548255  s
  231   2   1  -1       0.98099947  p_y
  231   2   1   0       0.97233416  p_z
  231   2   1   1       0.97954860  p_x
  232   1   0   0       0.93567826  s
  233   1   0   0       0.92788098  s
  234   1   0   0       1.25646009  s
  234   2   1  -1       0.93757688  p_y
  234   2   1   0       0.94976477  p_z
  234   2   1   1       0.95326645  p_x
  235   1   0   0       0.95501018  s
  236   1   0   0       0.95881887  s
  237   1   0   0       1.22677855  s
  237   2   1  -1       0.93540745  p_y
  237   2   1   0       0.99766814  p_z
  237   2   1   1       0.96439872  p_x
  238   1   0   0       0.93352465  s
  239   1   0   0       0.93817068  s
  240   1   0   0       1.21268387  s
  240   2   1  -1       0.95699600  p_y
  240   2   1   0       0.93783886  p_z
  240   2   1   1       0.99413867  p_x
  241   1   0   0       0.93660321  s
  242   1   0   0       0.95691223  s
  243   1   0   0       1.24217862  s
  243   2   1  -1       0.93102586  p_y
  243   2   1   0       0.97447475  p_z
  243   2   1   1       0.95879658  p_x
  244   1   0   0       0.93804952  s
  245   1   0   0       0.96031555  s
  246   1   0   0       1.22892254  s
  246   2   1  -1       0.93730253  p_y
  246   2   1   0       0.97926717  p_z
  246   2   1   1       0.94185723  p_x
  247   1   0   0       0.95001181  s
  248   1   0   0       0.93912082  s
  249   1   0   0       1.27501852  s
  249   2   1  -1       0.94303842  p_y
  249   2   1   0       0.93800195  p_z
  249   2   1   1       1.08105258  p_x
  250   1   0   0       0.95984080  s
  251   1   0   0       0.91495566  s
  252   1   0   0       0.89426368  s
  253   1   0   0       1.25981150  s
  253   2   1  -1       1.01691587  p_y
  253   2   1   0       0.94077830  p_z
  253   2   1   1       0.98791945  p_x
  254   1   0   0       0.97729185  s
  255   1   0   0       0.91846332  s
  256   1   0   0       0.92968788  s
  257   1   0   0       1.26303793  s
  257   2   1  -1       0.95472399  p_y
  257   2   1   0       0.93000851  p_z
  257   2   1   1       0.93375996  p_x
  258   1   0   0       0.95313821  s
  259   1   0   0       0.93836378  s
  260   1   0   0       1.29631329  s
  260   2   1  -1       0.95950402  p_y
  260   2   1   0       0.96026505  p_z
  260   2   1   1       0.92205698  p_x
  261   1   0   0       1.01038260  s
  262   1   0   0       0.94660698  s
  263   1   0   0       1.24222996  s
  263   2   1  -1       1.05940300  p_y
  263   2   1   0       0.89499017  p_z
  263   2   1   1       0.90527426  p_x
  264   1   0   0       0.91444611  s
  265   1   0   0       0.92150557  s
  266   1   0   0       1.26219058  s
  266   2   1  -1       0.94801059  p_y
  266   2   1   0       0.97909651  p_z
  266   2   1   1       0.90725707  p_x
  267   1   0   0       0.91567101  s
  268   1   0   0       0.92611839  s
  269   1   0   0       1.25013968  s
  269   2   1  -1       0.95187266  p_y
  269   2   1   0       1.01799183  p_z
  269   2   1   1       0.94711415  p_x
  270   1   0   0       0.92276079  s
  271   1   0   0       0.91468459  s
  272   1   0   0       1.24080647  s
  272   2   1  -1       0.95631495  p_y
  272   2   1   0       0.94770723  p_z
  272   2   1   1       0.95411973  p_x
  273   1   0   0       0.94073343  s
  274   1   0   0       0.94211457  s
  275   1   0   0       1.26015800  s
  275   2   1  -1       0.94939195  p_y
  275   2   1   0       0.94012723  p_z
  275   2   1   1       0.94133190  p_x
  276   1   0   0       0.96247838  s
  277   1   0   0       0.93476212  s
  278   1   0   0       1.25958141  s
  278   2   1  -1       0.93247918  p_y
  278   2   1   0       0.97541483  p_z
  278   2   1   1       0.92348947  p_x
  279   1   0   0       0.95173776  s
  280   1   0   0       0.93401901  s
  281   1   0   0       1.28522277  s
  281   2   1  -1       0.94937945  p_y
  281   2   1   0       0.99410331  p_z
  281   2   1   1       0.93407715  p_x
  282   1   0   0       0.99317151  s
  283   1   0   0       0.92929262  s
  284   1   0   0       0.93117257  s
  285   1   0   0       1.28283606  s
  285   2   1  -1       0.95311284  p_y
  285   2   1   0       0.98015616  p_z
  285   2   1   1       1.02124393  p_x
  286   1   0   0       0.92644538  s
  287   1   0   0       0.93095660  s
  288   1   0   0       0.93558381  s
  289   1   0   0       1.23661909  s
  289   2   1  -1       0.96749932  p_y
  289   2   1   0       0.94702553  p_z
  289   2   1   1       0.91490938  p_x
  290   1   0   0       0.97854490  s
  291   1   0   0       0.94646226  s
  292   1   0   0       1.27173988  s
  292   2   1  -1       0.99786434  p_y
  292   2   1   0       0.92970126  p_z
  292   2   1   1       0.92495809  p_x
  293   1   0   0       0.93483261  s
  294   1   0   0       0.94744354  s
  295   1   0   0       1.24972287  s
  295   2   1  -1       0.95448057  p_y
  295   2   1   0       0.90668874  p_z
  295   2   1   1       0.98327684  p_x
  296   1   0   0       0.94255567  s
  297   1   0   0       0.94559359  s
  298   1   0   0       1.25246027  s
  298   2   1  -1       0.94369628  p_y
  298   2   1   0       1.00291667  p_z
  298   2   1   1       0.91194128  p_x
  299   1   0   0       0.95856332  s
  300   1   0   0       0.93235724  s
  301   1   0   0       1.25702297  s
  301   2   1  -1       0.98291973  p_y
  301   2   1   0       0.96814797  p_z
  301   2   1   1       0.93690255  p_x
  302   1   0   0       0.92740326  s
  303   1   0   0       0.94831956  s
  304   1   0   0       1.26990449  s
  304   2   1  -1       0.95750884  p_y
  304   2   1   0       0.94907914  p_z
  304   2   1   1       0.92532482  p_x
  305   1   0   0       0.94813707  s
  306   1   0   0       0.94065233  s
  307   1   0   0       1.25154678  s
  307   2   1  -1       0.96812904  p_y
  307   2   1   0       0.95496569  p_z
  307   2   1   1       0.94599424  p_x
  308   1   0   0       0.96863776  s
  309   1   0   0       0.91227209  s
  310   1   0   0       1.25435641  s
  310   2   1  -1       0.98390964  p_y
  310   2   1   0       0.95744901  p_z
  310   2   1   1       0.90725514  p_x
  311   1   0   0       0.93339018  s
  312   1   0   0       0.93448468  s
  313   1   0   0       1.24660068  s
  313   2   1  -1       0.97575040  p_y
  313   2   1   0       0.96765903  p_z
  313   2   1   1       0.99628237  p_x
  314   1   0   0       0.93293862  s
  315   1   0   0       0.94668278  s
  316   1   0   0       0.94413519  s
  317   1   0   0       1.26926143  s
  317   2   1  -1       1.00491308  p_y
  317   2   1   0       1.03010691  p_z
  317   2   1   1       0.95608457  p_x
  318   1   0   0       0.91704538  s
  319   1   0   0       0.91386338  s
  320   1   0   0       0.93032712  s
  321   1   0   0       1.22940177  s
  321   2   1  -1       0.94950024  p_y
  321   2   1   0       0.97848402  p_z
  321   2   1   1       0.92062925  p_x
  322   1   0   0       0.94042207  s
  323   1   0   0       0.93425936  s
  324   1   0   0       1.23148162  s
  324   2   1  -1       0.95372519  p_y
  324   2   1   0       0.99350786  p_z
  324   2   1   1       0.94000632  p_x
  325   1   0   0       0.93391894  s
  326   1   0   0       0.94054107  s
  327   1   0   0       1.24503150  s
  327   2   1  -1       0.98981558  p_y
  327   2   1   0       0.94928701  p_z
  327   2   1   1       0.98247248  p_x
  328   1   0   0       0.91687256  s
  329   1   0   0       0.92255103  s
  330   1   0   0       1.25894366  s
  330   2   1  -1       0.93994215  p_y
  330   2   1   0       0.93557603  p_z
  330   2   1   1       0.97012252  p_x
  331   1   0   0       0.92392418  s
  332   1   0   0       0.95771052  s
  333   1   0   0       1.26068977  s
  333   2   1  -1       0.94770218  p_y
  333   2   1   0       0.95120237  p_z
  333   2   1   1       0.92362590  p_x
  334   1   0   0       0.98571861  s
  335   1   0   0       0.97758773  s
  336   1   0   0       1.25969953  s
  336   2   1  -1       0.94248332  p_y
  336   2   1   0       0.96630006  p_z
  336   2   1   1       0.95064073  p_x
  337   1   0   0       0.93437094  s
  338   1   0   0       0.93403448  s
  339   1   0   0       1.24696997  s
  339   2   1  -1       0.94658552  p_y
  339   2   1   0       0.94733085  p_z
  339   2   1   1       0.93450517  p_x
  340   1   0   0       0.96788941  s
  341   1   0   0       0.96587045  s
  342   1   0   0       1.23836853  s
  342   2   1  -1       0.94423188  p_y
  342   2   1   0       0.92621500  p_z
  342   2   1   1       0.94555171  p_x
  343   1   0   0       0.96075724  s
  344   1   0   0       0.97939710  s
  345   1   0   0       1.26146518  s
  345   2   1  -1       1.02779156  p_y
  345   2   1   0       0.93702173  p_z
  345   2   1   1       1.01176541  p_x
  346   1   0   0       0.92254662  s
  347   1   0   0       0.91822683  s
  348   1   0   0       0.93701563  s
  349   1   0   0       1.28249994  s
  349   2   1  -1       0.98206231  p_y
  349   2   1   0       0.97068999  p_z
  349   2   1   1       0.94665018  p_x
  350   1   0   0       0.92802477  s
  351   1   0   0       0.96662573  s
  352   1   0   0       0.92866167  s
 
Fermi level:                        -0.1427541537 H           -3.8845 eV
Band energy:                      -277.1589515348 H        -7541.8788 eV
TS:                                  0.0000000000 H            0.0000 eV
Band free energy (E-TS):          -277.1589515348 H        -7541.8788 eV
Extrapolated E(0K):               -277.1589515348 H        -7541.8788 eV
Input / Output electrons (q):    682.0000000000    682.0000000000
 
Energy H0:                        -281.6780669647 H        -7664.8502 eV
Energy SCC:                          0.0885926758 H            2.4107 eV
Total Electronic energy:          -281.5894742889 H        -7662.4395 eV
Repulsive energy:                    4.5407039830 H          123.5588 eV
Dispersion energy:                   1.0894395897 H           29.6452 eV
Total energy:                     -275.9593307162 H        -7509.2355 eV
Extrapolated to 0:                -275.9593307162 H        -7509.2355 eV
Total Mermin free energy:         -275.9593307162 H        -7509.2355 eV
Force related energy:             -275.9593307162 H        -7509.2355 eV
 
SCC converged
 
Full geometry written in geo_end.{xyz|gen}
 
MD Kinetic Energy:                   1.6960599643 H
Total MD Energy:                  -274.2632707519 H
Pressure:                           -0.460985E-05 au    -0.135626E+09 Pa
MD Temperature:                      0.0032213864 H         1017.2322 K
MD Kinetic Energy:                   1.6960599643 H
Total MD Energy:                  -274.2632707519 H        -7463.0833 eV
MD Temperature:                      0.0032213864 H         1017.2322 K
 
Molecular dynamics completed
 
