 Fermi distribution function
 
MD step: 100000
 

********************************************************************************
 iSCC Total electronic   Diff electronic      SCC error    
    7   -0.28164449E+03    0.96633812E-12    0.32426342E-06
********************************************************************************
 
Coordinates of moved atoms (au):
    1     65.73650178     58.71393687     71.81177130
    2     76.87936876    118.14215757    118.73742944
    3     64.46215917     60.32536838     71.88240617
    4     67.37660301     87.62336726     73.65401458
    5     67.37535159     89.20132149     74.95068611
    6     50.97623348     90.61726552     85.41965749
    7     69.33021802     85.61819440     74.06863192
    8     42.06668581     86.11638553     72.99890178
    9     68.65369720     83.83735330     73.37786949
   10     41.17610037     85.40418047     76.87779968
   11     40.11392822     83.72890901     77.76530604
   12     40.18230907     87.06127149     77.33405736
   13     72.88392037     85.60958137     77.31890202
   14     73.54283356     83.82459670     76.61508374
   15     72.96360613     85.44078201     79.47108460
   16     45.37019211     88.17889731     76.65723173
   17     46.57958546     88.81355017     78.14033867
   18     43.96507428     89.71661003     76.39659862
   19     75.07447345     88.54292529     73.66719549
   20     74.42891374     90.51554374     73.22116028
   21     73.89036869     87.21025838     72.43739580
   22     78.00604613     88.06422565     72.92162909
   23     49.23174029     88.68569338     70.90704618
   24     49.40695279     86.15336280     73.23055361
   25     65.80510504     56.99541125     69.30500482
   26     63.91085547     56.64073341     68.40614557
   27     67.39933527     57.32598633     68.00506983
   28     66.16675750     54.88549345     69.67880137
   29     80.14950830     89.46797494     74.36381769
   30     81.69123553     88.03797979     74.78539818
   31     81.00177644     91.33406839     73.80216122
   32     79.36253985     89.82302076     76.33018479
   33     69.85566506     72.39124969     62.74934921
   34     68.57881838     70.75775706     63.37512679
   35     71.50014072     72.25588385     61.53750747
   36     68.03581445     73.84624964     60.88563046
   37     67.12514537     72.97829689     59.15248167
   38     69.17613481     75.67577911     60.56082553
   39     65.46747467     74.96245742     62.12556763
   40     64.21594343     75.75214221     60.54223619
   41     65.60547119     76.38822098     63.58408011
   42     63.31416673     72.87585348     62.98382698
   43     92.32447945     72.61659206     65.03333455
   44     64.25205869     70.95758576     62.56102076
   45     60.81186902     73.63559666     61.92582214
   46     61.14291143     75.63370170     61.60009091
   47     88.30099437     73.32102648     63.43906969
   48     88.84568535     72.05225775     59.68183595
   49     90.62768625     71.82571227     58.78731551
   50     87.86716303     73.37399824     58.51971870
   51     58.62114395     69.53390530     59.86730451
   52     57.07518043     69.47190867     58.68229499
   53     57.86005024     69.12932026     61.96836540
   54     89.22991246     67.40149464     87.40886698
   55     91.31608425     67.97226967     87.66483730
   56     88.59004327     67.35120671     85.54373969
   57     70.51990941     73.47091344     65.21469181
   58     71.70007621     75.29284213     65.20870955
   59     68.93006805     74.16817113     66.32459240
   60     71.90996372     72.23943112     66.27380645
   61     59.83023499     64.82363008     88.89018905
   62     61.36643191     63.62232426     88.66459710
   63     59.70671022     65.24309596     90.87599412
   64     58.18608859     63.85592134     88.04551446
   65     67.41295440     64.94298234     64.44012426
   66     68.97767684     63.54124047     65.10347698
   67     67.85806967     66.78971004     65.66179008
   68     68.06931317     65.53948307     61.79190604
   69     67.40364615     67.45387269     61.15901663
   70     66.90365158     64.57078864     60.29531125
   71     71.14852039     65.49052957     61.45849273
   72     71.92067443     63.79798590     61.09660302
   73     72.18700120     65.93071811     63.33843233
   74     71.75175484     38.37370837     59.18618230
   75     73.44909045     39.69622452     60.04780326
   76     70.15107502     39.67522084     58.95752197
   77     72.23716761     37.15609286     56.65885748
   78     71.49608263     66.51498818     54.87291588
   79     71.54502642     63.98326402     56.89171986
   80     74.89268364     37.09927874     55.84044600
   81     76.24152617     35.79971351     57.12918244
   82     75.65213447     39.08589199     55.42079364
   83     75.28593819     35.84916451     53.10652228
   84     77.08322194     36.09703812     52.22747816
   85     73.84099531     36.43826080     51.76265017
   86     75.07840336     32.97797536     53.54133372
   87     76.22195857     32.80800457     55.23706503
   88     76.31225854     31.80412698     52.09837805
   89     64.63580268     63.95740852     64.93100727
   90     64.82901334     61.63524104     65.03206847
   91     63.99225435     64.80601621     66.76828742
   92     63.68080420     65.01960483     63.34947032
   93     72.41702502     31.77835331     53.39568242
   94     71.78652462     32.69458694     51.62604783
   95     73.00087446     29.75463012     53.09804126
   96     70.99933534     31.69242414     55.06240946
   97     46.06495146     72.99886821     78.52679450
   98     45.83998195     74.24777446     76.96445648
   99     46.49420651     71.06263141     78.03097352
  100     47.97971113     74.10325440     80.25131715
  101     50.07033872     73.59775257     80.09138598
  102     47.44032943     73.18375543     82.04581039
  103     47.57376765     76.83489868     80.81810754
  104     49.06975799     77.52707530     82.18473072
  105     45.59496419     77.06851921     81.64983162
  106     47.45697947     78.78836553     49.74833652
  107     47.77349629     80.59825978     50.64372498
  108     45.32956290     79.07348420     48.99172549
  109     49.70484857     78.34613434     47.63072891
  110     49.33588658     76.75122599     45.98965121
  111     51.59822775     77.57874677     48.60079586
  112     50.59909067     80.35147149     45.94383670
  113     52.74664249     79.85385531     45.50286595
  114     50.43453004     82.18304522     46.86310945
  115     49.48458059     80.70180129     43.31255029
  116     50.35954256     79.92311598     41.67295308
  117     50.06911094     82.51053788     43.17127505
  118     46.39621417     80.83381849     42.90674761
  119     46.18807437     82.89218240     42.42541342
  120     45.12878362     80.26394857     44.60571059
  121     43.27378480     73.36980611     80.08780973
  122     42.31320037     74.94466709     80.77854495
  123     42.31662277     73.78260427     78.23828492
  124     42.27248489     71.40828928     80.23276170
  125     45.54155674     79.08765473     40.78005764
  126     46.77113033     77.47009844     41.11245651
  127     43.42864543     78.88714241     40.97150983
  128     45.96735845     79.92309004     38.90890586
  129     77.01300479     80.58354351     61.25881757
  130     77.32602948     80.39937602     59.20677620
  131     74.86070288     80.84929423     61.74169039
  132     78.17757534     78.05514191     62.58385390
  133     77.31599423     77.95529946     64.58066907
  134     80.16646966     78.83891728     62.82210706
  135     78.18898255     75.39117456     61.36636857
  136     76.80812516     75.33124359     59.50197844
  137     77.56580142     74.27316421     62.88232161
  138     80.88421792     74.72820448     60.23424441
  139     81.51729761     72.75177222     60.27326402
  140     82.32941633     75.75847493     61.35232022
  141     81.08342681     75.58398017     57.52156916
  142     79.83721382     77.11803563     57.15231796
  143     79.91732169     74.20761672     56.42388120
  144     83.88677376     75.36390176     56.43242375
  145     83.99075979     73.33354882     56.07864429
  146     85.23432880     75.71491866     57.86567905
  147     84.27621275     77.35254772     54.10760293
  148     85.91725455     78.63804003     54.35994830
  149     82.54111906     78.57746507     54.46597562
  150     84.76930919     76.06323711     51.62108079
  151     83.79844609     77.31682040     50.48326620
  152     84.36926804     74.04533688     50.93095427
  153     78.41470752     82.79684858     62.11107256
  154     78.58862135     54.13971405     64.28354845
  155     80.48771578     82.36758315     61.44494810
  156     77.63667951     84.50448247     61.07856024
  157     88.01102380     75.77485019     51.52047328
  158     89.04230781     75.70219917     49.70897023
  159     48.00543627    148.20778960    119.20590479
  160     89.04377452     77.09218109     52.97629065
  161     66.12945093     49.93863657     53.54766513
  162     64.32224122     50.88797304     53.99611682
  163     66.11266079     49.33494823     51.57632678
  164     68.64593283     51.02480691     54.26885479
  165     70.40340124     49.63941619     53.82740429
  166     68.48909925     50.61776737     56.34246262
  167     69.81888410     53.82433112     54.24640104
  168     69.63950597     55.05600546     52.64962388
  169     71.93171305     53.47734986     54.65591017
  170     68.11960666     55.38555408     56.23975996
  171     67.15968820     53.90422799     57.64351876
  172     66.26054100     56.35171156     55.56712956
  173     69.75474876     86.11624024     58.17072177
  174     69.32726215     88.16252841     57.87817514
  175     71.83591321     57.08597500     57.47570173
  176     69.31183848     85.66572997     61.16108535
  177     68.89040514     83.73912299     61.88377046
  178     67.65645153     86.62373062     61.89554018
  179     71.47461431     87.23328568     62.47490431
  180     71.53014383     89.28178563     62.29635226
  181     73.21707247     86.29909440     62.06284642
  182     71.21887139     86.83418489     65.54709675
  183     70.43089974     84.73517799     65.83374055
  184     69.63881140     88.13669450     66.32246626
  185     65.87025884     47.62670156     55.15272331
  186     67.39955687     47.66095493     56.40692439
  187     64.12600595     47.69237471     56.21380071
  188     65.69773972     45.90622270     83.20102697
  189     73.70982491     87.30245375     66.75466255
  190     74.83764711     85.72958577     66.54251787
  191     75.31376290     88.64044861     65.93574494
  192     73.72782744     88.40966335     68.68615595
  193     58.21866682     60.17557218     71.65365640
  194     58.63686773     58.09520550     71.29080808
  195     59.63304792     90.33730458     70.39535900
  196     55.66393104     60.57417713     70.37500959
  197     54.93168025     62.46247921     70.63745644
  198     54.56959254     88.00816744     71.41577501
  199     55.94072132     59.49016989     67.34239292
  200     54.68452024     60.80506204     66.23831250
  201     55.19889683     57.70958374     67.43816070
  202     58.71015610     59.78366708     66.20848233
  203     60.16799047     58.61314179     67.09566061
  204     59.14290300     61.64074383     66.64771604
  205     58.94149739     59.27512549     63.14147768
  206     60.96024051     59.52562623     62.69045260
  207     57.68532167     60.25515775     61.90193836
  208     58.33479339     56.52765105     62.94896833
  209     57.52236546     56.28262740     60.97165300
  210     56.39481052     56.25414148     63.44489157
  211     60.36019014     83.63316715     63.95288102
  212     59.54144702     81.73552217     64.19658518
  213     61.31410280     84.34461034     65.78350840
  214     62.52438604     83.33036699     61.89086397
  215     63.45851835     81.54895304     62.64098545
  216     63.63985533     85.22439156     62.06043404
  217     58.60752479     60.71435276     74.41976592
  218     58.05817050     62.51341080     46.14443671
  219     57.19354886     59.56371480     46.35885450
  220     60.64584735     60.27856222     75.30348021
  221     61.75688289     82.86426289     59.22639798
  222     60.18700515     81.47172170     58.90732998
  223     60.95098352     84.71278310     58.63297348
  224     63.38054508     82.56680173     58.17452617
  225     55.38979428     67.87310745     75.15898583
  226     57.18102315     67.18843658     74.63262141
  227     55.69231567     69.95569926     75.60859322
  228     53.47940579     38.83040681     73.14624835
  229     51.73804502     39.70368170     74.12133541
  230     52.79183135     36.84342073     72.82866160
  231     53.93348875     69.46167519     70.81987408
  232     53.03941830     67.91141553     69.48812637
  233     55.95193064     69.64547351     70.14306516
  234     52.63856225     72.32429774     70.58702434
  235     53.21164218     73.80484091     72.19338948
  236     88.91749728     72.65426742     54.51308550
  237     49.85310502     72.54781244     71.09164118
  238     49.41190590     74.53243832     70.16117506
  239     49.63792400     43.47325087     73.15711223
  240     48.11950199     70.76616911     69.61280899
  241     45.86738592     41.89018005     69.68810576
  242     48.43627606     39.93624309     70.47142576
  243     48.79009266     70.82478774     66.79467729
  244     39.79134100     22.17849551      7.96605343
  245     49.27929765     72.86593677     65.98489420
  246     49.06120284     68.91987811     65.24551868
  247     53.11407609     72.90322161     68.68176256
  248     49.92051531     69.60343008     63.34987704
  249     54.62715836     37.36751195     77.25278110
  250     54.38990800     35.36923737     76.43899902
  251     55.83867177     37.41268663     78.88462531
  252     52.55592363     37.51612147     78.37875608
  253     48.23962870     65.96742320     65.43972469
  254     47.09797679     65.69746468     67.26901284
  255     47.05590048     65.18909673     63.76590248
  256     49.92603349     64.77726938     94.19490229
  257     81.06968622     65.81324805     87.20684598
  258     79.29678976     65.35825796     87.94756009
  259     82.47350649     65.79443586     88.74116492
  260     81.73292099     62.87012924     85.63016937
  261     82.94022156     62.15290431     87.09451012
  262    116.83918779     71.57562031    109.39865713
  263     83.36050097     63.03466152     83.21195413
  264     84.55741074     64.67488482     83.26294666
  265     82.10328716     63.08602910     81.62327976
  266     84.99110286     60.74048920     81.92871802
  267     85.54840919     61.05050088     79.80363109
  268     83.59336386     59.14969108     81.66997609
  269     87.49976573     59.88241027     83.51574108
  270     86.65147000     58.81051364     85.15413888
  271     88.70212051     61.63747826     83.89060755
  272     89.44402078     57.86935263     82.42618272
  273     90.28559097     57.02180010     84.10168088
  274     90.98689510     58.49746637     81.07346088
  275     87.89077637     55.44803407     81.62719379
  276     86.37682107     55.39498549     82.95106180
  277     89.00678615     53.88257115     82.06488121
  278     87.13424164     55.69766215     78.78536351
  279     88.74004533     55.57312970     77.53055204
  280     86.73973697     57.87933325     78.54017567
  281     81.45504604     68.34046802     85.75520109
  282     79.78622859     69.20886629     84.85925397
  283     81.55596556     69.74331254     87.26550770
  284     83.34985479     67.88213939     85.06757576
  285     84.71469494     54.03275519     77.94728023
  286     83.96976402     52.80116875     79.46104031
  287     83.32998610     55.36669552     77.01794880
  288     85.30726374     52.73401975     76.29173763
  289     64.16244397     64.78279501     82.27494294
  290     63.63605918     64.81254300     84.36184766
  291     65.21130929     62.92236966     82.24615827
  292     62.14090375     64.79376451     80.15199443
  293     60.43161722     65.57540246     80.92541797
  294     61.85885036     62.80338794     79.61418230
  295     88.88084596     72.97442040    168.37097622
  296     39.38397622     21.86639885     64.47597635
  297     91.08120823     72.69936920    139.17023491
  298     62.58693215     66.10258108     48.53149042
  299     63.05954639     68.20891474     77.51722212
  300     60.83055239     66.15129583     47.58803550
  301     64.62999456     64.46928455     46.77006280
  302     63.61584109     63.84797850     45.22005669
  303     65.01949765     62.64832893     76.37212098
  304     67.17467749     65.80912943     46.49762552
  305     68.51458570     64.44552807     47.52720108
  306     67.13960223     67.55696618     47.78379044
  307     68.01558623     66.74092001     43.86569357
  308     70.23673180     67.17047359     43.58809335
  309     67.40259096     68.34714409     43.05172881
  310     67.77556959     64.65682721     41.83915616
  311     67.25329208     65.72642860     39.98369299
  312     66.33618932     63.19740078     42.28516743
  313     65.88938941     67.35426504     82.02797458
  314     66.83454986     68.26481066     83.70164102
  315     67.54965293     67.24228046     80.74923057
  316     64.74357356     68.96436392     81.30165484
  317     70.15313615     63.16684049     41.70770012
  318     70.16718127     62.01648061     43.38347658
  319     70.31121742     61.50943034     40.57192930
  320     71.82338496     64.52332629     41.35794126
  321     57.51924356     47.82439703     38.01296458
  322     57.82308187     49.13788261     36.54324893
  323     58.20765194     46.26263618     37.09767618
  324     58.57901767     48.63584838     69.70325277
  325     57.10384346     48.04714107     71.32888651
  326     58.77846695     50.96314339     69.94800757
  327     60.98322677     47.44900784     70.45114507
  328     61.99950245     48.52611172     72.00549493
  329     62.25468880     47.52954684     68.66351007
  330     60.60896536     44.38514317     70.89993424
  331     59.39207171     43.69286568     69.49927020
  332     59.34564517     43.83646344     72.66991027
  333     63.30673272     43.38833002     71.08893115
  334     64.06555116     43.34022029     69.13987706
  335     63.18987791     41.20787955     71.66596820
  336     65.09704469     44.31366097     73.11041383
  337     66.18381153     42.67827004     73.96618223
  338     64.07625227     45.05129061     74.65017994
  339     66.83090877     46.35636975     72.20480604
  340     65.73648206     47.42141939     70.59980485
  341     68.58844422     45.53938963     71.29431169
  342     67.53095004     48.40631692     74.38399756
  343     69.43845250     49.18244474     74.19139147
  344     68.02769947     47.12830318     76.19349965
  345     54.60523014     48.55962137     38.13555632
  346     53.59799965     48.11571236     39.81346335
  347     54.76417035     50.54250283     38.29750456
  348     53.49111088     47.94032098     36.43635674
  349     65.53880847     50.35861061     74.74835089
  350     65.25497629     51.50575754     73.04605193
  351     63.55925310     49.60951018     75.81784703
  352     66.07821685     51.57637966     76.25662228
 
 Total charge:     0.00000000

 Atomic gross charges (e)
 Atom           Charge
    1      -0.11360368
    2       0.00092487
    3       0.08207730
    4      -0.09587967
    5       0.07881129
    6       0.06203160
    7      -0.11751201
    8       0.07656267
    9       0.06898827
   10      -0.13533846
   11       0.05284023
   12       0.07511969
   13      -0.10237039
   14       0.07312881
   15       0.03804414
   16      -0.14959381
   17       0.09803679
   18       0.06118206
   19      -0.11637157
   20       0.05654433
   21       0.06412430
   22      -0.11390140
   23       0.05529341
   24       0.08015180
   25      -0.19810590
   26       0.06617717
   27       0.09083786
   28       0.04340890
   29      -0.20151487
   30       0.05555146
   31       0.07649481
   32       0.04920411
   33      -0.09434403
   34       0.06693212
   35       0.07960952
   36      -0.12111788
   37       0.07811681
   38       0.04783398
   39      -0.16370283
   40       0.04817595
   41       0.07240588
   42      -0.12799765
   43       0.05235887
   44       0.04838694
   45      -0.09678346
   46       0.07421936
   47       0.04283051
   48      -0.13175994
   49       0.06695978
   50       0.06092110
   51      -0.11485227
   52       0.07041988
   53       0.04617322
   54      -0.12063133
   55       0.05527051
   56       0.08083816
   57      -0.17900635
   58       0.03211957
   59       0.07066733
   60       0.06017898
   61      -0.22695298
   62       0.07330047
   63       0.08062103
   64       0.07063907
   65      -0.07700461
   66       0.04121043
   67       0.03588276
   68      -0.10891651
   69       0.04483824
   70       0.05612332
   71      -0.13946065
   72       0.08403124
   73       0.05431065
   74      -0.07940309
   75       0.02719405
   76       0.05669225
   77      -0.10496704
   78       0.09443378
   79       0.02927671
   80      -0.08740476
   81       0.04028663
   82       0.04802702
   83      -0.14797755
   84       0.07207339
   85       0.05808136
   86      -0.10231535
   87       0.06296605
   88       0.02683025
   89      -0.20598905
   90       0.06525930
   91       0.07078631
   92       0.08427979
   93      -0.21286597
   94       0.07883468
   95       0.05945419
   96       0.07752635
   97      -0.07323149
   98       0.07086284
   99       0.07488430
  100      -0.09407676
  101       0.04915978
  102       0.04900540
  103      -0.08799442
  104       0.04434463
  105       0.04945005
  106      -0.09807732
  107       0.05700505
  108       0.03949506
  109      -0.08828302
  110       0.03207432
  111       0.03144923
  112      -0.06226509
  113       0.03161682
  114       0.05244934
  115      -0.17751381
  116       0.07735720
  117       0.07071076
  118      -0.10252520
  119       0.05051786
  120       0.05501612
  121      -0.31542703
  122       0.13847748
  123       0.04640935
  124       0.07034232
  125      -0.20909619
  126       0.08383933
  127       0.06786572
  128       0.06320527
  129      -0.08677687
  130       0.06134645
  131       0.04179776
  132      -0.12889642
  133       0.04315559
  134       0.05629536
  135      -0.09952995
  136       0.03716660
  137       0.08641489
  138      -0.10966410
  139       0.05945164
  140       0.05027113
  141      -0.13116046
  142       0.07731760
  143       0.03482380
  144      -0.14116778
  145       0.06971417
  146       0.07037826
  147      -0.09224970
  148       0.06319840
  149       0.05481305
  150      -0.12697443
  151       0.08734793
  152       0.07463106
  153      -0.16596767
  154       0.05416902
  155       0.04252529
  156       0.05958579
  157      -0.13336812
  158       0.07868930
  159      -0.00024759
  160       0.05287077
  161      -0.08287099
  162       0.06722459
  163       0.05568428
  164      -0.10385449
  165       0.02665668
  166       0.05393096
  167      -0.11106246
  168       0.07938388
  169       0.06271385
  170      -0.11534310
  171       0.03114957
  172       0.05809711
  173      -0.11040857
  174       0.05432511
  175       0.05134829
  176      -0.11646262
  177       0.07396341
  178       0.05803548
  179      -0.14396763
  180       0.08448491
  181       0.07193913
  182      -0.08509383
  183       0.03771464
  184       0.05057650
  185      -0.24077050
  186       0.08462724
  187       0.05873689
  188       0.07752171
  189      -0.20258949
  190       0.08694901
  191       0.03572840
  192       0.05875244
  193      -0.06887734
  194       0.04549655
  195       0.02511150
  196      -0.14675361
  197       0.08051935
  198       0.05665281
  199      -0.13474521
  200       0.05210265
  201       0.08426541
  202      -0.13733613
  203       0.06920088
  204       0.07339271
  205      -0.12183137
  206       0.06215269
  207       0.07531386
  208      -0.12705903
  209       0.04039387
  210       0.06406381
  211      -0.10150585
  212       0.05829552
  213       0.05591800
  214      -0.09547704
  215       0.04687443
  216       0.05026903
  217      -0.20119790
  218       0.07072934
  219       0.06689490
  220       0.05147291
  221      -0.20430987
  222       0.06624711
  223       0.05795081
  224       0.08452376
  225      -0.07331085
  226       0.06700747
  227       0.04218669
  228      -0.08512892
  229       0.03723891
  230       0.05050405
  231      -0.12545580
  232       0.05218147
  233       0.05565678
  234      -0.10359450
  235       0.04795593
  236       0.07612879
  237      -0.08367185
  238       0.03629746
  239       0.06566122
  240      -0.08423364
  241       0.04676004
  242       0.05868825
  243      -0.07845731
  244      -0.00182456
  245       0.05314165
  246      -0.10687815
  247       0.07665234
  248       0.05742194
  249      -0.17103610
  250       0.04734889
  251       0.06489810
  252       0.02080654
  253      -0.17030521
  254       0.06955026
  255       0.06047760
  256       0.07261866
  257      -0.14306888
  258       0.08255375
  259       0.05848652
  260      -0.14666742
  261       0.06539148
  262       0.07747593
  263      -0.12703383
  264       0.06786242
  265       0.06587387
  266      -0.11409929
  267       0.04894790
  268       0.05225770
  269      -0.11596161
  270       0.06127124
  271       0.05872952
  272      -0.13677396
  273       0.05883598
  274       0.06586694
  275      -0.12755969
  276       0.07053018
  277       0.06280565
  278      -0.10774776
  279       0.06933548
  280       0.04164400
  281      -0.22896412
  282       0.09529389
  283       0.06250613
  284       0.10215362
  285      -0.19706178
  286       0.07843345
  287       0.06394823
  288       0.04817518
  289      -0.08482309
  290       0.05550597
  291       0.04974562
  292      -0.10378394
  293       0.06146588
  294       0.05875446
  295      -0.22776204
  296       0.00261130
  297       0.03926889
  298      -0.12273249
  299       0.05856885
  300       0.06281982
  301      -0.15513338
  302       0.07828619
  303       0.06944164
  304      -0.06554104
  305       0.04406660
  306       0.04219156
  307      -0.12104535
  308       0.02731694
  309       0.09051247
  310      -0.10356104
  311       0.04192757
  312       0.06199203
  313      -0.21741355
  314       0.05620368
  315       0.06143359
  316       0.06217857
  317      -0.21731457
  318       0.07352158
  319       0.07359009
  320       0.05405777
  321      -0.15748727
  322       0.06848863
  323       0.09833312
  324      -0.05051527
  325       0.02850589
  326       0.01981134
  327      -0.10811662
  328       0.06952774
  329       0.03998135
  330      -0.11558876
  331       0.07941241
  332       0.03413882
  333      -0.07944432
  334       0.05761802
  335       0.01553487
  336      -0.09315537
  337       0.04414368
  338       0.07171992
  339      -0.10796450
  340       0.04391655
  341       0.04960145
  342      -0.09123200
  343       0.06242629
  344       0.02622756
  345      -0.22435274
  346       0.07259981
  347       0.06938007
  348       0.06672854
  349      -0.17364590
  350       0.07985281
  351       0.03437236
  352       0.06595778
 
Nr. of electrons (up):    682.00000000
Atom populations (up)
 Atom       Population
    1       4.11360368
    2       0.99907513
    3       0.91792270
    4       4.09587967
    5       0.92118871
    6       0.93796840
    7       4.11751201
    8       0.92343733
    9       0.93101173
   10       4.13533846
   11       0.94715977
   12       0.92488031
   13       4.10237039
   14       0.92687119
   15       0.96195586
   16       4.14959381
   17       0.90196321
   18       0.93881794
   19       4.11637157
   20       0.94345567
   21       0.93587570
   22       4.11390140
   23       0.94470659
   24       0.91984820
   25       4.19810590
   26       0.93382283
   27       0.90916214
   28       0.95659110
   29       4.20151487
   30       0.94444854
   31       0.92350519
   32       0.95079589
   33       4.09434403
   34       0.93306788
   35       0.92039048
   36       4.12111788
   37       0.92188319
   38       0.95216602
   39       4.16370283
   40       0.95182405
   41       0.92759412
   42       4.12799765
   43       0.94764113
   44       0.95161306
   45       4.09678346
   46       0.92578064
   47       0.95716949
   48       4.13175994
   49       0.93304022
   50       0.93907890
   51       4.11485227
   52       0.92958012
   53       0.95382678
   54       4.12063133
   55       0.94472949
   56       0.91916184
   57       4.17900635
   58       0.96788043
   59       0.92933267
   60       0.93982102
   61       4.22695298
   62       0.92669953
   63       0.91937897
   64       0.92936093
   65       4.07700461
   66       0.95878957
   67       0.96411724
   68       4.10891651
   69       0.95516176
   70       0.94387668
   71       4.13946065
   72       0.91596876
   73       0.94568935
   74       4.07940309
   75       0.97280595
   76       0.94330775
   77       4.10496704
   78       0.90556622
   79       0.97072329
   80       4.08740476
   81       0.95971337
   82       0.95197298
   83       4.14797755
   84       0.92792661
   85       0.94191864
   86       4.10231535
   87       0.93703395
   88       0.97316975
   89       4.20598905
   90       0.93474070
   91       0.92921369
   92       0.91572021
   93       4.21286597
   94       0.92116532
   95       0.94054581
   96       0.92247365
   97       4.07323149
   98       0.92913716
   99       0.92511570
  100       4.09407676
  101       0.95084022
  102       0.95099460
  103       4.08799442
  104       0.95565537
  105       0.95054995
  106       4.09807732
  107       0.94299495
  108       0.96050494
  109       4.08828302
  110       0.96792568
  111       0.96855077
  112       4.06226509
  113       0.96838318
  114       0.94755066
  115       4.17751381
  116       0.92264280
  117       0.92928924
  118       4.10252520
  119       0.94948214
  120       0.94498388
  121       4.31542703
  122       0.86152252
  123       0.95359065
  124       0.92965768
  125       4.20909619
  126       0.91616067
  127       0.93213428
  128       0.93679473
  129       4.08677687
  130       0.93865355
  131       0.95820224
  132       4.12889642
  133       0.95684441
  134       0.94370464
  135       4.09952995
  136       0.96283340
  137       0.91358511
  138       4.10966410
  139       0.94054836
  140       0.94972887
  141       4.13116046
  142       0.92268240
  143       0.96517620
  144       4.14116778
  145       0.93028583
  146       0.92962174
  147       4.09224970
  148       0.93680160
  149       0.94518695
  150       4.12697443
  151       0.91265207
  152       0.92536894
  153       4.16596767
  154       0.94583098
  155       0.95747471
  156       0.94041421
  157       4.13336812
  158       0.92131070
  159       1.00024759
  160       0.94712923
  161       4.08287099
  162       0.93277541
  163       0.94431572
  164       4.10385449
  165       0.97334332
  166       0.94606904
  167       4.11106246
  168       0.92061612
  169       0.93728615
  170       4.11534310
  171       0.96885043
  172       0.94190289
  173       4.11040857
  174       0.94567489
  175       0.94865171
  176       4.11646262
  177       0.92603659
  178       0.94196452
  179       4.14396763
  180       0.91551509
  181       0.92806087
  182       4.08509383
  183       0.96228536
  184       0.94942350
  185       4.24077050
  186       0.91537276
  187       0.94126311
  188       0.92247829
  189       4.20258949
  190       0.91305099
  191       0.96427160
  192       0.94124756
  193       4.06887734
  194       0.95450345
  195       0.97488850
  196       4.14675361
  197       0.91948065
  198       0.94334719
  199       4.13474521
  200       0.94789735
  201       0.91573459
  202       4.13733613
  203       0.93079912
  204       0.92660729
  205       4.12183137
  206       0.93784731
  207       0.92468614
  208       4.12705903
  209       0.95960613
  210       0.93593619
  211       4.10150585
  212       0.94170448
  213       0.94408200
  214       4.09547704
  215       0.95312557
  216       0.94973097
  217       4.20119790
  218       0.92927066
  219       0.93310510
  220       0.94852709
  221       4.20430987
  222       0.93375289
  223       0.94204919
  224       0.91547624
  225       4.07331085
  226       0.93299253
  227       0.95781331
  228       4.08512892
  229       0.96276109
  230       0.94949595
  231       4.12545580
  232       0.94781853
  233       0.94434322
  234       4.10359450
  235       0.95204407
  236       0.92387121
  237       4.08367185
  238       0.96370254
  239       0.93433878
  240       4.08423364
  241       0.95323996
  242       0.94131175
  243       4.07845731
  244       1.00182456
  245       0.94685835
  246       4.10687815
  247       0.92334766
  248       0.94257806
  249       4.17103610
  250       0.95265111
  251       0.93510190
  252       0.97919346
  253       4.17030521
  254       0.93044974
  255       0.93952240
  256       0.92738134
  257       4.14306888
  258       0.91744625
  259       0.94151348
  260       4.14666742
  261       0.93460852
  262       0.92252407
  263       4.12703383
  264       0.93213758
  265       0.93412613
  266       4.11409929
  267       0.95105210
  268       0.94774230
  269       4.11596161
  270       0.93872876
  271       0.94127048
  272       4.13677396
  273       0.94116402
  274       0.93413306
  275       4.12755969
  276       0.92946982
  277       0.93719435
  278       4.10774776
  279       0.93066452
  280       0.95835600
  281       4.22896412
  282       0.90470611
  283       0.93749387
  284       0.89784638
  285       4.19706178
  286       0.92156655
  287       0.93605177
  288       0.95182482
  289       4.08482309
  290       0.94449403
  291       0.95025438
  292       4.10378394
  293       0.93853412
  294       0.94124554
  295       4.22776204
  296       0.99738870
  297       0.96073111
  298       4.12273249
  299       0.94143115
  300       0.93718018
  301       4.15513338
  302       0.92171381
  303       0.93055836
  304       4.06554104
  305       0.95593340
  306       0.95780844
  307       4.12104535
  308       0.97268306
  309       0.90948753
  310       4.10356104
  311       0.95807243
  312       0.93800797
  313       4.21741355
  314       0.94379632
  315       0.93856641
  316       0.93782143
  317       4.21731457
  318       0.92647842
  319       0.92640991
  320       0.94594223
  321       4.15748727
  322       0.93151137
  323       0.90166688
  324       4.05051527
  325       0.97149411
  326       0.98018866
  327       4.10811662
  328       0.93047226
  329       0.96001865
  330       4.11558876
  331       0.92058759
  332       0.96586118
  333       4.07944432
  334       0.94238198
  335       0.98446513
  336       4.09315537
  337       0.95585632
  338       0.92828008
  339       4.10796450
  340       0.95608345
  341       0.95039855
  342       4.09123200
  343       0.93757371
  344       0.97377244
  345       4.22435274
  346       0.92740019
  347       0.93061993
  348       0.93327146
  349       4.17364590
  350       0.92014719
  351       0.96562764
  352       0.93404222
 
l-shell populations (up)
 Atom Sh.   l       Population
    1   1   0       1.23646313
    1   2   1       2.87714055
    2   1   0       0.99907513
    3   1   0       0.91792270
    4   1   0       1.22003409
    4   2   1       2.87584558
    5   1   0       0.92118871
    6   1   0       0.93796840
    7   1   0       1.22634179
    7   2   1       2.89117022
    8   1   0       0.92343733
    9   1   0       0.93101173
   10   1   0       1.22950385
   10   2   1       2.90583461
   11   1   0       0.94715977
   12   1   0       0.92488031
   13   1   0       1.23120006
   13   2   1       2.87117033
   14   1   0       0.92687119
   15   1   0       0.96195586
   16   1   0       1.26613934
   16   2   1       2.88345447
   17   1   0       0.90196321
   18   1   0       0.93881794
   19   1   0       1.28782525
   19   2   1       2.82854632
   20   1   0       0.94345567
   21   1   0       0.93587570
   22   1   0       1.24513284
   22   2   1       2.86876856
   23   1   0       0.94470659
   24   1   0       0.91984820
   25   1   0       1.28478439
   25   2   1       2.91332151
   26   1   0       0.93382283
   27   1   0       0.90916214
   28   1   0       0.95659110
   29   1   0       1.28164426
   29   2   1       2.91987061
   30   1   0       0.94444854
   31   1   0       0.92350519
   32   1   0       0.95079589
   33   1   0       1.22399472
   33   2   1       2.87034930
   34   1   0       0.93306788
   35   1   0       0.92039048
   36   1   0       1.27378105
   36   2   1       2.84733683
   37   1   0       0.92188319
   38   1   0       0.95216602
   39   1   0       1.28734220
   39   2   1       2.87636063
   40   1   0       0.95182405
   41   1   0       0.92759412
   42   1   0       1.25333202
   42   2   1       2.87466563
   43   1   0       0.94764113
   44   1   0       0.95161306
   45   1   0       1.22873131
   45   2   1       2.86805215
   46   1   0       0.92578064
   47   1   0       0.95716949
   48   1   0       1.21440803
   48   2   1       2.91735191
   49   1   0       0.93304022
   50   1   0       0.93907890
   51   1   0       1.24298098
   51   2   1       2.87187129
   52   1   0       0.92958012
   53   1   0       0.95382678
   54   1   0       1.26329688
   54   2   1       2.85733445
   55   1   0       0.94472949
   56   1   0       0.91916184
   57   1   0       1.25459834
   57   2   1       2.92440801
   58   1   0       0.96788043
   59   1   0       0.92933267
   60   1   0       0.93982102
   61   1   0       1.26853776
   61   2   1       2.95841522
   62   1   0       0.92669953
   63   1   0       0.91937897
   64   1   0       0.92936093
   65   1   0       1.24988688
   65   2   1       2.82711773
   66   1   0       0.95878957
   67   1   0       0.96411724
   68   1   0       1.24845160
   68   2   1       2.86046491
   69   1   0       0.95516176
   70   1   0       0.94387668
   71   1   0       1.26207046
   71   2   1       2.87739019
   72   1   0       0.91596876
   73   1   0       0.94568935
   74   1   0       1.24771900
   74   2   1       2.83168409
   75   1   0       0.97280595
   76   1   0       0.94330775
   77   1   0       1.21581336
   77   2   1       2.88915368
   78   1   0       0.90556622
   79   1   0       0.97072329
   80   1   0       1.25616843
   80   2   1       2.83123632
   81   1   0       0.95971337
   82   1   0       0.95197298
   83   1   0       1.24986886
   83   2   1       2.89810869
   84   1   0       0.92792661
   85   1   0       0.94191864
   86   1   0       1.24725026
   86   2   1       2.85506509
   87   1   0       0.93703395
   88   1   0       0.97316975
   89   1   0       1.30254518
   89   2   1       2.90344387
   90   1   0       0.93474070
   91   1   0       0.92921369
   92   1   0       0.91572021
   93   1   0       1.28225350
   93   2   1       2.93061247
   94   1   0       0.92116532
   95   1   0       0.94054581
   96   1   0       0.92247365
   97   1   0       1.24537132
   97   2   1       2.82786017
   98   1   0       0.92913716
   99   1   0       0.92511570
  100   1   0       1.21836071
  100   2   1       2.87571604
  101   1   0       0.95084022
  102   1   0       0.95099460
  103   1   0       1.22997191
  103   2   1       2.85802251
  104   1   0       0.95565537
  105   1   0       0.95054995
  106   1   0       1.26389423
  106   2   1       2.83418310
  107   1   0       0.94299495
  108   1   0       0.96050494
  109   1   0       1.26897940
  109   2   1       2.81930362
  110   1   0       0.96792568
  111   1   0       0.96855077
  112   1   0       1.22335133
  112   2   1       2.83891376
  113   1   0       0.96838318
  114   1   0       0.94755066
  115   1   0       1.24441251
  115   2   1       2.93310129
  116   1   0       0.92264280
  117   1   0       0.92928924
  118   1   0       1.26422267
  118   2   1       2.83830253
  119   1   0       0.94948214
  120   1   0       0.94498388
  121   1   0       1.31947837
  121   2   1       2.99594866
  122   1   0       0.86152252
  123   1   0       0.95359065
  124   1   0       0.92965768
  125   1   0       1.26971297
  125   2   1       2.93938322
  126   1   0       0.91616067
  127   1   0       0.93213428
  128   1   0       0.93679473
  129   1   0       1.24475547
  129   2   1       2.84202140
  130   1   0       0.93865355
  131   1   0       0.95820224
  132   1   0       1.27250530
  132   2   1       2.85639112
  133   1   0       0.95684441
  134   1   0       0.94370464
  135   1   0       1.25586389
  135   2   1       2.84366606
  136   1   0       0.96283340
  137   1   0       0.91358511
  138   1   0       1.24105871
  138   2   1       2.86860539
  139   1   0       0.94054836
  140   1   0       0.94972887
  141   1   0       1.24232935
  141   2   1       2.88883111
  142   1   0       0.92268240
  143   1   0       0.96517620
  144   1   0       1.26169634
  144   2   1       2.87947144
  145   1   0       0.93028583
  146   1   0       0.92962174
  147   1   0       1.25281113
  147   2   1       2.83943856
  148   1   0       0.93680160
  149   1   0       0.94518695
  150   1   0       1.25375562
  150   2   1       2.87321881
  151   1   0       0.91265207
  152   1   0       0.92536894
  153   1   0       1.27024943
  153   2   1       2.89571824
  154   1   0       0.94583098
  155   1   0       0.95747471
  156   1   0       0.94041421
  157   1   0       1.30939951
  157   2   1       2.82396861
  158   1   0       0.92131070
  159   1   0       1.00024759
  160   1   0       0.94712923
  161   1   0       1.21412855
  161   2   1       2.86874245
  162   1   0       0.93277541
  163   1   0       0.94431572
  164   1   0       1.26057885
  164   2   1       2.84327564
  165   1   0       0.97334332
  166   1   0       0.94606904
  167   1   0       1.26538667
  167   2   1       2.84567579
  168   1   0       0.92061612
  169   1   0       0.93728615
  170   1   0       1.29416149
  170   2   1       2.82118161
  171   1   0       0.96885043
  172   1   0       0.94190289
  173   1   0       1.28049619
  173   2   1       2.82991238
  174   1   0       0.94567489
  175   1   0       0.94865171
  176   1   0       1.25638709
  176   2   1       2.86007553
  177   1   0       0.92603659
  178   1   0       0.94196452
  179   1   0       1.26291053
  179   2   1       2.88105710
  180   1   0       0.91551509
  181   1   0       0.92806087
  182   1   0       1.26254126
  182   2   1       2.82255257
  183   1   0       0.96228536
  184   1   0       0.94942350
  185   1   0       1.24984100
  185   2   1       2.99092951
  186   1   0       0.91537276
  187   1   0       0.94126311
  188   1   0       0.92247829
  189   1   0       1.25888460
  189   2   1       2.94370489
  190   1   0       0.91305099
  191   1   0       0.96427160
  192   1   0       0.94124756
  193   1   0       1.23392275
  193   2   1       2.83495458
  194   1   0       0.95450345
  195   1   0       0.97488850
  196   1   0       1.27334975
  196   2   1       2.87340386
  197   1   0       0.91948065
  198   1   0       0.94334719
  199   1   0       1.26930248
  199   2   1       2.86544273
  200   1   0       0.94789735
  201   1   0       0.91573459
  202   1   0       1.25805087
  202   2   1       2.87928526
  203   1   0       0.93079912
  204   1   0       0.92660729
  205   1   0       1.24573047
  205   2   1       2.87610090
  206   1   0       0.93784731
  207   1   0       0.92468614
  208   1   0       1.22334961
  208   2   1       2.90370942
  209   1   0       0.95960613
  210   1   0       0.93593619
  211   1   0       1.25402212
  211   2   1       2.84748373
  212   1   0       0.94170448
  213   1   0       0.94408200
  214   1   0       1.24496025
  214   2   1       2.85051679
  215   1   0       0.95312557
  216   1   0       0.94973097
  217   1   0       1.26082917
  217   2   1       2.94036873
  218   1   0       0.92927066
  219   1   0       0.93310510
  220   1   0       0.94852709
  221   1   0       1.25211324
  221   2   1       2.95219663
  222   1   0       0.93375289
  223   1   0       0.94204919
  224   1   0       0.91547624
  225   1   0       1.19414669
  225   2   1       2.87916416
  226   1   0       0.93299253
  227   1   0       0.95781331
  228   1   0       1.22918278
  228   2   1       2.85594614
  229   1   0       0.96276109
  230   1   0       0.94949595
  231   1   0       1.27136256
  231   2   1       2.85409324
  232   1   0       0.94781853
  233   1   0       0.94434322
  234   1   0       1.26402075
  234   2   1       2.83957375
  235   1   0       0.95204407
  236   1   0       0.92387121
  237   1   0       1.23643747
  237   2   1       2.84723437
  238   1   0       0.96370254
  239   1   0       0.93433878
  240   1   0       1.23762750
  240   2   1       2.84660614
  241   1   0       0.95323996
  242   1   0       0.94131175
  243   1   0       1.23788782
  243   2   1       2.84056949
  244   1   0       1.00182456
  245   1   0       0.94685835
  246   1   0       1.24997243
  246   2   1       2.85690572
  247   1   0       0.92334766
  248   1   0       0.94257806
  249   1   0       1.26071617
  249   2   1       2.91031993
  250   1   0       0.95265111
  251   1   0       0.93510190
  252   1   0       0.97919346
  253   1   0       1.28989834
  253   2   1       2.88040688
  254   1   0       0.93044974
  255   1   0       0.93952240
  256   1   0       0.92738134
  257   1   0       1.27948920
  257   2   1       2.86357969
  258   1   0       0.91744625
  259   1   0       0.94151348
  260   1   0       1.28661329
  260   2   1       2.86005413
  261   1   0       0.93460852
  262   1   0       0.92252407
  263   1   0       1.24125103
  263   2   1       2.88578280
  264   1   0       0.93213758
  265   1   0       0.93412613
  266   1   0       1.29071285
  266   2   1       2.82338644
  267   1   0       0.95105210
  268   1   0       0.94774230
  269   1   0       1.27288279
  269   2   1       2.84307882
  270   1   0       0.93872876
  271   1   0       0.94127048
  272   1   0       1.26209606
  272   2   1       2.87467789
  273   1   0       0.94116402
  274   1   0       0.93413306
  275   1   0       1.23764499
  275   2   1       2.88991470
  276   1   0       0.92946982
  277   1   0       0.93719435
  278   1   0       1.25996035
  278   2   1       2.84778742
  279   1   0       0.93066452
  280   1   0       0.95835600
  281   1   0       1.26980682
  281   2   1       2.95915730
  282   1   0       0.90470611
  283   1   0       0.93749387
  284   1   0       0.89784638
  285   1   0       1.29130913
  285   2   1       2.90575265
  286   1   0       0.92156655
  287   1   0       0.93605177
  288   1   0       0.95182482
  289   1   0       1.25916310
  289   2   1       2.82565999
  290   1   0       0.94449403
  291   1   0       0.95025438
  292   1   0       1.23839747
  292   2   1       2.86538647
  293   1   0       0.93853412
  294   1   0       0.94124554
  295   1   0       1.28822951
  295   2   1       2.93953254
  296   1   0       0.99738870
  297   1   0       0.96073111
  298   1   0       1.27083871
  298   2   1       2.85189378
  299   1   0       0.94143115
  300   1   0       0.93718018
  301   1   0       1.24195841
  301   2   1       2.91317497
  302   1   0       0.92171381
  303   1   0       0.93055836
  304   1   0       1.23774857
  304   2   1       2.82779246
  305   1   0       0.95593340
  306   1   0       0.95780844
  307   1   0       1.23722915
  307   2   1       2.88381619
  308   1   0       0.97268306
  309   1   0       0.90948753
  310   1   0       1.23516507
  310   2   1       2.86839597
  311   1   0       0.95807243
  312   1   0       0.93800797
  313   1   0       1.29225743
  313   2   1       2.92515612
  314   1   0       0.94379632
  315   1   0       0.93856641
  316   1   0       0.93782143
  317   1   0       1.25660393
  317   2   1       2.96071063
  318   1   0       0.92647842
  319   1   0       0.92640991
  320   1   0       0.94594223
  321   1   0       1.24461209
  321   2   1       2.91287518
  322   1   0       0.93151137
  323   1   0       0.90166688
  324   1   0       1.26132600
  324   2   1       2.78918928
  325   1   0       0.97149411
  326   1   0       0.98018866
  327   1   0       1.25803596
  327   2   1       2.85008066
  328   1   0       0.93047226
  329   1   0       0.96001865
  330   1   0       1.25758225
  330   2   1       2.85800651
  331   1   0       0.92058759
  332   1   0       0.96586118
  333   1   0       1.23379697
  333   2   1       2.84564735
  334   1   0       0.94238198
  335   1   0       0.98446513
  336   1   0       1.21658693
  336   2   1       2.87656844
  337   1   0       0.95585632
  338   1   0       0.92828008
  339   1   0       1.25914493
  339   2   1       2.84881957
  340   1   0       0.95608345
  341   1   0       0.95039855
  342   1   0       1.24713211
  342   2   1       2.84409989
  343   1   0       0.93757371
  344   1   0       0.97377244
  345   1   0       1.27397125
  345   2   1       2.95038149
  346   1   0       0.92740019
  347   1   0       0.93061993
  348   1   0       0.93327146
  349   1   0       1.26337675
  349   2   1       2.91026916
  350   1   0       0.92014719
  351   1   0       0.96562764
  352   1   0       0.93404222
 
Orbital populations (up)
 Atom Sh.   l   m       Population  Label
    1   1   0   0       1.23646313  s
    1   2   1  -1       0.96077502  p_y
    1   2   1   0       0.91952863  p_z
    1   2   1   1       0.99683690  p_x
    2   1   0   0       0.99907513  s
    3   1   0   0       0.91792270  s
    4   1   0   0       1.22003409  s
    4   2   1  -1       0.94444475  p_y
    4   2   1   0       0.98452312  p_z
    4   2   1   1       0.94687770  p_x
    5   1   0   0       0.92118871  s
    6   1   0   0       0.93796840  s
    7   1   0   0       1.22634179  s
    7   2   1  -1       0.96167757  p_y
    7   2   1   0       0.96518421  p_z
    7   2   1   1       0.96430843  p_x
    8   1   0   0       0.92343733  s
    9   1   0   0       0.93101173  s
   10   1   0   0       1.22950385  s
   10   2   1  -1       0.98640980  p_y
   10   2   1   0       0.97823609  p_z
   10   2   1   1       0.94118872  p_x
   11   1   0   0       0.94715977  s
   12   1   0   0       0.92488031  s
   13   1   0   0       1.23120006  s
   13   2   1  -1       0.94018273  p_y
   13   2   1   0       0.97748469  p_z
   13   2   1   1       0.95350291  p_x
   14   1   0   0       0.92687119  s
   15   1   0   0       0.96195586  s
   16   1   0   0       1.26613934  s
   16   2   1  -1       0.94588836  p_y
   16   2   1   0       0.92566253  p_z
   16   2   1   1       1.01190357  p_x
   17   1   0   0       0.90196321  s
   18   1   0   0       0.93881794  s
   19   1   0   0       1.28782525  s
   19   2   1  -1       0.97369988  p_y
   19   2   1   0       0.92416927  p_z
   19   2   1   1       0.93067718  p_x
   20   1   0   0       0.94345567  s
   21   1   0   0       0.93587570  s
   22   1   0   0       1.24513284  s
   22   2   1  -1       0.98558138  p_y
   22   2   1   0       0.97468263  p_z
   22   2   1   1       0.90850455  p_x
   23   1   0   0       0.94470659  s
   24   1   0   0       0.91984820  s
   25   1   0   0       1.28478439  s
   25   2   1  -1       0.97503730  p_y
   25   2   1   0       0.96473904  p_z
   25   2   1   1       0.97354517  p_x
   26   1   0   0       0.93382283  s
   27   1   0   0       0.90916214  s
   28   1   0   0       0.95659110  s
   29   1   0   0       1.28164426  s
   29   2   1  -1       0.95673317  p_y
   29   2   1   0       0.99986425  p_z
   29   2   1   1       0.96327319  p_x
   30   1   0   0       0.94444854  s
   31   1   0   0       0.92350519  s
   32   1   0   0       0.95079589  s
   33   1   0   0       1.22399472  s
   33   2   1  -1       1.01489693  p_y
   33   2   1   0       0.90919568  p_z
   33   2   1   1       0.94625670  p_x
   34   1   0   0       0.93306788  s
   35   1   0   0       0.92039048  s
   36   1   0   0       1.27378105  s
   36   2   1  -1       0.96570834  p_y
   36   2   1   0       0.97309231  p_z
   36   2   1   1       0.90853617  p_x
   37   1   0   0       0.92188319  s
   38   1   0   0       0.95216602  s
   39   1   0   0       1.28734220  s
   39   2   1  -1       0.97849615  p_y
   39   2   1   0       0.97270030  p_z
   39   2   1   1       0.92516418  p_x
   40   1   0   0       0.95182405  s
   41   1   0   0       0.92759412  s
   42   1   0   0       1.25333202  s
   42   2   1  -1       0.96115825  p_y
   42   2   1   0       0.98665723  p_z
   42   2   1   1       0.92685015  p_x
   43   1   0   0       0.94764113  s
   44   1   0   0       0.95161306  s
   45   1   0   0       1.22873131  s
   45   2   1  -1       0.96907173  p_y
   45   2   1   0       0.95936787  p_z
   45   2   1   1       0.93961255  p_x
   46   1   0   0       0.92578064  s
   47   1   0   0       0.95716949  s
   48   1   0   0       1.21440803  s
   48   2   1  -1       0.93329087  p_y
   48   2   1   0       1.00026897  p_z
   48   2   1   1       0.98379207  p_x
   49   1   0   0       0.93304022  s
   50   1   0   0       0.93907890  s
   51   1   0   0       1.24298098  s
   51   2   1  -1       0.93382093  p_y
   51   2   1   0       0.94246974  p_z
   51   2   1   1       0.99558062  p_x
   52   1   0   0       0.92958012  s
   53   1   0   0       0.95382678  s
   54   1   0   0       1.26329688  s
   54   2   1  -1       0.93614932  p_y
   54   2   1   0       0.96800968  p_z
   54   2   1   1       0.95317545  p_x
   55   1   0   0       0.94472949  s
   56   1   0   0       0.91916184  s
   57   1   0   0       1.25459834  s
   57   2   1  -1       0.97598286  p_y
   57   2   1   0       0.97470910  p_z
   57   2   1   1       0.97371606  p_x
   58   1   0   0       0.96788043  s
   59   1   0   0       0.92933267  s
   60   1   0   0       0.93982102  s
   61   1   0   0       1.26853776  s
   61   2   1  -1       0.97102086  p_y
   61   2   1   0       0.98305905  p_z
   61   2   1   1       1.00433531  p_x
   62   1   0   0       0.92669953  s
   63   1   0   0       0.91937897  s
   64   1   0   0       0.92936093  s
   65   1   0   0       1.24988688  s
   65   2   1  -1       0.95592112  p_y
   65   2   1   0       0.94601855  p_z
   65   2   1   1       0.92517807  p_x
   66   1   0   0       0.95878957  s
   67   1   0   0       0.96411724  s
   68   1   0   0       1.24845160  s
   68   2   1  -1       1.00830902  p_y
   68   2   1   0       0.93900967  p_z
   68   2   1   1       0.91314622  p_x
   69   1   0   0       0.95516176  s
   70   1   0   0       0.94387668  s
   71   1   0   0       1.26207046  s
   71   2   1  -1       1.00089812  p_y
   71   2   1   0       0.94990271  p_z
   71   2   1   1       0.92658937  p_x
   72   1   0   0       0.91596876  s
   73   1   0   0       0.94568935  s
   74   1   0   0       1.24771900  s
   74   2   1  -1       0.95703282  p_y
   74   2   1   0       0.90363643  p_z
   74   2   1   1       0.97101484  p_x
   75   1   0   0       0.97280595  s
   76   1   0   0       0.94330775  s
   77   1   0   0       1.21581336  s
   77   2   1  -1       0.98233353  p_y
   77   2   1   0       0.92407567  p_z
   77   2   1   1       0.98274447  p_x
   78   1   0   0       0.90556622  s
   79   1   0   0       0.97072329  s
   80   1   0   0       1.25616843  s
   80   2   1  -1       0.95105836  p_y
   80   2   1   0       0.93096560  p_z
   80   2   1   1       0.94921236  p_x
   81   1   0   0       0.95971337  s
   82   1   0   0       0.95197298  s
   83   1   0   0       1.24986886  s
   83   2   1  -1       0.96420881  p_y
   83   2   1   0       0.95107025  p_z
   83   2   1   1       0.98282963  p_x
   84   1   0   0       0.92792661  s
   85   1   0   0       0.94191864  s
   86   1   0   0       1.24725026  s
   86   2   1  -1       0.93505940  p_y
   86   2   1   0       0.99206087  p_z
   86   2   1   1       0.92794482  p_x
   87   1   0   0       0.93703395  s
   88   1   0   0       0.97316975  s
   89   1   0   0       1.30254518  s
   89   2   1  -1       0.93547268  p_y
   89   2   1   0       0.98174266  p_z
   89   2   1   1       0.98622853  p_x
   90   1   0   0       0.93474070  s
   91   1   0   0       0.92921369  s
   92   1   0   0       0.91572021  s
   93   1   0   0       1.28225350  s
   93   2   1  -1       0.98868785  p_y
   93   2   1   0       0.98736648  p_z
   93   2   1   1       0.95455814  p_x
   94   1   0   0       0.92116532  s
   95   1   0   0       0.94054581  s
   96   1   0   0       0.92247365  s
   97   1   0   0       1.24537132  s
   97   2   1  -1       0.96153725  p_y
   97   2   1   0       0.96282003  p_z
   97   2   1   1       0.90350288  p_x
   98   1   0   0       0.92913716  s
   99   1   0   0       0.92511570  s
  100   1   0   0       1.21836071  s
  100   2   1  -1       0.94693237  p_y
  100   2   1   0       0.99612923  p_z
  100   2   1   1       0.93265444  p_x
  101   1   0   0       0.95084022  s
  102   1   0   0       0.95099460  s
  103   1   0   0       1.22997191  s
  103   2   1  -1       0.92339688  p_y
  103   2   1   0       0.97604766  p_z
  103   2   1   1       0.95857797  p_x
  104   1   0   0       0.95565537  s
  105   1   0   0       0.95054995  s
  106   1   0   0       1.26389423  s
  106   2   1  -1       0.98055160  p_y
  106   2   1   0       0.93631106  p_z
  106   2   1   1       0.91732044  p_x
  107   1   0   0       0.94299495  s
  108   1   0   0       0.96050494  s
  109   1   0   0       1.26897940  s
  109   2   1  -1       0.97818186  p_y
  109   2   1   0       0.91431693  p_z
  109   2   1   1       0.92680484  p_x
  110   1   0   0       0.96792568  s
  111   1   0   0       0.96855077  s
  112   1   0   0       1.22335133  s
  112   2   1  -1       0.95940441  p_y
  112   2   1   0       0.92094963  p_z
  112   2   1   1       0.95855972  p_x
  113   1   0   0       0.96838318  s
  114   1   0   0       0.94755066  s
  115   1   0   0       1.24441251  s
  115   2   1  -1       1.05508181  p_y
  115   2   1   0       0.94638083  p_z
  115   2   1   1       0.93163866  p_x
  116   1   0   0       0.92264280  s
  117   1   0   0       0.92928924  s
  118   1   0   0       1.26422267  s
  118   2   1  -1       0.95514865  p_y
  118   2   1   0       0.96614487  p_z
  118   2   1   1       0.91700901  p_x
  119   1   0   0       0.94948214  s
  120   1   0   0       0.94498388  s
  121   1   0   0       1.31947837  s
  121   2   1  -1       0.95851836  p_y
  121   2   1   0       1.06425512  p_z
  121   2   1   1       0.97317518  p_x
  122   1   0   0       0.86152252  s
  123   1   0   0       0.95359065  s
  124   1   0   0       0.92965768  s
  125   1   0   0       1.26971297  s
  125   2   1  -1       1.00947330  p_y
  125   2   1   0       0.96892502  p_z
  125   2   1   1       0.96098490  p_x
  126   1   0   0       0.91616067  s
  127   1   0   0       0.93213428  s
  128   1   0   0       0.93679473  s
  129   1   0   0       1.24475547  s
  129   2   1  -1       0.92988661  p_y
  129   2   1   0       0.96802289  p_z
  129   2   1   1       0.94411190  p_x
  130   1   0   0       0.93865355  s
  131   1   0   0       0.95820224  s
  132   1   0   0       1.27250530  s
  132   2   1  -1       0.89891009  p_y
  132   2   1   0       0.96698851  p_z
  132   2   1   1       0.99049253  p_x
  133   1   0   0       0.95684441  s
  134   1   0   0       0.94370464  s
  135   1   0   0       1.25586389  s
  135   2   1  -1       0.96283542  p_y
  135   2   1   0       0.93380610  p_z
  135   2   1   1       0.94702453  p_x
  136   1   0   0       0.96283340  s
  137   1   0   0       0.91358511  s
  138   1   0   0       1.24105871  s
  138   2   1  -1       0.97529885  p_y
  138   2   1   0       0.95517214  p_z
  138   2   1   1       0.93813440  p_x
  139   1   0   0       0.94054836  s
  140   1   0   0       0.94972887  s
  141   1   0   0       1.24232935  s
  141   2   1  -1       1.01100032  p_y
  141   2   1   0       0.94849106  p_z
  141   2   1   1       0.92933972  p_x
  142   1   0   0       0.92268240  s
  143   1   0   0       0.96517620  s
  144   1   0   0       1.26169634  s
  144   2   1  -1       0.96277365  p_y
  144   2   1   0       0.97406055  p_z
  144   2   1   1       0.94263723  p_x
  145   1   0   0       0.93028583  s
  146   1   0   0       0.92962174  s
  147   1   0   0       1.25281113  s
  147   2   1  -1       0.94947026  p_y
  147   2   1   0       0.91741519  p_z
  147   2   1   1       0.97255311  p_x
  148   1   0   0       0.93680160  s
  149   1   0   0       0.94518695  s
  150   1   0   0       1.25375562  s
  150   2   1  -1       0.96103493  p_y
  150   2   1   0       0.99520353  p_z
  150   2   1   1       0.91698035  p_x
  151   1   0   0       0.91265207  s
  152   1   0   0       0.92536894  s
  153   1   0   0       1.27024943  s
  153   2   1  -1       0.97035408  p_y
  153   2   1   0       0.95440445  p_z
  153   2   1   1       0.97095972  p_x
  154   1   0   0       0.94583098  s
  155   1   0   0       0.95747471  s
  156   1   0   0       0.94041421  s
  157   1   0   0       1.30939951  s
  157   2   1  -1       0.95005512  p_y
  157   2   1   0       0.96832302  p_z
  157   2   1   1       0.90559047  p_x
  158   1   0   0       0.92131070  s
  159   1   0   0       1.00024759  s
  160   1   0   0       0.94712923  s
  161   1   0   0       1.21412855  s
  161   2   1  -1       0.97672492  p_y
  161   2   1   0       0.96789791  p_z
  161   2   1   1       0.92411962  p_x
  162   1   0   0       0.93277541  s
  163   1   0   0       0.94431572  s
  164   1   0   0       1.26057885  s
  164   2   1  -1       0.91113117  p_y
  164   2   1   0       1.02038107  p_z
  164   2   1   1       0.91176341  p_x
  165   1   0   0       0.97334332  s
  166   1   0   0       0.94606904  s
  167   1   0   0       1.26538667  s
  167   2   1  -1       0.90902006  p_y
  167   2   1   0       1.00021166  p_z
  167   2   1   1       0.93644407  p_x
  168   1   0   0       0.92061612  s
  169   1   0   0       0.93728615  s
  170   1   0   0       1.29416149  s
  170   2   1  -1       0.96153035  p_y
  170   2   1   0       0.93343219  p_z
  170   2   1   1       0.92621906  p_x
  171   1   0   0       0.96885043  s
  172   1   0   0       0.94190289  s
  173   1   0   0       1.28049619  s
  173   2   1  -1       0.96761101  p_y
  173   2   1   0       0.90019767  p_z
  173   2   1   1       0.96210370  p_x
  174   1   0   0       0.94567489  s
  175   1   0   0       0.94865171  s
  176   1   0   0       1.25638709  s
  176   2   1  -1       0.96342731  p_y
  176   2   1   0       0.91332274  p_z
  176   2   1   1       0.98332549  p_x
  177   1   0   0       0.92603659  s
  178   1   0   0       0.94196452  s
  179   1   0   0       1.26291053  s
  179   2   1  -1       0.95718708  p_y
  179   2   1   0       0.94325487  p_z
  179   2   1   1       0.98061514  p_x
  180   1   0   0       0.91551509  s
  181   1   0   0       0.92806087  s
  182   1   0   0       1.26254126  s
  182   2   1  -1       0.94987743  p_y
  182   2   1   0       0.94396391  p_z
  182   2   1   1       0.92871123  p_x
  183   1   0   0       0.96228536  s
  184   1   0   0       0.94942350  s
  185   1   0   0       1.24984100  s
  185   2   1  -1       0.97817315  p_y
  185   2   1   0       1.00959901  p_z
  185   2   1   1       1.00315735  p_x
  186   1   0   0       0.91537276  s
  187   1   0   0       0.94126311  s
  188   1   0   0       0.92247829  s
  189   1   0   0       1.25888460  s
  189   2   1  -1       1.00120296  p_y
  189   2   1   0       1.00427770  p_z
  189   2   1   1       0.93822422  p_x
  190   1   0   0       0.91305099  s
  191   1   0   0       0.96427160  s
  192   1   0   0       0.94124756  s
  193   1   0   0       1.23392275  s
  193   2   1  -1       0.96018398  p_y
  193   2   1   0       0.91176250  p_z
  193   2   1   1       0.96300810  p_x
  194   1   0   0       0.95450345  s
  195   1   0   0       0.97488850  s
  196   1   0   0       1.27334975  s
  196   2   1  -1       0.95281753  p_y
  196   2   1   0       0.93468883  p_z
  196   2   1   1       0.98589750  p_x
  197   1   0   0       0.91948065  s
  198   1   0   0       0.94334719  s
  199   1   0   0       1.26930248  s
  199   2   1  -1       0.97870597  p_y
  199   2   1   0       0.93180183  p_z
  199   2   1   1       0.95493493  p_x
  200   1   0   0       0.94789735  s
  201   1   0   0       0.91573459  s
  202   1   0   0       1.25805087  s
  202   2   1  -1       1.00244834  p_y
  202   2   1   0       0.93489802  p_z
  202   2   1   1       0.94193889  p_x
  203   1   0   0       0.93079912  s
  204   1   0   0       0.92660729  s
  205   1   0   0       1.24573047  s
  205   2   1  -1       0.97764220  p_y
  205   2   1   0       0.93018178  p_z
  205   2   1   1       0.96827692  p_x
  206   1   0   0       0.93784731  s
  207   1   0   0       0.92468614  s
  208   1   0   0       1.22334961  s
  208   2   1  -1       0.93869720  p_y
  208   2   1   0       1.01903834  p_z
  208   2   1   1       0.94597388  p_x
  209   1   0   0       0.95960613  s
  210   1   0   0       0.93593619  s
  211   1   0   0       1.25402212  s
  211   2   1  -1       0.95263771  p_y
  211   2   1   0       0.95584273  p_z
  211   2   1   1       0.93900328  p_x
  212   1   0   0       0.94170448  s
  213   1   0   0       0.94408200  s
  214   1   0   0       1.24496025  s
  214   2   1  -1       0.93538243  p_y
  214   2   1   0       0.92120323  p_z
  214   2   1   1       0.99393113  p_x
  215   1   0   0       0.95312557  s
  216   1   0   0       0.94973097  s
  217   1   0   0       1.26082917  s
  217   2   1  -1       1.01322477  p_y
  217   2   1   0       0.96424139  p_z
  217   2   1   1       0.96290258  p_x
  218   1   0   0       0.92927066  s
  219   1   0   0       0.93310510  s
  220   1   0   0       0.94852709  s
  221   1   0   0       1.25211324  s
  221   2   1  -1       0.99306900  p_y
  221   2   1   0       0.98435726  p_z
  221   2   1   1       0.97477037  p_x
  222   1   0   0       0.93375289  s
  223   1   0   0       0.94204919  s
  224   1   0   0       0.91547624  s
  225   1   0   0       1.19414669  s
  225   2   1  -1       0.95189586  p_y
  225   2   1   0       0.95891757  p_z
  225   2   1   1       0.96835073  p_x
  226   1   0   0       0.93299253  s
  227   1   0   0       0.95781331  s
  228   1   0   0       1.22918278  s
  228   2   1  -1       0.94794518  p_y
  228   2   1   0       0.93125370  p_z
  228   2   1   1       0.97674726  p_x
  229   1   0   0       0.96276109  s
  230   1   0   0       0.94949595  s
  231   1   0   0       1.27136256  s
  231   2   1  -1       0.89525122  p_y
  231   2   1   0       0.99439412  p_z
  231   2   1   1       0.96444790  p_x
  232   1   0   0       0.94781853  s
  233   1   0   0       0.94434322  s
  234   1   0   0       1.26402075  s
  234   2   1  -1       0.92437417  p_y
  234   2   1   0       0.95902496  p_z
  234   2   1   1       0.95617461  p_x
  235   1   0   0       0.95204407  s
  236   1   0   0       0.92387121  s
  237   1   0   0       1.23643747  s
  237   2   1  -1       0.96280050  p_y
  237   2   1   0       0.94605315  p_z
  237   2   1   1       0.93838072  p_x
  238   1   0   0       0.96370254  s
  239   1   0   0       0.93433878  s
  240   1   0   0       1.23762750  s
  240   2   1  -1       0.99254673  p_y
  240   2   1   0       0.92394333  p_z
  240   2   1   1       0.93011608  p_x
  241   1   0   0       0.95323996  s
  242   1   0   0       0.94131175  s
  243   1   0   0       1.23788782  s
  243   2   1  -1       0.93032031  p_y
  243   2   1   0       0.91248223  p_z
  243   2   1   1       0.99776695  p_x
  244   1   0   0       1.00182456  s
  245   1   0   0       0.94685835  s
  246   1   0   0       1.24997243  s
  246   2   1  -1       0.88641136  p_y
  246   2   1   0       0.96532461  p_z
  246   2   1   1       1.00516975  p_x
  247   1   0   0       0.92334766  s
  248   1   0   0       0.94257806  s
  249   1   0   0       1.26071617  s
  249   2   1  -1       0.99442385  p_y
  249   2   1   0       0.94553730  p_z
  249   2   1   1       0.97035878  p_x
  250   1   0   0       0.95265111  s
  251   1   0   0       0.93510190  s
  252   1   0   0       0.97919346  s
  253   1   0   0       1.28989834  s
  253   2   1  -1       0.92771570  p_y
  253   2   1   0       0.97494651  p_z
  253   2   1   1       0.97774467  p_x
  254   1   0   0       0.93044974  s
  255   1   0   0       0.93952240  s
  256   1   0   0       0.92738134  s
  257   1   0   0       1.27948920  s
  257   2   1  -1       0.89769514  p_y
  257   2   1   0       0.97765165  p_z
  257   2   1   1       0.98823290  p_x
  258   1   0   0       0.91744625  s
  259   1   0   0       0.94151348  s
  260   1   0   0       1.28661329  s
  260   2   1  -1       0.96693295  p_y
  260   2   1   0       0.94483693  p_z
  260   2   1   1       0.94828424  p_x
  261   1   0   0       0.93460852  s
  262   1   0   0       0.92252407  s
  263   1   0   0       1.24125103  s
  263   2   1  -1       0.97313124  p_y
  263   2   1   0       0.95088255  p_z
  263   2   1   1       0.96176901  p_x
  264   1   0   0       0.93213758  s
  265   1   0   0       0.93412613  s
  266   1   0   0       1.29071285  s
  266   2   1  -1       0.96268634  p_y
  266   2   1   0       0.94005412  p_z
  266   2   1   1       0.92064599  p_x
  267   1   0   0       0.95105210  s
  268   1   0   0       0.94774230  s
  269   1   0   0       1.27288279  s
  269   2   1  -1       0.93882859  p_y
  269   2   1   0       0.99697486  p_z
  269   2   1   1       0.90727537  p_x
  270   1   0   0       0.93872876  s
  271   1   0   0       0.94127048  s
  272   1   0   0       1.26209606  s
  272   2   1  -1       0.93729442  p_y
  272   2   1   0       0.98211419  p_z
  272   2   1   1       0.95526928  p_x
  273   1   0   0       0.94116402  s
  274   1   0   0       0.93413306  s
  275   1   0   0       1.23764499  s
  275   2   1  -1       0.96758535  p_y
  275   2   1   0       0.93636844  p_z
  275   2   1   1       0.98596091  p_x
  276   1   0   0       0.92946982  s
  277   1   0   0       0.93719435  s
  278   1   0   0       1.25996035  s
  278   2   1  -1       0.96645226  p_y
  278   2   1   0       0.93510455  p_z
  278   2   1   1       0.94623060  p_x
  279   1   0   0       0.93066452  s
  280   1   0   0       0.95835600  s
  281   1   0   0       1.26980682  s
  281   2   1  -1       0.95166026  p_y
  281   2   1   0       1.02613001  p_z
  281   2   1   1       0.98136703  p_x
  282   1   0   0       0.90470611  s
  283   1   0   0       0.93749387  s
  284   1   0   0       0.89784638  s
  285   1   0   0       1.29130913  s
  285   2   1  -1       0.96276997  p_y
  285   2   1   0       0.97190822  p_z
  285   2   1   1       0.97107446  p_x
  286   1   0   0       0.92156655  s
  287   1   0   0       0.93605177  s
  288   1   0   0       0.95182482  s
  289   1   0   0       1.25916310  s
  289   2   1  -1       0.91944096  p_y
  289   2   1   0       0.94203641  p_z
  289   2   1   1       0.96418261  p_x
  290   1   0   0       0.94449403  s
  291   1   0   0       0.95025438  s
  292   1   0   0       1.23839747  s
  292   2   1  -1       0.97928992  p_y
  292   2   1   0       0.91008441  p_z
  292   2   1   1       0.97601214  p_x
  293   1   0   0       0.93853412  s
  294   1   0   0       0.94124554  s
  295   1   0   0       1.28822951  s
  295   2   1  -1       0.97163634  p_y
  295   2   1   0       0.99553910  p_z
  295   2   1   1       0.97235709  p_x
  296   1   0   0       0.99738870  s
  297   1   0   0       0.96073111  s
  298   1   0   0       1.27083871  s
  298   2   1  -1       0.94324187  p_y
  298   2   1   0       0.93071567  p_z
  298   2   1   1       0.97793624  p_x
  299   1   0   0       0.94143115  s
  300   1   0   0       0.93718018  s
  301   1   0   0       1.24195841  s
  301   2   1  -1       0.96748278  p_y
  301   2   1   0       1.02047417  p_z
  301   2   1   1       0.92521802  p_x
  302   1   0   0       0.92171381  s
  303   1   0   0       0.93055836  s
  304   1   0   0       1.23774857  s
  304   2   1  -1       0.94704957  p_y
  304   2   1   0       0.93415206  p_z
  304   2   1   1       0.94659084  p_x
  305   1   0   0       0.95593340  s
  306   1   0   0       0.95780844  s
  307   1   0   0       1.23722915  s
  307   2   1  -1       0.97685451  p_y
  307   2   1   0       0.92398144  p_z
  307   2   1   1       0.98298024  p_x
  308   1   0   0       0.97268306  s
  309   1   0   0       0.90948753  s
  310   1   0   0       1.23516507  s
  310   2   1  -1       0.93342206  p_y
  310   2   1   0       0.96345794  p_z
  310   2   1   1       0.97151598  p_x
  311   1   0   0       0.95807243  s
  312   1   0   0       0.93800797  s
  313   1   0   0       1.29225743  s
  313   2   1  -1       0.95227758  p_y
  313   2   1   0       1.00677692  p_z
  313   2   1   1       0.96610163  p_x
  314   1   0   0       0.94379632  s
  315   1   0   0       0.93856641  s
  316   1   0   0       0.93782143  s
  317   1   0   0       1.25660393  s
  317   2   1  -1       0.94479132  p_y
  317   2   1   0       1.05070015  p_z
  317   2   1   1       0.96521916  p_x
  318   1   0   0       0.92647842  s
  319   1   0   0       0.92640991  s
  320   1   0   0       0.94594223  s
  321   1   0   0       1.24461209  s
  321   2   1  -1       1.02176224  p_y
  321   2   1   0       0.93834786  p_z
  321   2   1   1       0.95276508  p_x
  322   1   0   0       0.93151137  s
  323   1   0   0       0.90166688  s
  324   1   0   0       1.26132600  s
  324   2   1  -1       0.92673394  p_y
  324   2   1   0       0.91116884  p_z
  324   2   1   1       0.95128650  p_x
  325   1   0   0       0.97149411  s
  326   1   0   0       0.98018866  s
  327   1   0   0       1.25803596  s
  327   2   1  -1       0.92630268  p_y
  327   2   1   0       0.96344298  p_z
  327   2   1   1       0.96033499  p_x
  328   1   0   0       0.93047226  s
  329   1   0   0       0.96001865  s
  330   1   0   0       1.25758225  s
  330   2   1  -1       0.94153644  p_y
  330   2   1   0       0.99175434  p_z
  330   2   1   1       0.92471573  p_x
  331   1   0   0       0.92058759  s
  332   1   0   0       0.96586118  s
  333   1   0   0       1.23379697  s
  333   2   1  -1       0.96613799  p_y
  333   2   1   0       0.94765518  p_z
  333   2   1   1       0.93185418  p_x
  334   1   0   0       0.94238198  s
  335   1   0   0       0.98446513  s
  336   1   0   0       1.21658693  s
  336   2   1  -1       0.95145293  p_y
  336   2   1   0       0.96752703  p_z
  336   2   1   1       0.95758847  p_x
  337   1   0   0       0.95585632  s
  338   1   0   0       0.92828008  s
  339   1   0   0       1.25914493  s
  339   2   1  -1       0.94124866  p_y
  339   2   1   0       0.95304934  p_z
  339   2   1   1       0.95452157  p_x
  340   1   0   0       0.95608345  s
  341   1   0   0       0.95039855  s
  342   1   0   0       1.24713211  s
  342   2   1  -1       0.93557227  p_y
  342   2   1   0       0.96142275  p_z
  342   2   1   1       0.94710487  p_x
  343   1   0   0       0.93757371  s
  344   1   0   0       0.97377244  s
  345   1   0   0       1.27397125  s
  345   2   1  -1       1.02133528  p_y
  345   2   1   0       0.98791747  p_z
  345   2   1   1       0.94112873  p_x
  346   1   0   0       0.92740019  s
  347   1   0   0       0.93061993  s
  348   1   0   0       0.93327146  s
  349   1   0   0       1.26337675  s
  349   2   1  -1       0.98285764  p_y
  349   2   1   0       0.97032408  p_z
  349   2   1   1       0.95708744  p_x
  350   1   0   0       0.92014719  s
  351   1   0   0       0.96562764  s
  352   1   0   0       0.93404222  s
 
Fermi level:                        -0.1381326122 H           -3.7588 eV
Band energy:                      -276.9061962374 H        -7535.0010 eV
TS:                                  0.0000000000 H            0.0000 eV
Band free energy (E-TS):          -276.9061962374 H        -7535.0010 eV
Extrapolated E(0K):               -276.9061962374 H        -7535.0010 eV
Input / Output electrons (q):    682.0000000000    682.0000000000
 
Energy H0:                        -281.7322767052 H        -7666.3253 eV
Energy SCC:                          0.0877822261 H            2.3887 eV
Total Electronic energy:          -281.6444944792 H        -7663.9366 eV
Repulsive energy:                    4.5602687592 H          124.0912 eV
Dispersion energy:                   1.1232803603 H           30.5660 eV
Total energy:                     -275.9609453597 H        -7509.2794 eV
Extrapolated to 0:                -275.9609453597 H        -7509.2794 eV
Total Mermin free energy:         -275.9609453597 H        -7509.2794 eV
Force related energy:             -275.9609453597 H        -7509.2794 eV
 
SCC converged
 
Full geometry written in geo_end.{xyz|gen}
 
MD Kinetic Energy:                   1.6970280818 H
Total MD Energy:                  -274.2639172779 H
Pressure:                            0.588018E-05 au     0.173001E+09 Pa
MD Temperature:                      0.0032232252 H         1017.8128 K
MD Kinetic Energy:                   1.6970280818 H
Total MD Energy:                  -274.2639172779 H        -7463.1009 eV
MD Temperature:                      0.0032232252 H         1017.8128 K
 
Molecular dynamics completed
 
