 Fermi distribution function
 
MD step: 100000
 

********************************************************************************
 iSCC Total electronic   Diff electronic      SCC error    
    7   -0.28160814E+03    0.15347723E-11    0.39692769E-06
********************************************************************************
 
Coordinates of moved atoms (au):
    1     76.67389809     50.57613735     78.53900352
    2     75.27015774     51.44560550     77.15473050
    3     75.29599738     48.94465781     78.92629963
    4     79.02663297     78.80816476     77.18683608
    5     80.39683616     77.57748969     78.46816461
    6     51.21629634     80.59423427     76.71087511
    7     78.71523067     77.37522438     74.57674889
    8     49.91313422     78.84761778     73.29678889
    9     76.88355382     76.46889603     74.11669015
   10     51.93650299     75.83620924     73.86921358
   11     53.71969935     76.86419490     74.57586256
   12     52.25025334     76.02699535     71.85199017
   13     80.54000959     72.74166096     74.67510275
   14     78.92646027     72.46466996     75.97645354
   15     82.08011694     72.00306339     75.95166001
   16     51.63539458     71.10770576     72.24584725
   17     49.90240175     69.73092435     68.88180751
   18     53.15427238     69.84695321     72.03044809
   19     73.43376416     91.28661574     89.03338412
   20     75.40691766     92.02116529     89.82073436
   21     77.05942304     72.22475995     70.78965624
   22     73.82962209     88.63908678     88.20011344
   23     43.28820757     87.51970323     88.71202357
   24     45.98274741     87.67215406     89.55807445
   25     77.33701677     52.37356791     80.93572741
   26     79.22627624     53.13877559     80.79271417
   27     75.92904236     53.98067330     80.50825415
   28     77.29658920     51.54895391     82.80894943
   29     74.81411585     87.65811424     85.45466203
   30     74.57193077     85.38135870     85.25017405
   31     74.46152074     88.32792269     83.63054265
   32     77.26225049     87.67949441     85.96932738
   33     53.77221663     61.12533981     61.56562365
   34     54.68690860     59.59912057     60.52417263
   35     55.27235573     61.35506001     62.92321143
   36     53.57725542     62.90127939     59.37256562
   37     52.20040243     64.54523758     59.64415643
   38     52.70904293     61.86863874     57.99269613
   39     56.19301488     64.34840266     58.48373783
   40     57.80865263     63.85393835     59.81954570
   41     55.93200115     66.33547217     58.89542916
   42     56.81215616     64.52020681     55.67730333
   43     86.20004740     62.83554555     54.82001643
   44     58.70557841     65.56982446     56.16699995
   45     55.20361494     66.23681229     53.94784836
   46     53.75430272     67.02734445     55.27494952
   47     83.16283621     65.08892775     52.27293200
   48     85.84511100     68.49685041     53.33321196
   49     85.01200249     69.77508491     52.02040016
   50     87.75335924     68.10947744     52.42379390
   51     57.23657507     70.23513257     55.71191808
   52     59.42912613     70.34470300     56.01522674
   53     56.81819982     69.68012445     57.70710926
   54     85.11917711     72.83982205     84.48368193
   55     85.49832365     73.53968703     82.67638306
   56     86.30915581     73.98835911     85.64305491
   57     51.30480396     60.53557859     63.04990562
   58     51.55989413     59.89837190     64.98887529
   59     50.25823493     62.44261712     62.70041411
   60     50.14847355     59.02349249     62.09236059
   61     53.40620626     73.10348362     85.09962116
   62     52.67624323     74.98485280     84.56818668
   63     52.27439533     71.56496044     83.86150678
   64     52.93485621     72.96384184     87.10682084
   65     74.04791944     71.63887966     62.41226570
   66     74.22625206     69.41150504     62.85177544
   67     76.24499233     72.03128289     62.14370781
   68     71.81016548     72.27779360     60.28729733
   69     70.38997814     73.24319116     61.39699429
   70     70.79869818     70.53661301     59.38389810
   71     72.80690627     73.90110483     58.04867070
   72     74.28958889     75.07452204     58.35966860
   73     71.13058557     74.44843728     56.80460575
   74     74.07911140     43.03919137     56.02182236
   75     74.32364275     41.19769763     56.90446968
   76     76.26073899     43.79449622     55.69557150
   77     72.87879536     43.29200330     53.57836651
   78     73.05171220     74.42586777     53.34756510
   79     70.90930990     71.94759588     54.04413591
   80     73.93289497     41.83802330     51.19761797
   81     73.77719977     39.85804158     51.80181341
   82     75.88287538     42.60888795     50.85732565
   83     72.06962187     42.10849159     48.91863882
   84     72.75734975     43.84782906     47.58624177
   85     69.87927912     42.60272870     49.06274716
   86     72.18290402     39.87924719     46.97146411
   87     70.74551116     38.28836109     47.64744863
   88     73.82675066     38.76850317     47.47709889
   89     72.72266576     72.80083754     65.00527505
   90     74.31120250     73.10887273     66.50735482
   91     71.82886792     74.71691567     64.47539647
   92     71.04341525     71.92473597     65.57145630
   93     72.08130551     40.54444054     44.12246836
   94     70.33500848     41.87767296     43.67295181
   95     73.80346472     41.47448154     43.64672354
   96     71.84687701     38.74982342     43.15602398
   97     54.89668804     87.45030403     79.10987940
   98     54.45370729     89.11410181     80.05045128
   99     56.87825649     87.40874058     78.60903949
  100     54.28053544     85.59395943     81.25952223
  101     54.09162605     83.57592574     81.18123899
  102     52.33925549     85.66368179     82.27413807
  103     56.16161057     85.88752813     83.52151676
  104     57.98397858     84.90819311     83.65521985
  105     55.13203154     85.02166433     85.12207460
  106     49.77188097     71.02754863     70.43393592
  107     43.06626238     91.54134849     61.96219479
  108     57.52958849     74.50674019     46.73499143
  109     58.26959151     72.96910926     48.22458331
  110     57.01503973     71.51612031     49.03730807
  111     59.07112751     74.26878465     49.78328616
  112     60.40049531     71.26565883     46.98212796
  113     60.13828505     69.07408481     47.21015419
  114     62.09107327     71.45972015     48.21024076
  115     61.04841195     72.27633914     44.25557956
  116     62.19687780     74.14803834     44.34234400
  117     59.40948470     72.55538958     42.98406521
  118     62.48311019     70.29831566     42.61914455
  119     61.23773260     69.95483582     40.54785020
  120     62.29479130     68.29935365     43.24438366
  121     53.69321736     86.42978922     76.82005118
  122     51.69950104     85.62845357     77.15030380
  123     53.30546309     87.97472438     75.29669717
  124     55.19359435     85.11226709     76.39867656
  125     65.05790086     70.52647153     41.58616748
  126     65.12950738     71.23926276     39.48500047
  127     66.93642460     71.29027457     42.78270326
  128     65.36095069     68.35347333     41.18452107
  129     77.85850288     61.96859126     49.64444759
  130     77.99262549     60.07243413     50.79941019
  131     79.40954307     62.07002991     48.35847431
  132     75.21875787     61.81097503     48.50868445
  133     75.18363494     63.20550623     46.82396297
  134     73.98907318     62.90625937     49.82931283
  135     74.15713127     59.37545202     47.72188503
  136     73.54403370     57.93781176     49.24974046
  137     75.44316262     58.51224074     46.22766262
  138     71.47819647     59.63141495     46.57844211
  139     71.93282492     61.05282288     44.90097569
  140     69.86235984     60.30861319     47.65214250
  141     70.57410203     56.94399008     45.58467730
  142     70.93436777     56.33387448     43.59428225
  143     68.31237495     56.77670039     45.38773970
  144     70.99578379     54.40770056     46.97621983
  145     70.34524337     54.91718305     49.04586750
  146     72.96310799     54.06999973     47.26806842
  147     69.99750005     52.15845637     45.46475608
  148     71.44361632     52.04442369     43.97378637
  149     68.00153684     52.74246299     45.45801063
  150     70.54002323     49.41036856     46.59081759
  151     72.37262670     49.46953401     47.63363415
  152     70.76421343     47.83207112     45.05499248
  153     78.10602580     64.42963575     51.07600959
  154     80.03996556     35.42254755     51.66760569
  155     77.46446502     66.06243300     49.57769036
  156     76.79925296     64.74530213     52.72651234
  157     68.34233458     48.76613750     48.22808891
  158     68.51209009     49.43219256     50.48040001
  159     66.40216126     49.82092587     47.96526400
  160     67.89735207     46.70830137     47.93725026
  161     67.53687089     51.55156705     68.38081060
  162     69.58372245     52.06863672     68.95895776
  163     66.23461282     53.45308077     68.45515629
  164     67.86362052     50.95446357     65.51261196
  165     66.27244939     51.45000374     64.24040966
  166     68.17000445     48.93242846     64.87972799
  167     69.92617075     52.19096037     63.98769389
  168     69.94866535     54.56865784     64.17420096
  169     69.51801816     52.11874684     61.72690561
  170     72.47567555     51.00041295     64.73022280
  171     72.05023159     48.72727551     64.46748630
  172     73.55764496     51.18504162     66.55211730
  173     74.55511502     80.44482540     62.50677836
  174     73.33464025     81.37065148     60.71381995
  175     75.24860773     49.54088622     61.93654522
  176     76.57774225     82.44941001     63.08135245
  177     75.61871415     84.10978723     63.82299295
  178     85.52493460     87.71434812     84.46842544
  179     78.58966276     81.40484524     65.30728681
  180     80.47003549     81.00748725     64.37729481
  181     77.65660769     79.30926546     65.84294888
  182     78.68936243     82.62517615     67.92624152
  183     79.54364686     81.29527722     69.15370426
  184     76.66423199     82.89195027     68.45474922
  185     66.11317153     49.52981569     69.96096677
  186     64.40344874     48.72643614     68.94717131
  187     66.77808666     48.07279694     71.00319085
  188     64.82236622     50.88192801    100.42734375
  189     80.48334702     84.81890675     68.07200759
  190     82.20863847     84.91702203     67.00594416
  191     79.47439040     86.56897198     68.23143084
  192     81.20409133     84.84246404     69.84053140
  193     70.14173414     50.47023419     86.47800333
  194     69.60605461     52.00317102     87.89386676
  195     71.90723610     78.68955456     87.33127372
  196     67.93057814     48.57015147     86.42410156
  197     67.95996917     46.61563758     87.44600037
  198     68.05430228     76.60104312     84.48547342
  199     65.08528477     49.73355932     86.47453490
  200     65.10044496     51.74078530     85.27281346
  201     64.81164928     49.70289623     88.67911387
  202     63.15851131     47.96216176     85.43783981
  203     62.28314229     46.27268227     86.64338202
  204     64.03418291     47.29459338     83.84653508
  205     60.57713095     49.31561378     85.11999192
  206     59.55324670     48.23564815     83.59109441
  207     61.08891111     51.05465330     83.97100708
  208     59.14979413     50.14767450     87.52499230
  209     60.23525534     51.49677143     88.73696119
  210     58.78471145     48.89831547     89.20924910
  211     56.58142767     80.38680895     86.86647089
  212     56.35660803     79.38389109     84.98390499
  213     56.46678456     82.43393405     86.27901223
  214     54.42419766     79.75703048     88.60242665
  215     54.39066525     81.23508967     90.24960286
  216     54.84412556     77.79614365     89.44241593
  217     69.94433536     51.40545158     83.44732080
  218     71.43683875     52.84249973     54.29679186
  219     70.13468876     49.96093991     53.09644196
  220     68.08943258     51.92230536     83.31647902
  221     52.09842094     79.43101199     86.98339388
  222     52.50640541     78.59685334     85.17058115
  223     50.76130854     78.02150314     88.07913044
  224     50.66074965     81.05103916     86.81143363
  225     59.05182552     81.48418842     78.63397038
  226     58.72264341     81.22674058     80.64071962
  227     57.30702511     82.70874390     78.00087155
  228     61.55237800     53.90158673     77.54053164
  229     61.26026111     53.16865679     75.37557866
  230     63.60048544     53.60997376     78.43783369
  231     60.99290924     85.63057029     77.09979666
  232     60.78179576     86.46293491     79.05966699
  233     59.01675983     85.58221642     76.04151949
  234     62.65143967     87.66874303     75.61985872
  235     64.77863378     87.86331730     75.90340432
  236     61.61570167     89.34803553     76.09635880
  237     62.46168904     87.08988711     72.89203466
  238     62.37878213     85.18032883     72.31397894
  239     64.03787160     58.89855745     71.69041900
  240     60.14580040     88.18281248     71.79740048
  241     60.13066186     61.14932197     72.19664343
  242     58.25160295     58.48305780     72.48971109
  243     59.59531406     87.96101672     68.90022348
  244     58.24531620     89.10639647     67.90824834
  245     48.37314646     83.22314641     61.52413025
  246     60.30716749     86.04117513     67.39266461
  247     43.76742644     63.46909806     58.69932783
  248     61.51230926     84.62654352     67.79567773
  249     58.69774071     50.11102941     77.26486607
  250     57.20109978     49.14978662     78.13480657
  251     58.58416787     50.45252673     75.22458895
  252     60.29890078     48.71119770     77.26054287
  253     58.75339365     85.76075088     64.76955744
  254     56.66798078     85.82241082     65.45540710
  255     59.38988553     87.59320783     63.56943476
  256     59.20853118     84.05781641     92.41767999
  257     69.46656537     62.97761386     68.70350882
  258     69.94003239     63.32935983     70.75016326
  259     68.72824379     65.03576787     68.51084755
  260     71.60614650     62.47372235     67.17220339
  261     71.78077312     64.43866800     66.25116550
  262     71.31259583     61.05591536     65.67821217
  263     74.10814009     61.47692226     68.37167823
  264     75.05709114     59.68513439     67.38204314
  265     73.40746199     60.35443151     70.15309974
  266     76.06687902     63.36642673     69.19493036
  267     75.32122549     64.38478082     70.80458713
  268     76.85303976     64.44089932     67.70935119
  269     78.01499257     61.64243267     70.42740737
  270     77.73027400     59.81951970     69.45644694
  271     77.21580403     61.62120260     72.27503502
  272     80.71198776     62.84614003     70.38520637
  273     81.10371685     64.11653480     68.77177128
  274     82.37207963     61.22448246     70.07233944
  275     81.30125577     64.26317621     73.02781485
  276     81.13450778     63.03543894     74.63117996
  277     79.95767039     65.80595303     73.61996102
  278     83.92353399     65.54456299     73.06919176
  279     83.54289702     67.36797010     72.03994293
  280     85.18423378     64.41390499     71.87220881
  281     67.40927510     61.10633828     68.60327346
  282     66.06254652     61.47876281     66.60883968
  283     67.98538944     59.01078793     67.87145524
  284     66.05154793     60.91586834     70.13909198
  285     84.40771585     65.83885110     75.77345312
  286     85.98410037     66.61979719     76.25959196
  287     82.90976771     66.81242255     76.85887170
  288     84.54314549     63.76762753     76.56118279
  289     67.44113843     66.28665139     82.45936424
  290     67.07183173     65.61297518     84.49747927
  291     69.34927914     66.16848007     82.14128635
  292     65.71595783     64.37018520     81.08527810
  293     66.64289355     62.57181507     80.69110269
  294     65.31834967     64.96323353     79.07925284
  295     63.03995968     63.72590243     81.74995320
  296     61.73228244     63.63573168     79.81154451
  297     62.04015848     64.93966328     54.01365683
  298     62.62840326     61.19703364     54.01580603
  299     61.19863683     60.11376495     82.10272946
  300     61.73589483     61.46924850     55.76645551
  301     65.13091201     59.74625062     54.57949086
  302     66.59880642     60.51431656     55.67152748
  303     65.97896075     59.16743156     81.89835719
  304     64.45474027     57.23649403     55.90963735
  305     66.30987977     55.94658585     55.99396735
  306     63.18403586     56.10196748     54.73642131
  307     63.76809522     57.00416547     58.93205562
  308     62.57638962     54.95481293     59.25501740
  309     62.19062950     58.23305914     59.50894195
  310     66.08696026     56.77299735     60.61708119
  311     67.43145241     57.98334840     59.69553055
  312     66.89714965     54.76661340     60.49466361
  313     66.57695273     68.83874327     81.40799252
  314     67.56644960     69.67650899     79.73001983
  315     64.54993145     68.68512660     80.91694333
  316     66.66953314     70.33311983     83.13065896
  317     65.77354026     57.46472718     63.32444658
  318     66.77823330     56.55740348     64.82527367
  319     66.41669732     59.36478161     63.79201010
  320     64.02127476     56.89969724     64.31945738
  321     61.69224728     67.31722737     32.58988126
  322     63.11345556     65.89244333     32.86901001
  323     59.77289987     66.80470016     32.16998832
  324     60.90905348     68.38928285     64.36789922
  325     59.02512529     69.39991581     64.90871796
  326     62.46998598     69.81249222     64.70577558
  327     60.70730639     65.99726723     65.81389887
  328     60.66518410     66.55973714     67.78345320
  329     62.18895223     64.59761520     65.35468856
  330     57.98045174     65.16062103     65.59780897
  331     57.87171260     63.48833240     66.85669945
  332     57.18298660     64.55102298     63.60814549
  333     55.99376058     67.12384928     66.23064906
  334     56.41475831     68.24143199     67.79473114
  335     54.46817075     65.79664952     66.94220899
  336     54.60813055     68.73581108     64.07221681
  337     53.27628090     67.52784556     63.23716325
  338     55.85915257     69.03278401     62.28203990
  339     53.30720954     71.20031019     65.19873223
  340     52.78279548     71.12009053     67.18755545
  341     51.49002387     71.57436962     64.14286316
  342     54.65003446     73.72179513     64.89574068
  343     54.60343144     74.40809161     62.78173665
  344     56.75495186     73.32240178     65.05448069
  345     62.14265388     69.33392211     30.57585870
  346     60.44482741     70.50055434     30.11108627
  347     63.56379006     70.81113442     30.99182925
  348     62.74329533     68.87061000     28.83681960
  349     53.75211468     75.89639423     66.43481142
  350     51.57115249     75.81974527     67.23752647
  351     54.79214193     76.10579039     68.19184401
  352     53.71594531     77.86464332     65.67588262
 
 Total charge:     0.00000000

 Atomic gross charges (e)
 Atom           Charge
    1      -0.09651733
    2       0.04791083
    3       0.05185239
    4      -0.07391070
    5       0.03463436
    6       0.04001524
    7      -0.12859052
    8       0.06570467
    9       0.06571288
   10      -0.10029828
   11       0.04714010
   12       0.06359417
   13      -0.10840488
   14       0.07456609
   15       0.04681655
   16      -0.08398080
   17       0.10423142
   18       0.09609367
   19      -0.16006661
   20       0.04097465
   21       0.09108064
   22      -0.10518842
   23       0.06266240
   24       0.06421941
   25      -0.21613126
   26       0.07104575
   27       0.06105298
   28       0.08552472
   29      -0.16929477
   30       0.03517098
   31       0.10226128
   32       0.00631201
   33      -0.11341553
   34       0.05327992
   35       0.06145898
   36      -0.12287079
   37       0.03330289
   38       0.07774339
   39      -0.12592050
   40       0.05884338
   41       0.05945781
   42      -0.11683189
   43       0.07575997
   44       0.04451619
   45      -0.09452523
   46       0.06507267
   47       0.04658941
   48      -0.09709093
   49       0.05988646
   50       0.04787541
   51      -0.11935522
   52       0.03165867
   53       0.06608587
   54      -0.10416148
   55       0.05912742
   56       0.06232922
   57      -0.19765057
   58       0.08029879
   59       0.06127012
   60       0.05712104
   61      -0.18005271
   62       0.05896193
   63       0.04104742
   64       0.06952507
   65      -0.10424476
   66       0.02752503
   67       0.06860478
   68      -0.09548267
   69       0.06897843
   70       0.04905516
   71      -0.16524819
   72       0.10533789
   73       0.07963327
   74      -0.10015622
   75       0.06365431
   76      -0.00232885
   77      -0.10694352
   78       0.03919150
   79       0.06449403
   80      -0.09727682
   81       0.06757686
   82       0.07629944
   83      -0.09330627
   84       0.02001335
   85       0.05565241
   86      -0.10777534
   87       0.02593635
   88       0.05753338
   89      -0.22226904
   90       0.06209861
   91       0.05914041
   92       0.08998475
   93      -0.18931729
   94       0.05090168
   95       0.08273576
   96       0.07343605
   97      -0.10730124
   98       0.08385773
   99       0.06670919
  100      -0.10320998
  101       0.07195165
  102       0.04198474
  103      -0.23896518
  104       0.07116489
  105       0.05462757
  106      -0.23534846
  107       0.03195811
  108       0.06315035
  109      -0.20528575
  110       0.08322051
  111       0.05686709
  112      -0.10023763
  113       0.04904632
  114       0.05297673
  115      -0.09686151
  116       0.05544718
  117       0.06814419
  118      -0.06091576
  119      -0.00324794
  120       0.05342716
  121      -0.19439205
  122       0.05735064
  123       0.04893817
  124       0.08951472
  125      -0.15856946
  126       0.05211607
  127       0.04819104
  128       0.03723352
  129      -0.10440567
  130       0.04399359
  131       0.07402230
  132      -0.08737845
  133       0.03243861
  134       0.04807513
  135      -0.09003898
  136       0.05635033
  137       0.05740751
  138      -0.09711736
  139       0.03873592
  140       0.07589001
  141      -0.12346262
  142       0.05537481
  143       0.01616254
  144      -0.10684226
  145       0.03433055
  146       0.05131377
  147      -0.14589577
  148       0.08322149
  149       0.10084632
  150      -0.08758097
  151       0.06665375
  152       0.04217457
  153      -0.19571705
  154       0.08213201
  155       0.04318891
  156       0.06228651
  157      -0.17614742
  158       0.03843961
  159       0.04521127
  160       0.05856047
  161      -0.04367225
  162       0.05694561
  163       0.03226553
  164      -0.12308217
  165       0.05439780
  166       0.05619821
  167      -0.06628045
  168       0.00863157
  169       0.05278350
  170      -0.11768480
  171       0.02611783
  172       0.08093781
  173      -0.09690318
  174       0.01613605
  175       0.05994706
  176      -0.13725221
  177       0.05730048
  178       0.06508012
  179      -0.10421972
  180       0.06085667
  181       0.01240732
  182      -0.08159696
  183       0.06263655
  184       0.06350273
  185      -0.18618166
  186       0.05726673
  187       0.10409398
  188       0.00890782
  189      -0.24715963
  190       0.08860546
  191       0.07702292
  192       0.06664345
  193      -0.11850494
  194       0.06591394
  195       0.07797912
  196      -0.13240062
  197       0.05194829
  198       0.02867758
  199      -0.08680569
  200       0.05553824
  201       0.05073550
  202      -0.12315193
  203       0.04732652
  204       0.08209214
  205      -0.09107371
  206       0.04892971
  207       0.03728072
  208      -0.09972871
  209       0.04907155
  210       0.05977193
  211      -0.14074378
  212       0.04113700
  213       0.07098714
  214      -0.06460432
  215       0.04827997
  216       0.04655758
  217      -0.23609365
  218       0.07217471
  219       0.08874332
  220       0.09637191
  221      -0.18229303
  222       0.07939597
  223       0.03068351
  224       0.05544289
  225      -0.09172565
  226       0.07187429
  227       0.03898786
  228      -0.09380938
  229       0.03553480
  230       0.06559400
  231      -0.10353377
  232       0.04236808
  233       0.04267014
  234      -0.10672032
  235       0.06384515
  236       0.07037037
  237      -0.10464715
  238       0.07380507
  239       0.05025203
  240      -0.08622332
  241       0.06059250
  242       0.05774284
  243      -0.13391998
  244       0.09161590
  245       0.08639192
  246      -0.13544991
  247       0.08698411
  248       0.10275502
  249      -0.20817592
  250       0.07652842
  251       0.06692600
  252       0.05356752
  253      -0.17889137
  254       0.06694936
  255       0.05145602
  256       0.06659549
  257      -0.04516714
  258       0.03961577
  259       0.03114816
  260      -0.09475307
  261       0.04459144
  262       0.06385754
  263      -0.08906260
  264       0.03702137
  265       0.02909915
  266      -0.12593978
  267       0.07001427
  268       0.07912526
  269      -0.14441039
  270       0.07803120
  271       0.07640830
  272      -0.08953190
  273       0.06605830
  274       0.01694473
  275      -0.13730429
  276       0.06686764
  277       0.05364272
  278      -0.10517602
  279       0.05623073
  280       0.06866601
  281      -0.16407623
  282       0.00636697
  283       0.04056564
  284       0.08117423
  285      -0.18884559
  286       0.08608588
  287       0.06326877
  288       0.03604976
  289      -0.10177559
  290       0.06127437
  291       0.07935999
  292      -0.11700903
  293       0.05572345
  294       0.04059794
  295      -0.07652100
  296       0.00265696
  297       0.07087608
  298      -0.12993555
  299       0.07122550
  300       0.06011238
  301      -0.12076768
  302       0.08046568
  303       0.07274613
  304      -0.12379039
  305       0.02010197
  306       0.06237527
  307      -0.08868520
  308      -0.00002572
  309       0.06714251
  310      -0.06259349
  311       0.06052497
  312       0.04486935
  313      -0.18021236
  314       0.07729916
  315       0.06208275
  316       0.03069533
  317      -0.23685271
  318       0.07042528
  319       0.07190487
  320       0.07511281
  321      -0.13531226
  322       0.08639067
  323       0.08170644
  324      -0.13675338
  325       0.07203318
  326       0.04736027
  327      -0.10500918
  328       0.06079038
  329       0.06854943
  330      -0.09537553
  331       0.04679342
  332       0.04314446
  333      -0.12270388
  334       0.07237686
  335       0.03873429
  336      -0.11534809
  337       0.06961298
  338       0.05221342
  339      -0.11570005
  340       0.07850586
  341       0.04627397
  342      -0.05855800
  343       0.02412809
  344       0.04475958
  345      -0.22250694
  346       0.06038100
  347       0.04993735
  348       0.08253760
  349      -0.17534143
  350       0.03006658
  351       0.05718201
  352       0.06382763
 
Nr. of electrons (up):    682.00000000
Atom populations (up)
 Atom       Population
    1       4.09651733
    2       0.95208917
    3       0.94814761
    4       4.07391070
    5       0.96536564
    6       0.95998476
    7       4.12859052
    8       0.93429533
    9       0.93428712
   10       4.10029828
   11       0.95285990
   12       0.93640583
   13       4.10840488
   14       0.92543391
   15       0.95318345
   16       4.08398080
   17       0.89576858
   18       0.90390633
   19       4.16006661
   20       0.95902535
   21       0.90891936
   22       4.10518842
   23       0.93733760
   24       0.93578059
   25       4.21613126
   26       0.92895425
   27       0.93894702
   28       0.91447528
   29       4.16929477
   30       0.96482902
   31       0.89773872
   32       0.99368799
   33       4.11341553
   34       0.94672008
   35       0.93854102
   36       4.12287079
   37       0.96669711
   38       0.92225661
   39       4.12592050
   40       0.94115662
   41       0.94054219
   42       4.11683189
   43       0.92424003
   44       0.95548381
   45       4.09452523
   46       0.93492733
   47       0.95341059
   48       4.09709093
   49       0.94011354
   50       0.95212459
   51       4.11935522
   52       0.96834133
   53       0.93391413
   54       4.10416148
   55       0.94087258
   56       0.93767078
   57       4.19765057
   58       0.91970121
   59       0.93872988
   60       0.94287896
   61       4.18005271
   62       0.94103807
   63       0.95895258
   64       0.93047493
   65       4.10424476
   66       0.97247497
   67       0.93139522
   68       4.09548267
   69       0.93102157
   70       0.95094484
   71       4.16524819
   72       0.89466211
   73       0.92036673
   74       4.10015622
   75       0.93634569
   76       1.00232885
   77       4.10694352
   78       0.96080850
   79       0.93550597
   80       4.09727682
   81       0.93242314
   82       0.92370056
   83       4.09330627
   84       0.97998665
   85       0.94434759
   86       4.10777534
   87       0.97406365
   88       0.94246662
   89       4.22226904
   90       0.93790139
   91       0.94085959
   92       0.91001525
   93       4.18931729
   94       0.94909832
   95       0.91726424
   96       0.92656395
   97       4.10730124
   98       0.91614227
   99       0.93329081
  100       4.10320998
  101       0.92804835
  102       0.95801526
  103       4.23896518
  104       0.92883511
  105       0.94537243
  106       4.23534846
  107       0.96804189
  108       0.93684965
  109       4.20528575
  110       0.91677949
  111       0.94313291
  112       4.10023763
  113       0.95095368
  114       0.94702327
  115       4.09686151
  116       0.94455282
  117       0.93185581
  118       4.06091576
  119       1.00324794
  120       0.94657284
  121       4.19439205
  122       0.94264936
  123       0.95106183
  124       0.91048528
  125       4.15856946
  126       0.94788393
  127       0.95180896
  128       0.96276648
  129       4.10440567
  130       0.95600641
  131       0.92597770
  132       4.08737845
  133       0.96756139
  134       0.95192487
  135       4.09003898
  136       0.94364967
  137       0.94259249
  138       4.09711736
  139       0.96126408
  140       0.92410999
  141       4.12346262
  142       0.94462519
  143       0.98383746
  144       4.10684226
  145       0.96566945
  146       0.94868623
  147       4.14589577
  148       0.91677851
  149       0.89915368
  150       4.08758097
  151       0.93334625
  152       0.95782543
  153       4.19571705
  154       0.91786799
  155       0.95681109
  156       0.93771349
  157       4.17614742
  158       0.96156039
  159       0.95478873
  160       0.94143953
  161       4.04367225
  162       0.94305439
  163       0.96773447
  164       4.12308217
  165       0.94560220
  166       0.94380179
  167       4.06628045
  168       0.99136843
  169       0.94721650
  170       4.11768480
  171       0.97388217
  172       0.91906219
  173       4.09690318
  174       0.98386395
  175       0.94005294
  176       4.13725221
  177       0.94269952
  178       0.93491988
  179       4.10421972
  180       0.93914333
  181       0.98759268
  182       4.08159696
  183       0.93736345
  184       0.93649727
  185       4.18618166
  186       0.94273327
  187       0.89590602
  188       0.99109218
  189       4.24715963
  190       0.91139454
  191       0.92297708
  192       0.93335655
  193       4.11850494
  194       0.93408606
  195       0.92202088
  196       4.13240062
  197       0.94805171
  198       0.97132242
  199       4.08680569
  200       0.94446176
  201       0.94926450
  202       4.12315193
  203       0.95267348
  204       0.91790786
  205       4.09107371
  206       0.95107029
  207       0.96271928
  208       4.09972871
  209       0.95092845
  210       0.94022807
  211       4.14074378
  212       0.95886300
  213       0.92901286
  214       4.06460432
  215       0.95172003
  216       0.95344242
  217       4.23609365
  218       0.92782529
  219       0.91125668
  220       0.90362809
  221       4.18229303
  222       0.92060403
  223       0.96931649
  224       0.94455711
  225       4.09172565
  226       0.92812571
  227       0.96101214
  228       4.09380938
  229       0.96446520
  230       0.93440600
  231       4.10353377
  232       0.95763192
  233       0.95732986
  234       4.10672032
  235       0.93615485
  236       0.92962963
  237       4.10464715
  238       0.92619493
  239       0.94974797
  240       4.08622332
  241       0.93940750
  242       0.94225716
  243       4.13391998
  244       0.90838410
  245       0.91360808
  246       4.13544991
  247       0.91301589
  248       0.89724498
  249       4.20817592
  250       0.92347158
  251       0.93307400
  252       0.94643248
  253       4.17889137
  254       0.93305064
  255       0.94854398
  256       0.93340451
  257       4.04516714
  258       0.96038423
  259       0.96885184
  260       4.09475307
  261       0.95540856
  262       0.93614246
  263       4.08906260
  264       0.96297863
  265       0.97090085
  266       4.12593978
  267       0.92998573
  268       0.92087474
  269       4.14441039
  270       0.92196880
  271       0.92359170
  272       4.08953190
  273       0.93394170
  274       0.98305527
  275       4.13730429
  276       0.93313236
  277       0.94635728
  278       4.10517602
  279       0.94376927
  280       0.93133399
  281       4.16407623
  282       0.99363303
  283       0.95943436
  284       0.91882577
  285       4.18884559
  286       0.91391412
  287       0.93673123
  288       0.96395024
  289       4.10177559
  290       0.93872563
  291       0.92064001
  292       4.11700903
  293       0.94427655
  294       0.95940206
  295       4.07652100
  296       0.99734304
  297       0.92912392
  298       4.12993555
  299       0.92877450
  300       0.93988762
  301       4.12076768
  302       0.91953432
  303       0.92725387
  304       4.12379039
  305       0.97989803
  306       0.93762473
  307       4.08868520
  308       1.00002572
  309       0.93285749
  310       4.06259349
  311       0.93947503
  312       0.95513065
  313       4.18021236
  314       0.92270084
  315       0.93791725
  316       0.96930467
  317       4.23685271
  318       0.92957472
  319       0.92809513
  320       0.92488719
  321       4.13531226
  322       0.91360933
  323       0.91829356
  324       4.13675338
  325       0.92796682
  326       0.95263973
  327       4.10500918
  328       0.93920962
  329       0.93145057
  330       4.09537553
  331       0.95320658
  332       0.95685554
  333       4.12270388
  334       0.92762314
  335       0.96126571
  336       4.11534809
  337       0.93038702
  338       0.94778658
  339       4.11570005
  340       0.92149414
  341       0.95372603
  342       4.05855800
  343       0.97587191
  344       0.95524042
  345       4.22250694
  346       0.93961900
  347       0.95006265
  348       0.91746240
  349       4.17534143
  350       0.96993342
  351       0.94281799
  352       0.93617237
 
l-shell populations (up)
 Atom Sh.   l       Population
    1   1   0       1.24823502
    1   2   1       2.84828231
    2   1   0       0.95208917
    3   1   0       0.94814761
    4   1   0       1.24966827
    4   2   1       2.82424242
    5   1   0       0.96536564
    6   1   0       0.95998476
    7   1   0       1.22347047
    7   2   1       2.90512005
    8   1   0       0.93429533
    9   1   0       0.93428712
   10   1   0       1.25569782
   10   2   1       2.84460045
   11   1   0       0.95285990
   12   1   0       0.93640583
   13   1   0       1.26923170
   13   2   1       2.83917319
   14   1   0       0.92543391
   15   1   0       0.95318345
   16   1   0       1.24478901
   16   2   1       2.83919179
   17   1   0       0.89576858
   18   1   0       0.90390633
   19   1   0       1.26555177
   19   2   1       2.89451484
   20   1   0       0.95902535
   21   1   0       0.90891936
   22   1   0       1.22010336
   22   2   1       2.88508506
   23   1   0       0.93733760
   24   1   0       0.93578059
   25   1   0       1.28400615
   25   2   1       2.93212511
   26   1   0       0.92895425
   27   1   0       0.93894702
   28   1   0       0.91447528
   29   1   0       1.31259921
   29   2   1       2.85669555
   30   1   0       0.96482902
   31   1   0       0.89773872
   32   1   0       0.99368799
   33   1   0       1.22032766
   33   2   1       2.89308786
   34   1   0       0.94672008
   35   1   0       0.93854102
   36   1   0       1.24307019
   36   2   1       2.87980059
   37   1   0       0.96669711
   38   1   0       0.92225661
   39   1   0       1.26254308
   39   2   1       2.86337742
   40   1   0       0.94115662
   41   1   0       0.94054219
   42   1   0       1.23181839
   42   2   1       2.88501350
   43   1   0       0.92424003
   44   1   0       0.95548381
   45   1   0       1.25016515
   45   2   1       2.84436008
   46   1   0       0.93492733
   47   1   0       0.95341059
   48   1   0       1.23827838
   48   2   1       2.85881255
   49   1   0       0.94011354
   50   1   0       0.95212459
   51   1   0       1.24635404
   51   2   1       2.87300118
   52   1   0       0.96834133
   53   1   0       0.93391413
   54   1   0       1.20408086
   54   2   1       2.90008062
   55   1   0       0.94087258
   56   1   0       0.93767078
   57   1   0       1.27865875
   57   2   1       2.91899181
   58   1   0       0.91970121
   59   1   0       0.93872988
   60   1   0       0.94287896
   61   1   0       1.26680898
   61   2   1       2.91324373
   62   1   0       0.94103807
   63   1   0       0.95895258
   64   1   0       0.93047493
   65   1   0       1.31081656
   65   2   1       2.79342820
   66   1   0       0.97247497
   67   1   0       0.93139522
   68   1   0       1.27069985
   68   2   1       2.82478282
   69   1   0       0.93102157
   70   1   0       0.95094484
   71   1   0       1.25744904
   71   2   1       2.90779915
   72   1   0       0.89466211
   73   1   0       0.92036673
   74   1   0       1.24986951
   74   2   1       2.85028671
   75   1   0       0.93634569
   76   1   0       1.00232885
   77   1   0       1.23270467
   77   2   1       2.87423885
   78   1   0       0.96080850
   79   1   0       0.93550597
   80   1   0       1.24873595
   80   2   1       2.84854087
   81   1   0       0.93242314
   82   1   0       0.92370056
   83   1   0       1.27187470
   83   2   1       2.82143157
   84   1   0       0.97998665
   85   1   0       0.94434759
   86   1   0       1.24986546
   86   2   1       2.85790988
   87   1   0       0.97406365
   88   1   0       0.94246662
   89   1   0       1.30151159
   89   2   1       2.92075745
   90   1   0       0.93790139
   91   1   0       0.94085959
   92   1   0       0.91001525
   93   1   0       1.27167239
   93   2   1       2.91764491
   94   1   0       0.94909832
   95   1   0       0.91726424
   96   1   0       0.92656395
   97   1   0       1.21122593
   97   2   1       2.89607531
   98   1   0       0.91614227
   99   1   0       0.93329081
  100   1   0       1.24327421
  100   2   1       2.85993577
  101   1   0       0.92804835
  102   1   0       0.95801526
  103   1   0       1.27823044
  103   2   1       2.96073474
  104   1   0       0.92883511
  105   1   0       0.94537243
  106   1   0       1.27967643
  106   2   1       2.95567203
  107   1   0       0.96804189
  108   1   0       0.93684965
  109   1   0       1.29801534
  109   2   1       2.90727040
  110   1   0       0.91677949
  111   1   0       0.94313291
  112   1   0       1.26059905
  112   2   1       2.83963858
  113   1   0       0.95095368
  114   1   0       0.94702327
  115   1   0       1.25380077
  115   2   1       2.84306075
  116   1   0       0.94455282
  117   1   0       0.93185581
  118   1   0       1.24567085
  118   2   1       2.81524491
  119   1   0       1.00324794
  120   1   0       0.94657284
  121   1   0       1.26829937
  121   2   1       2.92609268
  122   1   0       0.94264936
  123   1   0       0.95106183
  124   1   0       0.91048528
  125   1   0       1.28873128
  125   2   1       2.86983818
  126   1   0       0.94788393
  127   1   0       0.95180896
  128   1   0       0.96276648
  129   1   0       1.23255167
  129   2   1       2.87185400
  130   1   0       0.95600641
  131   1   0       0.92597770
  132   1   0       1.22347598
  132   2   1       2.86390247
  133   1   0       0.96756139
  134   1   0       0.95192487
  135   1   0       1.23067788
  135   2   1       2.85936110
  136   1   0       0.94364967
  137   1   0       0.94259249
  138   1   0       1.25575056
  138   2   1       2.84136680
  139   1   0       0.96126408
  140   1   0       0.92410999
  141   1   0       1.26456846
  141   2   1       2.85889416
  142   1   0       0.94462519
  143   1   0       0.98383746
  144   1   0       1.24070491
  144   2   1       2.86613734
  145   1   0       0.96566945
  146   1   0       0.94868623
  147   1   0       1.24970570
  147   2   1       2.89619007
  148   1   0       0.91677851
  149   1   0       0.89915368
  150   1   0       1.24505417
  150   2   1       2.84252680
  151   1   0       0.93334625
  152   1   0       0.95782543
  153   1   0       1.27732041
  153   2   1       2.91839665
  154   1   0       0.91786799
  155   1   0       0.95681109
  156   1   0       0.93771349
  157   1   0       1.28181605
  157   2   1       2.89433137
  158   1   0       0.96156039
  159   1   0       0.95478873
  160   1   0       0.94143953
  161   1   0       1.25447804
  161   2   1       2.78919421
  162   1   0       0.94305439
  163   1   0       0.96773447
  164   1   0       1.23994761
  164   2   1       2.88313456
  165   1   0       0.94560220
  166   1   0       0.94380179
  167   1   0       1.26493546
  167   2   1       2.80134499
  168   1   0       0.99136843
  169   1   0       0.94721650
  170   1   0       1.27671520
  170   2   1       2.84096960
  171   1   0       0.97388217
  172   1   0       0.91906219
  173   1   0       1.27842290
  173   2   1       2.81848028
  174   1   0       0.98386395
  175   1   0       0.94005294
  176   1   0       1.24637790
  176   2   1       2.89087432
  177   1   0       0.94269952
  178   1   0       0.93491988
  179   1   0       1.28495293
  179   2   1       2.81926679
  180   1   0       0.93914333
  181   1   0       0.98759268
  182   1   0       1.21727740
  182   2   1       2.86431956
  183   1   0       0.93736345
  184   1   0       0.93649727
  185   1   0       1.27589756
  185   2   1       2.91028410
  186   1   0       0.94273327
  187   1   0       0.89590602
  188   1   0       0.99109218
  189   1   0       1.24477366
  189   2   1       3.00238597
  190   1   0       0.91139454
  191   1   0       0.92297708
  192   1   0       0.93335655
  193   1   0       1.27354552
  193   2   1       2.84495943
  194   1   0       0.93408606
  195   1   0       0.92202088
  196   1   0       1.27341309
  196   2   1       2.85898753
  197   1   0       0.94805171
  198   1   0       0.97132242
  199   1   0       1.27034622
  199   2   1       2.81645947
  200   1   0       0.94446176
  201   1   0       0.94926450
  202   1   0       1.22779412
  202   2   1       2.89535781
  203   1   0       0.95267348
  204   1   0       0.91790786
  205   1   0       1.24395588
  205   2   1       2.84711782
  206   1   0       0.95107029
  207   1   0       0.96271928
  208   1   0       1.24045175
  208   2   1       2.85927696
  209   1   0       0.95092845
  210   1   0       0.94022807
  211   1   0       1.24514878
  211   2   1       2.89559500
  212   1   0       0.95886300
  213   1   0       0.92901286
  214   1   0       1.23278041
  214   2   1       2.83182391
  215   1   0       0.95172003
  216   1   0       0.95344242
  217   1   0       1.28384440
  217   2   1       2.95224925
  218   1   0       0.92782529
  219   1   0       0.91125668
  220   1   0       0.90362809
  221   1   0       1.27258221
  221   2   1       2.90971082
  222   1   0       0.92060403
  223   1   0       0.96931649
  224   1   0       0.94455711
  225   1   0       1.24584884
  225   2   1       2.84587680
  226   1   0       0.92812571
  227   1   0       0.96101214
  228   1   0       1.27454012
  228   2   1       2.81926926
  229   1   0       0.96446520
  230   1   0       0.93440600
  231   1   0       1.25894159
  231   2   1       2.84459218
  232   1   0       0.95763192
  233   1   0       0.95732986
  234   1   0       1.23757152
  234   2   1       2.86914880
  235   1   0       0.93615485
  236   1   0       0.92962963
  237   1   0       1.20786706
  237   2   1       2.89678009
  238   1   0       0.92619493
  239   1   0       0.94974797
  240   1   0       1.22109225
  240   2   1       2.86513107
  241   1   0       0.93940750
  242   1   0       0.94225716
  243   1   0       1.24855599
  243   2   1       2.88536399
  244   1   0       0.90838410
  245   1   0       0.91360808
  246   1   0       1.24078447
  246   2   1       2.89466544
  247   1   0       0.91301589
  248   1   0       0.89724498
  249   1   0       1.25234512
  249   2   1       2.95583080
  250   1   0       0.92347158
  251   1   0       0.93307400
  252   1   0       0.94643248
  253   1   0       1.31217990
  253   2   1       2.86671147
  254   1   0       0.93305064
  255   1   0       0.94854398
  256   1   0       0.93340451
  257   1   0       1.19476271
  257   2   1       2.85040443
  258   1   0       0.96038423
  259   1   0       0.96885184
  260   1   0       1.21586036
  260   2   1       2.87889271
  261   1   0       0.95540856
  262   1   0       0.93614246
  263   1   0       1.25835588
  263   2   1       2.83070672
  264   1   0       0.96297863
  265   1   0       0.97090085
  266   1   0       1.22352826
  266   2   1       2.90241152
  267   1   0       0.92998573
  268   1   0       0.92087474
  269   1   0       1.24387577
  269   2   1       2.90053462
  270   1   0       0.92196880
  271   1   0       0.92359170
  272   1   0       1.27271108
  272   2   1       2.81682083
  273   1   0       0.93394170
  274   1   0       0.98305527
  275   1   0       1.25989308
  275   2   1       2.87741121
  276   1   0       0.93313236
  277   1   0       0.94635728
  278   1   0       1.22277953
  278   2   1       2.88239648
  279   1   0       0.94376927
  280   1   0       0.93133399
  281   1   0       1.28424923
  281   2   1       2.87982701
  282   1   0       0.99363303
  283   1   0       0.95943436
  284   1   0       0.91882577
  285   1   0       1.24000260
  285   2   1       2.94884300
  286   1   0       0.91391412
  287   1   0       0.93673123
  288   1   0       0.96395024
  289   1   0       1.22519850
  289   2   1       2.87657709
  290   1   0       0.93872563
  291   1   0       0.92064001
  292   1   0       1.22936926
  292   2   1       2.88763976
  293   1   0       0.94427655
  294   1   0       0.95940206
  295   1   0       1.22751489
  295   2   1       2.84900612
  296   1   0       0.99734304
  297   1   0       0.92912392
  298   1   0       1.22245280
  298   2   1       2.90748274
  299   1   0       0.92877450
  300   1   0       0.93988762
  301   1   0       1.22399693
  301   2   1       2.89677075
  302   1   0       0.91953432
  303   1   0       0.92725387
  304   1   0       1.27141092
  304   2   1       2.85237947
  305   1   0       0.97989803
  306   1   0       0.93762473
  307   1   0       1.27067965
  307   2   1       2.81800555
  308   1   0       1.00002572
  309   1   0       0.93285749
  310   1   0       1.21300464
  310   2   1       2.84958885
  311   1   0       0.93947503
  312   1   0       0.95513065
  313   1   0       1.28088313
  313   2   1       2.89932923
  314   1   0       0.92270084
  315   1   0       0.93791725
  316   1   0       0.96930467
  317   1   0       1.24933051
  317   2   1       2.98752220
  318   1   0       0.92957472
  319   1   0       0.92809513
  320   1   0       0.92488719
  321   1   0       1.24432208
  321   2   1       2.89099019
  322   1   0       0.91360933
  323   1   0       0.91829356
  324   1   0       1.26307729
  324   2   1       2.87367609
  325   1   0       0.92796682
  326   1   0       0.95263973
  327   1   0       1.22116028
  327   2   1       2.88384891
  328   1   0       0.93920962
  329   1   0       0.93145057
  330   1   0       1.23748475
  330   2   1       2.85789078
  331   1   0       0.95320658
  332   1   0       0.95685554
  333   1   0       1.23891136
  333   2   1       2.88379252
  334   1   0       0.92762314
  335   1   0       0.96126571
  336   1   0       1.25912550
  336   2   1       2.85622258
  337   1   0       0.93038702
  338   1   0       0.94778658
  339   1   0       1.24403950
  339   2   1       2.87166055
  340   1   0       0.92149414
  341   1   0       0.95372603
  342   1   0       1.22396167
  342   2   1       2.83459634
  343   1   0       0.97587191
  344   1   0       0.95524042
  345   1   0       1.25359723
  345   2   1       2.96890972
  346   1   0       0.93961900
  347   1   0       0.95006265
  348   1   0       0.91746240
  349   1   0       1.26442935
  349   2   1       2.91091208
  350   1   0       0.96993342
  351   1   0       0.94281799
  352   1   0       0.93617237
 
Orbital populations (up)
 Atom Sh.   l   m       Population  Label
    1   1   0   0       1.24823502  s
    1   2   1  -1       0.97753898  p_y
    1   2   1   0       0.94358331  p_z
    1   2   1   1       0.92716003  p_x
    2   1   0   0       0.95208917  s
    3   1   0   0       0.94814761  s
    4   1   0   0       1.24966827  s
    4   2   1  -1       0.95051930  p_y
    4   2   1   0       0.92474305  p_z
    4   2   1   1       0.94898007  p_x
    5   1   0   0       0.96536564  s
    6   1   0   0       0.95998476  s
    7   1   0   0       1.22347047  s
    7   2   1  -1       0.97835397  p_y
    7   2   1   0       0.96911430  p_z
    7   2   1   1       0.95765178  p_x
    8   1   0   0       0.93429533  s
    9   1   0   0       0.93428712  s
   10   1   0   0       1.25569782  s
   10   2   1  -1       0.89600363  p_y
   10   2   1   0       0.99164564  p_z
   10   2   1   1       0.95695119  p_x
   11   1   0   0       0.95285990  s
   12   1   0   0       0.93640583  s
   13   1   0   0       1.26923170  s
   13   2   1  -1       0.91523953  p_y
   13   2   1   0       0.92652013  p_z
   13   2   1   1       0.99741353  p_x
   14   1   0   0       0.92543391  s
   15   1   0   0       0.95318345  s
   16   1   0   0       1.24478901  s
   16   2   1  -1       0.94812678  p_y
   16   2   1   0       0.91840289  p_z
   16   2   1   1       0.97266212  p_x
   17   1   0   0       0.89576858  s
   18   1   0   0       0.90390633  s
   19   1   0   0       1.26555177  s
   19   2   1  -1       0.96615108  p_y
   19   2   1   0       0.96404263  p_z
   19   2   1   1       0.96432113  p_x
   20   1   0   0       0.95902535  s
   21   1   0   0       0.90891936  s
   22   1   0   0       1.22010336  s
   22   2   1  -1       0.93756081  p_y
   22   2   1   0       0.91722696  p_z
   22   2   1   1       1.03029729  p_x
   23   1   0   0       0.93733760  s
   24   1   0   0       0.93578059  s
   25   1   0   0       1.28400615  s
   25   2   1  -1       0.98811355  p_y
   25   2   1   0       0.95297677  p_z
   25   2   1   1       0.99103480  p_x
   26   1   0   0       0.92895425  s
   27   1   0   0       0.93894702  s
   28   1   0   0       0.91447528  s
   29   1   0   0       1.31259921  s
   29   2   1  -1       0.96845141  p_y
   29   2   1   0       0.92596890  p_z
   29   2   1   1       0.96227524  p_x
   30   1   0   0       0.96482902  s
   31   1   0   0       0.89773872  s
   32   1   0   0       0.99368799  s
   33   1   0   0       1.22032766  s
   33   2   1  -1       1.01717256  p_y
   33   2   1   0       0.93019407  p_z
   33   2   1   1       0.94572123  p_x
   34   1   0   0       0.94672008  s
   35   1   0   0       0.93854102  s
   36   1   0   0       1.24307019  s
   36   2   1  -1       0.93889799  p_y
   36   2   1   0       0.98594669  p_z
   36   2   1   1       0.95495592  p_x
   37   1   0   0       0.96669711  s
   38   1   0   0       0.92225661  s
   39   1   0   0       1.26254308  s
   39   2   1  -1       0.99728586  p_y
   39   2   1   0       0.93169304  p_z
   39   2   1   1       0.93439852  p_x
   40   1   0   0       0.94115662  s
   41   1   0   0       0.94054219  s
   42   1   0   0       1.23181839  s
   42   2   1  -1       0.97545815  p_y
   42   2   1   0       0.91826121  p_z
   42   2   1   1       0.99129413  p_x
   43   1   0   0       0.92424003  s
   44   1   0   0       0.95548381  s
   45   1   0   0       1.25016515  s
   45   2   1  -1       0.93655010  p_y
   45   2   1   0       0.94574723  p_z
   45   2   1   1       0.96206274  p_x
   46   1   0   0       0.93492733  s
   47   1   0   0       0.95341059  s
   48   1   0   0       1.23827838  s
   48   2   1  -1       0.94109850  p_y
   48   2   1   0       0.95953234  p_z
   48   2   1   1       0.95818171  p_x
   49   1   0   0       0.94011354  s
   50   1   0   0       0.95212459  s
   51   1   0   0       1.24635404  s
   51   2   1  -1       0.95672803  p_y
   51   2   1   0       0.93424629  p_z
   51   2   1   1       0.98202687  p_x
   52   1   0   0       0.96834133  s
   53   1   0   0       0.93391413  s
   54   1   0   0       1.20408086  s
   54   2   1  -1       0.96656931  p_y
   54   2   1   0       0.99785620  p_z
   54   2   1   1       0.93565511  p_x
   55   1   0   0       0.94087258  s
   56   1   0   0       0.93767078  s
   57   1   0   0       1.27865875  s
   57   2   1  -1       0.97108179  p_y
   57   2   1   0       0.97504055  p_z
   57   2   1   1       0.97286948  p_x
   58   1   0   0       0.91970121  s
   59   1   0   0       0.93872988  s
   60   1   0   0       0.94287896  s
   61   1   0   0       1.26680898  s
   61   2   1  -1       0.97865449  p_y
   61   2   1   0       0.97631791  p_z
   61   2   1   1       0.95827133  p_x
   62   1   0   0       0.94103807  s
   63   1   0   0       0.95895258  s
   64   1   0   0       0.93047493  s
   65   1   0   0       1.31081656  s
   65   2   1  -1       0.96477552  p_y
   65   2   1   0       0.92357289  p_z
   65   2   1   1       0.90507979  p_x
   66   1   0   0       0.97247497  s
   67   1   0   0       0.93139522  s
   68   1   0   0       1.27069985  s
   68   2   1  -1       0.96395519  p_y
   68   2   1   0       0.91845380  p_z
   68   2   1   1       0.94237383  p_x
   69   1   0   0       0.93102157  s
   70   1   0   0       0.95094484  s
   71   1   0   0       1.25744904  s
   71   2   1  -1       1.00183470  p_y
   71   2   1   0       0.94232590  p_z
   71   2   1   1       0.96363855  p_x
   72   1   0   0       0.89466211  s
   73   1   0   0       0.92036673  s
   74   1   0   0       1.24986951  s
   74   2   1  -1       0.96347390  p_y
   74   2   1   0       0.94008105  p_z
   74   2   1   1       0.94673177  p_x
   75   1   0   0       0.93634569  s
   76   1   0   0       1.00232885  s
   77   1   0   0       1.23270467  s
   77   2   1  -1       0.96428860  p_y
   77   2   1   0       0.92610966  p_z
   77   2   1   1       0.98384059  p_x
   78   1   0   0       0.96080850  s
   79   1   0   0       0.93550597  s
   80   1   0   0       1.24873595  s
   80   2   1  -1       0.97775933  p_y
   80   2   1   0       0.92308275  p_z
   80   2   1   1       0.94769879  p_x
   81   1   0   0       0.93242314  s
   82   1   0   0       0.92370056  s
   83   1   0   0       1.27187470  s
   83   2   1  -1       0.96130795  p_y
   83   2   1   0       0.92979149  p_z
   83   2   1   1       0.93033213  p_x
   84   1   0   0       0.97998665  s
   85   1   0   0       0.94434759  s
   86   1   0   0       1.24986546  s
   86   2   1  -1       0.94303875  p_y
   86   2   1   0       0.91042623  p_z
   86   2   1   1       1.00444490  p_x
   87   1   0   0       0.97406365  s
   88   1   0   0       0.94246662  s
   89   1   0   0       1.30151159  s
   89   2   1  -1       1.01101821  p_y
   89   2   1   0       0.96033167  p_z
   89   2   1   1       0.94940757  p_x
   90   1   0   0       0.93790139  s
   91   1   0   0       0.94085959  s
   92   1   0   0       0.91001525  s
   93   1   0   0       1.27167239  s
   93   2   1  -1       0.97564424  p_y
   93   2   1   0       0.96377403  p_z
   93   2   1   1       0.97822664  p_x
   94   1   0   0       0.94909832  s
   95   1   0   0       0.91726424  s
   96   1   0   0       0.92656395  s
   97   1   0   0       1.21122593  s
   97   2   1  -1       0.97851295  p_y
   97   2   1   0       0.92073130  p_z
   97   2   1   1       0.99683106  p_x
   98   1   0   0       0.91614227  s
   99   1   0   0       0.93329081  s
  100   1   0   0       1.24327421  s
  100   2   1  -1       0.97480185  p_y
  100   2   1   0       0.93404630  p_z
  100   2   1   1       0.95108762  p_x
  101   1   0   0       0.92804835  s
  102   1   0   0       0.95801526  s
  103   1   0   0       1.27823044  s
  103   2   1  -1       1.00755838  p_y
  103   2   1   0       0.98311235  p_z
  103   2   1   1       0.97006400  p_x
  104   1   0   0       0.92883511  s
  105   1   0   0       0.94537243  s
  106   1   0   0       1.27967643  s
  106   2   1  -1       1.00564011  p_y
  106   2   1   0       0.98253962  p_z
  106   2   1   1       0.96749230  p_x
  107   1   0   0       0.96804189  s
  108   1   0   0       0.93684965  s
  109   1   0   0       1.29801534  s
  109   2   1  -1       0.93414756  p_y
  109   2   1   0       0.97687579  p_z
  109   2   1   1       0.99624705  p_x
  110   1   0   0       0.91677949  s
  111   1   0   0       0.94313291  s
  112   1   0   0       1.26059905  s
  112   2   1  -1       0.93366846  p_y
  112   2   1   0       0.93409205  p_z
  112   2   1   1       0.97187806  p_x
  113   1   0   0       0.95095368  s
  114   1   0   0       0.94702327  s
  115   1   0   0       1.25380077  s
  115   2   1  -1       0.95056506  p_y
  115   2   1   0       0.91170485  p_z
  115   2   1   1       0.98079083  p_x
  116   1   0   0       0.94455282  s
  117   1   0   0       0.93185581  s
  118   1   0   0       1.24567085  s
  118   2   1  -1       0.95307756  p_y
  118   2   1   0       0.94281133  p_z
  118   2   1   1       0.91935602  p_x
  119   1   0   0       1.00324794  s
  120   1   0   0       0.94657284  s
  121   1   0   0       1.26829937  s
  121   2   1  -1       0.99632474  p_y
  121   2   1   0       0.98249836  p_z
  121   2   1   1       0.94726959  p_x
  122   1   0   0       0.94264936  s
  123   1   0   0       0.95106183  s
  124   1   0   0       0.91048528  s
  125   1   0   0       1.28873128  s
  125   2   1  -1       0.98806772  p_y
  125   2   1   0       0.95207587  p_z
  125   2   1   1       0.92969459  p_x
  126   1   0   0       0.94788393  s
  127   1   0   0       0.95180896  s
  128   1   0   0       0.96276648  s
  129   1   0   0       1.23255167  s
  129   2   1  -1       0.93160528  p_y
  129   2   1   0       0.98983608  p_z
  129   2   1   1       0.95041264  p_x
  130   1   0   0       0.95600641  s
  131   1   0   0       0.92597770  s
  132   1   0   0       1.22347598  s
  132   2   1  -1       0.93958425  p_y
  132   2   1   0       0.97292300  p_z
  132   2   1   1       0.95139522  p_x
  133   1   0   0       0.96756139  s
  134   1   0   0       0.95192487  s
  135   1   0   0       1.23067788  s
  135   2   1  -1       0.95604764  p_y
  135   2   1   0       0.97444997  p_z
  135   2   1   1       0.92886349  p_x
  136   1   0   0       0.94364967  s
  137   1   0   0       0.94259249  s
  138   1   0   0       1.25575056  s
  138   2   1  -1       0.92776072  p_y
  138   2   1   0       0.98334378  p_z
  138   2   1   1       0.93026231  p_x
  139   1   0   0       0.96126408  s
  140   1   0   0       0.92410999  s
  141   1   0   0       1.26456846  s
  141   2   1  -1       0.90441889  p_y
  141   2   1   0       0.98193259  p_z
  141   2   1   1       0.97254268  p_x
  142   1   0   0       0.94462519  s
  143   1   0   0       0.98383746  s
  144   1   0   0       1.24070491  s
  144   2   1  -1       0.92450670  p_y
  144   2   1   0       0.94865169  p_z
  144   2   1   1       0.99297895  p_x
  145   1   0   0       0.96566945  s
  146   1   0   0       0.94868623  s
  147   1   0   0       1.24970570  s
  147   2   1  -1       0.90824798  p_y
  147   2   1   0       1.02561835  p_z
  147   2   1   1       0.96232374  p_x
  148   1   0   0       0.91677851  s
  149   1   0   0       0.89915368  s
  150   1   0   0       1.24505417  s
  150   2   1  -1       0.93165142  p_y
  150   2   1   0       0.95900180  p_z
  150   2   1   1       0.95187358  p_x
  151   1   0   0       0.93334625  s
  152   1   0   0       0.95782543  s
  153   1   0   0       1.27732041  s
  153   2   1  -1       0.96853960  p_y
  153   2   1   0       0.96354818  p_z
  153   2   1   1       0.98630886  p_x
  154   1   0   0       0.91786799  s
  155   1   0   0       0.95681109  s
  156   1   0   0       0.93771349  s
  157   1   0   0       1.28181605  s
  157   2   1  -1       0.97228765  p_y
  157   2   1   0       0.96667091  p_z
  157   2   1   1       0.95537281  p_x
  158   1   0   0       0.96156039  s
  159   1   0   0       0.95478873  s
  160   1   0   0       0.94143953  s
  161   1   0   0       1.25447804  s
  161   2   1  -1       0.93562663  p_y
  161   2   1   0       0.91929530  p_z
  161   2   1   1       0.93427228  p_x
  162   1   0   0       0.94305439  s
  163   1   0   0       0.96773447  s
  164   1   0   0       1.23994761  s
  164   2   1  -1       0.98197448  p_y
  164   2   1   0       0.90796997  p_z
  164   2   1   1       0.99319010  p_x
  165   1   0   0       0.94560220  s
  166   1   0   0       0.94380179  s
  167   1   0   0       1.26493546  s
  167   2   1  -1       0.92583637  p_y
  167   2   1   0       0.95347445  p_z
  167   2   1   1       0.92203417  p_x
  168   1   0   0       0.99136843  s
  169   1   0   0       0.94721650  s
  170   1   0   0       1.27671520  s
  170   2   1  -1       0.96973023  p_y
  170   2   1   0       0.95482818  p_z
  170   2   1   1       0.91641119  p_x
  171   1   0   0       0.97388217  s
  172   1   0   0       0.91906219  s
  173   1   0   0       1.27842290  s
  173   2   1  -1       0.93218907  p_y
  173   2   1   0       0.94796864  p_z
  173   2   1   1       0.93832257  p_x
  174   1   0   0       0.98386395  s
  175   1   0   0       0.94005294  s
  176   1   0   0       1.24637790  s
  176   2   1  -1       0.96433282  p_y
  176   2   1   0       0.97156347  p_z
  176   2   1   1       0.95497802  p_x
  177   1   0   0       0.94269952  s
  178   1   0   0       0.93491988  s
  179   1   0   0       1.28495293  s
  179   2   1  -1       0.96530204  p_y
  179   2   1   0       0.90878107  p_z
  179   2   1   1       0.94518368  p_x
  180   1   0   0       0.93914333  s
  181   1   0   0       0.98759268  s
  182   1   0   0       1.21727740  s
  182   2   1  -1       0.96641803  p_y
  182   2   1   0       0.95946173  p_z
  182   2   1   1       0.93843979  p_x
  183   1   0   0       0.93736345  s
  184   1   0   0       0.93649727  s
  185   1   0   0       1.27589756  s
  185   2   1  -1       0.95311624  p_y
  185   2   1   0       0.98365256  p_z
  185   2   1   1       0.97351530  p_x
  186   1   0   0       0.94273327  s
  187   1   0   0       0.89590602  s
  188   1   0   0       0.99109218  s
  189   1   0   0       1.24477366  s
  189   2   1  -1       0.98828927  p_y
  189   2   1   0       1.04427877  p_z
  189   2   1   1       0.96981792  p_x
  190   1   0   0       0.91139454  s
  191   1   0   0       0.92297708  s
  192   1   0   0       0.93335655  s
  193   1   0   0       1.27354552  s
  193   2   1  -1       0.97788809  p_y
  193   2   1   0       0.91419072  p_z
  193   2   1   1       0.95288062  p_x
  194   1   0   0       0.93408606  s
  195   1   0   0       0.92202088  s
  196   1   0   0       1.27341309  s
  196   2   1  -1       0.92633515  p_y
  196   2   1   0       1.00899153  p_z
  196   2   1   1       0.92366086  p_x
  197   1   0   0       0.94805171  s
  198   1   0   0       0.97132242  s
  199   1   0   0       1.27034622  s
  199   2   1  -1       0.94627325  p_y
  199   2   1   0       0.94781447  p_z
  199   2   1   1       0.92237175  p_x
  200   1   0   0       0.94446176  s
  201   1   0   0       0.94926450  s
  202   1   0   0       1.22779412  s
  202   2   1  -1       0.96985177  p_y
  202   2   1   0       1.00936278  p_z
  202   2   1   1       0.91614325  p_x
  203   1   0   0       0.95267348  s
  204   1   0   0       0.91790786  s
  205   1   0   0       1.24395588  s
  205   2   1  -1       0.97257793  p_y
  205   2   1   0       0.92769981  p_z
  205   2   1   1       0.94684008  p_x
  206   1   0   0       0.95107029  s
  207   1   0   0       0.96271928  s
  208   1   0   0       1.24045175  s
  208   2   1  -1       1.00073070  p_y
  208   2   1   0       0.90879933  p_z
  208   2   1   1       0.94974693  p_x
  209   1   0   0       0.95092845  s
  210   1   0   0       0.94022807  s
  211   1   0   0       1.24514878  s
  211   2   1  -1       0.97462629  p_y
  211   2   1   0       0.98009714  p_z
  211   2   1   1       0.94087156  p_x
  212   1   0   0       0.95886300  s
  213   1   0   0       0.92901286  s
  214   1   0   0       1.23278041  s
  214   2   1  -1       0.95184167  p_y
  214   2   1   0       0.93988902  p_z
  214   2   1   1       0.94009322  p_x
  215   1   0   0       0.95172003  s
  216   1   0   0       0.95344242  s
  217   1   0   0       1.28384440  s
  217   2   1  -1       1.01964495  p_y
  217   2   1   0       0.93587875  p_z
  217   2   1   1       0.99672556  p_x
  218   1   0   0       0.92782529  s
  219   1   0   0       0.91125668  s
  220   1   0   0       0.90362809  s
  221   1   0   0       1.27258221  s
  221   2   1  -1       0.99477505  p_y
  221   2   1   0       0.97104618  p_z
  221   2   1   1       0.94388960  p_x
  222   1   0   0       0.92060403  s
  223   1   0   0       0.96931649  s
  224   1   0   0       0.94455711  s
  225   1   0   0       1.24584884  s
  225   2   1  -1       0.95252351  p_y
  225   2   1   0       0.96201101  p_z
  225   2   1   1       0.93134228  p_x
  226   1   0   0       0.92812571  s
  227   1   0   0       0.96101214  s
  228   1   0   0       1.27454012  s
  228   2   1  -1       0.94903212  p_y
  228   2   1   0       0.95852400  p_z
  228   2   1   1       0.91171315  p_x
  229   1   0   0       0.96446520  s
  230   1   0   0       0.93440600  s
  231   1   0   0       1.25894159  s
  231   2   1  -1       0.92212044  p_y
  231   2   1   0       0.95282777  p_z
  231   2   1   1       0.96964397  p_x
  232   1   0   0       0.95763192  s
  233   1   0   0       0.95732986  s
  234   1   0   0       1.23757152  s
  234   2   1  -1       0.97802780  p_y
  234   2   1   0       0.95339960  p_z
  234   2   1   1       0.93772139  p_x
  235   1   0   0       0.93615485  s
  236   1   0   0       0.92962963  s
  237   1   0   0       1.20786706  s
  237   2   1  -1       0.99708618  p_y
  237   2   1   0       0.93583087  p_z
  237   2   1   1       0.96386304  p_x
  238   1   0   0       0.92619493  s
  239   1   0   0       0.94974797  s
  240   1   0   0       1.22109225  s
  240   2   1  -1       0.99281474  p_y
  240   2   1   0       0.92781690  p_z
  240   2   1   1       0.94449943  p_x
  241   1   0   0       0.93940750  s
  242   1   0   0       0.94225716  s
  243   1   0   0       1.24855599  s
  243   2   1  -1       0.99067558  p_y
  243   2   1   0       0.89887623  p_z
  243   2   1   1       0.99581219  p_x
  244   1   0   0       0.90838410  s
  245   1   0   0       0.91360808  s
  246   1   0   0       1.24078447  s
  246   2   1  -1       0.96312907  p_y
  246   2   1   0       0.94431798  p_z
  246   2   1   1       0.98721839  p_x
  247   1   0   0       0.91301589  s
  248   1   0   0       0.89724498  s
  249   1   0   0       1.25234512  s
  249   2   1  -1       0.96966058  p_y
  249   2   1   0       0.97534596  p_z
  249   2   1   1       1.01082426  p_x
  250   1   0   0       0.92347158  s
  251   1   0   0       0.93307400  s
  252   1   0   0       0.94643248  s
  253   1   0   0       1.31217990  s
  253   2   1  -1       0.96750598  p_y
  253   2   1   0       0.93780418  p_z
  253   2   1   1       0.96140132  p_x
  254   1   0   0       0.93305064  s
  255   1   0   0       0.94854398  s
  256   1   0   0       0.93340451  s
  257   1   0   0       1.19476271  s
  257   2   1  -1       0.93538293  p_y
  257   2   1   0       0.97347658  p_z
  257   2   1   1       0.94154492  p_x
  258   1   0   0       0.96038423  s
  259   1   0   0       0.96885184  s
  260   1   0   0       1.21586036  s
  260   2   1  -1       0.95017124  p_y
  260   2   1   0       0.98830823  p_z
  260   2   1   1       0.94041324  p_x
  261   1   0   0       0.95540856  s
  262   1   0   0       0.93614246  s
  263   1   0   0       1.25835588  s
  263   2   1  -1       0.93114265  p_y
  263   2   1   0       0.97885455  p_z
  263   2   1   1       0.92070952  p_x
  264   1   0   0       0.96297863  s
  265   1   0   0       0.97090085  s
  266   1   0   0       1.22352826  s
  266   2   1  -1       0.97193881  p_y
  266   2   1   0       0.96050746  p_z
  266   2   1   1       0.96996525  p_x
  267   1   0   0       0.92998573  s
  268   1   0   0       0.92087474  s
  269   1   0   0       1.24387577  s
  269   2   1  -1       0.97842024  p_y
  269   2   1   0       1.00284744  p_z
  269   2   1   1       0.91926695  p_x
  270   1   0   0       0.92196880  s
  271   1   0   0       0.92359170  s
  272   1   0   0       1.27271108  s
  272   2   1  -1       0.95015474  p_y
  272   2   1   0       0.94509356  p_z
  272   2   1   1       0.92157253  p_x
  273   1   0   0       0.93394170  s
  274   1   0   0       0.98305527  s
  275   1   0   0       1.25989308  s
  275   2   1  -1       0.96956011  p_y
  275   2   1   0       0.94112304  p_z
  275   2   1   1       0.96672806  p_x
  276   1   0   0       0.93313236  s
  277   1   0   0       0.94635728  s
  278   1   0   0       1.22277953  s
  278   2   1  -1       0.97891281  p_y
  278   2   1   0       0.93434052  p_z
  278   2   1   1       0.96914316  p_x
  279   1   0   0       0.94376927  s
  280   1   0   0       0.93133399  s
  281   1   0   0       1.28424923  s
  281   2   1  -1       0.95792781  p_y
  281   2   1   0       0.95696353  p_z
  281   2   1   1       0.96493567  p_x
  282   1   0   0       0.99363303  s
  283   1   0   0       0.95943436  s
  284   1   0   0       0.91882577  s
  285   1   0   0       1.24000260  s
  285   2   1  -1       0.98128497  p_y
  285   2   1   0       0.95914363  p_z
  285   2   1   1       1.00841440  p_x
  286   1   0   0       0.91391412  s
  287   1   0   0       0.93673123  s
  288   1   0   0       0.96395024  s
  289   1   0   0       1.22519850  s
  289   2   1  -1       0.93679791  p_y
  289   2   1   0       0.97415532  p_z
  289   2   1   1       0.96562387  p_x
  290   1   0   0       0.93872563  s
  291   1   0   0       0.92064001  s
  292   1   0   0       1.22936926  s
  292   2   1  -1       0.97251306  p_y
  292   2   1   0       0.98753543  p_z
  292   2   1   1       0.92759128  p_x
  293   1   0   0       0.94427655  s
  294   1   0   0       0.95940206  s
  295   1   0   0       1.22751489  s
  295   2   1  -1       0.97795640  p_y
  295   2   1   0       0.94036277  p_z
  295   2   1   1       0.93068694  p_x
  296   1   0   0       0.99734304  s
  297   1   0   0       0.92912392  s
  298   1   0   0       1.22245280  s
  298   2   1  -1       0.95496762  p_y
  298   2   1   0       1.00598267  p_z
  298   2   1   1       0.94653245  p_x
  299   1   0   0       0.92877450  s
  300   1   0   0       0.93988762  s
  301   1   0   0       1.22399693  s
  301   2   1  -1       0.96159319  p_y
  301   2   1   0       0.98380083  p_z
  301   2   1   1       0.95137673  p_x
  302   1   0   0       0.91953432  s
  303   1   0   0       0.92725387  s
  304   1   0   0       1.27141092  s
  304   2   1  -1       0.95627402  p_y
  304   2   1   0       0.91805725  p_z
  304   2   1   1       0.97804821  p_x
  305   1   0   0       0.97989803  s
  306   1   0   0       0.93762473  s
  307   1   0   0       1.27067965  s
  307   2   1  -1       0.97240150  p_y
  307   2   1   0       0.91483977  p_z
  307   2   1   1       0.93076428  p_x
  308   1   0   0       1.00002572  s
  309   1   0   0       0.93285749  s
  310   1   0   0       1.21300464  s
  310   2   1  -1       0.96664957  p_y
  310   2   1   0       0.91326290  p_z
  310   2   1   1       0.96967639  p_x
  311   1   0   0       0.93947503  s
  312   1   0   0       0.95513065  s
  313   1   0   0       1.28088313  s
  313   2   1  -1       0.94748853  p_y
  313   2   1   0       0.95838939  p_z
  313   2   1   1       0.99345131  p_x
  314   1   0   0       0.92270084  s
  315   1   0   0       0.93791725  s
  316   1   0   0       0.96930467  s
  317   1   0   0       1.24933051  s
  317   2   1  -1       1.01409335  p_y
  317   2   1   0       0.92690484  p_z
  317   2   1   1       1.04652401  p_x
  318   1   0   0       0.92957472  s
  319   1   0   0       0.92809513  s
  320   1   0   0       0.92488719  s
  321   1   0   0       1.24432208  s
  321   2   1  -1       0.98745765  p_y
  321   2   1   0       0.93265046  p_z
  321   2   1   1       0.97088207  p_x
  322   1   0   0       0.91360933  s
  323   1   0   0       0.91829356  s
  324   1   0   0       1.26307729  s
  324   2   1  -1       0.94250953  p_y
  324   2   1   0       0.95977699  p_z
  324   2   1   1       0.97138958  p_x
  325   1   0   0       0.92796682  s
  326   1   0   0       0.95263973  s
  327   1   0   0       1.22116028  s
  327   2   1  -1       0.95610530  p_y
  327   2   1   0       0.98513520  p_z
  327   2   1   1       0.94260840  p_x
  328   1   0   0       0.93920962  s
  329   1   0   0       0.93145057  s
  330   1   0   0       1.23748475  s
  330   2   1  -1       0.96524943  p_y
  330   2   1   0       0.97473773  p_z
  330   2   1   1       0.91790361  p_x
  331   1   0   0       0.95320658  s
  332   1   0   0       0.95685554  s
  333   1   0   0       1.23891136  s
  333   2   1  -1       0.94069945  p_y
  333   2   1   0       0.97042520  p_z
  333   2   1   1       0.97266787  p_x
  334   1   0   0       0.92762314  s
  335   1   0   0       0.96126571  s
  336   1   0   0       1.25912550  s
  336   2   1  -1       0.93993630  p_y
  336   2   1   0       0.93305371  p_z
  336   2   1   1       0.98323257  p_x
  337   1   0   0       0.93038702  s
  338   1   0   0       0.94778658  s
  339   1   0   0       1.24403950  s
  339   2   1  -1       0.91274999  p_y
  339   2   1   0       0.98023782  p_z
  339   2   1   1       0.97867274  p_x
  340   1   0   0       0.92149414  s
  341   1   0   0       0.95372603  s
  342   1   0   0       1.22396167  s
  342   2   1  -1       0.91173551  p_y
  342   2   1   0       0.95827789  p_z
  342   2   1   1       0.96458293  p_x
  343   1   0   0       0.97587191  s
  344   1   0   0       0.95524042  s
  345   1   0   0       1.25359723  s
  345   2   1  -1       0.98191164  p_y
  345   2   1   0       0.98660531  p_z
  345   2   1   1       1.00039277  p_x
  346   1   0   0       0.93961900  s
  347   1   0   0       0.95006265  s
  348   1   0   0       0.91746240  s
  349   1   0   0       1.26442935  s
  349   2   1  -1       0.95599900  p_y
  349   2   1   0       0.98412035  p_z
  349   2   1   1       0.97079273  p_x
  350   1   0   0       0.96993342  s
  351   1   0   0       0.94281799  s
  352   1   0   0       0.93617237  s
 
Fermi level:                        -0.1506922325 H           -4.1005 eV
Band energy:                      -277.2821093150 H        -7545.2301 eV
TS:                                  0.0000000000 H            0.0000 eV
Band free energy (E-TS):          -277.2821093150 H        -7545.2301 eV
Extrapolated E(0K):               -277.2821093150 H        -7545.2301 eV
Input / Output electrons (q):    682.0000000000    682.0000000000
 
Energy H0:                        -281.6896387636 H        -7665.1651 eV
Energy SCC:                          0.0814966494 H            2.2176 eV
Total Electronic energy:          -281.6081421142 H        -7662.9474 eV
Repulsive energy:                    4.4946084378 H          122.3045 eV
Dispersion energy:                   1.1310367492 H           30.7771 eV
Total energy:                     -275.9824969272 H        -7509.8658 eV
Extrapolated to 0:                -275.9824969272 H        -7509.8658 eV
Total Mermin free energy:         -275.9824969272 H        -7509.8658 eV
Force related energy:             -275.9824969272 H        -7509.8658 eV
 
SCC converged
 
Full geometry written in geo_end.{xyz|gen}
 
MD Kinetic Energy:                   1.6999241310 H
Total MD Energy:                  -274.2825727962 H
Pressure:                            0.807862E-05 au     0.237681E+09 Pa
MD Temperature:                      0.0032287258 H         1019.5498 K
MD Kinetic Energy:                   1.6999241310 H
Total MD Energy:                  -274.2825727962 H        -7463.6086 eV
MD Temperature:                      0.0032287258 H         1019.5498 K
 
Molecular dynamics completed
 
