 Fermi distribution function
 
MD step: 100000
 

********************************************************************************
 iSCC Total electronic   Diff electronic      SCC error    
    5   -0.28262293E+03    0.30524916E-10    0.83647885E-06
********************************************************************************
 
Coordinates of moved atoms (au):
    1     70.90274199     59.59006825     83.23517818
    2     73.04583840     59.41399737     83.34880832
    3     70.52142524     60.65891847     81.54354300
    4     69.56174479     85.97644878     82.80548593
    5     67.64449958     86.17522435     82.16754859
    6     40.49280692     84.79620201     84.54971925
    7     70.94221858     84.17582211     80.93547302
    8     40.90541728     82.36839598     80.93244333
    9     72.83718426     83.61733818     81.75015745
   10     42.06655058     84.95036485     78.03543994
   11     43.34291004     86.63972609     77.55082318
   12     40.03142557     85.34542347     77.64256090
   13     72.13655303     82.79779735     76.31634727
   14     72.17996299     80.86526869     77.19795953
   15     74.05567874     83.33235172     75.87144763
   16     41.62840254     82.75156304     73.97675734
   17     41.75903695     84.73796905     73.15206691
   18     39.63970273     82.18046403     74.45234595
   19     71.69934739     81.05894961     71.74632466
   20     73.56500729     80.36591853     72.14637731
   21     71.77492235     82.34978180     70.12512124
   22     70.09952390     78.83383475     71.09369154
   23     41.65362532     78.05210991     69.12136482
   24     39.20862894     79.72475267     70.80933360
   25     69.88342378     60.84569755     85.57304922
   26     70.47045222     62.66511354     85.81010550
   27     67.84055650     61.17049424     85.54087417
   28     70.43157773     59.70783525     87.33562003
   29     69.96013484     76.84779699     73.06950053
   30     69.19892426     77.67242637     74.81441869
   31     68.85318841     75.16899073     72.53278947
   32     71.89051334     75.98663990     73.52710465
   33     47.74746617     57.40534743     68.80432466
   34     47.55300588     55.24923736     68.67529806
   35     49.54104205     57.66269704     69.66901440
   36     47.74923817     58.76701048     66.23440431
   37     49.11443310     57.54668134     64.95681713
   38     48.92031807     60.33123804     66.69022199
   39     45.09414415     59.21958334     64.87272396
   40     43.75183108     59.93553742     66.21874214
   41     44.45740585     57.41619241     64.15955427
   42     45.15453921     61.34548745     62.81270766
   43     75.09089599     63.08326189     63.56582926
   44     43.20014790     62.09151465     62.68914989
   45     46.04335386     60.42584130     60.16952925
   46     45.50105012     61.84222689     58.67990908
   47     73.63374629     58.65512760     59.61500998
   48     77.88551693     59.72010444     59.81036176
   49     77.82586391     58.12221957     58.65664817
   50     78.83693155     59.28137590     61.73576005
   51     50.53588354     61.79820820     58.41013047
   52     51.17436626     63.36283836     59.48901458
   53     49.12290254     62.64443860     57.11386097
   54     81.69154371     60.80512232     85.74333920
   55     83.02123521     60.10795066     87.21480807
   56     82.74743608     62.20627777     84.56105778
   57     45.91686176     58.40326686     70.72970337
   58     45.81536958     57.54279504     72.53241139
   59     46.38083355     60.37289204     71.37518574
   60     43.93755150     58.29249110     70.08957162
   61     52.13531728     58.74523746     83.87261540
   62     53.94152341     58.22842819     82.81224412
   63     51.48252686     57.15464398     84.66383312
   64     50.90015905     59.48398487     82.38046881
   65     63.68167357     61.55840824     76.23512067
   66     63.11373849     62.51092164     74.30383320
   67     64.39531799     59.56902757     75.71801846
   68     66.06059487     62.96476023     77.33522085
   69     66.54178265     61.59762104     78.89438187
   70     65.53254972     64.80578165     77.89710392
   71     68.36283885     62.88743626     75.70095226
   72     68.88133387     60.82695578     75.08346099
   73     69.77245957     63.59207021     77.07876262
   74     68.34466744     35.62713762     73.37177635
   75     68.33478255     37.57898012     74.19534207
   76     66.73186965     35.39667853     72.21657927
   77     70.67942902     35.08531955     71.61134050
   78     70.46087803     62.14911679     70.76182591
   79     72.34252847     64.04023413     72.91306742
   80     71.13263681     36.81271049     69.25789435
   81     69.33796820     36.65470511     68.17254760
   82     72.54457433     36.06003128     68.02929598
   83     71.83223662     39.46373375     70.12709795
   84     73.34370787     39.24784646     71.52803209
   85     70.14151411     40.40117652     70.92855896
   86     72.72695802     41.15028414     67.75260768
   87     71.02606647     41.43483973     66.55236272
   88     74.02630190     40.02671648     66.54871309
   89     61.37501610     61.53130919     77.99214608
   90     60.86489359     59.54644084     78.38955527
   91     61.62034035     62.86152539     79.71482503
   92     59.97173478     62.14408990     76.74611580
   93     73.77647458     43.63404610     68.62161653
   94     72.71334913     44.77294267     69.93461489
   95     75.68620876     43.51020913     69.80147191
   96     74.43937732     45.06009787     67.07221719
   97     62.30422619     71.63135084     74.38919231
   98     60.68786864     72.73448465     73.56227951
   99     62.56512373     72.99074607     75.81721175
  100     61.40387459     69.03535019     75.44012193
  101     62.48175844     68.69081052     77.33787311
  102     62.14940659     67.42567287     74.25581065
  103     58.47738497     68.63054031     75.74978617
  104     58.32375504     66.73954178     74.81472466
  105     57.48942409     69.65083366     74.30916245
  106     57.46931142     68.97948757     49.45159263
  107     55.71123753     70.13625475     49.06169961
  108     58.52861975     70.32583629     50.74924623
  109     56.93382241     66.63755272     50.83177560
  110     58.84481676     65.68712426     51.24606466
  111     55.86858154     65.11882991     49.73088207
  112     55.80145149     67.03627392     53.38415424
  113     55.13795099     65.04608525     54.02615059
  114     54.08905968     68.25926939     53.09482375
  115     57.48189428     68.03035162     55.67305928
  116     59.45221267     67.45499897     55.49563444
  117     56.77228921     67.41647698     57.62888083
  118     57.43326937     70.93858855     55.87173167
  119     55.46813428     71.77659200     55.65843678
  120     58.39672534     71.61021500     53.99865122
  121     64.64699291     71.15182791     72.84334118
  122     66.26589568     70.47262150     74.03832054
  123     64.37254311     69.63658902     71.38407135
  124     65.15954798     72.82658035     71.91563219
  125     58.45219667     72.10426192     58.36415920
  126     58.55033334     70.52302307     59.70799255
  127     60.36359430     72.77067838     58.30456706
  128     57.44814967     73.82765314     59.07223543
  129     59.79368297     75.42610766     64.62743632
  130     58.73761058     76.84426143     65.52351572
  131     59.61667129     75.70515120     62.50125509
  132     62.55806615     75.77933776     65.55156492
  133     63.16963918     74.94572787     67.29129375
  134     62.79984635     77.83692238     65.71454516
  135     64.48895336     74.77257434     63.45343519
  136     63.73154815     75.62426380     61.66202209
  137     64.55886523     72.67740883     63.33838399
  138     67.26444447     75.58729763     63.96571274
  139     67.83987515     74.68471768     65.71316241
  140     67.52247102     77.58352530     63.99978186
  141     69.02713632     74.67117913     61.78336951
  142     67.68121103     74.77333567     60.18559827
  143     69.23117417     72.69664457     61.91196389
  144     71.79462845     75.73266645     61.78616177
  145     73.23018210     74.13487981     62.08204008
  146     72.11668168     76.84757981     63.62445017
  147     72.59341667     77.03101112     59.35413877
  148     72.17769109     76.07577056     57.56200299
  149     74.79160446     77.10220775     59.54779533
  150     71.75215437     79.79511261     58.82497999
  151     69.65283111     79.57911610     59.02603628
  152     71.98710865     80.19345663     56.75198232
  153     58.56121417     73.00354421     65.43057839
  154     59.85143999     42.49184629     64.66325576
  155     58.59394747     72.84867258     67.45479189
  156     56.55637272     73.04402019     64.75734042
  157     72.86465604     81.70059138     60.64854576
  158     74.71659946     81.04441341     61.52321624
  159     73.33945215     83.33059361     59.71629328
  160     71.42770044     82.21034487     62.14476037
  161     82.86462940     50.34549293     58.88870416
  162     83.42405256     48.41463133     58.41485202
  163     84.02590984     51.58848647     57.64491111
  164     79.98480832     50.80967062     58.18169046
  165     79.93212246     52.96454362     58.16668059
  166     78.73961109     50.26744497     59.85137663
  167     79.35442194     49.63420295     55.62288078
  168     78.07663774     48.11063079     56.21077344
  169     80.77741992     48.90441972     54.38598336
  170     77.80599862     51.44830891     54.00398706
  171     79.38936507     52.62034777     53.44298918
  172     76.67835400     52.69156884     55.22179999
  173     76.11114442     79.24951213     51.86932542
  174     75.74320218     80.83315810     50.68690383
  175     74.41371498     49.35419037     52.45955856
  176     77.65046629     77.47674796     50.11881832
  177     79.46385477     77.06731482     50.72942855
  178     77.73700611     78.55376299     48.23084165
  179     76.71890550     74.77493411     49.58150480
  180     74.85591913     74.81071458     48.56148891
  181     76.22960751     73.87591766     51.33497522
  182     78.54329011     73.30277400     47.79023247
  183     80.35521962     72.49552053     48.87431039
  184     79.38803760     74.62637914     46.22401320
  185     83.30330503     50.84166576     61.72675726
  186     82.31546530     49.15182765     62.74986978
  187     85.31520904     51.20887724     62.45531051
  188     82.00597953     52.38697437     91.22574339
  189     77.01684270     70.95110892     46.70583294
  190     76.71073569     69.59016761     48.09681879
  191     75.07379938     71.43679301     46.08377335
  192     78.06794086     69.99788959     45.30878223
  193     54.46833386     50.96580180     69.07516366
  194     55.22683246     50.08719784     67.31660443
  195     53.92662083     78.19612885     70.23817547
  196     56.58758496     52.60289428     70.40383520
  197     56.36570849     52.34140892     72.53734675
  198     56.13155399     83.71561291     70.06418818
  199     59.40176952     52.17391803     69.79887802
  200     59.68083884     52.50372440     67.80196854
  201     59.83999257     50.10774512     70.13575272
  202     60.88193597     53.95489377     71.50822824
  203     59.58839638     54.97299075     72.71407321
  204     61.76602966     55.23610672     70.20927952
  205     62.71876889     52.81327470     73.25029971
  206     63.26257209     54.42609745     74.72157075
  207     64.46388550     52.26927705     72.29489035
  208     61.83440794     50.77325393     74.96805449
  209     61.73633132     48.92328351     73.84223604
  210     59.87434379     51.53956601     75.15644489
  211     63.34788870     79.32633217     77.38959650
  212     64.17362280     81.22829371     77.98896599
  213     65.06436291     78.00797410     77.09746435
  214     61.63443253     77.97007709     79.39642578
  215     60.16689499     76.82896510     78.39786927
  216     60.45428208     79.27465636     80.59121914
  217     52.18481343     52.61130176     68.67411203
  218     52.63958787     54.43203229     38.72456801
  219     50.54425768     51.66189583     38.82722605
  220     51.34748634     53.32069332     70.33474317
  221     63.12213345     76.12797277     81.04772914
  222     64.40304675     77.11806550     82.33429909
  223     62.07438081     74.64162924     82.29580276
  224     64.25414395     74.86885226     79.74311715
  225     63.25250158     83.64502936     55.47524544
  226     64.40975005     85.14286811     56.50078395
  227     64.10368399     83.39368040     53.59310082
  228     64.02668228     52.05812087     56.89670899
  229     65.81279852     51.63351142     55.92385441
  230     62.91459253     50.41673808     56.55299632
  231     64.27637150     81.42910395     59.76157912
  232     64.73049272     79.39723747     60.61973298
  233     62.27788579     81.54141308     60.54419107
  234     65.84010071     83.56150898     61.05158714
  235     64.77230811     85.53900258     60.76570616
  236     67.50736075     83.70855584     59.97362806
  237     66.24950721     83.19562935     64.07124729
  238     67.35810044     81.32090201     64.08515272
  239     64.21146555     53.56203769     64.69635833
  240     67.52259362     85.61027297     65.34085813
  241     67.48936200     58.54388906     64.41642730
  242     69.62202259     56.38504838     65.24928192
  243     66.69927909     85.30096092     67.98453796
  244     45.03368662     93.22086738     50.28524856
  245     66.45339493     83.27683475     68.57805163
  246     67.12368028     86.97865727     69.78192632
  247     66.95893287     86.37113061     71.80792055
  248     67.63980234     88.71552869     69.11991159
  249     60.30885357     54.98669820     55.36560514
  250     59.54707333     55.19754854     57.27592926
  251     59.69431312     56.92646433     54.80838013
  252     59.39880031     53.43211327     53.97001657
  253     45.80891908     91.79222650     48.63209628
  254     47.35430777     90.98938548     50.10713874
  255     43.97877462     90.60808437     48.28489628
  256     47.40107289     92.97209568     76.69349544
  257     83.22968526     58.42653505     74.27539752
  258     83.51364292     57.17299584     72.83368873
  259     85.19621659     59.16313253     74.65887234
  260     81.31370339     60.55852437     73.85530383
  261     80.00417880     60.35221984     75.53944484
  262     80.08798609     60.28350660     72.07996376
  263     82.72160776     63.00445286     73.74452860
  264     84.70239944     62.97242318     72.67435798
  265     83.18297633     63.43331991     75.65594331
  266     81.25172157     65.40072429     72.72109592
  267     82.61782729     66.95871866     73.47010062
  268     79.49619259     65.70393072     73.76899078
  269     80.81759567     65.40040323     69.95398729
  270     79.03969235     64.22930868     69.70149674
  271     82.14488228     64.13471019     68.99665784
  272     80.79830689     67.96475021     68.88700522
  273     82.25096757     69.09992480     69.96745933
  274     79.04996797     68.79332636     69.24150256
  275     81.15438981     68.55628247     66.07512929
  276     81.49759920     70.58096354     65.90416919
  277     79.28917818     68.11522919     64.99169140
  278     83.48613670     67.20892610     65.12315821
  279     84.20384288     65.53679013     66.32987329
  280     85.19046198     68.35229298     65.45812931
  281     82.46969703     56.94439803     76.70168788
  282     82.40708973     58.03771498     78.43800458
  283     80.60846643     56.29164486     76.55844146
  284     83.82209921     55.41686112     77.00944370
  285     83.87862699     66.74582396     62.40293906
  286     82.75505335     67.74687184     60.93557913
  287     85.88874998     67.04776353     61.80902652
  288     83.59431953     64.67104517     61.79458293
  289     65.99642427     67.30570027     85.02638765
  290     67.41881161     66.76398537     86.66195764
  291     64.90589463     68.97760636     85.66104643
  292     67.48710951     67.91243188     82.50319836
  293     66.05012165     67.95195070     80.88487034
  294     68.71068716     66.35632854     82.01095726
  295     69.03242263     70.35155119     82.62924087
  296     67.53700321     71.87860563     83.15031405
  297     69.96283625     70.85026421     51.75977495
  298     71.32707931     69.96441975     55.44084977
  299     70.56337200     69.31626076     86.24579993
  300     72.18618741     71.74985565     55.95881657
  301     73.38773060     68.12739683     54.66047333
  302     73.90035575     68.57476126     52.56687257
  303     72.36132605     66.27158583     83.52844627
  304     75.73118536     67.67284987     56.41701250
  305     76.42796004     65.67656164     56.15834677
  306     74.92642183     68.11574344     58.34484270
  307     77.94845292     69.48054474     55.95020849
  308     78.32740308     69.58065079     53.97136737
  309     79.63003387     68.67186142     56.78350179
  310     77.79437537     72.12465059     57.34394308
  311     75.72828099     72.50863655     57.75521591
  312     78.30499041     73.49527372     55.90995101
  313     64.20207205     65.08821183     84.69947143
  314     63.48944247     64.88199839     82.61541636
  315     64.72914700     63.11863778     85.33814106
  316     62.47207968     65.41492932     85.74159767
  317     79.58390963     72.71151614     59.51444075
  318     78.78826690     74.28590535     60.59111829
  319     79.95603861     71.19960773     60.81862606
  320     81.39322464     73.35496663     58.55858932
  321     58.05123866     58.92539423     32.65717965
  322     57.05769300     57.62142523     31.20137434
  323     56.68013530     60.02517248     33.62365029
  324     59.27105028     57.00910119     63.34445678
  325     60.66892991     56.02223617     62.13419802
  326     57.98847744     55.62355368     64.05133907
  327     60.82979257     58.45680833     65.49203543
  328     62.09073551     59.77341554     64.38133687
  329     62.21217470     57.14050621     66.34033036
  330     59.34265072     59.98117340     67.51972278
  331     57.85212658     58.82373697     68.54517450
  332     58.36183929     61.63740442     66.69037086
  333     61.22616279     61.05030046     69.59549582
  334     63.16783123     60.54483232     69.06248285
  335     60.74443215     60.22944320     71.47215867
  336     61.21423722     63.95857857     69.78639359
  337     62.73206250     64.50906784     71.19556396
  338     59.49830675     64.66091776     70.72659558
  339     61.47629102     65.41233478     67.10569055
  340     60.87312219     67.38592467     67.46072875
  341     60.20559618     64.62140807     65.60114052
  342     64.23263293     65.62167858     66.02920997
  343     65.15418800     63.62973584     66.16989519
  344     65.53268184     66.73542377     67.12274256
  345     59.72326807     60.50280664     30.83392725
  346     61.35662100     59.35572214     30.21514239
  347     58.43329503     61.42245739     29.40669716
  348     60.64821946     62.30079231     31.67557625
  349     64.39555701     66.63775696     63.35281745
  350     63.20178887     65.73039785     61.97567770
  351     64.34832596     68.79948465     63.41703923
  352     66.31465795     66.28261264     62.53764395
 
 Total charge:    -0.00000000

 Atomic gross charges (e)
 Atom           Charge
    1      -0.08429979
    2       0.05124249
    3       0.06035454
    4      -0.11498087
    5       0.06545273
    6       0.05132881
    7      -0.11676643
    8       0.04702028
    9       0.05034695
   10      -0.11372966
   11       0.05078106
   12       0.06079703
   13      -0.10718996
   14       0.05556062
   15       0.05928604
   16      -0.10517270
   17       0.04701776
   18       0.05987133
   19      -0.12514601
   20       0.06561662
   21       0.05614505
   22      -0.06754419
   23       0.03774086
   24       0.03744774
   25      -0.21306376
   26       0.07754919
   27       0.06395633
   28       0.05787875
   29      -0.18510927
   30       0.06839082
   31       0.05916389
   32       0.04912270
   33      -0.08983185
   34       0.03978944
   35       0.05991619
   36      -0.11059555
   37       0.03310984
   38       0.07301094
   39      -0.11389620
   40       0.06479520
   41       0.07013850
   42      -0.10388293
   43       0.05621593
   44       0.04487095
   45      -0.08911505
   46       0.05291231
   47       0.02573786
   48      -0.11403452
   49       0.07782654
   50       0.05421215
   51      -0.12079515
   52       0.07170842
   53       0.04587324
   54      -0.09753419
   55       0.05001201
   56       0.05633640
   57      -0.20554050
   58       0.06881755
   59       0.05342651
   60       0.06044367
   61      -0.20535609
   62       0.04473434
   63       0.08815979
   64       0.06292912
   65      -0.09744546
   66       0.03413595
   67       0.04238926
   68      -0.12037131
   69       0.05205026
   70       0.08042323
   71      -0.09232305
   72       0.03856577
   73       0.05353809
   74      -0.11551896
   75       0.05306107
   76       0.07154560
   77      -0.12420948
   78       0.05308687
   79       0.05415855
   80      -0.11489739
   81       0.05129124
   82       0.06576231
   83      -0.11647312
   84       0.06749252
   85       0.06127378
   86      -0.09191959
   87       0.05475725
   88       0.05771517
   89      -0.21208870
   90       0.07030308
   91       0.07005714
   92       0.07835073
   93      -0.17554977
   94       0.07330921
   95       0.03042691
   96       0.04371934
   97      -0.10927254
   98       0.05071145
   99       0.06708155
  100      -0.10447608
  101       0.03657469
  102       0.04792736
  103      -0.12145222
  104       0.05257181
  105       0.06302194
  106      -0.07657149
  107       0.03475418
  108       0.06064376
  109      -0.07507438
  110       0.03614905
  111       0.04811944
  112      -0.09934589
  113       0.03615015
  114       0.05451228
  115      -0.11016049
  116       0.06847206
  117       0.05048202
  118      -0.08961531
  119       0.04559125
  120       0.03828891
  121      -0.18890377
  122       0.05848453
  123       0.05882481
  124       0.07024508
  125      -0.20952663
  126       0.06940942
  127       0.06420109
  128       0.06768988
  129      -0.10084845
  130       0.06075192
  131       0.05230171
  132      -0.12842298
  133       0.07434076
  134       0.05319286
  135      -0.12094056
  136       0.05476138
  137       0.06013831
  138      -0.12774932
  139       0.06117280
  140       0.07130905
  141      -0.14538402
  142       0.06721437
  143       0.05846524
  144      -0.07030257
  145       0.03759935
  146       0.05090781
  147      -0.09823475
  148       0.06156420
  149       0.02869874
  150      -0.09862288
  151       0.05358544
  152       0.05101486
  153      -0.19899807
  154       0.06121904
  155       0.06878181
  156       0.06648442
  157      -0.19445017
  158       0.05875058
  159       0.07616672
  160       0.05919995
  161      -0.10801938
  162       0.05564526
  163       0.05318132
  164      -0.09644255
  165       0.04059323
  166       0.05625045
  167      -0.12037988
  168       0.05755333
  169       0.07527553
  170      -0.12847896
  171       0.06228931
  172       0.05483746
  173      -0.12011438
  174       0.06873523
  175       0.07645910
  176      -0.12771668
  177       0.07890848
  178       0.03834759
  179      -0.11248903
  180       0.04308322
  181       0.06919742
  182      -0.07233723
  183       0.03186298
  184       0.04832028
  185      -0.18975686
  186       0.04525245
  187       0.06895762
  188       0.06228390
  189      -0.22732714
  190       0.07274822
  191       0.06797454
  192       0.07518911
  193      -0.08297298
  194       0.05343381
  195       0.04534037
  196      -0.10100997
  197       0.04214789
  198       0.03696068
  199      -0.10762194
  200       0.06081735
  201       0.05086421
  202      -0.11065904
  203       0.06275780
  204       0.06824980
  205      -0.08238222
  206       0.01901367
  207       0.04959055
  208      -0.10672173
  209       0.04390739
  210       0.06361000
  211      -0.08645552
  212       0.05310722
  213       0.04810944
  214      -0.09055294
  215       0.05070947
  216       0.05377121
  217      -0.19873877
  218       0.05813759
  219       0.05981455
  220       0.06822810
  221      -0.19202744
  222       0.06496204
  223       0.05214558
  224       0.05300412
  225      -0.10836884
  226       0.06319540
  227       0.05598936
  228      -0.12581315
  229       0.04892721
  230       0.07548819
  231      -0.08968578
  232       0.02765825
  233       0.03741365
  234      -0.11868690
  235       0.03223646
  236       0.07270163
  237      -0.10839000
  238       0.05829235
  239       0.05402341
  240      -0.07981384
  241       0.07700526
  242       0.06127538
  243      -0.05917531
  244       0.02914915
  245       0.06886317
  246      -0.24642703
  247       0.09565911
  248       0.11021835
  249      -0.19327568
  250       0.07717105
  251       0.05595694
  252       0.05915807
  253      -0.32213679
  254       0.04714349
  255       0.12961138
  256       0.11332569
  257      -0.11366178
  258       0.07950561
  259       0.04494913
  260      -0.08631703
  261       0.05492631
  262       0.04522824
  263      -0.10564390
  264       0.04059107
  265       0.06009903
  266      -0.10708345
  267       0.03476170
  268       0.05610273
  269      -0.08091916
  270       0.04162352
  271       0.05751160
  272      -0.11109612
  273       0.04538027
  274       0.06664783
  275      -0.08587761
  276       0.05847292
  277       0.04438139
  278      -0.09012189
  279       0.05117708
  280       0.05013821
  281      -0.22396762
  282       0.06464609
  283       0.07355697
  284       0.06305479
  285      -0.17698881
  286       0.06455156
  287       0.04756778
  288       0.03615114
  289      -0.07723576
  290       0.03993115
  291       0.05937995
  292      -0.10983366
  293       0.04330142
  294       0.06474362
  295      -0.08904891
  296       0.05094974
  297       0.04572424
  298      -0.10553910
  299       0.04497439
  300       0.05493027
  301      -0.09887409
  302       0.03898638
  303       0.04287283
  304      -0.10083966
  305       0.06077932
  306       0.06010002
  307      -0.12767241
  308       0.06827473
  309       0.05756533
  310      -0.10932319
  311       0.05099590
  312       0.05732624
  313      -0.19441117
  314       0.04623043
  315       0.06322127
  316       0.05971680
  317      -0.19390239
  318       0.06661651
  319       0.07345926
  320       0.05761181
  321      -0.09096736
  322       0.03070622
  323       0.07155790
  324      -0.11848461
  325       0.05662835
  326       0.06938236
  327      -0.11429847
  328       0.05151693
  329       0.05803230
  330      -0.10378690
  331       0.04672900
  332       0.06218816
  333      -0.11917381
  334       0.06833716
  335       0.05648621
  336      -0.11092141
  337       0.05117881
  338       0.05278805
  339      -0.11188687
  340       0.05152960
  341       0.06810237
  342      -0.08978249
  343       0.03349522
  344       0.06229935
  345      -0.19259214
  346       0.07616794
  347       0.06233692
  348       0.03905030
  349      -0.19583330
  350       0.07695322
  351       0.05733192
  352       0.04720059
 
Nr. of electrons (up):    682.00000000
Atom populations (up)
 Atom       Population
    1       4.08429979
    2       0.94875751
    3       0.93964546
    4       4.11498087
    5       0.93454727
    6       0.94867119
    7       4.11676643
    8       0.95297972
    9       0.94965305
   10       4.11372966
   11       0.94921894
   12       0.93920297
   13       4.10718996
   14       0.94443938
   15       0.94071396
   16       4.10517270
   17       0.95298224
   18       0.94012867
   19       4.12514601
   20       0.93438338
   21       0.94385495
   22       4.06754419
   23       0.96225914
   24       0.96255226
   25       4.21306376
   26       0.92245081
   27       0.93604367
   28       0.94212125
   29       4.18510927
   30       0.93160918
   31       0.94083611
   32       0.95087730
   33       4.08983185
   34       0.96021056
   35       0.94008381
   36       4.11059555
   37       0.96689016
   38       0.92698906
   39       4.11389620
   40       0.93520480
   41       0.92986150
   42       4.10388293
   43       0.94378407
   44       0.95512905
   45       4.08911505
   46       0.94708769
   47       0.97426214
   48       4.11403452
   49       0.92217346
   50       0.94578785
   51       4.12079515
   52       0.92829158
   53       0.95412676
   54       4.09753419
   55       0.94998799
   56       0.94366360
   57       4.20554050
   58       0.93118245
   59       0.94657349
   60       0.93955633
   61       4.20535609
   62       0.95526566
   63       0.91184021
   64       0.93707088
   65       4.09744546
   66       0.96586405
   67       0.95761074
   68       4.12037131
   69       0.94794974
   70       0.91957677
   71       4.09232305
   72       0.96143423
   73       0.94646191
   74       4.11551896
   75       0.94693893
   76       0.92845440
   77       4.12420948
   78       0.94691313
   79       0.94584145
   80       4.11489739
   81       0.94870876
   82       0.93423769
   83       4.11647312
   84       0.93250748
   85       0.93872622
   86       4.09191959
   87       0.94524275
   88       0.94228483
   89       4.21208870
   90       0.92969692
   91       0.92994286
   92       0.92164927
   93       4.17554977
   94       0.92669079
   95       0.96957309
   96       0.95628066
   97       4.10927254
   98       0.94928855
   99       0.93291845
  100       4.10447608
  101       0.96342531
  102       0.95207264
  103       4.12145222
  104       0.94742819
  105       0.93697806
  106       4.07657149
  107       0.96524582
  108       0.93935624
  109       4.07507438
  110       0.96385095
  111       0.95188056
  112       4.09934589
  113       0.96384985
  114       0.94548772
  115       4.11016049
  116       0.93152794
  117       0.94951798
  118       4.08961531
  119       0.95440875
  120       0.96171109
  121       4.18890377
  122       0.94151547
  123       0.94117519
  124       0.92975492
  125       4.20952663
  126       0.93059058
  127       0.93579891
  128       0.93231012
  129       4.10084845
  130       0.93924808
  131       0.94769829
  132       4.12842298
  133       0.92565924
  134       0.94680714
  135       4.12094056
  136       0.94523862
  137       0.93986169
  138       4.12774932
  139       0.93882720
  140       0.92869095
  141       4.14538402
  142       0.93278563
  143       0.94153476
  144       4.07030257
  145       0.96240065
  146       0.94909219
  147       4.09823475
  148       0.93843580
  149       0.97130126
  150       4.09862288
  151       0.94641456
  152       0.94898514
  153       4.19899807
  154       0.93878096
  155       0.93121819
  156       0.93351558
  157       4.19445017
  158       0.94124942
  159       0.92383328
  160       0.94080005
  161       4.10801938
  162       0.94435474
  163       0.94681868
  164       4.09644255
  165       0.95940677
  166       0.94374955
  167       4.12037988
  168       0.94244667
  169       0.92472447
  170       4.12847896
  171       0.93771069
  172       0.94516254
  173       4.12011438
  174       0.93126477
  175       0.92354090
  176       4.12771668
  177       0.92109152
  178       0.96165241
  179       4.11248903
  180       0.95691678
  181       0.93080258
  182       4.07233723
  183       0.96813702
  184       0.95167972
  185       4.18975686
  186       0.95474755
  187       0.93104238
  188       0.93771610
  189       4.22732714
  190       0.92725178
  191       0.93202546
  192       0.92481089
  193       4.08297298
  194       0.94656619
  195       0.95465963
  196       4.10100997
  197       0.95785211
  198       0.96303932
  199       4.10762194
  200       0.93918265
  201       0.94913579
  202       4.11065904
  203       0.93724220
  204       0.93175020
  205       4.08238222
  206       0.98098633
  207       0.95040945
  208       4.10672173
  209       0.95609261
  210       0.93639000
  211       4.08645552
  212       0.94689278
  213       0.95189056
  214       4.09055294
  215       0.94929053
  216       0.94622879
  217       4.19873877
  218       0.94186241
  219       0.94018545
  220       0.93177190
  221       4.19202744
  222       0.93503796
  223       0.94785442
  224       0.94699588
  225       4.10836884
  226       0.93680460
  227       0.94401064
  228       4.12581315
  229       0.95107279
  230       0.92451181
  231       4.08968578
  232       0.97234175
  233       0.96258635
  234       4.11868690
  235       0.96776354
  236       0.92729837
  237       4.10839000
  238       0.94170765
  239       0.94597659
  240       4.07981384
  241       0.92299474
  242       0.93872462
  243       4.05917531
  244       0.97085085
  245       0.93113683
  246       4.24642703
  247       0.90434089
  248       0.88978165
  249       4.19327568
  250       0.92282895
  251       0.94404306
  252       0.94084193
  253       4.32213679
  254       0.95285651
  255       0.87038862
  256       0.88667431
  257       4.11366178
  258       0.92049439
  259       0.95505087
  260       4.08631703
  261       0.94507369
  262       0.95477176
  263       4.10564390
  264       0.95940893
  265       0.93990097
  266       4.10708345
  267       0.96523830
  268       0.94389727
  269       4.08091916
  270       0.95837648
  271       0.94248840
  272       4.11109612
  273       0.95461973
  274       0.93335217
  275       4.08587761
  276       0.94152708
  277       0.95561861
  278       4.09012189
  279       0.94882292
  280       0.94986179
  281       4.22396762
  282       0.93535391
  283       0.92644303
  284       0.93694521
  285       4.17698881
  286       0.93544844
  287       0.95243222
  288       0.96384886
  289       4.07723576
  290       0.96006885
  291       0.94062005
  292       4.10983366
  293       0.95669858
  294       0.93525638
  295       4.08904891
  296       0.94905026
  297       0.95427576
  298       4.10553910
  299       0.95502561
  300       0.94506973
  301       4.09887409
  302       0.96101362
  303       0.95712717
  304       4.10083966
  305       0.93922068
  306       0.93989998
  307       4.12767241
  308       0.93172527
  309       0.94243467
  310       4.10932319
  311       0.94900410
  312       0.94267376
  313       4.19441117
  314       0.95376957
  315       0.93677873
  316       0.94028320
  317       4.19390239
  318       0.93338349
  319       0.92654074
  320       0.94238819
  321       4.09096736
  322       0.96929378
  323       0.92844210
  324       4.11848461
  325       0.94337165
  326       0.93061764
  327       4.11429847
  328       0.94848307
  329       0.94196770
  330       4.10378690
  331       0.95327100
  332       0.93781184
  333       4.11917381
  334       0.93166284
  335       0.94351379
  336       4.11092141
  337       0.94882119
  338       0.94721195
  339       4.11188687
  340       0.94847040
  341       0.93189763
  342       4.08978249
  343       0.96650478
  344       0.93770065
  345       4.19259214
  346       0.92383206
  347       0.93766308
  348       0.96094970
  349       4.19583330
  350       0.92304678
  351       0.94266808
  352       0.95279941
 
l-shell populations (up)
 Atom Sh.   l       Population
    1   1   0       1.22660526
    1   2   1       2.85769453
    2   1   0       0.94875751
    3   1   0       0.93964546
    4   1   0       1.24109809
    4   2   1       2.87388278
    5   1   0       0.93454727
    6   1   0       0.94867119
    7   1   0       1.25627526
    7   2   1       2.86049118
    8   1   0       0.95297972
    9   1   0       0.94965305
   10   1   0       1.26264170
   10   2   1       2.85108796
   11   1   0       0.94921894
   12   1   0       0.93920297
   13   1   0       1.23266263
   13   2   1       2.87452733
   14   1   0       0.94443938
   15   1   0       0.94071396
   16   1   0       1.24575196
   16   2   1       2.85942073
   17   1   0       0.95298224
   18   1   0       0.94012867
   19   1   0       1.23474966
   19   2   1       2.89039635
   20   1   0       0.93438338
   21   1   0       0.94385495
   22   1   0       1.21894760
   22   2   1       2.84859659
   23   1   0       0.96225914
   24   1   0       0.96255226
   25   1   0       1.25394175
   25   2   1       2.95912201
   26   1   0       0.92245081
   27   1   0       0.93604367
   28   1   0       0.94212125
   29   1   0       1.25699901
   29   2   1       2.92811025
   30   1   0       0.93160918
   31   1   0       0.94083611
   32   1   0       0.95087730
   33   1   0       1.22463267
   33   2   1       2.86519918
   34   1   0       0.96021056
   35   1   0       0.94008381
   36   1   0       1.25070171
   36   2   1       2.85989384
   37   1   0       0.96689016
   38   1   0       0.92698906
   39   1   0       1.24402617
   39   2   1       2.86987003
   40   1   0       0.93520480
   41   1   0       0.92986150
   42   1   0       1.24643386
   42   2   1       2.85744907
   43   1   0       0.94378407
   44   1   0       0.95512905
   45   1   0       1.26483561
   45   2   1       2.82427945
   46   1   0       0.94708769
   47   1   0       0.97426214
   48   1   0       1.24907075
   48   2   1       2.86496377
   49   1   0       0.92217346
   50   1   0       0.94578785
   51   1   0       1.23820482
   51   2   1       2.88259033
   52   1   0       0.92829158
   53   1   0       0.95412676
   54   1   0       1.22799690
   54   2   1       2.86953729
   55   1   0       0.94998799
   56   1   0       0.94366360
   57   1   0       1.25412167
   57   2   1       2.95141883
   58   1   0       0.93118245
   59   1   0       0.94657349
   60   1   0       0.93955633
   61   1   0       1.25080064
   61   2   1       2.95455545
   62   1   0       0.95526566
   63   1   0       0.91184021
   64   1   0       0.93707088
   65   1   0       1.25854966
   65   2   1       2.83889580
   66   1   0       0.96586405
   67   1   0       0.95761074
   68   1   0       1.23333494
   68   2   1       2.88703637
   69   1   0       0.94794974
   70   1   0       0.91957677
   71   1   0       1.23356545
   71   2   1       2.85875760
   72   1   0       0.96143423
   73   1   0       0.94646191
   74   1   0       1.23516951
   74   2   1       2.88034945
   75   1   0       0.94693893
   76   1   0       0.92845440
   77   1   0       1.25176589
   77   2   1       2.87244360
   78   1   0       0.94691313
   79   1   0       0.94584145
   80   1   0       1.23438434
   80   2   1       2.88051305
   81   1   0       0.94870876
   82   1   0       0.93423769
   83   1   0       1.24826865
   83   2   1       2.86820447
   84   1   0       0.93250748
   85   1   0       0.93872622
   86   1   0       1.23810714
   86   2   1       2.85381244
   87   1   0       0.94524275
   88   1   0       0.94228483
   89   1   0       1.26823262
   89   2   1       2.94385609
   90   1   0       0.92969692
   91   1   0       0.92994286
   92   1   0       0.92164927
   93   1   0       1.26743076
   93   2   1       2.90811901
   94   1   0       0.92669079
   95   1   0       0.96957309
   96   1   0       0.95628066
   97   1   0       1.22336252
   97   2   1       2.88591002
   98   1   0       0.94928855
   99   1   0       0.93291845
  100   1   0       1.26036437
  100   2   1       2.84411171
  101   1   0       0.96342531
  102   1   0       0.95207264
  103   1   0       1.23569603
  103   2   1       2.88575618
  104   1   0       0.94742819
  105   1   0       0.93697806
  106   1   0       1.21881420
  106   2   1       2.85775728
  107   1   0       0.96524582
  108   1   0       0.93935624
  109   1   0       1.21924441
  109   2   1       2.85582997
  110   1   0       0.96385095
  111   1   0       0.95188056
  112   1   0       1.24557489
  112   2   1       2.85377100
  113   1   0       0.96384985
  114   1   0       0.94548772
  115   1   0       1.25274295
  115   2   1       2.85741754
  116   1   0       0.93152794
  117   1   0       0.94951798
  118   1   0       1.24782495
  118   2   1       2.84179036
  119   1   0       0.95440875
  120   1   0       0.96171109
  121   1   0       1.25630344
  121   2   1       2.93260033
  122   1   0       0.94151547
  123   1   0       0.94117519
  124   1   0       0.92975492
  125   1   0       1.26626755
  125   2   1       2.94325908
  126   1   0       0.93059058
  127   1   0       0.93579891
  128   1   0       0.93231012
  129   1   0       1.22636244
  129   2   1       2.87448601
  130   1   0       0.93924808
  131   1   0       0.94769829
  132   1   0       1.24724191
  132   2   1       2.88118107
  133   1   0       0.92565924
  134   1   0       0.94680714
  135   1   0       1.25832552
  135   2   1       2.86261504
  136   1   0       0.94523862
  137   1   0       0.93986169
  138   1   0       1.23875580
  138   2   1       2.88899351
  139   1   0       0.93882720
  140   1   0       0.92869095
  141   1   0       1.24159626
  141   2   1       2.90378776
  142   1   0       0.93278563
  143   1   0       0.94153476
  144   1   0       1.24352507
  144   2   1       2.82677751
  145   1   0       0.96240065
  146   1   0       0.94909219
  147   1   0       1.24107350
  147   2   1       2.85716126
  148   1   0       0.93843580
  149   1   0       0.97130126
  150   1   0       1.23523320
  150   2   1       2.86338968
  151   1   0       0.94641456
  152   1   0       0.94898514
  153   1   0       1.26360791
  153   2   1       2.93539016
  154   1   0       0.93878096
  155   1   0       0.93121819
  156   1   0       0.93351558
  157   1   0       1.25730560
  157   2   1       2.93714457
  158   1   0       0.94124942
  159   1   0       0.92383328
  160   1   0       0.94080005
  161   1   0       1.24566939
  161   2   1       2.86234999
  162   1   0       0.94435474
  163   1   0       0.94681868
  164   1   0       1.25391393
  164   2   1       2.84252862
  165   1   0       0.95940677
  166   1   0       0.94374955
  167   1   0       1.22565227
  167   2   1       2.89472761
  168   1   0       0.94244667
  169   1   0       0.92472447
  170   1   0       1.23841492
  170   2   1       2.89006404
  171   1   0       0.93771069
  172   1   0       0.94516254
  173   1   0       1.23414627
  173   2   1       2.88596811
  174   1   0       0.93126477
  175   1   0       0.92354090
  176   1   0       1.23630171
  176   2   1       2.89141497
  177   1   0       0.92109152
  178   1   0       0.96165241
  179   1   0       1.23965664
  179   2   1       2.87283239
  180   1   0       0.95691678
  181   1   0       0.93080258
  182   1   0       1.26814527
  182   2   1       2.80419197
  183   1   0       0.96813702
  184   1   0       0.95167972
  185   1   0       1.28108708
  185   2   1       2.90866978
  186   1   0       0.95474755
  187   1   0       0.93104238
  188   1   0       0.93771610
  189   1   0       1.26557027
  189   2   1       2.96175687
  190   1   0       0.92725178
  191   1   0       0.93202546
  192   1   0       0.92481089
  193   1   0       1.23685455
  193   2   1       2.84611843
  194   1   0       0.94656619
  195   1   0       0.95465963
  196   1   0       1.26385071
  196   2   1       2.83715925
  197   1   0       0.95785211
  198   1   0       0.96303932
  199   1   0       1.23462020
  199   2   1       2.87300173
  200   1   0       0.93918265
  201   1   0       0.94913579
  202   1   0       1.21320438
  202   2   1       2.89745466
  203   1   0       0.93724220
  204   1   0       0.93175020
  205   1   0       1.21936752
  205   2   1       2.86301470
  206   1   0       0.98098633
  207   1   0       0.95040945
  208   1   0       1.23001729
  208   2   1       2.87670444
  209   1   0       0.95609261
  210   1   0       0.93639000
  211   1   0       1.25053387
  211   2   1       2.83592165
  212   1   0       0.94689278
  213   1   0       0.95189056
  214   1   0       1.24007099
  214   2   1       2.85048194
  215   1   0       0.94929053
  216   1   0       0.94622879
  217   1   0       1.25484401
  217   2   1       2.94389476
  218   1   0       0.94186241
  219   1   0       0.94018545
  220   1   0       0.93177190
  221   1   0       1.27354822
  221   2   1       2.91847922
  222   1   0       0.93503796
  223   1   0       0.94785442
  224   1   0       0.94699588
  225   1   0       1.26248784
  225   2   1       2.84588100
  226   1   0       0.93680460
  227   1   0       0.94401064
  228   1   0       1.24888678
  228   2   1       2.87692636
  229   1   0       0.95107279
  230   1   0       0.92451181
  231   1   0       1.24930539
  231   2   1       2.84038040
  232   1   0       0.97234175
  233   1   0       0.96258635
  234   1   0       1.26176029
  234   2   1       2.85692661
  235   1   0       0.96776354
  236   1   0       0.92729837
  237   1   0       1.28532089
  237   2   1       2.82306911
  238   1   0       0.94170765
  239   1   0       0.94597659
  240   1   0       1.23168721
  240   2   1       2.84812663
  241   1   0       0.92299474
  242   1   0       0.93872462
  243   1   0       1.22564227
  243   2   1       2.83353304
  244   1   0       0.97085085
  245   1   0       0.93113683
  246   1   0       1.26380918
  246   2   1       2.98261784
  247   1   0       0.90434089
  248   1   0       0.88978165
  249   1   0       1.28252792
  249   2   1       2.91074776
  250   1   0       0.92282895
  251   1   0       0.94404306
  252   1   0       0.94084193
  253   1   0       1.34719498
  253   2   1       2.97494181
  254   1   0       0.95285651
  255   1   0       0.87038862
  256   1   0       0.88667431
  257   1   0       1.23124768
  257   2   1       2.88241410
  258   1   0       0.92049439
  259   1   0       0.95505087
  260   1   0       1.23423338
  260   2   1       2.85208365
  261   1   0       0.94507369
  262   1   0       0.95477176
  263   1   0       1.24412503
  263   2   1       2.86151886
  264   1   0       0.95940893
  265   1   0       0.93990097
  266   1   0       1.24107392
  266   2   1       2.86600954
  267   1   0       0.96523830
  268   1   0       0.94389727
  269   1   0       1.20669386
  269   2   1       2.87422530
  270   1   0       0.95837648
  271   1   0       0.94248840
  272   1   0       1.21452741
  272   2   1       2.89656871
  273   1   0       0.95461973
  274   1   0       0.93335217
  275   1   0       1.23356639
  275   2   1       2.85231122
  276   1   0       0.94152708
  277   1   0       0.95561861
  278   1   0       1.21555765
  278   2   1       2.87456424
  279   1   0       0.94882292
  280   1   0       0.94986179
  281   1   0       1.26299989
  281   2   1       2.96096773
  282   1   0       0.93535391
  283   1   0       0.92644303
  284   1   0       0.93694521
  285   1   0       1.25972788
  285   2   1       2.91726093
  286   1   0       0.93544844
  287   1   0       0.95243222
  288   1   0       0.96384886
  289   1   0       1.24593530
  289   2   1       2.83130046
  290   1   0       0.96006885
  291   1   0       0.94062005
  292   1   0       1.24546075
  292   2   1       2.86437291
  293   1   0       0.95669858
  294   1   0       0.93525638
  295   1   0       1.24795120
  295   2   1       2.84109770
  296   1   0       0.94905026
  297   1   0       0.95427576
  298   1   0       1.22815200
  298   2   1       2.87738710
  299   1   0       0.95502561
  300   1   0       0.94506973
  301   1   0       1.24582086
  301   2   1       2.85305323
  302   1   0       0.96101362
  303   1   0       0.95712717
  304   1   0       1.24759608
  304   2   1       2.85324358
  305   1   0       0.93922068
  306   1   0       0.93989998
  307   1   0       1.23630541
  307   2   1       2.89136701
  308   1   0       0.93172527
  309   1   0       0.94243467
  310   1   0       1.23972891
  310   2   1       2.86959429
  311   1   0       0.94900410
  312   1   0       0.94267376
  313   1   0       1.27094820
  313   2   1       2.92346297
  314   1   0       0.95376957
  315   1   0       0.93677873
  316   1   0       0.94028320
  317   1   0       1.26196794
  317   2   1       2.93193446
  318   1   0       0.93338349
  319   1   0       0.92654074
  320   1   0       0.94238819
  321   1   0       1.22874258
  321   2   1       2.86222478
  322   1   0       0.96929378
  323   1   0       0.92844210
  324   1   0       1.23930508
  324   2   1       2.87917953
  325   1   0       0.94337165
  326   1   0       0.93061764
  327   1   0       1.25493294
  327   2   1       2.85936553
  328   1   0       0.94848307
  329   1   0       0.94196770
  330   1   0       1.25189840
  330   2   1       2.85188849
  331   1   0       0.95327100
  332   1   0       0.93781184
  333   1   0       1.24856451
  333   2   1       2.87060930
  334   1   0       0.93166284
  335   1   0       0.94351379
  336   1   0       1.25610483
  336   2   1       2.85481658
  337   1   0       0.94882119
  338   1   0       0.94721195
  339   1   0       1.25989541
  339   2   1       2.85199146
  340   1   0       0.94847040
  341   1   0       0.93189763
  342   1   0       1.23580900
  342   2   1       2.85397349
  343   1   0       0.96650478
  344   1   0       0.93770065
  345   1   0       1.27890085
  345   2   1       2.91369129
  346   1   0       0.92383206
  347   1   0       0.93766308
  348   1   0       0.96094970
  349   1   0       1.26528286
  349   2   1       2.93055044
  350   1   0       0.92304678
  351   1   0       0.94266808
  352   1   0       0.95279941
 
Orbital populations (up)
 Atom Sh.   l   m       Population  Label
    1   1   0   0       1.22660526  s
    1   2   1  -1       0.95475816  p_y
    1   2   1   0       0.95026382  p_z
    1   2   1   1       0.95267256  p_x
    2   1   0   0       0.94875751  s
    3   1   0   0       0.93964546  s
    4   1   0   0       1.24109809  s
    4   2   1  -1       0.92938889  p_y
    4   2   1   0       0.97171794  p_z
    4   2   1   1       0.97277594  p_x
    5   1   0   0       0.93454727  s
    6   1   0   0       0.94867119  s
    7   1   0   0       1.25627526  s
    7   2   1  -1       0.97481288  p_y
    7   2   1   0       0.91644002  p_z
    7   2   1   1       0.96923828  p_x
    8   1   0   0       0.95297972  s
    9   1   0   0       0.94965305  s
   10   1   0   0       1.26264170  s
   10   2   1  -1       0.96435684  p_y
   10   2   1   0       0.93136600  p_z
   10   2   1   1       0.95536513  p_x
   11   1   0   0       0.94921894  s
   12   1   0   0       0.93920297  s
   13   1   0   0       1.23266263  s
   13   2   1  -1       0.94244062  p_y
   13   2   1   0       0.96024359  p_z
   13   2   1   1       0.97184312  p_x
   14   1   0   0       0.94443938  s
   15   1   0   0       0.94071396  s
   16   1   0   0       1.24575196  s
   16   2   1  -1       0.96705899  p_y
   16   2   1   0       0.92882674  p_z
   16   2   1   1       0.96353500  p_x
   17   1   0   0       0.95298224  s
   18   1   0   0       0.94012867  s
   19   1   0   0       1.23474966  s
   19   2   1  -1       0.94105190  p_y
   19   2   1   0       0.96906702  p_z
   19   2   1   1       0.98027743  p_x
   20   1   0   0       0.93438338  s
   21   1   0   0       0.94385495  s
   22   1   0   0       1.21894760  s
   22   2   1  -1       0.93183759  p_y
   22   2   1   0       0.94140692  p_z
   22   2   1   1       0.97535207  p_x
   23   1   0   0       0.96225914  s
   24   1   0   0       0.96255226  s
   25   1   0   0       1.25394175  s
   25   2   1  -1       0.99069409  p_y
   25   2   1   0       0.96862142  p_z
   25   2   1   1       0.99980651  p_x
   26   1   0   0       0.92245081  s
   27   1   0   0       0.93604367  s
   28   1   0   0       0.94212125  s
   29   1   0   0       1.25699901  s
   29   2   1  -1       0.95776671  p_y
   29   2   1   0       0.98129248  p_z
   29   2   1   1       0.98905106  p_x
   30   1   0   0       0.93160918  s
   31   1   0   0       0.94083611  s
   32   1   0   0       0.95087730  s
   33   1   0   0       1.22463267  s
   33   2   1  -1       0.95124636  p_y
   33   2   1   0       0.92960155  p_z
   33   2   1   1       0.98435127  p_x
   34   1   0   0       0.96021056  s
   35   1   0   0       0.94008381  s
   36   1   0   0       1.25070171  s
   36   2   1  -1       0.99183570  p_y
   36   2   1   0       0.93247027  p_z
   36   2   1   1       0.93558788  p_x
   37   1   0   0       0.96689016  s
   38   1   0   0       0.92698906  s
   39   1   0   0       1.24402617  s
   39   2   1  -1       0.95142086  p_y
   39   2   1   0       0.96573368  p_z
   39   2   1   1       0.95271548  p_x
   40   1   0   0       0.93520480  s
   41   1   0   0       0.92986150  s
   42   1   0   0       1.24643386  s
   42   2   1  -1       0.94679642  p_y
   42   2   1   0       0.92572350  p_z
   42   2   1   1       0.98492915  p_x
   43   1   0   0       0.94378407  s
   44   1   0   0       0.95512905  s
   45   1   0   0       1.26483561  s
   45   2   1  -1       0.96133391  p_y
   45   2   1   0       0.94007986  p_z
   45   2   1   1       0.92286568  p_x
   46   1   0   0       0.94708769  s
   47   1   0   0       0.97426214  s
   48   1   0   0       1.24907075  s
   48   2   1  -1       0.98462606  p_y
   48   2   1   0       0.96408389  p_z
   48   2   1   1       0.91625382  p_x
   49   1   0   0       0.92217346  s
   50   1   0   0       0.94578785  s
   51   1   0   0       1.23820482  s
   51   2   1  -1       0.96406048  p_y
   51   2   1   0       0.97378270  p_z
   51   2   1   1       0.94474715  p_x
   52   1   0   0       0.92829158  s
   53   1   0   0       0.95412676  s
   54   1   0   0       1.22799690  s
   54   2   1  -1       0.97160284  p_y
   54   2   1   0       0.92434232  p_z
   54   2   1   1       0.97359213  p_x
   55   1   0   0       0.94998799  s
   56   1   0   0       0.94366360  s
   57   1   0   0       1.25412167  s
   57   2   1  -1       1.00411097  p_y
   57   2   1   0       0.97089748  p_z
   57   2   1   1       0.97641037  p_x
   58   1   0   0       0.93118245  s
   59   1   0   0       0.94657349  s
   60   1   0   0       0.93955633  s
   61   1   0   0       1.25080064  s
   61   2   1  -1       0.98420511  p_y
   61   2   1   0       0.97629340  p_z
   61   2   1   1       0.99405694  p_x
   62   1   0   0       0.95526566  s
   63   1   0   0       0.91184021  s
   64   1   0   0       0.93707088  s
   65   1   0   0       1.25854966  s
   65   2   1  -1       0.96223335  p_y
   65   2   1   0       0.95321158  p_z
   65   2   1   1       0.92345086  p_x
   66   1   0   0       0.96586405  s
   67   1   0   0       0.95761074  s
   68   1   0   0       1.23333494  s
   68   2   1  -1       0.95575022  p_y
   68   2   1   0       0.99875645  p_z
   68   2   1   1       0.93252969  p_x
   69   1   0   0       0.94794974  s
   70   1   0   0       0.91957677  s
   71   1   0   0       1.23356545  s
   71   2   1  -1       0.94731852  p_y
   71   2   1   0       0.92898925  p_z
   71   2   1   1       0.98244984  p_x
   72   1   0   0       0.96143423  s
   73   1   0   0       0.94646191  s
   74   1   0   0       1.23516951  s
   74   2   1  -1       0.97476758  p_y
   74   2   1   0       0.93128206  p_z
   74   2   1   1       0.97429981  p_x
   75   1   0   0       0.94693893  s
   76   1   0   0       0.92845440  s
   77   1   0   0       1.25176589  s
   77   2   1  -1       0.98286921  p_y
   77   2   1   0       0.92391670  p_z
   77   2   1   1       0.96565768  p_x
   78   1   0   0       0.94691313  s
   79   1   0   0       0.94584145  s
   80   1   0   0       1.23438434  s
   80   2   1  -1       0.94777861  p_y
   80   2   1   0       0.95661719  p_z
   80   2   1   1       0.97611725  p_x
   81   1   0   0       0.94870876  s
   82   1   0   0       0.93423769  s
   83   1   0   0       1.24826865  s
   83   2   1  -1       0.93750284  p_y
   83   2   1   0       0.96206517  p_z
   83   2   1   1       0.96863646  p_x
   84   1   0   0       0.93250748  s
   85   1   0   0       0.93872622  s
   86   1   0   0       1.23810714  s
   86   2   1  -1       0.92956462  p_y
   86   2   1   0       0.95435825  p_z
   86   2   1   1       0.96988957  p_x
   87   1   0   0       0.94524275  s
   88   1   0   0       0.94228483  s
   89   1   0   0       1.26823262  s
   89   2   1  -1       0.97892337  p_y
   89   2   1   0       0.96460612  p_z
   89   2   1   1       1.00032660  p_x
   90   1   0   0       0.92969692  s
   91   1   0   0       0.92994286  s
   92   1   0   0       0.92164927  s
   93   1   0   0       1.26743076  s
   93   2   1  -1       0.94791323  p_y
   93   2   1   0       0.97600738  p_z
   93   2   1   1       0.98419840  p_x
   94   1   0   0       0.92669079  s
   95   1   0   0       0.96957309  s
   96   1   0   0       0.95628066  s
   97   1   0   0       1.22336252  s
   97   2   1  -1       0.93483949  p_y
   97   2   1   0       1.00140782  p_z
   97   2   1   1       0.94966270  p_x
   98   1   0   0       0.94928855  s
   99   1   0   0       0.93291845  s
  100   1   0   0       1.26036437  s
  100   2   1  -1       0.94148589  p_y
  100   2   1   0       0.97380058  p_z
  100   2   1   1       0.92882524  p_x
  101   1   0   0       0.96342531  s
  102   1   0   0       0.95207264  s
  103   1   0   0       1.23569603  s
  103   2   1  -1       1.01026310  p_y
  103   2   1   0       0.93303753  p_z
  103   2   1   1       0.94245556  p_x
  104   1   0   0       0.94742819  s
  105   1   0   0       0.93697806  s
  106   1   0   0       1.21881420  s
  106   2   1  -1       0.95083108  p_y
  106   2   1   0       0.91660858  p_z
  106   2   1   1       0.99031762  p_x
  107   1   0   0       0.96524582  s
  108   1   0   0       0.93935624  s
  109   1   0   0       1.21924441  s
  109   2   1  -1       0.94685019  p_y
  109   2   1   0       0.93875502  p_z
  109   2   1   1       0.97022476  p_x
  110   1   0   0       0.96385095  s
  111   1   0   0       0.95188056  s
  112   1   0   0       1.24557489  s
  112   2   1  -1       0.95999182  p_y
  112   2   1   0       0.91996708  p_z
  112   2   1   1       0.97381210  p_x
  113   1   0   0       0.96384985  s
  114   1   0   0       0.94548772  s
  115   1   0   0       1.25274295  s
  115   2   1  -1       0.95241152  p_y
  115   2   1   0       0.93897987  p_z
  115   2   1   1       0.96602615  p_x
  116   1   0   0       0.93152794  s
  117   1   0   0       0.94951798  s
  118   1   0   0       1.24782495  s
  118   2   1  -1       0.93641848  p_y
  118   2   1   0       0.92433702  p_z
  118   2   1   1       0.98103486  p_x
  119   1   0   0       0.95440875  s
  120   1   0   0       0.96171109  s
  121   1   0   0       1.25630344  s
  121   2   1  -1       0.98417794  p_y
  121   2   1   0       0.98054909  p_z
  121   2   1   1       0.96787331  p_x
  122   1   0   0       0.94151547  s
  123   1   0   0       0.94117519  s
  124   1   0   0       0.92975492  s
  125   1   0   0       1.26626755  s
  125   2   1  -1       0.96191006  p_y
  125   2   1   0       0.97839119  p_z
  125   2   1   1       1.00295784  p_x
  126   1   0   0       0.93059058  s
  127   1   0   0       0.93579891  s
  128   1   0   0       0.93231012  s
  129   1   0   0       1.22636244  s
  129   2   1  -1       0.97766433  p_y
  129   2   1   0       0.95725849  p_z
  129   2   1   1       0.93956319  p_x
  130   1   0   0       0.93924808  s
  131   1   0   0       0.94769829  s
  132   1   0   0       1.24724191  s
  132   2   1  -1       0.97917866  p_y
  132   2   1   0       0.97159062  p_z
  132   2   1   1       0.93041179  p_x
  133   1   0   0       0.92565924  s
  134   1   0   0       0.94680714  s
  135   1   0   0       1.25832552  s
  135   2   1  -1       0.96636736  p_y
  135   2   1   0       0.96989049  p_z
  135   2   1   1       0.92635720  p_x
  136   1   0   0       0.94523862  s
  137   1   0   0       0.93986169  s
  138   1   0   0       1.23875580  s
  138   2   1  -1       0.97959219  p_y
  138   2   1   0       0.97117579  p_z
  138   2   1   1       0.93822553  p_x
  139   1   0   0       0.93882720  s
  140   1   0   0       0.92869095  s
  141   1   0   0       1.24159626  s
  141   2   1  -1       1.00365281  p_y
  141   2   1   0       0.99265367  p_z
  141   2   1   1       0.90748128  p_x
  142   1   0   0       0.93278563  s
  143   1   0   0       0.94153476  s
  144   1   0   0       1.24352507  s
  144   2   1  -1       0.97161648  p_y
  144   2   1   0       0.93639225  p_z
  144   2   1   1       0.91876877  p_x
  145   1   0   0       0.96240065  s
  146   1   0   0       0.94909219  s
  147   1   0   0       1.24107350  s
  147   2   1  -1       0.95320686  p_y
  147   2   1   0       0.93543985  p_z
  147   2   1   1       0.96851454  p_x
  148   1   0   0       0.93843580  s
  149   1   0   0       0.97130126  s
  150   1   0   0       1.23523320  s
  150   2   1  -1       0.93149137  p_y
  150   2   1   0       0.94500225  p_z
  150   2   1   1       0.98689606  p_x
  151   1   0   0       0.94641456  s
  152   1   0   0       0.94898514  s
  153   1   0   0       1.26360791  s
  153   2   1  -1       0.98629245  p_y
  153   2   1   0       0.98962720  p_z
  153   2   1   1       0.95947051  p_x
  154   1   0   0       0.93878096  s
  155   1   0   0       0.93121819  s
  156   1   0   0       0.93351558  s
  157   1   0   0       1.25730560  s
  157   2   1  -1       0.99346571  p_y
  157   2   1   0       0.97913822  p_z
  157   2   1   1       0.96454064  p_x
  158   1   0   0       0.94124942  s
  159   1   0   0       0.92383328  s
  160   1   0   0       0.94080005  s
  161   1   0   0       1.24566939  s
  161   2   1  -1       0.97683925  p_y
  161   2   1   0       0.93222875  p_z
  161   2   1   1       0.95328198  p_x
  162   1   0   0       0.94435474  s
  163   1   0   0       0.94681868  s
  164   1   0   0       1.25391393  s
  164   2   1  -1       0.96750104  p_y
  164   2   1   0       0.93326810  p_z
  164   2   1   1       0.94175948  p_x
  165   1   0   0       0.95940677  s
  166   1   0   0       0.94374955  s
  167   1   0   0       1.22565227  s
  167   2   1  -1       0.99085603  p_y
  167   2   1   0       0.91699327  p_z
  167   2   1   1       0.98687831  p_x
  168   1   0   0       0.94244667  s
  169   1   0   0       0.92472447  s
  170   1   0   0       1.23841492  s
  170   2   1  -1       0.98623337  p_y
  170   2   1   0       0.96574922  p_z
  170   2   1   1       0.93808144  p_x
  171   1   0   0       0.93771069  s
  172   1   0   0       0.94516254  s
  173   1   0   0       1.23414627  s
  173   2   1  -1       0.96417603  p_y
  173   2   1   0       0.95420270  p_z
  173   2   1   1       0.96758938  p_x
  174   1   0   0       0.93126477  s
  175   1   0   0       0.92354090  s
  176   1   0   0       1.23630171  s
  176   2   1  -1       0.92056280  p_y
  176   2   1   0       0.96632389  p_z
  176   2   1   1       1.00452828  p_x
  177   1   0   0       0.92109152  s
  178   1   0   0       0.96165241  s
  179   1   0   0       1.23965664  s
  179   2   1  -1       0.94857906  p_y
  179   2   1   0       0.96207185  p_z
  179   2   1   1       0.96218148  p_x
  180   1   0   0       0.95691678  s
  181   1   0   0       0.93080258  s
  182   1   0   0       1.26814527  s
  182   2   1  -1       0.92759549  p_y
  182   2   1   0       0.94827952  p_z
  182   2   1   1       0.92831696  p_x
  183   1   0   0       0.96813702  s
  184   1   0   0       0.95167972  s
  185   1   0   0       1.28108708  s
  185   2   1  -1       0.99410631  p_y
  185   2   1   0       0.95978616  p_z
  185   2   1   1       0.95477731  p_x
  186   1   0   0       0.95474755  s
  187   1   0   0       0.93104238  s
  188   1   0   0       0.93771610  s
  189   1   0   0       1.26557027  s
  189   2   1  -1       0.97822724  p_y
  189   2   1   0       1.01350728  p_z
  189   2   1   1       0.97002235  p_x
  190   1   0   0       0.92725178  s
  191   1   0   0       0.93202546  s
  192   1   0   0       0.92481089  s
  193   1   0   0       1.23685455  s
  193   2   1  -1       0.94002707  p_y
  193   2   1   0       0.97437268  p_z
  193   2   1   1       0.93171868  p_x
  194   1   0   0       0.94656619  s
  195   1   0   0       0.95465963  s
  196   1   0   0       1.26385071  s
  196   2   1  -1       0.95154174  p_y
  196   2   1   0       0.96782776  p_z
  196   2   1   1       0.91778975  p_x
  197   1   0   0       0.95785211  s
  198   1   0   0       0.96303932  s
  199   1   0   0       1.23462020  s
  199   2   1  -1       0.95943105  p_y
  199   2   1   0       0.96567885  p_z
  199   2   1   1       0.94789184  p_x
  200   1   0   0       0.93918265  s
  201   1   0   0       0.94913579  s
  202   1   0   0       1.21320438  s
  202   2   1  -1       0.98777627  p_y
  202   2   1   0       0.94029963  p_z
  202   2   1   1       0.96937876  p_x
  203   1   0   0       0.93724220  s
  204   1   0   0       0.93175020  s
  205   1   0   0       1.21936752  s
  205   2   1  -1       0.95378583  p_y
  205   2   1   0       0.94065705  p_z
  205   2   1   1       0.96857182  p_x
  206   1   0   0       0.98098633  s
  207   1   0   0       0.95040945  s
  208   1   0   0       1.23001729  s
  208   2   1  -1       0.94613013  p_y
  208   2   1   0       0.94188525  p_z
  208   2   1   1       0.98868906  p_x
  209   1   0   0       0.95609261  s
  210   1   0   0       0.93639000  s
  211   1   0   0       1.25053387  s
  211   2   1  -1       0.95359204  p_y
  211   2   1   0       0.93742501  p_z
  211   2   1   1       0.94490460  p_x
  212   1   0   0       0.94689278  s
  213   1   0   0       0.95189056  s
  214   1   0   0       1.24007099  s
  214   2   1  -1       0.95241509  p_y
  214   2   1   0       0.94522965  p_z
  214   2   1   1       0.95283720  p_x
  215   1   0   0       0.94929053  s
  216   1   0   0       0.94622879  s
  217   1   0   0       1.25484401  s
  217   2   1  -1       0.96571906  p_y
  217   2   1   0       1.02310870  p_z
  217   2   1   1       0.95506701  p_x
  218   1   0   0       0.94186241  s
  219   1   0   0       0.94018545  s
  220   1   0   0       0.93177190  s
  221   1   0   0       1.27354822  s
  221   2   1  -1       0.95529643  p_y
  221   2   1   0       0.96592665  p_z
  221   2   1   1       0.99725615  p_x
  222   1   0   0       0.93503796  s
  223   1   0   0       0.94785442  s
  224   1   0   0       0.94699588  s
  225   1   0   0       1.26248784  s
  225   2   1  -1       0.95635374  p_y
  225   2   1   0       0.97166029  p_z
  225   2   1   1       0.91786697  p_x
  226   1   0   0       0.93680460  s
  227   1   0   0       0.94401064  s
  228   1   0   0       1.24888678  s
  228   2   1  -1       0.95082755  p_y
  228   2   1   0       0.92456289  p_z
  228   2   1   1       1.00153592  p_x
  229   1   0   0       0.95107279  s
  230   1   0   0       0.92451181  s
  231   1   0   0       1.24930539  s
  231   2   1  -1       0.93866964  p_y
  231   2   1   0       0.92593499  p_z
  231   2   1   1       0.97577577  p_x
  232   1   0   0       0.97234175  s
  233   1   0   0       0.96258635  s
  234   1   0   0       1.26176029  s
  234   2   1  -1       0.94421904  p_y
  234   2   1   0       0.93111313  p_z
  234   2   1   1       0.98159444  p_x
  235   1   0   0       0.96776354  s
  236   1   0   0       0.92729837  s
  237   1   0   0       1.28532089  s
  237   2   1  -1       0.93120135  p_y
  237   2   1   0       0.93415191  p_z
  237   2   1   1       0.95771585  p_x
  238   1   0   0       0.94170765  s
  239   1   0   0       0.94597659  s
  240   1   0   0       1.23168721  s
  240   2   1  -1       0.93003438  p_y
  240   2   1   0       0.95119548  p_z
  240   2   1   1       0.96689677  p_x
  241   1   0   0       0.92299474  s
  242   1   0   0       0.93872462  s
  243   1   0   0       1.22564227  s
  243   2   1  -1       0.94722074  p_y
  243   2   1   0       0.91786535  p_z
  243   2   1   1       0.96844696  p_x
  244   1   0   0       0.97085085  s
  245   1   0   0       0.93113683  s
  246   1   0   0       1.26380918  s
  246   2   1  -1       0.99602105  p_y
  246   2   1   0       0.95223296  p_z
  246   2   1   1       1.03436383  p_x
  247   1   0   0       0.90434089  s
  248   1   0   0       0.88978165  s
  249   1   0   0       1.28252792  s
  249   2   1  -1       0.97326911  p_y
  249   2   1   0       0.99285819  p_z
  249   2   1   1       0.94462046  p_x
  250   1   0   0       0.92282895  s
  251   1   0   0       0.94404306  s
  252   1   0   0       0.94084193  s
  253   1   0   0       1.34719498  s
  253   2   1  -1       1.03114573  p_y
  253   2   1   0       1.01016527  p_z
  253   2   1   1       0.93363081  p_x
  254   1   0   0       0.95285651  s
  255   1   0   0       0.87038862  s
  256   1   0   0       0.88667431  s
  257   1   0   0       1.23124768  s
  257   2   1  -1       0.96068283  p_y
  257   2   1   0       0.96491033  p_z
  257   2   1   1       0.95682094  p_x
  258   1   0   0       0.92049439  s
  259   1   0   0       0.95505087  s
  260   1   0   0       1.23423338  s
  260   2   1  -1       0.93939263  p_y
  260   2   1   0       0.96246309  p_z
  260   2   1   1       0.95022792  p_x
  261   1   0   0       0.94507369  s
  262   1   0   0       0.95477176  s
  263   1   0   0       1.24412503  s
  263   2   1  -1       0.92655135  p_y
  263   2   1   0       0.98563236  p_z
  263   2   1   1       0.94933515  p_x
  264   1   0   0       0.95940893  s
  265   1   0   0       0.93990097  s
  266   1   0   0       1.24107392  s
  266   2   1  -1       0.97141760  p_y
  266   2   1   0       0.94088220  p_z
  266   2   1   1       0.95370973  p_x
  267   1   0   0       0.96523830  s
  268   1   0   0       0.94389727  s
  269   1   0   0       1.20669386  s
  269   2   1  -1       0.93860956  p_y
  269   2   1   0       0.94281005  p_z
  269   2   1   1       0.99280569  p_x
  270   1   0   0       0.95837648  s
  271   1   0   0       0.94248840  s
  272   1   0   0       1.21452741  s
  272   2   1  -1       0.95989827  p_y
  272   2   1   0       0.94690035  p_z
  272   2   1   1       0.98977008  p_x
  273   1   0   0       0.95461973  s
  274   1   0   0       0.93335217  s
  275   1   0   0       1.23356639  s
  275   2   1  -1       0.97229724  p_y
  275   2   1   0       0.94758923  p_z
  275   2   1   1       0.93242475  p_x
  276   1   0   0       0.94152708  s
  277   1   0   0       0.95561861  s
  278   1   0   0       1.21555765  s
  278   2   1  -1       0.99305609  p_y
  278   2   1   0       0.92979229  p_z
  278   2   1   1       0.95171586  p_x
  279   1   0   0       0.94882292  s
  280   1   0   0       0.94986179  s
  281   1   0   0       1.26299989  s
  281   2   1  -1       1.00378803  p_y
  281   2   1   0       0.96814384  p_z
  281   2   1   1       0.98903586  p_x
  282   1   0   0       0.93535391  s
  283   1   0   0       0.92644303  s
  284   1   0   0       0.93694521  s
  285   1   0   0       1.25972788  s
  285   2   1  -1       0.99012183  p_y
  285   2   1   0       0.94013097  p_z
  285   2   1   1       0.98700813  p_x
  286   1   0   0       0.93544844  s
  287   1   0   0       0.95243222  s
  288   1   0   0       0.96384886  s
  289   1   0   0       1.24593530  s
  289   2   1  -1       0.94483631  p_y
  289   2   1   0       0.94397343  p_z
  289   2   1   1       0.94249072  p_x
  290   1   0   0       0.96006885  s
  291   1   0   0       0.94062005  s
  292   1   0   0       1.24546075  s
  292   2   1  -1       0.96513014  p_y
  292   2   1   0       0.94282195  p_z
  292   2   1   1       0.95642083  p_x
  293   1   0   0       0.95669858  s
  294   1   0   0       0.93525638  s
  295   1   0   0       1.24795120  s
  295   2   1  -1       0.95798709  p_y
  295   2   1   0       0.96845474  p_z
  295   2   1   1       0.91465588  p_x
  296   1   0   0       0.94905026  s
  297   1   0   0       0.95427576  s
  298   1   0   0       1.22815200  s
  298   2   1  -1       0.97498103  p_y
  298   2   1   0       0.97435486  p_z
  298   2   1   1       0.92805121  p_x
  299   1   0   0       0.95502561  s
  300   1   0   0       0.94506973  s
  301   1   0   0       1.24582086  s
  301   2   1  -1       0.97297100  p_y
  301   2   1   0       0.95020662  p_z
  301   2   1   1       0.92987561  p_x
  302   1   0   0       0.96101362  s
  303   1   0   0       0.95712717  s
  304   1   0   0       1.24759608  s
  304   2   1  -1       0.95747927  p_y
  304   2   1   0       0.97561924  p_z
  304   2   1   1       0.92014507  p_x
  305   1   0   0       0.93922068  s
  306   1   0   0       0.93989998  s
  307   1   0   0       1.23630541  s
  307   2   1  -1       0.94537752  p_y
  307   2   1   0       0.97051041  p_z
  307   2   1   1       0.97547907  p_x
  308   1   0   0       0.93172527  s
  309   1   0   0       0.94243467  s
  310   1   0   0       1.23972891  s
  310   2   1  -1       0.95913563  p_y
  310   2   1   0       0.95735820  p_z
  310   2   1   1       0.95310045  p_x
  311   1   0   0       0.94900410  s
  312   1   0   0       0.94267376  s
  313   1   0   0       1.27094820  s
  313   2   1  -1       0.95370116  p_y
  313   2   1   0       0.98198381  p_z
  313   2   1   1       0.98777800  p_x
  314   1   0   0       0.95376957  s
  315   1   0   0       0.93677873  s
  316   1   0   0       0.94028320  s
  317   1   0   0       1.26196794  s
  317   2   1  -1       0.99502434  p_y
  317   2   1   0       0.95921757  p_z
  317   2   1   1       0.97769255  p_x
  318   1   0   0       0.93338349  s
  319   1   0   0       0.92654074  s
  320   1   0   0       0.94238819  s
  321   1   0   0       1.22874258  s
  321   2   1  -1       0.94296209  p_y
  321   2   1   0       0.93551764  p_z
  321   2   1   1       0.98374505  p_x
  322   1   0   0       0.96929378  s
  323   1   0   0       0.92844210  s
  324   1   0   0       1.23930508  s
  324   2   1  -1       0.95943264  p_y
  324   2   1   0       0.94916940  p_z
  324   2   1   1       0.97057749  p_x
  325   1   0   0       0.94337165  s
  326   1   0   0       0.93061764  s
  327   1   0   0       1.25493294  s
  327   2   1  -1       0.96400478  p_y
  327   2   1   0       0.93164418  p_z
  327   2   1   1       0.96371657  p_x
  328   1   0   0       0.94848307  s
  329   1   0   0       0.94196770  s
  330   1   0   0       1.25189840  s
  330   2   1  -1       0.95933856  p_y
  330   2   1   0       0.93764649  p_z
  330   2   1   1       0.95490345  p_x
  331   1   0   0       0.95327100  s
  332   1   0   0       0.93781184  s
  333   1   0   0       1.24856451  s
  333   2   1  -1       0.94143048  p_y
  333   2   1   0       0.95518632  p_z
  333   2   1   1       0.97399251  p_x
  334   1   0   0       0.93166284  s
  335   1   0   0       0.94351379  s
  336   1   0   0       1.25610483  s
  336   2   1  -1       0.93717116  p_y
  336   2   1   0       0.93379235  p_z
  336   2   1   1       0.98385307  p_x
  337   1   0   0       0.94882119  s
  338   1   0   0       0.94721195  s
  339   1   0   0       1.25989541  s
  339   2   1  -1       0.97153516  p_y
  339   2   1   0       0.93110984  p_z
  339   2   1   1       0.94934646  p_x
  340   1   0   0       0.94847040  s
  341   1   0   0       0.93189763  s
  342   1   0   0       1.23580900  s
  342   2   1  -1       0.96694281  p_y
  342   2   1   0       0.94685058  p_z
  342   2   1   1       0.94018010  p_x
  343   1   0   0       0.96650478  s
  344   1   0   0       0.93770065  s
  345   1   0   0       1.27890085  s
  345   2   1  -1       0.95687384  p_y
  345   2   1   0       1.00067065  p_z
  345   2   1   1       0.95614680  p_x
  346   1   0   0       0.92383206  s
  347   1   0   0       0.93766308  s
  348   1   0   0       0.96094970  s
  349   1   0   0       1.26528286  s
  349   2   1  -1       0.97066994  p_y
  349   2   1   0       0.95531941  p_z
  349   2   1   1       1.00456109  p_x
  350   1   0   0       0.92304678  s
  351   1   0   0       0.94266808  s
  352   1   0   0       0.95279941  s
 
Fermi level:                        -0.1516526296 H           -4.1267 eV
Band energy:                      -278.0915912258 H        -7567.2572 eV
TS:                                  0.0000000000 H            0.0000 eV
Band free energy (E-TS):          -278.0915912258 H        -7567.2572 eV
Extrapolated E(0K):               -278.0915912258 H        -7567.2572 eV
Input / Output electrons (q):    682.0000000000    682.0000000000
 
Energy H0:                        -282.6990817671 H        -7692.6334 eV
Energy SCC:                          0.0761563165 H            2.0723 eV
Total Electronic energy:          -282.6229254507 H        -7690.5611 eV
Repulsive energy:                    4.5767976532 H          124.5410 eV
Dispersion energy:                   1.1000325553 H           29.9334 eV
Total energy:                     -276.9460952422 H        -7536.0867 eV
Extrapolated to 0:                -276.9460952422 H        -7536.0867 eV
Total Mermin free energy:         -276.9460952422 H        -7536.0867 eV
Force related energy:             -276.9460952422 H        -7536.0867 eV
 
SCC converged
 
Full geometry written in geo_end.{xyz|gen}
 
MD Kinetic Energy:                   0.8525590658 H
Total MD Energy:                  -276.0935361764 H
Pressure:                           -0.135251E-04 au    -0.397921E+09 Pa
MD Temperature:                      0.0016192955 H          511.3325 K
MD Kinetic Energy:                   0.8525590658 H
Total MD Energy:                  -276.0935361764 H        -7512.8874 eV
MD Temperature:                      0.0016192955 H          511.3325 K
 
Molecular dynamics completed
 
