 Fermi distribution function
 
MD step: 50000
 

********************************************************************************
 iSCC Total electronic   Diff electronic      SCC error    
    6   -0.28235941E+03    0.51159077E-12    0.63903779E-06
********************************************************************************
 
Coordinates of moved atoms (au):
    1     72.26073389     56.41711007     69.87399652
    2     72.57342636     58.37023213     69.13694842
    3     72.13497587     55.36466772     68.04882310
    4     74.54097379     84.32805782     71.36620720
    5     74.02572931     82.21847549     71.91360335
    6     45.63874632     85.32093841     73.26979513
    7     76.93236491     84.49968313     69.90596371
    8     48.14186457     86.56668282     69.31715195
    9     76.74499850     83.54845223     67.91032993
   10     50.59889584     83.85196943     70.89418935
   11     50.83891454     81.88092778     70.88232684
   12     50.51359083     84.42281819     72.91010402
   13     81.73637952     84.95150624     69.24594819
   14     83.39900529     84.30797894     70.43216940
   15     81.82930688     87.09201869     69.30005574
   16     52.89654895     83.85243604     66.56526261
   17     51.60153589     84.72597611     65.14528585
   18     52.31461092     81.82060119     66.50371537
   19     84.59033229     84.17238406     65.43732328
   20     86.10212806     83.72032702     66.73230986
   21     84.71901118     86.19929018     65.33950041
   22     84.78664367     82.84633875     62.81176701
   23     57.00134476     83.91980403     61.46920737
   24     53.89016319     82.74804676     61.89132967
   25     69.58765143     56.31222614     71.23737427
   26     69.61200799     54.38168120     72.36456169
   27     68.98276360     57.96836652     72.62573056
   28     68.19291308     56.17383552     69.72609075
   29     85.97263472     80.28955100     62.75515292
   30     87.92379423     80.63186774     62.47295831
   31     86.16631249     79.50258856     64.65981547
   32     84.96363305     78.98840154     61.40515430
   33     49.80696441     62.95093202     69.41347104
   34     47.83131930     63.33824071     69.26177238
   35     50.20850135     61.40334373     70.58134943
   36     50.79179502     62.11930257     66.73701359
   37     50.35954894     60.11626888     66.20900328
   38     52.77573533     62.14784509     66.96417639
   39     50.29787944     63.91095139     64.47557480
   40     49.16004306     65.65183593     64.86748424
   41     49.11231595     62.82529531     63.13947965
   42     52.77526669     64.55141158     63.20399355
   43     82.98493505     65.78306271     64.31325558
   44     52.36700276     65.85174163     61.65832328
   45     54.20779813     62.01288827     62.46014148
   46     52.61980268     60.65006535     62.24563189
   47     84.29432971     61.30356669     64.18061801
   48     84.85957011     61.91398681     60.16807271
   49     86.38178261     63.54612553     60.17518150
   50     83.91561344     62.47011066     58.26358872
   51     57.38678828     59.38794753     59.44615719
   52     56.21604078     58.16902984     58.25403692
   53     57.40123716     58.58418390     61.44241557
   54     88.76261798     59.94116227     86.98069955
   55     89.60873719     58.03186389     86.59782224
   56     90.33105392     60.75909499     88.16502573
   57     51.36135979     65.09952414     70.53184009
   58     53.11680960     64.17709144     70.93606831
   59     51.43794000     66.68830351     69.42019074
   60     50.24954809     65.64577227     72.20749508
   61     59.79158612     61.40171038     84.55251617
   62     61.15253209     60.50572626     83.29875446
   63     57.99158439     61.42002723     83.47612985
   64     60.33856186     63.44861192     84.78844186
   65     67.15562407     76.76441556     64.88460002
   66     66.62741814     74.74067888     65.20219003
   67     68.35311312     76.88165489     63.20291112
   68     64.83762852     78.58948012     64.77177029
   69     64.80971308     80.58544698     65.65777838
   70     63.10663651     77.70822828     65.77913716
   71     63.96380808     79.27551501     62.15253798
   72     65.50438888     80.42781534     61.10664232
   73     62.16969295     80.60271426     62.27676808
   74     62.91624662     48.16951160     60.37314657
   75     60.90833809     48.00998575     60.86740152
   76     63.70192284     46.18737031     60.74589022
   77     63.24229166     48.76493657     57.49140050
   78     65.28298357     77.85038436     57.12570951
   79     62.33670866     79.52913073     57.19991451
   80     61.98188429     46.93697395     55.73288699
   81     59.75620243     46.72475372     56.28291283
   82     62.79037050     44.95630617     55.90335363
   83     62.20420189     47.49665974     53.04730687
   84     60.92315711     48.97845541     52.46814235
   85     61.30589278     45.70227684     52.17010058
   86     64.78889659     47.85677216     51.66975341
   87     66.19223237     46.43271457     52.10523860
   88     65.73562643     49.67627618     52.38841166
   89     68.87028292     77.59774392     67.15206802
   90     70.64129955     76.45514388     67.10080537
   91     69.41544970     79.51335780     66.94665545
   92     67.89292280     77.32443089     69.07794720
   93     64.01078212     48.15907208     48.83461726
   94     62.48230958     46.92766856     48.00964876
   95     63.32332603     50.09544953     48.39697231
   96     65.65805837     47.64462641     47.73393323
   97     55.89520859     67.58363282     84.74898124
   98     56.42183286     66.80754668     82.75386798
   99     56.81360900     66.22758187     86.09038033
  100     56.49119561     70.29999288     85.09725414
  101     54.90846799     71.58217263     84.55408103
  102     58.12477011     70.61679070     83.81085294
  103     57.24275890     71.09700406     87.64318832
  104     57.27070426     73.24811465     87.68097061
  105     59.06871248     70.22747970     88.13216889
  106     54.92366914     70.67238464     60.74725497
  107     55.61346997     69.05857146     61.94861248
  108     53.20409911     70.03690205     59.83592699
  109     54.56164873     73.11987091     62.46594439
  110     52.98296550     74.23092507     61.36386916
  111     56.07473601     74.34532993     62.98076591
  112     52.94216202     72.01292326     64.69730137
  113     53.71904028     70.27446220     65.34938539
  114     51.12597930     71.56488723     63.72527682
  115     77.66974592     60.97217434     56.52615621
  116     69.24946395     80.18797663     54.54464476
  117     70.87618486     80.24169802     54.08671366
  118     52.53238936     73.88146808     66.88072446
  119     54.34551686     74.50524062     68.05020129
  120     51.57008333     72.86825920     68.59008449
  121     53.09735625     66.81873207     84.81434740
  122     52.50964429     66.97534401     86.98240325
  123     51.79755998     67.76488726     83.09695813
  124     53.35146492     64.67930985     84.61639309
  125     50.90514945     76.27000361     65.74484433
  126     51.95831345     77.83173298     64.77262612
  127     49.76881356     75.64132580     64.19509863
  128     49.70594679     76.98087056     67.29711575
  129     68.50630938     66.32567820     57.46540623
  130     69.60027067     67.76261957     58.57629073
  131     69.89508831     65.17624014     56.38031102
  132     66.79510934     64.55445364     59.04583674
  133     67.78549886     63.68167752     60.73656865
  134     66.49677202     62.79804680     57.94708458
  135     64.22298255     65.49104809     59.93245013
  136     63.34152444     64.04056721     61.17993149
  137     62.75673529     65.60484916     58.45001159
  138     64.51856547     68.21886519     61.25653216
  139     63.99381629     69.67693315     59.81609203
  140     66.35335214     68.46461694     62.09030046
  141     62.60300591     68.39199095     63.28309535
  142     63.37256745     67.32842261     64.93257881
  143     60.81530944     67.47831589     62.70702432
  144     62.05057986     70.87393979     64.67710312
  145     61.12479360     72.27865787     63.41730711
  146     63.79801532     71.80260064     65.24984540
  147     60.50746531     70.42773969     67.11840453
  148     62.03744470     69.69651448     68.49825554
  149     59.17434265     68.71726945     67.03174390
  150     59.24431782     72.76308819     68.39288625
  151     57.80490888     73.26682369     67.00939192
  152     60.66050590     74.39411180     68.45346893
  153     67.05352751     67.78912859     55.62566148
  154     68.33285765     39.20903712     54.04841359
  155     65.38234540     67.00080115     54.58535968
  156     66.27618109     69.57656410     56.40933288
  157     57.97629579     72.32567075     70.88189904
  158     56.34640509     73.60374356     71.43367365
  159     57.29885976     70.34180138     71.03772162
  160     59.70425184     72.43477671     72.23078707
  161     80.75206994     48.47630919     55.96015973
  162     70.75709031     57.33840427     59.08903996
  163     80.64265560     46.44107827     55.38926922
  164     82.33576675     50.23225041     54.73020312
  165     83.70534922     49.57811412     53.45682016
  166     77.91570730     62.92570762     57.72418166
  167     82.60671956     53.11282345     54.86698575
  168     84.66051885     53.44891208     55.03590607
  169     81.77515655     53.90914368     56.64554212
  170     81.45279169     54.24143059     52.39584842
  171     82.73688308     54.37909120     50.82084638
  172     81.03280920     56.23501985     52.46805418
  173     79.13329051     81.79471907     51.58013491
  174     78.14243270     81.46319329     53.40468783
  175     79.65156964     51.04499126     50.71071315
  176     77.43918353     82.97975856     49.54219820
  177     78.16390277     82.27510165     47.75725954
  178     77.38446671     84.87811266     48.98955853
  179     74.56321644     82.15070022     50.40287015
  180     73.06584508     83.68307650     50.12911858
  181     74.89607325     82.26193766     52.46454570
  182     73.78011909     79.47015094     49.57473743
  183     73.80818376     78.20031480     51.27426485
  184     75.24036890     78.77877976     48.26803568
  185     79.06636285     48.93788518     58.10544009
  186     79.88578719     50.43720467     59.53465004
  187     77.16860156     49.56136387     57.58082631
  188     78.64986389     47.33138895     88.29348223
  189     71.20800315     79.46714956     48.45125934
  190     70.86973046     80.96628204     47.10966046
  191     70.70173559     77.56057554     47.81698493
  192     69.66686822     79.57027060     49.84762823
  193     66.78973362     43.18702953     72.45169130
  194     65.66726805     41.91482545     73.77665479
  195     65.70763839     73.98006501     72.21024558
  196     69.30114619     43.82312062     73.92152956
  197     68.54237548     45.05172787     75.77980953
  198     70.23611211     74.10346569     72.65155771
  199     70.99951744     41.50699762     74.47170379
  200     72.52010056     41.41962306     73.00181725
  201     69.75582946     39.90026573     74.34758434
  202     72.19472665     41.44903088     77.15882600
  203     73.03910482     39.41685347     77.84642902
  204     70.72577464     41.73524004     78.66170660
  205     74.57291885     43.32196798     77.45249901
  206     74.59183019     43.88812136     79.52965786
  207     74.07768567     45.20340573     76.68074974
  208     77.11357465     42.16140805     76.82901775
  209     77.15670835     41.08173535     75.07163775
  210     77.71373101     40.99738261     78.36027579
  211     78.96163981     73.39342250     76.63038410
  212     80.78764873     72.61265833     77.08149087
  213     78.64891203     74.79075606     78.17277371
  214     79.31710931     74.59311571     74.10465636
  215     80.26798969     73.30579503     72.80810399
  216     80.89425330     76.14422316     74.15346456
  217     66.99002449     41.69140091     69.99639946
  218     65.42970663     41.82594842     39.73382633
  219     68.68299102     42.08244778     40.03990177
  220     67.36958088     39.71850015     70.42389554
  221     77.15705780     75.74928150     72.65785650
  222     76.50601811     77.62984911     73.54800363
  223     77.65968926     76.19859464     70.62526976
  224     75.50832854     74.61064626     72.45839449
  225     53.84053472     91.30511409     78.73228826
  226     53.77771228     91.59505066     80.77346807
  227     54.97146342     92.91907170     77.78749736
  228     55.35529727     59.84142639     78.44836661
  229     53.96637088     58.33884398     78.58965206
  230     56.71329111     59.67781361     80.04717291
  231     57.12149812     88.32566381     75.99511626
  232     57.00082928     89.96799517     74.89807332
  233     56.22442775     86.75496597     75.12097279
  234     59.82644066     87.57514449     77.07977604
  235     59.75750545     85.82200211     78.27829692
  236     60.42535823     88.93622486     78.46306632
  237     61.93399005     87.46831852     75.01421501
  238     63.75002562     86.97934896     75.98816476
  239     62.23444321     60.39181052     74.11427832
  240     61.76063752     85.66235352     72.71735705
  241     63.16632786     57.20828973     71.38766780
  242     60.13208014     57.22136402     71.76393533
  243     61.76713890     82.81571599     73.25035550
  244     60.19537753     82.16040090     74.50679443
  245     63.81827985     82.46167071     74.12189917
  246     61.68686514     81.49928832     70.56868557
  247     63.16734789     80.20812408     70.41075800
  248     61.75290147     82.83297776     68.88489430
  249     51.14548238     62.02269602     77.79046777
  250     51.00788952     61.59546580     75.69163695
  251     50.07189465     60.52112648     78.72259840
  252     50.12371176     63.79309898     78.18247257
  253     59.07787993     80.28378537     70.56431875
  254     58.35752537     79.29090708     68.77196946
  255     58.90253531     78.72233230     71.95346572
  256     57.60397743     81.72554166     99.85975874
  257     69.90933768     63.39209111     71.08865914
  258     71.24143907     62.35208192     72.15439547
  259     69.92102130     65.27657054     71.86189985
  260     71.12594298     63.09967195     68.48888423
  261     70.35874502     61.29795451     67.76585631
  262     73.17456565     62.58751593     68.69105099
  263     70.39169364     65.32742370     66.70776595
  264     69.81763487     67.00521760     67.83724735
  265     69.11318034     65.46549083     65.01423650
  266     72.76595415     66.41924160     65.40388007
  267     73.64819873     64.91236057     64.32869686
  268     74.37182023     66.70983746     66.70671869
  269     72.38046258     68.86765900     63.35500933
  270     71.79925980     70.62987398     64.40646074
  271     70.78890499     68.05214243     62.31325122
  272     74.75804573     69.15551322     61.94614192
  273     75.09454619     67.36926656     61.07750769
  274     75.88563071     69.87366522     63.50857935
  275     75.08598339     71.16512922     59.84098638
  276     76.74972114     72.32901733     60.19014849
  277     73.49254369     72.68381646     60.09748950
  278     75.31799264     70.28492216     57.03858995
  279     76.49785706     71.76105043     56.23357321
  280     73.45656574     70.99349846     56.12941401
  281     67.21656488     62.54059786     71.52130362
  282     65.94430263     63.63829383     70.13868232
  283     66.81397498     60.48186205     70.91068646
  284     66.68240709     63.17977610     73.42969694
  285     76.47667718     67.65196150     56.65806285
  286     77.35260702     67.70178885     54.83392978
  287     77.88153509     67.39094893     58.25537801
  288     74.91951287     66.10930709     56.80694679
  289     65.13289705     56.83978567     83.65612453
  290     66.52261473     55.90262718     84.86729095
  291     63.80879333     57.24067924     85.14611399
  292     66.17419865     59.12421991     82.47211984
  293     66.62421149     60.54189540     83.80903463
  294     64.69295580     59.91664822     81.31267100
  295     68.41246491     58.54286090     80.58610263
  296     67.29941756     57.69917476     78.77657379
  297     69.37373208     57.21335533     52.76093127
  298     70.12294975     60.77978592     50.52228790
  299     68.59774994     62.44718856     79.02866319
  300     70.68763247     60.29203741     48.59401117
  301     71.89472444     61.68874340     52.62051733
  302     70.97689767     62.99323242     53.80351379
  303     73.46797677     62.97349071     80.89055090
  304     73.33470785     59.17769838     54.00430159
  305     74.44492311     58.13838965     52.56801905
  306     72.23732826     57.53198716     54.94933793
  307     74.88657256     60.06459636     56.63914798
  308     73.83749333     61.86227921     57.24694395
  309     78.88646782     59.42322950     56.94143191
  310     74.75725024     57.90641120     58.67973967
  311     76.69348521     58.23203514     59.26746182
  312     75.02313402     55.90240558     57.64580547
  313     63.38228152     54.98292142     82.06062291
  314     61.88809630     56.24298247     80.79074291
  315     64.41342452     53.81261104     80.78220367
  316     62.20265415     53.94338519     83.44314795
  317     72.18332900     58.24503175     60.45115840
  318     72.42874300     57.20383442     62.35904942
  319     78.08314479     61.44708915     54.62168637
  320     71.44060505     60.44962023     60.78943383
  321     60.77421141     68.91804405     47.98794049
  322     62.35121737     69.51817782     46.86047020
  323     59.36058259     70.28853602     47.42825990
  324     60.10625753     66.11617774     76.19019373
  325     59.00949008     65.30794838     77.79171755
  326     61.87330496     64.90867286     76.31997827
  327     58.56976706     66.08482729     73.55636018
  328     58.43440121     67.83723744     72.60243291
  329     56.78332802     65.26321255     73.99623265
  330     59.88019625     64.34620722     71.76635533
  331     60.59055037     62.73381792     72.76080655
  332     61.66526893     65.50264269     71.26704206
  333     58.17974842     63.43043153     69.45641721
  334     56.91057860     64.92524850     68.82298909
  335     57.21748874     61.67060376     70.03296046
  336     60.06571692     63.06544221     67.14223192
  337     61.52135800     64.49261937     67.58534782
  338     59.33868266     64.10111982     65.52817059
  339     61.00134242     60.28315245     66.86332939
  340     59.22116500     59.16451993     67.34949659
  341     62.26004120     60.06210175     68.46275079
  342     62.21479842     59.22272196     64.52229427
  343     63.34818716     60.58897304     63.61428879
  344     60.73366050     58.73715986     63.34592748
  345     61.47217207     68.85307196     50.91384979
  346     62.64724808     70.55146787     51.40261885
  347     59.65536130     69.20443345     52.18654838
  348     62.81910183     67.27021154     51.33849343
  349     63.69050354     56.78575252     65.14485561
  350     64.98846877     57.27662828     66.61287986
  351     62.63058386     55.15745695     65.62806021
  352     64.82793414     56.10716850     63.52286790
 
 Total charge:    -0.00000000

 Atomic gross charges (e)
 Atom           Charge
    1      -0.10548231
    2       0.05309157
    3       0.04887338
    4      -0.06656373
    5       0.03193959
    6       0.04849958
    7      -0.08945966
    8       0.03607220
    9       0.03131688
   10      -0.11825245
   11       0.06803444
   12       0.05649097
   13      -0.09508958
   14       0.04498188
   15       0.05432432
   16      -0.09893715
   17       0.05370421
   18       0.05471257
   19      -0.13038452
   20       0.07001881
   21       0.05821705
   22      -0.09275718
   23       0.05120491
   24       0.04436480
   25      -0.19205654
   26       0.04925577
   27       0.06461588
   28       0.06692180
   29      -0.21845259
   30       0.07720271
   31       0.06352616
   32       0.07626489
   33      -0.12208376
   34       0.06756454
   35       0.06827710
   36      -0.13795559
   37       0.05581340
   38       0.06557938
   39      -0.09985585
   40       0.05716195
   41       0.04951475
   42      -0.11321548
   43       0.05460000
   44       0.05518704
   45      -0.09074026
   46       0.05276787
   47       0.04833560
   48      -0.10136666
   49       0.03360250
   50       0.03697760
   51      -0.11676684
   52       0.06108226
   53       0.06701388
   54      -0.07309882
   55       0.03941819
   56       0.04568936
   57      -0.22360246
   58       0.08055111
   59       0.08628453
   60       0.06079862
   61      -0.19077061
   62       0.06666115
   63       0.06273713
   64       0.05717159
   65      -0.09020982
   66       0.06183674
   67       0.06570403
   68      -0.08833950
   69       0.05252366
   70       0.03897571
   71      -0.09159529
   72       0.04113821
   73       0.03205821
   74      -0.12136778
   75       0.05469473
   76       0.04685307
   77      -0.11193059
   78       0.06267112
   79       0.06205842
   80      -0.06355173
   81       0.02411362
   82       0.03914526
   83      -0.09919221
   84       0.05816621
   85       0.02979913
   86      -0.09087311
   87       0.06937905
   88       0.04401666
   89      -0.20841159
   90       0.05789231
   91       0.07489669
   92       0.05801587
   93      -0.20470017
   94       0.06146013
   95       0.06545303
   96       0.06537529
   97      -0.08569068
   98       0.02948163
   99       0.05935143
  100      -0.08296736
  101       0.05481589
  102       0.04908138
  103      -0.12248409
  104       0.05150646
  105       0.06939136
  106      -0.13272216
  107       0.04869648
  108       0.07835086
  109      -0.11827435
  110       0.03767546
  111       0.09061929
  112      -0.11024448
  113       0.06418398
  114       0.05350178
  115      -0.21424651
  116      -0.00686415
  117       0.00529529
  118      -0.08793318
  119       0.04543944
  120       0.03879162
  121      -0.19654452
  122       0.06045735
  123       0.06121136
  124       0.05443663
  125      -0.21968528
  126       0.07087035
  127       0.07076782
  128       0.06953535
  129      -0.07596235
  130       0.05959259
  131       0.04965264
  132      -0.09792267
  133       0.04071760
  134       0.04625077
  135      -0.11077888
  136       0.05200835
  137       0.05701638
  138      -0.11018877
  139       0.05821250
  140       0.07295127
  141      -0.10880766
  142       0.04527247
  143       0.05712799
  144      -0.10547557
  145       0.04879839
  146       0.05525562
  147      -0.10199322
  148       0.03231170
  149       0.05033703
  150      -0.09101297
  151       0.05707867
  152       0.04899187
  153      -0.19186117
  154       0.05372585
  155       0.05638621
  156       0.05772037
  157      -0.18909057
  158       0.06959446
  159       0.06616949
  160       0.05106741
  161      -0.09154311
  162       0.06443383
  163       0.07081581
  164      -0.12377495
  165       0.08014259
  166       0.05152681
  167      -0.07446267
  168       0.05565523
  169       0.05556709
  170      -0.11426945
  171       0.05592080
  172       0.05862454
  173      -0.09596967
  174       0.06281025
  175       0.06192881
  176      -0.15146349
  177       0.05569343
  178       0.07594518
  179      -0.12912483
  180       0.05569375
  181       0.05503207
  182      -0.07434964
  183       0.04794181
  184       0.06262139
  185      -0.16108176
  186       0.04538065
  187       0.07110040
  188       0.06185972
  189      -0.20703876
  190       0.07727617
  191       0.06050068
  192       0.05571718
  193      -0.09126423
  194       0.04154400
  195       0.04965468
  196      -0.09699261
  197       0.02772246
  198       0.06026379
  199      -0.09738144
  200       0.06075794
  201       0.06689368
  202      -0.10234116
  203       0.02303682
  204       0.05558318
  205      -0.10833960
  206       0.03348800
  207       0.06693209
  208      -0.10065173
  209       0.06617508
  210       0.06403007
  211      -0.10619620
  212       0.04835792
  213       0.05628380
  214      -0.06786127
  215       0.04895571
  216       0.02689277
  217      -0.21988753
  218       0.08235940
  219       0.06763201
  220       0.06357154
  221      -0.19172995
  222       0.04781127
  223       0.05331757
  224       0.07240384
  225      -0.08807287
  226       0.05974901
  227       0.05318244
  228      -0.15047298
  229       0.06302401
  230       0.05263957
  231      -0.14159613
  232       0.08697309
  233       0.07059377
  234      -0.10327681
  235       0.05919322
  236       0.06073830
  237      -0.11762242
  238       0.04815248
  239       0.05635117
  240      -0.12743389
  241       0.06310529
  242       0.06574996
  243      -0.09190755
  244       0.07216317
  245       0.03224253
  246      -0.11175715
  247       0.07516216
  248       0.05496421
  249      -0.19113269
  250       0.05607571
  251       0.06619848
  252       0.05667708
  253      -0.19057816
  254       0.04317996
  255       0.05806697
  256       0.06171079
  257      -0.11755906
  258       0.06105188
  259       0.06167852
  260      -0.08478962
  261       0.05348406
  262       0.06049312
  263      -0.11907012
  264       0.05263701
  265       0.07740750
  266      -0.16520134
  267       0.05104212
  268       0.05320521
  269      -0.11263758
  270       0.05410444
  271       0.05899886
  272      -0.12252436
  273       0.08305610
  274       0.07184534
  275      -0.11139570
  276       0.04990959
  277       0.03262162
  278      -0.10815198
  279       0.05061993
  280       0.05055176
  281      -0.18925218
  282       0.04718301
  283       0.06218514
  284       0.07291384
  285      -0.18749169
  286       0.08214538
  287       0.07343376
  288       0.05907011
  289      -0.11227502
  290       0.05416002
  291       0.05377395
  292      -0.10941065
  293       0.06841955
  294       0.05327892
  295      -0.13417869
  296       0.03226175
  297       0.08776406
  298      -0.08454200
  299       0.01640048
  300       0.07379739
  301      -0.10181540
  302       0.08055675
  303       0.04471859
  304      -0.15460877
  305       0.06944353
  306       0.06413545
  307      -0.03040669
  308       0.04514164
  309       0.08050550
  310      -0.14121158
  311       0.08544690
  312       0.04423719
  313      -0.19807972
  314       0.03779429
  315       0.08144756
  316       0.06435750
  317      -0.16903611
  318       0.06724708
  319       0.06980796
  320       0.05256319
  321      -0.11786294
  322       0.06141120
  323       0.06597973
  324      -0.11810250
  325       0.05394112
  326       0.05431422
  327      -0.13431619
  328       0.08296982
  329       0.06458131
  330      -0.12255330
  331       0.06941237
  332       0.04370389
  333      -0.12715403
  334       0.06671548
  335       0.06705345
  336      -0.13758976
  337       0.05594178
  338       0.06234360
  339      -0.09766753
  340       0.03911947
  341       0.05875226
  342      -0.10975367
  343       0.07322097
  344       0.07210168
  345      -0.20020839
  346       0.04907807
  347       0.06290631
  348       0.07477798
  349      -0.21817643
  350       0.06915551
  351       0.07944490
  352       0.05648845
 
Nr. of electrons (up):    682.00000000
Atom populations (up)
 Atom       Population
    1       4.10548231
    2       0.94690843
    3       0.95112662
    4       4.06656373
    5       0.96806041
    6       0.95150042
    7       4.08945966
    8       0.96392780
    9       0.96868312
   10       4.11825245
   11       0.93196556
   12       0.94350903
   13       4.09508958
   14       0.95501812
   15       0.94567568
   16       4.09893715
   17       0.94629579
   18       0.94528743
   19       4.13038452
   20       0.92998119
   21       0.94178295
   22       4.09275718
   23       0.94879509
   24       0.95563520
   25       4.19205654
   26       0.95074423
   27       0.93538412
   28       0.93307820
   29       4.21845259
   30       0.92279729
   31       0.93647384
   32       0.92373511
   33       4.12208376
   34       0.93243546
   35       0.93172290
   36       4.13795559
   37       0.94418660
   38       0.93442062
   39       4.09985585
   40       0.94283805
   41       0.95048525
   42       4.11321548
   43       0.94540000
   44       0.94481296
   45       4.09074026
   46       0.94723213
   47       0.95166440
   48       4.10136666
   49       0.96639750
   50       0.96302240
   51       4.11676684
   52       0.93891774
   53       0.93298612
   54       4.07309882
   55       0.96058181
   56       0.95431064
   57       4.22360246
   58       0.91944889
   59       0.91371547
   60       0.93920138
   61       4.19077061
   62       0.93333885
   63       0.93726287
   64       0.94282841
   65       4.09020982
   66       0.93816326
   67       0.93429597
   68       4.08833950
   69       0.94747634
   70       0.96102429
   71       4.09159529
   72       0.95886179
   73       0.96794179
   74       4.12136778
   75       0.94530527
   76       0.95314693
   77       4.11193059
   78       0.93732888
   79       0.93794158
   80       4.06355173
   81       0.97588638
   82       0.96085474
   83       4.09919221
   84       0.94183379
   85       0.97020087
   86       4.09087311
   87       0.93062095
   88       0.95598334
   89       4.20841159
   90       0.94210769
   91       0.92510331
   92       0.94198413
   93       4.20470017
   94       0.93853987
   95       0.93454697
   96       0.93462471
   97       4.08569068
   98       0.97051837
   99       0.94064857
  100       4.08296736
  101       0.94518411
  102       0.95091862
  103       4.12248409
  104       0.94849354
  105       0.93060864
  106       4.13272216
  107       0.95130352
  108       0.92164914
  109       4.11827435
  110       0.96232454
  111       0.90938071
  112       4.11024448
  113       0.93581602
  114       0.94649822
  115       4.21424651
  116       1.00686415
  117       0.99470471
  118       4.08793318
  119       0.95456056
  120       0.96120838
  121       4.19654452
  122       0.93954265
  123       0.93878864
  124       0.94556337
  125       4.21968528
  126       0.92912965
  127       0.92923218
  128       0.93046465
  129       4.07596235
  130       0.94040741
  131       0.95034736
  132       4.09792267
  133       0.95928240
  134       0.95374923
  135       4.11077888
  136       0.94799165
  137       0.94298362
  138       4.11018877
  139       0.94178750
  140       0.92704873
  141       4.10880766
  142       0.95472753
  143       0.94287201
  144       4.10547557
  145       0.95120161
  146       0.94474438
  147       4.10199322
  148       0.96768830
  149       0.94966297
  150       4.09101297
  151       0.94292133
  152       0.95100813
  153       4.19186117
  154       0.94627415
  155       0.94361379
  156       0.94227963
  157       4.18909057
  158       0.93040554
  159       0.93383051
  160       0.94893259
  161       4.09154311
  162       0.93556617
  163       0.92918419
  164       4.12377495
  165       0.91985741
  166       0.94847319
  167       4.07446267
  168       0.94434477
  169       0.94443291
  170       4.11426945
  171       0.94407920
  172       0.94137546
  173       4.09596967
  174       0.93718975
  175       0.93807119
  176       4.15146349
  177       0.94430657
  178       0.92405482
  179       4.12912483
  180       0.94430625
  181       0.94496793
  182       4.07434964
  183       0.95205819
  184       0.93737861
  185       4.16108176
  186       0.95461935
  187       0.92889960
  188       0.93814028
  189       4.20703876
  190       0.92272383
  191       0.93949932
  192       0.94428282
  193       4.09126423
  194       0.95845600
  195       0.95034532
  196       4.09699261
  197       0.97227754
  198       0.93973621
  199       4.09738144
  200       0.93924206
  201       0.93310632
  202       4.10234116
  203       0.97696318
  204       0.94441682
  205       4.10833960
  206       0.96651200
  207       0.93306791
  208       4.10065173
  209       0.93382492
  210       0.93596993
  211       4.10619620
  212       0.95164208
  213       0.94371620
  214       4.06786127
  215       0.95104429
  216       0.97310723
  217       4.21988753
  218       0.91764060
  219       0.93236799
  220       0.93642846
  221       4.19172995
  222       0.95218873
  223       0.94668243
  224       0.92759616
  225       4.08807287
  226       0.94025099
  227       0.94681756
  228       4.15047298
  229       0.93697599
  230       0.94736043
  231       4.14159613
  232       0.91302691
  233       0.92940623
  234       4.10327681
  235       0.94080678
  236       0.93926170
  237       4.11762242
  238       0.95184752
  239       0.94364883
  240       4.12743389
  241       0.93689471
  242       0.93425004
  243       4.09190755
  244       0.92783683
  245       0.96775747
  246       4.11175715
  247       0.92483784
  248       0.94503579
  249       4.19113269
  250       0.94392429
  251       0.93380152
  252       0.94332292
  253       4.19057816
  254       0.95682004
  255       0.94193303
  256       0.93828921
  257       4.11755906
  258       0.93894812
  259       0.93832148
  260       4.08478962
  261       0.94651594
  262       0.93950688
  263       4.11907012
  264       0.94736299
  265       0.92259250
  266       4.16520134
  267       0.94895788
  268       0.94679479
  269       4.11263758
  270       0.94589556
  271       0.94100114
  272       4.12252436
  273       0.91694390
  274       0.92815466
  275       4.11139570
  276       0.95009041
  277       0.96737838
  278       4.10815198
  279       0.94938007
  280       0.94944824
  281       4.18925218
  282       0.95281699
  283       0.93781486
  284       0.92708616
  285       4.18749169
  286       0.91785462
  287       0.92656624
  288       0.94092989
  289       4.11227502
  290       0.94583998
  291       0.94622605
  292       4.10941065
  293       0.93158045
  294       0.94672108
  295       4.13417869
  296       0.96773825
  297       0.91223594
  298       4.08454200
  299       0.98359952
  300       0.92620261
  301       4.10181540
  302       0.91944325
  303       0.95528141
  304       4.15460877
  305       0.93055647
  306       0.93586455
  307       4.03040669
  308       0.95485836
  309       0.91949450
  310       4.14121158
  311       0.91455310
  312       0.95576281
  313       4.19807972
  314       0.96220571
  315       0.91855244
  316       0.93564250
  317       4.16903611
  318       0.93275292
  319       0.93019204
  320       0.94743681
  321       4.11786294
  322       0.93858880
  323       0.93402027
  324       4.11810250
  325       0.94605888
  326       0.94568578
  327       4.13431619
  328       0.91703018
  329       0.93541869
  330       4.12255330
  331       0.93058763
  332       0.95629611
  333       4.12715403
  334       0.93328452
  335       0.93294655
  336       4.13758976
  337       0.94405822
  338       0.93765640
  339       4.09766753
  340       0.96088053
  341       0.94124774
  342       4.10975367
  343       0.92677903
  344       0.92789832
  345       4.20020839
  346       0.95092193
  347       0.93709369
  348       0.92522202
  349       4.21817643
  350       0.93084449
  351       0.92055510
  352       0.94351155
 
l-shell populations (up)
 Atom Sh.   l       Population
    1   1   0       1.24861425
    1   2   1       2.85686806
    2   1   0       0.94690843
    3   1   0       0.95112662
    4   1   0       1.23432610
    4   2   1       2.83223763
    5   1   0       0.96806041
    6   1   0       0.95150042
    7   1   0       1.23104538
    7   2   1       2.85841428
    8   1   0       0.96392780
    9   1   0       0.96868312
   10   1   0       1.23149479
   10   2   1       2.88675766
   11   1   0       0.93196556
   12   1   0       0.94350903
   13   1   0       1.24396416
   13   2   1       2.85112541
   14   1   0       0.95501812
   15   1   0       0.94567568
   16   1   0       1.24431882
   16   2   1       2.85461833
   17   1   0       0.94629579
   18   1   0       0.94528743
   19   1   0       1.24214131
   19   2   1       2.88824321
   20   1   0       0.92998119
   21   1   0       0.94178295
   22   1   0       1.23020614
   22   2   1       2.86255104
   23   1   0       0.94879509
   24   1   0       0.95563520
   25   1   0       1.29602127
   25   2   1       2.89603527
   26   1   0       0.95074423
   27   1   0       0.93538412
   28   1   0       0.93307820
   29   1   0       1.25729029
   29   2   1       2.96116230
   30   1   0       0.92279729
   31   1   0       0.93647384
   32   1   0       0.92373511
   33   1   0       1.22873118
   33   2   1       2.89335257
   34   1   0       0.93243546
   35   1   0       0.93172290
   36   1   0       1.24464848
   36   2   1       2.89330712
   37   1   0       0.94418660
   38   1   0       0.93442062
   39   1   0       1.23434789
   39   2   1       2.86550796
   40   1   0       0.94283805
   41   1   0       0.95048525
   42   1   0       1.23856263
   42   2   1       2.87465285
   43   1   0       0.94540000
   44   1   0       0.94481296
   45   1   0       1.24273188
   45   2   1       2.84800838
   46   1   0       0.94723213
   47   1   0       0.95166440
   48   1   0       1.25614331
   48   2   1       2.84522335
   49   1   0       0.96639750
   50   1   0       0.96302240
   51   1   0       1.24525528
   51   2   1       2.87151157
   52   1   0       0.93891774
   53   1   0       0.93298612
   54   1   0       1.21849609
   54   2   1       2.85460272
   55   1   0       0.96058181
   56   1   0       0.95431064
   57   1   0       1.25388234
   57   2   1       2.96972012
   58   1   0       0.91944889
   59   1   0       0.91371547
   60   1   0       0.93920138
   61   1   0       1.25893501
   61   2   1       2.93183561
   62   1   0       0.93333885
   63   1   0       0.93726287
   64   1   0       0.94282841
   65   1   0       1.24329864
   65   2   1       2.84691118
   66   1   0       0.93816326
   67   1   0       0.93429597
   68   1   0       1.24412705
   68   2   1       2.84421244
   69   1   0       0.94747634
   70   1   0       0.96102429
   71   1   0       1.25460113
   71   2   1       2.83699416
   72   1   0       0.95886179
   73   1   0       0.96794179
   74   1   0       1.25527328
   74   2   1       2.86609450
   75   1   0       0.94530527
   76   1   0       0.95314693
   77   1   0       1.22855469
   77   2   1       2.88337590
   78   1   0       0.93732888
   79   1   0       0.93794158
   80   1   0       1.22511299
   80   2   1       2.83843874
   81   1   0       0.97588638
   82   1   0       0.96085474
   83   1   0       1.22667566
   83   2   1       2.87251655
   84   1   0       0.94183379
   85   1   0       0.97020087
   86   1   0       1.24437210
   86   2   1       2.84650101
   87   1   0       0.93062095
   88   1   0       0.95598334
   89   1   0       1.27644854
   89   2   1       2.93196305
   90   1   0       0.94210769
   91   1   0       0.92510331
   92   1   0       0.94198413
   93   1   0       1.27199133
   93   2   1       2.93270885
   94   1   0       0.93853987
   95   1   0       0.93454697
   96   1   0       0.93462471
   97   1   0       1.23255293
   97   2   1       2.85313775
   98   1   0       0.97051837
   99   1   0       0.94064857
  100   1   0       1.20922507
  100   2   1       2.87374229
  101   1   0       0.94518411
  102   1   0       0.95091862
  103   1   0       1.25107013
  103   2   1       2.87141396
  104   1   0       0.94849354
  105   1   0       0.93060864
  106   1   0       1.27585527
  106   2   1       2.85686689
  107   1   0       0.95130352
  108   1   0       0.92164914
  109   1   0       1.26013335
  109   2   1       2.85814100
  110   1   0       0.96232454
  111   1   0       0.90938071
  112   1   0       1.24001834
  112   2   1       2.87022614
  113   1   0       0.93581602
  114   1   0       0.94649822
  115   1   0       1.27825106
  115   2   1       2.93599545
  116   1   0       1.00686415
  117   1   0       0.99470471
  118   1   0       1.27078798
  118   2   1       2.81714520
  119   1   0       0.95456056
  120   1   0       0.96120838
  121   1   0       1.30977666
  121   2   1       2.88676786
  122   1   0       0.93954265
  123   1   0       0.93878864
  124   1   0       0.94556337
  125   1   0       1.28548513
  125   2   1       2.93420015
  126   1   0       0.92912965
  127   1   0       0.92923218
  128   1   0       0.93046465
  129   1   0       1.22119767
  129   2   1       2.85476468
  130   1   0       0.94040741
  131   1   0       0.95034736
  132   1   0       1.23576172
  132   2   1       2.86216095
  133   1   0       0.95928240
  134   1   0       0.95374923
  135   1   0       1.24886436
  135   2   1       2.86191452
  136   1   0       0.94799165
  137   1   0       0.94298362
  138   1   0       1.23669750
  138   2   1       2.87349127
  139   1   0       0.94178750
  140   1   0       0.92704873
  141   1   0       1.22454218
  141   2   1       2.88426547
  142   1   0       0.95472753
  143   1   0       0.94287201
  144   1   0       1.23534140
  144   2   1       2.87013417
  145   1   0       0.95120161
  146   1   0       0.94474438
  147   1   0       1.25467241
  147   2   1       2.84732081
  148   1   0       0.96768830
  149   1   0       0.94966297
  150   1   0       1.22819867
  150   2   1       2.86281430
  151   1   0       0.94292133
  152   1   0       0.95100813
  153   1   0       1.25073191
  153   2   1       2.94112926
  154   1   0       0.94627415
  155   1   0       0.94361379
  156   1   0       0.94227963
  157   1   0       1.26962660
  157   2   1       2.91946397
  158   1   0       0.93040554
  159   1   0       0.93383051
  160   1   0       0.94893259
  161   1   0       1.22912856
  161   2   1       2.86241455
  162   1   0       0.93556617
  163   1   0       0.92918419
  164   1   0       1.24136173
  164   2   1       2.88241322
  165   1   0       0.91985741
  166   1   0       0.94847319
  167   1   0       1.23643654
  167   2   1       2.83802613
  168   1   0       0.94434477
  169   1   0       0.94443291
  170   1   0       1.22559743
  170   2   1       2.88867202
  171   1   0       0.94407920
  172   1   0       0.94137546
  173   1   0       1.22707631
  173   2   1       2.86889336
  174   1   0       0.93718975
  175   1   0       0.93807119
  176   1   0       1.24814092
  176   2   1       2.90332257
  177   1   0       0.94430657
  178   1   0       0.92405482
  179   1   0       1.26920206
  179   2   1       2.85992277
  180   1   0       0.94430625
  181   1   0       0.94496793
  182   1   0       1.22093914
  182   2   1       2.85341050
  183   1   0       0.95205819
  184   1   0       0.93737861
  185   1   0       1.24968280
  185   2   1       2.91139895
  186   1   0       0.95461935
  187   1   0       0.92889960
  188   1   0       0.93814028
  189   1   0       1.25157620
  189   2   1       2.95546256
  190   1   0       0.92272383
  191   1   0       0.93949932
  192   1   0       0.94428282
  193   1   0       1.24532112
  193   2   1       2.84594310
  194   1   0       0.95845600
  195   1   0       0.95034532
  196   1   0       1.26127855
  196   2   1       2.83571406
  197   1   0       0.97227754
  198   1   0       0.93973621
  199   1   0       1.23590662
  199   2   1       2.86147483
  200   1   0       0.93924206
  201   1   0       0.93310632
  202   1   0       1.27101696
  202   2   1       2.83132420
  203   1   0       0.97696318
  204   1   0       0.94441682
  205   1   0       1.24925398
  205   2   1       2.85908562
  206   1   0       0.96651200
  207   1   0       0.93306791
  208   1   0       1.22639411
  208   2   1       2.87425763
  209   1   0       0.93382492
  210   1   0       0.93596993
  211   1   0       1.22533228
  211   2   1       2.88086392
  212   1   0       0.95164208
  213   1   0       0.94371620
  214   1   0       1.21632892
  214   2   1       2.85153236
  215   1   0       0.95104429
  216   1   0       0.97310723
  217   1   0       1.25411820
  217   2   1       2.96576933
  218   1   0       0.91764060
  219   1   0       0.93236799
  220   1   0       0.93642846
  221   1   0       1.26290747
  221   2   1       2.92882248
  222   1   0       0.95218873
  223   1   0       0.94668243
  224   1   0       0.92759616
  225   1   0       1.23717610
  225   2   1       2.85089677
  226   1   0       0.94025099
  227   1   0       0.94681756
  228   1   0       1.26143248
  228   2   1       2.88904050
  229   1   0       0.93697599
  230   1   0       0.94736043
  231   1   0       1.25124132
  231   2   1       2.89035481
  232   1   0       0.91302691
  233   1   0       0.92940623
  234   1   0       1.24967562
  234   2   1       2.85360120
  235   1   0       0.94080678
  236   1   0       0.93926170
  237   1   0       1.24687442
  237   2   1       2.87074800
  238   1   0       0.95184752
  239   1   0       0.94364883
  240   1   0       1.22422780
  240   2   1       2.90320609
  241   1   0       0.93689471
  242   1   0       0.93425004
  243   1   0       1.25887040
  243   2   1       2.83303715
  244   1   0       0.92783683
  245   1   0       0.96775747
  246   1   0       1.23736490
  246   2   1       2.87439224
  247   1   0       0.92483784
  248   1   0       0.94503579
  249   1   0       1.26398247
  249   2   1       2.92715022
  250   1   0       0.94392429
  251   1   0       0.93380152
  252   1   0       0.94332292
  253   1   0       1.27007641
  253   2   1       2.92050175
  254   1   0       0.95682004
  255   1   0       0.94193303
  256   1   0       0.93828921
  257   1   0       1.21688130
  257   2   1       2.90067776
  258   1   0       0.93894812
  259   1   0       0.93832148
  260   1   0       1.23681118
  260   2   1       2.84797844
  261   1   0       0.94651594
  262   1   0       0.93950688
  263   1   0       1.24542331
  263   2   1       2.87364681
  264   1   0       0.94736299
  265   1   0       0.92259250
  266   1   0       1.27701360
  266   2   1       2.88818775
  267   1   0       0.94895788
  268   1   0       0.94679479
  269   1   0       1.25411739
  269   2   1       2.85852020
  270   1   0       0.94589556
  271   1   0       0.94100114
  272   1   0       1.21583716
  272   2   1       2.90668720
  273   1   0       0.91694390
  274   1   0       0.92815466
  275   1   0       1.25084231
  275   2   1       2.86055340
  276   1   0       0.95009041
  277   1   0       0.96737838
  278   1   0       1.24128294
  278   2   1       2.86686905
  279   1   0       0.94938007
  280   1   0       0.94944824
  281   1   0       1.27415604
  281   2   1       2.91509614
  282   1   0       0.95281699
  283   1   0       0.93781486
  284   1   0       0.92708616
  285   1   0       1.27422972
  285   2   1       2.91326197
  286   1   0       0.91785462
  287   1   0       0.92656624
  288   1   0       0.94092989
  289   1   0       1.22227283
  289   2   1       2.89000218
  290   1   0       0.94583998
  291   1   0       0.94622605
  292   1   0       1.21909994
  292   2   1       2.89031072
  293   1   0       0.93158045
  294   1   0       0.94672108
  295   1   0       1.26676857
  295   2   1       2.86741012
  296   1   0       0.96773825
  297   1   0       0.91223594
  298   1   0       1.25484092
  298   2   1       2.82970108
  299   1   0       0.98359952
  300   1   0       0.92620261
  301   1   0       1.25688863
  301   2   1       2.84492677
  302   1   0       0.91944325
  303   1   0       0.95528141
  304   1   0       1.31129891
  304   2   1       2.84330985
  305   1   0       0.93055647
  306   1   0       0.93586455
  307   1   0       1.25543049
  307   2   1       2.77497620
  308   1   0       0.95485836
  309   1   0       0.91949450
  310   1   0       1.28555606
  310   2   1       2.85565552
  311   1   0       0.91455310
  312   1   0       0.95576281
  313   1   0       1.28986619
  313   2   1       2.90821353
  314   1   0       0.96220571
  315   1   0       0.91855244
  316   1   0       0.93564250
  317   1   0       1.31978466
  317   2   1       2.84925145
  318   1   0       0.93275292
  319   1   0       0.93019204
  320   1   0       0.94743681
  321   1   0       1.24562763
  321   2   1       2.87223531
  322   1   0       0.93858880
  323   1   0       0.93402027
  324   1   0       1.26696670
  324   2   1       2.85113580
  325   1   0       0.94605888
  326   1   0       0.94568578
  327   1   0       1.23429238
  327   2   1       2.90002382
  328   1   0       0.91703018
  329   1   0       0.93541869
  330   1   0       1.24542971
  330   2   1       2.87712359
  331   1   0       0.93058763
  332   1   0       0.95629611
  333   1   0       1.25927931
  333   2   1       2.86787471
  334   1   0       0.93328452
  335   1   0       0.93294655
  336   1   0       1.25171404
  336   2   1       2.88587572
  337   1   0       0.94405822
  338   1   0       0.93765640
  339   1   0       1.23180969
  339   2   1       2.86585784
  340   1   0       0.96088053
  341   1   0       0.94124774
  342   1   0       1.21125869
  342   2   1       2.89849497
  343   1   0       0.92677903
  344   1   0       0.92789832
  345   1   0       1.29379207
  345   2   1       2.90641633
  346   1   0       0.95092193
  347   1   0       0.93709369
  348   1   0       0.92522202
  349   1   0       1.26028994
  349   2   1       2.95788649
  350   1   0       0.93084449
  351   1   0       0.92055510
  352   1   0       0.94351155
 
Orbital populations (up)
 Atom Sh.   l   m       Population  Label
    1   1   0   0       1.24861425  s
    1   2   1  -1       0.98191043  p_y
    1   2   1   0       0.95953461  p_z
    1   2   1   1       0.91542302  p_x
    2   1   0   0       0.94690843  s
    3   1   0   0       0.95112662  s
    4   1   0   0       1.23432610  s
    4   2   1  -1       0.95669304  p_y
    4   2   1   0       0.95131967  p_z
    4   2   1   1       0.92422492  p_x
    5   1   0   0       0.96806041  s
    6   1   0   0       0.95150042  s
    7   1   0   0       1.23104538  s
    7   2   1  -1       0.98397906  p_y
    7   2   1   0       0.96151231  p_z
    7   2   1   1       0.91292292  p_x
    8   1   0   0       0.96392780  s
    9   1   0   0       0.96868312  s
   10   1   0   0       1.23149479  s
   10   2   1  -1       0.99479816  p_y
   10   2   1   0       0.96287191  p_z
   10   2   1   1       0.92908759  p_x
   11   1   0   0       0.93196556  s
   12   1   0   0       0.94350903  s
   13   1   0   0       1.24396416  s
   13   2   1  -1       0.95371023  p_y
   13   2   1   0       0.92161274  p_z
   13   2   1   1       0.97580244  p_x
   14   1   0   0       0.95501812  s
   15   1   0   0       0.94567568  s
   16   1   0   0       1.24431882  s
   16   2   1  -1       0.97596758  p_y
   16   2   1   0       0.92694964  p_z
   16   2   1   1       0.95170112  p_x
   17   1   0   0       0.94629579  s
   18   1   0   0       0.94528743  s
   19   1   0   0       1.24214131  s
   19   2   1  -1       0.99076045  p_y
   19   2   1   0       0.94735370  p_z
   19   2   1   1       0.95012907  p_x
   20   1   0   0       0.92998119  s
   21   1   0   0       0.94178295  s
   22   1   0   0       1.23020614  s
   22   2   1  -1       0.95659887  p_y
   22   2   1   0       0.94259014  p_z
   22   2   1   1       0.96336204  p_x
   23   1   0   0       0.94879509  s
   24   1   0   0       0.95563520  s
   25   1   0   0       1.29602127  s
   25   2   1  -1       0.96833888  p_y
   25   2   1   0       0.96464524  p_z
   25   2   1   1       0.96305115  p_x
   26   1   0   0       0.95074423  s
   27   1   0   0       0.93538412  s
   28   1   0   0       0.93307820  s
   29   1   0   0       1.25729029  s
   29   2   1  -1       0.96716077  p_y
   29   2   1   0       0.99918236  p_z
   29   2   1   1       0.99481916  p_x
   30   1   0   0       0.92279729  s
   31   1   0   0       0.93647384  s
   32   1   0   0       0.92373511  s
   33   1   0   0       1.22873118  s
   33   2   1  -1       0.97408080  p_y
   33   2   1   0       0.95221464  p_z
   33   2   1   1       0.96705713  p_x
   34   1   0   0       0.93243546  s
   35   1   0   0       0.93172290  s
   36   1   0   0       1.24464848  s
   36   2   1  -1       0.95460261  p_y
   36   2   1   0       0.92024725  p_z
   36   2   1   1       1.01845725  p_x
   37   1   0   0       0.94418660  s
   38   1   0   0       0.93442062  s
   39   1   0   0       1.23434789  s
   39   2   1  -1       0.95367175  p_y
   39   2   1   0       0.96412890  p_z
   39   2   1   1       0.94770731  p_x
   40   1   0   0       0.94283805  s
   41   1   0   0       0.95048525  s
   42   1   0   0       1.23856263  s
   42   2   1  -1       0.93443058  p_y
   42   2   1   0       0.99579025  p_z
   42   2   1   1       0.94443203  p_x
   43   1   0   0       0.94540000  s
   44   1   0   0       0.94481296  s
   45   1   0   0       1.24273188  s
   45   2   1  -1       0.96187475  p_y
   45   2   1   0       0.94166423  p_z
   45   2   1   1       0.94446940  p_x
   46   1   0   0       0.94723213  s
   47   1   0   0       0.95166440  s
   48   1   0   0       1.25614331  s
   48   2   1  -1       0.95015130  p_y
   48   2   1   0       0.93473569  p_z
   48   2   1   1       0.96033636  p_x
   49   1   0   0       0.96639750  s
   50   1   0   0       0.96302240  s
   51   1   0   0       1.24525528  s
   51   2   1  -1       0.97225338  p_y
   51   2   1   0       0.94480274  p_z
   51   2   1   1       0.95445544  p_x
   52   1   0   0       0.93891774  s
   53   1   0   0       0.93298612  s
   54   1   0   0       1.21849609  s
   54   2   1  -1       0.96785527  p_y
   54   2   1   0       0.94472067  p_z
   54   2   1   1       0.94202678  p_x
   55   1   0   0       0.96058181  s
   56   1   0   0       0.95431064  s
   57   1   0   0       1.25388234  s
   57   2   1  -1       0.97123179  p_y
   57   2   1   0       1.01066744  p_z
   57   2   1   1       0.98782089  p_x
   58   1   0   0       0.91944889  s
   59   1   0   0       0.91371547  s
   60   1   0   0       0.93920138  s
   61   1   0   0       1.25893501  s
   61   2   1  -1       0.96877444  p_y
   61   2   1   0       0.96393250  p_z
   61   2   1   1       0.99912867  p_x
   62   1   0   0       0.93333885  s
   63   1   0   0       0.93726287  s
   64   1   0   0       0.94282841  s
   65   1   0   0       1.24329864  s
   65   2   1  -1       0.94817223  p_y
   65   2   1   0       0.96471709  p_z
   65   2   1   1       0.93402186  p_x
   66   1   0   0       0.93816326  s
   67   1   0   0       0.93429597  s
   68   1   0   0       1.24412705  s
   68   2   1  -1       0.93742436  p_y
   68   2   1   0       0.96111245  p_z
   68   2   1   1       0.94567563  p_x
   69   1   0   0       0.94747634  s
   70   1   0   0       0.96102429  s
   71   1   0   0       1.25460113  s
   71   2   1  -1       0.96183763  p_y
   71   2   1   0       0.93288355  p_z
   71   2   1   1       0.94227298  p_x
   72   1   0   0       0.95886179  s
   73   1   0   0       0.96794179  s
   74   1   0   0       1.25527328  s
   74   2   1  -1       0.94706085  p_y
   74   2   1   0       0.93187755  p_z
   74   2   1   1       0.98715610  p_x
   75   1   0   0       0.94530527  s
   76   1   0   0       0.95314693  s
   77   1   0   0       1.22855469  s
   77   2   1  -1       0.98730631  p_y
   77   2   1   0       0.93053866  p_z
   77   2   1   1       0.96553094  p_x
   78   1   0   0       0.93732888  s
   79   1   0   0       0.93794158  s
   80   1   0   0       1.22511299  s
   80   2   1  -1       0.95878673  p_y
   80   2   1   0       0.93825463  p_z
   80   2   1   1       0.94139738  p_x
   81   1   0   0       0.97588638  s
   82   1   0   0       0.96085474  s
   83   1   0   0       1.22667566  s
   83   2   1  -1       0.97272821  p_y
   83   2   1   0       0.94580004  p_z
   83   2   1   1       0.95398831  p_x
   84   1   0   0       0.94183379  s
   85   1   0   0       0.97020087  s
   86   1   0   0       1.24437210  s
   86   2   1  -1       0.98054805  p_y
   86   2   1   0       0.93067217  p_z
   86   2   1   1       0.93528079  p_x
   87   1   0   0       0.93062095  s
   88   1   0   0       0.95598334  s
   89   1   0   0       1.27644854  s
   89   2   1  -1       0.99537207  p_y
   89   2   1   0       0.96093417  p_z
   89   2   1   1       0.97565681  p_x
   90   1   0   0       0.94210769  s
   91   1   0   0       0.92510331  s
   92   1   0   0       0.94198413  s
   93   1   0   0       1.27199133  s
   93   2   1  -1       0.99195665  p_y
   93   2   1   0       0.95640040  p_z
   93   2   1   1       0.98435180  p_x
   94   1   0   0       0.93853987  s
   95   1   0   0       0.93454697  s
   96   1   0   0       0.93462471  s
   97   1   0   0       1.23255293  s
   97   2   1  -1       0.93265397  p_y
   97   2   1   0       0.96353367  p_z
   97   2   1   1       0.95695011  p_x
   98   1   0   0       0.97051837  s
   99   1   0   0       0.94064857  s
  100   1   0   0       1.20922507  s
  100   2   1  -1       0.93958564  p_y
  100   2   1   0       0.96664014  p_z
  100   2   1   1       0.96751650  p_x
  101   1   0   0       0.94518411  s
  102   1   0   0       0.95091862  s
  103   1   0   0       1.25107013  s
  103   2   1  -1       0.97452179  p_y
  103   2   1   0       0.94616065  p_z
  103   2   1   1       0.95073151  p_x
  104   1   0   0       0.94849354  s
  105   1   0   0       0.93060864  s
  106   1   0   0       1.27585527  s
  106   2   1  -1       0.94939176  p_y
  106   2   1   0       0.95291401  p_z
  106   2   1   1       0.95456112  p_x
  107   1   0   0       0.95130352  s
  108   1   0   0       0.92164914  s
  109   1   0   0       1.26013335  s
  109   2   1  -1       0.94457752  p_y
  109   2   1   0       0.95514169  p_z
  109   2   1   1       0.95842180  p_x
  110   1   0   0       0.96232454  s
  111   1   0   0       0.90938071  s
  112   1   0   0       1.24001834  s
  112   2   1  -1       0.96397496  p_y
  112   2   1   0       0.92594463  p_z
  112   2   1   1       0.98030654  p_x
  113   1   0   0       0.93581602  s
  114   1   0   0       0.94649822  s
  115   1   0   0       1.27825106  s
  115   2   1  -1       0.95772265  p_y
  115   2   1   0       1.00419670  p_z
  115   2   1   1       0.97407610  p_x
  116   1   0   0       1.00686415  s
  117   1   0   0       0.99470471  s
  118   1   0   0       1.27078798  s
  118   2   1  -1       0.92965313  p_y
  118   2   1   0       0.92016010  p_z
  118   2   1   1       0.96733197  p_x
  119   1   0   0       0.95456056  s
  120   1   0   0       0.96120838  s
  121   1   0   0       1.30977666  s
  121   2   1  -1       0.98508058  p_y
  121   2   1   0       0.93695147  p_z
  121   2   1   1       0.96473581  p_x
  122   1   0   0       0.93954265  s
  123   1   0   0       0.93878864  s
  124   1   0   0       0.94556337  s
  125   1   0   0       1.28548513  s
  125   2   1  -1       0.96795936  p_y
  125   2   1   0       0.96649675  p_z
  125   2   1   1       0.99974404  p_x
  126   1   0   0       0.92912965  s
  127   1   0   0       0.92923218  s
  128   1   0   0       0.93046465  s
  129   1   0   0       1.22119767  s
  129   2   1  -1       0.94324488  p_y
  129   2   1   0       0.95342736  p_z
  129   2   1   1       0.95809245  p_x
  130   1   0   0       0.94040741  s
  131   1   0   0       0.95034736  s
  132   1   0   0       1.23576172  s
  132   2   1  -1       0.96198795  p_y
  132   2   1   0       0.96227041  p_z
  132   2   1   1       0.93790259  p_x
  133   1   0   0       0.95928240  s
  134   1   0   0       0.95374923  s
  135   1   0   0       1.24886436  s
  135   2   1  -1       0.93673152  p_y
  135   2   1   0       0.98615022  p_z
  135   2   1   1       0.93903278  p_x
  136   1   0   0       0.94799165  s
  137   1   0   0       0.94298362  s
  138   1   0   0       1.23669750  s
  138   2   1  -1       0.94973937  p_y
  138   2   1   0       0.95559870  p_z
  138   2   1   1       0.96815321  p_x
  139   1   0   0       0.94178750  s
  140   1   0   0       0.92704873  s
  141   1   0   0       1.22454218  s
  141   2   1  -1       0.97738180  p_y
  141   2   1   0       0.94765641  p_z
  141   2   1   1       0.95922726  p_x
  142   1   0   0       0.95472753  s
  143   1   0   0       0.94287201  s
  144   1   0   0       1.23534140  s
  144   2   1  -1       0.95485851  p_y
  144   2   1   0       0.94041492  p_z
  144   2   1   1       0.97486073  p_x
  145   1   0   0       0.95120161  s
  146   1   0   0       0.94474438  s
  147   1   0   0       1.25467241  s
  147   2   1  -1       0.94377660  p_y
  147   2   1   0       0.95031095  p_z
  147   2   1   1       0.95323325  p_x
  148   1   0   0       0.96768830  s
  149   1   0   0       0.94966297  s
  150   1   0   0       1.22819867  s
  150   2   1  -1       0.95936893  p_y
  150   2   1   0       0.94022341  p_z
  150   2   1   1       0.96322196  p_x
  151   1   0   0       0.94292133  s
  152   1   0   0       0.95100813  s
  153   1   0   0       1.25073191  s
  153   2   1  -1       1.00067411  p_y
  153   2   1   0       0.97056262  p_z
  153   2   1   1       0.96989253  p_x
  154   1   0   0       0.94627415  s
  155   1   0   0       0.94361379  s
  156   1   0   0       0.94227963  s
  157   1   0   0       1.26962660  s
  157   2   1  -1       0.98734486  p_y
  157   2   1   0       0.98454545  p_z
  157   2   1   1       0.94757366  p_x
  158   1   0   0       0.93040554  s
  159   1   0   0       0.93383051  s
  160   1   0   0       0.94893259  s
  161   1   0   0       1.22912856  s
  161   2   1  -1       0.93842659  p_y
  161   2   1   0       0.95386962  p_z
  161   2   1   1       0.97011834  p_x
  162   1   0   0       0.93556617  s
  163   1   0   0       0.92918419  s
  164   1   0   0       1.24136173  s
  164   2   1  -1       0.91105700  p_y
  164   2   1   0       1.00291503  p_z
  164   2   1   1       0.96844119  p_x
  165   1   0   0       0.91985741  s
  166   1   0   0       0.94847319  s
  167   1   0   0       1.23643654  s
  167   2   1  -1       0.93233146  p_y
  167   2   1   0       0.93897500  p_z
  167   2   1   1       0.96671967  p_x
  168   1   0   0       0.94434477  s
  169   1   0   0       0.94443291  s
  170   1   0   0       1.22559743  s
  170   2   1  -1       0.97256371  p_y
  170   2   1   0       0.94320106  p_z
  170   2   1   1       0.97290725  p_x
  171   1   0   0       0.94407920  s
  172   1   0   0       0.94137546  s
  173   1   0   0       1.22707631  s
  173   2   1  -1       0.98510241  p_y
  173   2   1   0       0.93181840  p_z
  173   2   1   1       0.95197255  p_x
  174   1   0   0       0.93718975  s
  175   1   0   0       0.93807119  s
  176   1   0   0       1.24814092  s
  176   2   1  -1       0.99874955  p_y
  176   2   1   0       0.96821883  p_z
  176   2   1   1       0.93635418  p_x
  177   1   0   0       0.94430657  s
  178   1   0   0       0.92405482  s
  179   1   0   0       1.26920206  s
  179   2   1  -1       0.93779411  p_y
  179   2   1   0       1.00058773  p_z
  179   2   1   1       0.92154093  p_x
  180   1   0   0       0.94430625  s
  181   1   0   0       0.94496793  s
  182   1   0   0       1.22093914  s
  182   2   1  -1       0.94506422  p_y
  182   2   1   0       0.96470441  p_z
  182   2   1   1       0.94364187  p_x
  183   1   0   0       0.95205819  s
  184   1   0   0       0.93737861  s
  185   1   0   0       1.24968280  s
  185   2   1  -1       0.99238738  p_y
  185   2   1   0       0.95203037  p_z
  185   2   1   1       0.96698121  p_x
  186   1   0   0       0.95461935  s
  187   1   0   0       0.92889960  s
  188   1   0   0       0.93814028  s
  189   1   0   0       1.25157620  s
  189   2   1  -1       0.98174573  p_y
  189   2   1   0       1.01516715  p_z
  189   2   1   1       0.95854968  p_x
  190   1   0   0       0.92272383  s
  191   1   0   0       0.93949932  s
  192   1   0   0       0.94428282  s
  193   1   0   0       1.24532112  s
  193   2   1  -1       0.94469599  p_y
  193   2   1   0       0.93676642  p_z
  193   2   1   1       0.96448070  p_x
  194   1   0   0       0.95845600  s
  195   1   0   0       0.95034532  s
  196   1   0   0       1.26127855  s
  196   2   1  -1       0.95256087  p_y
  196   2   1   0       0.94406811  p_z
  196   2   1   1       0.93908508  p_x
  197   1   0   0       0.97227754  s
  198   1   0   0       0.93973621  s
  199   1   0   0       1.23590662  s
  199   2   1  -1       0.97000806  p_y
  199   2   1   0       0.94382183  p_z
  199   2   1   1       0.94764493  p_x
  200   1   0   0       0.93924206  s
  201   1   0   0       0.93310632  s
  202   1   0   0       1.27101696  s
  202   2   1  -1       0.95697058  p_y
  202   2   1   0       0.93511563  p_z
  202   2   1   1       0.93923799  p_x
  203   1   0   0       0.97696318  s
  204   1   0   0       0.94441682  s
  205   1   0   0       1.24925398  s
  205   2   1  -1       0.95265501  p_y
  205   2   1   0       0.99112033  p_z
  205   2   1   1       0.91531028  p_x
  206   1   0   0       0.96651200  s
  207   1   0   0       0.93306791  s
  208   1   0   0       1.22639411  s
  208   2   1  -1       0.95506414  p_y
  208   2   1   0       0.97374267  p_z
  208   2   1   1       0.94545082  p_x
  209   1   0   0       0.93382492  s
  210   1   0   0       0.93596993  s
  211   1   0   0       1.22533228  s
  211   2   1  -1       0.94896248  p_y
  211   2   1   0       0.94944077  p_z
  211   2   1   1       0.98246067  p_x
  212   1   0   0       0.95164208  s
  213   1   0   0       0.94371620  s
  214   1   0   0       1.21632892  s
  214   2   1  -1       0.96604535  p_y
  214   2   1   0       0.93503569  p_z
  214   2   1   1       0.95045132  p_x
  215   1   0   0       0.95104429  s
  216   1   0   0       0.97310723  s
  217   1   0   0       1.25411820  s
  217   2   1  -1       1.00080331  p_y
  217   2   1   0       0.96711712  p_z
  217   2   1   1       0.99784891  p_x
  218   1   0   0       0.91764060  s
  219   1   0   0       0.93236799  s
  220   1   0   0       0.93642846  s
  221   1   0   0       1.26290747  s
  221   2   1  -1       0.98264753  p_y
  221   2   1   0       0.97024929  p_z
  221   2   1   1       0.97592566  p_x
  222   1   0   0       0.95218873  s
  223   1   0   0       0.94668243  s
  224   1   0   0       0.92759616  s
  225   1   0   0       1.23717610  s
  225   2   1  -1       0.95269156  p_y
  225   2   1   0       0.97381060  p_z
  225   2   1   1       0.92439461  p_x
  226   1   0   0       0.94025099  s
  227   1   0   0       0.94681756  s
  228   1   0   0       1.26143248  s
  228   2   1  -1       0.96856154  p_y
  228   2   1   0       0.97182963  p_z
  228   2   1   1       0.94864933  p_x
  229   1   0   0       0.93697599  s
  230   1   0   0       0.94736043  s
  231   1   0   0       1.25124132  s
  231   2   1  -1       0.98201365  p_y
  231   2   1   0       0.97516128  p_z
  231   2   1   1       0.93317989  p_x
  232   1   0   0       0.91302691  s
  233   1   0   0       0.92940623  s
  234   1   0   0       1.24967562  s
  234   2   1  -1       0.98881674  p_y
  234   2   1   0       0.94814439  p_z
  234   2   1   1       0.91664007  p_x
  235   1   0   0       0.94080678  s
  236   1   0   0       0.93926170  s
  237   1   0   0       1.24687442  s
  237   2   1  -1       0.97500673  p_y
  237   2   1   0       0.92904915  p_z
  237   2   1   1       0.96669211  p_x
  238   1   0   0       0.95184752  s
  239   1   0   0       0.94364883  s
  240   1   0   0       1.22422780  s
  240   2   1  -1       0.92448408  p_y
  240   2   1   0       0.96917967  p_z
  240   2   1   1       1.00954234  p_x
  241   1   0   0       0.93689471  s
  242   1   0   0       0.93425004  s
  243   1   0   0       1.25887040  s
  243   2   1  -1       0.94976868  p_y
  243   2   1   0       0.93900050  p_z
  243   2   1   1       0.94426796  p_x
  244   1   0   0       0.92783683  s
  245   1   0   0       0.96775747  s
  246   1   0   0       1.23736490  s
  246   2   1  -1       0.98323576  p_y
  246   2   1   0       0.93957865  p_z
  246   2   1   1       0.95157783  p_x
  247   1   0   0       0.92483784  s
  248   1   0   0       0.94503579  s
  249   1   0   0       1.26398247  s
  249   2   1  -1       0.98549823  p_y
  249   2   1   0       0.97993344  p_z
  249   2   1   1       0.96171855  p_x
  250   1   0   0       0.94392429  s
  251   1   0   0       0.93380152  s
  252   1   0   0       0.94332292  s
  253   1   0   0       1.27007641  s
  253   2   1  -1       0.96578020  p_y
  253   2   1   0       0.99566038  p_z
  253   2   1   1       0.95906116  p_x
  254   1   0   0       0.95682004  s
  255   1   0   0       0.94193303  s
  256   1   0   0       0.93828921  s
  257   1   0   0       1.21688130  s
  257   2   1  -1       0.99086535  p_y
  257   2   1   0       0.97551728  p_z
  257   2   1   1       0.93429512  p_x
  258   1   0   0       0.93894812  s
  259   1   0   0       0.93832148  s
  260   1   0   0       1.23681118  s
  260   2   1  -1       0.95110626  p_y
  260   2   1   0       0.93420978  p_z
  260   2   1   1       0.96266240  p_x
  261   1   0   0       0.94651594  s
  262   1   0   0       0.93950688  s
  263   1   0   0       1.24542331  s
  263   2   1  -1       0.94714014  p_y
  263   2   1   0       0.94051812  p_z
  263   2   1   1       0.98598854  p_x
  264   1   0   0       0.94736299  s
  265   1   0   0       0.92259250  s
  266   1   0   0       1.27701360  s
  266   2   1  -1       0.96307421  p_y
  266   2   1   0       0.97091552  p_z
  266   2   1   1       0.95419802  p_x
  267   1   0   0       0.94895788  s
  268   1   0   0       0.94679479  s
  269   1   0   0       1.25411739  s
  269   2   1  -1       0.93125299  p_y
  269   2   1   0       0.96648051  p_z
  269   2   1   1       0.96078670  p_x
  270   1   0   0       0.94589556  s
  271   1   0   0       0.94100114  s
  272   1   0   0       1.21583716  s
  272   2   1  -1       0.96808536  p_y
  272   2   1   0       0.93105389  p_z
  272   2   1   1       1.00754796  p_x
  273   1   0   0       0.91694390  s
  274   1   0   0       0.92815466  s
  275   1   0   0       1.25084231  s
  275   2   1  -1       0.95516091  p_y
  275   2   1   0       0.92468813  p_z
  275   2   1   1       0.98070436  p_x
  276   1   0   0       0.95009041  s
  277   1   0   0       0.96737838  s
  278   1   0   0       1.24128294  s
  278   2   1  -1       0.93524365  p_y
  278   2   1   0       0.95224887  p_z
  278   2   1   1       0.97937653  p_x
  279   1   0   0       0.94938007  s
  280   1   0   0       0.94944824  s
  281   1   0   0       1.27415604  s
  281   2   1  -1       0.97148483  p_y
  281   2   1   0       0.97681773  p_z
  281   2   1   1       0.96679358  p_x
  282   1   0   0       0.95281699  s
  283   1   0   0       0.93781486  s
  284   1   0   0       0.92708616  s
  285   1   0   0       1.27422972  s
  285   2   1  -1       0.95275828  p_y
  285   2   1   0       0.98166327  p_z
  285   2   1   1       0.97884042  p_x
  286   1   0   0       0.91785462  s
  287   1   0   0       0.92656624  s
  288   1   0   0       0.94092989  s
  289   1   0   0       1.22227283  s
  289   2   1  -1       0.95820598  p_y
  289   2   1   0       0.97010722  p_z
  289   2   1   1       0.96168898  p_x
  290   1   0   0       0.94583998  s
  291   1   0   0       0.94622605  s
  292   1   0   0       1.21909994  s
  292   2   1  -1       0.96085954  p_y
  292   2   1   0       0.96280792  p_z
  292   2   1   1       0.96664326  p_x
  293   1   0   0       0.93158045  s
  294   1   0   0       0.94672108  s
  295   1   0   0       1.26676857  s
  295   2   1  -1       0.98884526  p_y
  295   2   1   0       0.92978499  p_z
  295   2   1   1       0.94877988  p_x
  296   1   0   0       0.96773825  s
  297   1   0   0       0.91223594  s
  298   1   0   0       1.25484092  s
  298   2   1  -1       0.94882882  p_y
  298   2   1   0       0.93198048  p_z
  298   2   1   1       0.94889178  p_x
  299   1   0   0       0.98359952  s
  300   1   0   0       0.92620261  s
  301   1   0   0       1.25688863  s
  301   2   1  -1       0.92496276  p_y
  301   2   1   0       0.96660853  p_z
  301   2   1   1       0.95335548  p_x
  302   1   0   0       0.91944325  s
  303   1   0   0       0.95528141  s
  304   1   0   0       1.31129891  s
  304   2   1  -1       0.93049536  p_y
  304   2   1   0       0.92441293  p_z
  304   2   1   1       0.98840157  p_x
  305   1   0   0       0.93055647  s
  306   1   0   0       0.93586455  s
  307   1   0   0       1.25543049  s
  307   2   1  -1       0.93279414  p_y
  307   2   1   0       0.92248665  p_z
  307   2   1   1       0.91969541  p_x
  308   1   0   0       0.95485836  s
  309   1   0   0       0.91949450  s
  310   1   0   0       1.28555606  s
  310   2   1  -1       0.94083845  p_y
  310   2   1   0       0.97479382  p_z
  310   2   1   1       0.94002325  p_x
  311   1   0   0       0.91455310  s
  312   1   0   0       0.95576281  s
  313   1   0   0       1.28986619  s
  313   2   1  -1       0.98137659  p_y
  313   2   1   0       0.96322066  p_z
  313   2   1   1       0.96361628  p_x
  314   1   0   0       0.96220571  s
  315   1   0   0       0.91855244  s
  316   1   0   0       0.93564250  s
  317   1   0   0       1.31978466  s
  317   2   1  -1       0.95688596  p_y
  317   2   1   0       0.93554585  p_z
  317   2   1   1       0.95681964  p_x
  318   1   0   0       0.93275292  s
  319   1   0   0       0.93019204  s
  320   1   0   0       0.94743681  s
  321   1   0   0       1.24562763  s
  321   2   1  -1       0.94691523  p_y
  321   2   1   0       0.92799032  p_z
  321   2   1   1       0.99732976  p_x
  322   1   0   0       0.93858880  s
  323   1   0   0       0.93402027  s
  324   1   0   0       1.26696670  s
  324   2   1  -1       0.94557534  p_y
  324   2   1   0       0.93869719  p_z
  324   2   1   1       0.96686328  p_x
  325   1   0   0       0.94605888  s
  326   1   0   0       0.94568578  s
  327   1   0   0       1.23429238  s
  327   2   1  -1       0.98793423  p_y
  327   2   1   0       0.92962575  p_z
  327   2   1   1       0.98246383  p_x
  328   1   0   0       0.91703018  s
  329   1   0   0       0.93541869  s
  330   1   0   0       1.24542971  s
  330   2   1  -1       0.96086600  p_y
  330   2   1   0       0.95827627  p_z
  330   2   1   1       0.95798132  p_x
  331   1   0   0       0.93058763  s
  332   1   0   0       0.95629611  s
  333   1   0   0       1.25927931  s
  333   2   1  -1       0.96873322  p_y
  333   2   1   0       0.93549873  p_z
  333   2   1   1       0.96364276  p_x
  334   1   0   0       0.93328452  s
  335   1   0   0       0.93294655  s
  336   1   0   0       1.25171404  s
  336   2   1  -1       0.92599560  p_y
  336   2   1   0       0.96872370  p_z
  336   2   1   1       0.99115642  p_x
  337   1   0   0       0.94405822  s
  338   1   0   0       0.93765640  s
  339   1   0   0       1.23180969  s
  339   2   1  -1       0.93571745  p_y
  339   2   1   0       0.96892060  p_z
  339   2   1   1       0.96121979  p_x
  340   1   0   0       0.96088053  s
  341   1   0   0       0.94124774  s
  342   1   0   0       1.21125869  s
  342   2   1  -1       0.94377990  p_y
  342   2   1   0       0.98029698  p_z
  342   2   1   1       0.97441809  p_x
  343   1   0   0       0.92677903  s
  344   1   0   0       0.92789832  s
  345   1   0   0       1.29379207  s
  345   2   1  -1       0.99557026  p_y
  345   2   1   0       0.94822948  p_z
  345   2   1   1       0.96261658  p_x
  346   1   0   0       0.95092193  s
  347   1   0   0       0.93709369  s
  348   1   0   0       0.92522202  s
  349   1   0   0       1.26028994  s
  349   2   1  -1       0.95659163  p_y
  349   2   1   0       1.00202266  p_z
  349   2   1   1       0.99927221  p_x
  350   1   0   0       0.93084449  s
  351   1   0   0       0.92055510  s
  352   1   0   0       0.94351155  s
 
Fermi level:                        -0.1465623237 H           -3.9882 eV
Band energy:                      -277.7158456822 H        -7557.0327 eV
TS:                                  0.0000000000 H            0.0000 eV
Band free energy (E-TS):          -277.7158456822 H        -7557.0327 eV
Extrapolated E(0K):               -277.7158456822 H        -7557.0327 eV
Input / Output electrons (q):    682.0000000000    682.0000000000
 
Energy H0:                        -282.4384361725 H        -7685.5409 eV
Energy SCC:                          0.0790230476 H            2.1503 eV
Total Electronic energy:          -282.3594131249 H        -7683.3906 eV
Repulsive energy:                    4.5409421120 H          123.5653 eV
Dispersion energy:                   1.1159747593 H           30.3672 eV
Total energy:                     -276.7024962536 H        -7529.4580 eV
Extrapolated to 0:                -276.7024962536 H        -7529.4580 eV
Total Mermin free energy:         -276.7024962536 H        -7529.4580 eV
Force related energy:             -276.7024962536 H        -7529.4580 eV
 
SCC converged
 
Full geometry written in geo_end.{xyz|gen}
 
MD Kinetic Energy:                   0.9601800200 H
Total MD Energy:                  -275.7423162335 H
Pressure:                           -0.106027E-04 au    -0.311941E+09 Pa
MD Temperature:                      0.0018237037 H          575.8794 K
MD Kinetic Energy:                   0.9601800200 H
Total MD Energy:                  -275.7423162335 H        -7503.3302 eV
MD Temperature:                      0.0018237037 H          575.8794 K
 
Molecular dynamics completed
 
