 Fermi distribution function
 
MD step: 100000
 

********************************************************************************
 iSCC Total electronic   Diff electronic      SCC error    
    7   -0.28240271E+03    0.68212103E-12    0.22721581E-06
********************************************************************************
 
Coordinates of moved atoms (au):
    1     76.84242373     57.77680527     78.45791582
    2     76.04760348     57.45127443     80.45137945
    3     77.70748034     59.51556355     79.06926597
    4     78.87039803     84.79784511     77.94635913
    5     80.18150382     84.89628850     79.52446231
    6     50.80140730     85.30714306     76.09258641
    7     77.84328592     82.14902871     78.24438149
    8     46.84753722     82.18801433     77.52330444
    9     77.78358556     81.56421564     80.12888420
   10     50.11372143     80.15520161     76.30645811
   11     52.23858803     80.04662612     76.52549375
   12     49.43247757     80.70022061     74.54604891
   13     78.58892979     77.27836640     76.72854788
   14     79.10359793     76.92724694     78.68402132
   15     79.61937954     76.25724909     75.38062133
   16     46.98625012     76.68610146     76.25030419
   17     46.84736972     74.74712295     75.25888370
   18     46.08992590     77.76807662     74.59855303
   19     74.73265682     76.30524558     78.84633665
   20     72.58310558     76.46589686     78.74801788
   21     75.15710794     77.81613026     80.09464364
   22     75.63865733     73.37766881     79.95968900
   23     48.55035723     73.65567519     80.67746949
   24     47.01809295     72.17131998     78.15022652
   25     74.57300281     57.98781234     76.72438169
   26     75.18698798     58.55114180     75.01723441
   27     73.85130424     56.03526369     76.73287122
   28     73.27164394     59.10694942     77.61145845
   29     73.62376449     72.27475922     81.79500965
   30     74.24047783     70.91862956     83.20358478
   31     72.18306567     73.87124923     82.36660440
   32     72.02677036     71.25100778     80.99886617
   33     48.30646336     46.31930320     58.37035526
   34     48.93259168     47.26844028     60.21788381
   35     46.13209294     46.22986354     58.28625666
   36     49.51583435     47.65565324     56.31762327
   37     48.13425734     48.26793062     55.02492230
   38     50.48151593     46.09063031     54.84318535
   39     51.29623632     49.80225170     56.84132037
   40     52.91792405     49.71504481     55.76037499
   41     51.87156629     49.62590674     58.88534934
   42     50.16439217     52.48149459     56.84537879
   43     78.86191990     53.18113643     54.84556555
   44     51.40135726     53.54429279     57.92826459
   45     47.47969235     52.75582876     57.90835779
   46     47.09720840     52.32825446     60.04861924
   47     75.00170858     51.68822390     57.26225434
   48     75.27847368     55.55337737     57.28993878
   49     76.69466264     56.89048921     56.35008624
   50     75.16156476     56.64265528     58.99490396
   51     43.98565857     55.98325613     55.77172059
   52     43.59379786     58.07952212     55.41725692
   53     44.00402498     54.78398607     53.87312403
   54    116.51018664     44.42991326     74.11565355
   55     71.65810482     44.37113496     72.65944248
   56     77.74197675     59.23755131     72.64943181
   57     48.89974680     43.32072636     58.22136370
   58     50.88387419     42.79963192     58.16404962
   59     48.15192612     42.34499132     59.86359098
   60     47.86178830     42.73465785     56.74242207
   61     42.44094409     42.35031818     73.56986589
   62     43.86324831     40.86540957     73.18779909
   63     42.13253405     43.20544724     75.34950664
   64     40.95782462     41.81679537     72.50700065
   65     87.99729089     82.74410678     60.52684461
   66     85.88073920     82.55719092     60.65402529
   67     88.27816090     84.62706087     60.76654725
   68     89.10502124     81.14177577     62.61343756
   69     88.67814073     81.87926913     64.66556288
   70     91.20183854     80.86136414     62.84194420
   71     88.10451414     78.35353720     62.22922590
   72     89.19544012     77.32179471     63.75958008
   73     88.65370011     77.57897015     60.44904694
   74     85.41050334     48.65536916     62.53517358
   75     85.27294062     46.63109210     62.01336077
   76     84.48126901     49.66407370     60.85781923
   77     84.19290998     49.08573449     64.97106339
   78     85.21506879     79.66955878     65.93381796
   79     84.82113310     76.33113598     66.10365903
   80     81.13544892     49.34093416     64.80382528
   81     80.88291617     49.73822453     66.76528482
   82     80.12552887     47.53649633     64.15101588
   83     79.99581087     51.63126859     63.34179309
   84     77.72965310     51.61579214     63.48552859
   85     80.90441217     51.95603255     61.32395551
   86     80.70573649     54.40946420     64.55861111
   87     80.80115383     55.92584387     63.17702319
   88     82.48571403     54.65097238     65.66147107
   89     89.07734058     82.18920295     57.84914292
   90     88.59344727     83.70251071     56.44668500
   91     91.27108131     82.45226380     57.81517617
   92     88.69944598     80.29679127     56.94134351
   93     78.53053130     55.39946162     66.44475420
   94     77.73946184     57.15340266     65.72739214
   95     76.87203115     54.20188320     66.63529953
   96     79.35548661     55.70994356     68.36738387
   97     37.51802752     56.11889805     88.49396527
   98     36.63651746     57.18094114     86.91519504
   99     36.71802355     53.94071721     88.57719069
  100     40.30473236     56.49565794     88.01139590
  101     41.32712901     56.55168602     90.16212200
  102     40.72125016     58.36613382     87.45960594
  103     41.81987572     54.53596271     86.08849972
  104     40.15828526     53.89141833     84.81865031
  105     42.38443427     52.76247367     87.19035292
  106     60.58215448     55.33823892     40.76630933
  107     48.08252203     88.43331991     42.18832278
  108     62.14641056     56.57883938     41.58877670
  109     58.19083046     55.53273274     41.63671783
  110     56.83091822     54.15063196     40.83118031
  111     61.05032477     54.09371914     39.07564941
  112     58.08873735     57.11346221     44.25329923
  113     56.39618262     58.18562314     44.12404616
  114     59.91238428     58.05012176     44.65372600
  115     57.65583309     55.49419747     46.63675033
  116     56.62154431     53.85611191     45.88684571
  117     56.32836066     56.36552456     47.84898921
  118     59.91098424     54.93392102     48.04827749
  119     61.13569912     56.74788914     47.83930779
  120     60.97372993     53.54551495     47.19141492
  121     37.05946181     57.42430928     91.01626348
  122     38.27931473     59.00664681     91.15891243
  123     35.11212407     58.02810175     91.03066442
  124     37.28640233     56.06474584     92.44906764
  125     59.56551176     54.55102584     50.85342623
  126     58.63547691     56.35277564     51.46818066
  127     58.20441548     52.77346716     51.30880307
  128     61.27657698     54.60435344     52.07451537
  129     79.38638385     64.10742085     58.37171426
  130     80.34537216     62.30795811     58.21566056
  131     80.72973221     65.35523573     57.09685083
  132     76.75363789     63.35860158     57.35323920
  133     75.52442421     62.10024079     58.60129494
  134     76.89553582     62.27000952     55.49648443
  135     75.20154895     65.65664423     56.62816105
  136     75.81989751     66.71309754     54.88670458
  137     75.28824706     66.88805967     58.48994642
  138     72.38655624     65.27338462     55.91753879
  139     72.17219182     63.68092412     54.33771150
  140     71.89926623     66.87478227     54.70241270
  141     70.71308869     64.91090261     58.12170459
  142     71.50331221     66.14507225     59.62482351
  143     70.92574739     62.74511886     58.64566475
  144     67.97448488     65.31048958     57.76596275
  145     66.84107734     64.64801984     59.38060072
  146     67.14570117     63.75052772     56.55441848
  147     66.97031249     67.86577259     56.72442334
  148     68.41824066     69.53300308     56.91691265
  149     65.37200260     68.35871068     57.90383283
  150     65.98264629     67.52068000     53.98330145
  151     63.92245585     66.78168711     54.40240206
  152     67.00582515     65.89636615     53.03258698
  153     79.31088838     65.22211037     60.98291192
  154     77.49941322     35.98366336     61.98200204
  155     80.77161851     64.46270167     62.19461703
  156     79.43414893     67.36097733     60.75634952
  157     65.64015140     69.62165885     52.05033973
  158     65.60706154     68.72789729     50.02315860
  159     64.17804600     70.82436690     52.37116852
  160     67.30567594     70.87146465     52.28651071
  161     69.69036871     66.92792895     65.02690590
  162     68.97037090     65.81762126     63.43935229
  163     68.51756128     68.56722866     65.00795825
  164     69.36243515     65.31820096     67.35606486
  165     67.43749422     64.66003000     67.51725195
  166     70.03211560     65.95651722     69.22747533
  167     70.91616572     62.78989084     67.12512633
  168     72.98965827     63.27058197     67.54419803
  169     70.57324880     62.13854507     65.17679068
  170     70.45019867     60.81595018     69.08422120
  171     68.37184938     60.95935273     69.39071134
  172     71.40592217     61.52788010     70.95131045
  173     71.77669813     87.17049174     68.27140935
  174     73.73561991     87.68549766     67.50916184
  175     70.69335197     57.57927622     66.49612913
  176     71.70196347     85.04562760     70.22115700
  177     72.32702120     85.86783982     72.06162254
  178     73.22169933     83.60535458     69.89805864
  179     69.23143553     83.34429706     70.32131317
  180     67.67124826     84.14636541     71.75659194
  181     69.72233336     81.31686068     70.79747297
  182     67.48933854     83.06685763     67.84142494
  183     66.11818848     84.85141545     67.91572031
  184     66.33999548     81.57653137     68.70507635
  185     72.37790156     67.95144656     64.74555996
  186     72.89896306     69.02649854     66.42390827
  187     73.87050494     66.65557317     64.36033985
  188     72.27242337     69.51846190     92.16763065
  189     68.30090342     81.94756341     65.42954784
  190     69.07318387     83.18759795     63.89857301
  191     69.91182470     80.72575329     65.78647044
  192     66.51428119     80.86748782     64.72968540
  193     66.89077831     60.58470728     76.81417432
  194     68.54869185     60.99924724     75.87733751
  195     66.63535231     91.44829479     77.77696675
  196     64.69307312     60.36681062     74.80194769
  197     63.04529172     59.82494677     75.79173489
  198     65.28213676     87.70224817     73.78436760
  199     63.91379613     62.55877616     72.92841573
  200     62.16849593     62.47844022     71.84230736
  201     65.63736019     62.88957359     71.63231823
  202     63.67079596     65.02300066     74.32596050
  203     64.72255888     64.91995606     76.08966299
  204     61.65746567     65.00893628     74.90938570
  205     64.15699922     67.62591124     72.96308903
  206     66.13943219     67.98974560     72.24365116
  207     63.74079978     69.09760760     74.42336525
  208     62.06662412     67.78629540     70.68526206
  209     60.09502760     67.51287279     71.81267729
  210     62.04147046     66.17520068     69.32464139
  211     62.22315792     99.16697006     69.32182640
  212     64.08697264     98.96181099     68.47826160
  213     62.45515631    100.68443879     70.63573945
  214     59.95200327     99.98460726     67.44989929
  215     60.63705363    100.26141696     65.39803592
  216     59.37263191    101.93969325     68.06248520
  217     66.76439081     58.14735794     78.47666119
  218     68.45718508     57.53343550     50.41664769
  219     64.88749747     57.89459652     50.39492136
  220     66.59926019     56.36504855     77.23877804
  221     57.45910252     98.44695227     67.61088092
  222     57.10498762     98.22857467     69.58624506
  223     55.78675293     99.57269896     66.72851842
  224     57.65751334     96.62807985     66.68483324
  225     67.17891188     75.29347555     68.42997293
  226     67.90833328     74.64298705     70.34246460
  227     68.47726436     77.11345311     68.36024902
  228     67.34723750     44.49924240     66.19898838
  229     65.50279560     43.59147775     65.81235595
  230     68.75852478     43.16338346     67.05414501
  231     68.42244308     74.65105827     63.86909708
  232     69.97039899     73.66077063     63.03022426
  233     69.42806135     76.29561903     64.53859589
  234     66.51065943     75.44046242     61.91471489
  235     65.17936014     76.87930212     62.71819009
  236     65.31761061     74.12206558     60.99796939
  237     67.80195961     76.84095639     59.49626720
  238     69.80046021     76.17035715     59.66828192
  239     67.66692239     49.93881372     60.13547810
  240     66.66909749     76.27973420     56.75092734
  241     64.67093974     48.38705444     56.84951419
  242     66.53714630     45.45696835     56.42916431
  243     68.03255247     77.71795609     54.76968418
  244     70.23748056     77.25051234     54.58218501
  245     68.03926565     79.62729829     55.40945158
  246     67.26888717     77.27609359     51.90553415
  247     65.08956932     77.08339741     51.79262654
  248     68.08274874     75.58583262     51.05299666
  249     64.65253667     47.63651838     68.48076152
  250     62.92751425     46.41697321     68.16500384
  251     64.75193716     48.50229630     70.41075722
  252     64.85256517     48.81832479     66.73611483
  253     67.91046097     79.71063072     50.48357395
  254     69.89157681     80.50815414     50.61536612
  255     67.42960378     79.25947599     48.49068770
  256     66.71457286     81.34983806     79.73351284
  257     59.17303612     60.43219207     64.53772766
  258     59.42823164     58.60415943     65.56649363
  259     59.26888746     60.37157213     62.41095550
  260     56.46085318     61.15380057     65.42642876
  261     55.23721778     59.71760067     64.37467391
  262     55.73163028     62.86826256     64.34778651
  263     56.10315941     61.33900361     68.23371820
  264     57.68151961     62.03147048     69.42548176
  265     55.58641275     59.54253803     69.08641081
  266     54.08183043     63.18165865     68.96447818
  267     55.07821029     65.04387388     68.94888675
  268     53.55458585     63.19730267     70.88396788
  269     51.65871350     63.22562453     67.66120095
  270     50.42072593     61.58558870     68.18325325
  271     51.92458097     62.82672657     65.80818234
  272     49.87219210     65.56348922     68.08443220
  273     48.90606108     65.38109424     69.97999906
  274     48.36546261     65.19881589     66.72730340
  275     51.15577523     68.17096777     68.30946128
  276     52.28451903     68.61123456     66.77911148
  277     52.22962556     67.95979816     70.11824844
  278     49.32302533     70.41885042     68.59945939
  279     49.15306739     71.16723300     70.42801841
  280     47.22166580     69.81577596     68.34117888
  281     61.19580601     62.19651309     65.26138553
  282     61.52406978     62.81827441     67.20018884
  283     62.95820378     61.06546494     65.21006937
  284     61.55758971     63.86793745     63.96039147
  285     49.65977326     72.76553571     66.92279858
  286     51.29620127     73.92317268     67.60975319
  287     50.05852133     72.34329346     64.95889551
  288     47.91176139     73.81429060     67.12829243
  289     60.76284020     61.04007811     83.66836543
  290     60.88821939     59.29863531     82.52637309
  291     62.63986199     61.82235508     83.62433924
  292     58.85333675     62.85373636     82.30578283
  293     59.93820089     63.50415016     80.86504869
  294     58.03748344     64.46189700     83.56440826
  295     56.64045234     61.57835600     80.94918546
  296     55.46525481     60.61227400     82.38178308
  297     57.36207620     60.11638952     50.51427145
  298     55.08699657     63.64268766     50.77858624
  299     56.17720111     64.14746256     78.11166587
  300     55.04481075     65.43285018     51.87848162
  301     52.43280901     62.72747569     50.07845268
  302     51.45492811     62.67775293     51.99191353
  303     52.20275013     60.57556745     78.64113907
  304     50.71942451     64.06756658     48.20930666
  305     49.87640264     62.62322605     46.71800564
  306     51.64936856     65.37044941     46.93037074
  307     48.33057604     65.24375458     49.78231213
  308     49.15741456     66.74645995     51.08140833
  309     47.76475201     63.72938315     51.19440441
  310     46.46590271     66.11859794     47.67588623
  311     47.29369208     66.29387194     45.75068824
  312     46.11081060     68.11512469     48.04041132
  313     60.30977977     60.14206498     86.42278616
  314     60.57434635     61.57125184     87.96366655
  315     58.47041881     59.31810293     86.52471940
  316     61.62158332     58.39931592     86.50589364
  317     44.01482981     64.59907762     47.98650000
  318     43.31820606     63.47098968     46.30309784
  319     43.99073945     63.50362442     49.70956146
  320     42.39527859     65.90305674     48.24333557
  321     89.06823813     75.01430556     46.54498773
  322     87.11115436     73.81636021     43.05371489
  323     87.23972596     71.61154982     45.95935992
  324     89.63342482     74.58367224     78.27678147
  325     90.84993103     75.87732420     79.11873105
  326     90.34415180     72.74316173     78.86003804
  327     87.05576990     74.98409612     79.94308210
  328     86.11479326     73.21921014     79.44235951
  329     85.85561980     76.74277054     79.48208713
  330     87.80200017     75.19923804     82.78588225
  331     88.53314059     77.17293905     83.34969196
  332     89.72732307     74.21171928     82.94219639
  333     86.09608095     74.06310873     84.80888045
  334     84.19519580     74.73554737     84.26121595
  335     86.74896197     75.23169429     86.55798417
  336     86.45633933     71.28273671     85.31688407
  337     86.61743138     69.96710264     83.56961217
  338     84.79804766     70.52737501     86.39638252
  339     88.58400471     70.59331123     86.97070889
  340     88.64633857     71.89454319     88.88082236
  341     90.27291487     70.87799846     85.99704675
  342     88.85785084     67.68329643     87.50247109
  343     90.80486362     67.68623756     88.60241297
  344     89.54682753     67.03403179     85.74757881
  345     89.75591891     77.69741612     46.15183686
  346     88.29851999     78.86275067     46.82620906
  347     91.47630958     78.30023013     47.11302253
  348     90.36141557     78.40125582     44.38168954
  349     86.63045795     66.15227062     88.75330613
  350     86.83338966     66.46545928     90.70764299
  351     84.63396974     67.10716766     88.05184066
  352     86.44042658     64.33338728     87.59989019
 
 Total charge:     0.00000000

 Atomic gross charges (e)
 Atom           Charge
    1      -0.11256224
    2       0.02297326
    3       0.06205284
    4      -0.09756695
    5       0.05540556
    6       0.05894952
    7      -0.11855172
    8       0.04379800
    9       0.07652421
   10      -0.14491808
   11       0.04879756
   12       0.07903753
   13      -0.11713522
   14       0.06835985
   15       0.07009162
   16      -0.08807510
   17       0.02229743
   18       0.05430039
   19      -0.12802523
   20       0.04251966
   21       0.07128913
   22      -0.10293081
   23       0.07449846
   24       0.04800406
   25      -0.23224909
   26       0.09644577
   27       0.06843361
   28       0.08477408
   29      -0.21309318
   30       0.08432753
   31       0.06096152
   32       0.06193856
   33      -0.07725297
   34       0.04939536
   35       0.04325383
   36      -0.07411544
   37       0.06439099
   38       0.00508599
   39      -0.12536032
   40       0.07797797
   41       0.05163438
   42      -0.10350289
   43       0.05621154
   44       0.07802742
   45      -0.12625836
   46       0.04057675
   47       0.08744664
   48      -0.12770034
   49       0.03211825
   50       0.06252686
   51      -0.06624515
   52       0.06466156
   53       0.03585393
   54      -0.28182447
   55       0.04901519
   56       0.00359299
   57      -0.24287264
   58       0.07544613
   59       0.06025110
   60       0.09169881
   61      -0.34057064
   62       0.09414927
   63       0.10594862
   64       0.09213293
   65      -0.08892913
   66       0.05388635
   67       0.07135797
   68      -0.09027028
   69       0.03616165
   70       0.05364803
   71      -0.11882254
   72       0.03157392
   73       0.06687302
   74      -0.08175368
   75       0.04530725
   76       0.03502688
   77      -0.09633033
   78       0.05572507
   79       0.04652754
   80      -0.12312358
   81       0.07341970
   82       0.06443306
   83      -0.09072596
   84       0.05789414
   85       0.06196740
   86      -0.13416786
   87       0.06121557
   88       0.06411886
   89      -0.19298617
   90       0.05454657
   91       0.04543980
   92       0.06551332
   93      -0.22087589
   94       0.06390253
   95       0.06913090
   96       0.06003170
   97      -0.07633088
   98       0.05311465
   99       0.03651690
  100      -0.11290678
  101       0.00397232
  102       0.07024712
  103      -0.12275530
  104       0.04512525
  105       0.06393917
  106      -0.20259770
  107      -0.00336434
  108       0.08171791
  109      -0.10853030
  110       0.10211784
  111       0.07705564
  112      -0.11551467
  113       0.07603896
  114       0.07970858
  115      -0.11020746
  116       0.05424998
  117       0.06276921
  118      -0.08482048
  119       0.03071652
  120       0.07282864
  121      -0.23466895
  122       0.08121510
  123       0.06236632
  124       0.09318949
  125      -0.18921602
  126       0.05472318
  127       0.04892327
  128       0.06794423
  129      -0.08522403
  130       0.05257920
  131       0.04386603
  132      -0.08689053
  133       0.05955346
  134       0.03685504
  135      -0.11169485
  136       0.05688567
  137       0.03965655
  138      -0.09699501
  139       0.02450346
  140       0.05362128
  141      -0.06544907
  142       0.06014711
  143       0.03095541
  144      -0.10681422
  145       0.05101511
  146       0.04168438
  147      -0.09604201
  148       0.04422151
  149       0.05916120
  150      -0.08514496
  151       0.02448320
  152       0.05268247
  153      -0.19213484
  154       0.06274749
  155       0.07262127
  156       0.05608923
  157      -0.20047317
  158       0.05883734
  159       0.08564204
  160       0.05667688
  161      -0.09138101
  162       0.05862779
  163       0.06051532
  164      -0.12606523
  165       0.05924455
  166       0.06467352
  167      -0.12003747
  168       0.04177828
  169       0.05875205
  170      -0.10411867
  171       0.06333124
  172       0.03137248
  173      -0.08772806
  174       0.05225338
  175       0.04726094
  176      -0.09746285
  177       0.05658023
  178       0.04668797
  179      -0.09740577
  180       0.03503360
  181       0.05229121
  182      -0.10216751
  183       0.04081270
  184       0.05155035
  185      -0.19656926
  186       0.06547829
  187       0.07914974
  188       0.03935957
  189      -0.17768312
  190       0.07417737
  191       0.07176033
  192       0.05296033
  193      -0.10330585
  194       0.07686060
  195       0.04900937
  196      -0.13964353
  197       0.06373661
  198       0.06293980
  199      -0.10550883
  200       0.07564963
  201       0.04210259
  202      -0.11948847
  203       0.05945606
  204       0.04457460
  205      -0.11552440
  206       0.05865709
  207       0.05825334
  208      -0.08480953
  209       0.01792131
  210       0.05627935
  211      -0.12017116
  212       0.06289281
  213       0.06780192
  214      -0.09531426
  215       0.04627813
  216       0.04487626
  217      -0.21028399
  218       0.08954288
  219       0.07949370
  220       0.03673680
  221      -0.19868426
  222       0.07855941
  223       0.05311231
  224       0.07328710
  225      -0.09177157
  226       0.04436169
  227       0.02676048
  228      -0.10073905
  229       0.06881795
  230       0.05190269
  231      -0.09750502
  232       0.06065888
  233       0.05673642
  234      -0.12865848
  235       0.04824654
  236       0.07267183
  237      -0.14631436
  238       0.05621136
  239       0.05711805
  240      -0.09338286
  241       0.03427173
  242       0.08872094
  243      -0.10871269
  244       0.02366224
  245       0.07617637
  246      -0.08641782
  247       0.03835737
  248       0.07037378
  249      -0.21129683
  250       0.06362703
  251       0.07245496
  252       0.07307783
  253      -0.20158312
  254       0.06456332
  255       0.05087995
  256       0.06539831
  257      -0.08879181
  258       0.06414539
  259       0.05772130
  260      -0.09272170
  261       0.03712213
  262       0.04089784
  263      -0.08830048
  264       0.05648084
  265       0.05696237
  266      -0.11225598
  267       0.04110554
  268       0.05775338
  269      -0.11813055
  270       0.04005620
  271       0.07188643
  272      -0.11511645
  273       0.04082217
  274       0.06218228
  275      -0.10579231
  276       0.08091285
  277       0.05633908
  278      -0.10889601
  279       0.06633088
  280       0.03275571
  281      -0.19824387
  282       0.06915004
  283       0.04569918
  284       0.05577979
  285      -0.20555238
  286       0.05699042
  287       0.06973782
  288       0.06950156
  289      -0.11093154
  290       0.05297524
  291       0.05909363
  292      -0.12979975
  293       0.07878600
  294       0.05614674
  295      -0.09597946
  296       0.05213182
  297       0.04689363
  298      -0.10139504
  299       0.05429522
  300       0.05790999
  301      -0.10011923
  302       0.03687843
  303       0.04373789
  304      -0.11160866
  305       0.03282498
  306       0.06640616
  307      -0.11307804
  308       0.05118834
  309       0.06376816
  310      -0.08800915
  311       0.06525438
  312       0.05435126
  313      -0.20893835
  314       0.07811755
  315       0.06846571
  316       0.05565091
  317      -0.19645301
  318       0.05975665
  319       0.07439808
  320       0.05070100
  321       0.06978677
  322       0.08903933
  323       0.10477112
  324      -0.13678212
  325       0.07341706
  326       0.06395860
  327      -0.11897046
  328       0.07231734
  329       0.05725311
  330      -0.10663631
  331       0.04250236
  332       0.03122152
  333      -0.08769447
  334       0.06260079
  335       0.04312128
  336      -0.07718912
  337       0.04400246
  338       0.04816825
  339      -0.09882690
  340       0.02528377
  341       0.06359684
  342      -0.12157694
  343       0.03026558
  344       0.07000909
  345      -0.20981086
  346       0.09265007
  347       0.05759539
  348       0.07329022
  349      -0.19925825
  350       0.10735156
  351       0.03216526
  352       0.08416721
 
Nr. of electrons (up):    682.00000000
Atom populations (up)
 Atom       Population
    1       4.11256224
    2       0.97702674
    3       0.93794716
    4       4.09756695
    5       0.94459444
    6       0.94105048
    7       4.11855172
    8       0.95620200
    9       0.92347579
   10       4.14491808
   11       0.95120244
   12       0.92096247
   13       4.11713522
   14       0.93164015
   15       0.92990838
   16       4.08807510
   17       0.97770257
   18       0.94569961
   19       4.12802523
   20       0.95748034
   21       0.92871087
   22       4.10293081
   23       0.92550154
   24       0.95199594
   25       4.23224909
   26       0.90355423
   27       0.93156639
   28       0.91522592
   29       4.21309318
   30       0.91567247
   31       0.93903848
   32       0.93806144
   33       4.07725297
   34       0.95060464
   35       0.95674617
   36       4.07411544
   37       0.93560901
   38       0.99491401
   39       4.12536032
   40       0.92202203
   41       0.94836562
   42       4.10350289
   43       0.94378846
   44       0.92197258
   45       4.12625836
   46       0.95942325
   47       0.91255336
   48       4.12770034
   49       0.96788175
   50       0.93747314
   51       4.06624515
   52       0.93533844
   53       0.96414607
   54       4.28182447
   55       0.95098481
   56       0.99640701
   57       4.24287264
   58       0.92455387
   59       0.93974890
   60       0.90830119
   61       4.34057064
   62       0.90585073
   63       0.89405138
   64       0.90786707
   65       4.08892913
   66       0.94611365
   67       0.92864203
   68       4.09027028
   69       0.96383835
   70       0.94635197
   71       4.11882254
   72       0.96842608
   73       0.93312698
   74       4.08175368
   75       0.95469275
   76       0.96497312
   77       4.09633033
   78       0.94427493
   79       0.95347246
   80       4.12312358
   81       0.92658030
   82       0.93556694
   83       4.09072596
   84       0.94210586
   85       0.93803260
   86       4.13416786
   87       0.93878443
   88       0.93588114
   89       4.19298617
   90       0.94545343
   91       0.95456020
   92       0.93448668
   93       4.22087589
   94       0.93609747
   95       0.93086910
   96       0.93996830
   97       4.07633088
   98       0.94688535
   99       0.96348310
  100       4.11290678
  101       0.99602768
  102       0.92975288
  103       4.12275530
  104       0.95487475
  105       0.93606083
  106       4.20259770
  107       1.00336434
  108       0.91828209
  109       4.10853030
  110       0.89788216
  111       0.92294436
  112       4.11551467
  113       0.92396104
  114       0.92029142
  115       4.11020746
  116       0.94575002
  117       0.93723079
  118       4.08482048
  119       0.96928348
  120       0.92717136
  121       4.23466895
  122       0.91878490
  123       0.93763368
  124       0.90681051
  125       4.18921602
  126       0.94527682
  127       0.95107673
  128       0.93205577
  129       4.08522403
  130       0.94742080
  131       0.95613397
  132       4.08689053
  133       0.94044654
  134       0.96314496
  135       4.11169485
  136       0.94311433
  137       0.96034345
  138       4.09699501
  139       0.97549654
  140       0.94637872
  141       4.06544907
  142       0.93985289
  143       0.96904459
  144       4.10681422
  145       0.94898489
  146       0.95831562
  147       4.09604201
  148       0.95577849
  149       0.94083880
  150       4.08514496
  151       0.97551680
  152       0.94731753
  153       4.19213484
  154       0.93725251
  155       0.92737873
  156       0.94391077
  157       4.20047317
  158       0.94116266
  159       0.91435796
  160       0.94332312
  161       4.09138101
  162       0.94137221
  163       0.93948468
  164       4.12606523
  165       0.94075545
  166       0.93532648
  167       4.12003747
  168       0.95822172
  169       0.94124795
  170       4.10411867
  171       0.93666876
  172       0.96862752
  173       4.08772806
  174       0.94774662
  175       0.95273906
  176       4.09746285
  177       0.94341977
  178       0.95331203
  179       4.09740577
  180       0.96496640
  181       0.94770879
  182       4.10216751
  183       0.95918730
  184       0.94844965
  185       4.19656926
  186       0.93452171
  187       0.92085026
  188       0.96064043
  189       4.17768312
  190       0.92582263
  191       0.92823967
  192       0.94703967
  193       4.10330585
  194       0.92313940
  195       0.95099063
  196       4.13964353
  197       0.93626339
  198       0.93706020
  199       4.10550883
  200       0.92435037
  201       0.95789741
  202       4.11948847
  203       0.94054394
  204       0.95542540
  205       4.11552440
  206       0.94134291
  207       0.94174666
  208       4.08480953
  209       0.98207869
  210       0.94372065
  211       4.12017116
  212       0.93710719
  213       0.93219808
  214       4.09531426
  215       0.95372187
  216       0.95512374
  217       4.21028399
  218       0.91045712
  219       0.92050630
  220       0.96326320
  221       4.19868426
  222       0.92144059
  223       0.94688769
  224       0.92671290
  225       4.09177157
  226       0.95563831
  227       0.97323952
  228       4.10073905
  229       0.93118205
  230       0.94809731
  231       4.09750502
  232       0.93934112
  233       0.94326358
  234       4.12865848
  235       0.95175346
  236       0.92732817
  237       4.14631436
  238       0.94378864
  239       0.94288195
  240       4.09338286
  241       0.96572827
  242       0.91127906
  243       4.10871269
  244       0.97633776
  245       0.92382363
  246       4.08641782
  247       0.96164263
  248       0.92962622
  249       4.21129683
  250       0.93637297
  251       0.92754504
  252       0.92692217
  253       4.20158312
  254       0.93543668
  255       0.94912005
  256       0.93460169
  257       4.08879181
  258       0.93585461
  259       0.94227870
  260       4.09272170
  261       0.96287787
  262       0.95910216
  263       4.08830048
  264       0.94351916
  265       0.94303763
  266       4.11225598
  267       0.95889446
  268       0.94224662
  269       4.11813055
  270       0.95994380
  271       0.92811357
  272       4.11511645
  273       0.95917783
  274       0.93781772
  275       4.10579231
  276       0.91908715
  277       0.94366092
  278       4.10889601
  279       0.93366912
  280       0.96724429
  281       4.19824387
  282       0.93084996
  283       0.95430082
  284       0.94422021
  285       4.20555238
  286       0.94300958
  287       0.93026218
  288       0.93049844
  289       4.11093154
  290       0.94702476
  291       0.94090637
  292       4.12979975
  293       0.92121400
  294       0.94385326
  295       4.09597946
  296       0.94786818
  297       0.95310637
  298       4.10139504
  299       0.94570478
  300       0.94209001
  301       4.10011923
  302       0.96312157
  303       0.95626211
  304       4.11160866
  305       0.96717502
  306       0.93359384
  307       4.11307804
  308       0.94881166
  309       0.93623184
  310       4.08800915
  311       0.93474562
  312       0.94564874
  313       4.20893835
  314       0.92188245
  315       0.93153429
  316       0.94434909
  317       4.19645301
  318       0.94024335
  319       0.92560192
  320       0.94929900
  321       3.93021323
  322       0.91096067
  323       0.89522888
  324       4.13678212
  325       0.92658294
  326       0.93604140
  327       4.11897046
  328       0.92768266
  329       0.94274689
  330       4.10663631
  331       0.95749764
  332       0.96877848
  333       4.08769447
  334       0.93739921
  335       0.95687872
  336       4.07718912
  337       0.95599754
  338       0.95183175
  339       4.09882690
  340       0.97471623
  341       0.93640316
  342       4.12157694
  343       0.96973442
  344       0.92999091
  345       4.20981086
  346       0.90734993
  347       0.94240461
  348       0.92670978
  349       4.19925825
  350       0.89264844
  351       0.96783474
  352       0.91583279
 
l-shell populations (up)
 Atom Sh.   l       Population
    1   1   0       1.22602366
    1   2   1       2.88653858
    2   1   0       0.97702674
    3   1   0       0.93794716
    4   1   0       1.22266538
    4   2   1       2.87490157
    5   1   0       0.94459444
    6   1   0       0.94105048
    7   1   0       1.24172786
    7   2   1       2.87682385
    8   1   0       0.95620200
    9   1   0       0.92347579
   10   1   0       1.25351700
   10   2   1       2.89140109
   11   1   0       0.95120244
   12   1   0       0.92096247
   13   1   0       1.21761927
   13   2   1       2.89951594
   14   1   0       0.93164015
   15   1   0       0.92990838
   16   1   0       1.22587097
   16   2   1       2.86220413
   17   1   0       0.97770257
   18   1   0       0.94569961
   19   1   0       1.27141574
   19   2   1       2.85660949
   20   1   0       0.95748034
   21   1   0       0.92871087
   22   1   0       1.27362689
   22   2   1       2.82930391
   23   1   0       0.92550154
   24   1   0       0.95199594
   25   1   0       1.24400668
   25   2   1       2.98824242
   26   1   0       0.90355423
   27   1   0       0.93156639
   28   1   0       0.91522592
   29   1   0       1.27065070
   29   2   1       2.94244248
   30   1   0       0.91567247
   31   1   0       0.93903848
   32   1   0       0.93806144
   33   1   0       1.24056192
   33   2   1       2.83669105
   34   1   0       0.95060464
   35   1   0       0.95674617
   36   1   0       1.21176784
   36   2   1       2.86234760
   37   1   0       0.93560901
   38   1   0       0.99491401
   39   1   0       1.22452038
   39   2   1       2.90083994
   40   1   0       0.92202203
   41   1   0       0.94836562
   42   1   0       1.22922747
   42   2   1       2.87427542
   43   1   0       0.94378846
   44   1   0       0.92197258
   45   1   0       1.24759006
   45   2   1       2.87866830
   46   1   0       0.95942325
   47   1   0       0.91255336
   48   1   0       1.24586313
   48   2   1       2.88183721
   49   1   0       0.96788175
   50   1   0       0.93747314
   51   1   0       1.24183678
   51   2   1       2.82440837
   52   1   0       0.93533844
   53   1   0       0.96414607
   54   1   0       1.28606649
   54   2   1       2.99575798
   55   1   0       0.95098481
   56   1   0       0.99640701
   57   1   0       1.27156643
   57   2   1       2.97130620
   58   1   0       0.92455387
   59   1   0       0.93974890
   60   1   0       0.90830119
   61   1   0       1.29389426
   61   2   1       3.04667638
   62   1   0       0.90585073
   63   1   0       0.89405138
   64   1   0       0.90786707
   65   1   0       1.21658560
   65   2   1       2.87234354
   66   1   0       0.94611365
   67   1   0       0.92864203
   68   1   0       1.24713895
   68   2   1       2.84313133
   69   1   0       0.96383835
   70   1   0       0.94635197
   71   1   0       1.23418183
   71   2   1       2.88464071
   72   1   0       0.96842608
   73   1   0       0.93312698
   74   1   0       1.21143016
   74   2   1       2.87032353
   75   1   0       0.95469275
   76   1   0       0.96497312
   77   1   0       1.24431124
   77   2   1       2.85201909
   78   1   0       0.94427493
   79   1   0       0.95347246
   80   1   0       1.25564708
   80   2   1       2.86747651
   81   1   0       0.92658030
   82   1   0       0.93556694
   83   1   0       1.28615748
   83   2   1       2.80456848
   84   1   0       0.94210586
   85   1   0       0.93803260
   86   1   0       1.27379146
   86   2   1       2.86037640
   87   1   0       0.93878443
   88   1   0       0.93588114
   89   1   0       1.28268118
   89   2   1       2.91030498
   90   1   0       0.94545343
   91   1   0       0.95456020
   92   1   0       0.93448668
   93   1   0       1.28103891
   93   2   1       2.93983699
   94   1   0       0.93609747
   95   1   0       0.93086910
   96   1   0       0.93996830
   97   1   0       1.24150994
   97   2   1       2.83482094
   98   1   0       0.94688535
   99   1   0       0.96348310
  100   1   0       1.27319245
  100   2   1       2.83971434
  101   1   0       0.99602768
  102   1   0       0.92975288
  103   1   0       1.28027404
  103   2   1       2.84248126
  104   1   0       0.95487475
  105   1   0       0.93606083
  106   1   0       1.29114347
  106   2   1       2.91145423
  107   1   0       1.00336434
  108   1   0       0.91828209
  109   1   0       1.27080717
  109   2   1       2.83772312
  110   1   0       0.89788216
  111   1   0       0.92294436
  112   1   0       1.25190587
  112   2   1       2.86360880
  113   1   0       0.92396104
  114   1   0       0.92029142
  115   1   0       1.20995758
  115   2   1       2.90024988
  116   1   0       0.94575002
  117   1   0       0.93723079
  118   1   0       1.20280857
  118   2   1       2.88201191
  119   1   0       0.96928348
  120   1   0       0.92717136
  121   1   0       1.25627950
  121   2   1       2.97838945
  122   1   0       0.91878490
  123   1   0       0.93763368
  124   1   0       0.90681051
  125   1   0       1.27784656
  125   2   1       2.91136946
  126   1   0       0.94527682
  127   1   0       0.95107673
  128   1   0       0.93205577
  129   1   0       1.22943119
  129   2   1       2.85579283
  130   1   0       0.94742080
  131   1   0       0.95613397
  132   1   0       1.24113020
  132   2   1       2.84576033
  133   1   0       0.94044654
  134   1   0       0.96314496
  135   1   0       1.24931793
  135   2   1       2.86237692
  136   1   0       0.94311433
  137   1   0       0.96034345
  138   1   0       1.23458550
  138   2   1       2.86240952
  139   1   0       0.97549654
  140   1   0       0.94637872
  141   1   0       1.21590223
  141   2   1       2.84954684
  142   1   0       0.93985289
  143   1   0       0.96904459
  144   1   0       1.22703276
  144   2   1       2.87978145
  145   1   0       0.94898489
  146   1   0       0.95831562
  147   1   0       1.24633291
  147   2   1       2.84970909
  148   1   0       0.95577849
  149   1   0       0.94083880
  150   1   0       1.24461495
  150   2   1       2.84053001
  151   1   0       0.97551680
  152   1   0       0.94731753
  153   1   0       1.25955765
  153   2   1       2.93257719
  154   1   0       0.93725251
  155   1   0       0.92737873
  156   1   0       0.94391077
  157   1   0       1.26057218
  157   2   1       2.93990099
  158   1   0       0.94116266
  159   1   0       0.91435796
  160   1   0       0.94332312
  161   1   0       1.21667002
  161   2   1       2.87471100
  162   1   0       0.94137221
  163   1   0       0.93948468
  164   1   0       1.23544618
  164   2   1       2.89061905
  165   1   0       0.94075545
  166   1   0       0.93532648
  167   1   0       1.24254755
  167   2   1       2.87748993
  168   1   0       0.95822172
  169   1   0       0.94124795
  170   1   0       1.25124349
  170   2   1       2.85287518
  171   1   0       0.93666876
  172   1   0       0.96862752
  173   1   0       1.25444432
  173   2   1       2.83328374
  174   1   0       0.94774662
  175   1   0       0.95273906
  176   1   0       1.24077851
  176   2   1       2.85668434
  177   1   0       0.94341977
  178   1   0       0.95331203
  179   1   0       1.27982026
  179   2   1       2.81758551
  180   1   0       0.96496640
  181   1   0       0.94770879
  182   1   0       1.24274871
  182   2   1       2.85941880
  183   1   0       0.95918730
  184   1   0       0.94844965
  185   1   0       1.26505909
  185   2   1       2.93151017
  186   1   0       0.93452171
  187   1   0       0.92085026
  188   1   0       0.96064043
  189   1   0       1.25830452
  189   2   1       2.91937860
  190   1   0       0.92582263
  191   1   0       0.92823967
  192   1   0       0.94703967
  193   1   0       1.23717225
  193   2   1       2.86613360
  194   1   0       0.92313940
  195   1   0       0.95099063
  196   1   0       1.24140574
  196   2   1       2.89823779
  197   1   0       0.93626339
  198   1   0       0.93706020
  199   1   0       1.24137609
  199   2   1       2.86413274
  200   1   0       0.92435037
  201   1   0       0.95789741
  202   1   0       1.23592585
  202   2   1       2.88356262
  203   1   0       0.94054394
  204   1   0       0.95542540
  205   1   0       1.27088964
  205   2   1       2.84463476
  206   1   0       0.94134291
  207   1   0       0.94174666
  208   1   0       1.25411378
  208   2   1       2.83069575
  209   1   0       0.98207869
  210   1   0       0.94372065
  211   1   0       1.22989803
  211   2   1       2.89027314
  212   1   0       0.93710719
  213   1   0       0.93219808
  214   1   0       1.26007490
  214   2   1       2.83523936
  215   1   0       0.95372187
  216   1   0       0.95512374
  217   1   0       1.27082262
  217   2   1       2.93946137
  218   1   0       0.91045712
  219   1   0       0.92050630
  220   1   0       0.96326320
  221   1   0       1.27025764
  221   2   1       2.92842662
  222   1   0       0.92144059
  223   1   0       0.94688769
  224   1   0       0.92671290
  225   1   0       1.24315389
  225   2   1       2.84861769
  226   1   0       0.95563831
  227   1   0       0.97323952
  228   1   0       1.22745741
  228   2   1       2.87328164
  229   1   0       0.93118205
  230   1   0       0.94809731
  231   1   0       1.21041568
  231   2   1       2.88708933
  232   1   0       0.93934112
  233   1   0       0.94326358
  234   1   0       1.24275831
  234   2   1       2.88590017
  235   1   0       0.95175346
  236   1   0       0.92732817
  237   1   0       1.27912259
  237   2   1       2.86719176
  238   1   0       0.94378864
  239   1   0       0.94288195
  240   1   0       1.23048449
  240   2   1       2.86289838
  241   1   0       0.96572827
  242   1   0       0.91127906
  243   1   0       1.23997192
  243   2   1       2.86874077
  244   1   0       0.97633776
  245   1   0       0.92382363
  246   1   0       1.24589208
  246   2   1       2.84052574
  247   1   0       0.96164263
  248   1   0       0.92962622
  249   1   0       1.27323465
  249   2   1       2.93806218
  250   1   0       0.93637297
  251   1   0       0.92754504
  252   1   0       0.92692217
  253   1   0       1.26544999
  253   2   1       2.93613312
  254   1   0       0.93543668
  255   1   0       0.94912005
  256   1   0       0.93460169
  257   1   0       1.22789100
  257   2   1       2.86090081
  258   1   0       0.93585461
  259   1   0       0.94227870
  260   1   0       1.23672761
  260   2   1       2.85599409
  261   1   0       0.96287787
  262   1   0       0.95910216
  263   1   0       1.21352315
  263   2   1       2.87477733
  264   1   0       0.94351916
  265   1   0       0.94303763
  266   1   0       1.20432074
  266   2   1       2.90793524
  267   1   0       0.95889446
  268   1   0       0.94224662
  269   1   0       1.21443865
  269   2   1       2.90369191
  270   1   0       0.95994380
  271   1   0       0.92811357
  272   1   0       1.24553582
  272   2   1       2.86958063
  273   1   0       0.95917783
  274   1   0       0.93781772
  275   1   0       1.22662653
  275   2   1       2.87916578
  276   1   0       0.91908715
  277   1   0       0.94366092
  278   1   0       1.23434584
  278   2   1       2.87455018
  279   1   0       0.93366912
  280   1   0       0.96724429
  281   1   0       1.25370427
  281   2   1       2.94453960
  282   1   0       0.93084996
  283   1   0       0.95430082
  284   1   0       0.94422021
  285   1   0       1.26549336
  285   2   1       2.94005902
  286   1   0       0.94300958
  287   1   0       0.93026218
  288   1   0       0.93049844
  289   1   0       1.23983924
  289   2   1       2.87109230
  290   1   0       0.94702476
  291   1   0       0.94090637
  292   1   0       1.23930727
  292   2   1       2.89049248
  293   1   0       0.92121400
  294   1   0       0.94385326
  295   1   0       1.23780565
  295   2   1       2.85817382
  296   1   0       0.94786818
  297   1   0       0.95310637
  298   1   0       1.22401673
  298   2   1       2.87737832
  299   1   0       0.94570478
  300   1   0       0.94209001
  301   1   0       1.23942374
  301   2   1       2.86069549
  302   1   0       0.96312157
  303   1   0       0.95626211
  304   1   0       1.26008411
  304   2   1       2.85152454
  305   1   0       0.96717502
  306   1   0       0.93359384
  307   1   0       1.27392649
  307   2   1       2.83915155
  308   1   0       0.94881166
  309   1   0       0.93623184
  310   1   0       1.23180015
  310   2   1       2.85620899
  311   1   0       0.93474562
  312   1   0       0.94564874
  313   1   0       1.27552633
  313   2   1       2.93341201
  314   1   0       0.92188245
  315   1   0       0.93153429
  316   1   0       0.94434909
  317   1   0       1.26693057
  317   2   1       2.92952244
  318   1   0       0.94024335
  319   1   0       0.92560192
  320   1   0       0.94929900
  321   1   0       1.19700334
  321   2   1       2.73320989
  322   1   0       0.91096067
  323   1   0       0.89522888
  324   1   0       1.24736480
  324   2   1       2.88941732
  325   1   0       0.92658294
  326   1   0       0.93604140
  327   1   0       1.26655275
  327   2   1       2.85241771
  328   1   0       0.92768266
  329   1   0       0.94274689
  330   1   0       1.25018517
  330   2   1       2.85645114
  331   1   0       0.95749764
  332   1   0       0.96877848
  333   1   0       1.23147167
  333   2   1       2.85622280
  334   1   0       0.93739921
  335   1   0       0.95687872
  336   1   0       1.21949263
  336   2   1       2.85769649
  337   1   0       0.95599754
  338   1   0       0.95183175
  339   1   0       1.23730788
  339   2   1       2.86151902
  340   1   0       0.97471623
  341   1   0       0.93640316
  342   1   0       1.25563924
  342   2   1       2.86593770
  343   1   0       0.96973442
  344   1   0       0.92999091
  345   1   0       1.24178861
  345   2   1       2.96802225
  346   1   0       0.90734993
  347   1   0       0.94240461
  348   1   0       0.92670978
  349   1   0       1.28679485
  349   2   1       2.91246340
  350   1   0       0.89264844
  351   1   0       0.96783474
  352   1   0       0.91583279
 
Orbital populations (up)
 Atom Sh.   l   m       Population  Label
    1   1   0   0       1.22602366  s
    1   2   1  -1       0.98680636  p_y
    1   2   1   0       0.96150481  p_z
    1   2   1   1       0.93822740  p_x
    2   1   0   0       0.97702674  s
    3   1   0   0       0.93794716  s
    4   1   0   0       1.22266538  s
    4   2   1  -1       0.93690720  p_y
    4   2   1   0       0.95901048  p_z
    4   2   1   1       0.97898389  p_x
    5   1   0   0       0.94459444  s
    6   1   0   0       0.94105048  s
    7   1   0   0       1.24172786  s
    7   2   1  -1       0.93090227  p_y
    7   2   1   0       0.95814677  p_z
    7   2   1   1       0.98777482  p_x
    8   1   0   0       0.95620200  s
    9   1   0   0       0.92347579  s
   10   1   0   0       1.25351700  s
   10   2   1  -1       0.93273298  p_y
   10   2   1   0       0.98752670  p_z
   10   2   1   1       0.97114140  p_x
   11   1   0   0       0.95120244  s
   12   1   0   0       0.92096247  s
   13   1   0   0       1.21761927  s
   13   2   1  -1       0.95583070  p_y
   13   2   1   0       0.96982716  p_z
   13   2   1   1       0.97385808  p_x
   14   1   0   0       0.93164015  s
   15   1   0   0       0.92990838  s
   16   1   0   0       1.22587097  s
   16   2   1  -1       0.98553354  p_y
   16   2   1   0       0.91310121  p_z
   16   2   1   1       0.96356938  p_x
   17   1   0   0       0.97770257  s
   18   1   0   0       0.94569961  s
   19   1   0   0       1.27141574  s
   19   2   1  -1       0.94195521  p_y
   19   2   1   0       0.95223941  p_z
   19   2   1   1       0.96241487  p_x
   20   1   0   0       0.95748034  s
   21   1   0   0       0.92871087  s
   22   1   0   0       1.27362689  s
   22   2   1  -1       0.92280726  p_y
   22   2   1   0       0.95260462  p_z
   22   2   1   1       0.95389203  p_x
   23   1   0   0       0.92550154  s
   24   1   0   0       0.95199594  s
   25   1   0   0       1.24400668  s
   25   2   1  -1       1.00036305  p_y
   25   2   1   0       1.00026604  p_z
   25   2   1   1       0.98761332  p_x
   26   1   0   0       0.90355423  s
   27   1   0   0       0.93156639  s
   28   1   0   0       0.91522592  s
   29   1   0   0       1.27065070  s
   29   2   1  -1       0.98788342  p_y
   29   2   1   0       1.01581620  p_z
   29   2   1   1       0.93874286  p_x
   30   1   0   0       0.91567247  s
   31   1   0   0       0.93903848  s
   32   1   0   0       0.93806144  s
   33   1   0   0       1.24056192  s
   33   2   1  -1       0.92153631  p_y
   33   2   1   0       0.95951259  p_z
   33   2   1   1       0.95564214  p_x
   34   1   0   0       0.95060464  s
   35   1   0   0       0.95674617  s
   36   1   0   0       1.21176784  s
   36   2   1  -1       0.93709025  p_y
   36   2   1   0       0.95242352  p_z
   36   2   1   1       0.97283382  p_x
   37   1   0   0       0.93560901  s
   38   1   0   0       0.99491401  s
   39   1   0   0       1.22452038  s
   39   2   1  -1       0.92857298  p_y
   39   2   1   0       0.99224474  p_z
   39   2   1   1       0.98002223  p_x
   40   1   0   0       0.92202203  s
   41   1   0   0       0.94836562  s
   42   1   0   0       1.22922747  s
   42   2   1  -1       0.97070759  p_y
   42   2   1   0       0.96720637  p_z
   42   2   1   1       0.93636146  p_x
   43   1   0   0       0.94378846  s
   44   1   0   0       0.92197258  s
   45   1   0   0       1.24759006  s
   45   2   1  -1       0.96613853  p_y
   45   2   1   0       0.97657518  p_z
   45   2   1   1       0.93595459  p_x
   46   1   0   0       0.95942325  s
   47   1   0   0       0.91255336  s
   48   1   0   0       1.24586313  s
   48   2   1  -1       0.93445861  p_y
   48   2   1   0       0.98627696  p_z
   48   2   1   1       0.96110164  p_x
   49   1   0   0       0.96788175  s
   50   1   0   0       0.93747314  s
   51   1   0   0       1.24183678  s
   51   2   1  -1       0.92559769  p_y
   51   2   1   0       0.95527954  p_z
   51   2   1   1       0.94353115  p_x
   52   1   0   0       0.93533844  s
   53   1   0   0       0.96414607  s
   54   1   0   0       1.28606649  s
   54   2   1  -1       0.99329810  p_y
   54   2   1   0       0.96183505  p_z
   54   2   1   1       1.04062483  p_x
   55   1   0   0       0.95098481  s
   56   1   0   0       0.99640701  s
   57   1   0   0       1.27156643  s
   57   2   1  -1       0.96512937  p_y
   57   2   1   0       1.01721124  p_z
   57   2   1   1       0.98896559  p_x
   58   1   0   0       0.92455387  s
   59   1   0   0       0.93974890  s
   60   1   0   0       0.90830119  s
   61   1   0   0       1.29389426  s
   61   2   1  -1       0.96717802  p_y
   61   2   1   0       1.02595587  p_z
   61   2   1   1       1.05354248  p_x
   62   1   0   0       0.90585073  s
   63   1   0   0       0.89405138  s
   64   1   0   0       0.90786707  s
   65   1   0   0       1.21658560  s
   65   2   1  -1       0.98740923  p_y
   65   2   1   0       0.91742135  p_z
   65   2   1   1       0.96751296  p_x
   66   1   0   0       0.94611365  s
   67   1   0   0       0.92864203  s
   68   1   0   0       1.24713895  s
   68   2   1  -1       0.93876752  p_y
   68   2   1   0       0.93675004  p_z
   68   2   1   1       0.96761377  p_x
   69   1   0   0       0.96383835  s
   70   1   0   0       0.94635197  s
   71   1   0   0       1.23418183  s
   71   2   1  -1       0.95453608  p_y
   71   2   1   0       0.97259067  p_z
   71   2   1   1       0.95751396  p_x
   72   1   0   0       0.96842608  s
   73   1   0   0       0.93312698  s
   74   1   0   0       1.21143016  s
   74   2   1  -1       0.96742423  p_y
   74   2   1   0       0.94845114  p_z
   74   2   1   1       0.95444815  p_x
   75   1   0   0       0.95469275  s
   76   1   0   0       0.96497312  s
   77   1   0   0       1.24431124  s
   77   2   1  -1       0.97043026  p_y
   77   2   1   0       0.97106442  p_z
   77   2   1   1       0.91052441  p_x
   78   1   0   0       0.94427493  s
   79   1   0   0       0.95347246  s
   80   1   0   0       1.25564708  s
   80   2   1  -1       0.94602889  p_y
   80   2   1   0       0.99126110  p_z
   80   2   1   1       0.93018652  p_x
   81   1   0   0       0.92658030  s
   82   1   0   0       0.93556694  s
   83   1   0   0       1.28615748  s
   83   2   1  -1       0.90267676  p_y
   83   2   1   0       0.96567285  p_z
   83   2   1   1       0.93621887  p_x
   84   1   0   0       0.94210586  s
   85   1   0   0       0.93803260  s
   86   1   0   0       1.27379146  s
   86   2   1  -1       0.93961180  p_y
   86   2   1   0       0.96210570  p_z
   86   2   1   1       0.95865890  p_x
   87   1   0   0       0.93878443  s
   88   1   0   0       0.93588114  s
   89   1   0   0       1.28268118  s
   89   2   1  -1       0.97208896  p_y
   89   2   1   0       0.95011765  p_z
   89   2   1   1       0.98809837  p_x
   90   1   0   0       0.94545343  s
   91   1   0   0       0.95456020  s
   92   1   0   0       0.93448668  s
   93   1   0   0       1.28103891  s
   93   2   1  -1       1.00653823  p_y
   93   2   1   0       0.97271924  p_z
   93   2   1   1       0.96057952  p_x
   94   1   0   0       0.93609747  s
   95   1   0   0       0.93086910  s
   96   1   0   0       0.93996830  s
   97   1   0   0       1.24150994  s
   97   2   1  -1       0.93449968  p_y
   97   2   1   0       0.94751766  p_z
   97   2   1   1       0.95280360  p_x
   98   1   0   0       0.94688535  s
   99   1   0   0       0.96348310  s
  100   1   0   0       1.27319245  s
  100   2   1  -1       0.97765847  p_y
  100   2   1   0       0.93574358  p_z
  100   2   1   1       0.92631229  p_x
  101   1   0   0       0.99602768  s
  102   1   0   0       0.92975288  s
  103   1   0   0       1.28027404  s
  103   2   1  -1       0.94895942  p_y
  103   2   1   0       0.95974385  p_z
  103   2   1   1       0.93377798  p_x
  104   1   0   0       0.95487475  s
  105   1   0   0       0.93606083  s
  106   1   0   0       1.29114347  s
  106   2   1  -1       0.98246093  p_y
  106   2   1   0       0.98296494  p_z
  106   2   1   1       0.94602836  p_x
  107   1   0   0       1.00336434  s
  108   1   0   0       0.91828209  s
  109   1   0   0       1.27080717  s
  109   2   1  -1       0.95047415  p_y
  109   2   1   0       0.92812755  p_z
  109   2   1   1       0.95912141  p_x
  110   1   0   0       0.89788216  s
  111   1   0   0       0.92294436  s
  112   1   0   0       1.25190587  s
  112   2   1  -1       0.99383705  p_y
  112   2   1   0       0.90267846  p_z
  112   2   1   1       0.96709329  p_x
  113   1   0   0       0.92396104  s
  114   1   0   0       0.92029142  s
  115   1   0   0       1.20995758  s
  115   2   1  -1       0.99237764  p_y
  115   2   1   0       0.93897083  p_z
  115   2   1   1       0.96890141  p_x
  116   1   0   0       0.94575002  s
  117   1   0   0       0.93723079  s
  118   1   0   0       1.20280857  s
  118   2   1  -1       0.97997832  p_y
  118   2   1   0       0.92939779  p_z
  118   2   1   1       0.97263581  p_x
  119   1   0   0       0.96928348  s
  120   1   0   0       0.92717136  s
  121   1   0   0       1.25627950  s
  121   2   1  -1       0.99321592  p_y
  121   2   1   0       0.99200552  p_z
  121   2   1   1       0.99316801  p_x
  122   1   0   0       0.91878490  s
  123   1   0   0       0.93763368  s
  124   1   0   0       0.90681051  s
  125   1   0   0       1.27784656  s
  125   2   1  -1       0.96866212  p_y
  125   2   1   0       0.95539265  p_z
  125   2   1   1       0.98731469  p_x
  126   1   0   0       0.94527682  s
  127   1   0   0       0.95107673  s
  128   1   0   0       0.93205577  s
  129   1   0   0       1.22943119  s
  129   2   1  -1       0.96838105  p_y
  129   2   1   0       0.94437345  p_z
  129   2   1   1       0.94303834  p_x
  130   1   0   0       0.94742080  s
  131   1   0   0       0.95613397  s
  132   1   0   0       1.24113020  s
  132   2   1  -1       0.95789384  p_y
  132   2   1   0       0.96163393  p_z
  132   2   1   1       0.92623257  p_x
  133   1   0   0       0.94044654  s
  134   1   0   0       0.96314496  s
  135   1   0   0       1.24931793  s
  135   2   1  -1       0.97829044  p_y
  135   2   1   0       0.93656275  p_z
  135   2   1   1       0.94752373  p_x
  136   1   0   0       0.94311433  s
  137   1   0   0       0.96034345  s
  138   1   0   0       1.23458550  s
  138   2   1  -1       0.98473701  p_y
  138   2   1   0       0.93629719  p_z
  138   2   1   1       0.94137532  p_x
  139   1   0   0       0.97549654  s
  140   1   0   0       0.94637872  s
  141   1   0   0       1.21590223  s
  141   2   1  -1       0.94845111  p_y
  141   2   1   0       0.97611346  p_z
  141   2   1   1       0.92498227  p_x
  142   1   0   0       0.93985289  s
  143   1   0   0       0.96904459  s
  144   1   0   0       1.22703276  s
  144   2   1  -1       0.93760341  p_y
  144   2   1   0       1.00867341  p_z
  144   2   1   1       0.93350464  p_x
  145   1   0   0       0.94898489  s
  146   1   0   0       0.95831562  s
  147   1   0   0       1.24633291  s
  147   2   1  -1       0.94112666  p_y
  147   2   1   0       0.94055272  p_z
  147   2   1   1       0.96802972  p_x
  148   1   0   0       0.95577849  s
  149   1   0   0       0.94083880  s
  150   1   0   0       1.24461495  s
  150   2   1  -1       0.96617528  p_y
  150   2   1   0       0.90847706  p_z
  150   2   1   1       0.96587766  p_x
  151   1   0   0       0.97551680  s
  152   1   0   0       0.94731753  s
  153   1   0   0       1.25955765  s
  153   2   1  -1       0.98055378  p_y
  153   2   1   0       0.95670701  p_z
  153   2   1   1       0.99531640  p_x
  154   1   0   0       0.93725251  s
  155   1   0   0       0.92737873  s
  156   1   0   0       0.94391077  s
  157   1   0   0       1.26057218  s
  157   2   1  -1       0.96829924  p_y
  157   2   1   0       0.96095808  p_z
  157   2   1   1       1.01064368  p_x
  158   1   0   0       0.94116266  s
  159   1   0   0       0.91435796  s
  160   1   0   0       0.94332312  s
  161   1   0   0       1.21667002  s
  161   2   1  -1       0.96186621  p_y
  161   2   1   0       0.96204960  p_z
  161   2   1   1       0.95079518  p_x
  162   1   0   0       0.94137221  s
  163   1   0   0       0.93948468  s
  164   1   0   0       1.23544618  s
  164   2   1  -1       0.96411462  p_y
  164   2   1   0       0.94896958  p_z
  164   2   1   1       0.97753485  p_x
  165   1   0   0       0.94075545  s
  166   1   0   0       0.93532648  s
  167   1   0   0       1.24254755  s
  167   2   1  -1       0.94443422  p_y
  167   2   1   0       0.96069494  p_z
  167   2   1   1       0.97236076  p_x
  168   1   0   0       0.95822172  s
  169   1   0   0       0.94124795  s
  170   1   0   0       1.25124349  s
  170   2   1  -1       0.93693383  p_y
  170   2   1   0       0.95825969  p_z
  170   2   1   1       0.95768166  p_x
  171   1   0   0       0.93666876  s
  172   1   0   0       0.96862752  s
  173   1   0   0       1.25444432  s
  173   2   1  -1       0.91540036  p_y
  173   2   1   0       0.95814616  p_z
  173   2   1   1       0.95973722  p_x
  174   1   0   0       0.94774662  s
  175   1   0   0       0.95273906  s
  176   1   0   0       1.24077851  s
  176   2   1  -1       0.92801100  p_y
  176   2   1   0       0.97261037  p_z
  176   2   1   1       0.95606298  p_x
  177   1   0   0       0.94341977  s
  178   1   0   0       0.95331203  s
  179   1   0   0       1.27982026  s
  179   2   1  -1       0.94467235  p_y
  179   2   1   0       0.96636472  p_z
  179   2   1   1       0.90654843  p_x
  180   1   0   0       0.96496640  s
  181   1   0   0       0.94770879  s
  182   1   0   0       1.24274871  s
  182   2   1  -1       0.96248340  p_y
  182   2   1   0       0.90823891  p_z
  182   2   1   1       0.98869649  p_x
  183   1   0   0       0.95918730  s
  184   1   0   0       0.94844965  s
  185   1   0   0       1.26505909  s
  185   2   1  -1       0.97889072  p_y
  185   2   1   0       0.99574398  p_z
  185   2   1   1       0.95687547  p_x
  186   1   0   0       0.93452171  s
  187   1   0   0       0.92085026  s
  188   1   0   0       0.96064043  s
  189   1   0   0       1.25830452  s
  189   2   1  -1       1.00430915  p_y
  189   2   1   0       0.95982947  p_z
  189   2   1   1       0.95523998  p_x
  190   1   0   0       0.92582263  s
  191   1   0   0       0.92823967  s
  192   1   0   0       0.94703967  s
  193   1   0   0       1.23717225  s
  193   2   1  -1       0.92781184  p_y
  193   2   1   0       0.95885809  p_z
  193   2   1   1       0.97946367  p_x
  194   1   0   0       0.92313940  s
  195   1   0   0       0.95099063  s
  196   1   0   0       1.24140574  s
  196   2   1  -1       0.97800340  p_y
  196   2   1   0       0.95534808  p_z
  196   2   1   1       0.96488631  p_x
  197   1   0   0       0.93626339  s
  198   1   0   0       0.93706020  s
  199   1   0   0       1.24137609  s
  199   2   1  -1       0.94203708  p_y
  199   2   1   0       0.96898509  p_z
  199   2   1   1       0.95311057  p_x
  200   1   0   0       0.92435037  s
  201   1   0   0       0.95789741  s
  202   1   0   0       1.23592585  s
  202   2   1  -1       0.91796655  p_y
  202   2   1   0       0.98017879  p_z
  202   2   1   1       0.98541728  p_x
  203   1   0   0       0.94054394  s
  204   1   0   0       0.95542540  s
  205   1   0   0       1.27088964  s
  205   2   1  -1       0.95543061  p_y
  205   2   1   0       0.94264482  p_z
  205   2   1   1       0.94655934  p_x
  206   1   0   0       0.94134291  s
  207   1   0   0       0.94174666  s
  208   1   0   0       1.25411378  s
  208   2   1  -1       0.95754774  p_y
  208   2   1   0       0.92748333  p_z
  208   2   1   1       0.94566468  p_x
  209   1   0   0       0.98207869  s
  210   1   0   0       0.94372065  s
  211   1   0   0       1.22989803  s
  211   2   1  -1       0.96253009  p_y
  211   2   1   0       0.97533168  p_z
  211   2   1   1       0.95241136  p_x
  212   1   0   0       0.93710719  s
  213   1   0   0       0.93219808  s
  214   1   0   0       1.26007490  s
  214   2   1  -1       0.97722375  p_y
  214   2   1   0       0.94349574  p_z
  214   2   1   1       0.91451987  p_x
  215   1   0   0       0.95372187  s
  216   1   0   0       0.95512374  s
  217   1   0   0       1.27082262  s
  217   2   1  -1       0.94648642  p_y
  217   2   1   0       1.02606785  p_z
  217   2   1   1       0.96690710  p_x
  218   1   0   0       0.91045712  s
  219   1   0   0       0.92050630  s
  220   1   0   0       0.96326320  s
  221   1   0   0       1.27025764  s
  221   2   1  -1       0.97827801  p_y
  221   2   1   0       0.99521824  p_z
  221   2   1   1       0.95493037  p_x
  222   1   0   0       0.92144059  s
  223   1   0   0       0.94688769  s
  224   1   0   0       0.92671290  s
  225   1   0   0       1.24315389  s
  225   2   1  -1       0.93855356  p_y
  225   2   1   0       0.94692602  p_z
  225   2   1   1       0.96313810  p_x
  226   1   0   0       0.95563831  s
  227   1   0   0       0.97323952  s
  228   1   0   0       1.22745741  s
  228   2   1  -1       0.98637842  p_y
  228   2   1   0       0.92194318  p_z
  228   2   1   1       0.96496003  p_x
  229   1   0   0       0.93118205  s
  230   1   0   0       0.94809731  s
  231   1   0   0       1.21041568  s
  231   2   1  -1       0.99904129  p_y
  231   2   1   0       0.93424373  p_z
  231   2   1   1       0.95380431  p_x
  232   1   0   0       0.93934112  s
  233   1   0   0       0.94326358  s
  234   1   0   0       1.24275831  s
  234   2   1  -1       0.98973987  p_y
  234   2   1   0       0.92818496  p_z
  234   2   1   1       0.96797534  p_x
  235   1   0   0       0.95175346  s
  236   1   0   0       0.92732817  s
  237   1   0   0       1.27912259  s
  237   2   1  -1       0.97434462  p_y
  237   2   1   0       0.90960756  p_z
  237   2   1   1       0.98323958  p_x
  238   1   0   0       0.94378864  s
  239   1   0   0       0.94288195  s
  240   1   0   0       1.23048449  s
  240   2   1  -1       0.96826215  p_y
  240   2   1   0       0.92411698  p_z
  240   2   1   1       0.97051924  p_x
  241   1   0   0       0.96572827  s
  242   1   0   0       0.91127906  s
  243   1   0   0       1.23997192  s
  243   2   1  -1       0.99672937  p_y
  243   2   1   0       0.91282918  p_z
  243   2   1   1       0.95918221  p_x
  244   1   0   0       0.97633776  s
  245   1   0   0       0.92382363  s
  246   1   0   0       1.24589208  s
  246   2   1  -1       0.94214533  p_y
  246   2   1   0       0.93476656  p_z
  246   2   1   1       0.96361385  p_x
  247   1   0   0       0.96164263  s
  248   1   0   0       0.92962622  s
  249   1   0   0       1.27323465  s
  249   2   1  -1       1.02306416  p_y
  249   2   1   0       0.95623292  p_z
  249   2   1   1       0.95876510  p_x
  250   1   0   0       0.93637297  s
  251   1   0   0       0.92754504  s
  252   1   0   0       0.92692217  s
  253   1   0   0       1.26544999  s
  253   2   1  -1       0.95061403  p_y
  253   2   1   0       1.00195552  p_z
  253   2   1   1       0.98356358  p_x
  254   1   0   0       0.93543668  s
  255   1   0   0       0.94912005  s
  256   1   0   0       0.93460169  s
  257   1   0   0       1.22789100  s
  257   2   1  -1       0.97673884  p_y
  257   2   1   0       0.95322045  p_z
  257   2   1   1       0.93094152  p_x
  258   1   0   0       0.93585461  s
  259   1   0   0       0.94227870  s
  260   1   0   0       1.23672761  s
  260   2   1  -1       0.98206003  p_y
  260   2   1   0       0.91840662  p_z
  260   2   1   1       0.95552744  p_x
  261   1   0   0       0.96287787  s
  262   1   0   0       0.95910216  s
  263   1   0   0       1.21352315  s
  263   2   1  -1       0.97182261  p_y
  263   2   1   0       0.92357901  p_z
  263   2   1   1       0.97937571  p_x
  264   1   0   0       0.94351916  s
  265   1   0   0       0.94303763  s
  266   1   0   0       1.20432074  s
  266   2   1  -1       0.98599783  p_y
  266   2   1   0       0.99920917  p_z
  266   2   1   1       0.92272824  p_x
  267   1   0   0       0.95889446  s
  268   1   0   0       0.94224662  s
  269   1   0   0       1.21443865  s
  269   2   1  -1       0.96238111  p_y
  269   2   1   0       1.00717733  p_z
  269   2   1   1       0.93413347  p_x
  270   1   0   0       0.95994380  s
  271   1   0   0       0.92811357  s
  272   1   0   0       1.24553582  s
  272   2   1  -1       0.92065941  p_y
  272   2   1   0       0.98018795  p_z
  272   2   1   1       0.96873327  p_x
  273   1   0   0       0.95917783  s
  274   1   0   0       0.93781772  s
  275   1   0   0       1.22662653  s
  275   2   1  -1       0.91467915  p_y
  275   2   1   0       0.97717841  p_z
  275   2   1   1       0.98730822  p_x
  276   1   0   0       0.91908715  s
  277   1   0   0       0.94366092  s
  278   1   0   0       1.23434584  s
  278   2   1  -1       0.92515327  p_y
  278   2   1   0       0.99283867  p_z
  278   2   1   1       0.95655823  p_x
  279   1   0   0       0.93366912  s
  280   1   0   0       0.96724429  s
  281   1   0   0       1.25370427  s
  281   2   1  -1       0.96929292  p_y
  281   2   1   0       0.98265077  p_z
  281   2   1   1       0.99259591  p_x
  282   1   0   0       0.93084996  s
  283   1   0   0       0.95430082  s
  284   1   0   0       0.94422021  s
  285   1   0   0       1.26549336  s
  285   2   1  -1       0.98328448  p_y
  285   2   1   0       0.97744531  p_z
  285   2   1   1       0.97932923  p_x
  286   1   0   0       0.94300958  s
  287   1   0   0       0.93026218  s
  288   1   0   0       0.93049844  s
  289   1   0   0       1.23983924  s
  289   2   1  -1       0.96481386  p_y
  289   2   1   0       0.93263366  p_z
  289   2   1   1       0.97364477  p_x
  290   1   0   0       0.94702476  s
  291   1   0   0       0.94090637  s
  292   1   0   0       1.23930727  s
  292   2   1  -1       0.97666754  p_y
  292   2   1   0       0.96935217  p_z
  292   2   1   1       0.94447277  p_x
  293   1   0   0       0.92121400  s
  294   1   0   0       0.94385326  s
  295   1   0   0       1.23780565  s
  295   2   1  -1       0.95266460  p_y
  295   2   1   0       0.95238003  p_z
  295   2   1   1       0.95312919  p_x
  296   1   0   0       0.94786818  s
  297   1   0   0       0.95310637  s
  298   1   0   0       1.22401673  s
  298   2   1  -1       0.95402840  p_y
  298   2   1   0       0.99437399  p_z
  298   2   1   1       0.92897593  p_x
  299   1   0   0       0.94570478  s
  300   1   0   0       0.94209001  s
  301   1   0   0       1.23942374  s
  301   2   1  -1       0.96194434  p_y
  301   2   1   0       0.96271012  p_z
  301   2   1   1       0.93604103  p_x
  302   1   0   0       0.96312157  s
  303   1   0   0       0.95626211  s
  304   1   0   0       1.26008411  s
  304   2   1  -1       0.97297882  p_y
  304   2   1   0       0.93387978  p_z
  304   2   1   1       0.94466595  p_x
  305   1   0   0       0.96717502  s
  306   1   0   0       0.93359384  s
  307   1   0   0       1.27392649  s
  307   2   1  -1       0.97077132  p_y
  307   2   1   0       0.92205346  p_z
  307   2   1   1       0.94632677  p_x
  308   1   0   0       0.94881166  s
  309   1   0   0       0.93623184  s
  310   1   0   0       1.23180015  s
  310   2   1  -1       0.97466086  p_y
  310   2   1   0       0.94644018  p_z
  310   2   1   1       0.93510796  p_x
  311   1   0   0       0.93474562  s
  312   1   0   0       0.94564874  s
  313   1   0   0       1.27552633  s
  313   2   1  -1       0.97534685  p_y
  313   2   1   0       0.95706058  p_z
  313   2   1   1       1.00100458  p_x
  314   1   0   0       0.92188245  s
  315   1   0   0       0.93153429  s
  316   1   0   0       0.94434909  s
  317   1   0   0       1.26693057  s
  317   2   1  -1       0.99203234  p_y
  317   2   1   0       0.97945945  p_z
  317   2   1   1       0.95803064  p_x
  318   1   0   0       0.94024335  s
  319   1   0   0       0.92560192  s
  320   1   0   0       0.94929900  s
  321   1   0   0       1.19700334  s
  321   2   1  -1       0.90432965  p_y
  321   2   1   0       0.91242337  p_z
  321   2   1   1       0.91645687  p_x
  322   1   0   0       0.91096067  s
  323   1   0   0       0.89522888  s
  324   1   0   0       1.24736480  s
  324   2   1  -1       0.98696814  p_y
  324   2   1   0       0.92854353  p_z
  324   2   1   1       0.97390565  p_x
  325   1   0   0       0.92658294  s
  326   1   0   0       0.93604140  s
  327   1   0   0       1.26655275  s
  327   2   1  -1       0.96279648  p_y
  327   2   1   0       0.92830964  p_z
  327   2   1   1       0.96131159  p_x
  328   1   0   0       0.92768266  s
  329   1   0   0       0.94274689  s
  330   1   0   0       1.25018517  s
  330   2   1  -1       0.97292491  p_y
  330   2   1   0       0.91633091  p_z
  330   2   1   1       0.96719533  p_x
  331   1   0   0       0.95749764  s
  332   1   0   0       0.96877848  s
  333   1   0   0       1.23147167  s
  333   2   1  -1       0.92367175  p_y
  333   2   1   0       0.96155201  p_z
  333   2   1   1       0.97099904  p_x
  334   1   0   0       0.93739921  s
  335   1   0   0       0.95687872  s
  336   1   0   0       1.21949263  s
  336   2   1  -1       0.91978778  p_y
  336   2   1   0       0.95415233  p_z
  336   2   1   1       0.98375639  p_x
  337   1   0   0       0.95599754  s
  338   1   0   0       0.95183175  s
  339   1   0   0       1.23730788  s
  339   2   1  -1       0.93453692  p_y
  339   2   1   0       0.94500116  p_z
  339   2   1   1       0.98198094  p_x
  340   1   0   0       0.97471623  s
  341   1   0   0       0.93640316  s
  342   1   0   0       1.25563924  s
  342   2   1  -1       0.94218922  p_y
  342   2   1   0       0.98615718  p_z
  342   2   1   1       0.93759130  p_x
  343   1   0   0       0.96973442  s
  344   1   0   0       0.92999091  s
  345   1   0   0       1.24178861  s
  345   2   1  -1       0.95778604  p_y
  345   2   1   0       1.02635761  p_z
  345   2   1   1       0.98387859  p_x
  346   1   0   0       0.90734993  s
  347   1   0   0       0.94240461  s
  348   1   0   0       0.92670978  s
  349   1   0   0       1.28679485  s
  349   2   1  -1       0.98989470  p_y
  349   2   1   0       0.97201954  p_z
  349   2   1   1       0.95054916  p_x
  350   1   0   0       0.89264844  s
  351   1   0   0       0.96783474  s
  352   1   0   0       0.91583279  s
 
Fermi level:                        -0.1484150939 H           -4.0386 eV
Band energy:                      -277.8765631891 H        -7561.4060 eV
TS:                                  0.0000000000 H            0.0000 eV
Band free energy (E-TS):          -277.8765631891 H        -7561.4060 eV
Extrapolated E(0K):               -277.8765631891 H        -7561.4060 eV
Input / Output electrons (q):    682.0000000000    682.0000000000
 
Energy H0:                        -282.4819167015 H        -7686.7240 eV
Energy SCC:                          0.0792065142 H            2.1553 eV
Total Electronic energy:          -282.4027101874 H        -7684.5687 eV
Repulsive energy:                    4.8070938537 H          130.8077 eV
Dispersion energy:                   1.1233685579 H           30.5684 eV
Total energy:                     -276.4722477757 H        -7523.1926 eV
Extrapolated to 0:                -276.4722477757 H        -7523.1926 eV
Total Mermin free energy:         -276.4722477757 H        -7523.1926 eV
Force related energy:             -276.4722477757 H        -7523.1926 eV
 
SCC converged
 
Full geometry written in geo_end.{xyz|gen}
 
MD Kinetic Energy:                   1.4536246865 H
Total MD Energy:                  -275.0186230892 H
Pressure:                            0.312602E-04 au     0.919706E+09 Pa
MD Temperature:                      0.0027609206 H          871.8287 K
MD Kinetic Energy:                   1.4536246865 H
Total MD Energy:                  -275.0186230892 H        -7483.6375 eV
MD Temperature:                      0.0027609206 H          871.8287 K
 
Molecular dynamics completed
 
