 Fermi distribution function
 
MD step: 100000
 

********************************************************************************
 iSCC Total electronic   Diff electronic      SCC error    
    6   -0.28281072E+03    0.28421709E-12    0.60880675E-06
********************************************************************************
 
Coordinates of moved atoms (au):
    1     71.41709558     58.93453154     76.51293198
    2     71.44031637     60.34558863     78.07719213
    3     70.89869219     59.95406819     74.81635485
    4     74.38683137     87.13629861     76.51552959
    5     74.51571532     85.96958950     78.23196319
    6     46.36969826     89.06453515     76.62111918
    7     74.96226912     85.93127537     74.03773822
    8     45.58371487     87.43931742     72.58113245
    9     73.86717508     84.18961518     73.75069102
   10     48.76676055     85.24850889     73.43630390
   11     48.71840032     83.90983553     71.82718222
   12     49.74310792     84.30181294     75.04405751
   13     79.17130626     87.58554618     72.73505335
   14     78.49223801     89.32744606     73.74030084
   15     78.77771500     88.08576731     70.65217451
   16     53.05217111     86.93508629     73.03078263
   17     53.58424178     85.08737036     72.31382582
   18     53.66364851     86.69917327     74.94457458
   19     84.13650135     88.69268941     71.85510931
   20     84.35340658     88.00390053     69.92477507
   21     85.89545123     88.02443994     72.70997491
   22     84.05923014     91.51042104     72.14873938
   23     53.13969941     92.10700277     71.60923275
   24     56.31558206     92.14991611     70.64072313
   25     69.50224746     56.85089993     77.07665283
   26     67.87781704     57.95564580     78.00159950
   27     68.47971098     55.90580777     75.45488399
   28     70.32338287     55.34357705     78.25867081
   29     84.80891134     92.76457111     74.65141143
   30     83.74272513     91.77150951     76.28438261
   31     86.76963679     92.68433276     75.03109131
   32     84.14092614     94.78811842     74.56577463
   33     45.52775892     68.70921697     57.81756770
   34     45.94704943     67.34652550     56.28087107
   35     43.45981331     69.07173085     57.64801207
   36     45.94410584     67.42229546     60.45213599
   37     44.84645070     68.53224574     61.89981270
   38     47.76789844     67.98888663     61.11563311
   39     45.47484223     64.56512837     60.35879782
   40     43.69398159     64.33077640     59.25869808
   41     44.71433641     64.03834317     62.21090683
   42     47.49884967     62.91190861     59.43862096
   43     77.86410837     64.23067712     58.74285255
   44     47.08381617     61.67132656     57.94821160
   45     48.46306568     61.12078807     61.61709802
   46     47.35344340     61.53569588     63.21655463
   47     79.36429815     61.50653354     62.24435046
   48     77.34724284     58.25472121     60.78627958
   49     78.96502587     58.08317801     59.33744457
   50     75.56142394     58.19478178     59.86777426
   51     48.58926190     56.41394046     62.95718792
   52     49.38991950     54.35967552     62.41861563
   53     46.91192583     56.26829335     64.19474495
   54     79.89286949     57.36097694     93.56710214
   55     79.22376123     59.04389684     94.63756283
   56     81.52140948     57.93303452     92.42600567
   57     46.97459140     71.12910525     57.20429444
   58     46.98691906     72.39317201     58.91190425
   59     48.86615396     70.54696363     56.40910184
   60     45.74096490     71.96085883     55.76754972
   61     51.80227330     55.47683040     95.56248889
   62     52.66077429     53.79502609     94.73441714
   63     53.39857499     56.25704430     96.71750985
   64     50.29558265     54.69109909     96.83866907
   65     65.39082091     76.01023783     71.54398612
   66     64.17218036     77.17292933     72.81009284
   67     64.23000702     74.73771846     70.47549957
   68     66.79751924     77.58319861     69.67209905
   69     68.66780823     78.30242004     70.42359833
   70     65.46002773     79.22903140     69.45348178
   71     67.05137982     76.65970903     67.03814440
   72     66.60071193     78.01169817     65.65674952
   73     65.68080250     75.00997955     66.82775547
   74     69.64084996     46.80415821     66.34345770
   75     69.80595836     44.55944079     66.32044698
   76     70.96566760     47.17849576     67.82940056
   77     70.49425469     47.74680943     63.67019361
   78     72.50846836     76.26896348     63.33348515
   79     70.43961599     78.82582030     63.42387311
   80     68.88634099     46.75945872     61.63685233
   81     69.55376240     47.44467735     59.73214430
   82     66.94079929     47.82777671     61.65290548
   83     68.55881466     43.87010300     61.48406023
   84     67.15011957     43.34390629     62.85248941
   85     70.13766305     42.99474755     62.45867505
   86     68.05315401     42.66087910     58.85197246
   87     68.58489819     40.75240213     58.92917637
   88     69.32836638     43.47755026     57.47502307
   89     66.97565813     74.20095663     73.26611417
   90     65.64184251     73.22004420     74.54081156
   91     67.94350056     72.68528727     72.10054632
   92     68.58270679     75.03469090     74.31717625
   93     65.37748724     43.11065331     57.97831237
   94     65.26769851     42.74688883     56.01352925
   95     64.34353004     41.54569448     58.61424181
   96     64.36025834     44.79628616     58.43994522
   97     59.09615094     70.35430952     83.10182475
   98     57.29843768     70.11785831     82.14568589
   99     59.01288304     72.34918043     83.87610540
  100     59.57726728     68.38872126     85.06414427
  101     61.36879749     68.64877713     85.98894733
  102     59.76229415     66.43321972     83.94983933
  103     57.72968346     67.99003162     87.24119444
  104     58.42280206     66.62397316     88.60380745
  105     55.82802092     67.34125519     86.88605690
  106     57.02232755     70.57408630     59.72276929
  107     58.83093187     71.52470440     60.38362928
  108     56.33699424     70.37903048     61.57333950
  109     55.18361587     72.32852205     58.37080024
  110     53.22398610     71.95865523     58.91921498
  111     55.48352320     72.08148561     56.43685781
  112     55.47212420     75.03277823     59.21224183
  113     55.25164168     76.51603867     57.71384813
  114     57.57301505     75.38272111     59.99876119
  115     53.42731345     75.65814418     61.28378637
  116     53.26077939     73.83482145     62.38591045
  117     51.65755756     75.57622624     60.31091688
  118     53.84057385     77.83637147     63.14968271
  119     52.30307791     77.32468913     64.61128414
  120     53.18888840     79.68526148     62.12891746
  121     61.00259726     70.27597446     80.98977183
  122     61.09941754     68.45933626     80.01816474
  123     60.32747931     71.90880517     79.74010851
  124     63.01477285     70.57678546     81.61597856
  125     56.31009456     78.13656463     64.39282689
  126     57.09385949     76.28981774     65.14531541
  127     57.51700128     79.27812385     63.05687634
  128     56.22196863     79.29486507     66.10997930
  129     70.84801928     56.22666443     58.52526312
  130     71.92964481     55.49746747     56.89765536
  131     72.20685193     57.28292322     59.54175615
  132     69.04789700     58.43344228     57.61734744
  133     68.23726165     58.94097259     59.53263770
  134     67.39529253     57.65753877     56.56497935
  135     70.34805421     60.72452724     56.55583151
  136     71.86204169     60.43063022     55.22829089
  137     71.15779139     61.82006484     58.16554279
  138     68.46639234     62.35048437     55.20460491
  139     66.90252323     63.24007771     56.32377623
  140     67.53189893     61.10451472     53.93640761
  141     70.02906372     64.54503789     53.88901679
  142     71.75563009     63.73003969     52.86837093
  143     70.76162172     65.63994059     55.60517402
  144     68.69720507     66.36456714     52.12574410
  145     66.85114190     66.56859195     53.02654571
  146     67.86691966     64.99946259     50.62256432
  147     69.98900259     68.81045741     51.37605116
  148     70.40548185     69.75866858     53.23121827
  149     68.48348807     70.02465102     50.39811811
  150     72.37373726     68.45893045     49.88109243
  151     72.13454211     67.68602992     47.97787147
  152     73.77200499     67.24719878     50.98815880
  153     69.09984398     54.19658601     59.79891054
  154     68.97475493     23.54827189     58.67825598
  155     69.92467354     53.68353561     61.76938064
  156     67.30741214     54.83538275     60.36054975
  157     73.62959881     71.05816893     49.56060629
  158     73.81065951     71.89693143     51.37305298
  159     75.54004655     70.93707523     48.60975848
  160     72.21172305     72.13095815     48.50531293
  161     74.24492778     47.83888771     73.08843945
  162     73.54187991     48.99293756     71.53616587
  163     73.73014023     45.80553157     72.85624679
  164     77.30367662     48.01669984     72.72423178
  165     78.33425648     48.00105041     74.56882029
  166     77.39322612     49.96687862     72.11545364
  167     78.24467481     45.88858354     71.00599183
  168     77.19388163     44.27276060     71.80659031
  169     80.18751541     45.21561931     71.23968010
  170     97.54569754     50.93589981     52.19071566
  171     95.86078790     52.26186881     51.61604760
  172     99.07485220     50.98356214     50.69079459
  173     77.37153381     74.81133962     68.38396205
  174     78.40087071     76.27384643     67.37966671
  175     75.41322685     46.61797245     68.15829721
  176     77.25257256     72.36039007     66.94274318
  177     76.76920956     72.72036418     64.78297405
  178     75.67823741     71.27126414     67.61944547
  179     80.00522384     71.03639629     67.14214484
  180     80.55095590     70.19937637     69.26357697
  181     81.59369347     72.29428287     66.49963378
  182     80.33668420     68.60488074     65.58683863
  183     82.25224659     68.03956294     65.22719350
  184     79.55897508     68.99692169     63.51726856
  185     73.45445798     48.41459686     75.81518457
  186     72.63506151     50.44711682     75.68994735
  187     72.12088402     47.23802809     76.76046767
  188     74.89494050     48.36468277    106.39094403
  189     79.19180088     66.28977850     66.59835660
  190     80.30391230     65.21787333     68.09685480
  191     77.63043910     66.76028061     67.66054885
  192     78.35177158     64.61743652     65.39645122
  193     78.91402729     56.19001014     81.10382973
  194     78.18064584     56.64967866     79.29352719
  195     79.91811793     83.31755554     80.70318293
  196     80.54832584     58.28073090     81.96386699
  197     82.59994868     58.16783008     81.35874013
  198     80.56966347     87.40314572     84.09052460
  199     79.59768500     60.96155218     80.99840264
  200     77.57382263     60.84806821     81.10153401
  201     80.19854092     61.49355132     78.95267928
  202     80.85348817     63.07607662     82.62202954
  203     82.95987800     63.00706930     81.95494236
  204     80.68962316     62.42827599     84.58254092
  205     80.14136294     65.86406499     82.66157096
  206     80.71205610     66.61209119     84.55797247
  207     78.10365607     66.24384279     82.50016761
  208     81.41476583     67.41793389     80.67241875
  209     80.41273065     67.03954164     78.93543704
  210     83.36580204     66.69766662     80.27221774
  211     81.07745496     99.22626097     81.06947042
  212     81.29634335     99.72786318     83.10944568
  213     79.13800362     99.60663622     80.48575729
  214     82.51434964    101.01150587     79.23183524
  215     84.69581780    100.87754432     79.53944249
  216     82.04453705    102.96682707     79.70903791
  217     76.61958040     55.64383955     82.74210101
  218     75.13115545     54.39425145     53.00394295
  219     77.21700528     54.96768813     55.52932976
  220     75.56883528     57.52091742     83.02214800
  221     81.64542545    100.19714069     76.49661922
  222     82.11009427     98.25600513     75.93197277
  223     79.77664577    100.52958617     75.92705024
  224     82.75766741    101.24549985     75.16911951
  225     55.68340594     88.94101564     58.72245250
  226     56.25613779     90.22468480     57.01434773
  227     53.75494206     88.02494033     57.97505274
  228     57.58053374     57.67031163     59.57266245
  229     56.77084984     56.92609048     61.32092264
  230     59.34974663     58.59430946     60.19533594
  231     57.85387398     84.79940153     57.45718260
  232     58.83332645     85.77643846     55.87085498
  233     56.10688497     84.10931997     56.71859183
  234     59.56513941     82.68578584     58.36648436
  235     58.85681078     81.51745521     60.06555463
  236     61.64587863     83.66111308     58.42039075
  237     60.01238512     80.76946869     56.29177159
  238     60.53702530     81.59945586     54.38652177
  239     58.25609362     50.40488201     55.80096928
  240     62.07824095     78.98396728     57.16240479
  241     61.06020240     48.08061576     56.97360113
  242     62.19884629     50.22412142     59.34854613
  243     64.49423821     78.95413058     55.92975512
  244     65.74886499     78.31705102     57.51868058
  245     65.10990712     81.04872787     55.51356925
  246     64.74295309     77.46117943     53.37522497
  247     63.33129224     78.19785463     52.04262760
  248     64.28163115     75.58658363     53.99436951
  249     55.27582494     62.09886169     60.75564140
  250     53.97394622     61.38081081     62.29596149
  251     56.98700762     62.86152166     61.31296527
  252     53.88889797     63.48945124     60.07679300
  253     67.51241917     77.30014298     52.45173900
  254     67.71292952     76.53859609     50.57949201
  255     69.12796925     80.94850352     53.62413736
  256     68.66028527     76.07499997     82.64678034
  257     73.16479157     64.11029424     69.23626952
  258     73.58243998     65.63654060     67.76445883
  259     71.06900289     64.23086071     69.63207271
  260     73.92821123     61.53922108     68.21087621
  261     75.19110027     60.41951300     69.46509383
  262     75.17538168     61.73454872     66.56113304
  263     71.88753759     60.04637523     66.75373454
  264     72.77551489     58.37679109     65.70393953
  265     71.20337635     61.13726525     65.30491214
  266     69.55966682     59.05043179     68.54073623
  267     68.56032068     60.74176399     69.61554209
  268     70.45709982     57.75300665     69.85103110
  269     67.76574538     57.52048369     66.86776218
  270     68.76744453     55.67203832     66.51166529
  271     67.47923134     58.37453755     65.06943208
  272     65.16992617     57.18029840     68.24075340
  273     64.27808012     59.09124840     68.22505587
  274     65.42091227     56.67996619     70.36886890
  275     63.51427499     55.24789144     66.79594479
  276     63.78248090     53.35329175     67.45830319
  277     64.28487678     55.14708556     64.77023428
  278     60.66647517     55.45564636     66.72732859
  279     60.12675232     54.94327166     64.63810538
  280     60.06801324     57.46690181     67.33756391
  281     74.62421256     64.89910118     71.54663803
  282     74.52043821     66.92631851     72.21257535
  283     73.91680853     63.56156788     73.02996880
  284     76.59834718     64.29801769     71.36769464
  285     59.62994330     53.76387608     68.68203262
  286     57.59607835     54.15457400     68.82533733
  287     60.19106515     51.92052132     68.15750624
  288     60.74633769     54.17581029     70.56743152
  289     56.43141605     49.25018901     72.73046368
  290     55.11871321     50.31912406     71.72532906
  291     58.18834699     50.26092650     72.89255400
  292     55.60906510     48.91684460     75.51106918
  293     55.98326003     47.05275570     76.36463562
  294     53.60607967     49.36219933     75.62074149
  295     56.83103670     50.71747654     77.60828369
  296     58.71740699     49.75434487     78.21472791
  297     55.58807511     50.37604873     50.36305498
  298     57.25452141     53.52778452     47.93932129
  299     55.33238368     54.33054194     76.84551978
  300     58.00857212     53.51985928     46.09229925
  301     58.99764398     54.61541459     49.81673506
  302     60.59505826     53.23668522     49.99303179
  303     58.09462041     54.55237085     80.65149294
  304     59.95272780     57.20074465     49.05153755
  305     58.20170592     58.21733146     48.60648982
  306     61.19890317     57.03551474     47.29547722
  307     61.61190720     58.50736798     51.05021210
  308     63.43565947     57.57931067     51.20634932
  309     60.69604881     57.88854530     53.01333561
  310     61.62494757     61.33160543     50.72369766
  311     62.16215917     61.68600544     48.66020454
  312     63.06687644     62.28037568     52.18530911
  313     56.94483792     46.81501703     71.20479568
  314     54.96597394     46.08220832     70.57673764
  315     57.90644216     47.02318211     69.30042874
  316     57.98482632     45.23496543     72.12765424
  317     59.00857416     62.37498419     51.73865817
  318     57.36341836     61.55798762     50.98226704
  319     59.05063360     62.09549178     53.83755833
  320     58.81168559     64.33223225     51.17344450
  321     64.43508454     66.11896199     44.46811445
  322     63.69835350     64.34966403     45.23410139
  323     64.29415519     65.88011288     42.32029824
  324     62.65355223     68.27159754     74.31683756
  325     63.60781328     70.06385970     74.48698299
  326     61.96838813     67.67283845     76.18168605
  327     60.36791990     68.46785922     72.65904499
  328     58.56420132     69.18376073     73.69782306
  329     59.84188478     66.36598679     72.31584493
  330     60.56414591     69.70553375     69.99288828
  331     62.49775560     70.16725561     69.53447098
  332     59.54834469     71.56474080     69.84208743
  333     59.41010175     68.06676612     67.94888706
  334     57.36123346     67.76619722     68.28852836
  335     60.08195338     66.04860296     68.24857603
  336     59.89112415     68.64160300     65.10297723
  337     58.82562891     70.49495162     64.86890301
  338     59.09192776     67.28488588     63.71158211
  339     62.60851389     68.95804050     64.11128506
  340     63.74817924     70.18284563     65.20247006
  341     62.50760993     70.11875421     62.26499493
  342     63.84175572     66.34609400     63.49897758
  343     63.18773568     65.83120803     61.53349495
  344     63.14754577     64.86068558     64.81551808
  345     67.28825867     66.52883763     45.08756946
  346     67.50147621     66.40713596     47.20257247
  347     68.47849961     65.03923531     44.03076988
  348     67.80330503     68.46803443     44.59695751
  349     66.76792308     66.21820294     63.56640443
  350     67.67059632     64.92683787     62.08271299
  351     67.64544932     68.10776021     63.77650972
  352     67.36603242     65.25987584     65.43586692
 
 Total charge:    -0.00000000

 Atomic gross charges (e)
 Atom           Charge
    1      -0.12343127
    2       0.04894149
    3       0.06581588
    4      -0.11510580
    5       0.07398564
    6       0.05351023
    7      -0.10406801
    8       0.05430086
    9       0.05980575
   10      -0.10925378
   11       0.05248403
   12       0.05353048
   13      -0.08052494
   14       0.05847512
   15       0.03879484
   16      -0.13234971
   17       0.05446549
   18       0.05958444
   19      -0.11803531
   20       0.05410096
   21       0.04724684
   22      -0.08758947
   23       0.04795862
   24       0.05665071
   25      -0.18562244
   26       0.05041791
   27       0.05758973
   28       0.07065069
   29      -0.19060824
   30       0.05307714
   31       0.07887689
   32       0.05779923
   33      -0.11056936
   34       0.05228870
   35       0.04573179
   36      -0.12007014
   37       0.04646834
   38       0.06435855
   39      -0.09511175
   40       0.05011842
   41       0.05085544
   42      -0.11894100
   43       0.06692763
   44       0.07204765
   45      -0.14978577
   46       0.07307046
   47       0.06208158
   48      -0.10858241
   49       0.05343097
   50       0.06702968
   51      -0.09573823
   52       0.04087386
   53       0.06958411
   54      -0.10896149
   55       0.04965491
   56       0.06860058
   57      -0.20311659
   58       0.06851467
   59       0.07032426
   60       0.06668898
   61      -0.19880019
   62       0.05572413
   63       0.05667229
   64       0.05999403
   65      -0.09450663
   66       0.05339308
   67       0.06407361
   68      -0.09126841
   69       0.05421616
   70       0.03929797
   71      -0.09999573
   72       0.07194108
   73       0.04447712
   74      -0.10096635
   75       0.02730667
   76       0.06129647
   77      -0.09455708
   78       0.05096702
   79       0.04504856
   80      -0.07497756
   81       0.03821517
   82       0.02658537
   83      -0.12626665
   84       0.06012149
   85       0.05459943
   86      -0.09396429
   87       0.07087698
   88       0.05144838
   89      -0.20714532
   90       0.06256831
   91       0.05210610
   92       0.06648545
   93      -0.22503130
   94       0.06329823
   95       0.06863887
   96       0.08694104
   97      -0.08827593
   98       0.06394391
   99       0.05133625
  100      -0.07563398
  101       0.06248742
  102       0.02533170
  103      -0.12434146
  104       0.05833975
  105       0.06474259
  106      -0.13652464
  107       0.04398051
  108       0.06546659
  109      -0.11541086
  110       0.06032412
  111       0.07736937
  112      -0.09425375
  113       0.04742908
  114       0.03114401
  115      -0.12387984
  116       0.03904053
  117       0.06431242
  118      -0.05816451
  119       0.03540434
  120       0.03729139
  121      -0.19777613
  122       0.06932797
  123       0.05503824
  124       0.05424181
  125      -0.18056755
  126       0.06620749
  127       0.06327897
  128       0.05677079
  129      -0.12801878
  130       0.05331313
  131       0.07781028
  132      -0.11290842
  133       0.04070675
  134       0.05821588
  135      -0.10369733
  136       0.06668500
  137       0.05547885
  138      -0.11753928
  139       0.05405772
  140       0.06417999
  141      -0.10588345
  142       0.04228163
  143       0.04018870
  144      -0.11466746
  145       0.05220841
  146       0.04049961
  147      -0.06776627
  148       0.05244015
  149       0.04412820
  150      -0.09140669
  151       0.06439240
  152       0.05029066
  153      -0.19799462
  154       0.07758035
  155       0.04061438
  156       0.08016569
  157      -0.22047791
  158       0.07171067
  159       0.06557933
  160       0.06772045
  161      -0.11039261
  162       0.07459576
  163       0.05439157
  164      -0.12558465
  165       0.05649341
  166       0.06170849
  167      -0.09709814
  168       0.04432162
  169       0.06793280
  170      -0.20778712
  171       0.03967052
  172       0.05009721
  173      -0.09356855
  174       0.04819454
  175       0.04005962
  176      -0.09059898
  177       0.03893476
  178       0.07146927
  179      -0.09440158
  180       0.03105241
  181       0.06173980
  182      -0.07466802
  183       0.06009999
  184       0.02654472
  185      -0.19279378
  186       0.04610675
  187       0.07219365
  188       0.05782813
  189      -0.20167598
  190       0.04433297
  191       0.06962816
  192       0.05252006
  193      -0.09132886
  194       0.06429545
  195       0.04502570
  196      -0.09389463
  197       0.05051826
  198       0.05310342
  199      -0.12108011
  200       0.06832147
  201       0.04678703
  202      -0.11076571
  203       0.03995064
  204       0.05669989
  205      -0.09209898
  206       0.04494389
  207       0.05615973
  208      -0.10723264
  209       0.05489436
  210       0.05383450
  211      -0.11803108
  212       0.05277902
  213       0.05840602
  214      -0.08803761
  215       0.04535009
  216       0.06154359
  217      -0.20385737
  218       0.06417170
  219       0.07744028
  220       0.04630589
  221      -0.22200951
  222       0.06765851
  223       0.08093973
  224       0.05920343
  225      -0.11274762
  226       0.04473095
  227       0.03711691
  228      -0.10402919
  229       0.06252975
  230       0.05815646
  231      -0.09991277
  232       0.05744920
  233       0.07057239
  234      -0.08630503
  235       0.06582811
  236       0.04148491
  237      -0.09866412
  238       0.05213645
  239       0.01913453
  240      -0.08037512
  241       0.02974509
  242       0.03093120
  243      -0.08658882
  244       0.05242095
  245       0.03113814
  246      -0.11858110
  247       0.07315115
  248       0.06202808
  249      -0.22071171
  250       0.05804380
  251       0.09237476
  252       0.06440410
  253      -0.08865688
  254       0.06090496
  255       0.09240627
  256       0.05589765
  257      -0.06883933
  258       0.03786464
  259       0.05122101
  260      -0.11716926
  261       0.06484117
  262       0.05175415
  263      -0.12811776
  264       0.04505644
  265       0.07464863
  266      -0.11888752
  267       0.05068765
  268       0.06652105
  269      -0.10922891
  270       0.04859146
  271       0.06870991
  272      -0.09347345
  273       0.05360253
  274       0.04494073
  275      -0.11676786
  276       0.06128898
  277       0.03563826
  278      -0.07749836
  279       0.04494920
  280       0.04388257
  281      -0.20069545
  282       0.06798877
  283       0.05352370
  284       0.06421369
  285      -0.19691045
  286       0.07126451
  287       0.07736037
  288       0.05036188
  289      -0.10282231
  290       0.07346996
  291       0.06371522
  292      -0.12845514
  293       0.06633399
  294       0.05625896
  295      -0.11639260
  296       0.03367427
  297       0.04561864
  298      -0.10777880
  299       0.05798951
  300       0.07076945
  301      -0.09512811
  302       0.04578231
  303       0.05786680
  304      -0.10716557
  305       0.06464345
  306       0.04486727
  307      -0.09673395
  308       0.06124233
  309       0.02459978
  310      -0.07690643
  311       0.06040326
  312       0.03590268
  313      -0.19182778
  314       0.04080146
  315       0.05383684
  316       0.07052770
  317      -0.21630102
  318       0.07922906
  319       0.07050512
  320       0.06559220
  321      -0.10146540
  322       0.05624404
  323       0.04622465
  324      -0.10509212
  325       0.06582214
  326       0.05425705
  327      -0.08955677
  328       0.03826080
  329       0.03622423
  330      -0.10047620
  331       0.06648627
  332       0.04671888
  333      -0.09569872
  334       0.05032886
  335       0.03477777
  336      -0.10601931
  337       0.04153885
  338       0.06094349
  339      -0.10599159
  340       0.06988625
  341       0.03782960
  342      -0.09084807
  343       0.04648915
  344       0.05844558
  345      -0.20341887
  346       0.06369907
  347       0.06361930
  348       0.07034131
  349      -0.19349831
  350       0.06321531
  351       0.07135794
  352       0.04062703
 
Nr. of electrons (up):    682.00000000
Atom populations (up)
 Atom       Population
    1       4.12343127
    2       0.95105851
    3       0.93418412
    4       4.11510580
    5       0.92601436
    6       0.94648977
    7       4.10406801
    8       0.94569914
    9       0.94019425
   10       4.10925378
   11       0.94751597
   12       0.94646952
   13       4.08052494
   14       0.94152488
   15       0.96120516
   16       4.13234971
   17       0.94553451
   18       0.94041556
   19       4.11803531
   20       0.94589904
   21       0.95275316
   22       4.08758947
   23       0.95204138
   24       0.94334929
   25       4.18562244
   26       0.94958209
   27       0.94241027
   28       0.92934931
   29       4.19060824
   30       0.94692286
   31       0.92112311
   32       0.94220077
   33       4.11056936
   34       0.94771130
   35       0.95426821
   36       4.12007014
   37       0.95353166
   38       0.93564145
   39       4.09511175
   40       0.94988158
   41       0.94914456
   42       4.11894100
   43       0.93307237
   44       0.92795235
   45       4.14978577
   46       0.92692954
   47       0.93791842
   48       4.10858241
   49       0.94656903
   50       0.93297032
   51       4.09573823
   52       0.95912614
   53       0.93041589
   54       4.10896149
   55       0.95034509
   56       0.93139942
   57       4.20311659
   58       0.93148533
   59       0.92967574
   60       0.93331102
   61       4.19880019
   62       0.94427587
   63       0.94332771
   64       0.94000597
   65       4.09450663
   66       0.94660692
   67       0.93592639
   68       4.09126841
   69       0.94578384
   70       0.96070203
   71       4.09999573
   72       0.92805892
   73       0.95552288
   74       4.10096635
   75       0.97269333
   76       0.93870353
   77       4.09455708
   78       0.94903298
   79       0.95495144
   80       4.07497756
   81       0.96178483
   82       0.97341463
   83       4.12626665
   84       0.93987851
   85       0.94540057
   86       4.09396429
   87       0.92912302
   88       0.94855162
   89       4.20714532
   90       0.93743169
   91       0.94789390
   92       0.93351455
   93       4.22503130
   94       0.93670177
   95       0.93136113
   96       0.91305896
   97       4.08827593
   98       0.93605609
   99       0.94866375
  100       4.07563398
  101       0.93751258
  102       0.97466830
  103       4.12434146
  104       0.94166025
  105       0.93525741
  106       4.13652464
  107       0.95601949
  108       0.93453341
  109       4.11541086
  110       0.93967588
  111       0.92263063
  112       4.09425375
  113       0.95257092
  114       0.96885599
  115       4.12387984
  116       0.96095947
  117       0.93568758
  118       4.05816451
  119       0.96459566
  120       0.96270861
  121       4.19777613
  122       0.93067203
  123       0.94496176
  124       0.94575819
  125       4.18056755
  126       0.93379251
  127       0.93672103
  128       0.94322921
  129       4.12801878
  130       0.94668687
  131       0.92218972
  132       4.11290842
  133       0.95929325
  134       0.94178412
  135       4.10369733
  136       0.93331500
  137       0.94452115
  138       4.11753928
  139       0.94594228
  140       0.93582001
  141       4.10588345
  142       0.95771837
  143       0.95981130
  144       4.11466746
  145       0.94779159
  146       0.95950039
  147       4.06776627
  148       0.94755985
  149       0.95587180
  150       4.09140669
  151       0.93560760
  152       0.94970934
  153       4.19799462
  154       0.92241965
  155       0.95938562
  156       0.91983431
  157       4.22047791
  158       0.92828933
  159       0.93442067
  160       0.93227955
  161       4.11039261
  162       0.92540424
  163       0.94560843
  164       4.12558465
  165       0.94350659
  166       0.93829151
  167       4.09709814
  168       0.95567838
  169       0.93206720
  170       4.20778712
  171       0.96032948
  172       0.94990279
  173       4.09356855
  174       0.95180546
  175       0.95994038
  176       4.09059898
  177       0.96106524
  178       0.92853073
  179       4.09440158
  180       0.96894759
  181       0.93826020
  182       4.07466802
  183       0.93990001
  184       0.97345528
  185       4.19279378
  186       0.95389325
  187       0.92780635
  188       0.94217187
  189       4.20167598
  190       0.95566703
  191       0.93037184
  192       0.94747994
  193       4.09132886
  194       0.93570455
  195       0.95497430
  196       4.09389463
  197       0.94948174
  198       0.94689658
  199       4.12108011
  200       0.93167853
  201       0.95321297
  202       4.11076571
  203       0.96004936
  204       0.94330011
  205       4.09209898
  206       0.95505611
  207       0.94384027
  208       4.10723264
  209       0.94510564
  210       0.94616550
  211       4.11803108
  212       0.94722098
  213       0.94159398
  214       4.08803761
  215       0.95464991
  216       0.93845641
  217       4.20385737
  218       0.93582830
  219       0.92255972
  220       0.95369411
  221       4.22200951
  222       0.93234149
  223       0.91906027
  224       0.94079657
  225       4.11274762
  226       0.95526905
  227       0.96288309
  228       4.10402919
  229       0.93747025
  230       0.94184354
  231       4.09991277
  232       0.94255080
  233       0.92942761
  234       4.08630503
  235       0.93417189
  236       0.95851509
  237       4.09866412
  238       0.94786355
  239       0.98086547
  240       4.08037512
  241       0.97025491
  242       0.96906880
  243       4.08658882
  244       0.94757905
  245       0.96886186
  246       4.11858110
  247       0.92684885
  248       0.93797192
  249       4.22071171
  250       0.94195620
  251       0.90762524
  252       0.93559590
  253       4.08865688
  254       0.93909504
  255       0.90759373
  256       0.94410235
  257       4.06883933
  258       0.96213536
  259       0.94877899
  260       4.11716926
  261       0.93515883
  262       0.94824585
  263       4.12811776
  264       0.95494356
  265       0.92535137
  266       4.11888752
  267       0.94931235
  268       0.93347895
  269       4.10922891
  270       0.95140854
  271       0.93129009
  272       4.09347345
  273       0.94639747
  274       0.95505927
  275       4.11676786
  276       0.93871102
  277       0.96436174
  278       4.07749836
  279       0.95505080
  280       0.95611743
  281       4.20069545
  282       0.93201123
  283       0.94647630
  284       0.93578631
  285       4.19691045
  286       0.92873549
  287       0.92263963
  288       0.94963812
  289       4.10282231
  290       0.92653004
  291       0.93628478
  292       4.12845514
  293       0.93366601
  294       0.94374104
  295       4.11639260
  296       0.96632573
  297       0.95438136
  298       4.10777880
  299       0.94201049
  300       0.92923055
  301       4.09512811
  302       0.95421769
  303       0.94213320
  304       4.10716557
  305       0.93535655
  306       0.95513273
  307       4.09673395
  308       0.93875767
  309       0.97540022
  310       4.07690643
  311       0.93959674
  312       0.96409732
  313       4.19182778
  314       0.95919854
  315       0.94616316
  316       0.92947230
  317       4.21630102
  318       0.92077094
  319       0.92949488
  320       0.93440780
  321       4.10146540
  322       0.94375596
  323       0.95377535
  324       4.10509212
  325       0.93417786
  326       0.94574295
  327       4.08955677
  328       0.96173920
  329       0.96377577
  330       4.10047620
  331       0.93351373
  332       0.95328112
  333       4.09569872
  334       0.94967114
  335       0.96522223
  336       4.10601931
  337       0.95846115
  338       0.93905651
  339       4.10599159
  340       0.93011375
  341       0.96217040
  342       4.09084807
  343       0.95351085
  344       0.94155442
  345       4.20341887
  346       0.93630093
  347       0.93638070
  348       0.92965869
  349       4.19349831
  350       0.93678469
  351       0.92864206
  352       0.95937297
 
l-shell populations (up)
 Atom Sh.   l       Population
    1   1   0       1.24903389
    1   2   1       2.87439738
    2   1   0       0.95105851
    3   1   0       0.93418412
    4   1   0       1.24850085
    4   2   1       2.86660495
    5   1   0       0.92601436
    6   1   0       0.94648977
    7   1   0       1.22956264
    7   2   1       2.87450537
    8   1   0       0.94569914
    9   1   0       0.94019425
   10   1   0       1.23346305
   10   2   1       2.87579073
   11   1   0       0.94751597
   12   1   0       0.94646952
   13   1   0       1.23546029
   13   2   1       2.84506465
   14   1   0       0.94152488
   15   1   0       0.96120516
   16   1   0       1.24267907
   16   2   1       2.88967064
   17   1   0       0.94553451
   18   1   0       0.94041556
   19   1   0       1.23404636
   19   2   1       2.88398895
   20   1   0       0.94589904
   21   1   0       0.95275316
   22   1   0       1.21831169
   22   2   1       2.86927777
   23   1   0       0.95204138
   24   1   0       0.94334929
   25   1   0       1.27004097
   25   2   1       2.91558147
   26   1   0       0.94958209
   27   1   0       0.94241027
   28   1   0       0.92934931
   29   1   0       1.26865591
   29   2   1       2.92195234
   30   1   0       0.94692286
   31   1   0       0.92112311
   32   1   0       0.94220077
   33   1   0       1.24161034
   33   2   1       2.86895903
   34   1   0       0.94771130
   35   1   0       0.95426821
   36   1   0       1.23894156
   36   2   1       2.88112858
   37   1   0       0.95353166
   38   1   0       0.93564145
   39   1   0       1.21657382
   39   2   1       2.87853793
   40   1   0       0.94988158
   41   1   0       0.94914456
   42   1   0       1.21824961
   42   2   1       2.90069140
   43   1   0       0.93307237
   44   1   0       0.92795235
   45   1   0       1.25300577
   45   2   1       2.89678001
   46   1   0       0.92692954
   47   1   0       0.93791842
   48   1   0       1.23892738
   48   2   1       2.86965503
   49   1   0       0.94656903
   50   1   0       0.93297032
   51   1   0       1.25280053
   51   2   1       2.84293770
   52   1   0       0.95912614
   53   1   0       0.93041589
   54   1   0       1.24386077
   54   2   1       2.86510072
   55   1   0       0.95034509
   56   1   0       0.93139942
   57   1   0       1.27189098
   57   2   1       2.93122561
   58   1   0       0.93148533
   59   1   0       0.92967574
   60   1   0       0.93331102
   61   1   0       1.26633652
   61   2   1       2.93246367
   62   1   0       0.94427587
   63   1   0       0.94332771
   64   1   0       0.94000597
   65   1   0       1.22727865
   65   2   1       2.86722798
   66   1   0       0.94660692
   67   1   0       0.93592639
   68   1   0       1.22007583
   68   2   1       2.87119258
   69   1   0       0.94578384
   70   1   0       0.96070203
   71   1   0       1.21388976
   71   2   1       2.88610597
   72   1   0       0.92805892
   73   1   0       0.95552288
   74   1   0       1.23881634
   74   2   1       2.86215001
   75   1   0       0.97269333
   76   1   0       0.93870353
   77   1   0       1.22882009
   77   2   1       2.86573699
   78   1   0       0.94903298
   79   1   0       0.95495144
   80   1   0       1.22804889
   80   2   1       2.84692867
   81   1   0       0.96178483
   82   1   0       0.97341463
   83   1   0       1.23277985
   83   2   1       2.89348680
   84   1   0       0.93987851
   85   1   0       0.94540057
   86   1   0       1.21861895
   86   2   1       2.87534534
   87   1   0       0.92912302
   88   1   0       0.94855162
   89   1   0       1.27784637
   89   2   1       2.92929895
   90   1   0       0.93743169
   91   1   0       0.94789390
   92   1   0       0.93351455
   93   1   0       1.24569940
   93   2   1       2.97933190
   94   1   0       0.93670177
   95   1   0       0.93136113
   96   1   0       0.91305896
   97   1   0       1.21786504
   97   2   1       2.87041089
   98   1   0       0.93605609
   99   1   0       0.94866375
  100   1   0       1.22434669
  100   2   1       2.85128729
  101   1   0       0.93751258
  102   1   0       0.97466830
  103   1   0       1.24025105
  103   2   1       2.88409040
  104   1   0       0.94166025
  105   1   0       0.93525741
  106   1   0       1.24601563
  106   2   1       2.89050901
  107   1   0       0.95601949
  108   1   0       0.93453341
  109   1   0       1.21789154
  109   2   1       2.89751932
  110   1   0       0.93967588
  111   1   0       0.92263063
  112   1   0       1.25197673
  112   2   1       2.84227702
  113   1   0       0.95257092
  114   1   0       0.96885599
  115   1   0       1.24482809
  115   2   1       2.87905175
  116   1   0       0.96095947
  117   1   0       0.93568758
  118   1   0       1.22584094
  118   2   1       2.83232357
  119   1   0       0.96459566
  120   1   0       0.96270861
  121   1   0       1.26854801
  121   2   1       2.92922812
  122   1   0       0.93067203
  123   1   0       0.94496176
  124   1   0       0.94575819
  125   1   0       1.25561979
  125   2   1       2.92494777
  126   1   0       0.93379251
  127   1   0       0.93672103
  128   1   0       0.94322921
  129   1   0       1.24433061
  129   2   1       2.88368817
  130   1   0       0.94668687
  131   1   0       0.92218972
  132   1   0       1.24582555
  132   2   1       2.86708287
  133   1   0       0.95929325
  134   1   0       0.94178412
  135   1   0       1.21937997
  135   2   1       2.88431736
  136   1   0       0.93331500
  137   1   0       0.94452115
  138   1   0       1.23635888
  138   2   1       2.88118040
  139   1   0       0.94594228
  140   1   0       0.93582001
  141   1   0       1.25223444
  141   2   1       2.85364901
  142   1   0       0.95771837
  143   1   0       0.95981130
  144   1   0       1.23001428
  144   2   1       2.88465317
  145   1   0       0.94779159
  146   1   0       0.95950039
  147   1   0       1.22650464
  147   2   1       2.84126163
  148   1   0       0.94755985
  149   1   0       0.95587180
  150   1   0       1.22889266
  150   2   1       2.86251403
  151   1   0       0.93560760
  152   1   0       0.94970934
  153   1   0       1.26724198
  153   2   1       2.93075264
  154   1   0       0.92241965
  155   1   0       0.95938562
  156   1   0       0.91983431
  157   1   0       1.26837988
  157   2   1       2.95209803
  158   1   0       0.92828933
  159   1   0       0.93442067
  160   1   0       0.93227955
  161   1   0       1.25053724
  161   2   1       2.85985537
  162   1   0       0.92540424
  163   1   0       0.94560843
  164   1   0       1.25233316
  164   2   1       2.87325148
  165   1   0       0.94350659
  166   1   0       0.93829151
  167   1   0       1.21372233
  167   2   1       2.88337581
  168   1   0       0.95567838
  169   1   0       0.93206720
  170   1   0       1.25371244
  170   2   1       2.95407468
  171   1   0       0.96032948
  172   1   0       0.94990279
  173   1   0       1.20830891
  173   2   1       2.88525965
  174   1   0       0.95180546
  175   1   0       0.95994038
  176   1   0       1.24989612
  176   2   1       2.84070286
  177   1   0       0.96106524
  178   1   0       0.92853073
  179   1   0       1.27234294
  179   2   1       2.82205864
  180   1   0       0.96894759
  181   1   0       0.93826020
  182   1   0       1.22000156
  182   2   1       2.85466646
  183   1   0       0.93990001
  184   1   0       0.97345528
  185   1   0       1.26793404
  185   2   1       2.92485973
  186   1   0       0.95389325
  187   1   0       0.92780635
  188   1   0       0.94217187
  189   1   0       1.25343850
  189   2   1       2.94823749
  190   1   0       0.95566703
  191   1   0       0.93037184
  192   1   0       0.94747994
  193   1   0       1.21058938
  193   2   1       2.88073949
  194   1   0       0.93570455
  195   1   0       0.95497430
  196   1   0       1.23847969
  196   2   1       2.85541494
  197   1   0       0.94948174
  198   1   0       0.94689658
  199   1   0       1.25599106
  199   2   1       2.86508905
  200   1   0       0.93167853
  201   1   0       0.95321297
  202   1   0       1.24414088
  202   2   1       2.86662483
  203   1   0       0.96004936
  204   1   0       0.94330011
  205   1   0       1.22442448
  205   2   1       2.86767450
  206   1   0       0.95505611
  207   1   0       0.94384027
  208   1   0       1.22515012
  208   2   1       2.88208253
  209   1   0       0.94510564
  210   1   0       0.94616550
  211   1   0       1.23960065
  211   2   1       2.87843043
  212   1   0       0.94722098
  213   1   0       0.94159398
  214   1   0       1.25048523
  214   2   1       2.83755238
  215   1   0       0.95464991
  216   1   0       0.93845641
  217   1   0       1.26114308
  217   2   1       2.94271429
  218   1   0       0.93582830
  219   1   0       0.92255972
  220   1   0       0.95369411
  221   1   0       1.26234309
  221   2   1       2.95966643
  222   1   0       0.93234149
  223   1   0       0.91906027
  224   1   0       0.94079657
  225   1   0       1.28628314
  225   2   1       2.82646448
  226   1   0       0.95526905
  227   1   0       0.96288309
  228   1   0       1.24332838
  228   2   1       2.86070081
  229   1   0       0.93747025
  230   1   0       0.94184354
  231   1   0       1.21818594
  231   2   1       2.88172683
  232   1   0       0.94255080
  233   1   0       0.92942761
  234   1   0       1.25182805
  234   2   1       2.83447698
  235   1   0       0.93417189
  236   1   0       0.95851509
  237   1   0       1.24925828
  237   2   1       2.84940583
  238   1   0       0.94786355
  239   1   0       0.98086547
  240   1   0       1.22399983
  240   2   1       2.85637529
  241   1   0       0.97025491
  242   1   0       0.96906880
  243   1   0       1.22943269
  243   2   1       2.85715612
  244   1   0       0.94757905
  245   1   0       0.96886186
  246   1   0       1.23979651
  246   2   1       2.87878459
  247   1   0       0.92684885
  248   1   0       0.93797192
  249   1   0       1.26788831
  249   2   1       2.95282340
  250   1   0       0.94195620
  251   1   0       0.90762524
  252   1   0       0.93559590
  253   1   0       1.22003983
  253   2   1       2.86861705
  254   1   0       0.93909504
  255   1   0       0.90759373
  256   1   0       0.94410235
  257   1   0       1.22616199
  257   2   1       2.84267735
  258   1   0       0.96213536
  259   1   0       0.94877899
  260   1   0       1.23283089
  260   2   1       2.88433837
  261   1   0       0.93515883
  262   1   0       0.94824585
  263   1   0       1.25529808
  263   2   1       2.87281968
  264   1   0       0.95494356
  265   1   0       0.92535137
  266   1   0       1.26422818
  266   2   1       2.85465934
  267   1   0       0.94931235
  268   1   0       0.93347895
  269   1   0       1.23877206
  269   2   1       2.87045685
  270   1   0       0.95140854
  271   1   0       0.93129009
  272   1   0       1.25131560
  272   2   1       2.84215785
  273   1   0       0.94639747
  274   1   0       0.95505927
  275   1   0       1.23574072
  275   2   1       2.88102714
  276   1   0       0.93871102
  277   1   0       0.96436174
  278   1   0       1.23221260
  278   2   1       2.84528576
  279   1   0       0.95505080
  280   1   0       0.95611743
  281   1   0       1.26586878
  281   2   1       2.93482667
  282   1   0       0.93201123
  283   1   0       0.94647630
  284   1   0       0.93578631
  285   1   0       1.26106454
  285   2   1       2.93584591
  286   1   0       0.92873549
  287   1   0       0.92263963
  288   1   0       0.94963812
  289   1   0       1.22020113
  289   2   1       2.88262118
  290   1   0       0.92653004
  291   1   0       0.93628478
  292   1   0       1.24743236
  292   2   1       2.88102278
  293   1   0       0.93366601
  294   1   0       0.94374104
  295   1   0       1.26896184
  295   2   1       2.84743075
  296   1   0       0.96632573
  297   1   0       0.95438136
  298   1   0       1.21847618
  298   2   1       2.88930262
  299   1   0       0.94201049
  300   1   0       0.92923055
  301   1   0       1.22001968
  301   2   1       2.87510844
  302   1   0       0.95421769
  303   1   0       0.94213320
  304   1   0       1.23564766
  304   2   1       2.87151791
  305   1   0       0.93535655
  306   1   0       0.95513273
  307   1   0       1.23667239
  307   2   1       2.86006156
  308   1   0       0.93875767
  309   1   0       0.97540022
  310   1   0       1.25199019
  310   2   1       2.82491624
  311   1   0       0.93959674
  312   1   0       0.96409732
  313   1   0       1.27951145
  313   2   1       2.91231633
  314   1   0       0.95919854
  315   1   0       0.94616316
  316   1   0       0.92947230
  317   1   0       1.27098376
  317   2   1       2.94531725
  318   1   0       0.92077094
  319   1   0       0.92949488
  320   1   0       0.93440780
  321   1   0       1.24544417
  321   2   1       2.85602123
  322   1   0       0.94375596
  323   1   0       0.95377535
  324   1   0       1.22548792
  324   2   1       2.87960420
  325   1   0       0.93417786
  326   1   0       0.94574295
  327   1   0       1.24487661
  327   2   1       2.84468015
  328   1   0       0.96173920
  329   1   0       0.96377577
  330   1   0       1.23053824
  330   2   1       2.86993796
  331   1   0       0.93351373
  332   1   0       0.95328112
  333   1   0       1.23671885
  333   2   1       2.85897987
  334   1   0       0.94967114
  335   1   0       0.96522223
  336   1   0       1.24285565
  336   2   1       2.86316366
  337   1   0       0.95846115
  338   1   0       0.93905651
  339   1   0       1.23950842
  339   2   1       2.86648317
  340   1   0       0.93011375
  341   1   0       0.96217040
  342   1   0       1.24269438
  342   2   1       2.84815370
  343   1   0       0.95351085
  344   1   0       0.94155442
  345   1   0       1.28055520
  345   2   1       2.92286367
  346   1   0       0.93630093
  347   1   0       0.93638070
  348   1   0       0.92965869
  349   1   0       1.28071613
  349   2   1       2.91278217
  350   1   0       0.93678469
  351   1   0       0.92864206
  352   1   0       0.95937297
 
Orbital populations (up)
 Atom Sh.   l   m       Population  Label
    1   1   0   0       1.24903389  s
    1   2   1  -1       0.96754325  p_y
    1   2   1   0       0.98112822  p_z
    1   2   1   1       0.92572592  p_x
    2   1   0   0       0.95105851  s
    3   1   0   0       0.93418412  s
    4   1   0   0       1.24850085  s
    4   2   1  -1       0.95675906  p_y
    4   2   1   0       0.95057419  p_z
    4   2   1   1       0.95927169  p_x
    5   1   0   0       0.92601436  s
    6   1   0   0       0.94648977  s
    7   1   0   0       1.22956264  s
    7   2   1  -1       0.95337905  p_y
    7   2   1   0       0.96131027  p_z
    7   2   1   1       0.95981605  p_x
    8   1   0   0       0.94569914  s
    9   1   0   0       0.94019425  s
   10   1   0   0       1.23346305  s
   10   2   1  -1       0.96065330  p_y
   10   2   1   0       0.97029951  p_z
   10   2   1   1       0.94483792  p_x
   11   1   0   0       0.94751597  s
   12   1   0   0       0.94646952  s
   13   1   0   0       1.23546029  s
   13   2   1  -1       0.94558472  p_y
   13   2   1   0       0.97236965  p_z
   13   2   1   1       0.92711028  p_x
   14   1   0   0       0.94152488  s
   15   1   0   0       0.96120516  s
   16   1   0   0       1.24267907  s
   16   2   1  -1       0.98072093  p_y
   16   2   1   0       1.00127221  p_z
   16   2   1   1       0.90767750  p_x
   17   1   0   0       0.94553451  s
   18   1   0   0       0.94041556  s
   19   1   0   0       1.23404636  s
   19   2   1  -1       0.92539558  p_y
   19   2   1   0       0.98492689  p_z
   19   2   1   1       0.97366648  p_x
   20   1   0   0       0.94589904  s
   21   1   0   0       0.95275316  s
   22   1   0   0       1.21831169  s
   22   2   1  -1       0.94414676  p_y
   22   2   1   0       0.95247140  p_z
   22   2   1   1       0.97265962  p_x
   23   1   0   0       0.95204138  s
   24   1   0   0       0.94334929  s
   25   1   0   0       1.27004097  s
   25   2   1  -1       0.95079962  p_y
   25   2   1   0       1.00280141  p_z
   25   2   1   1       0.96198044  p_x
   26   1   0   0       0.94958209  s
   27   1   0   0       0.94241027  s
   28   1   0   0       0.92934931  s
   29   1   0   0       1.26865591  s
   29   2   1  -1       0.97422917  p_y
   29   2   1   0       0.96331675  p_z
   29   2   1   1       0.98440642  p_x
   30   1   0   0       0.94692286  s
   31   1   0   0       0.92112311  s
   32   1   0   0       0.94220077  s
   33   1   0   0       1.24161034  s
   33   2   1  -1       0.94855763  p_y
   33   2   1   0       0.94962516  p_z
   33   2   1   1       0.97077624  p_x
   34   1   0   0       0.94771130  s
   35   1   0   0       0.95426821  s
   36   1   0   0       1.23894156  s
   36   2   1  -1       0.92377478  p_y
   36   2   1   0       0.94689537  p_z
   36   2   1   1       1.01045843  p_x
   37   1   0   0       0.95353166  s
   38   1   0   0       0.93564145  s
   39   1   0   0       1.21657382  s
   39   2   1  -1       0.92700497  p_y
   39   2   1   0       0.99109060  p_z
   39   2   1   1       0.96044235  p_x
   40   1   0   0       0.94988158  s
   41   1   0   0       0.94914456  s
   42   1   0   0       1.21824961  s
   42   2   1  -1       0.94063158  p_y
   42   2   1   0       0.97148251  p_z
   42   2   1   1       0.98857731  p_x
   43   1   0   0       0.93307237  s
   44   1   0   0       0.92795235  s
   45   1   0   0       1.25300577  s
   45   2   1  -1       0.93673537  p_y
   45   2   1   0       0.96657377  p_z
   45   2   1   1       0.99347086  p_x
   46   1   0   0       0.92692954  s
   47   1   0   0       0.93791842  s
   48   1   0   0       1.23892738  s
   48   2   1  -1       0.93428338  p_y
   48   2   1   0       0.96393110  p_z
   48   2   1   1       0.97144055  p_x
   49   1   0   0       0.94656903  s
   50   1   0   0       0.93297032  s
   51   1   0   0       1.25280053  s
   51   2   1  -1       0.94535603  p_y
   51   2   1   0       0.95153716  p_z
   51   2   1   1       0.94604452  p_x
   52   1   0   0       0.95912614  s
   53   1   0   0       0.93041589  s
   54   1   0   0       1.24386077  s
   54   2   1  -1       0.97117924  p_y
   54   2   1   0       0.94604379  p_z
   54   2   1   1       0.94787769  p_x
   55   1   0   0       0.95034509  s
   56   1   0   0       0.93139942  s
   57   1   0   0       1.27189098  s
   57   2   1  -1       0.97874236  p_y
   57   2   1   0       0.98288335  p_z
   57   2   1   1       0.96959990  p_x
   58   1   0   0       0.93148533  s
   59   1   0   0       0.92967574  s
   60   1   0   0       0.93331102  s
   61   1   0   0       1.26633652  s
   61   2   1  -1       0.97742050  p_y
   61   2   1   0       0.97904274  p_z
   61   2   1   1       0.97600042  p_x
   62   1   0   0       0.94427587  s
   63   1   0   0       0.94332771  s
   64   1   0   0       0.94000597  s
   65   1   0   0       1.22727865  s
   65   2   1  -1       0.94525736  p_y
   65   2   1   0       0.94320707  p_z
   65   2   1   1       0.97876355  p_x
   66   1   0   0       0.94660692  s
   67   1   0   0       0.93592639  s
   68   1   0   0       1.22007583  s
   68   2   1  -1       0.99209813  p_y
   68   2   1   0       0.92938122  p_z
   68   2   1   1       0.94971324  p_x
   69   1   0   0       0.94578384  s
   70   1   0   0       0.96070203  s
   71   1   0   0       1.21388976  s
   71   2   1  -1       0.97662163  p_y
   71   2   1   0       0.94863278  p_z
   71   2   1   1       0.96085156  p_x
   72   1   0   0       0.92805892  s
   73   1   0   0       0.95552288  s
   74   1   0   0       1.23881634  s
   74   2   1  -1       0.96430738  p_y
   74   2   1   0       0.94082613  p_z
   74   2   1   1       0.95701650  p_x
   75   1   0   0       0.97269333  s
   76   1   0   0       0.93870353  s
   77   1   0   0       1.22882009  s
   77   2   1  -1       0.96846868  p_y
   77   2   1   0       0.93525717  p_z
   77   2   1   1       0.96201114  p_x
   78   1   0   0       0.94903298  s
   79   1   0   0       0.95495144  s
   80   1   0   0       1.22804889  s
   80   2   1  -1       0.92718851  p_y
   80   2   1   0       0.95696470  p_z
   80   2   1   1       0.96277546  p_x
   81   1   0   0       0.96178483  s
   82   1   0   0       0.97341463  s
   83   1   0   0       1.23277985  s
   83   2   1  -1       0.93722397  p_y
   83   2   1   0       0.94605070  p_z
   83   2   1   1       1.01021213  p_x
   84   1   0   0       0.93987851  s
   85   1   0   0       0.94540057  s
   86   1   0   0       1.21861895  s
   86   2   1  -1       0.98467056  p_y
   86   2   1   0       0.94336824  p_z
   86   2   1   1       0.94730654  p_x
   87   1   0   0       0.92912302  s
   88   1   0   0       0.94855162  s
   89   1   0   0       1.27784637  s
   89   2   1  -1       0.98552180  p_y
   89   2   1   0       0.98479019  p_z
   89   2   1   1       0.95898697  p_x
   90   1   0   0       0.93743169  s
   91   1   0   0       0.94789390  s
   92   1   0   0       0.93351455  s
   93   1   0   0       1.24569940  s
   93   2   1  -1       0.99786219  p_y
   93   2   1   0       1.00969852  p_z
   93   2   1   1       0.97177118  p_x
   94   1   0   0       0.93670177  s
   95   1   0   0       0.93136113  s
   96   1   0   0       0.91305896  s
   97   1   0   0       1.21786504  s
   97   2   1  -1       0.95387156  p_y
   97   2   1   0       0.93769526  p_z
   97   2   1   1       0.97884406  p_x
   98   1   0   0       0.93605609  s
   99   1   0   0       0.94866375  s
  100   1   0   0       1.22434669  s
  100   2   1  -1       0.95210253  p_y
  100   2   1   0       0.91972990  p_z
  100   2   1   1       0.97945486  p_x
  101   1   0   0       0.93751258  s
  102   1   0   0       0.97466830  s
  103   1   0   0       1.24025105  s
  103   2   1  -1       0.96057140  p_y
  103   2   1   0       0.96408826  p_z
  103   2   1   1       0.95943075  p_x
  104   1   0   0       0.94166025  s
  105   1   0   0       0.93525741  s
  106   1   0   0       1.24601563  s
  106   2   1  -1       0.95210666  p_y
  106   2   1   0       0.97281531  p_z
  106   2   1   1       0.96558704  p_x
  107   1   0   0       0.95601949  s
  108   1   0   0       0.93453341  s
  109   1   0   0       1.21789154  s
  109   2   1  -1       0.94219430  p_y
  109   2   1   0       0.98806144  p_z
  109   2   1   1       0.96726358  p_x
  110   1   0   0       0.93967588  s
  111   1   0   0       0.92263063  s
  112   1   0   0       1.25197673  s
  112   2   1  -1       0.93537107  p_y
  112   2   1   0       0.96483879  p_z
  112   2   1   1       0.94206716  p_x
  113   1   0   0       0.95257092  s
  114   1   0   0       0.96885599  s
  115   1   0   0       1.24482809  s
  115   2   1  -1       0.95950985  p_y
  115   2   1   0       0.94450913  p_z
  115   2   1   1       0.97503277  p_x
  116   1   0   0       0.96095947  s
  117   1   0   0       0.93568758  s
  118   1   0   0       1.22584094  s
  118   2   1  -1       0.94118841  p_y
  118   2   1   0       0.94688896  p_z
  118   2   1   1       0.94424619  p_x
  119   1   0   0       0.96459566  s
  120   1   0   0       0.96270861  s
  121   1   0   0       1.26854801  s
  121   2   1  -1       0.97577613  p_y
  121   2   1   0       0.99212786  p_z
  121   2   1   1       0.96132412  p_x
  122   1   0   0       0.93067203  s
  123   1   0   0       0.94496176  s
  124   1   0   0       0.94575819  s
  125   1   0   0       1.25561979  s
  125   2   1  -1       0.97584562  p_y
  125   2   1   0       0.96836131  p_z
  125   2   1   1       0.98074083  p_x
  126   1   0   0       0.93379251  s
  127   1   0   0       0.93672103  s
  128   1   0   0       0.94322921  s
  129   1   0   0       1.24433061  s
  129   2   1  -1       0.93512772  p_y
  129   2   1   0       0.98989096  p_z
  129   2   1   1       0.95866949  p_x
  130   1   0   0       0.94668687  s
  131   1   0   0       0.92218972  s
  132   1   0   0       1.24582555  s
  132   2   1  -1       0.93582255  p_y
  132   2   1   0       0.96809673  p_z
  132   2   1   1       0.96316359  p_x
  133   1   0   0       0.95929325  s
  134   1   0   0       0.94178412  s
  135   1   0   0       1.21937997  s
  135   2   1  -1       0.95240245  p_y
  135   2   1   0       0.96598389  p_z
  135   2   1   1       0.96593102  p_x
  136   1   0   0       0.93331500  s
  137   1   0   0       0.94452115  s
  138   1   0   0       1.23635888  s
  138   2   1  -1       0.94049329  p_y
  138   2   1   0       0.99094290  p_z
  138   2   1   1       0.94974422  p_x
  139   1   0   0       0.94594228  s
  140   1   0   0       0.93582001  s
  141   1   0   0       1.25223444  s
  141   2   1  -1       0.94652579  p_y
  141   2   1   0       0.93938777  p_z
  141   2   1   1       0.96773544  p_x
  142   1   0   0       0.95771837  s
  143   1   0   0       0.95981130  s
  144   1   0   0       1.23001428  s
  144   2   1  -1       0.92801436  p_y
  144   2   1   0       0.98483497  p_z
  144   2   1   1       0.97180384  p_x
  145   1   0   0       0.94779159  s
  146   1   0   0       0.95950039  s
  147   1   0   0       1.22650464  s
  147   2   1  -1       0.94951566  p_y
  147   2   1   0       0.95894734  p_z
  147   2   1   1       0.93279863  p_x
  148   1   0   0       0.94755985  s
  149   1   0   0       0.95587180  s
  150   1   0   0       1.22889266  s
  150   2   1  -1       0.96176062  p_y
  150   2   1   0       0.95577413  p_z
  150   2   1   1       0.94497929  p_x
  151   1   0   0       0.93560760  s
  152   1   0   0       0.94970934  s
  153   1   0   0       1.26724198  s
  153   2   1  -1       0.97789343  p_y
  153   2   1   0       0.96713934  p_z
  153   2   1   1       0.98571988  p_x
  154   1   0   0       0.92241965  s
  155   1   0   0       0.95938562  s
  156   1   0   0       0.91983431  s
  157   1   0   0       1.26837988  s
  157   2   1  -1       0.99289199  p_y
  157   2   1   0       0.99770534  p_z
  157   2   1   1       0.96150070  p_x
  158   1   0   0       0.92828933  s
  159   1   0   0       0.93442067  s
  160   1   0   0       0.93227955  s
  161   1   0   0       1.25053724  s
  161   2   1  -1       0.97874717  p_y
  161   2   1   0       0.92689983  p_z
  161   2   1   1       0.95420837  p_x
  162   1   0   0       0.92540424  s
  163   1   0   0       0.94560843  s
  164   1   0   0       1.25233316  s
  164   2   1  -1       0.95774312  p_y
  164   2   1   0       0.97569786  p_z
  164   2   1   1       0.93981050  p_x
  165   1   0   0       0.94350659  s
  166   1   0   0       0.93829151  s
  167   1   0   0       1.21372233  s
  167   2   1  -1       0.97376747  p_y
  167   2   1   0       0.94035550  p_z
  167   2   1   1       0.96925284  p_x
  168   1   0   0       0.95567838  s
  169   1   0   0       0.93206720  s
  170   1   0   0       1.25371244  s
  170   2   1  -1       0.95724323  p_y
  170   2   1   0       1.02021191  p_z
  170   2   1   1       0.97661954  p_x
  171   1   0   0       0.96032948  s
  172   1   0   0       0.94990279  s
  173   1   0   0       1.20830891  s
  173   2   1  -1       0.95516928  p_y
  173   2   1   0       0.94920811  p_z
  173   2   1   1       0.98088226  p_x
  174   1   0   0       0.95180546  s
  175   1   0   0       0.95994038  s
  176   1   0   0       1.24989612  s
  176   2   1  -1       0.95892512  p_y
  176   2   1   0       0.95336234  p_z
  176   2   1   1       0.92841539  p_x
  177   1   0   0       0.96106524  s
  178   1   0   0       0.92853073  s
  179   1   0   0       1.27234294  s
  179   2   1  -1       0.93701982  p_y
  179   2   1   0       0.95198017  p_z
  179   2   1   1       0.93305865  p_x
  180   1   0   0       0.96894759  s
  181   1   0   0       0.93826020  s
  182   1   0   0       1.22000156  s
  182   2   1  -1       0.91435904  p_y
  182   2   1   0       0.95248219  p_z
  182   2   1   1       0.98782522  p_x
  183   1   0   0       0.93990001  s
  184   1   0   0       0.97345528  s
  185   1   0   0       1.26793404  s
  185   2   1  -1       0.98714115  p_y
  185   2   1   0       0.92364136  p_z
  185   2   1   1       1.01407722  p_x
  186   1   0   0       0.95389325  s
  187   1   0   0       0.92780635  s
  188   1   0   0       0.94217187  s
  189   1   0   0       1.25343850  s
  189   2   1  -1       0.94338793  p_y
  189   2   1   0       0.99534975  p_z
  189   2   1   1       1.00949980  p_x
  190   1   0   0       0.95566703  s
  191   1   0   0       0.93037184  s
  192   1   0   0       0.94747994  s
  193   1   0   0       1.21058938  s
  193   2   1  -1       0.94727908  p_y
  193   2   1   0       0.99042061  p_z
  193   2   1   1       0.94303980  p_x
  194   1   0   0       0.93570455  s
  195   1   0   0       0.95497430  s
  196   1   0   0       1.23847969  s
  196   2   1  -1       0.92871732  p_y
  196   2   1   0       0.97085536  p_z
  196   2   1   1       0.95584226  p_x
  197   1   0   0       0.94948174  s
  198   1   0   0       0.94689658  s
  199   1   0   0       1.25599106  s
  199   2   1  -1       0.92870378  p_y
  199   2   1   0       0.96192779  p_z
  199   2   1   1       0.97445748  p_x
  200   1   0   0       0.93167853  s
  201   1   0   0       0.95321297  s
  202   1   0   0       1.24414088  s
  202   2   1  -1       0.91442168  p_y
  202   2   1   0       0.97313074  p_z
  202   2   1   1       0.97907241  p_x
  203   1   0   0       0.96004936  s
  204   1   0   0       0.94330011  s
  205   1   0   0       1.22442448  s
  205   2   1  -1       0.92967004  p_y
  205   2   1   0       0.96468504  p_z
  205   2   1   1       0.97331942  p_x
  206   1   0   0       0.95505611  s
  207   1   0   0       0.94384027  s
  208   1   0   0       1.22515012  s
  208   2   1  -1       0.92973387  p_y
  208   2   1   0       0.98500032  p_z
  208   2   1   1       0.96734833  p_x
  209   1   0   0       0.94510564  s
  210   1   0   0       0.94616550  s
  211   1   0   0       1.23960065  s
  211   2   1  -1       0.93038445  p_y
  211   2   1   0       0.94653788  p_z
  211   2   1   1       1.00150810  p_x
  212   1   0   0       0.94722098  s
  213   1   0   0       0.94159398  s
  214   1   0   0       1.25048523  s
  214   2   1  -1       0.96138820  p_y
  214   2   1   0       0.92682277  p_z
  214   2   1   1       0.94934141  p_x
  215   1   0   0       0.95464991  s
  216   1   0   0       0.93845641  s
  217   1   0   0       1.26114308  s
  217   2   1  -1       0.98626226  p_y
  217   2   1   0       1.00043011  p_z
  217   2   1   1       0.95602193  p_x
  218   1   0   0       0.93582830  s
  219   1   0   0       0.92255972  s
  220   1   0   0       0.95369411  s
  221   1   0   0       1.26234309  s
  221   2   1  -1       1.00206616  p_y
  221   2   1   0       0.96022352  p_z
  221   2   1   1       0.99737675  p_x
  222   1   0   0       0.93234149  s
  223   1   0   0       0.91906027  s
  224   1   0   0       0.94079657  s
  225   1   0   0       1.28628314  s
  225   2   1  -1       0.90754931  p_y
  225   2   1   0       0.95898446  p_z
  225   2   1   1       0.95993072  p_x
  226   1   0   0       0.95526905  s
  227   1   0   0       0.96288309  s
  228   1   0   0       1.24332838  s
  228   2   1  -1       0.93879428  p_y
  228   2   1   0       0.95648884  p_z
  228   2   1   1       0.96541770  p_x
  229   1   0   0       0.93747025  s
  230   1   0   0       0.94184354  s
  231   1   0   0       1.21818594  s
  231   2   1  -1       0.95160142  p_y
  231   2   1   0       0.95774941  p_z
  231   2   1   1       0.97237600  p_x
  232   1   0   0       0.94255080  s
  233   1   0   0       0.92942761  s
  234   1   0   0       1.25182805  s
  234   2   1  -1       0.92760003  p_y
  234   2   1   0       0.96305780  p_z
  234   2   1   1       0.94381915  p_x
  235   1   0   0       0.93417189  s
  236   1   0   0       0.95851509  s
  237   1   0   0       1.24925828  s
  237   2   1  -1       0.94271720  p_y
  237   2   1   0       0.94853054  p_z
  237   2   1   1       0.95815810  p_x
  238   1   0   0       0.94786355  s
  239   1   0   0       0.98086547  s
  240   1   0   0       1.22399983  s
  240   2   1  -1       0.97395030  p_y
  240   2   1   0       0.95397068  p_z
  240   2   1   1       0.92845431  p_x
  241   1   0   0       0.97025491  s
  242   1   0   0       0.96906880  s
  243   1   0   0       1.22943269  s
  243   2   1  -1       0.96101369  p_y
  243   2   1   0       0.92302546  p_z
  243   2   1   1       0.97311697  p_x
  244   1   0   0       0.94757905  s
  245   1   0   0       0.96886186  s
  246   1   0   0       1.23979651  s
  246   2   1  -1       0.98890007  p_y
  246   2   1   0       0.94649349  p_z
  246   2   1   1       0.94339103  p_x
  247   1   0   0       0.92684885  s
  248   1   0   0       0.93797192  s
  249   1   0   0       1.26788831  s
  249   2   1  -1       0.99137783  p_y
  249   2   1   0       1.00000823  p_z
  249   2   1   1       0.96143734  p_x
  250   1   0   0       0.94195620  s
  251   1   0   0       0.90762524  s
  252   1   0   0       0.93559590  s
  253   1   0   0       1.22003983  s
  253   2   1  -1       0.95390816  p_y
  253   2   1   0       0.97606070  p_z
  253   2   1   1       0.93864819  p_x
  254   1   0   0       0.93909504  s
  255   1   0   0       0.90759373  s
  256   1   0   0       0.94410235  s
  257   1   0   0       1.22616199  s
  257   2   1  -1       0.93414130  p_y
  257   2   1   0       0.95015999  p_z
  257   2   1   1       0.95837605  p_x
  258   1   0   0       0.96213536  s
  259   1   0   0       0.94877899  s
  260   1   0   0       1.23283089  s
  260   2   1  -1       0.94241260  p_y
  260   2   1   0       0.96505502  p_z
  260   2   1   1       0.97687075  p_x
  261   1   0   0       0.93515883  s
  262   1   0   0       0.94824585  s
  263   1   0   0       1.25529808  s
  263   2   1  -1       0.96955308  p_y
  263   2   1   0       0.96600942  p_z
  263   2   1   1       0.93725718  p_x
  264   1   0   0       0.95494356  s
  265   1   0   0       0.92535137  s
  266   1   0   0       1.26422818  s
  266   2   1  -1       0.95097175  p_y
  266   2   1   0       0.96587522  p_z
  266   2   1   1       0.93781237  p_x
  267   1   0   0       0.94931235  s
  268   1   0   0       0.93347895  s
  269   1   0   0       1.23877206  s
  269   2   1  -1       0.97282760  p_y
  269   2   1   0       0.96564473  p_z
  269   2   1   1       0.93198452  p_x
  270   1   0   0       0.95140854  s
  271   1   0   0       0.93129009  s
  272   1   0   0       1.25131560  s
  272   2   1  -1       0.95696061  p_y
  272   2   1   0       0.94185966  p_z
  272   2   1   1       0.94333758  p_x
  273   1   0   0       0.94639747  s
  274   1   0   0       0.95505927  s
  275   1   0   0       1.23574072  s
  275   2   1  -1       0.97934783  p_y
  275   2   1   0       0.96811925  p_z
  275   2   1   1       0.93356006  p_x
  276   1   0   0       0.93871102  s
  277   1   0   0       0.96436174  s
  278   1   0   0       1.23221260  s
  278   2   1  -1       0.96191626  p_y
  278   2   1   0       0.93281064  p_z
  278   2   1   1       0.95055886  p_x
  279   1   0   0       0.95505080  s
  280   1   0   0       0.95611743  s
  281   1   0   0       1.26586878  s
  281   2   1  -1       0.95826506  p_y
  281   2   1   0       0.98830235  p_z
  281   2   1   1       0.98825927  p_x
  282   1   0   0       0.93201123  s
  283   1   0   0       0.94647630  s
  284   1   0   0       0.93578631  s
  285   1   0   0       1.26106454  s
  285   2   1  -1       0.99467526  p_y
  285   2   1   0       0.97475614  p_z
  285   2   1   1       0.96641451  p_x
  286   1   0   0       0.92873549  s
  287   1   0   0       0.92263963  s
  288   1   0   0       0.94963812  s
  289   1   0   0       1.22020113  s
  289   2   1  -1       0.96836390  p_y
  289   2   1   0       0.92726804  p_z
  289   2   1   1       0.98698925  p_x
  290   1   0   0       0.92653004  s
  291   1   0   0       0.93628478  s
  292   1   0   0       1.24743236  s
  292   2   1  -1       0.98165444  p_y
  292   2   1   0       0.91151778  p_z
  292   2   1   1       0.98785056  p_x
  293   1   0   0       0.93366601  s
  294   1   0   0       0.94374104  s
  295   1   0   0       1.26896184  s
  295   2   1  -1       0.92439416  p_y
  295   2   1   0       0.96083270  p_z
  295   2   1   1       0.96220389  p_x
  296   1   0   0       0.96632573  s
  297   1   0   0       0.95438136  s
  298   1   0   0       1.21847618  s
  298   2   1  -1       0.95296483  p_y
  298   2   1   0       0.97755623  p_z
  298   2   1   1       0.95878155  p_x
  299   1   0   0       0.94201049  s
  300   1   0   0       0.92923055  s
  301   1   0   0       1.22001968  s
  301   2   1  -1       0.94649162  p_y
  301   2   1   0       0.96464995  p_z
  301   2   1   1       0.96396686  p_x
  302   1   0   0       0.95421769  s
  303   1   0   0       0.94213320  s
  304   1   0   0       1.23564766  s
  304   2   1  -1       0.96038384  p_y
  304   2   1   0       0.96830766  p_z
  304   2   1   1       0.94282641  p_x
  305   1   0   0       0.93535655  s
  306   1   0   0       0.95513273  s
  307   1   0   0       1.23667239  s
  307   2   1  -1       0.93416565  p_y
  307   2   1   0       0.95751864  p_z
  307   2   1   1       0.96837727  p_x
  308   1   0   0       0.93875767  s
  309   1   0   0       0.97540022  s
  310   1   0   0       1.25199019  s
  310   2   1  -1       0.94381015  p_y
  310   2   1   0       0.93489420  p_z
  310   2   1   1       0.94621188  p_x
  311   1   0   0       0.93959674  s
  312   1   0   0       0.96409732  s
  313   1   0   0       1.27951145  s
  313   2   1  -1       0.96425841  p_y
  313   2   1   0       0.97050473  p_z
  313   2   1   1       0.97755318  p_x
  314   1   0   0       0.95919854  s
  315   1   0   0       0.94616316  s
  316   1   0   0       0.92947230  s
  317   1   0   0       1.27098376  s
  317   2   1  -1       1.00401495  p_y
  317   2   1   0       0.98219557  p_z
  317   2   1   1       0.95910673  p_x
  318   1   0   0       0.92077094  s
  319   1   0   0       0.92949488  s
  320   1   0   0       0.93440780  s
  321   1   0   0       1.24544417  s
  321   2   1  -1       0.96234951  p_y
  321   2   1   0       0.97281205  p_z
  321   2   1   1       0.92085968  p_x
  322   1   0   0       0.94375596  s
  323   1   0   0       0.95377535  s
  324   1   0   0       1.22548792  s
  324   2   1  -1       0.95588523  p_y
  324   2   1   0       0.97682151  p_z
  324   2   1   1       0.94689746  p_x
  325   1   0   0       0.93417786  s
  326   1   0   0       0.94574295  s
  327   1   0   0       1.24487661  s
  327   2   1  -1       0.97382462  p_y
  327   2   1   0       0.92602632  p_z
  327   2   1   1       0.94482921  p_x
  328   1   0   0       0.96173920  s
  329   1   0   0       0.96377577  s
  330   1   0   0       1.23053824  s
  330   2   1  -1       0.96420377  p_y
  330   2   1   0       0.92480388  p_z
  330   2   1   1       0.98093031  p_x
  331   1   0   0       0.93351373  s
  332   1   0   0       0.95328112  s
  333   1   0   0       1.23671885  s
  333   2   1  -1       0.96993324  p_y
  333   2   1   0       0.91278181  p_z
  333   2   1   1       0.97626482  p_x
  334   1   0   0       0.94967114  s
  335   1   0   0       0.96522223  s
  336   1   0   0       1.24285565  s
  336   2   1  -1       0.97944157  p_y
  336   2   1   0       0.92644158  p_z
  336   2   1   1       0.95728050  p_x
  337   1   0   0       0.95846115  s
  338   1   0   0       0.93905651  s
  339   1   0   0       1.23950842  s
  339   2   1  -1       0.93923173  p_y
  339   2   1   0       0.98308614  p_z
  339   2   1   1       0.94416529  p_x
  340   1   0   0       0.93011375  s
  341   1   0   0       0.96217040  s
  342   1   0   0       1.24269438  s
  342   2   1  -1       0.95334201  p_y
  342   2   1   0       0.96852756  p_z
  342   2   1   1       0.92628413  p_x
  343   1   0   0       0.95351085  s
  344   1   0   0       0.94155442  s
  345   1   0   0       1.28055520  s
  345   2   1  -1       0.97715892  p_y
  345   2   1   0       0.98386547  p_z
  345   2   1   1       0.96183928  p_x
  346   1   0   0       0.93630093  s
  347   1   0   0       0.93638070  s
  348   1   0   0       0.92965869  s
  349   1   0   0       1.28071613  s
  349   2   1  -1       0.97669700  p_y
  349   2   1   0       0.98629187  p_z
  349   2   1   1       0.94979330  p_x
  350   1   0   0       0.93678469  s
  351   1   0   0       0.92864206  s
  352   1   0   0       0.95937297  s
 
Fermi level:                        -0.0663827653 H           -1.8064 eV
Band energy:                      -278.2611759689 H        -7571.8719 eV
TS:                                  0.0000000000 H            0.0000 eV
Band free energy (E-TS):          -278.2611759689 H        -7571.8719 eV
Extrapolated E(0K):               -278.2611759689 H        -7571.8719 eV
Input / Output electrons (q):    682.0000000000    682.0000000000
 
Energy H0:                        -282.8847544376 H        -7697.6858 eV
Energy SCC:                          0.0740365758 H            2.0146 eV
Total Electronic energy:          -282.8107178618 H        -7695.6712 eV
Repulsive energy:                    4.7126075146 H          128.2366 eV
Dispersion energy:                   1.1429905022 H           31.1024 eV
Total energy:                     -276.9551198451 H        -7536.3323 eV
Extrapolated to 0:                -276.9551198451 H        -7536.3323 eV
Total Mermin free energy:         -276.9551198451 H        -7536.3323 eV
Force related energy:             -276.9551198451 H        -7536.3323 eV
 
SCC converged
 
Full geometry written in geo_end.{xyz|gen}
 
MD Kinetic Energy:                   0.8834661544 H
Total MD Energy:                  -276.0716536906 H
Pressure:                            0.224028E-04 au     0.659113E+09 Pa
MD Temperature:                      0.0016779984 H          529.8694 K
MD Kinetic Energy:                   0.8834661544 H
Total MD Energy:                  -276.0716536906 H        -7512.2919 eV
MD Temperature:                      0.0016779984 H          529.8694 K
 
Molecular dynamics completed
 
