 Fermi distribution function
 
MD step: 100000
 

********************************************************************************
 iSCC Total electronic   Diff electronic      SCC error    
    7   -0.28168806E+03    0.13073986E-11    0.33506050E-06
********************************************************************************
 
Coordinates of moved atoms (au):
    1     96.13989669     51.79944373     73.01974660
    2     97.37870394     52.13962961     74.94976620
    3     97.34401248     51.38002585     71.43534364
    4     93.93441506     79.14107476     72.82724472
    5     92.56643467     79.53788657     74.40099849
    6     65.88957657     77.13642921     73.25637165
    7     92.94238221     79.11103951     69.77794571
    8     65.64728000     80.20593834     68.72899474
    9     91.29148322     80.40059979     69.79539892
   10     63.35349706     76.76425193     68.28397719
   11     61.20216804     76.47613691     68.45220357
   12     64.33950742     74.99955866     68.54989393
   13     92.70287045     77.10389753     65.40270718
   14     92.45581286     75.63130831     63.80218190
   15     94.84001048     77.10100518     65.15141376
   16     62.51028644     79.68909547     64.43960342
   17     62.83091312     80.00834361     62.42360574
   18     63.07970128     81.61721755     65.07275000
   19     88.53209643     79.32287992     64.71113751
   20     88.00712803     81.28198522     65.55561851
   21     87.98211010     77.83051229     66.03119231
   22     86.58932125     78.57381651     62.64767129
   23     57.19951218     80.07978161     61.25957785
   24     55.69465305     78.30129970     63.67111740
   25     95.43528736     54.85134771     72.22162591
   26     96.68872327     55.82426115     73.48266748
   27     95.29237305     55.22131212     70.25331870
   28     93.50977711     55.29996784     72.87133870
   29     87.23094353     76.31436209     60.73427357
   30     85.56384834     75.34554445     59.65040977
   31     88.70446977     76.91652912     59.23171633
   32     88.06429084     74.65265930     61.64775356
   33     45.53440593     56.47142378     73.75272238
   34     44.34217610     57.01329337     75.53253276
   35     45.22360151     54.26546930     73.24658848
   36     44.50129823     58.36029907     71.86410744
   37     45.92964045     59.45068059     71.45299990
   38     42.88575801     59.25047090     72.63747715
   39     43.04595358     56.66979454     69.61123527
   40     41.57837678     57.98387830     68.70487835
   41     42.12400101     55.31050384     71.25601332
   42     44.79764267     55.14237782     67.85287572
   43     72.34963895     53.84623909     66.84342459
   44     46.14040205     53.67592680     68.85001461
   45     46.63978242     56.59099591     65.99726121
   46     48.50214180     56.64384658     67.00606714
   47     75.07645888     58.77027096     65.86661970
   48     76.15194768     55.47933115     63.16115052
   49     77.27459730     56.92482180     62.10788337
   50     74.29285607     55.46742694     62.28626294
   51     48.59735183     52.99981891     63.08820280
   52     50.02403792     52.99021984     64.97342809
   53     49.98551672     53.10533451     61.17144498
   54     76.19499996     50.55346075     91.64481259
   55     77.03862080     49.58240198     89.96069355
   56     74.07515561     50.91953478     91.07304226
   57     48.48840393     56.74510659     74.33974077
   58     49.30891874     57.24153075     72.51600776
   59     48.34694186     58.16699009     75.72288654
   60     49.22214466     54.80237746     74.48159635
   61     47.34193301     48.41279102     93.97098621
   62     48.27508727     46.73115048     93.36138338
   63     48.79384618     48.65616374     95.56283918
   64     45.24751184     48.09311843     94.80843691
   65     62.20138739     87.06674958     63.32380310
   66     60.09302780     87.38959034     63.70280982
   67     62.73613124     85.15962267     64.13498223
   68     62.19952830     86.82343576     60.28949639
   69     60.10610425     86.61176600     59.67845198
   70     63.53730506     85.14356800     59.52053728
   71     62.92945921     89.32906946     59.24841605
   72     64.67717373     89.88911720     59.99956657
   73     61.34444097     90.65243626     59.49827222
   74     63.01774689     60.08675872     56.22796324
   75     62.98503812     61.74379344     55.10413457
   76     61.60887900     58.96327499     55.56697446
   77     65.68841298     58.95095027     55.53404985
   78     66.39339662     86.59872731     56.91484021
   79     66.97616633     89.62541047     55.02440112
   80     65.93594306     57.13235152     53.25612680
   81     65.67736393     54.99498506     53.90255920
   82     68.06218495     56.84021035     52.57829039
   83     64.43694570     57.56268259     50.96307446
   84     62.35644514     57.24431432     51.42121165
   85     64.69236571     56.05645582     49.41895601
   86     64.95813353     60.51201547     49.70000439
   87     67.05988745     60.75671549     48.79849947
   88     64.74137848     61.88613610     51.22679105
   89     63.39878947     89.21296347     64.57091367
   90     62.05168111     90.92993288     64.42626991
   91     63.84190276     88.80789706     66.69114140
   92     65.22439546     89.60508570     63.85498502
   93     62.89035132     60.73498142     47.84828978
   94     63.46030101     60.36611509     45.70278805
   95     60.95351493     59.94882301     48.33665171
   96     62.44152116     62.64139945     47.46370622
   97     55.78708288     59.24046162     61.23384813
   98     56.73808291     60.32732683     59.57333380
   99     56.85694952     57.48446098     61.21371464
  100     55.53422891     60.66388765     63.66516453
  101     55.24529400     62.67786010     63.08079698
  102     57.44597525     60.89657855     64.55061453
  103     53.57734908     59.49084730     65.51840487
  104     53.71405929     57.48953090     66.55182690
  105     51.61824264     59.70720598     64.39146179
  106     53.30515489     61.28740205     38.90337246
  107     55.30508475     61.79923037     39.42691755
  108     52.45906665     60.46752455     40.79194422
  109     51.50949824     63.45697707     38.47535676
  110     49.62498829     62.52488281     38.14379889
  111     51.75039836     64.62650186     36.79380783
  112     51.21191877     65.09544839     40.69692347
  113     50.89738855     63.89380902     42.36496634
  114     49.30465181     65.71287129     40.70047530
  115     53.50343733     66.81436216     41.17174446
  116     53.14456927     68.44905416     40.20938703
  117     55.40814481     66.22964090     40.38192560
  118     54.18749938     67.00043209     44.16736796
  119     56.19479005     68.11304157     44.19250922
  120     54.78742728     65.00118623     44.52525325
  121     53.03674397     59.10450921     59.79726009
  122     51.84347140     57.49052018     60.63760734
  123     52.00562138     60.71839496     60.33846040
  124     53.53269549     59.16862472     57.65866726
  125     52.40123566     68.00646167     46.07781761
  126     50.52748949     67.85070801     45.67575221
  127     52.53299042     67.10314604     48.12521634
  128     52.96092454     69.89937761     46.43295136
  129     65.43443935     68.34721791     73.41055711
  130     65.13536975     68.18044619     71.47210599
  131     63.74214527     67.43483221     74.29669923
  132     67.76393405     66.85334543     73.91092201
  133     67.36341108     65.04771809     74.84062853
  134     69.11850992     67.76286273     75.46848887
  135     69.20860499     66.62722992     71.48071399
  136     70.68281539     65.33524742     72.20223724
  137     70.32547365     68.14326310     70.97588335
  138     67.40062632     65.51168378     69.37868807
  139     66.54220234     66.82196993     67.86616957
  140     65.86558229     64.33506472     70.26927003
  141     68.88871927     63.42961186     67.74714644
  142     67.02344030     62.56345617     66.87745081
  143     70.05545084     62.71235078     69.28455321
  144     70.25916491     64.52002706     65.57271282
  145     71.61235933     65.99428738     66.50410611
  146     68.96597732     65.59175323     64.27031909
  147     71.90666223     62.47958764     63.99152021
  148     70.49292346     60.75126891     64.07032365
  149     73.80207378     62.49979218     64.99927847
  150     72.62831605     63.03634561     60.98839371
  151     72.57202564     60.87108690     60.42543993
  152     74.71794970     63.42621816     61.02603613
  153     65.83430272     71.11667310     74.21183589
  154     64.03617234     43.38724979     74.90154204
  155     66.81534898     71.13745536     76.14125312
  156     66.82587501     72.25018939     72.89416484
  157     71.26709379     64.43241187     58.81218827
  158     72.66499643     64.25896385     57.06161049
  159     69.48981083     63.71386533     57.98616807
  160     71.14945825     66.45226107     58.83552747
  161     81.76673688     50.70658475     71.69103156
  162     80.11952795     51.40783961     70.60702734
  163     81.22184546     51.54084317     73.55271758
  164     81.55434586     47.81774912     71.70819893
  165     83.18650466     46.72873713     72.54855496
  166     81.57277781     47.25303988     69.63323325
  167     79.34513683     47.34745793     73.36247878
  168     77.67747979     48.93873080     72.88007325
  169     79.65519194     48.01123553     75.37085771
  170     77.87959468     44.97384980     73.12074150
  171     76.34846495     44.92526913     74.70764407
  172     79.04272620     43.24967844     73.60409860
  173     76.80588937     73.28744203     70.43169666
  174     78.83240929     72.78124724     69.37660111
  175     76.14152701     45.79460746     69.39400671
  176     74.56819062     71.13433055     70.37615558
  177     73.11956559     71.67780792     72.04566266
  178     75.27159800     69.08930749     70.62568543
  179     73.15464866     70.89566118     67.89197505
  180     72.24154441     69.05572112     67.58257656
  181     74.15426837     70.81529209     66.12087191
  182     71.11500236     72.84938464     67.36877857
  183     71.72704438     74.76649096     66.84438434
  184     69.82251387     73.06575319     69.01893512
  185     84.02526209     51.87324376     70.33018764
  186     84.04144042     51.29492895     68.28300791
  187     83.82584805     53.88681204     70.52291601
  188     85.73678593     51.24683393    100.19398738
  189     69.32797371     71.91556704     65.35615926
  190     67.54107311     72.64552600     66.04180665
  191     69.61640420     72.52370578     63.50082764
  192     68.94306192     69.94165545     65.28797000
  193     51.98071799     47.97692966     81.43677818
  194     49.85327867     48.59842438     81.53343470
  195     52.78371546     78.11210651     80.04442967
  196     52.95130480     48.30475765     84.09276193
  197     54.79142636     47.73708594     84.38142901
  198     52.01160865     76.19083180     85.47180627
  199     53.10691183     51.35663533     84.99060759
  200     53.53861464     51.46422038     86.94605746
  201     51.18134319     52.31971220     84.32872531
  202     54.96721162     53.13740490     83.68243699
  203     57.01315086     52.57758067     83.95173681
  204     54.46273860     55.12353879     84.62002811
  205     54.12593387     53.87266579     80.88990290
  206     52.08234418     53.99452663     80.87947810
  207     55.03000368     52.42907182     79.63331357
  208     55.16350834     56.32427502     79.57270005
  209     57.17483515     55.86447665     79.89389092
  210     54.71081555     57.90616995     80.73000276
  211     54.28163091     85.83043213     76.76188924
  212     52.49672361     86.77103935     76.56463268
  213     53.78721086     83.82927037     75.83452482
  214     55.73937416     87.38224615     74.98492463
  215     56.77499121     88.66444691     76.37527393
  216     54.60778393     88.71854760     73.73254889
  217     52.45953143     45.25371926     80.10815454
  218     52.25231519     45.18985975     49.13819867
  219     54.54434592     44.70309446     51.62374877
  220     50.98640295     43.77951150     80.57635818
  221     57.45634900     86.29783988     72.96230709
  222     56.91546066     84.79367928     71.71691466
  223     58.22937419     87.81767187     71.88133108
  224     59.44301956     85.84806773     73.64251020
  225     56.50811592     70.98597547     65.67092267
  226     56.59012259     73.21134930     66.66877361
  227     55.09935915     71.63294716     64.49985831
  228     58.97507682     41.26741540     64.32158458
  229     60.27165237     40.68760233     65.65298423
  230     59.49478424     43.15421827     63.98303294
  231     58.98955884     68.43685820     62.02273266
  232     58.27952189     69.30064148     60.36943594
  233     57.71263911     67.04436746     62.37236125
  234     61.40017541     67.16100148     61.56334896
  235     61.36673851     65.56828660     59.78974873
  236     62.13706931     66.32506390     63.16195763
  237     63.30638215     69.33295322     60.47889962
  238     64.61003809     70.37889233     61.85506432
  239     63.01562857     42.12401735     59.27014779
  240     66.06843102     68.01496112     58.54019930
  241     65.96792686     37.26271769     59.36287519
  242     67.25912018     40.68403831     59.32219325
  243     65.33562649     67.66303079     55.78836876
  244     64.39620004     69.43554245     55.40192066
  245     63.75260350     66.41345595     56.15132456
  246     67.45247739     67.16274685     53.73654819
  247     68.32429498     65.32965791     53.67543275
  248     68.91546549     68.49605915     54.10550030
  249     59.14622551     73.40524317    100.40301220
  250     18.87866770     37.42044744     93.88591185
  251     55.92774115     40.74690432     67.11653750
  252     58.30868636     74.72304005     69.82769615
  253     66.80849506     68.02848359     51.05991054
  254     67.14158088     66.82652507     49.42491523
  255     64.53424768     68.18964123     51.29976888
  256     67.38808069     70.19635777     79.80467431
  257     69.29379958     79.53962577     61.09538450
  258     69.74663625     79.28057184     63.23835001
  259     70.92356903     79.43873545     59.71246544
  260     67.72869253     76.83547698     60.09063874
  261     65.64577544     77.45036978     60.21016892
  262     67.72826097     75.56865454     61.82456902
  263     68.85482561     75.58228048     57.45591395
  264     68.56914915     77.15768618     56.24911521
  265     67.73096222     74.10583142     56.62933434
  266     71.76634500     75.49221911     57.50537431
  267     72.75520614     76.65986941     58.80566150
  268     72.68831447     76.02011220     55.59865329
  269     72.55511196     72.83046177     59.06954619
  270     71.64129911     71.25125522     57.90717522
  271     71.65178758     73.17656036     60.90045865
  272     75.61811910     72.38711608     59.03631162
  273     76.23382929     74.38200932     58.71041405
  274     76.92217939     71.26625095     57.74027981
  275     76.48863218     71.05591965     61.31842133
  276     89.91518912     72.60347883     41.85006609
  277     75.14109452     69.88941146     62.58651203
  278     79.07484360     71.06337733     61.71905184
  279     79.57212131     69.71375656     63.19194504
  280     81.44818664     70.31014718     58.80486795
  281     68.04660876     81.98704801     60.85812474
  282     66.18811532     82.34790581     61.76243286
  283     69.74959812     83.27865600     61.14603588
  284     67.98613030     82.57058162     58.98317936
  285     80.93731443     71.84163933     59.90837017
  286     80.43395306     73.19550075     58.66847860
  287    101.22355025     65.27308794     48.81633495
  288     82.64432792     72.53236869     60.67722865
  289     56.65773001     65.11812394     81.09688018
  290     56.22603580     65.10892906     83.24131219
  291     55.82539732     63.21871046     80.38646692
  292     73.93184293     65.06253762    107.69514060
  293     59.42429983     74.27822233     73.25600665
  294     19.00606552     37.90133866     95.41548986
  295     73.99654485     64.97456568     81.19952177
  296     75.42708988     64.39278278     77.44687633
  297     72.23021952     65.80423360     53.59879939
  298     76.22285530     64.49597395     53.98201871
  299     75.90862887     63.18310837     84.40667301
  300     76.61637070     66.03864925     55.35639997
  301     78.40190649     63.46634009     52.41047421
  302     80.25654498     64.34010235     52.65769504
  303     78.37839126     64.33632066     79.54462124
  304     78.98965617     60.44272811     52.69290051
  305     80.97403676     60.41299172     52.81870613
  306     78.71381443     59.60448366     50.78266049
  307     77.56489161     58.86994077     54.48508260
  308     76.75705450     59.86970409     56.04108927
  309     78.62481932     57.18601096     55.13154693
  310     74.98725129     57.71088930     53.51604959
  311     75.09414307     56.95455250     51.78891100
  312     74.08185005     59.45978036     52.91777187
  313     58.61351496     66.26256701     79.82358458
  314     59.62218985     67.84116256     80.99256319
  315     58.84744435     66.08174438     77.83584651
  316     58.01082055     71.52061479     42.79020462
  317     73.91524893     56.29382208     55.88127601
  318     72.50316273     54.94907664     55.15039424
  319     75.45359498     55.32440653     57.01072134
  320     72.99845143     57.56240188     57.59337935
  321     62.27009190     74.71768954     53.72198296
  322     64.02886908     73.64658504     54.64842238
  323     60.84843765     75.38433058     55.18165136
  324     63.15423830     77.14811887     81.46179319
  325     62.87629215     78.50675593     82.95564757
  326     61.80239578     77.62930094     80.13907059
  327     65.76254163     77.20157973     79.81689124
  328     64.97645497     77.10385596     77.49742633
  329     66.48752036     75.49957659     80.08127956
  330     67.67795637     79.17230017     79.75537186
  331     68.27781211     80.83576688     81.47366523
  332     67.11760892     80.80917078     78.40119497
  333     70.32902478     78.11906786     79.16102888
  334     71.22294708     76.87811290     80.47812883
  335     71.54901235     79.80795321     79.14348273
  336     70.37866712     76.77103082     76.65595341
  337     70.49273327     78.07939262     75.07640171
  338     68.59327290     75.72458546     76.31611850
  339     72.46205163     74.94470023     76.43994986
  340     74.37519590     76.03723603     76.35689776
  341     72.41616081     74.01676904     74.68917204
  342     72.59289052     72.70900855     78.15174594
  343     73.04353699     70.95702130     76.82594832
  344     70.85380654     72.00542954     79.20956093
  345     60.44798031     73.31557750     51.73897765
  346     60.28790020     71.41263036     52.22649066
  347     58.61261676     74.01460603     52.33441870
  348     60.87998600     73.83044697     49.70813895
  349     74.60624319     72.94278078     80.30718916
  350     75.78347298     71.39390327     80.98081962
  351     76.07336345     74.33168307     79.88878499
  352     73.75316698     73.94980162     81.80582913
 
 Total charge:     0.00000000

 Atomic gross charges (e)
 Atom           Charge
    1      -0.10700484
    2       0.05643191
    3       0.06905983
    4      -0.08804946
    5       0.07001950
    6       0.03169449
    7      -0.09370536
    8       0.04192234
    9       0.06043835
   10      -0.09057774
   11       0.04918676
   12       0.07240202
   13      -0.10910366
   14       0.06721103
   15       0.03599027
   16      -0.11831331
   17       0.05582995
   18       0.06692961
   19      -0.11577470
   20       0.03751705
   21       0.06811291
   22      -0.07805536
   23       0.04738530
   24       0.04160180
   25      -0.27427073
   26       0.08755899
   27       0.08978228
   28       0.05889928
   29      -0.19594878
   30       0.05001226
   31       0.05337790
   32       0.06392519
   33      -0.09192281
   34       0.03299243
   35       0.03878485
   36      -0.16966341
   37       0.09974290
   38       0.06716346
   39      -0.10973500
   40       0.06241062
   41       0.04918607
   42      -0.07207395
   43       0.04415278
   44       0.04699629
   45      -0.11234893
   46       0.04995590
   47       0.03725448
   48      -0.10890461
   49       0.05539513
   50       0.06466107
   51      -0.03493500
   52       0.03099631
   53       0.00508012
   54      -0.08408715
   55       0.05146813
   56       0.04688506
   57      -0.25667153
   58       0.07184658
   59       0.10716697
   60       0.08646342
   61      -0.22444457
   62       0.08327984
   63       0.06409789
   64       0.05881108
   65      -0.10456613
   66       0.04413948
   67       0.05236631
   68      -0.09750588
   69       0.04901832
   70       0.04659709
   71      -0.11498731
   72       0.08206602
   73       0.06168390
   74      -0.15328848
   75       0.07202826
   76       0.08346560
   77      -0.12000622
   78       0.07486170
   79       0.04669060
   80      -0.06820506
   81       0.02142617
   82       0.02593022
   83      -0.10739339
   84       0.04661364
   85       0.04982392
   86      -0.08926523
   87       0.04401866
   88       0.06940605
   89      -0.16931847
   90       0.05023820
   91       0.04712429
   92       0.07496453
   93      -0.18558347
   94       0.04176730
   95       0.06929870
   96       0.05383609
   97      -0.11554504
   98       0.03620561
   99       0.07409642
  100      -0.07320078
  101       0.05791383
  102       0.04430356
  103      -0.09239094
  104       0.06414584
  105       0.03993023
  106      -0.10590176
  107       0.04949906
  108       0.03868787
  109      -0.09089172
  110       0.03509732
  111       0.05676969
  112      -0.11764764
  113       0.04456619
  114       0.07294129
  115      -0.12346386
  116       0.07940435
  117       0.05346705
  118      -0.07646076
  119       0.01781322
  120       0.04937475
  121      -0.22186786
  122       0.06606227
  123       0.07729760
  124       0.06766798
  125      -0.19112023
  126       0.08837708
  127       0.04041759
  128       0.07415007
  129      -0.10157791
  130       0.07687689
  131       0.04669150
  132      -0.08581660
  133       0.05339540
  134       0.02597116
  135      -0.12721704
  136       0.04758493
  137       0.08806945
  138      -0.12374550
  139       0.05822102
  140       0.05465222
  141      -0.14155442
  142       0.05576591
  143       0.09429595
  144      -0.10034253
  145       0.03525462
  146       0.05781463
  147      -0.12109019
  148       0.06083670
  149       0.07312855
  150      -0.09327455
  151       0.02880277
  152       0.05343189
  153      -0.19024775
  154       0.03379216
  155       0.05224490
  156       0.07938925
  157      -0.18364146
  158       0.03574634
  159       0.07488271
  160       0.07603616
  161      -0.10358149
  162       0.04564990
  163       0.05532144
  164      -0.08951342
  165       0.05057061
  166       0.05765353
  167      -0.05579607
  168      -0.00450748
  169       0.05352166
  170      -0.10210409
  171       0.04793384
  172       0.04094808
  173      -0.11681114
  174       0.02603416
  175       0.08730688
  176      -0.08308065
  177       0.04498662
  178       0.04727575
  179      -0.12790563
  180       0.06054712
  181       0.07082114
  182      -0.09179534
  183       0.06353093
  184       0.04343878
  185      -0.21190831
  186       0.06388509
  187       0.07911037
  188       0.07046875
  189      -0.23472905
  190       0.05637439
  191       0.08133436
  192       0.07150180
  193      -0.08950070
  194       0.03726810
  195       0.07595321
  196      -0.13677804
  197       0.07043788
  198       0.06943791
  199      -0.12696688
  200       0.07861337
  201       0.04494662
  202      -0.09379956
  203       0.06313334
  204       0.03396175
  205      -0.13184635
  206       0.07083769
  207       0.05730990
  208      -0.13024151
  209       0.06520679
  210       0.06133195
  211      -0.09290729
  212       0.06720868
  213       0.02452634
  214      -0.06152422
  215       0.04534990
  216       0.04008108
  217      -0.21753685
  218       0.07354331
  219       0.05895939
  220       0.06274522
  221      -0.22997631
  222       0.09184876
  223       0.06185427
  224       0.04744163
  225      -0.20783373
  226       0.00886793
  227       0.08816602
  228      -0.13461259
  229       0.07141187
  230       0.07965587
  231      -0.10617320
  232       0.06717800
  233       0.06753057
  234      -0.04891248
  235       0.02284375
  236       0.08097829
  237      -0.22104728
  238       0.04970442
  239       0.08266786
  240      -0.19850417
  241       0.09172180
  242       0.08489585
  243      -0.11101801
  244       0.06123836
  245       0.07386912
  246      -0.10474097
  247       0.07168677
  248       0.06855014
  249      -0.29044361
  250      -0.00954194
  251       0.07978796
  252       0.07755404
  253      -0.19414474
  254       0.09455756
  255       0.02991897
  256       0.05036671
  257      -0.10339485
  258       0.05072711
  259       0.06618555
  260      -0.16246333
  261       0.05677603
  262       0.04954039
  263      -0.11133039
  264       0.06702323
  265       0.08644567
  266      -0.14402985
  267       0.08259419
  268       0.05741540
  269      -0.13712248
  270       0.05143460
  271       0.09243146
  272      -0.10949429
  273       0.06425788
  274       0.08977297
  275      -0.10099770
  276       0.07073495
  277       0.07826276
  278      -0.13712479
  279       0.07060277
  280       0.08058308
  281      -0.20965366
  282       0.08401135
  283       0.06063895
  284       0.07050128
  285      -0.19015922
  286       0.08112806
  287       0.09628170
  288       0.06905273
  289      -0.17360615
  290       0.07919821
  291       0.06764442
  292      -0.23121374
  293       0.08618206
  294       0.00534507
  295      -0.02405044
  296       0.08873725
  297       0.02972086
  298      -0.09933950
  299       0.08196926
  300       0.06449814
  301      -0.15512659
  302       0.05106969
  303       0.07874625
  304      -0.10636332
  305       0.06565249
  306       0.04389229
  307      -0.11549483
  308       0.07308982
  309       0.05801176
  310      -0.15192258
  311       0.09199194
  312       0.06547031
  313      -0.16631921
  314       0.07921006
  315       0.11359982
  316       0.05937799
  317      -0.17094562
  318       0.06790520
  319       0.05827951
  320       0.03900438
  321      -0.09280555
  322       0.05143574
  323       0.04979501
  324      -0.14698888
  325       0.06675280
  326       0.07397842
  327      -0.07970450
  328       0.00139918
  329       0.08751638
  330      -0.05647165
  331       0.00373763
  332       0.04291259
  333      -0.11924764
  334       0.07575281
  335       0.04913251
  336      -0.10603680
  337       0.05903634
  338       0.05373069
  339      -0.09875476
  340       0.04573529
  341       0.06517843
  342      -0.06397673
  343       0.02255062
  344       0.05246344
  345      -0.22840104
  346       0.08255925
  347       0.06495799
  348       0.07960785
  349      -0.23850640
  350       0.08032787
  351       0.05509890
  352       0.07299630
 
Nr. of electrons (up):    682.00000000
Atom populations (up)
 Atom       Population
    1       4.10700484
    2       0.94356809
    3       0.93094017
    4       4.08804946
    5       0.92998050
    6       0.96830551
    7       4.09370536
    8       0.95807766
    9       0.93956165
   10       4.09057774
   11       0.95081324
   12       0.92759798
   13       4.10910366
   14       0.93278897
   15       0.96400973
   16       4.11831331
   17       0.94417005
   18       0.93307039
   19       4.11577470
   20       0.96248295
   21       0.93188709
   22       4.07805536
   23       0.95261470
   24       0.95839820
   25       4.27427073
   26       0.91244101
   27       0.91021772
   28       0.94110072
   29       4.19594878
   30       0.94998774
   31       0.94662210
   32       0.93607481
   33       4.09192281
   34       0.96700757
   35       0.96121515
   36       4.16966341
   37       0.90025710
   38       0.93283654
   39       4.10973500
   40       0.93758938
   41       0.95081393
   42       4.07207395
   43       0.95584722
   44       0.95300371
   45       4.11234893
   46       0.95004410
   47       0.96274552
   48       4.10890461
   49       0.94460487
   50       0.93533893
   51       4.03493500
   52       0.96900369
   53       0.99491988
   54       4.08408715
   55       0.94853187
   56       0.95311494
   57       4.25667153
   58       0.92815342
   59       0.89283303
   60       0.91353658
   61       4.22444457
   62       0.91672016
   63       0.93590211
   64       0.94118892
   65       4.10456613
   66       0.95586052
   67       0.94763369
   68       4.09750588
   69       0.95098168
   70       0.95340291
   71       4.11498731
   72       0.91793398
   73       0.93831610
   74       4.15328848
   75       0.92797174
   76       0.91653440
   77       4.12000622
   78       0.92513830
   79       0.95330940
   80       4.06820506
   81       0.97857383
   82       0.97406978
   83       4.10739339
   84       0.95338636
   85       0.95017608
   86       4.08926523
   87       0.95598134
   88       0.93059395
   89       4.16931847
   90       0.94976180
   91       0.95287571
   92       0.92503547
   93       4.18558347
   94       0.95823270
   95       0.93070130
   96       0.94616391
   97       4.11554504
   98       0.96379439
   99       0.92590358
  100       4.07320078
  101       0.94208617
  102       0.95569644
  103       4.09239094
  104       0.93585416
  105       0.96006977
  106       4.10590176
  107       0.95050094
  108       0.96131213
  109       4.09089172
  110       0.96490268
  111       0.94323031
  112       4.11764764
  113       0.95543381
  114       0.92705871
  115       4.12346386
  116       0.92059565
  117       0.94653295
  118       4.07646076
  119       0.98218678
  120       0.95062525
  121       4.22186786
  122       0.93393773
  123       0.92270240
  124       0.93233202
  125       4.19112023
  126       0.91162292
  127       0.95958241
  128       0.92584993
  129       4.10157791
  130       0.92312311
  131       0.95330850
  132       4.08581660
  133       0.94660460
  134       0.97402884
  135       4.12721704
  136       0.95241507
  137       0.91193055
  138       4.12374550
  139       0.94177898
  140       0.94534778
  141       4.14155442
  142       0.94423409
  143       0.90570405
  144       4.10034253
  145       0.96474538
  146       0.94218537
  147       4.12109019
  148       0.93916330
  149       0.92687145
  150       4.09327455
  151       0.97119723
  152       0.94656811
  153       4.19024775
  154       0.96620784
  155       0.94775510
  156       0.92061075
  157       4.18364146
  158       0.96425366
  159       0.92511729
  160       0.92396384
  161       4.10358149
  162       0.95435010
  163       0.94467856
  164       4.08951342
  165       0.94942939
  166       0.94234647
  167       4.05579607
  168       1.00450748
  169       0.94647834
  170       4.10210409
  171       0.95206616
  172       0.95905192
  173       4.11681114
  174       0.97396584
  175       0.91269312
  176       4.08308065
  177       0.95501338
  178       0.95272425
  179       4.12790563
  180       0.93945288
  181       0.92917886
  182       4.09179534
  183       0.93646907
  184       0.95656122
  185       4.21190831
  186       0.93611491
  187       0.92088963
  188       0.92953125
  189       4.23472905
  190       0.94362561
  191       0.91866564
  192       0.92849820
  193       4.08950070
  194       0.96273190
  195       0.92404679
  196       4.13677804
  197       0.92956212
  198       0.93056209
  199       4.12696688
  200       0.92138663
  201       0.95505338
  202       4.09379956
  203       0.93686666
  204       0.96603825
  205       4.13184635
  206       0.92916231
  207       0.94269010
  208       4.13024151
  209       0.93479321
  210       0.93866805
  211       4.09290729
  212       0.93279132
  213       0.97547366
  214       4.06152422
  215       0.95465010
  216       0.95991892
  217       4.21753685
  218       0.92645669
  219       0.94104061
  220       0.93725478
  221       4.22997631
  222       0.90815124
  223       0.93814573
  224       0.95255837
  225       4.20783373
  226       0.99113207
  227       0.91183398
  228       4.13461259
  229       0.92858813
  230       0.92034413
  231       4.10617320
  232       0.93282200
  233       0.93246943
  234       4.04891248
  235       0.97715625
  236       0.91902171
  237       4.22104728
  238       0.95029558
  239       0.91733214
  240       4.19850417
  241       0.90827820
  242       0.91510415
  243       4.11101801
  244       0.93876164
  245       0.92613088
  246       4.10474097
  247       0.92831323
  248       0.93144986
  249       4.29044361
  250       1.00954194
  251       0.92021204
  252       0.92244596
  253       4.19414474
  254       0.90544244
  255       0.97008103
  256       0.94963329
  257       4.10339485
  258       0.94927289
  259       0.93381445
  260       4.16246333
  261       0.94322397
  262       0.95045961
  263       4.11133039
  264       0.93297677
  265       0.91355433
  266       4.14402985
  267       0.91740581
  268       0.94258460
  269       4.13712248
  270       0.94856540
  271       0.90756854
  272       4.10949429
  273       0.93574212
  274       0.91022703
  275       4.10099770
  276       0.92926505
  277       0.92173724
  278       4.13712479
  279       0.92939723
  280       0.91941692
  281       4.20965366
  282       0.91598865
  283       0.93936105
  284       0.92949872
  285       4.19015922
  286       0.91887194
  287       0.90371830
  288       0.93094727
  289       4.17360615
  290       0.92080179
  291       0.93235558
  292       4.23121374
  293       0.91381794
  294       0.99465493
  295       4.02405044
  296       0.91126275
  297       0.97027914
  298       4.09933950
  299       0.91803074
  300       0.93550186
  301       4.15512659
  302       0.94893031
  303       0.92125375
  304       4.10636332
  305       0.93434751
  306       0.95610771
  307       4.11549483
  308       0.92691018
  309       0.94198824
  310       4.15192258
  311       0.90800806
  312       0.93452969
  313       4.16631921
  314       0.92078994
  315       0.88640018
  316       0.94062201
  317       4.17094562
  318       0.93209480
  319       0.94172049
  320       0.96099562
  321       4.09280555
  322       0.94856426
  323       0.95020499
  324       4.14698888
  325       0.93324720
  326       0.92602158
  327       4.07970450
  328       0.99860082
  329       0.91248362
  330       4.05647165
  331       0.99626237
  332       0.95708741
  333       4.11924764
  334       0.92424719
  335       0.95086749
  336       4.10603680
  337       0.94096366
  338       0.94626931
  339       4.09875476
  340       0.95426471
  341       0.93482157
  342       4.06397673
  343       0.97744938
  344       0.94753656
  345       4.22840104
  346       0.91744075
  347       0.93504201
  348       0.92039215
  349       4.23850640
  350       0.91967213
  351       0.94490110
  352       0.92700370
 
l-shell populations (up)
 Atom Sh.   l       Population
    1   1   0       1.26398487
    1   2   1       2.84301997
    2   1   0       0.94356809
    3   1   0       0.93094017
    4   1   0       1.26011087
    4   2   1       2.82793859
    5   1   0       0.92998050
    6   1   0       0.96830551
    7   1   0       1.26861554
    7   2   1       2.82508983
    8   1   0       0.95807766
    9   1   0       0.93956165
   10   1   0       1.22933398
   10   2   1       2.86124376
   11   1   0       0.95081324
   12   1   0       0.92759798
   13   1   0       1.26183936
   13   2   1       2.84726430
   14   1   0       0.93278897
   15   1   0       0.96400973
   16   1   0       1.25431585
   16   2   1       2.86399747
   17   1   0       0.94417005
   18   1   0       0.93307039
   19   1   0       1.24820487
   19   2   1       2.86756982
   20   1   0       0.96248295
   21   1   0       0.93188709
   22   1   0       1.25280703
   22   2   1       2.82524832
   23   1   0       0.95261470
   24   1   0       0.95839820
   25   1   0       1.29525835
   25   2   1       2.97901238
   26   1   0       0.91244101
   27   1   0       0.91021772
   28   1   0       0.94110072
   29   1   0       1.29223097
   29   2   1       2.90371781
   30   1   0       0.94998774
   31   1   0       0.94662210
   32   1   0       0.93607481
   33   1   0       1.26826025
   33   2   1       2.82366256
   34   1   0       0.96700757
   35   1   0       0.96121515
   36   1   0       1.24066791
   36   2   1       2.92899550
   37   1   0       0.90025710
   38   1   0       0.93283654
   39   1   0       1.29055863
   39   2   1       2.81917636
   40   1   0       0.93758938
   41   1   0       0.95081393
   42   1   0       1.25083286
   42   2   1       2.82124109
   43   1   0       0.95584722
   44   1   0       0.95300371
   45   1   0       1.27896785
   45   2   1       2.83338108
   46   1   0       0.95004410
   47   1   0       0.96274552
   48   1   0       1.24772249
   48   2   1       2.86118211
   49   1   0       0.94460487
   50   1   0       0.93533893
   51   1   0       1.25080211
   51   2   1       2.78413290
   52   1   0       0.96900369
   53   1   0       0.99491988
   54   1   0       1.26096493
   54   2   1       2.82312221
   55   1   0       0.94853187
   56   1   0       0.95311494
   57   1   0       1.27730669
   57   2   1       2.97936484
   58   1   0       0.92815342
   59   1   0       0.89283303
   60   1   0       0.91353658
   61   1   0       1.30918401
   61   2   1       2.91526056
   62   1   0       0.91672016
   63   1   0       0.93590211
   64   1   0       0.94118892
   65   1   0       1.23883823
   65   2   1       2.86572790
   66   1   0       0.95586052
   67   1   0       0.94763369
   68   1   0       1.26445125
   68   2   1       2.83305463
   69   1   0       0.95098168
   70   1   0       0.95340291
   71   1   0       1.23292162
   71   2   1       2.88206569
   72   1   0       0.91793398
   73   1   0       0.93831610
   74   1   0       1.24458096
   74   2   1       2.90870752
   75   1   0       0.92797174
   76   1   0       0.91653440
   77   1   0       1.25122635
   77   2   1       2.86877986
   78   1   0       0.92513830
   79   1   0       0.95330940
   80   1   0       1.24051016
   80   2   1       2.82769490
   81   1   0       0.97857383
   82   1   0       0.97406978
   83   1   0       1.26595981
   83   2   1       2.84143358
   84   1   0       0.95338636
   85   1   0       0.95017608
   86   1   0       1.26396730
   86   2   1       2.82529794
   87   1   0       0.95598134
   88   1   0       0.93059395
   89   1   0       1.25522009
   89   2   1       2.91409839
   90   1   0       0.94976180
   91   1   0       0.95287571
   92   1   0       0.92503547
   93   1   0       1.25768557
   93   2   1       2.92789790
   94   1   0       0.95823270
   95   1   0       0.93070130
   96   1   0       0.94616391
   97   1   0       1.25231987
   97   2   1       2.86322517
   98   1   0       0.96379439
   99   1   0       0.92590358
  100   1   0       1.22840849
  100   2   1       2.84479229
  101   1   0       0.94208617
  102   1   0       0.95569644
  103   1   0       1.26894961
  103   2   1       2.82344133
  104   1   0       0.93585416
  105   1   0       0.96006977
  106   1   0       1.25108081
  106   2   1       2.85482095
  107   1   0       0.95050094
  108   1   0       0.96131213
  109   1   0       1.21671821
  109   2   1       2.87417351
  110   1   0       0.96490268
  111   1   0       0.94323031
  112   1   0       1.21408346
  112   2   1       2.90356419
  113   1   0       0.95543381
  114   1   0       0.92705871
  115   1   0       1.24492209
  115   2   1       2.87854177
  116   1   0       0.92059565
  117   1   0       0.94653295
  118   1   0       1.25138244
  118   2   1       2.82507832
  119   1   0       0.98218678
  120   1   0       0.95062525
  121   1   0       1.29912896
  121   2   1       2.92273890
  122   1   0       0.93393773
  123   1   0       0.92270240
  124   1   0       0.93233202
  125   1   0       1.24421961
  125   2   1       2.94690061
  126   1   0       0.91162292
  127   1   0       0.95958241
  128   1   0       0.92584993
  129   1   0       1.21803880
  129   2   1       2.88353911
  130   1   0       0.92312311
  131   1   0       0.95330850
  132   1   0       1.22966049
  132   2   1       2.85615612
  133   1   0       0.94660460
  134   1   0       0.97402884
  135   1   0       1.22833991
  135   2   1       2.89887713
  136   1   0       0.95241507
  137   1   0       0.91193055
  138   1   0       1.27387578
  138   2   1       2.84986972
  139   1   0       0.94177898
  140   1   0       0.94534778
  141   1   0       1.25150824
  141   2   1       2.89004619
  142   1   0       0.94423409
  143   1   0       0.90570405
  144   1   0       1.25032764
  144   2   1       2.85001489
  145   1   0       0.96474538
  146   1   0       0.94218537
  147   1   0       1.29669595
  147   2   1       2.82439424
  148   1   0       0.93916330
  149   1   0       0.92687145
  150   1   0       1.26636482
  150   2   1       2.82690973
  151   1   0       0.97119723
  152   1   0       0.94656811
  153   1   0       1.27771147
  153   2   1       2.91253628
  154   1   0       0.96620784
  155   1   0       0.94775510
  156   1   0       0.92061075
  157   1   0       1.26925026
  157   2   1       2.91439121
  158   1   0       0.96425366
  159   1   0       0.92511729
  160   1   0       0.92396384
  161   1   0       1.23540174
  161   2   1       2.86817974
  162   1   0       0.95435010
  163   1   0       0.94467856
  164   1   0       1.22715396
  164   2   1       2.86235947
  165   1   0       0.94942939
  166   1   0       0.94234647
  167   1   0       1.22715914
  167   2   1       2.82863693
  168   1   0       1.00450748
  169   1   0       0.94647834
  170   1   0       1.23940277
  170   2   1       2.86270132
  171   1   0       0.95206616
  172   1   0       0.95905192
  173   1   0       1.26578410
  173   2   1       2.85102704
  174   1   0       0.97396584
  175   1   0       0.91269312
  176   1   0       1.26869024
  176   2   1       2.81439041
  177   1   0       0.95501338
  178   1   0       0.95272425
  179   1   0       1.22573034
  179   2   1       2.90217530
  180   1   0       0.93945288
  181   1   0       0.92917886
  182   1   0       1.22628205
  182   2   1       2.86551329
  183   1   0       0.93646907
  184   1   0       0.95656122
  185   1   0       1.26255914
  185   2   1       2.94934917
  186   1   0       0.93611491
  187   1   0       0.92088963
  188   1   0       0.92953125
  189   1   0       1.25132405
  189   2   1       2.98340500
  190   1   0       0.94362561
  191   1   0       0.91866564
  192   1   0       0.92849820
  193   1   0       1.23882587
  193   2   1       2.85067483
  194   1   0       0.96273190
  195   1   0       0.92404679
  196   1   0       1.23682068
  196   2   1       2.89995736
  197   1   0       0.92956212
  198   1   0       0.93056209
  199   1   0       1.27139912
  199   2   1       2.85556777
  200   1   0       0.92138663
  201   1   0       0.95505338
  202   1   0       1.25850307
  202   2   1       2.83529649
  203   1   0       0.93686666
  204   1   0       0.96603825
  205   1   0       1.25435160
  205   2   1       2.87749476
  206   1   0       0.92916231
  207   1   0       0.94269010
  208   1   0       1.24414613
  208   2   1       2.88609538
  209   1   0       0.93479321
  210   1   0       0.93866805
  211   1   0       1.23069830
  211   2   1       2.86220898
  212   1   0       0.93279132
  213   1   0       0.97547366
  214   1   0       1.21495594
  214   2   1       2.84656828
  215   1   0       0.95465010
  216   1   0       0.95991892
  217   1   0       1.29191664
  217   2   1       2.92562021
  218   1   0       0.92645669
  219   1   0       0.94104061
  220   1   0       0.93725478
  221   1   0       1.25960027
  221   2   1       2.97037604
  222   1   0       0.90815124
  223   1   0       0.93814573
  224   1   0       0.95255837
  225   1   0       1.27339380
  225   2   1       2.93443993
  226   1   0       0.99113207
  227   1   0       0.91183398
  228   1   0       1.21712979
  228   2   1       2.91748280
  229   1   0       0.92858813
  230   1   0       0.92034413
  231   1   0       1.20006087
  231   2   1       2.90611234
  232   1   0       0.93282200
  233   1   0       0.93246943
  234   1   0       1.24173169
  234   2   1       2.80718079
  235   1   0       0.97715625
  236   1   0       0.91902171
  237   1   0       1.34130178
  237   2   1       2.87974550
  238   1   0       0.95029558
  239   1   0       0.91733214
  240   1   0       1.29578527
  240   2   1       2.90271890
  241   1   0       0.90827820
  242   1   0       0.91510415
  243   1   0       1.23323388
  243   2   1       2.87778413
  244   1   0       0.93876164
  245   1   0       0.92613088
  246   1   0       1.22828207
  246   2   1       2.87645890
  247   1   0       0.92831323
  248   1   0       0.93144986
  249   1   0       1.31617701
  249   2   1       2.97426660
  250   1   0       1.00954194
  251   1   0       0.92021204
  252   1   0       0.92244596
  253   1   0       1.29058696
  253   2   1       2.90355778
  254   1   0       0.90544244
  255   1   0       0.97008103
  256   1   0       0.94963329
  257   1   0       1.26490572
  257   2   1       2.83848913
  258   1   0       0.94927289
  259   1   0       0.93381445
  260   1   0       1.31337817
  260   2   1       2.84908517
  261   1   0       0.94322397
  262   1   0       0.95045961
  263   1   0       1.24376817
  263   2   1       2.86756223
  264   1   0       0.93297677
  265   1   0       0.91355433
  266   1   0       1.26802802
  266   2   1       2.87600183
  267   1   0       0.91740581
  268   1   0       0.94258460
  269   1   0       1.29609919
  269   2   1       2.84102329
  270   1   0       0.94856540
  271   1   0       0.90756854
  272   1   0       1.24418476
  272   2   1       2.86530953
  273   1   0       0.93574212
  274   1   0       0.91022703
  275   1   0       1.24781801
  275   2   1       2.85317969
  276   1   0       0.92926505
  277   1   0       0.92173724
  278   1   0       1.21993257
  278   2   1       2.91719222
  279   1   0       0.92939723
  280   1   0       0.91941692
  281   1   0       1.24786900
  281   2   1       2.96178466
  282   1   0       0.91598865
  283   1   0       0.93936105
  284   1   0       0.92949872
  285   1   0       1.21615430
  285   2   1       2.97400492
  286   1   0       0.91887194
  287   1   0       0.90371830
  288   1   0       0.93094727
  289   1   0       1.30054633
  289   2   1       2.87305982
  290   1   0       0.92080179
  291   1   0       0.93235558
  292   1   0       1.24862627
  292   2   1       2.98258747
  293   1   0       0.91381794
  294   1   0       0.99465493
  295   1   0       1.24004095
  295   2   1       2.78400949
  296   1   0       0.91126275
  297   1   0       0.97027914
  298   1   0       1.21678812
  298   2   1       2.88255138
  299   1   0       0.91803074
  300   1   0       0.93550186
  301   1   0       1.24577634
  301   2   1       2.90935025
  302   1   0       0.94893031
  303   1   0       0.92125375
  304   1   0       1.22935879
  304   2   1       2.87700453
  305   1   0       0.93434751
  306   1   0       0.95610771
  307   1   0       1.22558534
  307   2   1       2.88990948
  308   1   0       0.92691018
  309   1   0       0.94198824
  310   1   0       1.23540045
  310   2   1       2.91652213
  311   1   0       0.90800806
  312   1   0       0.93452969
  313   1   0       1.28847535
  313   2   1       2.87784386
  314   1   0       0.92078994
  315   1   0       0.88640018
  316   1   0       0.94062201
  317   1   0       1.28595925
  317   2   1       2.88498637
  318   1   0       0.93209480
  319   1   0       0.94172049
  320   1   0       0.96099562
  321   1   0       1.26261564
  321   2   1       2.83018992
  322   1   0       0.94856426
  323   1   0       0.95020499
  324   1   0       1.23992056
  324   2   1       2.90706832
  325   1   0       0.93324720
  326   1   0       0.92602158
  327   1   0       1.23627219
  327   2   1       2.84343231
  328   1   0       0.99860082
  329   1   0       0.91248362
  330   1   0       1.24183853
  330   2   1       2.81463312
  331   1   0       0.99626237
  332   1   0       0.95708741
  333   1   0       1.22785788
  333   2   1       2.89138976
  334   1   0       0.92424719
  335   1   0       0.95086749
  336   1   0       1.21454860
  336   2   1       2.89148820
  337   1   0       0.94096366
  338   1   0       0.94626931
  339   1   0       1.21374547
  339   2   1       2.88500929
  340   1   0       0.95426471
  341   1   0       0.93482157
  342   1   0       1.24016297
  342   2   1       2.82381376
  343   1   0       0.97744938
  344   1   0       0.94753656
  345   1   0       1.27922335
  345   2   1       2.94917770
  346   1   0       0.91744075
  347   1   0       0.93504201
  348   1   0       0.92039215
  349   1   0       1.26680404
  349   2   1       2.97170236
  350   1   0       0.91967213
  351   1   0       0.94490110
  352   1   0       0.92700370
 
Orbital populations (up)
 Atom Sh.   l   m       Population  Label
    1   1   0   0       1.26398487  s
    1   2   1  -1       0.92703110  p_y
    1   2   1   0       0.94924702  p_z
    1   2   1   1       0.96674185  p_x
    2   1   0   0       0.94356809  s
    3   1   0   0       0.93094017  s
    4   1   0   0       1.26011087  s
    4   2   1  -1       0.96657927  p_y
    4   2   1   0       0.91231512  p_z
    4   2   1   1       0.94904420  p_x
    5   1   0   0       0.92998050  s
    6   1   0   0       0.96830551  s
    7   1   0   0       1.26861554  s
    7   2   1  -1       0.95573741  p_y
    7   2   1   0       0.90267732  p_z
    7   2   1   1       0.96667510  p_x
    8   1   0   0       0.95807766  s
    9   1   0   0       0.93956165  s
   10   1   0   0       1.22933398  s
   10   2   1  -1       0.95142634  p_y
   10   2   1   0       0.93499828  p_z
   10   2   1   1       0.97481914  p_x
   11   1   0   0       0.95081324  s
   12   1   0   0       0.92759798  s
   13   1   0   0       1.26183936  s
   13   2   1  -1       0.94506507  p_y
   13   2   1   0       0.91457848  p_z
   13   2   1   1       0.98762076  p_x
   14   1   0   0       0.93278897  s
   15   1   0   0       0.96400973  s
   16   1   0   0       1.25431585  s
   16   2   1  -1       0.92480306  p_y
   16   2   1   0       1.00386421  p_z
   16   2   1   1       0.93533019  p_x
   17   1   0   0       0.94417005  s
   18   1   0   0       0.93307039  s
   19   1   0   0       1.24820487  s
   19   2   1  -1       0.95184790  p_y
   19   2   1   0       0.99620636  p_z
   19   2   1   1       0.91951556  p_x
   20   1   0   0       0.96248295  s
   21   1   0   0       0.93188709  s
   22   1   0   0       1.25280703  s
   22   2   1  -1       0.96477974  p_y
   22   2   1   0       0.91160606  p_z
   22   2   1   1       0.94886252  p_x
   23   1   0   0       0.95261470  s
   24   1   0   0       0.95839820  s
   25   1   0   0       1.29525835  s
   25   2   1  -1       0.99919374  p_y
   25   2   1   0       0.97854712  p_z
   25   2   1   1       1.00127152  p_x
   26   1   0   0       0.91244101  s
   27   1   0   0       0.91021772  s
   28   1   0   0       0.94110072  s
   29   1   0   0       1.29223097  s
   29   2   1  -1       0.95669542  p_y
   29   2   1   0       0.96738792  p_z
   29   2   1   1       0.97963447  p_x
   30   1   0   0       0.94998774  s
   31   1   0   0       0.94662210  s
   32   1   0   0       0.93607481  s
   33   1   0   0       1.26826025  s
   33   2   1  -1       0.92919548  p_y
   33   2   1   0       0.96867469  p_z
   33   2   1   1       0.92579239  p_x
   34   1   0   0       0.96700757  s
   35   1   0   0       0.96121515  s
   36   1   0   0       1.24066791  s
   36   2   1  -1       0.99048015  p_y
   36   2   1   0       0.97962516  p_z
   36   2   1   1       0.95889020  p_x
   37   1   0   0       0.90025710  s
   38   1   0   0       0.93283654  s
   39   1   0   0       1.29055863  s
   39   2   1  -1       0.94623174  p_y
   39   2   1   0       0.91131424  p_z
   39   2   1   1       0.96163039  p_x
   40   1   0   0       0.93758938  s
   41   1   0   0       0.95081393  s
   42   1   0   0       1.25083286  s
   42   2   1  -1       0.95234445  p_y
   42   2   1   0       0.95377690  p_z
   42   2   1   1       0.91511974  p_x
   43   1   0   0       0.95584722  s
   44   1   0   0       0.95300371  s
   45   1   0   0       1.27896785  s
   45   2   1  -1       0.94666842  p_y
   45   2   1   0       0.91625606  p_z
   45   2   1   1       0.97045660  p_x
   46   1   0   0       0.95004410  s
   47   1   0   0       0.96274552  s
   48   1   0   0       1.24772249  s
   48   2   1  -1       0.94881607  p_y
   48   2   1   0       0.94924367  p_z
   48   2   1   1       0.96312238  p_x
   49   1   0   0       0.94460487  s
   50   1   0   0       0.93533893  s
   51   1   0   0       1.25080211  s
   51   2   1  -1       0.91136136  p_y
   51   2   1   0       0.92348371  p_z
   51   2   1   1       0.94928783  p_x
   52   1   0   0       0.96900369  s
   53   1   0   0       0.99491988  s
   54   1   0   0       1.26096493  s
   54   2   1  -1       0.91761384  p_y
   54   2   1   0       0.94721243  p_z
   54   2   1   1       0.95829594  p_x
   55   1   0   0       0.94853187  s
   56   1   0   0       0.95311494  s
   57   1   0   0       1.27730669  s
   57   2   1  -1       0.98811947  p_y
   57   2   1   0       1.00568577  p_z
   57   2   1   1       0.98555959  p_x
   58   1   0   0       0.92815342  s
   59   1   0   0       0.89283303  s
   60   1   0   0       0.91353658  s
   61   1   0   0       1.30918401  s
   61   2   1  -1       1.00402595  p_y
   61   2   1   0       0.96619339  p_z
   61   2   1   1       0.94504122  p_x
   62   1   0   0       0.91672016  s
   63   1   0   0       0.93590211  s
   64   1   0   0       0.94118892  s
   65   1   0   0       1.23883823  s
   65   2   1  -1       0.94396421  p_y
   65   2   1   0       0.93595192  p_z
   65   2   1   1       0.98581178  p_x
   66   1   0   0       0.95586052  s
   67   1   0   0       0.94763369  s
   68   1   0   0       1.26445125  s
   68   2   1  -1       0.95213075  p_y
   68   2   1   0       0.92680822  p_z
   68   2   1   1       0.95411566  p_x
   69   1   0   0       0.95098168  s
   70   1   0   0       0.95340291  s
   71   1   0   0       1.23292162  s
   71   2   1  -1       0.97306919  p_y
   71   2   1   0       0.93768564  p_z
   71   2   1   1       0.97131085  p_x
   72   1   0   0       0.91793398  s
   73   1   0   0       0.93831610  s
   74   1   0   0       1.24458096  s
   74   2   1  -1       1.00538253  p_y
   74   2   1   0       0.93968235  p_z
   74   2   1   1       0.96364265  p_x
   75   1   0   0       0.92797174  s
   76   1   0   0       0.91653440  s
   77   1   0   0       1.25122635  s
   77   2   1  -1       0.92416487  p_y
   77   2   1   0       0.97945559  p_z
   77   2   1   1       0.96515940  p_x
   78   1   0   0       0.92513830  s
   79   1   0   0       0.95330940  s
   80   1   0   0       1.24051016  s
   80   2   1  -1       0.94183789  p_y
   80   2   1   0       0.92411056  p_z
   80   2   1   1       0.96174645  p_x
   81   1   0   0       0.97857383  s
   82   1   0   0       0.97406978  s
   83   1   0   0       1.26595981  s
   83   2   1  -1       0.93173348  p_y
   83   2   1   0       0.94200826  p_z
   83   2   1   1       0.96769185  p_x
   84   1   0   0       0.95338636  s
   85   1   0   0       0.95017608  s
   86   1   0   0       1.26396730  s
   86   2   1  -1       0.94680007  p_y
   86   2   1   0       0.95341385  p_z
   86   2   1   1       0.92508402  p_x
   87   1   0   0       0.95598134  s
   88   1   0   0       0.93059395  s
   89   1   0   0       1.25522009  s
   89   2   1  -1       0.97054969  p_y
   89   2   1   0       0.97273430  p_z
   89   2   1   1       0.97081440  p_x
   90   1   0   0       0.94976180  s
   91   1   0   0       0.95287571  s
   92   1   0   0       0.92503547  s
   93   1   0   0       1.25768557  s
   93   2   1  -1       1.02961229  p_y
   93   2   1   0       0.94577634  p_z
   93   2   1   1       0.95250927  p_x
   94   1   0   0       0.95823270  s
   95   1   0   0       0.93070130  s
   96   1   0   0       0.94616391  s
   97   1   0   0       1.25231987  s
   97   2   1  -1       0.98270688  p_y
   97   2   1   0       0.92472625  p_z
   97   2   1   1       0.95579203  p_x
   98   1   0   0       0.96379439  s
   99   1   0   0       0.92590358  s
  100   1   0   0       1.22840849  s
  100   2   1  -1       0.95873569  p_y
  100   2   1   0       0.92936463  p_z
  100   2   1   1       0.95669197  p_x
  101   1   0   0       0.94208617  s
  102   1   0   0       0.95569644  s
  103   1   0   0       1.26894961  s
  103   2   1  -1       0.94945825  p_y
  103   2   1   0       0.91487271  p_z
  103   2   1   1       0.95911038  p_x
  104   1   0   0       0.93585416  s
  105   1   0   0       0.96006977  s
  106   1   0   0       1.25108081  s
  106   2   1  -1       0.96564411  p_y
  106   2   1   0       0.94021240  p_z
  106   2   1   1       0.94896443  p_x
  107   1   0   0       0.95050094  s
  108   1   0   0       0.96131213  s
  109   1   0   0       1.21671821  s
  109   2   1  -1       0.93756207  p_y
  109   2   1   0       0.96589914  p_z
  109   2   1   1       0.97071230  p_x
  110   1   0   0       0.96490268  s
  111   1   0   0       0.94323031  s
  112   1   0   0       1.21408346  s
  112   2   1  -1       0.99159216  p_y
  112   2   1   0       0.97210493  p_z
  112   2   1   1       0.93986709  p_x
  113   1   0   0       0.95543381  s
  114   1   0   0       0.92705871  s
  115   1   0   0       1.24492209  s
  115   2   1  -1       1.00639749  p_y
  115   2   1   0       0.93930038  p_z
  115   2   1   1       0.93284390  p_x
  116   1   0   0       0.92059565  s
  117   1   0   0       0.94653295  s
  118   1   0   0       1.25138244  s
  118   2   1  -1       0.96628347  p_y
  118   2   1   0       0.91504832  p_z
  118   2   1   1       0.94374653  p_x
  119   1   0   0       0.98218678  s
  120   1   0   0       0.95062525  s
  121   1   0   0       1.29912896  s
  121   2   1  -1       1.00703425  p_y
  121   2   1   0       0.95830054  p_z
  121   2   1   1       0.95740411  p_x
  122   1   0   0       0.93393773  s
  123   1   0   0       0.92270240  s
  124   1   0   0       0.93233202  s
  125   1   0   0       1.24421961  s
  125   2   1  -1       1.00811538  p_y
  125   2   1   0       0.95540448  p_z
  125   2   1   1       0.98338075  p_x
  126   1   0   0       0.91162292  s
  127   1   0   0       0.95958241  s
  128   1   0   0       0.92584993  s
  129   1   0   0       1.21803880  s
  129   2   1  -1       0.92550601  p_y
  129   2   1   0       1.00323448  p_z
  129   2   1   1       0.95479862  p_x
  130   1   0   0       0.92312311  s
  131   1   0   0       0.95330850  s
  132   1   0   0       1.22966049  s
  132   2   1  -1       0.97476544  p_y
  132   2   1   0       0.93653600  p_z
  132   2   1   1       0.94485468  p_x
  133   1   0   0       0.94660460  s
  134   1   0   0       0.97402884  s
  135   1   0   0       1.22833991  s
  135   2   1  -1       1.01327751  p_y
  135   2   1   0       0.92763770  p_z
  135   2   1   1       0.95796192  p_x
  136   1   0   0       0.95241507  s
  137   1   0   0       0.91193055  s
  138   1   0   0       1.27387578  s
  138   2   1  -1       0.95533698  p_y
  138   2   1   0       0.93158113  p_z
  138   2   1   1       0.96295161  p_x
  139   1   0   0       0.94177898  s
  140   1   0   0       0.94534778  s
  141   1   0   0       1.25150824  s
  141   2   1  -1       1.02532862  p_y
  141   2   1   0       0.92863594  p_z
  141   2   1   1       0.93608163  p_x
  142   1   0   0       0.94423409  s
  143   1   0   0       0.90570405  s
  144   1   0   0       1.25032764  s
  144   2   1  -1       0.95714178  p_y
  144   2   1   0       0.93419982  p_z
  144   2   1   1       0.95867329  p_x
  145   1   0   0       0.96474538  s
  146   1   0   0       0.94218537  s
  147   1   0   0       1.29669595  s
  147   2   1  -1       0.98230259  p_y
  147   2   1   0       0.90592999  p_z
  147   2   1   1       0.93616166  p_x
  148   1   0   0       0.93916330  s
  149   1   0   0       0.92687145  s
  150   1   0   0       1.26636482  s
  150   2   1  -1       0.96620947  p_y
  150   2   1   0       0.89870361  p_z
  150   2   1   1       0.96199665  p_x
  151   1   0   0       0.97119723  s
  152   1   0   0       0.94656811  s
  153   1   0   0       1.27771147  s
  153   2   1  -1       0.93929939  p_y
  153   2   1   0       0.97406522  p_z
  153   2   1   1       0.99917167  p_x
  154   1   0   0       0.96620784  s
  155   1   0   0       0.94775510  s
  156   1   0   0       0.92061075  s
  157   1   0   0       1.26925026  s
  157   2   1  -1       0.98516149  p_y
  157   2   1   0       0.95086975  p_z
  157   2   1   1       0.97835997  p_x
  158   1   0   0       0.96425366  s
  159   1   0   0       0.92511729  s
  160   1   0   0       0.92396384  s
  161   1   0   0       1.23540174  s
  161   2   1  -1       0.92933913  p_y
  161   2   1   0       0.97318181  p_z
  161   2   1   1       0.96565880  p_x
  162   1   0   0       0.95435010  s
  163   1   0   0       0.94467856  s
  164   1   0   0       1.22715396  s
  164   2   1  -1       0.94458584  p_y
  164   2   1   0       0.94638860  p_z
  164   2   1   1       0.97138503  p_x
  165   1   0   0       0.94942939  s
  166   1   0   0       0.94234647  s
  167   1   0   0       1.22715914  s
  167   2   1  -1       0.94458699  p_y
  167   2   1   0       0.95872061  p_z
  167   2   1   1       0.92532934  p_x
  168   1   0   0       1.00450748  s
  169   1   0   0       0.94647834  s
  170   1   0   0       1.23940277  s
  170   2   1  -1       0.94815208  p_y
  170   2   1   0       0.93828733  p_z
  170   2   1   1       0.97626191  p_x
  171   1   0   0       0.95206616  s
  172   1   0   0       0.95905192  s
  173   1   0   0       1.26578410  s
  173   2   1  -1       0.98527500  p_y
  173   2   1   0       0.95493435  p_z
  173   2   1   1       0.91081770  p_x
  174   1   0   0       0.97396584  s
  175   1   0   0       0.91269312  s
  176   1   0   0       1.26869024  s
  176   2   1  -1       0.93355475  p_y
  176   2   1   0       0.94411332  p_z
  176   2   1   1       0.93672234  p_x
  177   1   0   0       0.95501338  s
  178   1   0   0       0.95272425  s
  179   1   0   0       1.22573034  s
  179   2   1  -1       0.97425911  p_y
  179   2   1   0       0.94198351  p_z
  179   2   1   1       0.98593269  p_x
  180   1   0   0       0.93945288  s
  181   1   0   0       0.92917886  s
  182   1   0   0       1.22628205  s
  182   2   1  -1       0.95574753  p_y
  182   2   1   0       0.96618725  p_z
  182   2   1   1       0.94357850  p_x
  183   1   0   0       0.93646907  s
  184   1   0   0       0.95656122  s
  185   1   0   0       1.26255914  s
  185   2   1  -1       0.99298663  p_y
  185   2   1   0       0.97322556  p_z
  185   2   1   1       0.98313698  p_x
  186   1   0   0       0.93611491  s
  187   1   0   0       0.92088963  s
  188   1   0   0       0.92953125  s
  189   1   0   0       1.25132405  s
  189   2   1  -1       1.00199821  p_y
  189   2   1   0       0.97401916  p_z
  189   2   1   1       1.00738763  p_x
  190   1   0   0       0.94362561  s
  191   1   0   0       0.91866564  s
  192   1   0   0       0.92849820  s
  193   1   0   0       1.23882587  s
  193   2   1  -1       0.95701109  p_y
  193   2   1   0       0.92508756  p_z
  193   2   1   1       0.96857618  p_x
  194   1   0   0       0.96273190  s
  195   1   0   0       0.92404679  s
  196   1   0   0       1.23682068  s
  196   2   1  -1       0.94646533  p_y
  196   2   1   0       0.94525828  p_z
  196   2   1   1       1.00823375  p_x
  197   1   0   0       0.92956212  s
  198   1   0   0       0.93056209  s
  199   1   0   0       1.27139912  s
  199   2   1  -1       0.91211647  p_y
  199   2   1   0       0.97525509  p_z
  199   2   1   1       0.96819621  p_x
  200   1   0   0       0.92138663  s
  201   1   0   0       0.95505338  s
  202   1   0   0       1.25850307  s
  202   2   1  -1       0.94777742  p_y
  202   2   1   0       0.94748641  p_z
  202   2   1   1       0.94003265  p_x
  203   1   0   0       0.93686666  s
  204   1   0   0       0.96603825  s
  205   1   0   0       1.25435160  s
  205   2   1  -1       0.97115538  p_y
  205   2   1   0       0.93870827  p_z
  205   2   1   1       0.96763110  p_x
  206   1   0   0       0.92916231  s
  207   1   0   0       0.94269010  s
  208   1   0   0       1.24414613  s
  208   2   1  -1       0.95796329  p_y
  208   2   1   0       0.92663803  p_z
  208   2   1   1       1.00149406  p_x
  209   1   0   0       0.93479321  s
  210   1   0   0       0.93866805  s
  211   1   0   0       1.23069830  s
  211   2   1  -1       0.95121730  p_y
  211   2   1   0       0.91227057  p_z
  211   2   1   1       0.99872111  p_x
  212   1   0   0       0.93279132  s
  213   1   0   0       0.97547366  s
  214   1   0   0       1.21495594  s
  214   2   1  -1       0.97614556  p_y
  214   2   1   0       0.90014229  p_z
  214   2   1   1       0.97028043  p_x
  215   1   0   0       0.95465010  s
  216   1   0   0       0.95991892  s
  217   1   0   0       1.29191664  s
  217   2   1  -1       0.96249584  p_y
  217   2   1   0       1.00061655  p_z
  217   2   1   1       0.96250782  p_x
  218   1   0   0       0.92645669  s
  219   1   0   0       0.94104061  s
  220   1   0   0       0.93725478  s
  221   1   0   0       1.25960027  s
  221   2   1  -1       1.00573483  p_y
  221   2   1   0       0.99924052  p_z
  221   2   1   1       0.96540069  p_x
  222   1   0   0       0.90815124  s
  223   1   0   0       0.93814573  s
  224   1   0   0       0.95255837  s
  225   1   0   0       1.27339380  s
  225   2   1  -1       0.94487113  p_y
  225   2   1   0       0.99990923  p_z
  225   2   1   1       0.98965957  p_x
  226   1   0   0       0.99113207  s
  227   1   0   0       0.91183398  s
  228   1   0   0       1.21712979  s
  228   2   1  -1       0.97588517  p_y
  228   2   1   0       0.96154532  p_z
  228   2   1   1       0.98005232  p_x
  229   1   0   0       0.92858813  s
  230   1   0   0       0.92034413  s
  231   1   0   0       1.20006087  s
  231   2   1  -1       0.97241556  p_y
  231   2   1   0       0.95695977  p_z
  231   2   1   1       0.97673701  p_x
  232   1   0   0       0.93282200  s
  233   1   0   0       0.93246943  s
  234   1   0   0       1.24173169  s
  234   2   1  -1       0.92155262  p_y
  234   2   1   0       0.94544408  p_z
  234   2   1   1       0.94018410  p_x
  235   1   0   0       0.97715625  s
  236   1   0   0       0.91902171  s
  237   1   0   0       1.34130178  s
  237   2   1  -1       0.94901536  p_y
  237   2   1   0       0.98650706  p_z
  237   2   1   1       0.94422307  p_x
  238   1   0   0       0.95029558  s
  239   1   0   0       0.91733214  s
  240   1   0   0       1.29578527  s
  240   2   1  -1       0.96163723  p_y
  240   2   1   0       0.94127113  p_z
  240   2   1   1       0.99981054  p_x
  241   1   0   0       0.90827820  s
  242   1   0   0       0.91510415  s
  243   1   0   0       1.23323388  s
  243   2   1  -1       0.99934640  p_y
  243   2   1   0       0.91886106  p_z
  243   2   1   1       0.95957667  p_x
  244   1   0   0       0.93876164  s
  245   1   0   0       0.92613088  s
  246   1   0   0       1.22828207  s
  246   2   1  -1       0.97651901  p_y
  246   2   1   0       0.92492097  p_z
  246   2   1   1       0.97501892  p_x
  247   1   0   0       0.92831323  s
  248   1   0   0       0.93144986  s
  249   1   0   0       1.31617701  s
  249   2   1  -1       0.97496596  p_y
  249   2   1   0       0.98295205  p_z
  249   2   1   1       1.01634859  p_x
  250   1   0   0       1.00954194  s
  251   1   0   0       0.92021204  s
  252   1   0   0       0.92244596  s
  253   1   0   0       1.29058696  s
  253   2   1  -1       0.96064340  p_y
  253   2   1   0       0.95031056  p_z
  253   2   1   1       0.99260383  p_x
  254   1   0   0       0.90544244  s
  255   1   0   0       0.97008103  s
  256   1   0   0       0.94963329  s
  257   1   0   0       1.26490572  s
  257   2   1  -1       0.91046327  p_y
  257   2   1   0       0.93602979  p_z
  257   2   1   1       0.99199607  p_x
  258   1   0   0       0.94927289  s
  259   1   0   0       0.93381445  s
  260   1   0   0       1.31337817  s
  260   2   1  -1       0.94982235  p_y
  260   2   1   0       0.93035983  p_z
  260   2   1   1       0.96890298  p_x
  261   1   0   0       0.94322397  s
  262   1   0   0       0.95045961  s
  263   1   0   0       1.24376817  s
  263   2   1  -1       0.98524220  p_y
  263   2   1   0       0.96106133  p_z
  263   2   1   1       0.92125869  p_x
  264   1   0   0       0.93297677  s
  265   1   0   0       0.91355433  s
  266   1   0   0       1.26802802  s
  266   2   1  -1       1.00259599  p_y
  266   2   1   0       0.95282203  p_z
  266   2   1   1       0.92058381  p_x
  267   1   0   0       0.91740581  s
  268   1   0   0       0.94258460  s
  269   1   0   0       1.29609919  s
  269   2   1  -1       0.95206224  p_y
  269   2   1   0       0.97052221  p_z
  269   2   1   1       0.91843884  p_x
  270   1   0   0       0.94856540  s
  271   1   0   0       0.90756854  s
  272   1   0   0       1.24418476  s
  272   2   1  -1       0.95438718  p_y
  272   2   1   0       0.99624050  p_z
  272   2   1   1       0.91468185  p_x
  273   1   0   0       0.93574212  s
  274   1   0   0       0.91022703  s
  275   1   0   0       1.24781801  s
  275   2   1  -1       0.98697955  p_y
  275   2   1   0       0.92598921  p_z
  275   2   1   1       0.94021093  p_x
  276   1   0   0       0.92926505  s
  277   1   0   0       0.92173724  s
  278   1   0   0       1.21993257  s
  278   2   1  -1       1.01094630  p_y
  278   2   1   0       0.98597144  p_z
  278   2   1   1       0.92027447  p_x
  279   1   0   0       0.92939723  s
  280   1   0   0       0.91941692  s
  281   1   0   0       1.24786900  s
  281   2   1  -1       0.97915680  p_y
  281   2   1   0       1.03558989  p_z
  281   2   1   1       0.94703797  p_x
  282   1   0   0       0.91598865  s
  283   1   0   0       0.93936105  s
  284   1   0   0       0.92949872  s
  285   1   0   0       1.21615430  s
  285   2   1  -1       1.00069058  p_y
  285   2   1   0       0.98474221  p_z
  285   2   1   1       0.98857213  p_x
  286   1   0   0       0.91887194  s
  287   1   0   0       0.90371830  s
  288   1   0   0       0.93094727  s
  289   1   0   0       1.30054633  s
  289   2   1  -1       0.95978744  p_y
  289   2   1   0       0.95342761  p_z
  289   2   1   1       0.95984477  p_x
  290   1   0   0       0.92080179  s
  291   1   0   0       0.93235558  s
  292   1   0   0       1.24862627  s
  292   2   1  -1       1.05539804  p_y
  292   2   1   0       0.94268844  p_z
  292   2   1   1       0.98450099  p_x
  293   1   0   0       0.91381794  s
  294   1   0   0       0.99465493  s
  295   1   0   0       1.24004095  s
  295   2   1  -1       0.95158169  p_y
  295   2   1   0       0.91005579  p_z
  295   2   1   1       0.92237201  p_x
  296   1   0   0       0.91126275  s
  297   1   0   0       0.97027914  s
  298   1   0   0       1.21678812  s
  298   2   1  -1       1.00246594  p_y
  298   2   1   0       0.93421428  p_z
  298   2   1   1       0.94587116  p_x
  299   1   0   0       0.91803074  s
  300   1   0   0       0.93550186  s
  301   1   0   0       1.24577634  s
  301   2   1  -1       0.92662499  p_y
  301   2   1   0       1.02188413  p_z
  301   2   1   1       0.96084112  p_x
  302   1   0   0       0.94893031  s
  303   1   0   0       0.92125375  s
  304   1   0   0       1.22935879  s
  304   2   1  -1       0.91463868  p_y
  304   2   1   0       0.98085633  p_z
  304   2   1   1       0.98150952  p_x
  305   1   0   0       0.93434751  s
  306   1   0   0       0.95610771  s
  307   1   0   0       1.22558534  s
  307   2   1  -1       0.95488418  p_y
  307   2   1   0       0.99502987  p_z
  307   2   1   1       0.93999544  p_x
  308   1   0   0       0.92691018  s
  309   1   0   0       0.94198824  s
  310   1   0   0       1.23540045  s
  310   2   1  -1       0.98733751  p_y
  310   2   1   0       0.93454854  p_z
  310   2   1   1       0.99463608  p_x
  311   1   0   0       0.90800806  s
  312   1   0   0       0.93452969  s
  313   1   0   0       1.28847535  s
  313   2   1  -1       0.98933590  p_y
  313   2   1   0       0.95407667  p_z
  313   2   1   1       0.93443129  p_x
  314   1   0   0       0.92078994  s
  315   1   0   0       0.88640018  s
  316   1   0   0       0.94062201  s
  317   1   0   0       1.28595925  s
  317   2   1  -1       0.98632420  p_y
  317   2   1   0       0.91824254  p_z
  317   2   1   1       0.98041962  p_x
  318   1   0   0       0.93209480  s
  319   1   0   0       0.94172049  s
  320   1   0   0       0.96099562  s
  321   1   0   0       1.26261564  s
  321   2   1  -1       0.94876098  p_y
  321   2   1   0       0.95913302  p_z
  321   2   1   1       0.92229592  p_x
  322   1   0   0       0.94856426  s
  323   1   0   0       0.95020499  s
  324   1   0   0       1.23992056  s
  324   2   1  -1       0.98283342  p_y
  324   2   1   0       0.95999457  p_z
  324   2   1   1       0.96424033  p_x
  325   1   0   0       0.93324720  s
  326   1   0   0       0.92602158  s
  327   1   0   0       1.23627219  s
  327   2   1  -1       0.98895105  p_y
  327   2   1   0       0.93208584  p_z
  327   2   1   1       0.92239542  p_x
  328   1   0   0       0.99860082  s
  329   1   0   0       0.91248362  s
  330   1   0   0       1.24183853  s
  330   2   1  -1       0.90881423  p_y
  330   2   1   0       0.98533878  p_z
  330   2   1   1       0.92048011  p_x
  331   1   0   0       0.99626237  s
  332   1   0   0       0.95708741  s
  333   1   0   0       1.22785788  s
  333   2   1  -1       0.96389626  p_y
  333   2   1   0       0.97476022  p_z
  333   2   1   1       0.95273329  p_x
  334   1   0   0       0.92424719  s
  335   1   0   0       0.95086749  s
  336   1   0   0       1.21454860  s
  336   2   1  -1       0.96338720  p_y
  336   2   1   0       0.95884265  p_z
  336   2   1   1       0.96925835  p_x
  337   1   0   0       0.94096366  s
  338   1   0   0       0.94626931  s
  339   1   0   0       1.21374547  s
  339   2   1  -1       0.92496511  p_y
  339   2   1   0       0.99966593  p_z
  339   2   1   1       0.96037825  p_x
  340   1   0   0       0.95426471  s
  341   1   0   0       0.93482157  s
  342   1   0   0       1.24016297  s
  342   2   1  -1       0.94765869  p_y
  342   2   1   0       0.91135265  p_z
  342   2   1   1       0.96480241  p_x
  343   1   0   0       0.97744938  s
  344   1   0   0       0.94753656  s
  345   1   0   0       1.27922335  s
  345   2   1  -1       1.00021730  p_y
  345   2   1   0       0.95234572  p_z
  345   2   1   1       0.99661468  p_x
  346   1   0   0       0.91744075  s
  347   1   0   0       0.93504201  s
  348   1   0   0       0.92039215  s
  349   1   0   0       1.26680404  s
  349   2   1  -1       1.00031747  p_y
  349   2   1   0       1.00399633  p_z
  349   2   1   1       0.96738856  p_x
  350   1   0   0       0.91967213  s
  351   1   0   0       0.94490110  s
  352   1   0   0       0.92700370  s
 
Fermi level:                        -0.1513279626 H           -4.1178 eV
Band energy:                      -277.2338048175 H        -7543.9157 eV
TS:                                  0.0000000000 H            0.0000 eV
Band free energy (E-TS):          -277.2338048175 H        -7543.9157 eV
Extrapolated E(0K):               -277.2338048175 H        -7543.9157 eV
Input / Output electrons (q):    682.0000000000    682.0000000000
 
Energy H0:                        -281.7734871624 H        -7667.4467 eV
Energy SCC:                          0.0854239983 H            2.3245 eV
Total Electronic energy:          -281.6880631641 H        -7665.1222 eV
Repulsive energy:                    4.6733573809 H          127.1685 eV
Dispersion energy:                   1.1075869369 H           30.1390 eV
Total energy:                     -275.9071188463 H        -7507.8147 eV
Extrapolated to 0:                -275.9071188463 H        -7507.8147 eV
Total Mermin free energy:         -275.9071188463 H        -7507.8147 eV
Force related energy:             -275.9071188463 H        -7507.8147 eV
 
SCC converged
 
Full geometry written in geo_end.{xyz|gen}
 
MD Kinetic Energy:                   1.6183372239 H
Total MD Energy:                  -274.2887816224 H
Pressure:                            0.882717E-05 au     0.259704E+09 Pa
MD Temperature:                      0.0030737649 H          970.6170 K
MD Kinetic Energy:                   1.6183372239 H
Total MD Energy:                  -274.2887816224 H        -7463.7775 eV
MD Temperature:                      0.0030737649 H          970.6170 K
 
Molecular dynamics completed
 
