 Fermi distribution function
 
MD step: 100000
 

********************************************************************************
 iSCC Total electronic   Diff electronic      SCC error    
    5   -0.28278861E+03    0.25977442E-10    0.57970759E-06
********************************************************************************
 
Coordinates of moved atoms (au):
    1     72.58486817     62.16342920     82.29953817
    2     70.62015825     61.15869886     81.81600080
    3     73.61796002     60.83888902     83.68464488
    4     73.77782105     91.18229486     79.69557494
    5     75.57913998     92.23875449     79.97506756
    6     43.77043500     92.21733440     78.26872618
    7     74.58080778     88.53310046     78.63808554
    8     44.38595462     87.02031618     79.48177681
    9     76.41923472     88.00644854     79.66310013
   10     45.52148962     88.37250465     75.69776961
   11     46.46497701     90.09774632     74.90855309
   12     43.53395832     88.43062158     75.02013435
   13     75.62173353     86.17808033     74.26250421
   14     74.81436051     84.38362382     75.13554607
   15     77.64189948     86.06481761     74.61400715
   16     46.03189348     86.13938857     71.38557708
   17     46.35506653     87.90082145     70.43132382
   18     44.04104732     85.75069603     71.19373162
   19     76.42806096     83.88488389     70.03933602
   20     75.19387932     83.14112836     68.60821779
   21     76.96059950     82.50033207     71.39075094
   22     78.76538232     84.41403677     68.63217977
   23     51.38439315     85.76739710     69.47191704
   24     49.13506839     85.40864556     66.94843966
   25     72.24805264     64.78033285     83.64691946
   26     70.98994703     64.67029344     85.34716286
   27     74.00022033     65.56316908     84.18685759
   28     71.33450011     66.12684992     82.34671979
   29     80.38570218     81.93472026     67.88429170
   30     81.54557339     82.22060376     66.21105711
   31     81.65754958     81.69825101     69.50086800
   32     79.17916547     80.17408895     67.85510436
   33     48.09685164     77.81969870     54.35873154
   34     49.12745450     78.95355221     55.73962000
   35     48.69003990     78.60321138     52.31159298
   36     49.02500850     75.21517632     54.76202915
   37     49.04323593     74.63739250     56.73365758
   38     51.04673720     74.77439508     54.30020385
   39     47.54022301     73.01625220     53.29071935
   40     47.45764516     73.38958364     51.24617984
   41     45.50813529     72.77664472     54.02023562
   42     48.78411982     70.38684941     53.43456632
   43     76.34683144     68.91635345     53.26333748
   44     49.20370334     69.97206687     55.46708210
   45     50.84057556     69.98667350     51.53069490
   46     52.33114604     71.37408135     51.85150878
   47     79.23478462     70.30553064     49.53438785
   48     80.90810561     67.38241266     51.96576695
   49     79.45618779     66.01210373     51.16618339
   50     81.28653054     66.98778308     53.90867596
   51     54.28456928     66.75974663     50.22284952
   52     56.05961179     66.43242744     51.29019085
   53     54.56580736     68.43441583     49.10407814
   54     82.57907583     64.52199360     77.32208905
   55     83.44633985     64.73485389     75.45018892
   56     80.37570228     64.34263863     76.96183664
   57     45.32142703     78.16328687     54.89797218
   58     44.19990687     77.27171424     53.39537672
   59     44.95370705     77.10452432     56.61698668
   60     44.70983294     80.15637041     55.02588975
   61     54.55716668     62.02295005     78.32078568
   62     53.66499107     61.54796105     80.20996927
   63     54.00973132     60.38827838     76.95167212
   64     56.63845870     61.92395800     78.92397509
   65     67.21287486     84.35352400     69.37773087
   66     68.10847348     82.86769653     70.56099710
   67     68.73337263     85.20616105     68.10430386
   68     65.39916045     83.19204903     67.44075139
   69     63.66040330     82.44783705     68.35572871
   70     66.35672887     81.59543456     66.48790747
   71     64.80885121     85.14985245     65.40045518
   72     66.57099236     86.26655398     65.36974993
   73     63.30743616     86.43004016     65.95796311
   74     64.10623055     55.27175285     62.68148959
   75     63.18822983     56.85155571     61.91604161
   76     62.51526881     53.78564799     63.01943102
   77     66.19663658     54.36062655     60.79257541
   78     65.94567892     81.18820581     60.74334593
   79     68.13421381     83.68500247     61.41982577
   80     65.89250134     55.30823995     58.12928031
   81     65.70682528     57.36668784     58.14359629
   82     64.03480284     54.60489883     57.47904041
   83     68.11019277     54.30994835     56.32518644
   84     69.78323906     54.49954308     57.34796680
   85     68.46093313     55.59762566     54.72476391
   86     67.62045203     51.58626861     55.19367872
   87     69.32898992     51.44503864     53.94995643
   88     65.74281348     51.86899131     54.18979932
   89     66.05900915     86.62381360     70.95469370
   90     67.63074733     87.83606790     71.74255850
   91     64.78970883     87.82934684     69.87558751
   92     65.10167301     85.83062702     72.60211484
   93     67.35569450     48.95121459     56.89136677
   94     68.66608282     48.83130491     58.60799609
   95     65.42193153     48.79049024     57.69952090
   96     67.53766690     47.34571252     55.62942885
   97     59.27975885     72.35795328     85.49691551
   98     60.52722631     73.83019896     86.11242479
   99     60.45099063     71.00508080     84.47480055
  100     58.09044424     70.91530656     87.87912599
  101     56.92325817     72.34380584     88.87224247
  102     59.75994678     70.54361070     88.86217148
  103     56.75723194     68.37323571     87.52561130
  104     58.19058275     67.07685039     86.36994617
  105     55.05979735     68.64278013     86.45048549
  106     55.54220601     67.31468340     60.88122011
  107     54.00804751     68.40617887     61.99249814
  108     56.88293838     66.85683233     62.37665039
  109     54.22152628     64.88669039     60.07658644
  110     55.38584039     63.94487561     58.41966684
  111     52.41289461     65.40626096     58.97171427
  112     53.68320227     63.01086143     62.34558819
  113     51.83427455     63.31425844     63.03741674
  114     55.07442556     63.59977560     63.79954320
  115     54.13553495     60.16001820     62.11185393
  116     52.89764733     59.22153514     60.61566417
  117     53.60536016     59.18313877     63.80677016
  118     56.94294972     59.62349305     61.40614230
  119     58.36257739     60.78178136     62.37996313
  120     57.09261821     59.91739325     59.23470227
  121     57.29427152     73.49070691     83.65162544
  122     58.11777129     73.96684838     81.73896645
  123     55.78538701     72.18356587     83.11194902
  124     56.29538900     75.19755787     84.11113011
  125     57.41397955     56.71832374     61.68836161
  126     55.91066540     55.52743341     61.06224344
  127     59.12152873     56.03364251     60.53530908
  128     57.99244873     56.37405277     63.71941872
  129     63.96823402     64.94728394     58.70125732
  130     64.84470417     63.52849783     57.38309463
  131     61.79312104     64.92712549     58.48896516
  132     64.54807736     63.86947175     61.30468728
  133     66.78680277     63.64621474     61.35110269
  134     63.86716397     61.93467297     61.30710406
  135     63.70468025     65.46119416     63.63613414
  136     61.89847170     66.50416469     63.06235032
  137     65.08167953     66.95585860     64.04046236
  138     63.45325850     63.84514049     65.97558123
  139     65.41908068     63.13778172     66.45725264
  140     62.48970969     62.00595578     65.59765669
  141     62.29569689     65.35298715     68.22061084
  142     60.67680041     66.43906621     67.44020106
  143     63.82356434     66.61875499     68.79933324
  144     61.73357916     63.86551890     70.80224729
  145     61.30090485     65.23442277     72.37312412
  146     63.65324778     63.12550067     71.44100895
  147     59.69852978     61.82638309     70.24626193
  148     60.15415559     60.58707307     68.57698778
  149     57.96382233     62.70650242     69.44587788
  150     58.84508487     60.25943743     72.62060912
  151     57.74062245     61.73139372     73.83244729
  152     60.63453829     59.55307899     73.55651481
  153     64.64508531     67.69199879     58.10230245
  154     66.84449319     38.80494148     58.13830643
  155     64.16844513     68.06965055     56.18117102
  156     63.47541524     68.96045439     59.50580593
  157     56.89895851     58.02953605     72.19663740
  158     57.52203842     56.54602069     70.78716025
  159     56.84779947     57.03390530     74.02828037
  160     55.00967180     58.74382798     71.64372285
  161     75.88960671     56.46463187     57.40870986
  162     74.62148716     54.90115843     56.38100033
  163     74.82424260     58.15635878     57.31872006
  164     76.56913211     55.75428205     60.14164381
  165     77.17666570     57.50462891     61.10421575
  166     78.19367917     54.42708394     60.54471207
  167     74.27673931     54.93784995     61.76457924
  168     72.91130884     56.48862418     61.61873951
  169     75.15102221     55.09083596     63.73666431
  170     72.53505283     52.48078945     61.61960332
  171     71.72498807     52.55342795     59.71546640
  172     71.19002629     52.62460640     63.17041664
  173     74.25509420     79.16303555     61.87914439
  174     75.71159558     79.62079424     63.27264703
  175     75.47297109     50.34736032     60.20633415
  176     73.30789631     76.65192638     62.19300564
  177     72.41226246     75.83607925     60.51839839
  178     71.83536812     76.55425559     63.63613363
  179     75.60975100     75.00717997     63.03226589
  180     75.26333958     74.60806155     65.04723124
  181     77.40810375     76.26809956     62.87662593
  182     76.05148426     72.43016986     61.65151911
  183     75.84044230     72.90360710     59.70729281
  184     74.63037676     71.03388675     62.25622798
  185     78.19058766     56.82816614     55.80051573
  186     78.34830915     58.75268970     55.13795117
  187     79.77908838     56.69958268     57.09529413
  188     78.36801369     55.39684079     83.34675014
  189     78.62462799     71.09778067     62.32092613
  190     79.03525033     71.00319913     64.30726583
  191     78.78922664     69.19037944     61.41454783
  192     80.26500378     72.01393321     61.21367407
  193     60.07002508     40.79164217     74.55179678
  194     60.39888608     38.82852501     74.05614722
  195     58.19516267     69.77847068     75.40411413
  196     61.88381691     41.59788927     76.61286698
  197     61.17107282     40.59157278     78.29592823
  198     61.78751725     72.61954862     76.87825970
  199     64.52738470     40.81780637     75.98116520
  200     64.84927978     40.62301485     73.94311012
  201     64.99312768     39.00000668     76.55794832
  202     66.68990920     42.56458186     77.08233139
  203     68.32352951     41.39809122     77.31735422
  204     65.94284482     43.32607145     78.85213120
  205     67.47491250     44.71912382     75.24821662
  206     65.80384449     45.84505348     74.63975194
  207     68.36602324     43.80580178     73.61291418
  208     69.35645394     46.51746353     76.47661145
  209     71.12017718     45.53302539     76.83079603
  210     68.85404447     47.00707924     78.47983722
  211     69.98862968     77.79630314     74.79480298
  212     68.26952971     78.76951184     74.74767362
  213     70.42725589     77.12267873     72.87149713
  214     72.15800012     79.61596855     75.59208535
  215     71.89155701     80.37798721     77.52885863
  216     71.99176747     81.14519963     74.25886526
  217     59.99949406     42.45169297     72.13897327
  218     58.36812496     41.64148113     41.77182610
  219     59.32959718     44.35387216     43.52417242
  220     61.86876147     42.35598207     71.30898401
  221     74.74916819     78.40076256     75.58130913
  222     75.56544810     78.19316922     77.50758898
  223     74.81873154     76.64625768     74.54848375
  224     75.95080888     79.79478390     74.66512363
  225     68.94537627     70.78108188     63.47559714
  226     70.65474545     70.66050349     62.27645646
  227     68.14256715     68.86199689     63.58162605
  228     67.03250915     43.58861286     61.93042199
  229     66.61358922     42.72331396     60.15192940
  230     67.68544468     45.50452484     61.87874586
  231     64.39436688     72.56930022     63.16807746
  232     63.70981185     71.10834734     64.44394109
  233     62.86582464     72.41385500     61.72354738
  234     63.85053692     75.01375322     64.69263845
  235     65.02338140     76.65250615     63.92793128
  236     64.75583143     74.77263008     66.60883735
  237     61.20727924     76.02594651     65.05709395
  238     61.54083918     77.66545823     66.48377837
  239     60.12072542     45.78702692     66.36475701
  240     59.55745620     76.59957328     62.86382108
  241     58.88927483     45.87077667     61.88229282
  242     60.51278382     49.15572653     61.42456033
  243     57.13312393     78.01015896     64.01551951
  244     57.48384749     80.14018672     63.62601763
  245     57.55283097     78.07962877     66.04585502
  246     54.66136456     76.67508688     63.09384688
  247     52.99386406     77.62706951     64.09624521
  248     54.86634589     74.67190379     63.57270449
  249     69.74176204     42.68430970     66.27555446
  250     71.15095865     41.48747943     66.92779562
  251     70.28049385     44.62424366     66.48324911
  252     68.03653439     42.17323436     67.40949348
  253     54.22353644     76.92448299     60.17030748
  254     55.89584590     76.16457106     59.17506881
  255     52.57381012     75.87760412     59.50139783
  256     54.40137873     78.88575234     88.42871347
  257     81.43175646     79.66113872     75.95806086
  258     83.30225910     80.60435711     74.95083361
  259     79.83298310     80.55374834     74.93920622
  260     81.36382769     76.87896818     76.04298152
  261     79.99845571     76.06538968     77.33977847
  262     83.28406445     76.33329971     76.89083180
  263     81.01401465     75.83687374     73.30466855
  264     82.01213127     77.05417911     71.87973932
  265     79.07185675     76.07626903     72.71284843
  266     81.89946569     73.08774437     72.75090206
  267     80.97681130     71.70054100     74.06518947
  268     83.91291733     73.08481102     72.93499905
  269     81.06846067     72.39145218     70.10061548
  270     82.19216547     73.45310790     68.56423046
  271     79.10500913     72.89643524     69.51215419
  272     81.62899557     69.67555729     69.25999562
  273     83.33246775     68.93660474     70.32836563
  274     82.27215424     69.54891502     67.26823831
  275     79.48791537     67.76548680     69.79265793
  276     77.69683664     68.27824869     68.62720871
  277     78.98585248     67.47130247     71.79569234
  278     80.32346152     65.07126133     68.65788026
  279     82.04766359     64.41649354     69.70644036
  280     80.69672530     65.19951580     66.50841388
  281     81.27266180     80.99110590     78.54416958
  282     81.92636503     82.92073285     78.24316583
  283     79.31962075     80.95118291     79.36777420
  284     82.71069704     80.10981544     79.84029537
  285     78.20962187     63.03741397     68.79210909
  286     76.57289106     63.53372522     67.69339127
  287     79.14452860     61.20589406     68.23521174
  288     77.43502153     62.90843363     70.74492267
  289     60.19409933     50.97119149     73.46424002
  290     59.43597093     52.63475410     74.31474379
  291     61.78098660     51.66467045     72.26948745
  292     61.15045042     49.34120419     75.60319544
  293     62.97242861     48.28704734     75.21066501
  294     59.72150531     48.00871305     76.32364477
  295     61.96336884     50.97791611     77.86708157
  296     62.57540727     49.58396893     79.39458264
  297     60.20199758     51.93296430     49.64978365
  298     64.13083635     52.91815538     48.46444429
  299     64.84992689     53.04224777     75.45142888
  300     65.78200837     51.99001806     49.54721589
  301     63.67218162     55.49925203     49.86305031
  302     63.27401445     55.21200715     51.88014605
  303     61.95514380     56.40225860     78.19472916
  304     65.90105656     57.45595868     49.60602188
  305     66.29239618     57.71347080     47.62487088
  306     67.57848250     56.61332738     50.31114824
  307     65.55920298     59.98624171     50.95468267
  308     67.54768762     61.00993171     50.55996584
  309     65.21711301     59.42125355     52.87241634
  310     63.46277019     61.72810598     50.08825891
  311     61.61741349     60.65737375     50.23435524
  312     63.66480199     62.14661764     48.06000913
  313     58.31857146     49.67798941     71.78566340
  314     59.40051680     48.53030152     70.44991249
  315     57.35178966     48.34654153     72.96126272
  316     57.04065051     50.83214082     70.53078088
  317     63.34146650     64.25616721     51.56025416
  318     65.12265684     64.80246127     52.48003959
  319     62.48196012     65.89558352     50.53063191
  320     61.96193025     64.00627613     53.07328916
  321     74.26175100     68.34270437     45.86183478
  322     73.74396752     67.81339268     47.79118301
  323     76.08531394     67.29538777     45.65329469
  324     72.20946711     67.70315988     72.86590685
  325     72.60800436     68.54513024     70.90417156
  326     70.44627388     68.59380718     73.38997040
  327     71.82713986     64.83630145     72.87696778
  328     71.62012310     64.27052653     74.89585739
  329     73.65422146     63.94902078     72.05824723
  330     69.46419805     64.10672397     71.26367636
  331     68.10649183     65.60117060     70.88338724
  332     68.30507669     62.72761944     72.48067845
  333     70.03417600     62.53585844     68.81241352
  334     68.36135060     61.37234208     68.01185018
  335     71.43076265     61.01745804     69.07877071
  336     71.06292811     64.15821794     66.70530954
  337     72.80654227     65.18922818     67.36044344
  338     69.63803310     65.63633857     66.18520811
  339     71.51140873     62.61637794     64.27925925
  340     69.62060025     61.89415350     63.80941270
  341     72.70954158     60.84505021     64.61639623
  342     72.45927135     64.16386553     62.06702411
  343     73.08753380     66.15110916     62.72065858
  344     70.79726142     64.54063327     60.65823000
  345     74.94824515     71.20274791     45.93188711
  346     76.14056498     71.96422500     47.42116309
  347     76.07223375     71.64613631     44.06329959
  348     73.17403229     72.32458026     46.00414051
  349     74.55984044     63.30342374     60.45969924
  350     75.64892337     64.88521917     59.69826376
  351     75.95687625     62.05143442     61.51571968
  352     73.61233180     62.13092534     59.01969357
 
 Total charge:    -0.00000000

 Atomic gross charges (e)
 Atom           Charge
    1      -0.07524548
    2       0.03081917
    3       0.04781282
    4      -0.11039455
    5       0.04524928
    6       0.06687147
    7      -0.10214079
    8       0.04503488
    9       0.04892583
   10      -0.09993160
   11       0.04640634
   12       0.05441027
   13      -0.10023517
   14       0.04068630
   15       0.06098787
   16      -0.12462085
   17       0.07149713
   18       0.05932709
   19      -0.11733846
   20       0.06542017
   21       0.06947605
   22      -0.08927533
   23       0.03471671
   24       0.04802306
   25      -0.20757295
   26       0.06469365
   27       0.07781551
   28       0.06134067
   29      -0.21979940
   30       0.07867924
   31       0.06197166
   32       0.06487637
   33      -0.06716200
   34       0.05400055
   35       0.03167329
   36      -0.10682629
   37       0.05715747
   38       0.05073989
   39      -0.12276391
   40       0.05796398
   41       0.04389710
   42      -0.11230913
   43       0.05305238
   44       0.04818320
   45      -0.09319656
   46       0.05108701
   47       0.05931443
   48      -0.12141825
   49       0.05018934
   50       0.07270075
   51      -0.12809989
   52       0.06422930
   53       0.05954242
   54      -0.08089908
   55       0.05738619
   56       0.04336509
   57      -0.20070138
   58       0.06202170
   59       0.07279289
   60       0.06777610
   61      -0.17854045
   62       0.04710064
   63       0.05102399
   64       0.05608900
   65      -0.09823687
   66       0.05744154
   67       0.04237003
   68      -0.10150863
   69       0.05410851
   70       0.05498970
   71      -0.11820523
   72       0.05423335
   73       0.05822160
   74      -0.12068268
   75       0.06564167
   76       0.04412284
   77      -0.10003717
   78       0.04645382
   79       0.06162258
   80      -0.11183076
   81       0.05601668
   82       0.05356268
   83      -0.12897440
   84       0.07246069
   85       0.05604113
   86      -0.11048951
   87       0.05995086
   88       0.06331468
   89      -0.20909432
   90       0.05595693
   91       0.08064421
   92       0.06666778
   93      -0.20538257
   94       0.06493605
   95       0.06276118
   96       0.07247977
   97      -0.10472974
   98       0.06598245
   99       0.05758896
  100      -0.14078718
  101       0.06607861
  102       0.06884458
  103      -0.08620324
  104       0.04887215
  105       0.06474457
  106      -0.09603682
  107       0.05205084
  108       0.05238841
  109      -0.09504010
  110       0.03670248
  111       0.03529657
  112      -0.12217389
  113       0.07051345
  114       0.05443735
  115      -0.09834160
  116       0.04275656
  117       0.06468693
  118      -0.09524914
  119       0.07225170
  120       0.04136329
  121      -0.20850762
  122       0.04648303
  123       0.06224440
  124       0.07136083
  125      -0.20596303
  126       0.07894272
  127       0.04710242
  128       0.05607376
  129      -0.08956363
  130       0.05208982
  131       0.03621763
  132      -0.09942845
  133       0.02600569
  134       0.06199397
  135      -0.09754644
  136       0.04556503
  137       0.06164836
  138      -0.09989004
  139       0.04535690
  140       0.05149804
  141      -0.12578683
  142       0.06382430
  143       0.05473941
  144      -0.10422148
  145       0.06186791
  146       0.04784737
  147      -0.10516833
  148       0.05579527
  149       0.04906119
  150      -0.09717698
  151       0.04677836
  152       0.05799571
  153      -0.19383525
  154       0.05545604
  155       0.07084305
  156       0.06924540
  157      -0.19938480
  158       0.06038927
  159       0.06346964
  160       0.07081981
  161      -0.08318888
  162       0.02768013
  163       0.06745916
  164      -0.08909712
  165       0.04964473
  166       0.05607801
  167      -0.13408312
  168       0.04917965
  169       0.03804100
  170      -0.11630830
  171       0.07026277
  172       0.06940011
  173      -0.09851021
  174       0.05374595
  175       0.04978539
  176      -0.09605368
  177       0.05432261
  178       0.05237837
  179      -0.11660167
  180       0.05328066
  181       0.04727697
  182      -0.11090668
  183       0.07307649
  184       0.06047304
  185      -0.21999354
  186       0.06978614
  187       0.06210624
  188       0.07865410
  189      -0.20230822
  190       0.08361896
  191       0.05766827
  192       0.04607919
  193      -0.11288915
  194       0.06365443
  195       0.04821940
  196      -0.09294144
  197       0.05204269
  198       0.06328614
  199      -0.13101220
  200       0.05381123
  201       0.06581231
  202      -0.13318100
  203       0.06645794
  204       0.06419417
  205      -0.10377319
  206       0.05644380
  207       0.05721283
  208      -0.11477358
  209       0.05355648
  210       0.05035038
  211      -0.12686591
  212       0.06609747
  213       0.05589415
  214      -0.09878665
  215       0.05459408
  216       0.06113722
  217      -0.19549954
  218       0.03482571
  219       0.07300116
  220       0.07850657
  221      -0.20824753
  222       0.06368215
  223       0.07672489
  224       0.06082999
  225      -0.11642366
  226       0.05097254
  227       0.06318842
  228      -0.12096866
  229       0.07353480
  230       0.07986624
  231      -0.12116798
  232       0.06631715
  233       0.04044407
  234      -0.10300102
  235       0.03653094
  236       0.03937370
  237      -0.07335606
  238       0.03476518
  239       0.03810519
  240      -0.09462449
  241       0.06572944
  242       0.03419277
  243      -0.13563049
  244       0.04772112
  245       0.06303757
  246      -0.07763551
  247       0.04842873
  248       0.06652848
  249      -0.21900658
  250       0.07798389
  251       0.08238077
  252       0.06012023
  253      -0.21747120
  254       0.06085481
  255       0.07681607
  256       0.06866767
  257      -0.07258821
  258       0.02611038
  259       0.05015444
  260      -0.08687901
  261       0.06888217
  262       0.04142305
  263      -0.12646008
  264       0.05012420
  265       0.06044559
  266      -0.10105942
  267       0.05692170
  268       0.07283133
  269      -0.09694056
  270       0.03162621
  271       0.05736691
  272      -0.10163022
  273       0.04399229
  274       0.05469424
  275      -0.10964903
  276       0.04358732
  277       0.07121151
  278      -0.11164201
  279       0.05736181
  280       0.04751472
  281      -0.21162516
  282       0.06606999
  283       0.07014366
  284       0.05708866
  285      -0.20782764
  286       0.07635056
  287       0.06455044
  288       0.05677372
  289      -0.08847576
  290       0.06429979
  291       0.04849850
  292      -0.10567086
  293       0.05165637
  294       0.05936904
  295      -0.10361474
  296       0.04042825
  297       0.04616696
  298      -0.10019096
  299       0.06655077
  300       0.03562609
  301      -0.11873939
  302       0.05698250
  303       0.05923634
  304      -0.12940222
  305       0.05812209
  306       0.06172807
  307      -0.09423240
  308       0.03690852
  309       0.06972217
  310      -0.08428420
  311       0.04853482
  312       0.05236784
  313      -0.20889495
  314       0.05559865
  315       0.07512473
  316       0.06565539
  317      -0.20936155
  318       0.07202637
  319       0.06302904
  320       0.05784800
  321      -0.09615198
  322       0.05466613
  323       0.05066932
  324      -0.09862321
  325       0.05056405
  326       0.05932872
  327      -0.09775967
  328       0.06045228
  329       0.05197570
  330      -0.10639418
  331       0.06992244
  332       0.03439703
  333      -0.10451403
  334       0.04725815
  335       0.05500316
  336      -0.10057153
  337       0.05324054
  338       0.04949928
  339      -0.09910760
  340       0.05475064
  341       0.04703600
  342      -0.06952932
  343       0.03390854
  344       0.03026687
  345      -0.20869844
  346       0.07214505
  347       0.04409384
  348       0.06623727
  349      -0.19207287
  350       0.06903197
  351       0.05300915
  352       0.06519176
 
Nr. of electrons (up):    682.00000000
Atom populations (up)
 Atom       Population
    1       4.07524548
    2       0.96918083
    3       0.95218718
    4       4.11039455
    5       0.95475072
    6       0.93312853
    7       4.10214079
    8       0.95496512
    9       0.95107417
   10       4.09993160
   11       0.95359366
   12       0.94558973
   13       4.10023517
   14       0.95931370
   15       0.93901213
   16       4.12462085
   17       0.92850287
   18       0.94067291
   19       4.11733846
   20       0.93457983
   21       0.93052395
   22       4.08927533
   23       0.96528329
   24       0.95197694
   25       4.20757295
   26       0.93530635
   27       0.92218449
   28       0.93865933
   29       4.21979940
   30       0.92132076
   31       0.93802834
   32       0.93512363
   33       4.06716200
   34       0.94599945
   35       0.96832671
   36       4.10682629
   37       0.94284253
   38       0.94926011
   39       4.12276391
   40       0.94203602
   41       0.95610290
   42       4.11230913
   43       0.94694762
   44       0.95181680
   45       4.09319656
   46       0.94891299
   47       0.94068557
   48       4.12141825
   49       0.94981066
   50       0.92729925
   51       4.12809989
   52       0.93577070
   53       0.94045758
   54       4.08089908
   55       0.94261381
   56       0.95663491
   57       4.20070138
   58       0.93797830
   59       0.92720711
   60       0.93222390
   61       4.17854045
   62       0.95289936
   63       0.94897601
   64       0.94391100
   65       4.09823687
   66       0.94255846
   67       0.95762997
   68       4.10150863
   69       0.94589149
   70       0.94501030
   71       4.11820523
   72       0.94576665
   73       0.94177840
   74       4.12068268
   75       0.93435833
   76       0.95587716
   77       4.10003717
   78       0.95354618
   79       0.93837742
   80       4.11183076
   81       0.94398332
   82       0.94643732
   83       4.12897440
   84       0.92753931
   85       0.94395887
   86       4.11048951
   87       0.94004914
   88       0.93668532
   89       4.20909432
   90       0.94404307
   91       0.91935579
   92       0.93333222
   93       4.20538257
   94       0.93506395
   95       0.93723882
   96       0.92752023
   97       4.10472974
   98       0.93401755
   99       0.94241104
  100       4.14078718
  101       0.93392139
  102       0.93115542
  103       4.08620324
  104       0.95112785
  105       0.93525543
  106       4.09603682
  107       0.94794916
  108       0.94761159
  109       4.09504010
  110       0.96329752
  111       0.96470343
  112       4.12217389
  113       0.92948655
  114       0.94556265
  115       4.09834160
  116       0.95724344
  117       0.93531307
  118       4.09524914
  119       0.92774830
  120       0.95863671
  121       4.20850762
  122       0.95351697
  123       0.93775560
  124       0.92863917
  125       4.20596303
  126       0.92105728
  127       0.95289758
  128       0.94392624
  129       4.08956363
  130       0.94791018
  131       0.96378237
  132       4.09942845
  133       0.97399431
  134       0.93800603
  135       4.09754644
  136       0.95443497
  137       0.93835164
  138       4.09989004
  139       0.95464310
  140       0.94850196
  141       4.12578683
  142       0.93617570
  143       0.94526059
  144       4.10422148
  145       0.93813209
  146       0.95215263
  147       4.10516833
  148       0.94420473
  149       0.95093881
  150       4.09717698
  151       0.95322164
  152       0.94200429
  153       4.19383525
  154       0.94454396
  155       0.92915695
  156       0.93075460
  157       4.19938480
  158       0.93961073
  159       0.93653036
  160       0.92918019
  161       4.08318888
  162       0.97231987
  163       0.93254084
  164       4.08909712
  165       0.95035527
  166       0.94392199
  167       4.13408312
  168       0.95082035
  169       0.96195900
  170       4.11630830
  171       0.92973723
  172       0.93059989
  173       4.09851021
  174       0.94625405
  175       0.95021461
  176       4.09605368
  177       0.94567739
  178       0.94762163
  179       4.11660167
  180       0.94671934
  181       0.95272303
  182       4.11090668
  183       0.92692351
  184       0.93952696
  185       4.21999354
  186       0.93021386
  187       0.93789376
  188       0.92134590
  189       4.20230822
  190       0.91638104
  191       0.94233173
  192       0.95392081
  193       4.11288915
  194       0.93634557
  195       0.95178060
  196       4.09294144
  197       0.94795731
  198       0.93671386
  199       4.13101220
  200       0.94618877
  201       0.93418769
  202       4.13318100
  203       0.93354206
  204       0.93580583
  205       4.10377319
  206       0.94355620
  207       0.94278717
  208       4.11477358
  209       0.94644352
  210       0.94964962
  211       4.12686591
  212       0.93390253
  213       0.94410585
  214       4.09878665
  215       0.94540592
  216       0.93886278
  217       4.19549954
  218       0.96517429
  219       0.92699884
  220       0.92149343
  221       4.20824753
  222       0.93631785
  223       0.92327511
  224       0.93917001
  225       4.11642366
  226       0.94902746
  227       0.93681158
  228       4.12096866
  229       0.92646520
  230       0.92013376
  231       4.12116798
  232       0.93368285
  233       0.95955593
  234       4.10300102
  235       0.96346906
  236       0.96062630
  237       4.07335606
  238       0.96523482
  239       0.96189481
  240       4.09462449
  241       0.93427056
  242       0.96580723
  243       4.13563049
  244       0.95227888
  245       0.93696243
  246       4.07763551
  247       0.95157127
  248       0.93347152
  249       4.21900658
  250       0.92201611
  251       0.91761923
  252       0.93987977
  253       4.21747120
  254       0.93914519
  255       0.92318393
  256       0.93133233
  257       4.07258821
  258       0.97388962
  259       0.94984556
  260       4.08687901
  261       0.93111783
  262       0.95857695
  263       4.12646008
  264       0.94987580
  265       0.93955441
  266       4.10105942
  267       0.94307830
  268       0.92716867
  269       4.09694056
  270       0.96837379
  271       0.94263309
  272       4.10163022
  273       0.95600771
  274       0.94530576
  275       4.10964903
  276       0.95641268
  277       0.92878849
  278       4.11164201
  279       0.94263819
  280       0.95248528
  281       4.21162516
  282       0.93393001
  283       0.92985634
  284       0.94291134
  285       4.20782764
  286       0.92364944
  287       0.93544956
  288       0.94322628
  289       4.08847576
  290       0.93570021
  291       0.95150150
  292       4.10567086
  293       0.94834363
  294       0.94063096
  295       4.10361474
  296       0.95957175
  297       0.95383304
  298       4.10019096
  299       0.93344923
  300       0.96437391
  301       4.11873939
  302       0.94301750
  303       0.94076366
  304       4.12940222
  305       0.94187791
  306       0.93827193
  307       4.09423240
  308       0.96309148
  309       0.93027783
  310       4.08428420
  311       0.95146518
  312       0.94763216
  313       4.20889495
  314       0.94440135
  315       0.92487527
  316       0.93434461
  317       4.20936155
  318       0.92797363
  319       0.93697096
  320       0.94215200
  321       4.09615198
  322       0.94533387
  323       0.94933068
  324       4.09862321
  325       0.94943595
  326       0.94067128
  327       4.09775967
  328       0.93954772
  329       0.94802430
  330       4.10639418
  331       0.93007756
  332       0.96560297
  333       4.10451403
  334       0.95274185
  335       0.94499684
  336       4.10057153
  337       0.94675946
  338       0.95050072
  339       4.09910760
  340       0.94524936
  341       0.95296400
  342       4.06952932
  343       0.96609146
  344       0.96973313
  345       4.20869844
  346       0.92785495
  347       0.95590616
  348       0.93376273
  349       4.19207287
  350       0.93096803
  351       0.94699085
  352       0.93480824
 
l-shell populations (up)
 Atom Sh.   l       Population
    1   1   0       1.24912654
    1   2   1       2.82611894
    2   1   0       0.96918083
    3   1   0       0.95218718
    4   1   0       1.23519942
    4   2   1       2.87519512
    5   1   0       0.95475072
    6   1   0       0.93312853
    7   1   0       1.25174266
    7   2   1       2.85039814
    8   1   0       0.95496512
    9   1   0       0.95107417
   10   1   0       1.23428021
   10   2   1       2.86565138
   11   1   0       0.95359366
   12   1   0       0.94558973
   13   1   0       1.23514053
   13   2   1       2.86509464
   14   1   0       0.95931370
   15   1   0       0.93901213
   16   1   0       1.24255037
   16   2   1       2.88207048
   17   1   0       0.92850287
   18   1   0       0.94067291
   19   1   0       1.22228591
   19   2   1       2.89505255
   20   1   0       0.93457983
   21   1   0       0.93052395
   22   1   0       1.24232698
   22   2   1       2.84694835
   23   1   0       0.96528329
   24   1   0       0.95197694
   25   1   0       1.26801884
   25   2   1       2.93955410
   26   1   0       0.93530635
   27   1   0       0.92218449
   28   1   0       0.93865933
   29   1   0       1.28502394
   29   2   1       2.93477546
   30   1   0       0.92132076
   31   1   0       0.93802834
   32   1   0       0.93512363
   33   1   0       1.22053935
   33   2   1       2.84662265
   34   1   0       0.94599945
   35   1   0       0.96832671
   36   1   0       1.23410763
   36   2   1       2.87271866
   37   1   0       0.94284253
   38   1   0       0.94926011
   39   1   0       1.25733536
   39   2   1       2.86542855
   40   1   0       0.94203602
   41   1   0       0.95610290
   42   1   0       1.22561882
   42   2   1       2.88669031
   43   1   0       0.94694762
   44   1   0       0.95181680
   45   1   0       1.22083521
   45   2   1       2.87236135
   46   1   0       0.94891299
   47   1   0       0.94068557
   48   1   0       1.24209482
   48   2   1       2.87932343
   49   1   0       0.94981066
   50   1   0       0.92729925
   51   1   0       1.25117283
   51   2   1       2.87692706
   52   1   0       0.93577070
   53   1   0       0.94045758
   54   1   0       1.24540372
   54   2   1       2.83549536
   55   1   0       0.94261381
   56   1   0       0.95663491
   57   1   0       1.25855259
   57   2   1       2.94214879
   58   1   0       0.93797830
   59   1   0       0.92720711
   60   1   0       0.93222390
   61   1   0       1.27567549
   61   2   1       2.90286496
   62   1   0       0.95289936
   63   1   0       0.94897601
   64   1   0       0.94391100
   65   1   0       1.24895055
   65   2   1       2.84928632
   66   1   0       0.94255846
   67   1   0       0.95762997
   68   1   0       1.23330359
   68   2   1       2.86820504
   69   1   0       0.94589149
   70   1   0       0.94501030
   71   1   0       1.23854303
   71   2   1       2.87966220
   72   1   0       0.94576665
   73   1   0       0.94177840
   74   1   0       1.24734197
   74   2   1       2.87334071
   75   1   0       0.93435833
   76   1   0       0.95587716
   77   1   0       1.23510674
   77   2   1       2.86493043
   78   1   0       0.95354618
   79   1   0       0.93837742
   80   1   0       1.24023927
   80   2   1       2.87159149
   81   1   0       0.94398332
   82   1   0       0.94643732
   83   1   0       1.25053422
   83   2   1       2.87844018
   84   1   0       0.92753931
   85   1   0       0.94395887
   86   1   0       1.27220419
   86   2   1       2.83828532
   87   1   0       0.94004914
   88   1   0       0.93668532
   89   1   0       1.27623878
   89   2   1       2.93285554
   90   1   0       0.94404307
   91   1   0       0.91935579
   92   1   0       0.93333222
   93   1   0       1.29366565
   93   2   1       2.91171692
   94   1   0       0.93506395
   95   1   0       0.93723882
   96   1   0       0.92752023
   97   1   0       1.24225591
   97   2   1       2.86247383
   98   1   0       0.93401755
   99   1   0       0.94241104
  100   1   0       1.24115974
  100   2   1       2.89962744
  101   1   0       0.93392139
  102   1   0       0.93115542
  103   1   0       1.22794998
  103   2   1       2.85825325
  104   1   0       0.95112785
  105   1   0       0.93525543
  106   1   0       1.22841965
  106   2   1       2.86761718
  107   1   0       0.94794916
  108   1   0       0.94761159
  109   1   0       1.25988275
  109   2   1       2.83515735
  110   1   0       0.96329752
  111   1   0       0.96470343
  112   1   0       1.23735594
  112   2   1       2.88481795
  113   1   0       0.92948655
  114   1   0       0.94556265
  115   1   0       1.23809218
  115   2   1       2.86024942
  116   1   0       0.95724344
  117   1   0       0.93531307
  118   1   0       1.24962558
  118   2   1       2.84562356
  119   1   0       0.92774830
  120   1   0       0.95863671
  121   1   0       1.26612976
  121   2   1       2.94237786
  122   1   0       0.95351697
  123   1   0       0.93775560
  124   1   0       0.92863917
  125   1   0       1.27720878
  125   2   1       2.92875425
  126   1   0       0.92105728
  127   1   0       0.95289758
  128   1   0       0.94392624
  129   1   0       1.23732402
  129   2   1       2.85223961
  130   1   0       0.94791018
  131   1   0       0.96378237
  132   1   0       1.24546346
  132   2   1       2.85396499
  133   1   0       0.97399431
  134   1   0       0.93800603
  135   1   0       1.23697023
  135   2   1       2.86057621
  136   1   0       0.95443497
  137   1   0       0.93835164
  138   1   0       1.23815853
  138   2   1       2.86173150
  139   1   0       0.95464310
  140   1   0       0.94850196
  141   1   0       1.25299075
  141   2   1       2.87279608
  142   1   0       0.93617570
  143   1   0       0.94526059
  144   1   0       1.25824685
  144   2   1       2.84597464
  145   1   0       0.93813209
  146   1   0       0.95215263
  147   1   0       1.24604533
  147   2   1       2.85912300
  148   1   0       0.94420473
  149   1   0       0.95093881
  150   1   0       1.26047259
  150   2   1       2.83670439
  151   1   0       0.95322164
  152   1   0       0.94200429
  153   1   0       1.27798627
  153   2   1       2.91584898
  154   1   0       0.94454396
  155   1   0       0.92915695
  156   1   0       0.93075460
  157   1   0       1.27886265
  157   2   1       2.92052215
  158   1   0       0.93961073
  159   1   0       0.93653036
  160   1   0       0.92918019
  161   1   0       1.22847579
  161   2   1       2.85471309
  162   1   0       0.97231987
  163   1   0       0.93254084
  164   1   0       1.24050489
  164   2   1       2.84859223
  165   1   0       0.95035527
  166   1   0       0.94392199
  167   1   0       1.25616756
  167   2   1       2.87791556
  168   1   0       0.95082035
  169   1   0       0.96195900
  170   1   0       1.24289284
  170   2   1       2.87341546
  171   1   0       0.92973723
  172   1   0       0.93059989
  173   1   0       1.20606176
  173   2   1       2.89244845
  174   1   0       0.94625405
  175   1   0       0.95021461
  176   1   0       1.21315802
  176   2   1       2.88289566
  177   1   0       0.94567739
  178   1   0       0.94762163
  179   1   0       1.25779347
  179   2   1       2.85880821
  180   1   0       0.94671934
  181   1   0       0.95272303
  182   1   0       1.23903960
  182   2   1       2.87186709
  183   1   0       0.92692351
  184   1   0       0.93952696
  185   1   0       1.25286718
  185   2   1       2.96712636
  186   1   0       0.93021386
  187   1   0       0.93789376
  188   1   0       0.92134590
  189   1   0       1.27763165
  189   2   1       2.92467657
  190   1   0       0.91638104
  191   1   0       0.94233173
  192   1   0       0.95392081
  193   1   0       1.22939331
  193   2   1       2.88349584
  194   1   0       0.93634557
  195   1   0       0.95178060
  196   1   0       1.22057074
  196   2   1       2.87237070
  197   1   0       0.94795731
  198   1   0       0.93671386
  199   1   0       1.22739292
  199   2   1       2.90361929
  200   1   0       0.94618877
  201   1   0       0.93418769
  202   1   0       1.24533667
  202   2   1       2.88784434
  203   1   0       0.93354206
  204   1   0       0.93580583
  205   1   0       1.23611415
  205   2   1       2.86765903
  206   1   0       0.94355620
  207   1   0       0.94278717
  208   1   0       1.23467487
  208   2   1       2.88009870
  209   1   0       0.94644352
  210   1   0       0.94964962
  211   1   0       1.23503548
  211   2   1       2.89183043
  212   1   0       0.93390253
  213   1   0       0.94410585
  214   1   0       1.22867318
  214   2   1       2.87011347
  215   1   0       0.94540592
  216   1   0       0.93886278
  217   1   0       1.27691049
  217   2   1       2.91858904
  218   1   0       0.96517429
  219   1   0       0.92699884
  220   1   0       0.92149343
  221   1   0       1.25889978
  221   2   1       2.94934774
  222   1   0       0.93631785
  223   1   0       0.92327511
  224   1   0       0.93917001
  225   1   0       1.26134139
  225   2   1       2.85508227
  226   1   0       0.94902746
  227   1   0       0.93681158
  228   1   0       1.24260146
  228   2   1       2.87836721
  229   1   0       0.92646520
  230   1   0       0.92013376
  231   1   0       1.23871780
  231   2   1       2.88245018
  232   1   0       0.93368285
  233   1   0       0.95955593
  234   1   0       1.24112047
  234   2   1       2.86188055
  235   1   0       0.96346906
  236   1   0       0.96062630
  237   1   0       1.22505932
  237   2   1       2.84829674
  238   1   0       0.96523482
  239   1   0       0.96189481
  240   1   0       1.25568697
  240   2   1       2.83893752
  241   1   0       0.93427056
  242   1   0       0.96580723
  243   1   0       1.26577384
  243   2   1       2.86985665
  244   1   0       0.95227888
  245   1   0       0.93696243
  246   1   0       1.24535493
  246   2   1       2.83228058
  247   1   0       0.95157127
  248   1   0       0.93347152
  249   1   0       1.26891561
  249   2   1       2.95009097
  250   1   0       0.92201611
  251   1   0       0.91761923
  252   1   0       0.93987977
  253   1   0       1.27300607
  253   2   1       2.94446513
  254   1   0       0.93914519
  255   1   0       0.92318393
  256   1   0       0.93133233
  257   1   0       1.23436995
  257   2   1       2.83821825
  258   1   0       0.97388962
  259   1   0       0.94984556
  260   1   0       1.22595341
  260   2   1       2.86092560
  261   1   0       0.93111783
  262   1   0       0.95857695
  263   1   0       1.24671131
  263   2   1       2.87974877
  264   1   0       0.94987580
  265   1   0       0.93955441
  266   1   0       1.23148053
  266   2   1       2.86957890
  267   1   0       0.94307830
  268   1   0       0.92716867
  269   1   0       1.23584863
  269   2   1       2.86109194
  270   1   0       0.96837379
  271   1   0       0.94263309
  272   1   0       1.24053997
  272   2   1       2.86109025
  273   1   0       0.95600771
  274   1   0       0.94530576
  275   1   0       1.25957387
  275   2   1       2.85007515
  276   1   0       0.95641268
  277   1   0       0.92878849
  278   1   0       1.26336844
  278   2   1       2.84827357
  279   1   0       0.94263819
  280   1   0       0.95248528
  281   1   0       1.27461166
  281   2   1       2.93701350
  282   1   0       0.93393001
  283   1   0       0.92985634
  284   1   0       0.94291134
  285   1   0       1.27194607
  285   2   1       2.93588156
  286   1   0       0.92364944
  287   1   0       0.93544956
  288   1   0       0.94322628
  289   1   0       1.21312245
  289   2   1       2.87535331
  290   1   0       0.93570021
  291   1   0       0.95150150
  292   1   0       1.23608782
  292   2   1       2.86958304
  293   1   0       0.94834363
  294   1   0       0.94063096
  295   1   0       1.25027872
  295   2   1       2.85333603
  296   1   0       0.95957175
  297   1   0       0.95383304
  298   1   0       1.25149832
  298   2   1       2.84869264
  299   1   0       0.93344923
  300   1   0       0.96437391
  301   1   0       1.24505354
  301   2   1       2.87368586
  302   1   0       0.94301750
  303   1   0       0.94076366
  304   1   0       1.23372139
  304   2   1       2.89568084
  305   1   0       0.94187791
  306   1   0       0.93827193
  307   1   0       1.23530240
  307   2   1       2.85892999
  308   1   0       0.96309148
  309   1   0       0.93027783
  310   1   0       1.22948298
  310   2   1       2.85480122
  311   1   0       0.95146518
  312   1   0       0.94763216
  313   1   0       1.25794284
  313   2   1       2.95095212
  314   1   0       0.94440135
  315   1   0       0.92487527
  316   1   0       0.93434461
  317   1   0       1.26922070
  317   2   1       2.94014085
  318   1   0       0.92797363
  319   1   0       0.93697096
  320   1   0       0.94215200
  321   1   0       1.23589476
  321   2   1       2.86025722
  322   1   0       0.94533387
  323   1   0       0.94933068
  324   1   0       1.23672022
  324   2   1       2.86190299
  325   1   0       0.94943595
  326   1   0       0.94067128
  327   1   0       1.24906426
  327   2   1       2.84869542
  328   1   0       0.93954772
  329   1   0       0.94802430
  330   1   0       1.24881287
  330   2   1       2.85758131
  331   1   0       0.93007756
  332   1   0       0.96560297
  333   1   0       1.24342543
  333   2   1       2.86108861
  334   1   0       0.95274185
  335   1   0       0.94499684
  336   1   0       1.23661321
  336   2   1       2.86395832
  337   1   0       0.94675946
  338   1   0       0.95050072
  339   1   0       1.23523500
  339   2   1       2.86387260
  340   1   0       0.94524936
  341   1   0       0.95296400
  342   1   0       1.22591001
  342   2   1       2.84361931
  343   1   0       0.96609146
  344   1   0       0.96973313
  345   1   0       1.27951977
  345   2   1       2.92917867
  346   1   0       0.92785495
  347   1   0       0.95590616
  348   1   0       0.93376273
  349   1   0       1.25734271
  349   2   1       2.93473016
  350   1   0       0.93096803
  351   1   0       0.94699085
  352   1   0       0.93480824
 
Orbital populations (up)
 Atom Sh.   l   m       Population  Label
    1   1   0   0       1.24912654  s
    1   2   1  -1       0.93638558  p_y
    1   2   1   0       0.92205343  p_z
    1   2   1   1       0.96767993  p_x
    2   1   0   0       0.96918083  s
    3   1   0   0       0.95218718  s
    4   1   0   0       1.23519942  s
    4   2   1  -1       0.95871501  p_y
    4   2   1   0       0.93728950  p_z
    4   2   1   1       0.97919061  p_x
    5   1   0   0       0.95475072  s
    6   1   0   0       0.93312853  s
    7   1   0   0       1.25174266  s
    7   2   1  -1       0.94538807  p_y
    7   2   1   0       0.91644896  p_z
    7   2   1   1       0.98856110  p_x
    8   1   0   0       0.95496512  s
    9   1   0   0       0.95107417  s
   10   1   0   0       1.23428021  s
   10   2   1  -1       0.97414396  p_y
   10   2   1   0       0.91449884  p_z
   10   2   1   1       0.97700858  p_x
   11   1   0   0       0.95359366  s
   12   1   0   0       0.94558973  s
   13   1   0   0       1.23514053  s
   13   2   1  -1       0.96359991  p_y
   13   2   1   0       0.92687187  p_z
   13   2   1   1       0.97462286  p_x
   14   1   0   0       0.95931370  s
   15   1   0   0       0.93901213  s
   16   1   0   0       1.24255037  s
   16   2   1  -1       0.96321808  p_y
   16   2   1   0       0.93507614  p_z
   16   2   1   1       0.98377626  p_x
   17   1   0   0       0.92850287  s
   18   1   0   0       0.94067291  s
   19   1   0   0       1.22228591  s
   19   2   1  -1       0.98321042  p_y
   19   2   1   0       0.96282439  p_z
   19   2   1   1       0.94901774  p_x
   20   1   0   0       0.93457983  s
   21   1   0   0       0.93052395  s
   22   1   0   0       1.24232698  s
   22   2   1  -1       0.94352614  p_y
   22   2   1   0       0.98859072  p_z
   22   2   1   1       0.91483150  p_x
   23   1   0   0       0.96528329  s
   24   1   0   0       0.95197694  s
   25   1   0   0       1.26801884  s
   25   2   1  -1       0.96567560  p_y
   25   2   1   0       0.98103412  p_z
   25   2   1   1       0.99284439  p_x
   26   1   0   0       0.93530635  s
   27   1   0   0       0.92218449  s
   28   1   0   0       0.93865933  s
   29   1   0   0       1.28502394  s
   29   2   1  -1       0.95942530  p_y
   29   2   1   0       0.98921308  p_z
   29   2   1   1       0.98613708  p_x
   30   1   0   0       0.92132076  s
   31   1   0   0       0.93802834  s
   32   1   0   0       0.93512363  s
   33   1   0   0       1.22053935  s
   33   2   1  -1       0.95215228  p_y
   33   2   1   0       0.95142808  p_z
   33   2   1   1       0.94304229  p_x
   34   1   0   0       0.94599945  s
   35   1   0   0       0.96832671  s
   36   1   0   0       1.23410763  s
   36   2   1  -1       0.91918548  p_y
   36   2   1   0       0.98216463  p_z
   36   2   1   1       0.97136855  p_x
   37   1   0   0       0.94284253  s
   38   1   0   0       0.94926011  s
   39   1   0   0       1.25733536  s
   39   2   1  -1       0.93475054  p_y
   39   2   1   0       0.97209360  p_z
   39   2   1   1       0.95858440  p_x
   40   1   0   0       0.94203602  s
   41   1   0   0       0.95610290  s
   42   1   0   0       1.22561882  s
   42   2   1  -1       0.95016124  p_y
   42   2   1   0       0.95767894  p_z
   42   2   1   1       0.97885013  p_x
   43   1   0   0       0.94694762  s
   44   1   0   0       0.95181680  s
   45   1   0   0       1.22083521  s
   45   2   1  -1       0.95704464  p_y
   45   2   1   0       0.95072698  p_z
   45   2   1   1       0.96458973  p_x
   46   1   0   0       0.94891299  s
   47   1   0   0       0.94068557  s
   48   1   0   0       1.24209482  s
   48   2   1  -1       0.96458523  p_y
   48   2   1   0       0.96096908  p_z
   48   2   1   1       0.95376911  p_x
   49   1   0   0       0.94981066  s
   50   1   0   0       0.92729925  s
   51   1   0   0       1.25117283  s
   51   2   1  -1       0.96448034  p_y
   51   2   1   0       0.95740542  p_z
   51   2   1   1       0.95504130  p_x
   52   1   0   0       0.93577070  s
   53   1   0   0       0.94045758  s
   54   1   0   0       1.24540372  s
   54   2   1  -1       0.92965106  p_y
   54   2   1   0       0.95755714  p_z
   54   2   1   1       0.94828716  p_x
   55   1   0   0       0.94261381  s
   56   1   0   0       0.95663491  s
   57   1   0   0       1.25855259  s
   57   2   1  -1       0.97821908  p_y
   57   2   1   0       0.99775267  p_z
   57   2   1   1       0.96617705  p_x
   58   1   0   0       0.93797830  s
   59   1   0   0       0.92720711  s
   60   1   0   0       0.93222390  s
   61   1   0   0       1.27567549  s
   61   2   1  -1       0.95893606  p_y
   61   2   1   0       0.96699940  p_z
   61   2   1   1       0.97692950  p_x
   62   1   0   0       0.95289936  s
   63   1   0   0       0.94897601  s
   64   1   0   0       0.94391100  s
   65   1   0   0       1.24895055  s
   65   2   1  -1       0.93442867  p_y
   65   2   1   0       0.94388606  p_z
   65   2   1   1       0.97097159  p_x
   66   1   0   0       0.94255846  s
   67   1   0   0       0.95762997  s
   68   1   0   0       1.23330359  s
   68   2   1  -1       0.96624068  p_y
   68   2   1   0       0.94291482  p_z
   68   2   1   1       0.95904954  p_x
   69   1   0   0       0.94589149  s
   70   1   0   0       0.94501030  s
   71   1   0   0       1.23854303  s
   71   2   1  -1       0.97847279  p_y
   71   2   1   0       0.92608604  p_z
   71   2   1   1       0.97510338  p_x
   72   1   0   0       0.94576665  s
   73   1   0   0       0.94177840  s
   74   1   0   0       1.24734197  s
   74   2   1  -1       0.97649115  p_y
   74   2   1   0       0.92983446  p_z
   74   2   1   1       0.96701510  p_x
   75   1   0   0       0.93435833  s
   76   1   0   0       0.95587716  s
   77   1   0   0       1.23510674  s
   77   2   1  -1       0.98101290  p_y
   77   2   1   0       0.93290571  p_z
   77   2   1   1       0.95101182  p_x
   78   1   0   0       0.95354618  s
   79   1   0   0       0.93837742  s
   80   1   0   0       1.24023927  s
   80   2   1  -1       0.96719175  p_y
   80   2   1   0       0.94517820  p_z
   80   2   1   1       0.95922154  p_x
   81   1   0   0       0.94398332  s
   82   1   0   0       0.94643732  s
   83   1   0   0       1.25053422  s
   83   2   1  -1       0.94175688  p_y
   83   2   1   0       0.96107077  p_z
   83   2   1   1       0.97561252  p_x
   84   1   0   0       0.92753931  s
   85   1   0   0       0.94395887  s
   86   1   0   0       1.27220419  s
   86   2   1  -1       0.89260665  p_y
   86   2   1   0       0.99296427  p_z
   86   2   1   1       0.95271440  p_x
   87   1   0   0       0.94004914  s
   88   1   0   0       0.93668532  s
   89   1   0   0       1.27623878  s
   89   2   1  -1       0.96209416  p_y
   89   2   1   0       0.98297527  p_z
   89   2   1   1       0.98778611  p_x
   90   1   0   0       0.94404307  s
   91   1   0   0       0.91935579  s
   92   1   0   0       0.93333222  s
   93   1   0   0       1.29366565  s
   93   2   1  -1       0.95651290  p_y
   93   2   1   0       0.95824850  p_z
   93   2   1   1       0.99695552  p_x
   94   1   0   0       0.93506395  s
   95   1   0   0       0.93723882  s
   96   1   0   0       0.92752023  s
   97   1   0   0       1.24225591  s
   97   2   1  -1       0.96236734  p_y
   97   2   1   0       0.93986163  p_z
   97   2   1   1       0.96024486  p_x
   98   1   0   0       0.93401755  s
   99   1   0   0       0.94241104  s
  100   1   0   0       1.24115974  s
  100   2   1  -1       0.93379384  p_y
  100   2   1   0       0.99433743  p_z
  100   2   1   1       0.97149617  p_x
  101   1   0   0       0.93392139  s
  102   1   0   0       0.93115542  s
  103   1   0   0       1.22794998  s
  103   2   1  -1       0.94026244  p_y
  103   2   1   0       0.97685312  p_z
  103   2   1   1       0.94113770  p_x
  104   1   0   0       0.95112785  s
  105   1   0   0       0.93525543  s
  106   1   0   0       1.22841965  s
  106   2   1  -1       0.97168807  p_y
  106   2   1   0       0.93956456  p_z
  106   2   1   1       0.95636454  p_x
  107   1   0   0       0.94794916  s
  108   1   0   0       0.94761159  s
  109   1   0   0       1.25988275  s
  109   2   1  -1       0.93691400  p_y
  109   2   1   0       0.93197618  p_z
  109   2   1   1       0.96626717  p_x
  110   1   0   0       0.96329752  s
  111   1   0   0       0.96470343  s
  112   1   0   0       1.23735594  s
  112   2   1  -1       0.92811887  p_y
  112   2   1   0       0.97862376  p_z
  112   2   1   1       0.97807533  p_x
  113   1   0   0       0.92948655  s
  114   1   0   0       0.94556265  s
  115   1   0   0       1.23809218  s
  115   2   1  -1       0.93439318  p_y
  115   2   1   0       0.98131118  p_z
  115   2   1   1       0.94454506  p_x
  116   1   0   0       0.95724344  s
  117   1   0   0       0.93531307  s
  118   1   0   0       1.24962558  s
  118   2   1  -1       0.93605081  p_y
  118   2   1   0       0.96813989  p_z
  118   2   1   1       0.94143286  p_x
  119   1   0   0       0.92774830  s
  120   1   0   0       0.95863671  s
  121   1   0   0       1.26612976  s
  121   2   1  -1       0.99184117  p_y
  121   2   1   0       0.97427078  p_z
  121   2   1   1       0.97626591  p_x
  122   1   0   0       0.95351697  s
  123   1   0   0       0.93775560  s
  124   1   0   0       0.92863917  s
  125   1   0   0       1.27720878  s
  125   2   1  -1       0.95743551  p_y
  125   2   1   0       0.98114641  p_z
  125   2   1   1       0.99017233  p_x
  126   1   0   0       0.92105728  s
  127   1   0   0       0.95289758  s
  128   1   0   0       0.94392624  s
  129   1   0   0       1.23732402  s
  129   2   1  -1       0.92799201  p_y
  129   2   1   0       0.96075395  p_z
  129   2   1   1       0.96349364  p_x
  130   1   0   0       0.94791018  s
  131   1   0   0       0.96378237  s
  132   1   0   0       1.24546346  s
  132   2   1  -1       0.96776086  p_y
  132   2   1   0       0.92354573  p_z
  132   2   1   1       0.96265839  p_x
  133   1   0   0       0.97399431  s
  134   1   0   0       0.93800603  s
  135   1   0   0       1.23697023  s
  135   2   1  -1       0.96054120  p_y
  135   2   1   0       0.92531445  p_z
  135   2   1   1       0.97472056  p_x
  136   1   0   0       0.95443497  s
  137   1   0   0       0.93835164  s
  138   1   0   0       1.23815853  s
  138   2   1  -1       0.94774763  p_y
  138   2   1   0       0.93575337  p_z
  138   2   1   1       0.97823051  p_x
  139   1   0   0       0.95464310  s
  140   1   0   0       0.94850196  s
  141   1   0   0       1.25299075  s
  141   2   1  -1       0.99104586  p_y
  141   2   1   0       0.91475374  p_z
  141   2   1   1       0.96699648  p_x
  142   1   0   0       0.93617570  s
  143   1   0   0       0.94526059  s
  144   1   0   0       1.25824685  s
  144   2   1  -1       0.95508648  p_y
  144   2   1   0       0.93937362  p_z
  144   2   1   1       0.95151453  p_x
  145   1   0   0       0.93813209  s
  146   1   0   0       0.95215263  s
  147   1   0   0       1.24604533  s
  147   2   1  -1       0.95400201  p_y
  147   2   1   0       0.94541281  p_z
  147   2   1   1       0.95970818  p_x
  148   1   0   0       0.94420473  s
  149   1   0   0       0.95093881  s
  150   1   0   0       1.26047259  s
  150   2   1  -1       0.92966172  p_y
  150   2   1   0       0.97521704  p_z
  150   2   1   1       0.93182564  p_x
  151   1   0   0       0.95322164  s
  152   1   0   0       0.94200429  s
  153   1   0   0       1.27798627  s
  153   2   1  -1       0.97286791  p_y
  153   2   1   0       0.98190665  p_z
  153   2   1   1       0.96107443  p_x
  154   1   0   0       0.94454396  s
  155   1   0   0       0.92915695  s
  156   1   0   0       0.93075460  s
  157   1   0   0       1.27886265  s
  157   2   1  -1       0.96110765  p_y
  157   2   1   0       0.98681264  p_z
  157   2   1   1       0.97260186  p_x
  158   1   0   0       0.93961073  s
  159   1   0   0       0.93653036  s
  160   1   0   0       0.92918019  s
  161   1   0   0       1.22847579  s
  161   2   1  -1       0.96982640  p_y
  161   2   1   0       0.92469668  p_z
  161   2   1   1       0.96019000  p_x
  162   1   0   0       0.97231987  s
  163   1   0   0       0.93254084  s
  164   1   0   0       1.24050489  s
  164   2   1  -1       0.97331616  p_y
  164   2   1   0       0.92662438  p_z
  164   2   1   1       0.94865168  p_x
  165   1   0   0       0.95035527  s
  166   1   0   0       0.94392199  s
  167   1   0   0       1.25616756  s
  167   2   1  -1       0.96671354  p_y
  167   2   1   0       0.98140883  p_z
  167   2   1   1       0.92979319  p_x
  168   1   0   0       0.95082035  s
  169   1   0   0       0.96195900  s
  170   1   0   0       1.24289284  s
  170   2   1  -1       0.93797627  p_y
  170   2   1   0       0.96724246  p_z
  170   2   1   1       0.96819674  p_x
  171   1   0   0       0.92973723  s
  172   1   0   0       0.93059989  s
  173   1   0   0       1.20606176  s
  173   2   1  -1       0.91764614  p_y
  173   2   1   0       1.00556968  p_z
  173   2   1   1       0.96923263  p_x
  174   1   0   0       0.94625405  s
  175   1   0   0       0.95021461  s
  176   1   0   0       1.21315802  s
  176   2   1  -1       0.95345774  p_y
  176   2   1   0       0.97929888  p_z
  176   2   1   1       0.95013903  p_x
  177   1   0   0       0.94567739  s
  178   1   0   0       0.94762163  s
  179   1   0   0       1.25779347  s
  179   2   1  -1       0.93058019  p_y
  179   2   1   0       0.98253463  p_z
  179   2   1   1       0.94569338  p_x
  180   1   0   0       0.94671934  s
  181   1   0   0       0.95272303  s
  182   1   0   0       1.23903960  s
  182   2   1  -1       0.93005111  p_y
  182   2   1   0       0.98505081  p_z
  182   2   1   1       0.95676516  p_x
  183   1   0   0       0.92692351  s
  184   1   0   0       0.93952696  s
  185   1   0   0       1.25286718  s
  185   2   1  -1       0.98239194  p_y
  185   2   1   0       0.99184806  p_z
  185   2   1   1       0.99288636  p_x
  186   1   0   0       0.93021386  s
  187   1   0   0       0.93789376  s
  188   1   0   0       0.92134590  s
  189   1   0   0       1.27763165  s
  189   2   1  -1       0.99324383  p_y
  189   2   1   0       0.97341750  p_z
  189   2   1   1       0.95801524  p_x
  190   1   0   0       0.91638104  s
  191   1   0   0       0.94233173  s
  192   1   0   0       0.95392081  s
  193   1   0   0       1.22939331  s
  193   2   1  -1       0.97301217  p_y
  193   2   1   0       0.93231640  p_z
  193   2   1   1       0.97816727  p_x
  194   1   0   0       0.93634557  s
  195   1   0   0       0.95178060  s
  196   1   0   0       1.22057074  s
  196   2   1  -1       0.96664007  p_y
  196   2   1   0       0.97144817  p_z
  196   2   1   1       0.93428246  p_x
  197   1   0   0       0.94795731  s
  198   1   0   0       0.93671386  s
  199   1   0   0       1.22739292  s
  199   2   1  -1       0.98827163  p_y
  199   2   1   0       0.98851651  p_z
  199   2   1   1       0.92683115  p_x
  200   1   0   0       0.94618877  s
  201   1   0   0       0.93418769  s
  202   1   0   0       1.24533667  s
  202   2   1  -1       0.95286473  p_y
  202   2   1   0       0.97693387  p_z
  202   2   1   1       0.95804574  p_x
  203   1   0   0       0.93354206  s
  204   1   0   0       0.93580583  s
  205   1   0   0       1.23611415  s
  205   2   1  -1       0.93667932  p_y
  205   2   1   0       0.97055177  p_z
  205   2   1   1       0.96042795  p_x
  206   1   0   0       0.94355620  s
  207   1   0   0       0.94278717  s
  208   1   0   0       1.23467487  s
  208   2   1  -1       0.95315143  p_y
  208   2   1   0       0.94991068  p_z
  208   2   1   1       0.97703659  p_x
  209   1   0   0       0.94644352  s
  210   1   0   0       0.94964962  s
  211   1   0   0       1.23503548  s
  211   2   1  -1       0.95128261  p_y
  211   2   1   0       0.97604157  p_z
  211   2   1   1       0.96450625  p_x
  212   1   0   0       0.93390253  s
  213   1   0   0       0.94410585  s
  214   1   0   0       1.22867318  s
  214   2   1  -1       0.97273698  p_y
  214   2   1   0       0.96848840  p_z
  214   2   1   1       0.92888809  p_x
  215   1   0   0       0.94540592  s
  216   1   0   0       0.93886278  s
  217   1   0   0       1.27691049  s
  217   2   1  -1       0.98199870  p_y
  217   2   1   0       0.97310604  p_z
  217   2   1   1       0.96348430  p_x
  218   1   0   0       0.96517429  s
  219   1   0   0       0.92699884  s
  220   1   0   0       0.92149343  s
  221   1   0   0       1.25889978  s
  221   2   1  -1       0.98124652  p_y
  221   2   1   0       0.99090352  p_z
  221   2   1   1       0.97719770  p_x
  222   1   0   0       0.93631785  s
  223   1   0   0       0.92327511  s
  224   1   0   0       0.93917001  s
  225   1   0   0       1.26134139  s
  225   2   1  -1       0.97040318  p_y
  225   2   1   0       0.92181095  p_z
  225   2   1   1       0.96286814  p_x
  226   1   0   0       0.94902746  s
  227   1   0   0       0.93681158  s
  228   1   0   0       1.24260146  s
  228   2   1  -1       0.96670438  p_y
  228   2   1   0       0.98477989  p_z
  228   2   1   1       0.92688294  p_x
  229   1   0   0       0.92646520  s
  230   1   0   0       0.92013376  s
  231   1   0   0       1.23871780  s
  231   2   1  -1       0.97607446  p_y
  231   2   1   0       0.96476263  p_z
  231   2   1   1       0.94161309  p_x
  232   1   0   0       0.93368285  s
  233   1   0   0       0.95955593  s
  234   1   0   0       1.24112047  s
  234   2   1  -1       0.93751038  p_y
  234   2   1   0       0.97523596  p_z
  234   2   1   1       0.94913421  p_x
  235   1   0   0       0.96346906  s
  236   1   0   0       0.96062630  s
  237   1   0   0       1.22505932  s
  237   2   1  -1       0.98015731  p_y
  237   2   1   0       0.94325706  p_z
  237   2   1   1       0.92488237  p_x
  238   1   0   0       0.96523482  s
  239   1   0   0       0.96189481  s
  240   1   0   0       1.25568697  s
  240   2   1  -1       0.94541543  p_y
  240   2   1   0       0.94614952  p_z
  240   2   1   1       0.94737257  p_x
  241   1   0   0       0.93427056  s
  242   1   0   0       0.96580723  s
  243   1   0   0       1.26577384  s
  243   2   1  -1       0.95438424  p_y
  243   2   1   0       0.98736040  p_z
  243   2   1   1       0.92811200  p_x
  244   1   0   0       0.95227888  s
  245   1   0   0       0.93696243  s
  246   1   0   0       1.24535493  s
  246   2   1  -1       0.95986844  p_y
  246   2   1   0       0.93348484  p_z
  246   2   1   1       0.93892730  p_x
  247   1   0   0       0.95157127  s
  248   1   0   0       0.93347152  s
  249   1   0   0       1.26891561  s
  249   2   1  -1       0.98434147  p_y
  249   2   1   0       0.97174979  p_z
  249   2   1   1       0.99399971  p_x
  250   1   0   0       0.92201611  s
  251   1   0   0       0.91761923  s
  252   1   0   0       0.93987977  s
  253   1   0   0       1.27300607  s
  253   2   1  -1       0.99717385  p_y
  253   2   1   0       0.95298292  p_z
  253   2   1   1       0.99430837  p_x
  254   1   0   0       0.93914519  s
  255   1   0   0       0.92318393  s
  256   1   0   0       0.93133233  s
  257   1   0   0       1.23436995  s
  257   2   1  -1       0.92130158  p_y
  257   2   1   0       0.95905197  p_z
  257   2   1   1       0.95786470  p_x
  258   1   0   0       0.97388962  s
  259   1   0   0       0.94984556  s
  260   1   0   0       1.22595341  s
  260   2   1  -1       0.94657538  p_y
  260   2   1   0       0.93937076  p_z
  260   2   1   1       0.97497946  p_x
  261   1   0   0       0.93111783  s
  262   1   0   0       0.95857695  s
  263   1   0   0       1.24671131  s
  263   2   1  -1       0.94839744  p_y
  263   2   1   0       0.93969653  p_z
  263   2   1   1       0.99165479  p_x
  264   1   0   0       0.94987580  s
  265   1   0   0       0.93955441  s
  266   1   0   0       1.23148053  s
  266   2   1  -1       0.94392296  p_y
  266   2   1   0       0.95154751  p_z
  266   2   1   1       0.97410843  p_x
  267   1   0   0       0.94307830  s
  268   1   0   0       0.92716867  s
  269   1   0   0       1.23584863  s
  269   2   1  -1       0.95782128  p_y
  269   2   1   0       0.93038344  p_z
  269   2   1   1       0.97288721  p_x
  270   1   0   0       0.96837379  s
  271   1   0   0       0.94263309  s
  272   1   0   0       1.24053997  s
  272   2   1  -1       0.92844884  p_y
  272   2   1   0       0.97144366  p_z
  272   2   1   1       0.96119774  p_x
  273   1   0   0       0.95600771  s
  274   1   0   0       0.94530576  s
  275   1   0   0       1.25957387  s
  275   2   1  -1       0.93676863  p_y
  275   2   1   0       0.95986936  p_z
  275   2   1   1       0.95343717  p_x
  276   1   0   0       0.95641268  s
  277   1   0   0       0.92878849  s
  278   1   0   0       1.26336844  s
  278   2   1  -1       0.93214217  p_y
  278   2   1   0       0.95529873  p_z
  278   2   1   1       0.96083267  p_x
  279   1   0   0       0.94263819  s
  280   1   0   0       0.95248528  s
  281   1   0   0       1.27461166  s
  281   2   1  -1       0.99343487  p_y
  281   2   1   0       0.97462142  p_z
  281   2   1   1       0.96895721  p_x
  282   1   0   0       0.93393001  s
  283   1   0   0       0.92985634  s
  284   1   0   0       0.94291134  s
  285   1   0   0       1.27194607  s
  285   2   1  -1       0.97709244  p_y
  285   2   1   0       0.99825201  p_z
  285   2   1   1       0.96053711  p_x
  286   1   0   0       0.92364944  s
  287   1   0   0       0.93544956  s
  288   1   0   0       0.94322628  s
  289   1   0   0       1.21312245  s
  289   2   1  -1       0.97404620  p_y
  289   2   1   0       0.93827941  p_z
  289   2   1   1       0.96302770  p_x
  290   1   0   0       0.93570021  s
  291   1   0   0       0.95150150  s
  292   1   0   0       1.23608782  s
  292   2   1  -1       0.96770235  p_y
  292   2   1   0       0.94679002  p_z
  292   2   1   1       0.95509067  p_x
  293   1   0   0       0.94834363  s
  294   1   0   0       0.94063096  s
  295   1   0   0       1.25027872  s
  295   2   1  -1       0.94103627  p_y
  295   2   1   0       0.96917092  p_z
  295   2   1   1       0.94312884  p_x
  296   1   0   0       0.95957175  s
  297   1   0   0       0.95383304  s
  298   1   0   0       1.25149832  s
  298   2   1  -1       0.92616611  p_y
  298   2   1   0       0.95702964  p_z
  298   2   1   1       0.96549689  p_x
  299   1   0   0       0.93344923  s
  300   1   0   0       0.96437391  s
  301   1   0   0       1.24505354  s
  301   2   1  -1       0.92721467  p_y
  301   2   1   0       0.97704996  p_z
  301   2   1   1       0.96942122  p_x
  302   1   0   0       0.94301750  s
  303   1   0   0       0.94076366  s
  304   1   0   0       1.23372139  s
  304   2   1  -1       0.93795476  p_y
  304   2   1   0       0.98431402  p_z
  304   2   1   1       0.97341206  p_x
  305   1   0   0       0.94187791  s
  306   1   0   0       0.93827193  s
  307   1   0   0       1.23530240  s
  307   2   1  -1       0.92826934  p_y
  307   2   1   0       0.99049915  p_z
  307   2   1   1       0.94016150  p_x
  308   1   0   0       0.96309148  s
  309   1   0   0       0.93027783  s
  310   1   0   0       1.22948298  s
  310   2   1  -1       0.92274577  p_y
  310   2   1   0       0.96942007  p_z
  310   2   1   1       0.96263538  p_x
  311   1   0   0       0.95146518  s
  312   1   0   0       0.94763216  s
  313   1   0   0       1.25794284  s
  313   2   1  -1       0.99729429  p_y
  313   2   1   0       0.97044855  p_z
  313   2   1   1       0.98320928  p_x
  314   1   0   0       0.94440135  s
  315   1   0   0       0.92487527  s
  316   1   0   0       0.93434461  s
  317   1   0   0       1.26922070  s
  317   2   1  -1       0.95527239  p_y
  317   2   1   0       0.99870428  p_z
  317   2   1   1       0.98616418  p_x
  318   1   0   0       0.92797363  s
  319   1   0   0       0.93697096  s
  320   1   0   0       0.94215200  s
  321   1   0   0       1.23589476  s
  321   2   1  -1       0.94025427  p_y
  321   2   1   0       0.96454286  p_z
  321   2   1   1       0.95546010  p_x
  322   1   0   0       0.94533387  s
  323   1   0   0       0.94933068  s
  324   1   0   0       1.23672022  s
  324   2   1  -1       0.94721039  p_y
  324   2   1   0       0.95097784  p_z
  324   2   1   1       0.96371476  p_x
  325   1   0   0       0.94943595  s
  326   1   0   0       0.94067128  s
  327   1   0   0       1.24906426  s
  327   2   1  -1       0.95607489  p_y
  327   2   1   0       0.95438829  p_z
  327   2   1   1       0.93823223  p_x
  328   1   0   0       0.93954772  s
  329   1   0   0       0.94802430  s
  330   1   0   0       1.24881287  s
  330   2   1  -1       0.96668297  p_y
  330   2   1   0       0.93977196  p_z
  330   2   1   1       0.95112638  p_x
  331   1   0   0       0.93007756  s
  332   1   0   0       0.96560297  s
  333   1   0   0       1.24342543  s
  333   2   1  -1       0.95125383  p_y
  333   2   1   0       0.93363797  p_z
  333   2   1   1       0.97619680  p_x
  334   1   0   0       0.95274185  s
  335   1   0   0       0.94499684  s
  336   1   0   0       1.23661321  s
  336   2   1  -1       0.96469685  p_y
  336   2   1   0       0.93183976  p_z
  336   2   1   1       0.96742172  p_x
  337   1   0   0       0.94675946  s
  338   1   0   0       0.95050072  s
  339   1   0   0       1.23523500  s
  339   2   1  -1       0.95340971  p_y
  339   2   1   0       0.93354148  p_z
  339   2   1   1       0.97692141  p_x
  340   1   0   0       0.94524936  s
  341   1   0   0       0.95296400  s
  342   1   0   0       1.22591001  s
  342   2   1  -1       0.96727197  p_y
  342   2   1   0       0.93085619  p_z
  342   2   1   1       0.94549114  p_x
  343   1   0   0       0.96609146  s
  344   1   0   0       0.96973313  s
  345   1   0   0       1.27951977  s
  345   2   1  -1       0.96173428  p_y
  345   2   1   0       0.98740262  p_z
  345   2   1   1       0.98004177  p_x
  346   1   0   0       0.92785495  s
  347   1   0   0       0.95590616  s
  348   1   0   0       0.93376273  s
  349   1   0   0       1.25734271  s
  349   2   1  -1       0.97997008  p_y
  349   2   1   0       0.99974741  p_z
  349   2   1   1       0.95501268  p_x
  350   1   0   0       0.93096803  s
  351   1   0   0       0.94699085  s
  352   1   0   0       0.93480824  s
 
Fermi level:                        -0.0622324530 H           -1.6934 eV
Band energy:                      -278.3292517575 H        -7573.7243 eV
TS:                                  0.0000000000 H            0.0000 eV
Band free energy (E-TS):          -278.3292517575 H        -7573.7243 eV
Extrapolated E(0K):               -278.3292517575 H        -7573.7243 eV
Input / Output electrons (q):    682.0000000000    682.0000000000
 
Energy H0:                        -282.8632882741 H        -7697.1017 eV
Energy SCC:                          0.0746801857 H            2.0322 eV
Total Electronic energy:          -282.7886080884 H        -7695.0695 eV
Repulsive energy:                    4.5390674351 H          123.5143 eV
Dispersion energy:                   1.1052174996 H           30.0745 eV
Total energy:                     -277.1443231537 H        -7541.4807 eV
Extrapolated to 0:                -277.1443231537 H        -7541.4807 eV
Total Mermin free energy:         -277.1443231537 H        -7541.4807 eV
Force related energy:             -277.1443231537 H        -7541.4807 eV
 
SCC converged
 
Full geometry written in geo_end.{xyz|gen}
 
MD Kinetic Energy:                   0.6572471956 H
Total MD Energy:                  -276.4870759581 H
Pressure:                           -0.197952E-04 au    -0.582393E+09 Pa
MD Temperature:                      0.0012483328 H          394.1918 K
MD Kinetic Energy:                   0.6572471956 H
Total MD Energy:                  -276.4870759581 H        -7523.5961 eV
MD Temperature:                      0.0012483328 H          394.1918 K
 
Molecular dynamics completed
 
