 Fermi distribution function
 
MD step: 100000
 

********************************************************************************
 iSCC Total electronic   Diff electronic      SCC error    
    6   -0.28250761E+03    0.39790393E-12    0.54296977E-06
********************************************************************************
 
Coordinates of moved atoms (au):
    1     79.17963171     63.67743683     83.30884394
    2     78.97988075     62.49824155     85.16979161
    3     81.26563274     63.70864808     83.06081279
    4     77.66122715     91.32885745     81.29355360
    5     78.46133640     92.13964504     79.43781178
    6     46.72913895     91.79401185     81.42023345
    7     77.67963197     88.41493426     81.53101210
    8     48.35445030     87.90221785     83.44884875
    9     79.70328940     87.69700712     81.00833507
   10     46.58355619     87.44741915     79.79419750
   11     44.96193083     88.89967242     79.58485885
   12     45.92710977     85.66668146     80.58524135
   13     76.70367097     87.11440362     77.14831864
   14     78.33218408     85.80097125     77.34513897
   15     77.30523479     88.97214041     76.51056410
   16     46.09548559     86.05561249     75.09631539
   17     44.23136257     87.11305914     75.03190198
   18     45.36055600     84.33338018     75.89892103
   19     76.47277983     85.71437888     72.55502780
   20     78.05192022     84.26210453     72.54006078
   21     77.43565205     87.46758085     72.27095192
   22     74.62390884     84.80852057     70.61622871
   23     45.43828134     86.18662362     68.99295067
   24     43.53730220     84.81065579     71.18946781
   25     78.39782503     66.43920105     83.94050299
   26     79.81012342     67.23029368     85.27926756
   27     77.92279200     67.67798985     82.32602733
   28     76.58705610     66.49278193     85.28644597
   29     75.51632877     82.31853048     69.62632316
   30     75.79353647     81.01187395     71.26781713
   31     74.27523794     81.59652271     68.12469249
   32     77.29458207     82.57054681     68.72933904
   33     57.98163665     54.22642715     75.18182981
   34     57.64705156     53.56509351     77.26434750
   35     56.47736443     53.34978944     74.23224530
   36     57.82012925     57.23926606     74.96899400
   37     57.00557733     57.74945138     73.27374191
   38     59.68435437     58.01060037     74.91513624
   39     56.37103254     58.32971412     77.36608141
   40     57.29653735     57.96238802     79.22988308
   41     54.50995538     57.31812527     77.72496778
   42     55.47731420     61.19306639     77.40254232
   43     86.12052490     62.49440573     77.44777684
   44     54.57497389     61.73340203     79.21448474
   45     53.82072760     61.80313771     75.14288593
   46     52.14973987     60.56938160     75.03151220
   47     83.66117268     61.64507210     73.28387351
   48     82.04652615     64.65732866     75.52591817
   49     83.46266977     65.34734482     77.00938521
   50     80.13050522     64.84135706     76.35096310
   51     53.26527718     66.31641430     73.12441134
   52     55.13792238     66.15509645     72.14577768
   53     53.39089158     68.26263101     73.78288333
   54     79.95724649     66.28755195    100.24034737
   55     78.55855002     67.51434809    101.39271337
   56     79.18761531     64.32331692    100.20104302
   57     60.44902483     53.04368285     74.12521086
   58     62.11972084     53.99193152     75.10923201
   59     60.48714500     51.04452807     74.56028013
   60     60.44355028     53.32253003     71.91057446
   61     51.34817001     67.74044353     97.92200696
   62     51.89220607     69.69151550     98.58360853
   63     52.84524937     67.20503573     96.57008264
   64     49.88669953     67.98599068     96.47118561
   65     65.76024185     78.63957486     57.49802857
   66     64.46169040     77.23287044     56.86453338
   67     64.48501484     80.42378100     57.41165531
   68     66.97619973     78.19999666     59.97610392
   69     68.47225418     79.71423694     60.53697405
   70     68.23782828     76.56703066     60.13467394
   71     64.85092699     77.95247252     62.13291385
   72     64.08335198     76.00897730     62.06271727
   73     63.20767674     79.21546848     61.72898765
   74     65.90078403     49.72632129     64.76406402
   75     67.57184332     51.16573962     64.74126811
   76     66.84480114     47.91616713     65.76568746
   77     63.97248114     50.70326057     66.77290546
   78     64.25367367     78.68434877     68.64456493
   79     61.97840579     79.35913544     65.81397982
   80     63.89726937     53.69184436     66.95850406
   81     62.03769837     54.22728371     67.94688987
   82     63.61790578     54.38114152     64.88934867
   83     65.74109778     55.34567412     68.31717770
   84     67.32305897     55.65273282     66.90692725
   85     66.45683604     54.22318490     70.02330649
   86     64.61429194     57.82602424     68.98855755
   87     63.50200652     58.10016531     70.87483852
   88     63.43348582     58.48216520     67.50072992
   89     67.80658787     78.89132048     55.43929465
   90     69.79815918     79.11647208     56.14486152
   91     67.74282735     77.09710073     54.28826269
   92     67.32673625     80.44605985     54.23470288
   93     66.63797539     59.80102460     69.71485084
   94     65.87996344     61.31851073     70.80412148
   95     68.13248993     58.86972328     70.76742365
   96     67.40330349     60.69867053     67.87443411
   97     57.75703195     72.72675831     68.72891439
   98     58.27665951     74.59152610     68.04487590
   99     59.43239380     71.61863056     68.92741402
  100     56.29488389     72.81114983     71.32829325
  101     55.63818573     70.72650693     71.64318457
  102     54.62060645     74.09084910     71.33707283
  103     58.04412997     73.54813603     73.52657194
  104     58.80239538     75.56291659     73.50928050
  105     59.74302101     72.27608700     73.38019171
  106     56.89845234     73.13530873     47.32723225
  107     56.85173021     71.10223797     47.75469032
  108     54.91666283     74.19512541     47.58201683
  109     58.92243259     74.28138101     49.36563193
  110     59.76603027     76.08653759     48.78694318
  111     60.57240840     72.95204217     49.37389196
  112     57.49164496     74.34415835     51.93502203
  113     55.44803547     74.61925684     51.54064075
  114     58.32644161     76.11601845     52.96809167
  115     57.51452153     71.99735613     53.78031305
  116     57.45892381     72.79247972     55.77593493
  117     59.57770390     70.99719381     53.88669877
  118     55.44756911     70.07608968     53.19533818
  119     55.26892231     69.64132385     51.00327263
  120     53.50583533     70.55979275     53.46455252
  121     56.12313813     71.29058829     66.80015738
  122     56.23431602     69.17701822     67.38702570
  123     54.13842436     71.99342698     67.07290288
  124     56.86887933     71.48321695     64.88117814
  125     55.97853896     67.64543234     54.54692951
  126     54.60884130     66.13632635     54.05727354
  127     57.88608132     66.67500525     54.43188611
  128     55.80694546     68.06398103     56.69806783
  129     64.36549620     56.79568556     58.21046836
  130     63.82024773     54.93419332     58.94156788
  131     64.43505276     56.69962790     56.10163432
  132     62.20444840     58.55231446     58.87117625
  133     61.98396282     58.35236584     61.02783624
  134     60.73341334     57.48867906     58.03901041
  135     61.91817247     61.31502002     58.26247300
  136     61.01975205     61.62518566     56.46130013
  137     63.88996497     62.05619280     58.06978304
  138     60.37288287     62.74887069     60.21252484
  139     58.53491005     61.77653498     60.64782020
  140     59.56734744     64.36145183     59.24142838
  141     61.48110744     63.89665960     62.63960310
  142     61.98472317     62.39942345     64.06631780
  143     60.18849123     65.42487983     63.33952189
  144     63.97778866     65.60041385     62.39245133
  145     65.53553144     64.23324552     61.64610511
  146     64.46991181     65.75312698     64.39807749
  147     63.97062072     68.10701357     61.06926497
  148     62.52166290     68.12281782     59.70427569
  149     65.83789434     68.39507986     60.11526977
  150     63.48156739     70.47666442     62.70945948
  151     61.25018944     70.67826583     62.98758558
  152     63.84949271     72.31407294     61.42220684
  153     67.11861333     57.26478739     58.85604999
  154     67.58158116     28.47376182     60.97292222
  155     68.47844890     55.76224346     58.20691347
  156     68.01963243     58.93594613     57.92356984
  157     64.77828795     70.92272024     65.20851905
  158     63.43608752     71.61271161     66.82501974
  159     65.56797452     69.19241866     66.15566239
  160     66.36567106     72.20823894     65.05414148
  161     80.76312910     59.30758277     64.82438549
  162     78.86914972     60.07716252     65.60434547
  163     81.21782106     57.38792505     65.40819713
  164     80.52334958     59.70428393     61.86321239
  165     82.51435171     59.28709493     60.75271480
  166     80.46950931     61.79179205     61.35669483
  167     78.23723915     58.36106448     60.40640029
  168     78.50089765     58.63396670     58.31349734
  169     76.44280575     59.24367711     60.89473988
  170     77.78995888     55.54218076     61.12815167
  171     77.61224397     55.51764134     63.31945308
  172     79.37425182     54.28161465     60.71987138
  173     75.33699370     83.31732179     60.01911048
  174     75.34793656     83.30622265     57.96341002
  175     73.92168544     55.78259515     60.50566651
  176     74.75477058     80.55571028     60.88310077
  177     72.74548539     80.16528043     60.49953046
  178     75.07261997     80.60688012     62.96610982
  179     76.26196259     78.37470387     59.54682495
  180     76.43888923     76.95920012     61.07395330
  181     78.20489308     79.36550372     59.33035866
  182     75.00701657     77.47028684     57.25207423
  183     74.36390176     79.29612441     56.28248206
  184     73.29066743     76.62213859     57.96854707
  185     82.79527305     60.98017256     65.72548290
  186     82.56626191     62.90328627     65.12288444
  187     83.02119165     61.04655750     67.77649767
  188     84.73378053     60.52635305     93.96285176
  189     76.68878136     75.62639210     55.92709295
  190     76.17783459     73.64419108     56.38230811
  191     76.76299487     75.71348894     53.94168458
  192     78.66421249     75.68412853     56.68515946
  193     73.99780916     45.80044514     65.22762509
  194     46.22761624     70.26846127     80.06104113
  195     73.27637907     76.78837583     65.35433523
  196     74.71830845     44.71804913     67.98596325
  197     75.27066908     42.68249642     67.74024471
  198     73.27214400     74.13505234     69.54473228
  199     76.81719809     45.95110892     69.24260506
  200     76.73791425     48.10173898     69.02770130
  201     78.51969393     45.30114954     67.95671133
  202     77.71017207     45.03362998     71.83967416
  203     79.47814469     44.26984620     71.89214277
  204     76.46650111     43.29920388     72.51481269
  205     77.48462364     46.91608578     74.09600590
  206     78.31504839     45.92186215     75.68987822
  207     75.75753722     47.60445388     74.71433210
  208     79.57631703     48.90029886     73.69083040
  209     79.15412809     50.13232373     72.18203745
  210     81.43371228     48.02650231     73.18007797
  211     79.87711197     79.62251292     75.84299592
  212     79.44237170     81.64606892     75.89340405
  213     81.94410640     79.58282592     76.44724341
  214     78.96970060     78.66127491     78.52751782
  215     79.03203330     76.62392790     78.31949105
  216     76.91368671     78.94975033     78.35121531
  217     72.02178332     44.40802942     63.89136215
  218     72.30649719     42.50740639     34.01062213
  219     70.26973356     44.18530560     36.07463867
  220     71.37322984     45.82060882     62.20170918
  221     79.71317003     79.84769915     81.05955615
  222     81.94890624     79.95306343     80.91320951
  223     78.49379608     81.52287727     81.41277595
  224     79.28562531     78.51666270     82.77811137
  225     55.37898571     80.16033842     67.76825462
  226     54.91622827     80.39263147     69.78455806
  227     56.80453405     78.58753211     67.64962231
  228     53.04050420     50.49875167     66.25070382
  229     51.61235722     52.03363275     66.28206371
  230     52.22325596     48.91098997     67.31567849
  231     53.73672881     78.72612896     63.44540634
  232     54.14912902     80.46559176     62.25785738
  233     52.15079775     77.98020719     62.56746118
  234     55.89387921     76.76204555     62.98484647
  235     55.34597506     75.15720815     64.13237152
  236     57.80397992     77.34177424     63.89375051
  237     56.68579761     75.88064251     60.33937058
  238     54.95343397     75.47455897     59.15882991
  239     57.86273549     45.18160630     60.69155898
  240     58.30862350     77.74823448     58.69899799
  241     59.23131114     47.42217710     57.20599894
  242     59.87328060     49.70241924     59.58015507
  243     56.77812259     79.66694200     57.10324530
  244     55.56345834     80.81018454     58.22699596
  245     55.80246275     78.56900300     55.68128838
  246     58.76617373     81.22586937     55.66425024
  247     59.97698875     80.17169202     54.30908586
  248     60.33571957     81.67293472     56.87869975
  249     56.39704164     53.80967309     66.84398841
  250     57.35823853     53.58132666     65.16132965
  251     55.02823644     55.27007416     66.80388913
  252     57.84551116     54.23732086     68.25200706
  253     57.66433533     83.63268159     54.37555905
  254     56.46223459     82.98998259     52.86198629
  255     56.35601394     84.33271053     55.97291871
  256     59.06726119     85.03808002     82.99105027
  257     71.49983093     65.77070253     73.27342186
  258     69.74345846     67.10318298     73.53456589
  259     70.86880422     63.67698284     73.12999600
  260     72.87139261     66.46646513     70.74127420
  261     74.35317558     64.82922422     70.66675402
  262     74.14618650     68.08948937     70.88779348
  263     71.18902056     66.48781758     68.45601069
  264     70.71891344     68.49729456     68.29551207
  265     69.59849343     65.24189147     68.93327937
  266     72.66653348     65.41872371     66.14714661
  267     73.15666595     63.39974024     66.81787807
  268     74.46137922     66.41839107     65.91492517
  269     70.81682358     65.08284427     63.63670567
  270     69.75234890     66.90180873     63.49442027
  271     69.34030598     63.98029946     64.51550712
  272     71.91370224     63.90776057     61.24381409
  273     71.80220109     61.83351405     61.48333123
  274     73.91054926     64.38501880     61.18179740
  275     70.15773507     64.40798448     59.03087364
  276     69.73161823     66.39441794     58.64427604
  277     68.45085840     63.33514133     59.39739388
  278     71.30377009     63.59645718     56.38243966
  279     72.30328642     61.75390292     56.44804970
  280     72.98089224     64.85524368     55.92726915
  281     73.49337695     66.11467308     75.27946439
  282     73.04331641     67.50438338     76.98526181
  283     74.04247658     64.32145286     76.02437214
  284     75.22469432     66.77242858     74.43756053
  285     69.49796389     63.64417763     54.09771800
  286     67.58731992     64.65831502     54.28216438
  287     70.50173679     64.82138514     52.46892681
  288     69.09878443     61.74239032     53.45328978
  289     65.61174333     45.82264828     73.13610616
  290     64.15308397     45.10035627     74.58317145
  291     64.66823739     46.76521246     71.53884761
  292     67.04023633     47.83385004     74.69305286
  293     68.05375395     46.76841712     76.28952578
  294     65.65188349     49.11906328     75.58844500
  295     68.80512877     49.97120261     73.49074074
  296     67.74000705     51.66960583     73.38714731
  297     69.62158244     49.93791577     42.48126678
  298     70.82102248     50.70677103     46.35262375
  299     71.98989728     51.81925994     74.03511933
  300     71.75836166     48.79423780     46.55948895
  301     70.24548754     52.24633699     48.84367657
  302     71.87955217     52.90177401     49.96381774
  303     69.00599745     51.07728761     79.07634107
  304     68.62037720     54.53115817     48.11516516
  305     66.82566720     53.94168103     47.51873114
  306     69.82292753     55.51678748     46.70098865
  307     68.10876938     56.44592483     50.17234137
  308     70.09367713     56.84527672     51.03103201
  309     66.89241337     55.37710983     51.47404269
  310     66.62939855     58.55985151     49.17824258
  311     65.87337073     59.52362419     50.92046115
  312     64.94010525     57.95581034     48.22080700
  313     67.04088299     43.49629100     72.34900384
  314     67.28424271     42.09368428     73.96261217
  315     66.00735487     42.34421794     70.85524460
  316     69.02405218     43.87150970     71.76370635
  317     68.20941713     60.34354738     47.69044018
  318     67.26090925     62.27693938     47.36896136
  319     69.97117412     60.60396646     48.71027179
  320     68.52442323     59.66587874     45.65166085
  321     66.74846897     71.88918647     53.77827722
  322     68.46575714     71.25083818     52.84030063
  323     66.13984207     73.60234345     52.85133759
  324     64.73780689     69.73232663     81.99308136
  325     62.86630722     70.51881248     82.58510181
  326     64.93147472     67.85502227     83.04056301
  327     64.78890113     69.13363823     79.14639238
  328     66.67527181     67.97709040     78.69058114
  329     65.01090528     70.77998390     77.92109405
  330     62.49833328     67.45904890     78.23837737
  331     60.90666011     68.85644586     77.85097614
  332     61.75276436     65.87476568     79.61994368
  333     62.92172419     66.08757908     75.73156145
  334     63.12010620     63.97250251     76.10603261
  335     64.64574072     66.96134483     74.75417536
  336     60.66014319     66.30268855     73.87139528
  337     60.30650947     68.29199138     73.35426633
  338     58.92621147     65.61030070     74.74859169
  339     61.06131316     64.85953809     71.44777918
  340     75.88641374     74.43581562     64.17441736
  341     61.41466068     62.78513597     71.59815489
  342     61.77049982     65.94814183     69.24015836
  343     61.84371094     68.00370969     68.83990493
  344     62.03274655     64.68100222     67.59340999
  345     67.10451630     72.16302220     56.53101901
  346     68.59918380     73.30995282     57.15905930
  347     65.32250282     73.05277299     57.44544841
  348     67.29042570     70.21753650     57.34449496
  349     47.88961536     71.59075975     50.48970682
  350     46.71849281     73.16467409     50.55378397
  351     48.22590130     70.88805748     48.64395018
  352     49.39024044     72.10350746     51.84580016
 
 Total charge:     0.00000000

 Atomic gross charges (e)
 Atom           Charge
    1      -0.08465090
    2       0.03064880
    3       0.05541404
    4      -0.10613130
    5       0.04852383
    6       0.06923350
    7      -0.11054327
    8       0.06681925
    9       0.04771878
   10      -0.10664642
   11       0.05100888
   12       0.06017260
   13      -0.11305061
   14       0.05341462
   15       0.05858656
   16      -0.11775949
   17       0.04995961
   18       0.05761631
   19      -0.10035468
   20       0.05147440
   21       0.06556217
   22      -0.07488388
   23       0.03693180
   24       0.03990169
   25      -0.19802282
   26       0.06257174
   27       0.07682165
   28       0.03440810
   29      -0.20205480
   30       0.06859451
   31       0.06265307
   32       0.06696380
   33      -0.11113258
   34       0.04129497
   35       0.06787513
   36      -0.11739618
   37       0.07841337
   38       0.06495865
   39      -0.11990774
   40       0.05340541
   41       0.04330263
   42      -0.09767388
   43       0.04326474
   44       0.05798098
   45      -0.11483180
   46       0.05778170
   47       0.06478090
   48      -0.11202012
   49       0.04815869
   50       0.05849226
   51      -0.11804556
   52       0.05538583
   53       0.04906560
   54      -0.06632160
   55       0.03297374
   56       0.05919628
   57      -0.18912580
   58       0.05878100
   59       0.07032819
   60       0.05575478
   61      -0.18943795
   62       0.05329424
   63       0.05628843
   64       0.06577952
   65      -0.08278410
   66       0.06674145
   67       0.03869594
   68      -0.09465274
   69       0.04253355
   70       0.05907536
   71      -0.11595805
   72       0.06393403
   73       0.05685062
   74      -0.08344394
   75       0.04812537
   76       0.02107187
   77      -0.10192410
   78       0.06623459
   79       0.04434730
   80      -0.10562029
   81       0.03382946
   82       0.04061503
   83      -0.07133546
   84       0.05062464
   85       0.04848438
   86      -0.09925659
   87       0.04479779
   88       0.06959221
   89      -0.21224047
   90       0.06348109
   91       0.05526134
   92       0.07245083
   93      -0.21101912
   94       0.07100261
   95       0.07255402
   96       0.04661937
   97      -0.11705937
   98       0.06414003
   99       0.06619134
  100      -0.10036706
  101       0.04756241
  102       0.05941065
  103      -0.11046973
  104       0.05161265
  105       0.04882591
  106      -0.12231223
  107       0.07150361
  108       0.05004606
  109      -0.12095088
  110       0.06503239
  111       0.05505920
  112      -0.10538100
  113       0.06125551
  114       0.04078714
  115      -0.08308723
  116       0.05009843
  117       0.03374879
  118      -0.07251764
  119       0.02862297
  120       0.06871229
  121      -0.20079103
  122       0.05482808
  123       0.06693952
  124       0.07326437
  125      -0.18865627
  126       0.06287640
  127       0.05869727
  128       0.03990438
  129      -0.07956981
  130       0.05854771
  131       0.04175143
  132      -0.10927774
  133       0.03984004
  134       0.06137319
  135      -0.08605750
  136       0.05528899
  137       0.05664839
  138      -0.10530471
  139       0.04952720
  140       0.04646443
  141      -0.11158370
  142       0.05853066
  143       0.06115964
  144      -0.11649693
  145       0.03878981
  146       0.05768305
  147      -0.09444959
  148       0.07118328
  149       0.05514392
  150      -0.05967382
  151       0.02460666
  152       0.02277231
  153      -0.18513774
  154       0.04805876
  155       0.05184794
  156       0.05628473
  157      -0.18276050
  158       0.04740957
  159       0.05750929
  160       0.07034716
  161      -0.07688208
  162       0.05066079
  163       0.07345597
  164      -0.09722720
  165       0.02275384
  166       0.04715557
  167      -0.11078004
  168       0.05460000
  169       0.06034284
  170      -0.10289736
  171       0.03652930
  172       0.05922451
  173      -0.12163121
  174       0.05533568
  175       0.05798785
  176      -0.12620506
  177       0.05362979
  178       0.05317917
  179      -0.10179616
  180       0.05464939
  181       0.04608905
  182      -0.07516976
  183       0.05312330
  184       0.06114554
  185      -0.19680464
  186       0.06374496
  187       0.05946284
  188       0.05293995
  189      -0.19702833
  190       0.05653098
  191       0.08181079
  192       0.05818167
  193      -0.07973165
  194       0.06190580
  195       0.06228464
  196      -0.11716910
  197       0.06391587
  198       0.05853624
  199      -0.07389723
  200       0.04969957
  201       0.00981211
  202      -0.10297209
  203       0.08011058
  204       0.02210052
  205      -0.14075264
  206       0.06184649
  207       0.09160346
  208      -0.09437287
  209       0.06199758
  210       0.05315838
  211      -0.12341685
  212       0.07080522
  213       0.03801476
  214      -0.13865127
  215       0.06595308
  216       0.03500327
  217      -0.16696730
  218       0.06645134
  219       0.05708605
  220       0.02371915
  221      -0.18018560
  222       0.05679726
  223       0.07712538
  224       0.05248087
  225      -0.09780459
  226       0.04830269
  227       0.05845305
  228      -0.10350273
  229       0.05610520
  230       0.05283473
  231      -0.11348464
  232       0.04685523
  233       0.06544201
  234      -0.11062722
  235       0.05765301
  236       0.03722012
  237      -0.09383453
  238       0.05222108
  239       0.05207951
  240      -0.11455358
  241       0.02661511
  242       0.07287122
  243      -0.11377497
  244       0.07923028
  245       0.06486167
  246      -0.11918215
  247       0.04872477
  248       0.05298200
  249      -0.23036637
  250       0.08425564
  251       0.08148304
  252       0.05708700
  253      -0.21543204
  254       0.08212985
  255       0.04939305
  256       0.08478809
  257      -0.07631031
  258       0.04244043
  259       0.04953631
  260      -0.11025130
  261       0.02775342
  262       0.06015667
  263      -0.11169517
  264       0.06468824
  265       0.06698867
  266      -0.12409874
  267       0.04242091
  268       0.06756387
  269      -0.13467440
  270       0.05639133
  271       0.05982343
  272      -0.08992150
  273       0.05188068
  274       0.07029824
  275      -0.10913627
  276       0.06302639
  277       0.07065286
  278      -0.10642633
  279       0.05166819
  280       0.04578843
  281      -0.19834159
  282       0.04696334
  283       0.06772477
  284       0.06679870
  285      -0.18287255
  286       0.05787256
  287       0.04137231
  288       0.07126050
  289      -0.07791122
  290       0.04064131
  291       0.06057001
  292      -0.10929675
  293       0.04860661
  294       0.05203234
  295      -0.11590183
  296       0.05752514
  297       0.05104403
  298      -0.11690046
  299       0.05929576
  300       0.04841693
  301      -0.10323821
  302       0.06484390
  303       0.04647094
  304      -0.13625912
  305       0.07485967
  306       0.05683554
  307      -0.09927765
  308       0.04789101
  309       0.04933901
  310      -0.07744011
  311       0.03692813
  312       0.06267993
  313      -0.18141304
  314       0.04801432
  315       0.05571885
  316       0.06521807
  317      -0.18580204
  318       0.04766186
  319       0.07286951
  320       0.05399781
  321      -0.10199249
  322       0.05861496
  323       0.06431436
  324      -0.11518667
  325       0.05646674
  326       0.05459972
  327      -0.09006174
  328       0.02681806
  329       0.06505629
  330      -0.10206786
  331       0.05107729
  332       0.04715463
  333      -0.09477694
  334       0.05153428
  335       0.05608147
  336      -0.09685093
  337       0.05969560
  338       0.06474639
  339      -0.06885631
  340       0.05233726
  341       0.07261895
  342      -0.22639137
  343       0.09154980
  344       0.08124059
  345      -0.18680153
  346       0.07866408
  347       0.04462569
  348       0.05989541
  349      -0.33447239
  350       0.08144180
  351       0.10030065
  352       0.09559691
 
Nr. of electrons (up):    682.00000000
Atom populations (up)
 Atom       Population
    1       4.08465090
    2       0.96935120
    3       0.94458596
    4       4.10613130
    5       0.95147617
    6       0.93076650
    7       4.11054327
    8       0.93318075
    9       0.95228122
   10       4.10664642
   11       0.94899112
   12       0.93982740
   13       4.11305061
   14       0.94658538
   15       0.94141344
   16       4.11775949
   17       0.95004039
   18       0.94238369
   19       4.10035468
   20       0.94852560
   21       0.93443783
   22       4.07488388
   23       0.96306820
   24       0.96009831
   25       4.19802282
   26       0.93742826
   27       0.92317835
   28       0.96559190
   29       4.20205480
   30       0.93140549
   31       0.93734693
   32       0.93303620
   33       4.11113258
   34       0.95870503
   35       0.93212487
   36       4.11739618
   37       0.92158663
   38       0.93504135
   39       4.11990774
   40       0.94659459
   41       0.95669737
   42       4.09767388
   43       0.95673526
   44       0.94201902
   45       4.11483180
   46       0.94221830
   47       0.93521910
   48       4.11202012
   49       0.95184131
   50       0.94150774
   51       4.11804556
   52       0.94461417
   53       0.95093440
   54       4.06632160
   55       0.96702626
   56       0.94080372
   57       4.18912580
   58       0.94121900
   59       0.92967181
   60       0.94424522
   61       4.18943795
   62       0.94670576
   63       0.94371157
   64       0.93422048
   65       4.08278410
   66       0.93325855
   67       0.96130406
   68       4.09465274
   69       0.95746645
   70       0.94092464
   71       4.11595805
   72       0.93606597
   73       0.94314938
   74       4.08344394
   75       0.95187463
   76       0.97892813
   77       4.10192410
   78       0.93376541
   79       0.95565270
   80       4.10562029
   81       0.96617054
   82       0.95938497
   83       4.07133546
   84       0.94937536
   85       0.95151562
   86       4.09925659
   87       0.95520221
   88       0.93040779
   89       4.21224047
   90       0.93651891
   91       0.94473866
   92       0.92754917
   93       4.21101912
   94       0.92899739
   95       0.92744598
   96       0.95338063
   97       4.11705937
   98       0.93585997
   99       0.93380866
  100       4.10036706
  101       0.95243759
  102       0.94058935
  103       4.11046973
  104       0.94838735
  105       0.95117409
  106       4.12231223
  107       0.92849639
  108       0.94995394
  109       4.12095088
  110       0.93496761
  111       0.94494080
  112       4.10538100
  113       0.93874449
  114       0.95921286
  115       4.08308723
  116       0.94990157
  117       0.96625121
  118       4.07251764
  119       0.97137703
  120       0.93128771
  121       4.20079103
  122       0.94517192
  123       0.93306048
  124       0.92673563
  125       4.18865627
  126       0.93712360
  127       0.94130273
  128       0.96009562
  129       4.07956981
  130       0.94145229
  131       0.95824857
  132       4.10927774
  133       0.96015996
  134       0.93862681
  135       4.08605750
  136       0.94471101
  137       0.94335161
  138       4.10530471
  139       0.95047280
  140       0.95353557
  141       4.11158370
  142       0.94146934
  143       0.93884036
  144       4.11649693
  145       0.96121019
  146       0.94231695
  147       4.09444959
  148       0.92881672
  149       0.94485608
  150       4.05967382
  151       0.97539334
  152       0.97722769
  153       4.18513774
  154       0.95194124
  155       0.94815206
  156       0.94371527
  157       4.18276050
  158       0.95259043
  159       0.94249071
  160       0.92965284
  161       4.07688208
  162       0.94933921
  163       0.92654403
  164       4.09722720
  165       0.97724616
  166       0.95284443
  167       4.11078004
  168       0.94540000
  169       0.93965716
  170       4.10289736
  171       0.96347070
  172       0.94077549
  173       4.12163121
  174       0.94466432
  175       0.94201215
  176       4.12620506
  177       0.94637021
  178       0.94682083
  179       4.10179616
  180       0.94535061
  181       0.95391095
  182       4.07516976
  183       0.94687670
  184       0.93885446
  185       4.19680464
  186       0.93625504
  187       0.94053716
  188       0.94706005
  189       4.19702833
  190       0.94346902
  191       0.91818921
  192       0.94181833
  193       4.07973165
  194       0.93809420
  195       0.93771536
  196       4.11716910
  197       0.93608413
  198       0.94146376
  199       4.07389723
  200       0.95030043
  201       0.99018789
  202       4.10297209
  203       0.91988942
  204       0.97789948
  205       4.14075264
  206       0.93815351
  207       0.90839654
  208       4.09437287
  209       0.93800242
  210       0.94684162
  211       4.12341685
  212       0.92919478
  213       0.96198524
  214       4.13865127
  215       0.93404692
  216       0.96499673
  217       4.16696730
  218       0.93354866
  219       0.94291395
  220       0.97628085
  221       4.18018560
  222       0.94320274
  223       0.92287462
  224       0.94751913
  225       4.09780459
  226       0.95169731
  227       0.94154695
  228       4.10350273
  229       0.94389480
  230       0.94716527
  231       4.11348464
  232       0.95314477
  233       0.93455799
  234       4.11062722
  235       0.94234699
  236       0.96277988
  237       4.09383453
  238       0.94777892
  239       0.94792049
  240       4.11455358
  241       0.97338489
  242       0.92712878
  243       4.11377497
  244       0.92076972
  245       0.93513833
  246       4.11918215
  247       0.95127523
  248       0.94701800
  249       4.23036637
  250       0.91574436
  251       0.91851696
  252       0.94291300
  253       4.21543204
  254       0.91787015
  255       0.95060695
  256       0.91521191
  257       4.07631031
  258       0.95755957
  259       0.95046369
  260       4.11025130
  261       0.97224658
  262       0.93984333
  263       4.11169517
  264       0.93531176
  265       0.93301133
  266       4.12409874
  267       0.95757909
  268       0.93243613
  269       4.13467440
  270       0.94360867
  271       0.94017657
  272       4.08992150
  273       0.94811932
  274       0.92970176
  275       4.10913627
  276       0.93697361
  277       0.92934714
  278       4.10642633
  279       0.94833181
  280       0.95421157
  281       4.19834159
  282       0.95303666
  283       0.93227523
  284       0.93320130
  285       4.18287255
  286       0.94212744
  287       0.95862769
  288       0.92873950
  289       4.07791122
  290       0.95935869
  291       0.93942999
  292       4.10929675
  293       0.95139339
  294       0.94796766
  295       4.11590183
  296       0.94247486
  297       0.94895597
  298       4.11690046
  299       0.94070424
  300       0.95158307
  301       4.10323821
  302       0.93515610
  303       0.95352906
  304       4.13625912
  305       0.92514033
  306       0.94316446
  307       4.09927765
  308       0.95210899
  309       0.95066099
  310       4.07744011
  311       0.96307187
  312       0.93732007
  313       4.18141304
  314       0.95198568
  315       0.94428115
  316       0.93478193
  317       4.18580204
  318       0.95233814
  319       0.92713049
  320       0.94600219
  321       4.10199249
  322       0.94138504
  323       0.93568564
  324       4.11518667
  325       0.94353326
  326       0.94540028
  327       4.09006174
  328       0.97318194
  329       0.93494371
  330       4.10206786
  331       0.94892271
  332       0.95284537
  333       4.09477694
  334       0.94846572
  335       0.94391853
  336       4.09685093
  337       0.94030440
  338       0.93525361
  339       4.06885631
  340       0.94766274
  341       0.92738105
  342       4.22639137
  343       0.90845020
  344       0.91875941
  345       4.18680153
  346       0.92133592
  347       0.95537431
  348       0.94010459
  349       4.33447239
  350       0.91855820
  351       0.89969935
  352       0.90440309
 
l-shell populations (up)
 Atom Sh.   l       Population
    1   1   0       1.23781515
    1   2   1       2.84683575
    2   1   0       0.96935120
    3   1   0       0.94458596
    4   1   0       1.23369632
    4   2   1       2.87243497
    5   1   0       0.95147617
    6   1   0       0.93076650
    7   1   0       1.24551636
    7   2   1       2.86502691
    8   1   0       0.93318075
    9   1   0       0.95228122
   10   1   0       1.24391247
   10   2   1       2.86273395
   11   1   0       0.94899112
   12   1   0       0.93982740
   13   1   0       1.22917100
   13   2   1       2.88387961
   14   1   0       0.94658538
   15   1   0       0.94141344
   16   1   0       1.23293202
   16   2   1       2.88482747
   17   1   0       0.95004039
   18   1   0       0.94238369
   19   1   0       1.22793150
   19   2   1       2.87242318
   20   1   0       0.94852560
   21   1   0       0.93443783
   22   1   0       1.22393198
   22   2   1       2.85095190
   23   1   0       0.96306820
   24   1   0       0.96009831
   25   1   0       1.28270161
   25   2   1       2.91532121
   26   1   0       0.93742826
   27   1   0       0.92317835
   28   1   0       0.96559190
   29   1   0       1.25782254
   29   2   1       2.94423226
   30   1   0       0.93140549
   31   1   0       0.93734693
   32   1   0       0.93303620
   33   1   0       1.25015833
   33   2   1       2.86097425
   34   1   0       0.95870503
   35   1   0       0.93212487
   36   1   0       1.24004493
   36   2   1       2.87735124
   37   1   0       0.92158663
   38   1   0       0.93504135
   39   1   0       1.26152135
   39   2   1       2.85838639
   40   1   0       0.94659459
   41   1   0       0.95669737
   42   1   0       1.24538267
   42   2   1       2.85229121
   43   1   0       0.95673526
   44   1   0       0.94201902
   45   1   0       1.23648158
   45   2   1       2.87835023
   46   1   0       0.94221830
   47   1   0       0.93521910
   48   1   0       1.25368683
   48   2   1       2.85833328
   49   1   0       0.95184131
   50   1   0       0.94150774
   51   1   0       1.24168500
   51   2   1       2.87636056
   52   1   0       0.94461417
   53   1   0       0.95093440
   54   1   0       1.22104406
   54   2   1       2.84527754
   55   1   0       0.96702626
   56   1   0       0.94080372
   57   1   0       1.28157183
   57   2   1       2.90755396
   58   1   0       0.94121900
   59   1   0       0.92967181
   60   1   0       0.94424522
   61   1   0       1.24778831
   61   2   1       2.94164964
   62   1   0       0.94670576
   63   1   0       0.94371157
   64   1   0       0.93422048
   65   1   0       1.22128899
   65   2   1       2.86149511
   66   1   0       0.93325855
   67   1   0       0.96130406
   68   1   0       1.24126511
   68   2   1       2.85338763
   69   1   0       0.95746645
   70   1   0       0.94092464
   71   1   0       1.25532818
   71   2   1       2.86062988
   72   1   0       0.93606597
   73   1   0       0.94314938
   74   1   0       1.26103352
   74   2   1       2.82241042
   75   1   0       0.95187463
   76   1   0       0.97892813
   77   1   0       1.26565690
   77   2   1       2.83626720
   78   1   0       0.93376541
   79   1   0       0.95565270
   80   1   0       1.25168414
   80   2   1       2.85393616
   81   1   0       0.96617054
   82   1   0       0.95938497
   83   1   0       1.22033877
   83   2   1       2.85099669
   84   1   0       0.94937536
   85   1   0       0.95151562
   86   1   0       1.22575859
   86   2   1       2.87349800
   87   1   0       0.95520221
   88   1   0       0.93040779
   89   1   0       1.27190471
   89   2   1       2.94033576
   90   1   0       0.93651891
   91   1   0       0.94473866
   92   1   0       0.92754917
   93   1   0       1.27173259
   93   2   1       2.93928653
   94   1   0       0.92899739
   95   1   0       0.92744598
   96   1   0       0.95338063
   97   1   0       1.23712149
   97   2   1       2.87993788
   98   1   0       0.93585997
   99   1   0       0.93380866
  100   1   0       1.25349504
  100   2   1       2.84687203
  101   1   0       0.95243759
  102   1   0       0.94058935
  103   1   0       1.25539543
  103   2   1       2.85507430
  104   1   0       0.94838735
  105   1   0       0.95117409
  106   1   0       1.28514578
  106   2   1       2.83716645
  107   1   0       0.92849639
  108   1   0       0.94995394
  109   1   0       1.26183159
  109   2   1       2.85911929
  110   1   0       0.93496761
  111   1   0       0.94494080
  112   1   0       1.25698233
  112   2   1       2.84839867
  113   1   0       0.93874449
  114   1   0       0.95921286
  115   1   0       1.25708440
  115   2   1       2.82600283
  116   1   0       0.94990157
  117   1   0       0.96625121
  118   1   0       1.22237400
  118   2   1       2.85014364
  119   1   0       0.97137703
  120   1   0       0.93128771
  121   1   0       1.27897087
  121   2   1       2.92182017
  122   1   0       0.94517192
  123   1   0       0.93306048
  124   1   0       0.92673563
  125   1   0       1.26925531
  125   2   1       2.91940096
  126   1   0       0.93712360
  127   1   0       0.94130273
  128   1   0       0.96009562
  129   1   0       1.22125196
  129   2   1       2.85831785
  130   1   0       0.94145229
  131   1   0       0.95824857
  132   1   0       1.22193755
  132   2   1       2.88734019
  133   1   0       0.96015996
  134   1   0       0.93862681
  135   1   0       1.21808862
  135   2   1       2.86796887
  136   1   0       0.94471101
  137   1   0       0.94335161
  138   1   0       1.22764931
  138   2   1       2.87765539
  139   1   0       0.95047280
  140   1   0       0.95353557
  141   1   0       1.25425527
  141   2   1       2.85732843
  142   1   0       0.94146934
  143   1   0       0.93884036
  144   1   0       1.24656286
  144   2   1       2.86993407
  145   1   0       0.96121019
  146   1   0       0.94231695
  147   1   0       1.22081341
  147   2   1       2.87363617
  148   1   0       0.92881672
  149   1   0       0.94485608
  150   1   0       1.24754630
  150   2   1       2.81212751
  151   1   0       0.97539334
  152   1   0       0.97722769
  153   1   0       1.26885762
  153   2   1       2.91628011
  154   1   0       0.95194124
  155   1   0       0.94815206
  156   1   0       0.94371527
  157   1   0       1.26438624
  157   2   1       2.91837426
  158   1   0       0.95259043
  159   1   0       0.94249071
  160   1   0       0.92965284
  161   1   0       1.23079616
  161   2   1       2.84608592
  162   1   0       0.94933921
  163   1   0       0.92654403
  164   1   0       1.27815145
  164   2   1       2.81907575
  165   1   0       0.97724616
  166   1   0       0.95284443
  167   1   0       1.25168997
  167   2   1       2.85909006
  168   1   0       0.94540000
  169   1   0       0.93965716
  170   1   0       1.24765106
  170   2   1       2.85524630
  171   1   0       0.96347070
  172   1   0       0.94077549
  173   1   0       1.23982900
  173   2   1       2.88180220
  174   1   0       0.94466432
  175   1   0       0.94201215
  176   1   0       1.25119765
  176   2   1       2.87500741
  177   1   0       0.94637021
  178   1   0       0.94682083
  179   1   0       1.23646432
  179   2   1       2.86533184
  180   1   0       0.94535061
  181   1   0       0.95391095
  182   1   0       1.20958716
  182   2   1       2.86558259
  183   1   0       0.94687670
  184   1   0       0.93885446
  185   1   0       1.24927973
  185   2   1       2.94752491
  186   1   0       0.93625504
  187   1   0       0.94053716
  188   1   0       0.94706005
  189   1   0       1.25331110
  189   2   1       2.94371723
  190   1   0       0.94346902
  191   1   0       0.91818921
  192   1   0       0.94181833
  193   1   0       1.24234708
  193   2   1       2.83738457
  194   1   0       0.93809420
  195   1   0       0.93771536
  196   1   0       1.24365224
  196   2   1       2.87351685
  197   1   0       0.93608413
  198   1   0       0.94146376
  199   1   0       1.22594659
  199   2   1       2.84795064
  200   1   0       0.95030043
  201   1   0       0.99018789
  202   1   0       1.23729878
  202   2   1       2.86567332
  203   1   0       0.91988942
  204   1   0       0.97789948
  205   1   0       1.23407301
  205   2   1       2.90667964
  206   1   0       0.93815351
  207   1   0       0.90839654
  208   1   0       1.21789913
  208   2   1       2.87647374
  209   1   0       0.93800242
  210   1   0       0.94684162
  211   1   0       1.23562885
  211   2   1       2.88778799
  212   1   0       0.92919478
  213   1   0       0.96198524
  214   1   0       1.23915806
  214   2   1       2.89949321
  215   1   0       0.93404692
  216   1   0       0.96499673
  217   1   0       1.26459642
  217   2   1       2.90237087
  218   1   0       0.93354866
  219   1   0       0.94291395
  220   1   0       0.97628085
  221   1   0       1.28279722
  221   2   1       2.89738838
  222   1   0       0.94320274
  223   1   0       0.92287462
  224   1   0       0.94751913
  225   1   0       1.23762466
  225   2   1       2.86017993
  226   1   0       0.95169731
  227   1   0       0.94154695
  228   1   0       1.23877217
  228   2   1       2.86473057
  229   1   0       0.94389480
  230   1   0       0.94716527
  231   1   0       1.23949072
  231   2   1       2.87399392
  232   1   0       0.95314477
  233   1   0       0.93455799
  234   1   0       1.24123417
  234   2   1       2.86939305
  235   1   0       0.94234699
  236   1   0       0.96277988
  237   1   0       1.24597140
  237   2   1       2.84786313
  238   1   0       0.94777892
  239   1   0       0.94792049
  240   1   0       1.25175949
  240   2   1       2.86279409
  241   1   0       0.97338489
  242   1   0       0.92712878
  243   1   0       1.23128473
  243   2   1       2.88249024
  244   1   0       0.92076972
  245   1   0       0.93513833
  246   1   0       1.23669059
  246   2   1       2.88249156
  247   1   0       0.95127523
  248   1   0       0.94701800
  249   1   0       1.25844451
  249   2   1       2.97192187
  250   1   0       0.91574436
  251   1   0       0.91851696
  252   1   0       0.94291300
  253   1   0       1.27123933
  253   2   1       2.94419271
  254   1   0       0.91787015
  255   1   0       0.95060695
  256   1   0       0.91521191
  257   1   0       1.24978895
  257   2   1       2.82652136
  258   1   0       0.95755957
  259   1   0       0.95046369
  260   1   0       1.24713990
  260   2   1       2.86311141
  261   1   0       0.97224658
  262   1   0       0.93984333
  263   1   0       1.23172338
  263   2   1       2.87997179
  264   1   0       0.93531176
  265   1   0       0.93301133
  266   1   0       1.27304328
  266   2   1       2.85105546
  267   1   0       0.95757909
  268   1   0       0.93243613
  269   1   0       1.25631983
  269   2   1       2.87835458
  270   1   0       0.94360867
  271   1   0       0.94017657
  272   1   0       1.22301955
  272   2   1       2.86690195
  273   1   0       0.94811932
  274   1   0       0.92970176
  275   1   0       1.23753604
  275   2   1       2.87160023
  276   1   0       0.93697361
  277   1   0       0.92934714
  278   1   0       1.24869695
  278   2   1       2.85772938
  279   1   0       0.94833181
  280   1   0       0.95421157
  281   1   0       1.26354803
  281   2   1       2.93479356
  282   1   0       0.95303666
  283   1   0       0.93227523
  284   1   0       0.93320130
  285   1   0       1.27810405
  285   2   1       2.90476849
  286   1   0       0.94212744
  287   1   0       0.95862769
  288   1   0       0.92873950
  289   1   0       1.22884928
  289   2   1       2.84906193
  290   1   0       0.95935869
  291   1   0       0.93942999
  292   1   0       1.25544429
  292   2   1       2.85385245
  293   1   0       0.95139339
  294   1   0       0.94796766
  295   1   0       1.24348808
  295   2   1       2.87241375
  296   1   0       0.94247486
  297   1   0       0.94895597
  298   1   0       1.23590006
  298   2   1       2.88100040
  299   1   0       0.94070424
  300   1   0       0.95158307
  301   1   0       1.24410529
  301   2   1       2.85913292
  302   1   0       0.93515610
  303   1   0       0.95352906
  304   1   0       1.22821505
  304   2   1       2.90804407
  305   1   0       0.92514033
  306   1   0       0.94316446
  307   1   0       1.22466520
  307   2   1       2.87461244
  308   1   0       0.95210899
  309   1   0       0.95066099
  310   1   0       1.20423339
  310   2   1       2.87320672
  311   1   0       0.96307187
  312   1   0       0.93732007
  313   1   0       1.26626487
  313   2   1       2.91514817
  314   1   0       0.95198568
  315   1   0       0.94428115
  316   1   0       0.93478193
  317   1   0       1.26482811
  317   2   1       2.92097393
  318   1   0       0.95233814
  319   1   0       0.92713049
  320   1   0       0.94600219
  321   1   0       1.22734287
  321   2   1       2.87464962
  322   1   0       0.94138504
  323   1   0       0.93568564
  324   1   0       1.25926444
  324   2   1       2.85592223
  325   1   0       0.94353326
  326   1   0       0.94540028
  327   1   0       1.25203393
  327   2   1       2.83802781
  328   1   0       0.97318194
  329   1   0       0.93494371
  330   1   0       1.25649165
  330   2   1       2.84557621
  331   1   0       0.94892271
  332   1   0       0.95284537
  333   1   0       1.24862964
  333   2   1       2.84614730
  334   1   0       0.94846572
  335   1   0       0.94391853
  336   1   0       1.23031110
  336   2   1       2.86653982
  337   1   0       0.94030440
  338   1   0       0.93525361
  339   1   0       1.24069736
  339   2   1       2.82815894
  340   1   0       0.94766274
  341   1   0       0.92738105
  342   1   0       1.28016886
  342   2   1       2.94622251
  343   1   0       0.90845020
  344   1   0       0.91875941
  345   1   0       1.25365163
  345   2   1       2.93314991
  346   1   0       0.92133592
  347   1   0       0.95537431
  348   1   0       0.94010459
  349   1   0       1.29777898
  349   2   1       3.03669341
  350   1   0       0.91855820
  351   1   0       0.89969935
  352   1   0       0.90440309
 
Orbital populations (up)
 Atom Sh.   l   m       Population  Label
    1   1   0   0       1.23781515  s
    1   2   1  -1       0.92464663  p_y
    1   2   1   0       0.95952649  p_z
    1   2   1   1       0.96266264  p_x
    2   1   0   0       0.96935120  s
    3   1   0   0       0.94458596  s
    4   1   0   0       1.23369632  s
    4   2   1  -1       0.93613128  p_y
    4   2   1   0       0.96531247  p_z
    4   2   1   1       0.97099123  p_x
    5   1   0   0       0.95147617  s
    6   1   0   0       0.93076650  s
    7   1   0   0       1.24551636  s
    7   2   1  -1       0.95160788  p_y
    7   2   1   0       0.97254808  p_z
    7   2   1   1       0.94087094  p_x
    8   1   0   0       0.93318075  s
    9   1   0   0       0.95228122  s
   10   1   0   0       1.24391247  s
   10   2   1  -1       0.96676398  p_y
   10   2   1   0       0.94585703  p_z
   10   2   1   1       0.95011294  p_x
   11   1   0   0       0.94899112  s
   12   1   0   0       0.93982740  s
   13   1   0   0       1.22917100  s
   13   2   1  -1       0.96825838  p_y
   13   2   1   0       0.92749415  p_z
   13   2   1   1       0.98812709  p_x
   14   1   0   0       0.94658538  s
   15   1   0   0       0.94141344  s
   16   1   0   0       1.23293202  s
   16   2   1  -1       1.00667078  p_y
   16   2   1   0       0.93069791  p_z
   16   2   1   1       0.94745878  p_x
   17   1   0   0       0.95004039  s
   18   1   0   0       0.94238369  s
   19   1   0   0       1.22793150  s
   19   2   1  -1       0.97595978  p_y
   19   2   1   0       0.94844382  p_z
   19   2   1   1       0.94801959  p_x
   20   1   0   0       0.94852560  s
   21   1   0   0       0.93443783  s
   22   1   0   0       1.22393198  s
   22   2   1  -1       0.95138540  p_y
   22   2   1   0       0.96406285  p_z
   22   2   1   1       0.93550365  p_x
   23   1   0   0       0.96306820  s
   24   1   0   0       0.96009831  s
   25   1   0   0       1.28270161  s
   25   2   1  -1       0.96269079  p_y
   25   2   1   0       0.96827305  p_z
   25   2   1   1       0.98435737  p_x
   26   1   0   0       0.93742826  s
   27   1   0   0       0.92317835  s
   28   1   0   0       0.96559190  s
   29   1   0   0       1.25782254  s
   29   2   1  -1       0.97889334  p_y
   29   2   1   0       0.96829295  p_z
   29   2   1   1       0.99704597  p_x
   30   1   0   0       0.93140549  s
   31   1   0   0       0.93734693  s
   32   1   0   0       0.93303620  s
   33   1   0   0       1.25015833  s
   33   2   1  -1       0.92465062  p_y
   33   2   1   0       0.96925976  p_z
   33   2   1   1       0.96706387  p_x
   34   1   0   0       0.95870503  s
   35   1   0   0       0.93212487  s
   36   1   0   0       1.24004493  s
   36   2   1  -1       0.93442264  p_y
   36   2   1   0       0.95682713  p_z
   36   2   1   1       0.98610147  p_x
   37   1   0   0       0.92158663  s
   38   1   0   0       0.93504135  s
   39   1   0   0       1.26152135  s
   39   2   1  -1       0.94859343  p_y
   39   2   1   0       0.94135243  p_z
   39   2   1   1       0.96844053  p_x
   40   1   0   0       0.94659459  s
   41   1   0   0       0.95669737  s
   42   1   0   0       1.24538267  s
   42   2   1  -1       0.93398306  p_y
   42   2   1   0       0.95288316  p_z
   42   2   1   1       0.96542499  p_x
   43   1   0   0       0.95673526  s
   44   1   0   0       0.94201902  s
   45   1   0   0       1.23648158  s
   45   2   1  -1       0.94700584  p_y
   45   2   1   0       0.95423928  p_z
   45   2   1   1       0.97710510  p_x
   46   1   0   0       0.94221830  s
   47   1   0   0       0.93521910  s
   48   1   0   0       1.25368683  s
   48   2   1  -1       0.93734051  p_y
   48   2   1   0       0.95278777  p_z
   48   2   1   1       0.96820500  p_x
   49   1   0   0       0.95184131  s
   50   1   0   0       0.94150774  s
   51   1   0   0       1.24168500  s
   51   2   1  -1       0.98555124  p_y
   51   2   1   0       0.93763031  p_z
   51   2   1   1       0.95317900  p_x
   52   1   0   0       0.94461417  s
   53   1   0   0       0.95093440  s
   54   1   0   0       1.22104406  s
   54   2   1  -1       0.94205514  p_y
   54   2   1   0       0.92950295  p_z
   54   2   1   1       0.97371946  p_x
   55   1   0   0       0.96702626  s
   56   1   0   0       0.94080372  s
   57   1   0   0       1.28157183  s
   57   2   1  -1       0.98054502  p_y
   57   2   1   0       0.95992392  p_z
   57   2   1   1       0.96708503  p_x
   58   1   0   0       0.94121900  s
   59   1   0   0       0.92967181  s
   60   1   0   0       0.94424522  s
   61   1   0   0       1.24778831  s
   61   2   1  -1       0.99330157  p_y
   61   2   1   0       0.93032357  p_z
   61   2   1   1       1.01802450  p_x
   62   1   0   0       0.94670576  s
   63   1   0   0       0.94371157  s
   64   1   0   0       0.93422048  s
   65   1   0   0       1.22128899  s
   65   2   1  -1       0.98460284  p_y
   65   2   1   0       0.93163552  p_z
   65   2   1   1       0.94525675  p_x
   66   1   0   0       0.93325855  s
   67   1   0   0       0.96130406  s
   68   1   0   0       1.24126511  s
   68   2   1  -1       0.99330021  p_y
   68   2   1   0       0.93042903  p_z
   68   2   1   1       0.92965839  p_x
   69   1   0   0       0.95746645  s
   70   1   0   0       0.94092464  s
   71   1   0   0       1.25532818  s
   71   2   1  -1       0.97647500  p_y
   71   2   1   0       0.92644279  p_z
   71   2   1   1       0.95771209  p_x
   72   1   0   0       0.93606597  s
   73   1   0   0       0.94314938  s
   74   1   0   0       1.26103352  s
   74   2   1  -1       0.95338006  p_y
   74   2   1   0       0.91625783  p_z
   74   2   1   1       0.95277253  p_x
   75   1   0   0       0.95187463  s
   76   1   0   0       0.97892813  s
   77   1   0   0       1.26565690  s
   77   2   1  -1       0.93229202  p_y
   77   2   1   0       0.94251096  p_z
   77   2   1   1       0.96146422  p_x
   78   1   0   0       0.93376541  s
   79   1   0   0       0.95565270  s
   80   1   0   0       1.25168414  s
   80   2   1  -1       0.91682084  p_y
   80   2   1   0       0.95458608  p_z
   80   2   1   1       0.98252923  p_x
   81   1   0   0       0.96617054  s
   82   1   0   0       0.95938497  s
   83   1   0   0       1.22033877  s
   83   2   1  -1       0.92881404  p_y
   83   2   1   0       0.95005642  p_z
   83   2   1   1       0.97212622  p_x
   84   1   0   0       0.94937536  s
   85   1   0   0       0.95151562  s
   86   1   0   0       1.22575859  s
   86   2   1  -1       0.94279704  p_y
   86   2   1   0       0.95484189  p_z
   86   2   1   1       0.97585907  p_x
   87   1   0   0       0.95520221  s
   88   1   0   0       0.93040779  s
   89   1   0   0       1.27190471  s
   89   2   1  -1       0.98828285  p_y
   89   2   1   0       0.98986909  p_z
   89   2   1   1       0.96218382  p_x
   90   1   0   0       0.93651891  s
   91   1   0   0       0.94473866  s
   92   1   0   0       0.92754917  s
   93   1   0   0       1.27173259  s
   93   2   1  -1       0.97364356  p_y
   93   2   1   0       0.97845186  p_z
   93   2   1   1       0.98719110  p_x
   94   1   0   0       0.92899739  s
   95   1   0   0       0.92744598  s
   96   1   0   0       0.95338063  s
   97   1   0   0       1.23712149  s
   97   2   1  -1       0.96652210  p_y
   97   2   1   0       0.93826422  p_z
   97   2   1   1       0.97515156  p_x
   98   1   0   0       0.93585997  s
   99   1   0   0       0.93380866  s
  100   1   0   0       1.25349504  s
  100   2   1  -1       0.96098389  p_y
  100   2   1   0       0.92734592  p_z
  100   2   1   1       0.95854221  p_x
  101   1   0   0       0.95243759  s
  102   1   0   0       0.94058935  s
  103   1   0   0       1.25539543  s
  103   2   1  -1       0.96227567  p_y
  103   2   1   0       0.92280741  p_z
  103   2   1   1       0.96999122  p_x
  104   1   0   0       0.94838735  s
  105   1   0   0       0.95117409  s
  106   1   0   0       1.28514578  s
  106   2   1  -1       0.96962535  p_y
  106   2   1   0       0.92909357  p_z
  106   2   1   1       0.93844753  p_x
  107   1   0   0       0.92849639  s
  108   1   0   0       0.94995394  s
  109   1   0   0       1.26183159  s
  109   2   1  -1       0.97282212  p_y
  109   2   1   0       0.93887583  p_z
  109   2   1   1       0.94742134  p_x
  110   1   0   0       0.93496761  s
  111   1   0   0       0.94494080  s
  112   1   0   0       1.25698233  s
  112   2   1  -1       0.95263826  p_y
  112   2   1   0       0.92904494  p_z
  112   2   1   1       0.96671547  p_x
  113   1   0   0       0.93874449  s
  114   1   0   0       0.95921286  s
  115   1   0   0       1.25708440  s
  115   2   1  -1       0.92421494  p_y
  115   2   1   0       0.95936819  p_z
  115   2   1   1       0.94241969  p_x
  116   1   0   0       0.94990157  s
  117   1   0   0       0.96625121  s
  118   1   0   0       1.22237400  s
  118   2   1  -1       0.93988259  p_y
  118   2   1   0       0.96110989  p_z
  118   2   1   1       0.94915116  p_x
  119   1   0   0       0.97137703  s
  120   1   0   0       0.93128771  s
  121   1   0   0       1.27897087  s
  121   2   1  -1       0.97444655  p_y
  121   2   1   0       0.96865887  p_z
  121   2   1   1       0.97871475  p_x
  122   1   0   0       0.94517192  s
  123   1   0   0       0.93306048  s
  124   1   0   0       0.92673563  s
  125   1   0   0       1.26925531  s
  125   2   1  -1       0.95423020  p_y
  125   2   1   0       0.97908923  p_z
  125   2   1   1       0.98608153  p_x
  126   1   0   0       0.93712360  s
  127   1   0   0       0.94130273  s
  128   1   0   0       0.96009562  s
  129   1   0   0       1.22125196  s
  129   2   1  -1       0.97725434  p_y
  129   2   1   0       0.97812335  p_z
  129   2   1   1       0.90294016  p_x
  130   1   0   0       0.94145229  s
  131   1   0   0       0.95824857  s
  132   1   0   0       1.22193755  s
  132   2   1  -1       0.92307234  p_y
  132   2   1   0       0.97299277  p_z
  132   2   1   1       0.99127508  p_x
  133   1   0   0       0.96015996  s
  134   1   0   0       0.93862681  s
  135   1   0   0       1.21808862  s
  135   2   1  -1       0.94086760  p_y
  135   2   1   0       0.96342130  p_z
  135   2   1   1       0.96367997  p_x
  136   1   0   0       0.94471101  s
  137   1   0   0       0.94335161  s
  138   1   0   0       1.22764931  s
  138   2   1  -1       0.97832423  p_y
  138   2   1   0       0.93770262  p_z
  138   2   1   1       0.96162854  p_x
  139   1   0   0       0.95047280  s
  140   1   0   0       0.95353557  s
  141   1   0   0       1.25425527  s
  141   2   1  -1       0.92964456  p_y
  141   2   1   0       0.96168310  p_z
  141   2   1   1       0.96600078  p_x
  142   1   0   0       0.94146934  s
  143   1   0   0       0.93884036  s
  144   1   0   0       1.24656286  s
  144   2   1  -1       0.92354424  p_y
  144   2   1   0       0.98269720  p_z
  144   2   1   1       0.96369263  p_x
  145   1   0   0       0.96121019  s
  146   1   0   0       0.94231695  s
  147   1   0   0       1.22081341  s
  147   2   1  -1       0.91502747  p_y
  147   2   1   0       0.98431500  p_z
  147   2   1   1       0.97429371  p_x
  148   1   0   0       0.92881672  s
  149   1   0   0       0.94485608  s
  150   1   0   0       1.24754630  s
  150   2   1  -1       0.93847472  p_y
  150   2   1   0       0.92137475  p_z
  150   2   1   1       0.95227804  p_x
  151   1   0   0       0.97539334  s
  152   1   0   0       0.97722769  s
  153   1   0   0       1.26885762  s
  153   2   1  -1       1.00114089  p_y
  153   2   1   0       0.97432398  p_z
  153   2   1   1       0.94081524  p_x
  154   1   0   0       0.95194124  s
  155   1   0   0       0.94815206  s
  156   1   0   0       0.94371527  s
  157   1   0   0       1.26438624  s
  157   2   1  -1       1.00183592  p_y
  157   2   1   0       0.93888003  p_z
  157   2   1   1       0.97765832  p_x
  158   1   0   0       0.95259043  s
  159   1   0   0       0.94249071  s
  160   1   0   0       0.92965284  s
  161   1   0   0       1.23079616  s
  161   2   1  -1       0.96262038  p_y
  161   2   1   0       0.93320502  p_z
  161   2   1   1       0.95026052  p_x
  162   1   0   0       0.94933921  s
  163   1   0   0       0.92654403  s
  164   1   0   0       1.27815145  s
  164   2   1  -1       0.97515287  p_y
  164   2   1   0       0.91109680  p_z
  164   2   1   1       0.93282609  p_x
  165   1   0   0       0.97724616  s
  166   1   0   0       0.95284443  s
  167   1   0   0       1.25168997  s
  167   2   1  -1       0.94585309  p_y
  167   2   1   0       0.95866109  p_z
  167   2   1   1       0.95457588  p_x
  168   1   0   0       0.94540000  s
  169   1   0   0       0.93965716  s
  170   1   0   0       1.24765106  s
  170   2   1  -1       0.92836865  p_y
  170   2   1   0       0.96664522  p_z
  170   2   1   1       0.96023242  p_x
  171   1   0   0       0.96347070  s
  172   1   0   0       0.94077549  s
  173   1   0   0       1.23982900  s
  173   2   1  -1       0.92784986  p_y
  173   2   1   0       0.98036090  p_z
  173   2   1   1       0.97359145  p_x
  174   1   0   0       0.94466432  s
  175   1   0   0       0.94201215  s
  176   1   0   0       1.25119765  s
  176   2   1  -1       0.92368447  p_y
  176   2   1   0       0.97126117  p_z
  176   2   1   1       0.98006177  p_x
  177   1   0   0       0.94637021  s
  178   1   0   0       0.94682083  s
  179   1   0   0       1.23646432  s
  179   2   1  -1       0.94900524  p_y
  179   2   1   0       0.94709295  p_z
  179   2   1   1       0.96923364  p_x
  180   1   0   0       0.94535061  s
  181   1   0   0       0.95391095  s
  182   1   0   0       1.20958716  s
  182   2   1  -1       0.94123287  p_y
  182   2   1   0       0.96126348  p_z
  182   2   1   1       0.96308625  p_x
  183   1   0   0       0.94687670  s
  184   1   0   0       0.93885446  s
  185   1   0   0       1.24927973  s
  185   2   1  -1       0.99178826  p_y
  185   2   1   0       0.98542182  p_z
  185   2   1   1       0.97031482  p_x
  186   1   0   0       0.93625504  s
  187   1   0   0       0.94053716  s
  188   1   0   0       0.94706005  s
  189   1   0   0       1.25331110  s
  189   2   1  -1       0.97697105  p_y
  189   2   1   0       0.98612610  p_z
  189   2   1   1       0.98062007  p_x
  190   1   0   0       0.94346902  s
  191   1   0   0       0.91818921  s
  192   1   0   0       0.94181833  s
  193   1   0   0       1.24234708  s
  193   2   1  -1       0.95933586  p_y
  193   2   1   0       0.93566486  p_z
  193   2   1   1       0.94238385  p_x
  194   1   0   0       0.93809420  s
  195   1   0   0       0.93771536  s
  196   1   0   0       1.24365224  s
  196   2   1  -1       0.96881565  p_y
  196   2   1   0       0.91278741  p_z
  196   2   1   1       0.99191380  p_x
  197   1   0   0       0.93608413  s
  198   1   0   0       0.94146376  s
  199   1   0   0       1.22594659  s
  199   2   1  -1       0.95138801  p_y
  199   2   1   0       0.93420093  p_z
  199   2   1   1       0.96236170  p_x
  200   1   0   0       0.95030043  s
  201   1   0   0       0.99018789  s
  202   1   0   0       1.23729878  s
  202   2   1  -1       0.96079010  p_y
  202   2   1   0       0.91383499  p_z
  202   2   1   1       0.99104822  p_x
  203   1   0   0       0.91988942  s
  204   1   0   0       0.97789948  s
  205   1   0   0       1.23407301  s
  205   2   1  -1       0.97303384  p_y
  205   2   1   0       0.97371622  p_z
  205   2   1   1       0.95992957  p_x
  206   1   0   0       0.93815351  s
  207   1   0   0       0.90839654  s
  208   1   0   0       1.21789913  s
  208   2   1  -1       0.94265621  p_y
  208   2   1   0       0.97857200  p_z
  208   2   1   1       0.95524553  p_x
  209   1   0   0       0.93800242  s
  210   1   0   0       0.94684162  s
  211   1   0   0       1.23562885  s
  211   2   1  -1       0.95795326  p_y
  211   2   1   0       0.91776790  p_z
  211   2   1   1       1.01206683  p_x
  212   1   0   0       0.92919478  s
  213   1   0   0       0.96198524  s
  214   1   0   0       1.23915806  s
  214   2   1  -1       0.98589827  p_y
  214   2   1   0       0.91023233  p_z
  214   2   1   1       1.00336261  p_x
  215   1   0   0       0.93404692  s
  216   1   0   0       0.96499673  s
  217   1   0   0       1.26459642  s
  217   2   1  -1       0.95236508  p_y
  217   2   1   0       0.97062939  p_z
  217   2   1   1       0.97937641  p_x
  218   1   0   0       0.93354866  s
  219   1   0   0       0.94291395  s
  220   1   0   0       0.97628085  s
  221   1   0   0       1.28279722  s
  221   2   1  -1       0.99591218  p_y
  221   2   1   0       0.94727884  p_z
  221   2   1   1       0.95419737  p_x
  222   1   0   0       0.94320274  s
  223   1   0   0       0.92287462  s
  224   1   0   0       0.94751913  s
  225   1   0   0       1.23762466  s
  225   2   1  -1       0.93676816  p_y
  225   2   1   0       0.96298278  p_z
  225   2   1   1       0.96042900  p_x
  226   1   0   0       0.95169731  s
  227   1   0   0       0.94154695  s
  228   1   0   0       1.23877217  s
  228   2   1  -1       0.97634951  p_y
  228   2   1   0       0.92537110  p_z
  228   2   1   1       0.96300996  p_x
  229   1   0   0       0.94389480  s
  230   1   0   0       0.94716527  s
  231   1   0   0       1.23949072  s
  231   2   1  -1       0.95984171  p_y
  231   2   1   0       0.94121033  p_z
  231   2   1   1       0.97294189  p_x
  232   1   0   0       0.95314477  s
  233   1   0   0       0.93455799  s
  234   1   0   0       1.24123417  s
  234   2   1  -1       0.97890225  p_y
  234   2   1   0       0.95283547  p_z
  234   2   1   1       0.93765533  p_x
  235   1   0   0       0.94234699  s
  236   1   0   0       0.96277988  s
  237   1   0   0       1.24597140  s
  237   2   1  -1       0.96995736  p_y
  237   2   1   0       0.92568977  p_z
  237   2   1   1       0.95221600  p_x
  238   1   0   0       0.94777892  s
  239   1   0   0       0.94792049  s
  240   1   0   0       1.25175949  s
  240   2   1  -1       0.93939321  p_y
  240   2   1   0       0.95931012  p_z
  240   2   1   1       0.96409076  p_x
  241   1   0   0       0.97338489  s
  242   1   0   0       0.92712878  s
  243   1   0   0       1.23128473  s
  243   2   1  -1       0.95905396  p_y
  243   2   1   0       0.95634854  p_z
  243   2   1   1       0.96708774  p_x
  244   1   0   0       0.92076972  s
  245   1   0   0       0.93513833  s
  246   1   0   0       1.23669059  s
  246   2   1  -1       0.95590574  p_y
  246   2   1   0       0.98173895  p_z
  246   2   1   1       0.94484687  p_x
  247   1   0   0       0.95127523  s
  248   1   0   0       0.94701800  s
  249   1   0   0       1.25844451  s
  249   2   1  -1       0.97157586  p_y
  249   2   1   0       1.00313723  p_z
  249   2   1   1       0.99720878  p_x
  250   1   0   0       0.91574436  s
  251   1   0   0       0.91851696  s
  252   1   0   0       0.94291300  s
  253   1   0   0       1.27123933  s
  253   2   1  -1       0.97163010  p_y
  253   2   1   0       0.98438747  p_z
  253   2   1   1       0.98817514  p_x
  254   1   0   0       0.91787015  s
  255   1   0   0       0.95060695  s
  256   1   0   0       0.91521191  s
  257   1   0   0       1.24978895  s
  257   2   1  -1       0.94598911  p_y
  257   2   1   0       0.94319592  p_z
  257   2   1   1       0.93733634  p_x
  258   1   0   0       0.95755957  s
  259   1   0   0       0.95046369  s
  260   1   0   0       1.24713990  s
  260   2   1  -1       0.97557619  p_y
  260   2   1   0       0.93425171  p_z
  260   2   1   1       0.95328351  p_x
  261   1   0   0       0.97224658  s
  262   1   0   0       0.93984333  s
  263   1   0   0       1.23172338  s
  263   2   1  -1       0.95810327  p_y
  263   2   1   0       0.94106034  p_z
  263   2   1   1       0.98080818  p_x
  264   1   0   0       0.93531176  s
  265   1   0   0       0.93301133  s
  266   1   0   0       1.27304328  s
  266   2   1  -1       0.97198231  p_y
  266   2   1   0       0.92627269  p_z
  266   2   1   1       0.95280046  p_x
  267   1   0   0       0.95757909  s
  268   1   0   0       0.93243613  s
  269   1   0   0       1.25631983  s
  269   2   1  -1       0.98986104  p_y
  269   2   1   0       0.91421688  p_z
  269   2   1   1       0.97427666  p_x
  270   1   0   0       0.94360867  s
  271   1   0   0       0.94017657  s
  272   1   0   0       1.22301955  s
  272   2   1  -1       0.97971280  p_y
  272   2   1   0       0.93373606  p_z
  272   2   1   1       0.95345309  p_x
  273   1   0   0       0.94811932  s
  274   1   0   0       0.92970176  s
  275   1   0   0       1.23753604  s
  275   2   1  -1       0.97943197  p_y
  275   2   1   0       0.91453794  p_z
  275   2   1   1       0.97763032  p_x
  276   1   0   0       0.93697361  s
  277   1   0   0       0.92934714  s
  278   1   0   0       1.24869695  s
  278   2   1  -1       0.98643290  p_y
  278   2   1   0       0.91831121  p_z
  278   2   1   1       0.95298526  p_x
  279   1   0   0       0.94833181  s
  280   1   0   0       0.95421157  s
  281   1   0   0       1.26354803  s
  281   2   1  -1       0.98958561  p_y
  281   2   1   0       0.96349989  p_z
  281   2   1   1       0.98170806  p_x
  282   1   0   0       0.95303666  s
  283   1   0   0       0.93227523  s
  284   1   0   0       0.93320130  s
  285   1   0   0       1.27810405  s
  285   2   1  -1       0.97747544  p_y
  285   2   1   0       0.96887288  p_z
  285   2   1   1       0.95842018  p_x
  286   1   0   0       0.94212744  s
  287   1   0   0       0.95862769  s
  288   1   0   0       0.92873950  s
  289   1   0   0       1.22884928  s
  289   2   1  -1       0.92201502  p_y
  289   2   1   0       0.94850110  p_z
  289   2   1   1       0.97854582  p_x
  290   1   0   0       0.95935869  s
  291   1   0   0       0.93942999  s
  292   1   0   0       1.25544429  s
  292   2   1  -1       0.91194919  p_y
  292   2   1   0       0.97682163  p_z
  292   2   1   1       0.96508164  p_x
  293   1   0   0       0.95139339  s
  294   1   0   0       0.94796766  s
  295   1   0   0       1.24348808  s
  295   2   1  -1       0.96720441  p_y
  295   2   1   0       0.93753122  p_z
  295   2   1   1       0.96767812  p_x
  296   1   0   0       0.94247486  s
  297   1   0   0       0.94895597  s
  298   1   0   0       1.23590006  s
  298   2   1  -1       0.94419020  p_y
  298   2   1   0       0.92731084  p_z
  298   2   1   1       1.00949936  p_x
  299   1   0   0       0.94070424  s
  300   1   0   0       0.95158307  s
  301   1   0   0       1.24410529  s
  301   2   1  -1       0.95459308  p_y
  301   2   1   0       0.94097572  p_z
  301   2   1   1       0.96356412  p_x
  302   1   0   0       0.93515610  s
  303   1   0   0       0.95352906  s
  304   1   0   0       1.22821505  s
  304   2   1  -1       0.94685461  p_y
  304   2   1   0       1.00493437  p_z
  304   2   1   1       0.95625509  p_x
  305   1   0   0       0.92514033  s
  306   1   0   0       0.94316446  s
  307   1   0   0       1.22466520  s
  307   2   1  -1       0.95337340  p_y
  307   2   1   0       0.98357783  p_z
  307   2   1   1       0.93766121  p_x
  308   1   0   0       0.95210899  s
  309   1   0   0       0.95066099  s
  310   1   0   0       1.20423339  s
  310   2   1  -1       0.95770642  p_y
  310   2   1   0       0.95862280  p_z
  310   2   1   1       0.95687750  p_x
  311   1   0   0       0.96307187  s
  312   1   0   0       0.93732007  s
  313   1   0   0       1.26626487  s
  313   2   1  -1       0.95549886  p_y
  313   2   1   0       0.98912027  p_z
  313   2   1   1       0.97052904  p_x
  314   1   0   0       0.95198568  s
  315   1   0   0       0.94428115  s
  316   1   0   0       0.93478193  s
  317   1   0   0       1.26482811  s
  317   2   1  -1       0.96997898  p_y
  317   2   1   0       0.96279708  p_z
  317   2   1   1       0.98819788  p_x
  318   1   0   0       0.95233814  s
  319   1   0   0       0.92713049  s
  320   1   0   0       0.94600219  s
  321   1   0   0       1.22734287  s
  321   2   1  -1       0.95753464  p_y
  321   2   1   0       0.94220445  p_z
  321   2   1   1       0.97491053  p_x
  322   1   0   0       0.94138504  s
  323   1   0   0       0.93568564  s
  324   1   0   0       1.25926444  s
  324   2   1  -1       0.93798177  p_y
  324   2   1   0       0.94047878  p_z
  324   2   1   1       0.97746167  p_x
  325   1   0   0       0.94353326  s
  326   1   0   0       0.94540028  s
  327   1   0   0       1.25203393  s
  327   2   1  -1       0.96203535  p_y
  327   2   1   0       0.93573093  p_z
  327   2   1   1       0.94026152  p_x
  328   1   0   0       0.97318194  s
  329   1   0   0       0.93494371  s
  330   1   0   0       1.25649165  s
  330   2   1  -1       0.93094746  p_y
  330   2   1   0       0.94961752  p_z
  330   2   1   1       0.96501123  p_x
  331   1   0   0       0.94892271  s
  332   1   0   0       0.95284537  s
  333   1   0   0       1.24862964  s
  333   2   1  -1       0.95658948  p_y
  333   2   1   0       0.92980268  p_z
  333   2   1   1       0.95975514  p_x
  334   1   0   0       0.94846572  s
  335   1   0   0       0.94391853  s
  336   1   0   0       1.23031110  s
  336   2   1  -1       0.97129780  p_y
  336   2   1   0       0.93534716  p_z
  336   2   1   1       0.95989487  p_x
  337   1   0   0       0.94030440  s
  338   1   0   0       0.93525361  s
  339   1   0   0       1.24069736  s
  339   2   1  -1       0.94297789  p_y
  339   2   1   0       0.92077772  p_z
  339   2   1   1       0.96440333  p_x
  340   1   0   0       0.94766274  s
  341   1   0   0       0.92738105  s
  342   1   0   0       1.28016886  s
  342   2   1  -1       0.95122994  p_y
  342   2   1   0       0.96713325  p_z
  342   2   1   1       1.02785933  p_x
  343   1   0   0       0.90845020  s
  344   1   0   0       0.91875941  s
  345   1   0   0       1.25365163  s
  345   2   1  -1       0.98067479  p_y
  345   2   1   0       0.96149729  p_z
  345   2   1   1       0.99097783  p_x
  346   1   0   0       0.92133592  s
  347   1   0   0       0.95537431  s
  348   1   0   0       0.94010459  s
  349   1   0   0       1.29777898  s
  349   2   1  -1       1.04095688  p_y
  349   2   1   0       1.01182026  p_z
  349   2   1   1       0.98391627  p_x
  350   1   0   0       0.91855820  s
  351   1   0   0       0.89969935  s
  352   1   0   0       0.90440309  s
 
Fermi level:                        -0.1539848937 H           -4.1901 eV
Band energy:                      -278.1463612986 H        -7568.7476 eV
TS:                                  0.0000000000 H            0.0000 eV
Band free energy (E-TS):          -278.1463612986 H        -7568.7476 eV
Extrapolated E(0K):               -278.1463612986 H        -7568.7476 eV
Input / Output electrons (q):    682.0000000000    682.0000000000
 
Energy H0:                        -282.5818302228 H        -7689.4428 eV
Energy SCC:                          0.0742240146 H            2.0197 eV
Total Electronic energy:          -282.5076062082 H        -7687.4231 eV
Repulsive energy:                    4.4839634222 H          122.0149 eV
Dispersion energy:                   1.1100981597 H           30.2073 eV
Total energy:                     -276.9135446263 H        -7535.2009 eV
Extrapolated to 0:                -276.9135446263 H        -7535.2009 eV
Total Mermin free energy:         -276.9135446263 H        -7535.2009 eV
Force related energy:             -276.9135446263 H        -7535.2009 eV
 
SCC converged
 
Full geometry written in geo_end.{xyz|gen}
 
MD Kinetic Energy:                   0.7934808810 H
Total MD Energy:                  -276.1200637453 H
Pressure:                           -0.182300E-04 au    -0.536344E+09 Pa
MD Temperature:                      0.0015070862 H          475.8996 K
MD Kinetic Energy:                   0.7934808810 H
Total MD Energy:                  -276.1200637453 H        -7513.6092 eV
MD Temperature:                      0.0015070862 H          475.8996 K
 
Molecular dynamics completed
 
