 Fermi distribution function
 
MD step: 50000
 

********************************************************************************
 iSCC Total electronic   Diff electronic      SCC error    
    5   -0.28258224E+03    0.44792614E-10    0.76325387E-06
********************************************************************************
 
Coordinates of moved atoms (au):
    1     75.59275004     48.13300928     75.19630855
    2     74.59002103     49.95129899     75.33463794
    3     74.07358903     46.69492568     74.78996399
    4     77.39910641     77.16231762     72.98732588
    5     76.23729470     76.55302783     71.26082403
    6     49.77800050     75.70315422     72.97170324
    7     78.36116286     79.85073150     72.39221086
    8     50.84758809     80.48951837     73.71498888
    9     76.85883147     81.09140170     72.76337843
   10     50.27989549     80.02783703     69.54590039
   11     51.45509222     78.30638677     69.39338831
   12     51.67523155     81.68418168     69.35671640
   13     77.44416192     79.87154485     67.29916739
   14     76.19256795     81.51973339     67.38737440
   15     76.13300608     78.25270263     67.61520381
   16     49.56425035     79.34674065     64.72883899
   17     49.82562434     77.25107850     64.91018659
   18     51.46547894     80.10518550     64.50527534
   19     77.07212908     80.40928883     62.30458833
   20     76.49496508     82.33360599     62.37604481
   21     75.18865310     79.50044434     62.29592954
   22     78.37739887     79.95375582     59.79765855
   23     48.95601820     77.96465429     59.49534936
   24     51.65954657     80.15990827     60.17478520
   25     76.46397730     47.16609788     77.80374661
   26     74.77174688     46.84371323     78.91260893
   27     77.37815300     45.44460306     77.46622481
   28     77.80808361     48.58885800     78.65806975
   29     77.58054472     81.50594196     57.58453358
   30     75.54933849     80.89119380     57.42340671
   31     77.63843499     83.52689987     57.88805305
   32     78.52890640     80.86175608     55.87728350
   33     36.97693208     55.29887800     57.96723246
   34     36.73478248     56.64677384     56.25291726
   35     36.42248751     53.45350871     57.08610597
   36     39.77696977     54.86921219     58.72670863
   37     40.75286396     53.74316412     57.32280997
   38     39.81002897     53.85465504     60.54668255
   39     40.95424824     57.49448955     59.01966875
   40     39.58806687     59.02525778     59.79761516
   41     40.96843620     58.15594720     57.09195646
   42     43.48556669     57.59111667     60.46554934
   43     73.38443864     59.20948930     59.49989818
   44     44.62857582     55.82889369     60.13376279
   45     43.18960242     57.92252580     63.23589871
   46     42.18511933     56.39196107     64.21535631
   47     70.82077726     59.60884802     63.43524937
   48     74.76592736     58.29250659     64.38738773
   49     75.52960809     60.04871618     63.65677484
   50     75.84150950     56.82253513     63.35498843
   51     45.92621440     58.45620644     67.18159771
   52     45.59169816     56.55021652     68.03240415
   53     44.41721413     59.50647452     67.89993423
   54     77.60715816     59.39852521     96.83486064
   55     77.83041788     61.21608509     95.55561516
   56     78.98469919     58.05345706     96.20061806
   57     35.22718928     55.77038165     60.14000260
   58     33.19609862     55.87074241     59.53042828
   59     35.50915557     54.41727906     61.55146731
   60     35.39813057     57.61324684     61.07490347
   61     48.69073973     59.92115939     99.62453432
   62     46.77919834     59.69345909    100.30811856
   63     49.77369718     58.42037468    100.59615182
   64     49.41500087     61.86588242    100.33189745
   65     74.94246229     65.81466198     74.76537006
   66     73.04319819     66.20436858     73.83451757
   67     75.89573487     64.61399408     73.32830771
   68     76.34552692     68.37147704     74.88271009
   69     78.57678235     68.04251153     74.47904132
   70     76.39709989     69.00690184     76.80269147
   71     75.49160394     70.37328718     72.67330348
   72     76.88347392     71.90004414     72.48466269
   73     73.72050454     71.45927719     73.55582642
   74     74.96565156     40.35534347     69.89240985
   75     73.83523198     41.72192634     68.79945229
   76     73.63582860     38.74645047     69.86005675
   77     77.54944371     39.81387572     68.71828779
   78     78.51438968     67.30425420     69.85879385
   79     78.95366402     70.34616818     68.70907013
   80     77.86738326     38.94308936     65.97385549
   81     77.01366959     40.44916833     64.78313299
   82     76.93684104     37.13140459     65.86922984
   83     80.70129917     38.59015881     65.36269383
   84     81.14222420     36.61253553     65.99991794
   85     81.94474090     39.93483832     66.55508867
   86     81.18901367     38.82485329     62.52059963
   87     80.19302655     40.66718871     61.58431064
   88     80.46987090     37.24245672     61.29676751
   89     74.56577625     64.68917480     77.29566905
   90     74.26755207     62.53066846     77.12198350
   91     76.06785715     64.86590350     78.79654688
   92     72.91368718     65.44099417     78.50841371
   93     83.97281037     39.31670117     61.67580890
   94     84.92885088     40.94677474     62.36577172
   95     85.19500828     37.75098595     62.49300227
   96     84.11754248     39.37256015     59.56686843
   97     56.06865767     72.21606385     69.75047077
   98     55.69753589     70.15641963     69.49556895
   99     55.03052888     72.98064424     68.18283467
  100     54.78681244     72.72159925     72.32166671
  101     52.95228911     71.73239234     71.97111599
  102     54.44764020     74.72125623     72.57176937
  103     56.10759090     71.47955653     74.43868821
  104     57.99559065     72.10696958     74.73980572
  105     56.24364950     69.44654778     74.00543721
  106     54.58068080     72.07314033     47.86363331
  107     52.58842049     71.66097287     47.28955423
  108     54.50763800     74.12189998     48.15349677
  109     55.57251338     70.75646426     50.09125479
  110     56.67356960     71.95871456     51.51160494
  111     56.94517678     69.20310463     49.47049797
  112     53.56676490     69.06245961     51.45670115
  113     54.63979944     67.76188959     52.70641458
  114     52.63598491     67.64412613     50.04689308
  115     51.06045829     70.15194957     52.81603986
  116     49.72919277     68.58328046     53.44670032
  117     50.31967522     71.22945261     51.44619434
  118     51.95390472     71.66615498     55.06446999
  119     53.95986618     72.42131985     54.97792632
  120     52.15640440     70.37665955     56.65542743
  121     58.76445676     73.04292921     69.21577102
  122     59.00208672     74.94817235     68.20831813
  123     59.92630833     73.40529534     71.04130894
  124     59.69161186     71.58585993     67.83563976
  125     50.41777388     73.87477934     55.95375204
  126     48.88241813     73.24279139     57.12368980
  127     51.57564288     75.33451617     56.63591648
  128     49.28977774     74.70353843     54.45597145
  129     69.87563990     75.33391419     62.09036699
  130     71.87408451     74.80857298     61.79539363
  131     68.64932086     73.53442920     61.88437562
  132     69.52916730     76.44154391     64.77170363
  133     70.53323811     75.43415380     66.35407225
  134     67.26020765     76.49914782     65.19154842
  135     70.06333001     79.43786879     64.81420630
  136     68.35276325     80.38683058     64.39742058
  137     71.75273674     79.73892206     63.56453529
  138     70.91348124     80.80956500     67.19939715
  139     71.44484499     82.69928503     66.51307840
  140     72.61385477     79.96117788     67.97069997
  141     68.99547581     80.96509507     69.25462088
  142     68.43717285     79.01361213     69.68054846
  143     67.28257453     82.03642846     68.75956899
  144     70.25019106     82.60399172     71.43502332
  145     71.27299378     84.16597319     70.42715131
  146     71.74362711     81.43941337     72.30542402
  147     68.49062205     83.65013293     73.56261550
  148     67.24507350     82.16290082     74.44451285
  149     67.18855165     84.96572230     72.66048316
  150     70.22400989     85.17479899     75.47037969
  151     71.88499446     83.83842750     76.25992497
  152     68.95178728     85.22304332     77.17493221
  153     68.98589210     77.12325394     59.99407295
  154     70.11412669     50.00459668     59.99822354
  155     69.16528717     76.03493461     58.13223308
  156     66.93849350     77.68124419     60.37615425
  157     71.66380186     87.67133968     74.45722543
  158     70.35260799     89.06740899     73.82716892
  159     72.88508441     88.28010964     76.01990479
  160     72.71427609     86.95067862     72.84209650
  161     88.42025379     49.45017493     46.84815607
  162     88.21390520     48.12193121     45.22289737
  163     86.51491119     50.05307807     47.59335627
  164     89.71170138     47.76286838     48.71725703
  165     91.65954504     47.44538133     48.12315030
  166     88.93604331     45.96895324     48.66138804
  167     89.43345197     48.83096072     51.49981521
  168     90.01422811     50.91512506     51.40274878
  169     90.87414456     47.74983603     52.44971198
  170     86.91987783     48.37742504     52.95075165
  171     86.67870569     46.50551390     53.83305589
  172     85.24973615     48.56309888     51.81856242
  173     86.90469069     79.41754448     55.09247331
  174     85.32669193     80.78825458     55.08630124
  175     88.60505895     51.67978419     54.74461871
  176     87.08810140     78.21885949     57.74263721
  177     89.14328711     77.89764543     58.09458489
  178     86.19841094     76.19840390     57.64424508
  179     86.14089049     79.91520230     60.13889512
  180     84.33280808     80.76020549     59.47366375
  181     87.40292922     81.62531656     60.66637175
  182     86.56231841     78.29629316     62.52445944
  183     88.55406860     77.60483172     62.46698837
  184     85.37130331     76.43005244     62.58241766
  185     89.55383633     51.98772860     45.60310898
  186     91.21187469     51.48943331     44.31261978
  187     88.15769645     53.02844812     44.41341514
  188     90.48013343     53.25861528     75.96938641
  189     86.32703508     79.83006592     65.04493942
  190     86.99686238     81.86150491     64.75275464
  191     84.43916116     79.73596050     65.80907087
  192     87.54797278     78.96154171     66.47831146
  193     69.55363431     48.83248426     79.22468678
  194     70.35038829     47.13017385     80.18987659
  195     71.18037643     78.53694504     78.17407215
  196     67.38958160     48.06415370     77.57921915
  197     66.41983130     49.78990007     76.88441188
  198     65.97409148     76.02328072     78.89102200
  199     68.28433115     46.53338131     75.21124335
  200     69.72642215     45.05436128     75.68780185
  201     69.77010864     47.62410769     74.28069262
  202     66.46163259     44.95362863     73.63794743
  203     64.77589963     46.07043397     73.24090852
  204     65.98031252     43.29135108     74.82361748
  205     67.69254345     44.44855012     70.98432544
  206     69.75807827     43.87335963     70.94041791
  207     67.65887268     46.03837198     69.84511620
  208     66.10196037     42.38308870     69.50249399
  209     66.20450898     42.99120770     67.48420761
  210     64.15848834     42.53008333     69.99259595
  211     66.95863019     68.49288761     69.69127808
  212     68.65487588     68.48038426     70.78048949
  213     67.27556184     67.50519823     67.92037888
  214     64.80704835     66.84069286     70.95720480
  215     64.37188064     67.29390001     72.98152648
  216     65.74983958     65.09208571     70.95026011
  217     68.79971056     50.74820651     81.06981482
  218     68.24886471     52.43866608     51.00720467
  219     66.96192580     50.28623913     53.16743603
  220     70.13444220     50.79642510     82.52939807
  221     62.55467049     66.61357273     69.36317721
  222     61.23123484     68.23798506     69.59037906
  223     63.25258236     66.65255427     67.49056421
  224     61.40050001     64.87186105     69.53604197
  225     56.94163664     88.87009210     66.81656344
  226     58.26726742     89.35256831     68.51459807
  227     55.70387651     90.76113824     66.76427106
  228     58.96853554     60.17373835     64.86271260
  229     58.09037772     59.92808330     62.95506227
  230     60.61895134     59.27206167     65.02263402
  231     59.96610014     91.95154416     64.15141711
  232     61.14296143     93.22293337     65.52690963
  233     58.31682354     93.31555389     63.72153445
  234     62.24955509     91.56579928     62.13219665
  235     61.71997001     90.12444811     60.68375701
  236     64.00215574     90.92168007     62.93379665
  237     62.49322526     94.23332906     60.92196516
  238     64.18996083     94.22011406     59.73135196
  239     62.57151864     66.87926960     62.14813482
  240     60.39840741     94.39793402     58.65207981
  241     60.17446686     67.22531017     57.99205811
  242     58.41832659     65.01053321     59.34911276
  243     60.98903924     92.30237614     56.76055336
  244     62.28376431     90.92803005     57.68770832
  245     62.25780661     93.43818157     55.31838749
  246     58.90358891     91.08819463     55.36888292
  247     57.51990079     90.56783867     56.75634272
  248     59.62067594     89.14059305     54.85435529
  249     55.26284178     57.55208375     67.24809165
  250     55.32326864     56.59276299     65.40318810
  251     56.19327861     56.48613664     68.73185619
  252     53.26819889     57.60278147     67.73363521
  253     57.82966733     92.90418577     52.94857827
  254     56.19128277     93.82830567     53.70237559
  255     59.21610917     94.21488377     52.16535581
  256     54.94741008     90.49838311     80.93899210
  257     87.11765558     64.08589402    104.13463846
  258     86.16295294     63.86063131    102.13516816
  259     87.49185546     66.01186772    104.18292324
  260     84.96160243     63.41777502    106.18847681
  261     83.47924341     62.32565159    105.22231320
  262     83.68344171     64.96792805    106.38347053
  263     85.66123819     62.18027202     79.81643692
  264     72.54272449     57.62803570     81.94743883
  265     86.79449723     60.58890175     79.44494345
  266     74.27882742     56.48197735     81.99807278
  267     73.61426768     54.55445664     81.62037440
  268     74.68673988     57.02202808     84.08609988
  269     76.21457487     57.62783556     80.28705011
  270     76.55474199     59.98433112     80.21508136
  271     75.67124489     57.43301253     78.29687520
  272     78.85514484     56.56823164     80.34391813
  273     79.56632692     55.84390940     82.17471771
  274     80.13626599     58.05983867     79.54459995
  275     79.36436330     54.37170932     78.62358671
  276     78.56285249     54.97494765     76.60718718
  277     78.26570691     52.83253612     78.75069976
  278     82.09078248     53.74632993     78.18454231
  279     82.34324466     51.85553335     77.54132391
  280     83.23419205     54.08341151     79.99858587
  281     89.65886177     62.69736635    104.08219233
  282     90.57253738     63.46472054    105.82115109
  283     89.54583576     60.64511136    103.79096209
  284     90.81824504     63.37222949    102.41772233
  285     83.24542969     55.35980469     75.99591211
  286     82.86310490     54.69424542     73.81845313
  287     82.83849710     57.43633986     76.39867845
  288     85.39145563     55.15657244     76.19093673
  289     42.39569553     69.73345105     86.14128501
  290     40.94239855     70.95668721     87.11118576
  291     44.04045127     69.86302015     87.50510975
  292     41.83764967     66.84477723     86.33030999
  293     40.31012383     66.48392778     85.02277981
  294     41.20124794     66.01396837     88.13523346
  295     44.08244808     65.25886848     85.09615429
  296     44.20509326     65.34857410     82.94600566
  297     43.70125890     63.29309592     56.49706884
  298     46.73099019     65.28578517     57.06579004
  299     46.62040313     64.34131636     88.03386337
  300     47.22635608     67.24953812     57.55421966
  301     48.51908813     64.08739862     55.18956048
  302     49.35134575     65.35925522     53.76470407
  303     47.89205376     62.46133255     82.94499455
  304     50.79496035     62.88434761     56.83523730
  305     51.68646111     64.23972035     58.23541283
  306     52.49553036     62.54278360     55.62515065
  307     50.26741167     60.40528404     58.00838200
  308     48.99752560     59.35278749     56.80092150
  309     49.06121499     60.68808867     59.70370579
  310     52.64035861     58.92131082     58.97805322
  311     54.02421765     60.31983764     59.20181225
  312     53.28994745     57.57814495     57.56939994
  313     42.67718037     70.85072707     83.36077403
  314     44.06537667     72.45435731     83.28113880
  315     43.47596291     69.37784541     82.09450095
  316     40.78799573     71.09066060     82.46398725
  317     52.29178713     57.37220424     61.54443704
  318     54.07824397     56.19538830     61.94213592
  319     51.95430267     58.36956446     63.47757632
  320     50.64429793     55.97779874     61.54519375
  321     63.37666181     71.18441290     30.98172913
  322     62.35976004     69.51911884     30.36535871
  323     65.41671834     70.59269999     31.00667054
  324     62.75961755     73.12893180     58.04991468
  325     63.01403714     75.13258001     58.80049654
  326     60.73217755     73.18747549     57.55195633
  327     64.32966789     73.19341182     55.53045658
  328     66.38632567     73.34863413     55.69426398
  329     63.73159140     74.69524704     54.25073608
  330     64.22701465     70.36536808     53.98046983
  331     62.35991281     69.61186798     54.17631893
  332     65.34935858     68.88012721     54.99853485
  333     65.01102187     70.25721824     51.03767415
  334     66.94176721     70.58107732     50.46389723
  335     63.56536889     71.67241434     50.36916523
  336     64.74601273     67.63741531     49.80347161
  337     65.37141194     67.80317351     47.96122803
  338     62.96815792     66.67875727     49.90632150
  339     66.94523620     65.58379679     50.82523388
  340     66.65547909     65.17245846     52.90849245
  341     68.80302729     66.60857046     50.40051048
  342     66.85700162     62.95804082     49.39857996
  343     67.97113708     63.25121847     47.72557633
  344     64.95179163     62.28646327     48.67970728
  345     62.57600592     71.81912883     33.70153257
  346     60.74763544     72.54928065     33.85575658
  347     62.63089487     69.95436159     34.73953970
  348     64.00535194     73.34278913     34.38482108
  349     67.58265564     60.82604071     51.16436964
  350     69.26706754     61.20144186     52.43713815
  351     65.86587660     60.24301902     52.43734521
  352     68.07402286     59.13102973     50.27756947
 
 Total charge:    -0.00000000

 Atomic gross charges (e)
 Atom           Charge
    1      -0.10169490
    2       0.05646457
    3       0.04075536
    4      -0.10681552
    5       0.03646130
    6       0.07175270
    7      -0.11922186
    8       0.06566030
    9       0.06694581
   10      -0.10788264
   11       0.04686812
   12       0.04109017
   13      -0.09386055
   14       0.05324447
   15       0.04693171
   16      -0.10903544
   17       0.05716061
   18       0.05707743
   19      -0.12225244
   20       0.06957014
   21       0.04738105
   22      -0.08116993
   23       0.05856770
   24       0.02590763
   25      -0.21371169
   26       0.07182963
   27       0.07821369
   28       0.06037241
   29      -0.19856870
   30       0.05261572
   31       0.08032925
   32       0.07307715
   33      -0.08139217
   34       0.04299462
   35       0.03784754
   36      -0.11188461
   37       0.06058874
   38       0.05933719
   39      -0.11666753
   40       0.04293089
   41       0.05442357
   42      -0.09649371
   43       0.05481758
   44       0.04806117
   45      -0.10163265
   46       0.06124680
   47       0.03896537
   48      -0.11781255
   49       0.05599031
   50       0.06017398
   51      -0.11320206
   52       0.04474917
   53       0.07512036
   54      -0.09214512
   55       0.03849164
   56       0.07423219
   57      -0.19545766
   58       0.05396347
   59       0.07769433
   60       0.05744164
   61      -0.19612952
   62       0.06539843
   63       0.06156735
   64       0.05908645
   65      -0.07210261
   66       0.04654910
   67       0.05847618
   68      -0.10867375
   69       0.02008999
   70       0.07546444
   71      -0.11074779
   72       0.06176677
   73       0.03176362
   74      -0.09124031
   75       0.05525131
   76       0.05894790
   77      -0.11494643
   78       0.05033245
   79       0.05333417
   80      -0.12164893
   81       0.05985217
   82       0.06616890
   83      -0.08806684
   84       0.05315938
   85       0.05155241
   86      -0.07533369
   87       0.02163880
   88       0.06070641
   89      -0.17454208
   90       0.04460119
   91       0.05538940
   92       0.05216954
   93      -0.21202252
   94       0.07242537
   95       0.05418619
   96       0.06255487
   97      -0.11184561
   98       0.04915262
   99       0.05788943
  100      -0.09974134
  101       0.04750200
  102       0.06292733
  103      -0.10919393
  104       0.06398808
  105       0.05839253
  106      -0.10111005
  107       0.05180025
  108       0.05351189
  109      -0.07406723
  110       0.05296843
  111       0.04288674
  112      -0.12995898
  113       0.05417401
  114       0.03209111
  115      -0.12453054
  116       0.06345921
  117       0.08513246
  118      -0.08770884
  119       0.04270347
  120       0.04942990
  121      -0.16943916
  122       0.04893794
  123       0.05232080
  124       0.05226323
  125      -0.22115959
  126       0.06877268
  127       0.08243547
  128       0.05410659
  129      -0.08206650
  130       0.05687661
  131       0.04386378
  132      -0.09694312
  133       0.06438391
  134       0.02254057
  135      -0.14194355
  136       0.07793591
  137       0.05899725
  138      -0.11150368
  139       0.05288922
  140       0.06038113
  141      -0.11800579
  142       0.06506539
  143       0.05393706
  144      -0.11942220
  145       0.05404139
  146       0.05278295
  147      -0.10961680
  148       0.06198942
  149       0.05819534
  150      -0.10439618
  151       0.02520026
  152       0.05489235
  153      -0.18634026
  154       0.06005270
  155       0.05907998
  156       0.05929069
  157      -0.21134599
  158       0.07971198
  159       0.07980904
  160       0.07815098
  161      -0.09735129
  162       0.04711134
  163       0.05199076
  164      -0.12638663
  165       0.06483677
  166       0.07039609
  167      -0.11965791
  168       0.05867357
  169       0.06314192
  170      -0.10946950
  171       0.06226511
  172       0.06417567
  173      -0.11570023
  174       0.05626061
  175       0.05097718
  176      -0.11706324
  177       0.05090754
  178       0.04916352
  179      -0.11231688
  180       0.07258039
  181       0.04810689
  182      -0.07738834
  183       0.05206303
  184       0.04046197
  185      -0.19820278
  186       0.04707336
  187       0.07055524
  188       0.06264074
  189      -0.20873928
  190       0.06230000
  191       0.07354043
  192       0.06200755
  193      -0.08425346
  194       0.04122720
  195       0.05409545
  196      -0.09153398
  197       0.05372569
  198       0.04906841
  199      -0.13745736
  200       0.03866744
  201       0.06725321
  202      -0.09245854
  203       0.05731010
  204       0.06463529
  205      -0.12181718
  206       0.05167958
  207       0.07422021
  208      -0.13245008
  209       0.04537401
  210       0.07298811
  211      -0.12655098
  212       0.06745529
  213       0.06511513
  214      -0.10714801
  215       0.05343071
  216       0.05888997
  217      -0.20318415
  218       0.07021885
  219       0.04128888
  220       0.08014171
  221      -0.19686377
  222       0.05851630
  223       0.07148378
  224       0.06551797
  225      -0.06355409
  226       0.03070937
  227       0.02970618
  228      -0.12361691
  229       0.05226127
  230       0.09089530
  231      -0.13852387
  232       0.04146902
  233       0.06355887
  234      -0.12123690
  235       0.06403882
  236       0.06571661
  237      -0.13631162
  238       0.05201153
  239       0.08253545
  240      -0.13874254
  241       0.08230204
  242       0.04166625
  243      -0.08751375
  244       0.06465497
  245       0.02535164
  246      -0.12138645
  247       0.06589254
  248       0.04856317
  249      -0.21516584
  250       0.06899680
  251       0.06981275
  252       0.08439685
  253      -0.13221829
  254       0.07164321
  255       0.07767293
  256       0.04223990
  257      -0.09493451
  258       0.02713965
  259       0.06732550
  260      -0.13341474
  261       0.05275712
  262       0.06633269
  263      -0.10694568
  264       0.05259715
  265       0.07463161
  266      -0.19002822
  267       0.08545423
  268       0.05463871
  269      -0.06493155
  270       0.01761573
  271       0.05466975
  272      -0.10003329
  273       0.05848997
  274       0.05424809
  275      -0.11204477
  276       0.01208196
  277       0.07937799
  278      -0.09178217
  279       0.06545783
  280       0.04911334
  281      -0.20059757
  282       0.07516876
  283       0.07587251
  284       0.05482711
  285      -0.18609055
  286       0.05032679
  287       0.06469936
  288       0.04646518
  289      -0.09499869
  290       0.04600073
  291       0.05095509
  292      -0.11344392
  293       0.05777038
  294       0.06867537
  295      -0.12624335
  296       0.04798940
  297       0.05390786
  298      -0.07154786
  299       0.03288739
  300       0.05337296
  301      -0.10985394
  302       0.06493717
  303       0.06134734
  304      -0.11403292
  305       0.04994512
  306       0.04047005
  307      -0.10576396
  308       0.05971681
  309       0.04627326
  310      -0.10766777
  311       0.07545468
  312       0.06214955
  313      -0.20125865
  314       0.07036417
  315       0.05685054
  316       0.07602568
  317      -0.19605840
  318       0.05141117
  319       0.05620115
  320       0.05772039
  321      -0.10005741
  322       0.06516549
  323       0.05325260
  324      -0.07790466
  325       0.03766164
  326       0.05219071
  327      -0.13750451
  328       0.06734912
  329       0.06941220
  330      -0.15471692
  331       0.06493224
  332       0.05414676
  333      -0.11531516
  334       0.07956251
  335       0.05792192
  336      -0.15038383
  337       0.07333649
  338       0.07384611
  339      -0.12773874
  340       0.06363942
  341       0.05363332
  342      -0.09991932
  343       0.06316691
  344       0.05466024
  345      -0.20612496
  346       0.07972507
  347       0.06261410
  348       0.05929378
  349      -0.18761358
  350       0.05229502
  351       0.04481335
  352       0.07125195
 
Nr. of electrons (up):    682.00000000
Atom populations (up)
 Atom       Population
    1       4.10169490
    2       0.94353543
    3       0.95924464
    4       4.10681552
    5       0.96353870
    6       0.92824730
    7       4.11922186
    8       0.93433970
    9       0.93305419
   10       4.10788264
   11       0.95313188
   12       0.95890983
   13       4.09386055
   14       0.94675553
   15       0.95306829
   16       4.10903544
   17       0.94283939
   18       0.94292257
   19       4.12225244
   20       0.93042986
   21       0.95261895
   22       4.08116993
   23       0.94143230
   24       0.97409237
   25       4.21371169
   26       0.92817037
   27       0.92178631
   28       0.93962759
   29       4.19856870
   30       0.94738428
   31       0.91967075
   32       0.92692285
   33       4.08139217
   34       0.95700538
   35       0.96215246
   36       4.11188461
   37       0.93941126
   38       0.94066281
   39       4.11666753
   40       0.95706911
   41       0.94557643
   42       4.09649371
   43       0.94518242
   44       0.95193883
   45       4.10163265
   46       0.93875320
   47       0.96103463
   48       4.11781255
   49       0.94400969
   50       0.93982602
   51       4.11320206
   52       0.95525083
   53       0.92487964
   54       4.09214512
   55       0.96150836
   56       0.92576781
   57       4.19545766
   58       0.94603653
   59       0.92230567
   60       0.94255836
   61       4.19612952
   62       0.93460157
   63       0.93843265
   64       0.94091355
   65       4.07210261
   66       0.95345090
   67       0.94152382
   68       4.10867375
   69       0.97991001
   70       0.92453556
   71       4.11074779
   72       0.93823323
   73       0.96823638
   74       4.09124031
   75       0.94474869
   76       0.94105210
   77       4.11494643
   78       0.94966755
   79       0.94666583
   80       4.12164893
   81       0.94014783
   82       0.93383110
   83       4.08806684
   84       0.94684062
   85       0.94844759
   86       4.07533369
   87       0.97836120
   88       0.93929359
   89       4.17454208
   90       0.95539881
   91       0.94461060
   92       0.94783046
   93       4.21202252
   94       0.92757463
   95       0.94581381
   96       0.93744513
   97       4.11184561
   98       0.95084738
   99       0.94211057
  100       4.09974134
  101       0.95249800
  102       0.93707267
  103       4.10919393
  104       0.93601192
  105       0.94160747
  106       4.10111005
  107       0.94819975
  108       0.94648811
  109       4.07406723
  110       0.94703157
  111       0.95711326
  112       4.12995898
  113       0.94582599
  114       0.96790889
  115       4.12453054
  116       0.93654079
  117       0.91486754
  118       4.08770884
  119       0.95729653
  120       0.95057010
  121       4.16943916
  122       0.95106206
  123       0.94767920
  124       0.94773677
  125       4.22115959
  126       0.93122732
  127       0.91756453
  128       0.94589341
  129       4.08206650
  130       0.94312339
  131       0.95613622
  132       4.09694312
  133       0.93561609
  134       0.97745943
  135       4.14194355
  136       0.92206409
  137       0.94100275
  138       4.11150368
  139       0.94711078
  140       0.93961887
  141       4.11800579
  142       0.93493461
  143       0.94606294
  144       4.11942220
  145       0.94595861
  146       0.94721705
  147       4.10961680
  148       0.93801058
  149       0.94180466
  150       4.10439618
  151       0.97479974
  152       0.94510765
  153       4.18634026
  154       0.93994730
  155       0.94092002
  156       0.94070931
  157       4.21134599
  158       0.92028802
  159       0.92019096
  160       0.92184902
  161       4.09735129
  162       0.95288866
  163       0.94800924
  164       4.12638663
  165       0.93516323
  166       0.92960391
  167       4.11965791
  168       0.94132643
  169       0.93685808
  170       4.10946950
  171       0.93773489
  172       0.93582433
  173       4.11570023
  174       0.94373939
  175       0.94902282
  176       4.11706324
  177       0.94909246
  178       0.95083648
  179       4.11231688
  180       0.92741961
  181       0.95189311
  182       4.07738834
  183       0.94793697
  184       0.95953803
  185       4.19820278
  186       0.95292664
  187       0.92944476
  188       0.93735926
  189       4.20873928
  190       0.93770000
  191       0.92645957
  192       0.93799245
  193       4.08425346
  194       0.95877280
  195       0.94590455
  196       4.09153398
  197       0.94627431
  198       0.95093159
  199       4.13745736
  200       0.96133256
  201       0.93274679
  202       4.09245854
  203       0.94268990
  204       0.93536471
  205       4.12181718
  206       0.94832042
  207       0.92577979
  208       4.13245008
  209       0.95462599
  210       0.92701189
  211       4.12655098
  212       0.93254471
  213       0.93488487
  214       4.10714801
  215       0.94656929
  216       0.94111003
  217       4.20318415
  218       0.92978115
  219       0.95871112
  220       0.91985829
  221       4.19686377
  222       0.94148370
  223       0.92851622
  224       0.93448203
  225       4.06355409
  226       0.96929063
  227       0.97029382
  228       4.12361691
  229       0.94773873
  230       0.90910470
  231       4.13852387
  232       0.95853098
  233       0.93644113
  234       4.12123690
  235       0.93596118
  236       0.93428339
  237       4.13631162
  238       0.94798847
  239       0.91746455
  240       4.13874254
  241       0.91769796
  242       0.95833375
  243       4.08751375
  244       0.93534503
  245       0.97464836
  246       4.12138645
  247       0.93410746
  248       0.95143683
  249       4.21516584
  250       0.93100320
  251       0.93018725
  252       0.91560315
  253       4.13221829
  254       0.92835679
  255       0.92232707
  256       0.95776010
  257       4.09493451
  258       0.97286035
  259       0.93267450
  260       4.13341474
  261       0.94724288
  262       0.93366731
  263       4.10694568
  264       0.94740285
  265       0.92536839
  266       4.19002822
  267       0.91454577
  268       0.94536129
  269       4.06493155
  270       0.98238427
  271       0.94533025
  272       4.10003329
  273       0.94151003
  274       0.94575191
  275       4.11204477
  276       0.98791804
  277       0.92062201
  278       4.09178217
  279       0.93454217
  280       0.95088666
  281       4.20059757
  282       0.92483124
  283       0.92412749
  284       0.94517289
  285       4.18609055
  286       0.94967321
  287       0.93530064
  288       0.95353482
  289       4.09499869
  290       0.95399927
  291       0.94904491
  292       4.11344392
  293       0.94222962
  294       0.93132463
  295       4.12624335
  296       0.95201060
  297       0.94609214
  298       4.07154786
  299       0.96711261
  300       0.94662704
  301       4.10985394
  302       0.93506283
  303       0.93865266
  304       4.11403292
  305       0.95005488
  306       0.95952995
  307       4.10576396
  308       0.94028319
  309       0.95372674
  310       4.10766777
  311       0.92454532
  312       0.93785045
  313       4.20125865
  314       0.92963583
  315       0.94314946
  316       0.92397432
  317       4.19605840
  318       0.94858883
  319       0.94379885
  320       0.94227961
  321       4.10005741
  322       0.93483451
  323       0.94674740
  324       4.07790466
  325       0.96233836
  326       0.94780929
  327       4.13750451
  328       0.93265088
  329       0.93058780
  330       4.15471692
  331       0.93506776
  332       0.94585324
  333       4.11531516
  334       0.92043749
  335       0.94207808
  336       4.15038383
  337       0.92666351
  338       0.92615389
  339       4.12773874
  340       0.93636058
  341       0.94636668
  342       4.09991932
  343       0.93683309
  344       0.94533976
  345       4.20612496
  346       0.92027493
  347       0.93738590
  348       0.94070622
  349       4.18761358
  350       0.94770498
  351       0.95518665
  352       0.92874805
 
l-shell populations (up)
 Atom Sh.   l       Population
    1   1   0       1.23174063
    1   2   1       2.86995427
    2   1   0       0.94353543
    3   1   0       0.95924464
    4   1   0       1.22742707
    4   2   1       2.87938845
    5   1   0       0.96353870
    6   1   0       0.92824730
    7   1   0       1.23719438
    7   2   1       2.88202748
    8   1   0       0.93433970
    9   1   0       0.93305419
   10   1   0       1.24410495
   10   2   1       2.86377769
   11   1   0       0.95313188
   12   1   0       0.95890983
   13   1   0       1.22185057
   13   2   1       2.87200998
   14   1   0       0.94675553
   15   1   0       0.95306829
   16   1   0       1.23789690
   16   2   1       2.87113853
   17   1   0       0.94283939
   18   1   0       0.94292257
   19   1   0       1.23793897
   19   2   1       2.88431347
   20   1   0       0.93042986
   21   1   0       0.95261895
   22   1   0       1.22830289
   22   2   1       2.85286704
   23   1   0       0.94143230
   24   1   0       0.97409237
   25   1   0       1.26426737
   25   2   1       2.94944432
   26   1   0       0.92817037
   27   1   0       0.92178631
   28   1   0       0.93962759
   29   1   0       1.25631764
   29   2   1       2.94225106
   30   1   0       0.94738428
   31   1   0       0.91967075
   32   1   0       0.92692285
   33   1   0       1.23366272
   33   2   1       2.84772946
   34   1   0       0.95700538
   35   1   0       0.96215246
   36   1   0       1.23596080
   36   2   1       2.87592381
   37   1   0       0.93941126
   38   1   0       0.94066281
   39   1   0       1.24060282
   39   2   1       2.87606471
   40   1   0       0.95706911
   41   1   0       0.94557643
   42   1   0       1.22881244
   42   2   1       2.86768127
   43   1   0       0.94518242
   44   1   0       0.95193883
   45   1   0       1.22734660
   45   2   1       2.87428605
   46   1   0       0.93875320
   47   1   0       0.96103463
   48   1   0       1.22282984
   48   2   1       2.89498270
   49   1   0       0.94400969
   50   1   0       0.93982602
   51   1   0       1.22650997
   51   2   1       2.88669209
   52   1   0       0.95525083
   53   1   0       0.92487964
   54   1   0       1.23885308
   54   2   1       2.85329203
   55   1   0       0.96150836
   56   1   0       0.92576781
   57   1   0       1.25003925
   57   2   1       2.94541841
   58   1   0       0.94603653
   59   1   0       0.92230567
   60   1   0       0.94255836
   61   1   0       1.26387689
   61   2   1       2.93225263
   62   1   0       0.93460157
   63   1   0       0.93843265
   64   1   0       0.94091355
   65   1   0       1.22137287
   65   2   1       2.85072974
   66   1   0       0.95345090
   67   1   0       0.94152382
   68   1   0       1.26658856
   68   2   1       2.84208519
   69   1   0       0.97991001
   70   1   0       0.92453556
   71   1   0       1.27874121
   71   2   1       2.83200658
   72   1   0       0.93823323
   73   1   0       0.96823638
   74   1   0       1.23926692
   74   2   1       2.85197339
   75   1   0       0.94474869
   76   1   0       0.94105210
   77   1   0       1.23495353
   77   2   1       2.87999290
   78   1   0       0.94966755
   79   1   0       0.94666583
   80   1   0       1.23763848
   80   2   1       2.88401045
   81   1   0       0.94014783
   82   1   0       0.93383110
   83   1   0       1.24332966
   83   2   1       2.84473717
   84   1   0       0.94684062
   85   1   0       0.94844759
   86   1   0       1.25009062
   86   2   1       2.82524307
   87   1   0       0.97836120
   88   1   0       0.93929359
   89   1   0       1.26509211
   89   2   1       2.90944998
   90   1   0       0.95539881
   91   1   0       0.94461060
   92   1   0       0.94783046
   93   1   0       1.27366714
   93   2   1       2.93835538
   94   1   0       0.92757463
   95   1   0       0.94581381
   96   1   0       0.93744513
   97   1   0       1.22757625
   97   2   1       2.88426936
   98   1   0       0.95084738
   99   1   0       0.94211057
  100   1   0       1.22388541
  100   2   1       2.87585593
  101   1   0       0.95249800
  102   1   0       0.93707267
  103   1   0       1.21872854
  103   2   1       2.89046539
  104   1   0       0.93601192
  105   1   0       0.94160747
  106   1   0       1.21980961
  106   2   1       2.88130044
  107   1   0       0.94819975
  108   1   0       0.94648811
  109   1   0       1.23256128
  109   2   1       2.84150595
  110   1   0       0.94703157
  111   1   0       0.95711326
  112   1   0       1.27077053
  112   2   1       2.85918845
  113   1   0       0.94582599
  114   1   0       0.96790889
  115   1   0       1.23672683
  115   2   1       2.88780371
  116   1   0       0.93654079
  117   1   0       0.91486754
  118   1   0       1.21767459
  118   2   1       2.87003425
  119   1   0       0.95729653
  120   1   0       0.95057010
  121   1   0       1.27941754
  121   2   1       2.89002162
  122   1   0       0.95106206
  123   1   0       0.94767920
  124   1   0       0.94773677
  125   1   0       1.24810237
  125   2   1       2.97305723
  126   1   0       0.93122732
  127   1   0       0.91756453
  128   1   0       0.94589341
  129   1   0       1.23844134
  129   2   1       2.84362516
  130   1   0       0.94312339
  131   1   0       0.95613622
  132   1   0       1.26886099
  132   2   1       2.82808214
  133   1   0       0.93561609
  134   1   0       0.97745943
  135   1   0       1.24753564
  135   2   1       2.89440790
  136   1   0       0.92206409
  137   1   0       0.94100275
  138   1   0       1.22419148
  138   2   1       2.88731220
  139   1   0       0.94711078
  140   1   0       0.93961887
  141   1   0       1.23524271
  141   2   1       2.88276308
  142   1   0       0.93493461
  143   1   0       0.94606294
  144   1   0       1.25579657
  144   2   1       2.86362563
  145   1   0       0.94595861
  146   1   0       0.94721705
  147   1   0       1.25020204
  147   2   1       2.85941476
  148   1   0       0.93801058
  149   1   0       0.94180466
  150   1   0       1.27422931
  150   2   1       2.83016687
  151   1   0       0.97479974
  152   1   0       0.94510765
  153   1   0       1.28100559
  153   2   1       2.90533468
  154   1   0       0.93994730
  155   1   0       0.94092002
  156   1   0       0.94070931
  157   1   0       1.27613624
  157   2   1       2.93520975
  158   1   0       0.92028802
  159   1   0       0.92019096
  160   1   0       0.92184902
  161   1   0       1.23928895
  161   2   1       2.85806234
  162   1   0       0.95288866
  163   1   0       0.94800924
  164   1   0       1.22795558
  164   2   1       2.89843105
  165   1   0       0.93516323
  166   1   0       0.92960391
  167   1   0       1.25196355
  167   2   1       2.86769436
  168   1   0       0.94132643
  169   1   0       0.93685808
  170   1   0       1.24170455
  170   2   1       2.86776495
  171   1   0       0.93773489
  172   1   0       0.93582433
  173   1   0       1.25003365
  173   2   1       2.86566658
  174   1   0       0.94373939
  175   1   0       0.94902282
  176   1   0       1.26905497
  176   2   1       2.84800827
  177   1   0       0.94909246
  178   1   0       0.95083648
  179   1   0       1.26302704
  179   2   1       2.84928983
  180   1   0       0.92741961
  181   1   0       0.95189311
  182   1   0       1.24820406
  182   2   1       2.82918428
  183   1   0       0.94793697
  184   1   0       0.95953803
  185   1   0       1.28801573
  185   2   1       2.91018705
  186   1   0       0.95292664
  187   1   0       0.92944476
  188   1   0       0.93735926
  189   1   0       1.27473968
  189   2   1       2.93399960
  190   1   0       0.93770000
  191   1   0       0.92645957
  192   1   0       0.93799245
  193   1   0       1.20962202
  193   2   1       2.87463144
  194   1   0       0.95877280
  195   1   0       0.94590455
  196   1   0       1.23811888
  196   2   1       2.85341510
  197   1   0       0.94627431
  198   1   0       0.95093159
  199   1   0       1.24044138
  199   2   1       2.89701598
  200   1   0       0.96133256
  201   1   0       0.93274679
  202   1   0       1.23617320
  202   2   1       2.85628534
  203   1   0       0.94268990
  204   1   0       0.93536471
  205   1   0       1.24888978
  205   2   1       2.87292740
  206   1   0       0.94832042
  207   1   0       0.92577979
  208   1   0       1.25126895
  208   2   1       2.88118113
  209   1   0       0.95462599
  210   1   0       0.92701189
  211   1   0       1.24883934
  211   2   1       2.87771165
  212   1   0       0.93254471
  213   1   0       0.93488487
  214   1   0       1.22221242
  214   2   1       2.88493559
  215   1   0       0.94656929
  216   1   0       0.94111003
  217   1   0       1.25122624
  217   2   1       2.95195791
  218   1   0       0.92978115
  219   1   0       0.95871112
  220   1   0       0.91985829
  221   1   0       1.24828085
  221   2   1       2.94858292
  222   1   0       0.94148370
  223   1   0       0.92851622
  224   1   0       0.93448203
  225   1   0       1.23523271
  225   2   1       2.82832138
  226   1   0       0.96929063
  227   1   0       0.97029382
  228   1   0       1.23004990
  228   2   1       2.89356700
  229   1   0       0.94773873
  230   1   0       0.90910470
  231   1   0       1.29449762
  231   2   1       2.84402625
  232   1   0       0.95853098
  233   1   0       0.93644113
  234   1   0       1.25644645
  234   2   1       2.86479046
  235   1   0       0.93596118
  236   1   0       0.93428339
  237   1   0       1.25626955
  237   2   1       2.88004207
  238   1   0       0.94798847
  239   1   0       0.91746455
  240   1   0       1.24778441
  240   2   1       2.89095813
  241   1   0       0.91769796
  242   1   0       0.95833375
  243   1   0       1.22871231
  243   2   1       2.85880144
  244   1   0       0.93534503
  245   1   0       0.97464836
  246   1   0       1.25325892
  246   2   1       2.86812753
  247   1   0       0.93410746
  248   1   0       0.95143683
  249   1   0       1.26210274
  249   2   1       2.95306310
  250   1   0       0.93100320
  251   1   0       0.93018725
  252   1   0       0.91560315
  253   1   0       1.26986702
  253   2   1       2.86235127
  254   1   0       0.92835679
  255   1   0       0.92232707
  256   1   0       0.95776010
  257   1   0       1.24444559
  257   2   1       2.85048892
  258   1   0       0.97286035
  259   1   0       0.93267450
  260   1   0       1.24815790
  260   2   1       2.88525683
  261   1   0       0.94724288
  262   1   0       0.93366731
  263   1   0       1.24268898
  263   2   1       2.86425670
  264   1   0       0.94740285
  265   1   0       0.92536839
  266   1   0       1.25954670
  266   2   1       2.93048152
  267   1   0       0.91454577
  268   1   0       0.94536129
  269   1   0       1.22955514
  269   2   1       2.83537642
  270   1   0       0.98238427
  271   1   0       0.94533025
  272   1   0       1.22439223
  272   2   1       2.87564106
  273   1   0       0.94151003
  274   1   0       0.94575191
  275   1   0       1.21777926
  275   2   1       2.89426551
  276   1   0       0.98791804
  277   1   0       0.92062201
  278   1   0       1.23007493
  278   2   1       2.86170724
  279   1   0       0.93454217
  280   1   0       0.95088666
  281   1   0       1.26954267
  281   2   1       2.93105490
  282   1   0       0.92483124
  283   1   0       0.92412749
  284   1   0       0.94517289
  285   1   0       1.29795620
  285   2   1       2.88813434
  286   1   0       0.94967321
  287   1   0       0.93530064
  288   1   0       0.95353482
  289   1   0       1.24978661
  289   2   1       2.84521208
  290   1   0       0.95399927
  291   1   0       0.94904491
  292   1   0       1.24658248
  292   2   1       2.86686144
  293   1   0       0.94222962
  294   1   0       0.93132463
  295   1   0       1.24018816
  295   2   1       2.88605520
  296   1   0       0.95201060
  297   1   0       0.94609214
  298   1   0       1.22262500
  298   2   1       2.84892286
  299   1   0       0.96711261
  300   1   0       0.94662704
  301   1   0       1.24787588
  301   2   1       2.86197806
  302   1   0       0.93506283
  303   1   0       0.93865266
  304   1   0       1.24643915
  304   2   1       2.86759377
  305   1   0       0.95005488
  306   1   0       0.95952995
  307   1   0       1.22464783
  307   2   1       2.88111612
  308   1   0       0.94028319
  309   1   0       0.95372674
  310   1   0       1.23926222
  310   2   1       2.86840556
  311   1   0       0.92454532
  312   1   0       0.93785045
  313   1   0       1.28062379
  313   2   1       2.92063485
  314   1   0       0.92963583
  315   1   0       0.94314946
  316   1   0       0.92397432
  317   1   0       1.29709938
  317   2   1       2.89895902
  318   1   0       0.94858883
  319   1   0       0.94379885
  320   1   0       0.94227961
  321   1   0       1.21831639
  321   2   1       2.88174102
  322   1   0       0.93483451
  323   1   0       0.94674740
  324   1   0       1.22704028
  324   2   1       2.85086438
  325   1   0       0.96233836
  326   1   0       0.94780929
  327   1   0       1.27319550
  327   2   1       2.86430901
  328   1   0       0.93265088
  329   1   0       0.93058780
  330   1   0       1.28461582
  330   2   1       2.87010110
  331   1   0       0.93506776
  332   1   0       0.94585324
  333   1   0       1.24674234
  333   2   1       2.86857283
  334   1   0       0.92043749
  335   1   0       0.94207808
  336   1   0       1.25200146
  336   2   1       2.89838237
  337   1   0       0.92666351
  338   1   0       0.92615389
  339   1   0       1.28698263
  339   2   1       2.84075611
  340   1   0       0.93636058
  341   1   0       0.94636668
  342   1   0       1.23364645
  342   2   1       2.86627287
  343   1   0       0.93683309
  344   1   0       0.94533976
  345   1   0       1.27213729
  345   2   1       2.93398766
  346   1   0       0.92027493
  347   1   0       0.93738590
  348   1   0       0.94070622
  349   1   0       1.26429518
  349   2   1       2.92331840
  350   1   0       0.94770498
  351   1   0       0.95518665
  352   1   0       0.92874805
 
Orbital populations (up)
 Atom Sh.   l   m       Population  Label
    1   1   0   0       1.23174063  s
    1   2   1  -1       0.96689864  p_y
    1   2   1   0       0.92626831  p_z
    1   2   1   1       0.97678732  p_x
    2   1   0   0       0.94353543  s
    3   1   0   0       0.95924464  s
    4   1   0   0       1.22742707  s
    4   2   1  -1       0.94520089  p_y
    4   2   1   0       0.95967856  p_z
    4   2   1   1       0.97450900  p_x
    5   1   0   0       0.96353870  s
    6   1   0   0       0.92824730  s
    7   1   0   0       1.23719438  s
    7   2   1  -1       0.95635100  p_y
    7   2   1   0       0.93282997  p_z
    7   2   1   1       0.99284652  p_x
    8   1   0   0       0.93433970  s
    9   1   0   0       0.93305419  s
   10   1   0   0       1.24410495  s
   10   2   1  -1       0.97208899  p_y
   10   2   1   0       0.91029944  p_z
   10   2   1   1       0.98138926  p_x
   11   1   0   0       0.95313188  s
   12   1   0   0       0.95890983  s
   13   1   0   0       1.22185057  s
   13   2   1  -1       0.97793095  p_y
   13   2   1   0       0.92039873  p_z
   13   2   1   1       0.97368030  p_x
   14   1   0   0       0.94675553  s
   15   1   0   0       0.95306829  s
   16   1   0   0       1.23789690  s
   16   2   1  -1       0.97618429  p_y
   16   2   1   0       0.91262008  p_z
   16   2   1   1       0.98233416  p_x
   17   1   0   0       0.94283939  s
   18   1   0   0       0.94292257  s
   19   1   0   0       1.23793897  s
   19   2   1  -1       0.99033210  p_y
   19   2   1   0       0.92465302  p_z
   19   2   1   1       0.96932834  p_x
   20   1   0   0       0.93042986  s
   21   1   0   0       0.95261895  s
   22   1   0   0       1.22830289  s
   22   2   1  -1       0.97967319  p_y
   22   2   1   0       0.92683709  p_z
   22   2   1   1       0.94635676  p_x
   23   1   0   0       0.94143230  s
   24   1   0   0       0.97409237  s
   25   1   0   0       1.26426737  s
   25   2   1  -1       0.99001713  p_y
   25   2   1   0       0.97804439  p_z
   25   2   1   1       0.98138280  p_x
   26   1   0   0       0.92817037  s
   27   1   0   0       0.92178631  s
   28   1   0   0       0.93962759  s
   29   1   0   0       1.25631764  s
   29   2   1  -1       0.96945552  p_y
   29   2   1   0       0.97659524  p_z
   29   2   1   1       0.99620030  p_x
   30   1   0   0       0.94738428  s
   31   1   0   0       0.91967075  s
   32   1   0   0       0.92692285  s
   33   1   0   0       1.23366272  s
   33   2   1  -1       0.97604896  p_y
   33   2   1   0       0.93805736  p_z
   33   2   1   1       0.93362313  p_x
   34   1   0   0       0.95700538  s
   35   1   0   0       0.96215246  s
   36   1   0   0       1.23596080  s
   36   2   1  -1       0.95484946  p_y
   36   2   1   0       0.97262816  p_z
   36   2   1   1       0.94844619  p_x
   37   1   0   0       0.93941126  s
   38   1   0   0       0.94066281  s
   39   1   0   0       1.24060282  s
   39   2   1  -1       0.94356539  p_y
   39   2   1   0       0.98233332  p_z
   39   2   1   1       0.95016600  p_x
   40   1   0   0       0.95706911  s
   41   1   0   0       0.94557643  s
   42   1   0   0       1.22881244  s
   42   2   1  -1       0.96810911  p_y
   42   2   1   0       0.93714238  p_z
   42   2   1   1       0.96242978  p_x
   43   1   0   0       0.94518242  s
   44   1   0   0       0.95193883  s
   45   1   0   0       1.22734660  s
   45   2   1  -1       0.98176806  p_y
   45   2   1   0       0.94498452  p_z
   45   2   1   1       0.94753347  p_x
   46   1   0   0       0.93875320  s
   47   1   0   0       0.96103463  s
   48   1   0   0       1.22282984  s
   48   2   1  -1       0.98949611  p_y
   48   2   1   0       0.93562731  p_z
   48   2   1   1       0.96985929  p_x
   49   1   0   0       0.94400969  s
   50   1   0   0       0.93982602  s
   51   1   0   0       1.22650997  s
   51   2   1  -1       0.98772085  p_y
   51   2   1   0       0.95235562  p_z
   51   2   1   1       0.94661563  p_x
   52   1   0   0       0.95525083  s
   53   1   0   0       0.92487964  s
   54   1   0   0       1.23885308  s
   54   2   1  -1       0.96951118  p_y
   54   2   1   0       0.92920188  p_z
   54   2   1   1       0.95457897  p_x
   55   1   0   0       0.96150836  s
   56   1   0   0       0.92576781  s
   57   1   0   0       1.25003925  s
   57   2   1  -1       0.99827949  p_y
   57   2   1   0       0.97423862  p_z
   57   2   1   1       0.97290030  p_x
   58   1   0   0       0.94603653  s
   59   1   0   0       0.92230567  s
   60   1   0   0       0.94255836  s
   61   1   0   0       1.26387689  s
   61   2   1  -1       0.97129924  p_y
   61   2   1   0       0.95946729  p_z
   61   2   1   1       1.00148610  p_x
   62   1   0   0       0.93460157  s
   63   1   0   0       0.93843265  s
   64   1   0   0       0.94091355  s
   65   1   0   0       1.22137287  s
   65   2   1  -1       0.94830736  p_y
   65   2   1   0       0.93156198  p_z
   65   2   1   1       0.97086041  p_x
   66   1   0   0       0.95345090  s
   67   1   0   0       0.94152382  s
   68   1   0   0       1.26658856  s
   68   2   1  -1       0.94057178  p_y
   68   2   1   0       0.94742591  p_z
   68   2   1   1       0.95408749  p_x
   69   1   0   0       0.97991001  s
   70   1   0   0       0.92453556  s
   71   1   0   0       1.27874121  s
   71   2   1  -1       0.95547767  p_y
   71   2   1   0       0.90196794  p_z
   71   2   1   1       0.97456097  p_x
   72   1   0   0       0.93823323  s
   73   1   0   0       0.96823638  s
   74   1   0   0       1.23926692  s
   74   2   1  -1       0.98740511  p_y
   74   2   1   0       0.93287432  p_z
   74   2   1   1       0.93169396  p_x
   75   1   0   0       0.94474869  s
   76   1   0   0       0.94105210  s
   77   1   0   0       1.23495353  s
   77   2   1  -1       0.98815193  p_y
   77   2   1   0       0.95165061  p_z
   77   2   1   1       0.94019036  p_x
   78   1   0   0       0.94966755  s
   79   1   0   0       0.94666583  s
   80   1   0   0       1.23763848  s
   80   2   1  -1       0.96422271  p_y
   80   2   1   0       0.96675121  p_z
   80   2   1   1       0.95303654  p_x
   81   1   0   0       0.94014783  s
   82   1   0   0       0.93383110  s
   83   1   0   0       1.24332966  s
   83   2   1  -1       0.97187938  p_y
   83   2   1   0       0.93021412  p_z
   83   2   1   1       0.94264368  p_x
   84   1   0   0       0.94684062  s
   85   1   0   0       0.94844759  s
   86   1   0   0       1.25009062  s
   86   2   1  -1       0.96017020  p_y
   86   2   1   0       0.91877255  p_z
   86   2   1   1       0.94630032  p_x
   87   1   0   0       0.97836120  s
   88   1   0   0       0.93929359  s
   89   1   0   0       1.26509211  s
   89   2   1  -1       0.97389636  p_y
   89   2   1   0       0.93264985  p_z
   89   2   1   1       1.00290377  p_x
   90   1   0   0       0.95539881  s
   91   1   0   0       0.94461060  s
   92   1   0   0       0.94783046  s
   93   1   0   0       1.27366714  s
   93   2   1  -1       1.00424083  p_y
   93   2   1   0       0.97629707  p_z
   93   2   1   1       0.95781748  p_x
   94   1   0   0       0.92757463  s
   95   1   0   0       0.94581381  s
   96   1   0   0       0.93744513  s
   97   1   0   0       1.22757625  s
   97   2   1  -1       0.98540988  p_y
   97   2   1   0       0.95608055  p_z
   97   2   1   1       0.94277892  p_x
   98   1   0   0       0.95084738  s
   99   1   0   0       0.94211057  s
  100   1   0   0       1.22388541  s
  100   2   1  -1       0.96315185  p_y
  100   2   1   0       0.93246183  p_z
  100   2   1   1       0.98024225  p_x
  101   1   0   0       0.95249800  s
  102   1   0   0       0.93707267  s
  103   1   0   0       1.21872854  s
  103   2   1  -1       0.97506076  p_y
  103   2   1   0       0.94588482  p_z
  103   2   1   1       0.96951982  p_x
  104   1   0   0       0.93601192  s
  105   1   0   0       0.94160747  s
  106   1   0   0       1.21980961  s
  106   2   1  -1       0.97677102  p_y
  106   2   1   0       0.93232367  p_z
  106   2   1   1       0.97220575  p_x
  107   1   0   0       0.94819975  s
  108   1   0   0       0.94648811  s
  109   1   0   0       1.23256128  s
  109   2   1  -1       0.94306851  p_y
  109   2   1   0       0.93950156  p_z
  109   2   1   1       0.95893588  p_x
  110   1   0   0       0.94703157  s
  111   1   0   0       0.95711326  s
  112   1   0   0       1.27077053  s
  112   2   1  -1       0.97018066  p_y
  112   2   1   0       0.97465982  p_z
  112   2   1   1       0.91434797  p_x
  113   1   0   0       0.94582599  s
  114   1   0   0       0.96790889  s
  115   1   0   0       1.23672683  s
  115   2   1  -1       0.97798357  p_y
  115   2   1   0       0.95045718  p_z
  115   2   1   1       0.95936297  p_x
  116   1   0   0       0.93654079  s
  117   1   0   0       0.91486754  s
  118   1   0   0       1.21767459  s
  118   2   1  -1       0.94130072  p_y
  118   2   1   0       0.96342144  p_z
  118   2   1   1       0.96531209  p_x
  119   1   0   0       0.95729653  s
  120   1   0   0       0.95057010  s
  121   1   0   0       1.27941754  s
  121   2   1  -1       0.96746332  p_y
  121   2   1   0       0.96521624  p_z
  121   2   1   1       0.95734206  p_x
  122   1   0   0       0.95106206  s
  123   1   0   0       0.94767920  s
  124   1   0   0       0.94773677  s
  125   1   0   0       1.24810237  s
  125   2   1  -1       0.97637522  p_y
  125   2   1   0       1.02724337  p_z
  125   2   1   1       0.96943864  p_x
  126   1   0   0       0.93122732  s
  127   1   0   0       0.91756453  s
  128   1   0   0       0.94589341  s
  129   1   0   0       1.23844134  s
  129   2   1  -1       0.96068612  p_y
  129   2   1   0       0.92254507  p_z
  129   2   1   1       0.96039396  p_x
  130   1   0   0       0.94312339  s
  131   1   0   0       0.95613622  s
  132   1   0   0       1.26886099  s
  132   2   1  -1       0.93622229  p_y
  132   2   1   0       0.93786781  p_z
  132   2   1   1       0.95399203  p_x
  133   1   0   0       0.93561609  s
  134   1   0   0       0.97745943  s
  135   1   0   0       1.24753564  s
  135   2   1  -1       0.93074693  p_y
  135   2   1   0       1.00316360  p_z
  135   2   1   1       0.96049737  p_x
  136   1   0   0       0.92206409  s
  137   1   0   0       0.94100275  s
  138   1   0   0       1.22419148  s
  138   2   1  -1       0.97780603  p_y
  138   2   1   0       0.93237901  p_z
  138   2   1   1       0.97712715  p_x
  139   1   0   0       0.94711078  s
  140   1   0   0       0.93961887  s
  141   1   0   0       1.23524271  s
  141   2   1  -1       0.95179289  p_y
  141   2   1   0       0.96839509  p_z
  141   2   1   1       0.96257510  p_x
  142   1   0   0       0.93493461  s
  143   1   0   0       0.94606294  s
  144   1   0   0       1.25579657  s
  144   2   1  -1       0.96226646  p_y
  144   2   1   0       0.93004978  p_z
  144   2   1   1       0.97130940  p_x
  145   1   0   0       0.94595861  s
  146   1   0   0       0.94721705  s
  147   1   0   0       1.25020204  s
  147   2   1  -1       0.96296354  p_y
  147   2   1   0       0.94721060  p_z
  147   2   1   1       0.94924063  p_x
  148   1   0   0       0.93801058  s
  149   1   0   0       0.94180466  s
  150   1   0   0       1.27422931  s
  150   2   1  -1       0.93951427  p_y
  150   2   1   0       0.96221555  p_z
  150   2   1   1       0.92843705  p_x
  151   1   0   0       0.97479974  s
  152   1   0   0       0.94510765  s
  153   1   0   0       1.28100559  s
  153   2   1  -1       0.95767045  p_y
  153   2   1   0       0.96746718  p_z
  153   2   1   1       0.98019704  p_x
  154   1   0   0       0.93994730  s
  155   1   0   0       0.94092002  s
  156   1   0   0       0.94070931  s
  157   1   0   0       1.27613624  s
  157   2   1  -1       0.96082050  p_y
  157   2   1   0       0.98268620  p_z
  157   2   1   1       0.99170304  p_x
  158   1   0   0       0.92028802  s
  159   1   0   0       0.92019096  s
  160   1   0   0       0.92184902  s
  161   1   0   0       1.23928895  s
  161   2   1  -1       0.91266514  p_y
  161   2   1   0       0.96126621  p_z
  161   2   1   1       0.98413099  p_x
  162   1   0   0       0.95288866  s
  163   1   0   0       0.94800924  s
  164   1   0   0       1.22795558  s
  164   2   1  -1       0.97451620  p_y
  164   2   1   0       0.93335495  p_z
  164   2   1   1       0.99055990  p_x
  165   1   0   0       0.93516323  s
  166   1   0   0       0.92960391  s
  167   1   0   0       1.25196355  s
  167   2   1  -1       0.95847480  p_y
  167   2   1   0       0.94799958  p_z
  167   2   1   1       0.96121998  p_x
  168   1   0   0       0.94132643  s
  169   1   0   0       0.93685808  s
  170   1   0   0       1.24170455  s
  170   2   1  -1       0.95792400  p_y
  170   2   1   0       0.95956888  p_z
  170   2   1   1       0.95027207  p_x
  171   1   0   0       0.93773489  s
  172   1   0   0       0.93582433  s
  173   1   0   0       1.25003365  s
  173   2   1  -1       0.95009252  p_y
  173   2   1   0       0.93021412  p_z
  173   2   1   1       0.98535994  p_x
  174   1   0   0       0.94373939  s
  175   1   0   0       0.94902282  s
  176   1   0   0       1.26905497  s
  176   2   1  -1       0.94734798  p_y
  176   2   1   0       0.91616940  p_z
  176   2   1   1       0.98449089  p_x
  177   1   0   0       0.94909246  s
  178   1   0   0       0.95083648  s
  179   1   0   0       1.26302704  s
  179   2   1  -1       0.94810128  p_y
  179   2   1   0       0.91731757  p_z
  179   2   1   1       0.98387098  p_x
  180   1   0   0       0.92741961  s
  181   1   0   0       0.95189311  s
  182   1   0   0       1.24820406  s
  182   2   1  -1       0.93719398  p_y
  182   2   1   0       0.91379066  p_z
  182   2   1   1       0.97819964  p_x
  183   1   0   0       0.94793697  s
  184   1   0   0       0.95953803  s
  185   1   0   0       1.28801573  s
  185   2   1  -1       0.96064435  p_y
  185   2   1   0       0.97869280  p_z
  185   2   1   1       0.97084990  p_x
  186   1   0   0       0.95292664  s
  187   1   0   0       0.92944476  s
  188   1   0   0       0.93735926  s
  189   1   0   0       1.27473968  s
  189   2   1  -1       0.97128343  p_y
  189   2   1   0       0.96877775  p_z
  189   2   1   1       0.99393842  p_x
  190   1   0   0       0.93770000  s
  191   1   0   0       0.92645957  s
  192   1   0   0       0.93799245  s
  193   1   0   0       1.20962202  s
  193   2   1  -1       0.95543509  p_y
  193   2   1   0       0.96388960  p_z
  193   2   1   1       0.95530676  p_x
  194   1   0   0       0.95877280  s
  195   1   0   0       0.94590455  s
  196   1   0   0       1.23811888  s
  196   2   1  -1       0.96789884  p_y
  196   2   1   0       0.92381194  p_z
  196   2   1   1       0.96170432  p_x
  197   1   0   0       0.94627431  s
  198   1   0   0       0.95093159  s
  199   1   0   0       1.24044138  s
  199   2   1  -1       0.97163084  p_y
  199   2   1   0       0.97113313  p_z
  199   2   1   1       0.95425201  p_x
  200   1   0   0       0.96133256  s
  201   1   0   0       0.93274679  s
  202   1   0   0       1.23617320  s
  202   2   1  -1       0.96600574  p_y
  202   2   1   0       0.92223675  p_z
  202   2   1   1       0.96804286  p_x
  203   1   0   0       0.94268990  s
  204   1   0   0       0.93536471  s
  205   1   0   0       1.24888978  s
  205   2   1  -1       0.98243336  p_y
  205   2   1   0       0.93944588  p_z
  205   2   1   1       0.95104817  p_x
  206   1   0   0       0.94832042  s
  207   1   0   0       0.92577979  s
  208   1   0   0       1.25126895  s
  208   2   1  -1       0.91693964  p_y
  208   2   1   0       0.97940639  p_z
  208   2   1   1       0.98483510  p_x
  209   1   0   0       0.95462599  s
  210   1   0   0       0.92701189  s
  211   1   0   0       1.24883934  s
  211   2   1  -1       0.92523965  p_y
  211   2   1   0       0.98422789  p_z
  211   2   1   1       0.96824410  p_x
  212   1   0   0       0.93254471  s
  213   1   0   0       0.93488487  s
  214   1   0   0       1.22221242  s
  214   2   1  -1       1.00302248  p_y
  214   2   1   0       0.94955204  p_z
  214   2   1   1       0.93236108  p_x
  215   1   0   0       0.94656929  s
  216   1   0   0       0.94111003  s
  217   1   0   0       1.25122624  s
  217   2   1  -1       1.00252383  p_y
  217   2   1   0       0.96442778  p_z
  217   2   1   1       0.98500631  p_x
  218   1   0   0       0.92978115  s
  219   1   0   0       0.95871112  s
  220   1   0   0       0.91985829  s
  221   1   0   0       1.24828085  s
  221   2   1  -1       0.98391659  p_y
  221   2   1   0       1.00419781  p_z
  221   2   1   1       0.96046851  p_x
  222   1   0   0       0.94148370  s
  223   1   0   0       0.92851622  s
  224   1   0   0       0.93448203  s
  225   1   0   0       1.23523271  s
  225   2   1  -1       0.92807224  p_y
  225   2   1   0       0.98733832  p_z
  225   2   1   1       0.91291082  p_x
  226   1   0   0       0.96929063  s
  227   1   0   0       0.97029382  s
  228   1   0   0       1.23004990  s
  228   2   1  -1       0.98290448  p_y
  228   2   1   0       0.96309180  p_z
  228   2   1   1       0.94757073  p_x
  229   1   0   0       0.94773873  s
  230   1   0   0       0.90910470  s
  231   1   0   0       1.29449762  s
  231   2   1  -1       0.91757581  p_y
  231   2   1   0       1.00205497  p_z
  231   2   1   1       0.92439547  p_x
  232   1   0   0       0.95853098  s
  233   1   0   0       0.93644113  s
  234   1   0   0       1.25644645  s
  234   2   1  -1       0.94546587  p_y
  234   2   1   0       0.96772399  p_z
  234   2   1   1       0.95160060  p_x
  235   1   0   0       0.93596118  s
  236   1   0   0       0.93428339  s
  237   1   0   0       1.25626955  s
  237   2   1  -1       0.94579319  p_y
  237   2   1   0       0.94508273  p_z
  237   2   1   1       0.98916615  p_x
  238   1   0   0       0.94798847  s
  239   1   0   0       0.91746455  s
  240   1   0   0       1.24778441  s
  240   2   1  -1       0.96979709  p_y
  240   2   1   0       0.96245710  p_z
  240   2   1   1       0.95870395  p_x
  241   1   0   0       0.91769796  s
  242   1   0   0       0.95833375  s
  243   1   0   0       1.22871231  s
  243   2   1  -1       0.93988998  p_y
  243   2   1   0       0.95414511  p_z
  243   2   1   1       0.96476636  p_x
  244   1   0   0       0.93534503  s
  245   1   0   0       0.97464836  s
  246   1   0   0       1.25325892  s
  246   2   1  -1       0.94680158  p_y
  246   2   1   0       0.94830165  p_z
  246   2   1   1       0.97302429  p_x
  247   1   0   0       0.93410746  s
  248   1   0   0       0.95143683  s
  249   1   0   0       1.26210274  s
  249   2   1  -1       0.99850730  p_y
  249   2   1   0       0.98720918  p_z
  249   2   1   1       0.96734662  p_x
  250   1   0   0       0.93100320  s
  251   1   0   0       0.93018725  s
  252   1   0   0       0.91560315  s
  253   1   0   0       1.26986702  s
  253   2   1  -1       0.96487785  p_y
  253   2   1   0       0.92713782  p_z
  253   2   1   1       0.97033560  p_x
  254   1   0   0       0.92835679  s
  255   1   0   0       0.92232707  s
  256   1   0   0       0.95776010  s
  257   1   0   0       1.24444559  s
  257   2   1  -1       0.99113915  p_y
  257   2   1   0       0.94427077  p_z
  257   2   1   1       0.91507900  p_x
  258   1   0   0       0.97286035  s
  259   1   0   0       0.93267450  s
  260   1   0   0       1.24815790  s
  260   2   1  -1       1.01976415  p_y
  260   2   1   0       0.92201823  p_z
  260   2   1   1       0.94347445  p_x
  261   1   0   0       0.94724288  s
  262   1   0   0       0.93366731  s
  263   1   0   0       1.24268898  s
  263   2   1  -1       0.98102197  p_y
  263   2   1   0       0.89981358  p_z
  263   2   1   1       0.98342116  p_x
  264   1   0   0       0.94740285  s
  265   1   0   0       0.92536839  s
  266   1   0   0       1.25954670  s
  266   2   1  -1       0.97501888  p_y
  266   2   1   0       0.97149451  p_z
  266   2   1   1       0.98396814  p_x
  267   1   0   0       0.91454577  s
  268   1   0   0       0.94536129  s
  269   1   0   0       1.22955514  s
  269   2   1  -1       0.93133174  p_y
  269   2   1   0       0.97662777  p_z
  269   2   1   1       0.92741691  p_x
  270   1   0   0       0.98238427  s
  271   1   0   0       0.94533025  s
  272   1   0   0       1.22439223  s
  272   2   1  -1       0.95299220  p_y
  272   2   1   0       0.96971476  p_z
  272   2   1   1       0.95293410  p_x
  273   1   0   0       0.94151003  s
  274   1   0   0       0.94575191  s
  275   1   0   0       1.21777926  s
  275   2   1  -1       0.97585408  p_y
  275   2   1   0       0.97027198  p_z
  275   2   1   1       0.94813945  p_x
  276   1   0   0       0.98791804  s
  277   1   0   0       0.92062201  s
  278   1   0   0       1.23007493  s
  278   2   1  -1       0.98185388  p_y
  278   2   1   0       0.93694935  p_z
  278   2   1   1       0.94290401  p_x
  279   1   0   0       0.93454217  s
  280   1   0   0       0.95088666  s
  281   1   0   0       1.26954267  s
  281   2   1  -1       0.96948361  p_y
  281   2   1   0       0.98615438  p_z
  281   2   1   1       0.97541690  p_x
  282   1   0   0       0.92483124  s
  283   1   0   0       0.92412749  s
  284   1   0   0       0.94517289  s
  285   1   0   0       1.29795620  s
  285   2   1  -1       0.97042419  p_y
  285   2   1   0       0.92983170  p_z
  285   2   1   1       0.98787845  p_x
  286   1   0   0       0.94967321  s
  287   1   0   0       0.93530064  s
  288   1   0   0       0.95353482  s
  289   1   0   0       1.24978661  s
  289   2   1  -1       0.92568816  p_y
  289   2   1   0       0.92649000  p_z
  289   2   1   1       0.99303391  p_x
  290   1   0   0       0.95399927  s
  291   1   0   0       0.94904491  s
  292   1   0   0       1.24658248  s
  292   2   1  -1       0.92711653  p_y
  292   2   1   0       0.96923791  p_z
  292   2   1   1       0.97050700  p_x
  293   1   0   0       0.94222962  s
  294   1   0   0       0.93132463  s
  295   1   0   0       1.24018816  s
  295   2   1  -1       0.99274860  p_y
  295   2   1   0       0.95947084  p_z
  295   2   1   1       0.93383576  p_x
  296   1   0   0       0.95201060  s
  297   1   0   0       0.94609214  s
  298   1   0   0       1.22262500  s
  298   2   1  -1       0.96905030  p_y
  298   2   1   0       0.93883408  p_z
  298   2   1   1       0.94103848  p_x
  299   1   0   0       0.96711261  s
  300   1   0   0       0.94662704  s
  301   1   0   0       1.24787588  s
  301   2   1  -1       0.96896703  p_y
  301   2   1   0       0.93657380  p_z
  301   2   1   1       0.95643723  p_x
  302   1   0   0       0.93506283  s
  303   1   0   0       0.93865266  s
  304   1   0   0       1.24643915  s
  304   2   1  -1       0.94634278  p_y
  304   2   1   0       0.97117615  p_z
  304   2   1   1       0.95007484  p_x
  305   1   0   0       0.95005488  s
  306   1   0   0       0.95952995  s
  307   1   0   0       1.22464783  s
  307   2   1  -1       0.95018046  p_y
  307   2   1   0       0.97681870  p_z
  307   2   1   1       0.95411696  p_x
  308   1   0   0       0.94028319  s
  309   1   0   0       0.95372674  s
  310   1   0   0       1.23926222  s
  310   2   1  -1       0.95219575  p_y
  310   2   1   0       0.93484109  p_z
  310   2   1   1       0.98136871  p_x
  311   1   0   0       0.92454532  s
  312   1   0   0       0.93785045  s
  313   1   0   0       1.28062379  s
  313   2   1  -1       0.99350636  p_y
  313   2   1   0       0.94734234  p_z
  313   2   1   1       0.97978615  p_x
  314   1   0   0       0.92963583  s
  315   1   0   0       0.94314946  s
  316   1   0   0       0.92397432  s
  317   1   0   0       1.29709938  s
  317   2   1  -1       0.98702782  p_y
  317   2   1   0       0.93556479  p_z
  317   2   1   1       0.97636641  p_x
  318   1   0   0       0.94858883  s
  319   1   0   0       0.94379885  s
  320   1   0   0       0.94227961  s
  321   1   0   0       1.21831639  s
  321   2   1  -1       0.98581469  p_y
  321   2   1   0       0.92350038  p_z
  321   2   1   1       0.97242595  p_x
  322   1   0   0       0.93483451  s
  323   1   0   0       0.94674740  s
  324   1   0   0       1.22704028  s
  324   2   1  -1       0.95785128  p_y
  324   2   1   0       0.92865792  p_z
  324   2   1   1       0.96435519  p_x
  325   1   0   0       0.96233836  s
  326   1   0   0       0.94780929  s
  327   1   0   0       1.27319550  s
  327   2   1  -1       0.94540509  p_y
  327   2   1   0       0.94245610  p_z
  327   2   1   1       0.97644782  p_x
  328   1   0   0       0.93265088  s
  329   1   0   0       0.93058780  s
  330   1   0   0       1.28461582  s
  330   2   1  -1       0.94698741  p_y
  330   2   1   0       0.92479849  p_z
  330   2   1   1       0.99831519  p_x
  331   1   0   0       0.93506776  s
  332   1   0   0       0.94585324  s
  333   1   0   0       1.24674234  s
  333   2   1  -1       0.95662368  p_y
  333   2   1   0       0.94572381  p_z
  333   2   1   1       0.96622533  p_x
  334   1   0   0       0.92043749  s
  335   1   0   0       0.94207808  s
  336   1   0   0       1.25200146  s
  336   2   1  -1       0.92844048  p_y
  336   2   1   0       1.00883572  p_z
  336   2   1   1       0.96110617  p_x
  337   1   0   0       0.92666351  s
  338   1   0   0       0.92615389  s
  339   1   0   0       1.28698263  s
  339   2   1  -1       0.91668514  p_y
  339   2   1   0       0.96415110  p_z
  339   2   1   1       0.95991988  p_x
  340   1   0   0       0.93636058  s
  341   1   0   0       0.94636668  s
  342   1   0   0       1.23364645  s
  342   2   1  -1       0.91740292  p_y
  342   2   1   0       0.95663653  p_z
  342   2   1   1       0.99223342  p_x
  343   1   0   0       0.93683309  s
  344   1   0   0       0.94533976  s
  345   1   0   0       1.27213729  s
  345   2   1  -1       0.96403428  p_y
  345   2   1   0       0.98253858  p_z
  345   2   1   1       0.98741481  p_x
  346   1   0   0       0.92027493  s
  347   1   0   0       0.93738590  s
  348   1   0   0       0.94070622  s
  349   1   0   0       1.26429518  s
  349   2   1  -1       0.97674916  p_y
  349   2   1   0       0.98119006  p_z
  349   2   1   1       0.96537918  p_x
  350   1   0   0       0.94770498  s
  351   1   0   0       0.95518665  s
  352   1   0   0       0.92874805  s
 
Fermi level:                        -0.0773348164 H           -2.1044 eV
Band energy:                      -278.0170077687 H        -7565.2277 eV
TS:                                  0.0000000000 H            0.0000 eV
Band free energy (E-TS):          -278.0170077687 H        -7565.2277 eV
Extrapolated E(0K):               -278.0170077687 H        -7565.2277 eV
Input / Output electrons (q):    682.0000000000    682.0000000000
 
Energy H0:                        -282.6604480387 H        -7691.5821 eV
Energy SCC:                          0.0782128329 H            2.1283 eV
Total Electronic energy:          -282.5822352059 H        -7689.4539 eV
Repulsive energy:                    4.6373565928 H          126.1889 eV
Dispersion energy:                   1.1229317166 H           30.5565 eV
Total energy:                     -276.8219468965 H        -7532.7084 eV
Extrapolated to 0:                -276.8219468965 H        -7532.7084 eV
Total Mermin free energy:         -276.8219468965 H        -7532.7084 eV
Force related energy:             -276.8219468965 H        -7532.7084 eV
 
SCC converged
 
Full geometry written in geo_end.{xyz|gen}
 
MD Kinetic Energy:                   1.0122369957 H
Total MD Energy:                  -275.8097099007 H
Pressure:                            0.506738E-05 au     0.149087E+09 Pa
MD Temperature:                      0.0019225774 H          607.1012 K
MD Kinetic Energy:                   1.0122369957 H
Total MD Energy:                  -275.8097099007 H        -7505.1641 eV
MD Temperature:                      0.0019225774 H          607.1012 K
 
Molecular dynamics completed
 
