 Fermi distribution function
 
MD step: 100000
 

********************************************************************************
 iSCC Total electronic   Diff electronic      SCC error    
    5   -0.28274087E+03    0.30638603E-10    0.88386178E-06
********************************************************************************
 
Coordinates of moved atoms (au):
    1     62.83468801     57.88443910     75.72377311
    2     63.39443420     59.67322505     76.80050845
    3     63.07086663     58.32726726     73.52007641
    4     64.43838445     84.57906679     76.21234296
    5     63.55330150     82.90279581     75.22361521
    6     35.33348114     83.89538836     78.20105854
    7     67.26419638     84.89867136     75.46567012
    8     39.29316732     82.92203840     75.79625619
    9     68.14759601     86.14481171     76.91743062
   10     38.99761300     85.98643879     72.72758672
   11     37.80499506     87.60112657     72.53920240
   12     38.47908981     84.72658065     71.24227629
   13     70.83885990     86.40681510     72.58982018
   14     71.79641227     84.51351830     72.55619150
   15     71.28695582     87.41344621     74.46574765
   16     42.70882331     88.03917147     70.39506627
   17     41.75397281     90.01644673     70.13287213
   18     41.99991003     87.09536391     68.70646476
   19     74.50273995     88.57422661     70.18858512
   20     75.36464134     89.18465042     72.21558617
   21     74.55581390     90.33421503     69.01155879
   22     76.17416271     86.44956144     69.18697069
   23     46.80923556     85.94832588     67.10169035
   24     46.75873917     84.71097625     70.23851681
   25     60.10469852     57.16892740     76.41667525
   26     59.76948614     55.19778103     76.00389586
   27     59.55580032     57.34902891     78.32024221
   28     58.84812255     58.31007712     75.36508314
   29     78.93095134     87.17502142     69.44039646
   30     80.01456300     85.76947974     68.24444027
   31     79.32893567     89.07691664     68.84628184
   32     79.62297306     87.07444383     71.56500424
   33     47.85506954     54.87854296     60.13490174
   34     47.32000394     55.61698706     58.30312044
   35     46.33785821     54.39771353     61.33099217
   36     49.31293372     52.33625748     59.68039805
   37     49.63328738     51.47154727     61.57296800
   38     51.15948189     52.90293578     58.98126691
   39     48.03615494     50.67975933     57.72322947
   40     48.19326912     51.72473724     56.05898924
   41     46.05392166     50.46220471     58.21293657
   42     49.27517813     48.05613289     57.38639360
   43     77.30187611     46.93952262     55.89904527
   44     49.09969868     46.96738956     59.12602203
   45     52.14648381     48.17818230     56.82837126
   46     52.70816072     46.12192418     56.81380438
   47     81.92620962     49.10457319     58.56191435
   48     81.87128031     49.54766157     54.55328792
   49     81.09540158     51.49171573     54.88449483
   50     80.85059155     49.03182595     52.75127090
   51     55.78923217     49.75786775     54.12011178
   52     56.68028024     48.09743109     55.04608098
   53     56.49148334     51.50804195     55.19907162
   54     85.48707679     50.07058716     80.25467275
   55     85.00751505     52.03022909     79.66157537
   56     84.47295831     48.70314044     79.12210917
   57     49.48742737     56.69990573     61.61653653
   58     51.11774687     57.44831403     60.74397473
   59     48.27795030     58.32884475     62.33452827
   60     50.30013940     55.95806381     63.39857166
   61     59.36486215     49.79697296     79.62699804
   62     59.81548103     49.80287674     77.47196669
   63     60.51438539     51.38121150     80.40462957
   64     60.29092559     48.06338812     80.38812351
   65     78.09612705     68.36554188     62.29265278
   66     79.88836431     68.57556626     61.28938924
   67     77.98064224     69.57145621     64.02509956
   68     75.94837300     69.10601845     60.55491581
   69     75.07042812     67.34563769     59.64437738
   70     76.82705359     70.19622671     58.87274037
   71     73.89413680     70.73837781     61.86998405
   72     73.92182802     69.96455863     63.86379419
   73     72.12222484     70.38804530     60.91114329
   74     74.33768404     44.76463503     61.80959127
   75     74.61421669     45.42856986     59.85406071
   76     75.89835066     44.82029463     63.16609956
   77     71.95351551     46.31256439     62.61782674
   78     70.40651396     73.68725119     63.25679664
   79     71.21620303     76.33586623     60.89015082
   80     72.35548931     48.23062065     64.63784333
   81     73.87802249     49.52134003     63.96240471
   82     73.35875978     47.44717527     66.36070995
   83     70.01498870     49.76894900     65.28532602
   84     70.69521663     50.60671332     67.07417926
   85     68.46282751     48.41761345     66.11782045
   86     69.20185509     51.81453813     63.41872339
   87     67.97671619     50.90252857     62.05223194
   88     70.74763900     52.84011452     62.37055965
   89     78.04876445     65.52182550     63.02140852
   90     79.80038202     65.05591582     63.87909855
   91     76.28684473     64.69349871     63.87174405
   92     78.13876844     64.43832222     61.30043927
   93     67.86982695     54.10254188     64.53346610
   94     66.63450016     55.11816036     63.06068385
   95     66.40810746     53.88513170     66.05329920
   96     69.13492181     55.75596639     64.73887222
   97     57.99074855     67.60900630     83.02979513
   98     59.19432573     66.10414941     81.98621727
   99     56.09535758     67.69820032     82.10984298
  100     57.98999613     66.88677245     85.81162276
  101     56.75587712     68.27987875     86.82149247
  102     60.02967384     66.68298578     86.38776416
  103     56.59390962     64.27150327     86.37658653
  104     57.99450881     62.68692611     85.95764505
  105     54.98963130     63.94285949     85.21769956
  106     56.08760622     64.04608291     60.15578149
  107     54.59291516     65.59832036     60.75923762
  108     57.85008924     64.43933133     61.25992746
  109     54.98927965     61.41192990     61.06182237
  110     56.17672419     59.90215961     60.23348075
  111     52.99067078     61.40157950     60.21013234
  112     54.73982222     60.99458555     63.85435061
  113     54.25950210     58.91997415     63.87009294
  114     52.85343019     61.88588382     64.33966773
  115     56.89870675     61.60927514     65.62563589
  116     55.93087894     62.30497995     67.39683147
  117     57.88363236     63.24867093     64.57981327
  118     58.50561116     59.23441133     66.13805375
  119     59.18116233     58.34374904     64.31469528
  120     57.47699349     57.84292783     67.22791012
  121     59.44832335     70.08125884     82.72490770
  122     59.12115848     70.98775803     80.88494600
  123     58.80518050     71.43750928     84.10203439
  124     61.45671132     69.71188575     82.97920646
  125     61.04103704     59.70616087     67.35173932
  126     62.17970127     57.98930341     67.43857710
  127     62.29033897     60.91702821     66.09018698
  128     61.06658246     60.47485501     69.33312017
  129     62.68352873     73.03653686     60.14858845
  130     64.04045381     72.70078152     58.57677735
  131     60.88138743     72.51908523     59.18809695
  132     63.22714146     71.04192757     62.10506848
  133     65.16838460     71.54628967     62.84433241
  134     63.50286618     69.20567402     61.10047883
  135     61.39971059     70.47751574     64.34128094
  136     61.70043341     68.40265252     64.66217755
  137     59.47793307     70.50425708     63.85833733
  138     62.08683568     72.16447798     66.60522057
  139     61.05395282     74.08895955     66.14093293
  140     64.12067532     72.55437290     66.64362313
  141     61.22159422     71.22596646     69.29916009
  142     61.67185290     72.62464629     70.69460202
  143     62.12814144     69.53592531     70.01138290
  144     58.40443470     70.88524821     69.60414943
  145     57.70887717     69.05599816     69.33336140
  146     57.51892036     72.07051723     68.10954522
  147     57.81514196     72.07027412     72.15021724
  148     58.31388773     74.12532105     72.32755105
  149     59.26402584     71.38911317     73.51755383
  150     55.12081283     71.88125088     73.02887891
  151     54.54619028     69.77661989     73.04014258
  152     53.92503145     72.38824561     71.49359464
  153     62.46388520     75.65575560     61.41225553
  154     62.07860488     48.15856626     59.95527849
  155     61.12807079     75.69120706     63.13540057
  156     64.35400666     76.27517773     61.92707080
  157     54.31070014     73.11913039     75.52646611
  158     54.63092004     75.06593197     75.47094199
  159     52.35658660     72.63239175     75.98971872
  160     55.28950509     72.09405212     76.90079552
  161     81.52936136     60.14023572     52.12884580
  162     81.44324782     62.30393636     51.74035477
  163     80.20838951     60.03006892     53.91353996
  164     80.20742280     58.70220939     50.03615561
  165     81.03947317     59.38226903     48.22809935
  166     78.24990184     59.33434697     50.09138457
  167     80.24609028     55.85511305     49.89584093
  168     80.10469866     54.78928403     51.72948613
  169     82.20708565     55.28969221     49.49223371
  170     78.64182158     54.77994992     47.87893269
  171     79.21514970     52.96260532     47.28257108
  172     79.11422869     55.92665936     46.19598553
  173     75.79116811     83.81976243     48.23935774
  174     75.02030906     83.14581124     46.52484741
  175     74.99235585     56.80826330     48.42083640
  176     74.85612453     82.08143873     50.35850520
  177     75.83521641     82.85628398     52.12247692
  178     75.60839271     80.10208495     50.35554907
  179     72.01894656     82.10724833     50.72182534
  180     71.25451668     80.57005700     49.51104726
  181     71.23654674     83.99537823     49.82356592
  182     71.29439501     81.87458742     53.64155872
  183     71.98693478     83.49779085     54.75856361
  184     72.29063004     80.13184938     54.35201045
  185     84.31684258     59.23626750     52.37687440
  186     84.25084282     57.16709650     52.91825804
  187     85.30778658     59.44174478     50.55875145
  188     85.32008304     60.24218781     82.85203607
  189     68.43832980     81.71701900     54.07554936
  190     67.76490294     79.92793555     53.51743467
  191     67.77883189     82.11965779     55.97899987
  192     67.45304657     83.17098207     52.87975754
  193     65.62388784     45.89976677     75.27920976
  194     64.83467387     45.71304722     73.27402612
  195     67.37511091     73.80429606     75.37716879
  196     66.47740633     48.72673429     75.61728491
  197     67.20196177     49.08466166     77.69127054
  198     64.90435912     79.15254368     75.43539242
  199     68.37292169     49.19646616     73.57106206
  200     69.06837468     51.21126042     73.72869711
  201     67.54254522     48.94791782     71.71792589
  202     70.84221276     47.44362255     73.14797617
  203     70.91944429     46.61868882     71.28140866
  204     71.03609225     45.95411528     74.57397542
  205     73.41453213     48.84964613     73.48777624
  206     74.79012031     47.22263812     73.65574652
  207     73.23571093     49.78326591     75.31341622
  208     74.30130048     50.63940856     71.25685096
  209     75.24987497     52.30045513     72.18368549
  210     72.70390088     51.44308333     70.17209952
  211     76.16048313     78.23643661     69.48815353
  212     76.17892736     79.50014043     67.78297698
  213     75.36446525     76.34975562     68.92242514
  214     78.88195972     77.89188943     70.30849851
  215     78.91513115     76.68824749     72.00564048
  216     79.88063561     79.68370054     70.66190857
  217     63.82616230     44.99751562     77.28919860
  218     64.06010246     45.52691567     50.31355867
  219     61.89164316     45.89167474     48.05204941
  220     63.55804872     42.89460596     77.40959648
  221     80.39153410     76.49390159     68.21886120
  222     81.57665332     77.98453923     67.19912388
  223     81.89313748     75.17907888     69.03490679
  224     79.16002297     75.47008781     66.84183442
  225     58.17273911     81.50946222     70.89285482
  226     60.02623357     81.17399404     71.74688052
  227     57.97071150     83.63661453     70.82353942
  228     58.02848391     51.28252329     68.19863329
  229     56.15300024     51.81889252     67.27546114
  230     58.08874830     49.23157423     68.12201822
  231     60.27248518     81.34692719     66.47258098
  232     61.97947419     80.04469709     66.64430151
  233     60.76938406     83.40584747     67.16597108
  234     59.52337709     81.46393635     63.67121856
  235     57.93189788     82.83739719     63.54663769
  236     58.78708631     79.63111390     62.95787664
  237     61.85501378     82.44913786     62.26579926
  238     63.61238686     81.16780603     62.67790438
  239     62.04752693     55.55276838     62.81196238
  240     61.56736630     82.41956520     59.30621647
  241     59.52174633     53.78403924     58.66574417
  242     62.09710015     51.78505750     58.15285813
  243     62.92620754     84.80185610     58.16105217
  244     64.81030535     84.09131286     57.67315147
  245     63.04718826     86.33544296     59.59329881
  246     61.73370914     85.96306233     55.77427596
  247     59.79446535     86.75613184     56.37522910
  248     61.41765357     84.47043670     54.24085241
  249     56.04949298     51.41427282     72.44502955
  250     55.85378061     52.51218778     74.19389563
  251     54.18171456     51.88893664     71.62698860
  252     56.13060590     49.33690253     72.70815646
  253     63.15973329     88.27041957     54.80512343
  254     63.04817902     89.90286917     56.11414906
  255     65.13330289     87.69306625     54.34388858
  256     62.43689695     88.74466061     81.89137151
  257     67.82072098     68.29151121     84.48029698
  258     69.90693692     68.02602670     84.38643486
  259     67.62973423     69.71475688     86.11510657
  260     67.14481324     69.82910624     82.10513666
  261     66.71942495     71.72490155     82.76640601
  262     65.37753435     69.09692513     81.22125487
  263     69.09132918     70.10188413     79.77078164
  264     68.03166066     69.93557342     78.02970188
  265     70.48344538     68.45156985     79.96706333
  266     70.50156002     72.64505324     79.45195276
  267     68.93596098     74.04555834     80.12813710
  268     71.03527949     72.91136001     77.44038932
  269     72.77513634     73.11779212     81.17817522
  270     72.90610233     71.58765713     82.64937294
  271     72.24615622     74.89169901     82.08232439
  272     75.34246256     73.34028066     79.77352975
  273     76.40725854     75.00066524     80.56685429
  274     75.19942042     73.84407298     77.69011344
  275     76.88076715     70.91232402     79.76395029
  276     78.50025892     71.31168906     78.47444656
  277     75.82029779     69.36871230     78.58400113
  278     77.56178191     69.57445187     82.21883488
  279     75.78742379     69.37325513     83.37096790
  280     78.69757688     71.05211921     83.21394952
  281     66.07144795     65.86042056     85.04798600
  282     64.11591662     66.41821490     84.56164655
  283     66.89251832     64.27519097     83.85586514
  284     65.99168215     65.18660666     86.90321370
  285     78.97790148     67.27739721     81.69914462
  286     77.99972110     66.02154911     80.27061577
  287     80.89270940     67.67075905     80.99848122
  288     79.19064490     65.80746502     83.04298613
  289     59.50076231     64.96763641     74.98997673
  290     59.42823785     63.67346786     76.65666754
  291     59.13216881     66.87367652     75.95753709
  292     62.40267810     65.01056247     74.28825996
  293     62.89397888     66.66222380     73.15026269
  294     62.86479833     63.33515891     73.11002172
  295     64.08008268     65.14328365     76.61294201
  296     63.23465212     64.18351162     78.21654744
  297     63.76492940     67.18738621     48.44779581
  298     66.87728148     64.55109399     47.22415470
  299     68.10982453     66.26231705     75.76637547
  300     67.15769932     63.56985544     45.34551826
  301     68.13347328     63.14280354     49.53783722
  302     67.30329557     61.29929105     49.44989493
  303     67.65023120     64.04446050     80.31033000
  304     70.98201779     63.08122384     48.98395721
  305     71.53213376     65.16078890     48.96417178
  306     71.46157016     62.56456015     46.94490994
  307     72.52042954     61.27347804     50.64600768
  308     74.60686030     61.32863461     50.02924819
  309     71.55890575     59.33220164     50.19892349
  310     72.19641308     61.88899989     53.40977381
  311     70.27535217     61.45842546     54.08272444
  312     72.46530831     63.92673827     54.01571927
  313     57.43134138     64.49558758     72.86357541
  314     57.86139054     65.58019145     71.17222467
  315     57.73314348     62.49874614     72.20186405
  316     55.42109128     64.78930911     73.43624492
  317     73.91839403     60.05820235     54.92426454
  318     74.24512338     60.72418277     56.91912280
  319     73.55462498     57.94885900     54.91487926
  320     75.95488115     60.10923235     54.12331681
  321     75.14556003     69.96292435     42.52429880
  322     74.74615522     72.02062076     42.36361535
  323     74.75938657     69.51632324     44.62643302
  324     73.27347690     68.57203510     69.93922385
  325     72.87683882     66.69354606     70.94425291
  326     74.01274938     67.98438401     68.11779822
  327     70.76248153     69.88465338     69.52403854
  328     71.15843156     71.84438471     68.66468484
  329     70.00470781     70.43380248     71.42671018
  330     68.96842118     68.50967983     67.70798781
  331     70.04761000     68.26422774     65.99352285
  332     67.28496121     69.49722240     67.40878105
  333     68.43863955     65.73819019     68.65081543
  334     67.49118779     65.50079204     70.46910091
  335     70.25720701     64.74452092     68.84857697
  336     66.89769914     64.35881861     66.58306301
  337     65.12086565     65.47113148     66.09329493
  338     66.00069719     62.65727496     67.39788649
  339     68.39896506     63.68224491     64.22697690
  340     70.37010369     62.94168206     64.51274108
  341     68.76545828     65.44962826     62.88871950
  342     67.08568511     61.28779103     62.82274564
  343     65.17536575     61.90211756     62.21212689
  344     67.09888488     59.87121201     64.32762277
  345     77.88402061     69.31762271     42.15558025
  346     78.15610012     67.26593574     42.63462275
  347     78.39506353     69.82903808     40.10571284
  348     78.95898374     70.55111865     43.34313087
  349     68.59382023     60.13362455     60.53959181
  350     70.11155407     58.60723938     60.71674401
  351     67.13721933     59.32773843     59.30808520
  352     69.70037532     61.48832836     59.41693440
 
 Total charge:    -0.00000000

 Atomic gross charges (e)
 Atom           Charge
    1      -0.06765170
    2       0.05310455
    3       0.03445076
    4      -0.09174085
    5       0.04343262
    6       0.04993635
    7      -0.11568459
    8       0.03757783
    9       0.05450540
   10      -0.12956821
   11       0.07340263
   12       0.06361412
   13      -0.08733482
   14       0.05913277
   15       0.04340364
   16      -0.10235254
   17       0.03977950
   18       0.05440019
   19      -0.08696058
   20       0.03001209
   21       0.04964735
   22      -0.08437197
   23       0.04353058
   24       0.05893287
   25      -0.22793706
   26       0.06677046
   27       0.07562220
   28       0.07040762
   29      -0.18541454
   30       0.05634725
   31       0.07330392
   32       0.04479681
   33      -0.11410555
   34       0.06891191
   35       0.07009588
   36      -0.12031245
   37       0.05280531
   38       0.05805670
   39      -0.11622376
   40       0.07220853
   41       0.05694642
   42      -0.12276243
   43       0.05503830
   44       0.05853701
   45      -0.08848853
   46       0.04210983
   47       0.05149482
   48      -0.09459080
   49       0.04484934
   50       0.04903934
   51      -0.10140980
   52       0.05852855
   53       0.04388466
   54      -0.09549872
   55       0.05579318
   56       0.06418057
   57      -0.19993049
   58       0.07455060
   59       0.04619624
   60       0.05466490
   61      -0.19148740
   62       0.05026366
   63       0.05620993
   64       0.06047454
   65      -0.09332632
   66       0.06035780
   67       0.05654383
   68      -0.09382445
   69       0.04748865
   70       0.03485335
   71      -0.12498440
   72       0.05977913
   73       0.06242249
   74      -0.14099324
   75       0.07404139
   76       0.07478672
   77      -0.07894935
   78       0.02631533
   79       0.04585316
   80      -0.10187354
   81       0.04630625
   82       0.05352130
   83      -0.09648347
   84       0.04825672
   85       0.04476863
   86      -0.07660869
   87       0.06062745
   88       0.05828632
   89      -0.22479504
   90       0.07743585
   91       0.06949857
   92       0.05788814
   93      -0.20889718
   94       0.04007017
   95       0.06958618
   96       0.06665192
   97      -0.08627249
   98       0.03541625
   99       0.05897906
  100      -0.11405458
  101       0.06301685
  102       0.06550175
  103      -0.11384615
  104       0.04011873
  105       0.07409468
  106      -0.09454274
  107       0.02777561
  108       0.05279321
  109      -0.10721375
  110       0.05619122
  111       0.04441077
  112      -0.10281340
  113       0.04218880
  114       0.04409946
  115      -0.09358284
  116       0.05328989
  117       0.06095858
  118      -0.08551713
  119       0.05393808
  120       0.06822722
  121      -0.21091025
  122       0.06244472
  123       0.06637363
  124       0.06915146
  125      -0.19753160
  126       0.05773965
  127       0.05140774
  128       0.05972377
  129      -0.08950801
  130       0.05810286
  131       0.04133525
  132      -0.10380575
  133       0.04477658
  134       0.04025525
  135      -0.11009365
  136       0.04296593
  137       0.07272831
  138      -0.09413472
  139       0.04019641
  140       0.06116580
  141      -0.12932186
  142       0.06408576
  143       0.06344077
  144      -0.11112423
  145       0.07526214
  146       0.04668086
  147      -0.09439800
  148       0.04370028
  149       0.04785766
  150      -0.10043974
  151       0.02830352
  152       0.05851101
  153      -0.20033697
  154       0.05920219
  155       0.07696647
  156       0.06232509
  157      -0.22223151
  158       0.08527413
  159       0.06468498
  160       0.07956626
  161      -0.07643243
  162       0.03487884
  163       0.03893971
  164      -0.09961147
  165       0.04673173
  166       0.05434110
  167      -0.08877294
  168       0.04797877
  169       0.03881549
  170      -0.10417178
  171       0.06292556
  172       0.04340537
  173      -0.10910711
  174       0.05794669
  175       0.05864227
  176      -0.10116751
  177       0.03604744
  178       0.05188897
  179      -0.10145045
  180       0.06105940
  181       0.04026414
  182      -0.09330790
  183       0.05932491
  184       0.05086487
  185      -0.19978033
  186       0.05958103
  187       0.07242773
  188       0.06728143
  189      -0.20896044
  190       0.07294171
  191       0.06785264
  192       0.05689872
  193      -0.08811729
  194       0.05070856
  195       0.06585989
  196      -0.08452815
  197       0.03970913
  198       0.04960748
  199      -0.11688228
  200       0.05389301
  201       0.06151886
  202      -0.13953003
  203       0.06643569
  204       0.06357841
  205      -0.12511171
  206       0.04956609
  207       0.06671157
  208      -0.10946843
  209       0.05012716
  210       0.06273357
  211      -0.09801377
  212       0.04522361
  213       0.06161568
  214      -0.09671392
  215       0.05728473
  216       0.06313868
  217      -0.19384959
  218       0.06564152
  219       0.04665793
  220       0.05782344
  221      -0.19850065
  222       0.05093535
  223       0.05726015
  224       0.06857881
  225      -0.08611270
  226       0.06009793
  227       0.05349624
  228      -0.12247768
  229       0.04645117
  230       0.07114114
  231      -0.11223219
  232       0.05118775
  233       0.04569884
  234      -0.10475243
  235       0.05345046
  236       0.06076019
  237      -0.08994657
  238       0.05442780
  239       0.06136663
  240      -0.12631659
  241       0.04191068
  242       0.06452995
  243      -0.12213275
  244       0.05516396
  245       0.05938016
  246      -0.08088775
  247       0.03787840
  248       0.05033985
  249      -0.20562247
  250       0.05898525
  251       0.05679263
  252       0.07385216
  253      -0.20131086
  254       0.07274668
  255       0.05825974
  256       0.06273594
  257      -0.09441903
  258       0.06132393
  259       0.03681840
  260      -0.12176596
  261       0.05824518
  262       0.05311396
  263      -0.12017601
  264       0.06399348
  265       0.05251617
  266      -0.10185338
  267       0.04053923
  268       0.06484274
  269      -0.11248248
  270       0.06270451
  271       0.05817324
  272      -0.09539286
  273       0.04619931
  274       0.04583225
  275      -0.09655452
  276       0.04654608
  277       0.02965712
  278      -0.06918450
  279       0.05605522
  280       0.04653865
  281      -0.21181638
  282       0.07009648
  283       0.06289612
  284       0.08315269
  285      -0.19201534
  286       0.04823693
  287       0.06145790
  288       0.07044216
  289      -0.10187780
  290       0.05442084
  291       0.04065824
  292      -0.10604733
  293       0.05721760
  294       0.05196658
  295      -0.09490077
  296       0.05964189
  297       0.02747188
  298      -0.10489005
  299       0.04476875
  300       0.04988949
  301      -0.12013017
  302       0.06457619
  303       0.07302341
  304      -0.10613900
  305       0.04736962
  306       0.04294300
  307      -0.07825570
  308       0.05296449
  309       0.04828475
  310      -0.08188126
  311       0.05387817
  312       0.05889480
  313      -0.19594847
  314       0.07039791
  315       0.05545566
  316       0.07388758
  317      -0.19953779
  318       0.05503192
  319       0.06758764
  320       0.03935155
  321      -0.07983464
  322       0.04935247
  323       0.03161903
  324      -0.09448415
  325       0.03747980
  326       0.05722147
  327      -0.09733854
  328       0.03161193
  329       0.04860249
  330      -0.11876785
  331       0.06950614
  332       0.07798639
  333      -0.12206459
  334       0.06318392
  335       0.05977808
  336      -0.09741268
  337       0.04517479
  338       0.04860563
  339      -0.10357441
  340       0.05424600
  341       0.03963529
  342      -0.11025827
  343       0.06427760
  344       0.06697199
  345      -0.19458734
  346       0.06838851
  347       0.05298579
  348       0.07348952
  349      -0.20985657
  350       0.06045567
  351       0.06292059
  352       0.06458209
 
Nr. of electrons (up):    682.00000000
Atom populations (up)
 Atom       Population
    1       4.06765170
    2       0.94689545
    3       0.96554924
    4       4.09174085
    5       0.95656738
    6       0.95006365
    7       4.11568459
    8       0.96242217
    9       0.94549460
   10       4.12956821
   11       0.92659737
   12       0.93638588
   13       4.08733482
   14       0.94086723
   15       0.95659636
   16       4.10235254
   17       0.96022050
   18       0.94559981
   19       4.08696058
   20       0.96998791
   21       0.95035265
   22       4.08437197
   23       0.95646942
   24       0.94106713
   25       4.22793706
   26       0.93322954
   27       0.92437780
   28       0.92959238
   29       4.18541454
   30       0.94365275
   31       0.92669608
   32       0.95520319
   33       4.11410555
   34       0.93108809
   35       0.92990412
   36       4.12031245
   37       0.94719469
   38       0.94194330
   39       4.11622376
   40       0.92779147
   41       0.94305358
   42       4.12276243
   43       0.94496170
   44       0.94146299
   45       4.08848853
   46       0.95789017
   47       0.94850518
   48       4.09459080
   49       0.95515066
   50       0.95096066
   51       4.10140980
   52       0.94147145
   53       0.95611534
   54       4.09549872
   55       0.94420682
   56       0.93581943
   57       4.19993049
   58       0.92544940
   59       0.95380376
   60       0.94533510
   61       4.19148740
   62       0.94973634
   63       0.94379007
   64       0.93952546
   65       4.09332632
   66       0.93964220
   67       0.94345617
   68       4.09382445
   69       0.95251135
   70       0.96514665
   71       4.12498440
   72       0.94022087
   73       0.93757751
   74       4.14099324
   75       0.92595861
   76       0.92521328
   77       4.07894935
   78       0.97368467
   79       0.95414684
   80       4.10187354
   81       0.95369375
   82       0.94647870
   83       4.09648347
   84       0.95174328
   85       0.95523137
   86       4.07660869
   87       0.93937255
   88       0.94171368
   89       4.22479504
   90       0.92256415
   91       0.93050143
   92       0.94211186
   93       4.20889718
   94       0.95992983
   95       0.93041382
   96       0.93334808
   97       4.08627249
   98       0.96458375
   99       0.94102094
  100       4.11405458
  101       0.93698315
  102       0.93449825
  103       4.11384615
  104       0.95988127
  105       0.92590532
  106       4.09454274
  107       0.97222439
  108       0.94720679
  109       4.10721375
  110       0.94380878
  111       0.95558923
  112       4.10281340
  113       0.95781120
  114       0.95590054
  115       4.09358284
  116       0.94671011
  117       0.93904142
  118       4.08551713
  119       0.94606192
  120       0.93177278
  121       4.21091025
  122       0.93755528
  123       0.93362637
  124       0.93084854
  125       4.19753160
  126       0.94226035
  127       0.94859226
  128       0.94027623
  129       4.08950801
  130       0.94189714
  131       0.95866475
  132       4.10380575
  133       0.95522342
  134       0.95974475
  135       4.11009365
  136       0.95703407
  137       0.92727169
  138       4.09413472
  139       0.95980359
  140       0.93883420
  141       4.12932186
  142       0.93591424
  143       0.93655923
  144       4.11112423
  145       0.92473786
  146       0.95331914
  147       4.09439800
  148       0.95629972
  149       0.95214234
  150       4.10043974
  151       0.97169648
  152       0.94148899
  153       4.20033697
  154       0.94079781
  155       0.92303353
  156       0.93767491
  157       4.22223151
  158       0.91472587
  159       0.93531502
  160       0.92043374
  161       4.07643243
  162       0.96512116
  163       0.96106029
  164       4.09961147
  165       0.95326827
  166       0.94565890
  167       4.08877294
  168       0.95202123
  169       0.96118451
  170       4.10417178
  171       0.93707444
  172       0.95659463
  173       4.10910711
  174       0.94205331
  175       0.94135773
  176       4.10116751
  177       0.96395256
  178       0.94811103
  179       4.10145045
  180       0.93894060
  181       0.95973586
  182       4.09330790
  183       0.94067509
  184       0.94913513
  185       4.19978033
  186       0.94041897
  187       0.92757227
  188       0.93271857
  189       4.20896044
  190       0.92705829
  191       0.93214736
  192       0.94310128
  193       4.08811729
  194       0.94929144
  195       0.93414011
  196       4.08452815
  197       0.96029087
  198       0.95039252
  199       4.11688228
  200       0.94610699
  201       0.93848114
  202       4.13953003
  203       0.93356431
  204       0.93642159
  205       4.12511171
  206       0.95043391
  207       0.93328843
  208       4.10946843
  209       0.94987284
  210       0.93726643
  211       4.09801377
  212       0.95477639
  213       0.93838432
  214       4.09671392
  215       0.94271527
  216       0.93686132
  217       4.19384959
  218       0.93435848
  219       0.95334207
  220       0.94217656
  221       4.19850065
  222       0.94906465
  223       0.94273985
  224       0.93142119
  225       4.08611270
  226       0.93990207
  227       0.94650376
  228       4.12247768
  229       0.95354883
  230       0.92885886
  231       4.11223219
  232       0.94881225
  233       0.95430116
  234       4.10475243
  235       0.94654954
  236       0.93923981
  237       4.08994657
  238       0.94557220
  239       0.93863337
  240       4.12631659
  241       0.95808932
  242       0.93547005
  243       4.12213275
  244       0.94483604
  245       0.94061984
  246       4.08088775
  247       0.96212160
  248       0.94966015
  249       4.20562247
  250       0.94101475
  251       0.94320737
  252       0.92614784
  253       4.20131086
  254       0.92725332
  255       0.94174026
  256       0.93726406
  257       4.09441903
  258       0.93867607
  259       0.96318160
  260       4.12176596
  261       0.94175482
  262       0.94688604
  263       4.12017601
  264       0.93600652
  265       0.94748383
  266       4.10185338
  267       0.95946077
  268       0.93515726
  269       4.11248248
  270       0.93729549
  271       0.94182676
  272       4.09539286
  273       0.95380069
  274       0.95416775
  275       4.09655452
  276       0.95345392
  277       0.97034288
  278       4.06918450
  279       0.94394478
  280       0.95346135
  281       4.21181638
  282       0.92990352
  283       0.93710388
  284       0.91684731
  285       4.19201534
  286       0.95176307
  287       0.93854210
  288       0.92955784
  289       4.10187780
  290       0.94557916
  291       0.95934176
  292       4.10604733
  293       0.94278240
  294       0.94803342
  295       4.09490077
  296       0.94035811
  297       0.97252812
  298       4.10489005
  299       0.95523125
  300       0.95011051
  301       4.12013017
  302       0.93542381
  303       0.92697659
  304       4.10613900
  305       0.95263038
  306       0.95705700
  307       4.07825570
  308       0.94703551
  309       0.95171525
  310       4.08188126
  311       0.94612183
  312       0.94110520
  313       4.19594847
  314       0.92960209
  315       0.94454434
  316       0.92611242
  317       4.19953779
  318       0.94496808
  319       0.93241236
  320       0.96064845
  321       4.07983464
  322       0.95064753
  323       0.96838097
  324       4.09448415
  325       0.96252020
  326       0.94277853
  327       4.09733854
  328       0.96838807
  329       0.95139751
  330       4.11876785
  331       0.93049386
  332       0.92201361
  333       4.12206459
  334       0.93681608
  335       0.94022192
  336       4.09741268
  337       0.95482521
  338       0.95139437
  339       4.10357441
  340       0.94575400
  341       0.96036471
  342       4.11025827
  343       0.93572240
  344       0.93302801
  345       4.19458734
  346       0.93161149
  347       0.94701421
  348       0.92651048
  349       4.20985657
  350       0.93954433
  351       0.93707941
  352       0.93541791
 
l-shell populations (up)
 Atom Sh.   l       Population
    1   1   0       1.23767971
    1   2   1       2.82997199
    2   1   0       0.94689545
    3   1   0       0.96554924
    4   1   0       1.23357690
    4   2   1       2.85816395
    5   1   0       0.95656738
    6   1   0       0.95006365
    7   1   0       1.26637827
    7   2   1       2.84930632
    8   1   0       0.96242217
    9   1   0       0.94549460
   10   1   0       1.23903809
   10   2   1       2.89053012
   11   1   0       0.92659737
   12   1   0       0.93638588
   13   1   0       1.23753061
   13   2   1       2.84980421
   14   1   0       0.94086723
   15   1   0       0.95659636
   16   1   0       1.23345486
   16   2   1       2.86889768
   17   1   0       0.96022050
   18   1   0       0.94559981
   19   1   0       1.24549361
   19   2   1       2.84146697
   20   1   0       0.96998791
   21   1   0       0.95035265
   22   1   0       1.23031836
   22   2   1       2.85405361
   23   1   0       0.95646942
   24   1   0       0.94106713
   25   1   0       1.25443118
   25   2   1       2.97350587
   26   1   0       0.93322954
   27   1   0       0.92437780
   28   1   0       0.92959238
   29   1   0       1.27113043
   29   2   1       2.91428411
   30   1   0       0.94365275
   31   1   0       0.92669608
   32   1   0       0.95520319
   33   1   0       1.22649865
   33   2   1       2.88760691
   34   1   0       0.93108809
   35   1   0       0.92990412
   36   1   0       1.23885919
   36   2   1       2.88145326
   37   1   0       0.94719469
   38   1   0       0.94194330
   39   1   0       1.22170996
   39   2   1       2.89451380
   40   1   0       0.92779147
   41   1   0       0.94305358
   42   1   0       1.24003947
   42   2   1       2.88272296
   43   1   0       0.94496170
   44   1   0       0.94146299
   45   1   0       1.22530856
   45   2   1       2.86317997
   46   1   0       0.95789017
   47   1   0       0.94850518
   48   1   0       1.22365675
   48   2   1       2.87093404
   49   1   0       0.95515066
   50   1   0       0.95096066
   51   1   0       1.24649584
   51   2   1       2.85491395
   52   1   0       0.94147145
   53   1   0       0.95611534
   54   1   0       1.23425625
   54   2   1       2.86124247
   55   1   0       0.94420682
   56   1   0       0.93581943
   57   1   0       1.25872782
   57   2   1       2.94120267
   58   1   0       0.92544940
   59   1   0       0.95380376
   60   1   0       0.94533510
   61   1   0       1.27752956
   61   2   1       2.91395785
   62   1   0       0.94973634
   63   1   0       0.94379007
   64   1   0       0.93952546
   65   1   0       1.23266887
   65   2   1       2.86065745
   66   1   0       0.93964220
   67   1   0       0.94345617
   68   1   0       1.24624772
   68   2   1       2.84757674
   69   1   0       0.95251135
   70   1   0       0.96514665
   71   1   0       1.25560635
   71   2   1       2.86937804
   72   1   0       0.94022087
   73   1   0       0.93757751
   74   1   0       1.25394130
   74   2   1       2.88705194
   75   1   0       0.92595861
   76   1   0       0.92521328
   77   1   0       1.24907295
   77   2   1       2.82987640
   78   1   0       0.97368467
   79   1   0       0.95414684
   80   1   0       1.22821632
   80   2   1       2.87365722
   81   1   0       0.95369375
   82   1   0       0.94647870
   83   1   0       1.23515174
   83   2   1       2.86133173
   84   1   0       0.95174328
   85   1   0       0.95523137
   86   1   0       1.22147502
   86   2   1       2.85513367
   87   1   0       0.93937255
   88   1   0       0.94171368
   89   1   0       1.26700266
   89   2   1       2.95779238
   90   1   0       0.92256415
   91   1   0       0.93050143
   92   1   0       0.94211186
   93   1   0       1.27248358
   93   2   1       2.93641360
   94   1   0       0.95992983
   95   1   0       0.93041382
   96   1   0       0.93334808
   97   1   0       1.23610390
   97   2   1       2.85016859
   98   1   0       0.96458375
   99   1   0       0.94102094
  100   1   0       1.25199600
  100   2   1       2.86205858
  101   1   0       0.93698315
  102   1   0       0.93449825
  103   1   0       1.23549798
  103   2   1       2.87834818
  104   1   0       0.95988127
  105   1   0       0.92590532
  106   1   0       1.24413384
  106   2   1       2.85040890
  107   1   0       0.97222439
  108   1   0       0.94720679
  109   1   0       1.24485672
  109   2   1       2.86235703
  110   1   0       0.94380878
  111   1   0       0.95558923
  112   1   0       1.23020654
  112   2   1       2.87260686
  113   1   0       0.95781120
  114   1   0       0.95590054
  115   1   0       1.23904529
  115   2   1       2.85453756
  116   1   0       0.94671011
  117   1   0       0.93904142
  118   1   0       1.22674627
  118   2   1       2.85877086
  119   1   0       0.94606192
  120   1   0       0.93177278
  121   1   0       1.26090051
  121   2   1       2.95000974
  122   1   0       0.93755528
  123   1   0       0.93362637
  124   1   0       0.93084854
  125   1   0       1.26644152
  125   2   1       2.93109008
  126   1   0       0.94226035
  127   1   0       0.94859226
  128   1   0       0.94027623
  129   1   0       1.22813096
  129   2   1       2.86137705
  130   1   0       0.94189714
  131   1   0       0.95866475
  132   1   0       1.23865211
  132   2   1       2.86515364
  133   1   0       0.95522342
  134   1   0       0.95974475
  135   1   0       1.23222755
  135   2   1       2.87786610
  136   1   0       0.95703407
  137   1   0       0.92727169
  138   1   0       1.25185247
  138   2   1       2.84228225
  139   1   0       0.95980359
  140   1   0       0.93883420
  141   1   0       1.23521661
  141   2   1       2.89410525
  142   1   0       0.93591424
  143   1   0       0.93655923
  144   1   0       1.22037794
  144   2   1       2.89074630
  145   1   0       0.92473786
  146   1   0       0.95331914
  147   1   0       1.22719086
  147   2   1       2.86720714
  148   1   0       0.95629972
  149   1   0       0.95214234
  150   1   0       1.22465796
  150   2   1       2.87578178
  151   1   0       0.97169648
  152   1   0       0.94148899
  153   1   0       1.27262369
  153   2   1       2.92771328
  154   1   0       0.94079781
  155   1   0       0.92303353
  156   1   0       0.93767491
  157   1   0       1.25167640
  157   2   1       2.97055512
  158   1   0       0.91472587
  159   1   0       0.93531502
  160   1   0       0.92043374
  161   1   0       1.24720175
  161   2   1       2.82923067
  162   1   0       0.96512116
  163   1   0       0.96106029
  164   1   0       1.22132654
  164   2   1       2.87828493
  165   1   0       0.95326827
  166   1   0       0.94565890
  167   1   0       1.21408610
  167   2   1       2.87468684
  168   1   0       0.95202123
  169   1   0       0.96118451
  170   1   0       1.21266009
  170   2   1       2.89151169
  171   1   0       0.93707444
  172   1   0       0.95659463
  173   1   0       1.22666555
  173   2   1       2.88244156
  174   1   0       0.94205331
  175   1   0       0.94135773
  176   1   0       1.23521574
  176   2   1       2.86595176
  177   1   0       0.96395256
  178   1   0       0.94811103
  179   1   0       1.25418800
  179   2   1       2.84726245
  180   1   0       0.93894060
  181   1   0       0.95973586
  182   1   0       1.24516742
  182   2   1       2.84814048
  183   1   0       0.94067509
  184   1   0       0.94913513
  185   1   0       1.27250812
  185   2   1       2.92727221
  186   1   0       0.94041897
  187   1   0       0.92757227
  188   1   0       0.93271857
  189   1   0       1.25913297
  189   2   1       2.94982748
  190   1   0       0.92705829
  191   1   0       0.93214736
  192   1   0       0.94310128
  193   1   0       1.23366954
  193   2   1       2.85444775
  194   1   0       0.94929144
  195   1   0       0.93414011
  196   1   0       1.24686421
  196   2   1       2.83766394
  197   1   0       0.96029087
  198   1   0       0.95039252
  199   1   0       1.24131915
  199   2   1       2.87556314
  200   1   0       0.94610699
  201   1   0       0.93848114
  202   1   0       1.25772887
  202   2   1       2.88180116
  203   1   0       0.93356431
  204   1   0       0.93642159
  205   1   0       1.25535944
  205   2   1       2.86975227
  206   1   0       0.95043391
  207   1   0       0.93328843
  208   1   0       1.24838803
  208   2   1       2.86108041
  209   1   0       0.94987284
  210   1   0       0.93726643
  211   1   0       1.23618092
  211   2   1       2.86183285
  212   1   0       0.95477639
  213   1   0       0.93838432
  214   1   0       1.23042054
  214   2   1       2.86629338
  215   1   0       0.94271527
  216   1   0       0.93686132
  217   1   0       1.26147634
  217   2   1       2.93237325
  218   1   0       0.93435848
  219   1   0       0.95334207
  220   1   0       0.94217656
  221   1   0       1.28277329
  221   2   1       2.91572736
  222   1   0       0.94906465
  223   1   0       0.94273985
  224   1   0       0.93142119
  225   1   0       1.23682305
  225   2   1       2.84928965
  226   1   0       0.93990207
  227   1   0       0.94650376
  228   1   0       1.26235726
  228   2   1       2.86012042
  229   1   0       0.95354883
  230   1   0       0.92885886
  231   1   0       1.26832660
  231   2   1       2.84390559
  232   1   0       0.94881225
  233   1   0       0.95430116
  234   1   0       1.23749417
  234   2   1       2.86725826
  235   1   0       0.94654954
  236   1   0       0.93923981
  237   1   0       1.25602211
  237   2   1       2.83392446
  238   1   0       0.94557220
  239   1   0       0.93863337
  240   1   0       1.25943709
  240   2   1       2.86687950
  241   1   0       0.95808932
  242   1   0       0.93547005
  243   1   0       1.24581031
  243   2   1       2.87632244
  244   1   0       0.94483604
  245   1   0       0.94061984
  246   1   0       1.24104688
  246   2   1       2.83984088
  247   1   0       0.96212160
  248   1   0       0.94966015
  249   1   0       1.26289542
  249   2   1       2.94272705
  250   1   0       0.94101475
  251   1   0       0.94320737
  252   1   0       0.92614784
  253   1   0       1.26511314
  253   2   1       2.93619773
  254   1   0       0.92725332
  255   1   0       0.94174026
  256   1   0       0.93726406
  257   1   0       1.25389255
  257   2   1       2.84052648
  258   1   0       0.93867607
  259   1   0       0.96318160
  260   1   0       1.25044015
  260   2   1       2.87132581
  261   1   0       0.94175482
  262   1   0       0.94688604
  263   1   0       1.25769320
  263   2   1       2.86248282
  264   1   0       0.93600652
  265   1   0       0.94748383
  266   1   0       1.24843710
  266   2   1       2.85341629
  267   1   0       0.95946077
  268   1   0       0.93515726
  269   1   0       1.23819050
  269   2   1       2.87429198
  270   1   0       0.93729549
  271   1   0       0.94182676
  272   1   0       1.24102290
  272   2   1       2.85436996
  273   1   0       0.95380069
  274   1   0       0.95416775
  275   1   0       1.23909412
  275   2   1       2.85746041
  276   1   0       0.95345392
  277   1   0       0.97034288
  278   1   0       1.21054312
  278   2   1       2.85864138
  279   1   0       0.94394478
  280   1   0       0.95346135
  281   1   0       1.27804105
  281   2   1       2.93377533
  282   1   0       0.92990352
  283   1   0       0.93710388
  284   1   0       0.91684731
  285   1   0       1.24201005
  285   2   1       2.95000530
  286   1   0       0.95176307
  287   1   0       0.93854210
  288   1   0       0.92955784
  289   1   0       1.25728386
  289   2   1       2.84459394
  290   1   0       0.94557916
  291   1   0       0.95934176
  292   1   0       1.23883616
  292   2   1       2.86721117
  293   1   0       0.94278240
  294   1   0       0.94803342
  295   1   0       1.23295849
  295   2   1       2.86194228
  296   1   0       0.94035811
  297   1   0       0.97252812
  298   1   0       1.24996996
  298   2   1       2.85492008
  299   1   0       0.95523125
  300   1   0       0.95011051
  301   1   0       1.24073034
  301   2   1       2.87939983
  302   1   0       0.93542381
  303   1   0       0.92697659
  304   1   0       1.24451422
  304   2   1       2.86162478
  305   1   0       0.95263038
  306   1   0       0.95705700
  307   1   0       1.24244655
  307   2   1       2.83580915
  308   1   0       0.94703551
  309   1   0       0.95171525
  310   1   0       1.23045381
  310   2   1       2.85142745
  311   1   0       0.94612183
  312   1   0       0.94110520
  313   1   0       1.27622735
  313   2   1       2.91972112
  314   1   0       0.92960209
  315   1   0       0.94454434
  316   1   0       0.92611242
  317   1   0       1.28386839
  317   2   1       2.91566940
  318   1   0       0.94496808
  319   1   0       0.93241236
  320   1   0       0.96064845
  321   1   0       1.21964605
  321   2   1       2.86018859
  322   1   0       0.95064753
  323   1   0       0.96838097
  324   1   0       1.21983866
  324   2   1       2.87464549
  325   1   0       0.96252020
  326   1   0       0.94277853
  327   1   0       1.23788793
  327   2   1       2.85945061
  328   1   0       0.96838807
  329   1   0       0.95139751
  330   1   0       1.23235819
  330   2   1       2.88640967
  331   1   0       0.93049386
  332   1   0       0.92201361
  333   1   0       1.24528869
  333   2   1       2.87677590
  334   1   0       0.93681608
  335   1   0       0.94022192
  336   1   0       1.23620252
  336   2   1       2.86121017
  337   1   0       0.95482521
  338   1   0       0.95139437
  339   1   0       1.26184970
  339   2   1       2.84172472
  340   1   0       0.94575400
  341   1   0       0.96036471
  342   1   0       1.25739569
  342   2   1       2.85286258
  343   1   0       0.93572240
  344   1   0       0.93302801
  345   1   0       1.26487126
  345   2   1       2.92971607
  346   1   0       0.93161149
  347   1   0       0.94701421
  348   1   0       0.92651048
  349   1   0       1.27434486
  349   2   1       2.93551171
  350   1   0       0.93954433
  351   1   0       0.93707941
  352   1   0       0.93541791
 
Orbital populations (up)
 Atom Sh.   l   m       Population  Label
    1   1   0   0       1.23767971  s
    1   2   1  -1       0.94518565  p_y
    1   2   1   0       0.94896095  p_z
    1   2   1   1       0.93582539  p_x
    2   1   0   0       0.94689545  s
    3   1   0   0       0.96554924  s
    4   1   0   0       1.23357690  s
    4   2   1  -1       0.95202346  p_y
    4   2   1   0       0.97903650  p_z
    4   2   1   1       0.92710399  p_x
    5   1   0   0       0.95656738  s
    6   1   0   0       0.95006365  s
    7   1   0   0       1.26637827  s
    7   2   1  -1       0.96316865  p_y
    7   2   1   0       0.94201276  p_z
    7   2   1   1       0.94412491  p_x
    8   1   0   0       0.96242217  s
    9   1   0   0       0.94549460  s
   10   1   0   0       1.23903809  s
   10   2   1  -1       0.99898525  p_y
   10   2   1   0       0.94691478  p_z
   10   2   1   1       0.94463009  p_x
   11   1   0   0       0.92659737  s
   12   1   0   0       0.93638588  s
   13   1   0   0       1.23753061  s
   13   2   1  -1       0.95266451  p_y
   13   2   1   0       0.95393845  p_z
   13   2   1   1       0.94320124  p_x
   14   1   0   0       0.94086723  s
   15   1   0   0       0.95659636  s
   16   1   0   0       1.23345486  s
   16   2   1  -1       0.95030903  p_y
   16   2   1   0       0.97461916  p_z
   16   2   1   1       0.94396949  p_x
   17   1   0   0       0.96022050  s
   18   1   0   0       0.94559981  s
   19   1   0   0       1.24549361  s
   19   2   1  -1       0.95776794  p_y
   19   2   1   0       0.95922369  p_z
   19   2   1   1       0.92447534  p_x
   20   1   0   0       0.96998791  s
   21   1   0   0       0.95035265  s
   22   1   0   0       1.23031836  s
   22   2   1  -1       0.96093324  p_y
   22   2   1   0       0.95935792  p_z
   22   2   1   1       0.93376244  p_x
   23   1   0   0       0.95646942  s
   24   1   0   0       0.94106713  s
   25   1   0   0       1.25443118  s
   25   2   1  -1       0.99494513  p_y
   25   2   1   0       1.00563401  p_z
   25   2   1   1       0.97292673  p_x
   26   1   0   0       0.93322954  s
   27   1   0   0       0.92437780  s
   28   1   0   0       0.92959238  s
   29   1   0   0       1.27113043  s
   29   2   1  -1       0.97951309  p_y
   29   2   1   0       0.96686603  p_z
   29   2   1   1       0.96790499  p_x
   30   1   0   0       0.94365275  s
   31   1   0   0       0.92669608  s
   32   1   0   0       0.95520319  s
   33   1   0   0       1.22649865  s
   33   2   1  -1       0.94359917  p_y
   33   2   1   0       0.95630361  p_z
   33   2   1   1       0.98770412  p_x
   34   1   0   0       0.93108809  s
   35   1   0   0       0.92990412  s
   36   1   0   0       1.23885919  s
   36   2   1  -1       0.94632284  p_y
   36   2   1   0       0.95147113  p_z
   36   2   1   1       0.98365929  p_x
   37   1   0   0       0.94719469  s
   38   1   0   0       0.94194330  s
   39   1   0   0       1.22170996  s
   39   2   1  -1       0.93839769  p_y
   39   2   1   0       0.98555163  p_z
   39   2   1   1       0.97056449  p_x
   40   1   0   0       0.92779147  s
   41   1   0   0       0.94305358  s
   42   1   0   0       1.24003947  s
   42   2   1  -1       0.95415177  p_y
   42   2   1   0       0.98030987  p_z
   42   2   1   1       0.94826132  p_x
   43   1   0   0       0.94496170  s
   44   1   0   0       0.94146299  s
   45   1   0   0       1.22530856  s
   45   2   1  -1       0.95223266  p_y
   45   2   1   0       0.95315533  p_z
   45   2   1   1       0.95779198  p_x
   46   1   0   0       0.95789017  s
   47   1   0   0       0.94850518  s
   48   1   0   0       1.22365675  s
   48   2   1  -1       0.99308468  p_y
   48   2   1   0       0.94469878  p_z
   48   2   1   1       0.93315058  p_x
   49   1   0   0       0.95515066  s
   50   1   0   0       0.95096066  s
   51   1   0   0       1.24649584  s
   51   2   1  -1       0.96889107  p_y
   51   2   1   0       0.93837958  p_z
   51   2   1   1       0.94764331  p_x
   52   1   0   0       0.94147145  s
   53   1   0   0       0.95611534  s
   54   1   0   0       1.23425625  s
   54   2   1  -1       0.97086860  p_y
   54   2   1   0       0.94654815  p_z
   54   2   1   1       0.94382572  p_x
   55   1   0   0       0.94420682  s
   56   1   0   0       0.93581943  s
   57   1   0   0       1.25872782  s
   57   2   1  -1       0.98610894  p_y
   57   2   1   0       0.98754646  p_z
   57   2   1   1       0.96754727  p_x
   58   1   0   0       0.92544940  s
   59   1   0   0       0.95380376  s
   60   1   0   0       0.94533510  s
   61   1   0   0       1.27752956  s
   61   2   1  -1       0.99064929  p_y
   61   2   1   0       0.97389929  p_z
   61   2   1   1       0.94940927  p_x
   62   1   0   0       0.94973634  s
   63   1   0   0       0.94379007  s
   64   1   0   0       0.93952546  s
   65   1   0   0       1.23266887  s
   65   2   1  -1       0.93830740  p_y
   65   2   1   0       0.95548350  p_z
   65   2   1   1       0.96686655  p_x
   66   1   0   0       0.93964220  s
   67   1   0   0       0.94345617  s
   68   1   0   0       1.24624772  s
   68   2   1  -1       0.95653561  p_y
   68   2   1   0       0.95374821  p_z
   68   2   1   1       0.93729292  p_x
   69   1   0   0       0.95251135  s
   70   1   0   0       0.96514665  s
   71   1   0   0       1.25560635  s
   71   2   1  -1       0.92538197  p_y
   71   2   1   0       0.96921812  p_z
   71   2   1   1       0.97477795  p_x
   72   1   0   0       0.94022087  s
   73   1   0   0       0.93757751  s
   74   1   0   0       1.25394130  s
   74   2   1  -1       0.93549733  p_y
   74   2   1   0       0.97307323  p_z
   74   2   1   1       0.97848138  p_x
   75   1   0   0       0.92595861  s
   76   1   0   0       0.92521328  s
   77   1   0   0       1.24907295  s
   77   2   1  -1       0.92723938  p_y
   77   2   1   0       0.95328340  p_z
   77   2   1   1       0.94935361  p_x
   78   1   0   0       0.97368467  s
   79   1   0   0       0.95414684  s
   80   1   0   0       1.22821632  s
   80   2   1  -1       0.96433940  p_y
   80   2   1   0       0.96266854  p_z
   80   2   1   1       0.94664927  p_x
   81   1   0   0       0.95369375  s
   82   1   0   0       0.94647870  s
   83   1   0   0       1.23515174  s
   83   2   1  -1       0.94832608  p_y
   83   2   1   0       0.96990993  p_z
   83   2   1   1       0.94309573  p_x
   84   1   0   0       0.95174328  s
   85   1   0   0       0.95523137  s
   86   1   0   0       1.22147502  s
   86   2   1  -1       0.90560005  p_y
   86   2   1   0       0.97046332  p_z
   86   2   1   1       0.97907030  p_x
   87   1   0   0       0.93937255  s
   88   1   0   0       0.94171368  s
   89   1   0   0       1.26700266  s
   89   2   1  -1       0.96005496  p_y
   89   2   1   0       1.02443148  p_z
   89   2   1   1       0.97330594  p_x
   90   1   0   0       0.92256415  s
   91   1   0   0       0.93050143  s
   92   1   0   0       0.94211186  s
   93   1   0   0       1.27248358  s
   93   2   1  -1       0.95341524  p_y
   93   2   1   0       1.00836645  p_z
   93   2   1   1       0.97463191  p_x
   94   1   0   0       0.95992983  s
   95   1   0   0       0.93041382  s
   96   1   0   0       0.93334808  s
   97   1   0   0       1.23610390  s
   97   2   1  -1       0.94975456  p_y
   97   2   1   0       0.94877411  p_z
   97   2   1   1       0.95163992  p_x
   98   1   0   0       0.96458375  s
   99   1   0   0       0.94102094  s
  100   1   0   0       1.25199600  s
  100   2   1  -1       0.95637987  p_y
  100   2   1   0       0.96054241  p_z
  100   2   1   1       0.94513630  p_x
  101   1   0   0       0.93698315  s
  102   1   0   0       0.93449825  s
  103   1   0   0       1.23549798  s
  103   2   1  -1       0.95222822  p_y
  103   2   1   0       0.95584811  p_z
  103   2   1   1       0.97027185  p_x
  104   1   0   0       0.95988127  s
  105   1   0   0       0.92590532  s
  106   1   0   0       1.24413384  s
  106   2   1  -1       0.94903249  p_y
  106   2   1   0       0.94486671  p_z
  106   2   1   1       0.95650971  p_x
  107   1   0   0       0.97222439  s
  108   1   0   0       0.94720679  s
  109   1   0   0       1.24485672  s
  109   2   1  -1       0.95245566  p_y
  109   2   1   0       0.94932823  p_z
  109   2   1   1       0.96057314  p_x
  110   1   0   0       0.94380878  s
  111   1   0   0       0.95558923  s
  112   1   0   0       1.23020654  s
  112   2   1  -1       0.98017666  p_y
  112   2   1   0       0.93855378  p_z
  112   2   1   1       0.95387642  p_x
  113   1   0   0       0.95781120  s
  114   1   0   0       0.95590054  s
  115   1   0   0       1.23904529  s
  115   2   1  -1       0.95110943  p_y
  115   2   1   0       0.95193647  p_z
  115   2   1   1       0.95149166  p_x
  116   1   0   0       0.94671011  s
  117   1   0   0       0.93904142  s
  118   1   0   0       1.22674627  s
  118   2   1  -1       0.95539501  p_y
  118   2   1   0       0.97595245  p_z
  118   2   1   1       0.92742340  p_x
  119   1   0   0       0.94606192  s
  120   1   0   0       0.93177278  s
  121   1   0   0       1.26090051  s
  121   2   1  -1       0.96996356  p_y
  121   2   1   0       0.99508551  p_z
  121   2   1   1       0.98496067  p_x
  122   1   0   0       0.93755528  s
  123   1   0   0       0.93362637  s
  124   1   0   0       0.93084854  s
  125   1   0   0       1.26644152  s
  125   2   1  -1       1.00295731  p_y
  125   2   1   0       0.96581699  p_z
  125   2   1   1       0.96231578  p_x
  126   1   0   0       0.94226035  s
  127   1   0   0       0.94859226  s
  128   1   0   0       0.94027623  s
  129   1   0   0       1.22813096  s
  129   2   1  -1       0.93121535  p_y
  129   2   1   0       0.94761613  p_z
  129   2   1   1       0.98254556  p_x
  130   1   0   0       0.94189714  s
  131   1   0   0       0.95866475  s
  132   1   0   0       1.23865211  s
  132   2   1  -1       0.95671056  p_y
  132   2   1   0       0.94176005  p_z
  132   2   1   1       0.96668303  p_x
  133   1   0   0       0.95522342  s
  134   1   0   0       0.95974475  s
  135   1   0   0       1.23222755  s
  135   2   1  -1       0.96329026  p_y
  135   2   1   0       0.94557052  p_z
  135   2   1   1       0.96900532  p_x
  136   1   0   0       0.95703407  s
  137   1   0   0       0.92727169  s
  138   1   0   0       1.25185247  s
  138   2   1  -1       0.96464220  p_y
  138   2   1   0       0.91064826  p_z
  138   2   1   1       0.96699179  p_x
  139   1   0   0       0.95980359  s
  140   1   0   0       0.93883420  s
  141   1   0   0       1.23521661  s
  141   2   1  -1       0.98783654  p_y
  141   2   1   0       0.94716948  p_z
  141   2   1   1       0.95909923  p_x
  142   1   0   0       0.93591424  s
  143   1   0   0       0.93655923  s
  144   1   0   0       1.22037794  s
  144   2   1  -1       0.97442320  p_y
  144   2   1   0       0.95640483  p_z
  144   2   1   1       0.95991827  p_x
  145   1   0   0       0.92473786  s
  146   1   0   0       0.95331914  s
  147   1   0   0       1.22719086  s
  147   2   1  -1       0.97947501  p_y
  147   2   1   0       0.95436644  p_z
  147   2   1   1       0.93336569  p_x
  148   1   0   0       0.95629972  s
  149   1   0   0       0.95214234  s
  150   1   0   0       1.22465796  s
  150   2   1  -1       0.97580593  p_y
  150   2   1   0       0.94817298  p_z
  150   2   1   1       0.95180287  p_x
  151   1   0   0       0.97169648  s
  152   1   0   0       0.94148899  s
  153   1   0   0       1.27262369  s
  153   2   1  -1       0.95614571  p_y
  153   2   1   0       0.97358994  p_z
  153   2   1   1       0.99797763  p_x
  154   1   0   0       0.94079781  s
  155   1   0   0       0.92303353  s
  156   1   0   0       0.93767491  s
  157   1   0   0       1.25167640  s
  157   2   1  -1       0.97842675  p_y
  157   2   1   0       0.98994602  p_z
  157   2   1   1       1.00218235  p_x
  158   1   0   0       0.91472587  s
  159   1   0   0       0.93531502  s
  160   1   0   0       0.92043374  s
  161   1   0   0       1.24720175  s
  161   2   1  -1       0.94960591  p_y
  161   2   1   0       0.96122177  p_z
  161   2   1   1       0.91840299  p_x
  162   1   0   0       0.96512116  s
  163   1   0   0       0.96106029  s
  164   1   0   0       1.22132654  s
  164   2   1  -1       0.93251929  p_y
  164   2   1   0       0.96868002  p_z
  164   2   1   1       0.97708562  p_x
  165   1   0   0       0.95326827  s
  166   1   0   0       0.94565890  s
  167   1   0   0       1.21408610  s
  167   2   1  -1       0.92877141  p_y
  167   2   1   0       0.96485921  p_z
  167   2   1   1       0.98105623  p_x
  168   1   0   0       0.95202123  s
  169   1   0   0       0.96118451  s
  170   1   0   0       1.21266009  s
  170   2   1  -1       0.98228815  p_y
  170   2   1   0       0.97522347  p_z
  170   2   1   1       0.93400007  p_x
  171   1   0   0       0.93707444  s
  172   1   0   0       0.95659463  s
  173   1   0   0       1.22666555  s
  173   2   1  -1       0.96050825  p_y
  173   2   1   0       0.97699771  p_z
  173   2   1   1       0.94493560  p_x
  174   1   0   0       0.94205331  s
  175   1   0   0       0.94135773  s
  176   1   0   0       1.23521574  s
  176   2   1  -1       0.95244471  p_y
  176   2   1   0       0.97546343  p_z
  176   2   1   1       0.93804362  p_x
  177   1   0   0       0.96395256  s
  178   1   0   0       0.94811103  s
  179   1   0   0       1.25418800  s
  179   2   1  -1       0.96829524  p_y
  179   2   1   0       0.92653015  p_z
  179   2   1   1       0.95243707  p_x
  180   1   0   0       0.93894060  s
  181   1   0   0       0.95973586  s
  182   1   0   0       1.24516742  s
  182   2   1  -1       0.97181142  p_y
  182   2   1   0       0.93753286  p_z
  182   2   1   1       0.93879620  p_x
  183   1   0   0       0.94067509  s
  184   1   0   0       0.94913513  s
  185   1   0   0       1.27250812  s
  185   2   1  -1       0.98668068  p_y
  185   2   1   0       0.98188082  p_z
  185   2   1   1       0.95871072  p_x
  186   1   0   0       0.94041897  s
  187   1   0   0       0.92757227  s
  188   1   0   0       0.93271857  s
  189   1   0   0       1.25913297  s
  189   2   1  -1       0.99487089  p_y
  189   2   1   0       0.99327630  p_z
  189   2   1   1       0.96168028  p_x
  190   1   0   0       0.92705829  s
  191   1   0   0       0.93214736  s
  192   1   0   0       0.94310128  s
  193   1   0   0       1.23366954  s
  193   2   1  -1       0.95284180  p_y
  193   2   1   0       0.94176100  p_z
  193   2   1   1       0.95984495  p_x
  194   1   0   0       0.94929144  s
  195   1   0   0       0.93414011  s
  196   1   0   0       1.24686421  s
  196   2   1  -1       0.93615512  p_y
  196   2   1   0       0.93767163  p_z
  196   2   1   1       0.96383719  p_x
  197   1   0   0       0.96029087  s
  198   1   0   0       0.95039252  s
  199   1   0   0       1.24131915  s
  199   2   1  -1       0.96555885  p_y
  199   2   1   0       0.96905144  p_z
  199   2   1   1       0.94095285  p_x
  200   1   0   0       0.94610699  s
  201   1   0   0       0.93848114  s
  202   1   0   0       1.25772887  s
  202   2   1  -1       0.98152771  p_y
  202   2   1   0       0.97605654  p_z
  202   2   1   1       0.92421691  p_x
  203   1   0   0       0.93356431  s
  204   1   0   0       0.93642159  s
  205   1   0   0       1.25535944  s
  205   2   1  -1       0.94934501  p_y
  205   2   1   0       0.96067179  p_z
  205   2   1   1       0.95973547  p_x
  206   1   0   0       0.95043391  s
  207   1   0   0       0.93328843  s
  208   1   0   0       1.24838803  s
  208   2   1  -1       0.95923467  p_y
  208   2   1   0       0.93856801  p_z
  208   2   1   1       0.96327773  p_x
  209   1   0   0       0.94987284  s
  210   1   0   0       0.93726643  s
  211   1   0   0       1.23618092  s
  211   2   1  -1       0.95472414  p_y
  211   2   1   0       0.98204110  p_z
  211   2   1   1       0.92506761  p_x
  212   1   0   0       0.95477639  s
  213   1   0   0       0.93838432  s
  214   1   0   0       1.23042054  s
  214   2   1  -1       0.96550967  p_y
  214   2   1   0       0.96666376  p_z
  214   2   1   1       0.93411995  p_x
  215   1   0   0       0.94271527  s
  216   1   0   0       0.93686132  s
  217   1   0   0       1.26147634  s
  217   2   1  -1       0.97491124  p_y
  217   2   1   0       0.96772072  p_z
  217   2   1   1       0.98974129  p_x
  218   1   0   0       0.93435848  s
  219   1   0   0       0.95334207  s
  220   1   0   0       0.94217656  s
  221   1   0   0       1.28277329  s
  221   2   1  -1       0.97476722  p_y
  221   2   1   0       0.97461215  p_z
  221   2   1   1       0.96634799  p_x
  222   1   0   0       0.94906465  s
  223   1   0   0       0.94273985  s
  224   1   0   0       0.93142119  s
  225   1   0   0       1.23682305  s
  225   2   1  -1       0.95256818  p_y
  225   2   1   0       0.94022035  p_z
  225   2   1   1       0.95650112  p_x
  226   1   0   0       0.93990207  s
  227   1   0   0       0.94650376  s
  228   1   0   0       1.26235726  s
  228   2   1  -1       0.96775918  p_y
  228   2   1   0       0.93753547  p_z
  228   2   1   1       0.95482577  p_x
  229   1   0   0       0.95354883  s
  230   1   0   0       0.92885886  s
  231   1   0   0       1.26832660  s
  231   2   1  -1       0.94885742  p_y
  231   2   1   0       0.93670324  p_z
  231   2   1   1       0.95834493  p_x
  232   1   0   0       0.94881225  s
  233   1   0   0       0.95430116  s
  234   1   0   0       1.23749417  s
  234   2   1  -1       0.96893804  p_y
  234   2   1   0       0.94918201  p_z
  234   2   1   1       0.94913821  p_x
  235   1   0   0       0.94654954  s
  236   1   0   0       0.93923981  s
  237   1   0   0       1.25602211  s
  237   2   1  -1       0.95644881  p_y
  237   2   1   0       0.92069041  p_z
  237   2   1   1       0.95678524  p_x
  238   1   0   0       0.94557220  s
  239   1   0   0       0.93863337  s
  240   1   0   0       1.25943709  s
  240   2   1  -1       0.95663882  p_y
  240   2   1   0       0.92568796  p_z
  240   2   1   1       0.98455271  p_x
  241   1   0   0       0.95808932  s
  242   1   0   0       0.93547005  s
  243   1   0   0       1.24581031  s
  243   2   1  -1       0.93460834  p_y
  243   2   1   0       0.95308999  p_z
  243   2   1   1       0.98862411  p_x
  244   1   0   0       0.94483604  s
  245   1   0   0       0.94061984  s
  246   1   0   0       1.24104688  s
  246   2   1  -1       0.93107916  p_y
  246   2   1   0       0.94112263  p_z
  246   2   1   1       0.96763909  p_x
  247   1   0   0       0.96212160  s
  248   1   0   0       0.94966015  s
  249   1   0   0       1.26289542  s
  249   2   1  -1       0.96392820  p_y
  249   2   1   0       1.00192453  p_z
  249   2   1   1       0.97687432  p_x
  250   1   0   0       0.94101475  s
  251   1   0   0       0.94320737  s
  252   1   0   0       0.92614784  s
  253   1   0   0       1.26511314  s
  253   2   1  -1       0.96655888  p_y
  253   2   1   0       0.97866653  p_z
  253   2   1   1       0.99097232  p_x
  254   1   0   0       0.92725332  s
  255   1   0   0       0.94174026  s
  256   1   0   0       0.93726406  s
  257   1   0   0       1.25389255  s
  257   2   1  -1       0.93005992  p_y
  257   2   1   0       0.95297931  p_z
  257   2   1   1       0.95748724  p_x
  258   1   0   0       0.93867607  s
  259   1   0   0       0.96318160  s
  260   1   0   0       1.25044015  s
  260   2   1  -1       0.98018096  p_y
  260   2   1   0       0.91602789  p_z
  260   2   1   1       0.97511695  p_x
  261   1   0   0       0.94175482  s
  262   1   0   0       0.94688604  s
  263   1   0   0       1.25769320  s
  263   2   1  -1       0.95324360  p_y
  263   2   1   0       0.95622830  p_z
  263   2   1   1       0.95301091  p_x
  264   1   0   0       0.93600652  s
  265   1   0   0       0.94748383  s
  266   1   0   0       1.24843710  s
  266   2   1  -1       0.96289722  p_y
  266   2   1   0       0.95403809  p_z
  266   2   1   1       0.93648098  p_x
  267   1   0   0       0.95946077  s
  268   1   0   0       0.93515726  s
  269   1   0   0       1.23819050  s
  269   2   1  -1       0.97821115  p_y
  269   2   1   0       0.97505781  p_z
  269   2   1   1       0.92102302  p_x
  270   1   0   0       0.93729549  s
  271   1   0   0       0.94182676  s
  272   1   0   0       1.24102290  s
  272   2   1  -1       0.94916111  p_y
  272   2   1   0       0.95899566  p_z
  272   2   1   1       0.94621320  p_x
  273   1   0   0       0.95380069  s
  274   1   0   0       0.95416775  s
  275   1   0   0       1.23909412  s
  275   2   1  -1       0.93209261  p_y
  275   2   1   0       0.95111942  p_z
  275   2   1   1       0.97424838  p_x
  276   1   0   0       0.95345392  s
  277   1   0   0       0.97034288  s
  278   1   0   0       1.21054312  s
  278   2   1  -1       0.93415623  p_y
  278   2   1   0       0.96502321  p_z
  278   2   1   1       0.95946194  p_x
  279   1   0   0       0.94394478  s
  280   1   0   0       0.95346135  s
  281   1   0   0       1.27804105  s
  281   2   1  -1       0.96003136  p_y
  281   2   1   0       1.00376101  p_z
  281   2   1   1       0.96998296  p_x
  282   1   0   0       0.92990352  s
  283   1   0   0       0.93710388  s
  284   1   0   0       0.91684731  s
  285   1   0   0       1.24201005  s
  285   2   1  -1       0.94361387  p_y
  285   2   1   0       1.02838266  p_z
  285   2   1   1       0.97800876  p_x
  286   1   0   0       0.95176307  s
  287   1   0   0       0.93854210  s
  288   1   0   0       0.92955784  s
  289   1   0   0       1.25728386  s
  289   2   1  -1       0.98403880  p_y
  289   2   1   0       0.94879866  p_z
  289   2   1   1       0.91175648  p_x
  290   1   0   0       0.94557916  s
  291   1   0   0       0.95934176  s
  292   1   0   0       1.23883616  s
  292   2   1  -1       0.97680063  p_y
  292   2   1   0       0.96497335  p_z
  292   2   1   1       0.92543719  p_x
  293   1   0   0       0.94278240  s
  294   1   0   0       0.94803342  s
  295   1   0   0       1.23295849  s
  295   2   1  -1       0.98727048  p_y
  295   2   1   0       0.95020109  p_z
  295   2   1   1       0.92447071  p_x
  296   1   0   0       0.94035811  s
  297   1   0   0       0.97252812  s
  298   1   0   0       1.24996996  s
  298   2   1  -1       0.98910137  p_y
  298   2   1   0       0.94507943  p_z
  298   2   1   1       0.92073928  p_x
  299   1   0   0       0.95523125  s
  300   1   0   0       0.95011051  s
  301   1   0   0       1.24073034  s
  301   2   1  -1       0.98728523  p_y
  301   2   1   0       0.95140670  p_z
  301   2   1   1       0.94070789  p_x
  302   1   0   0       0.93542381  s
  303   1   0   0       0.92697659  s
  304   1   0   0       1.24451422  s
  304   2   1  -1       0.95580562  p_y
  304   2   1   0       0.96875634  p_z
  304   2   1   1       0.93706282  p_x
  305   1   0   0       0.95263038  s
  306   1   0   0       0.95705700  s
  307   1   0   0       1.24244655  s
  307   2   1  -1       0.96470379  p_y
  307   2   1   0       0.92977833  p_z
  307   2   1   1       0.94132704  p_x
  308   1   0   0       0.94703551  s
  309   1   0   0       0.95171525  s
  310   1   0   0       1.23045381  s
  310   2   1  -1       0.94244490  p_y
  310   2   1   0       0.93391950  p_z
  310   2   1   1       0.97506306  p_x
  311   1   0   0       0.94612183  s
  312   1   0   0       0.94110520  s
  313   1   0   0       1.27622735  s
  313   2   1  -1       0.99995274  p_y
  313   2   1   0       0.96998301  p_z
  313   2   1   1       0.94978537  p_x
  314   1   0   0       0.92960209  s
  315   1   0   0       0.94454434  s
  316   1   0   0       0.92611242  s
  317   1   0   0       1.28386839  s
  317   2   1  -1       0.95708768  p_y
  317   2   1   0       0.97751717  p_z
  317   2   1   1       0.98106455  p_x
  318   1   0   0       0.94496808  s
  319   1   0   0       0.93241236  s
  320   1   0   0       0.96064845  s
  321   1   0   0       1.21964605  s
  321   2   1  -1       0.96680545  p_y
  321   2   1   0       0.96426219  p_z
  321   2   1   1       0.92912096  p_x
  322   1   0   0       0.95064753  s
  323   1   0   0       0.96838097  s
  324   1   0   0       1.21983866  s
  324   2   1  -1       0.96810852  p_y
  324   2   1   0       0.96710286  p_z
  324   2   1   1       0.93943411  p_x
  325   1   0   0       0.96252020  s
  326   1   0   0       0.94277853  s
  327   1   0   0       1.23788793  s
  327   2   1  -1       0.95882732  p_y
  327   2   1   0       0.95199681  p_z
  327   2   1   1       0.94862649  p_x
  328   1   0   0       0.96838807  s
  329   1   0   0       0.95139751  s
  330   1   0   0       1.23235819  s
  330   2   1  -1       0.93856560  p_y
  330   2   1   0       0.98485619  p_z
  330   2   1   1       0.96298787  p_x
  331   1   0   0       0.93049386  s
  332   1   0   0       0.92201361  s
  333   1   0   0       1.24528869  s
  333   2   1  -1       0.94828752  p_y
  333   2   1   0       0.95438407  p_z
  333   2   1   1       0.97410431  p_x
  334   1   0   0       0.93681608  s
  335   1   0   0       0.94022192  s
  336   1   0   0       1.23620252  s
  336   2   1  -1       0.97737004  p_y
  336   2   1   0       0.93441009  p_z
  336   2   1   1       0.94943004  p_x
  337   1   0   0       0.95482521  s
  338   1   0   0       0.95139437  s
  339   1   0   0       1.26184970  s
  339   2   1  -1       0.92764714  p_y
  339   2   1   0       0.94953190  p_z
  339   2   1   1       0.96454567  p_x
  340   1   0   0       0.94575400  s
  341   1   0   0       0.96036471  s
  342   1   0   0       1.25739569  s
  342   2   1  -1       0.95145726  p_y
  342   2   1   0       0.93712883  p_z
  342   2   1   1       0.96427649  p_x
  343   1   0   0       0.93572240  s
  344   1   0   0       0.93302801  s
  345   1   0   0       1.26487126  s
  345   2   1  -1       0.97139366  p_y
  345   2   1   0       0.97894065  p_z
  345   2   1   1       0.97938176  p_x
  346   1   0   0       0.93161149  s
  347   1   0   0       0.94701421  s
  348   1   0   0       0.92651048  s
  349   1   0   0       1.27434486  s
  349   2   1  -1       0.99366950  p_y
  349   2   1   0       0.98677639  p_z
  349   2   1   1       0.95506583  p_x
  350   1   0   0       0.93954433  s
  351   1   0   0       0.93707941  s
  352   1   0   0       0.93541791  s
 
Fermi level:                        -0.0623410936 H           -1.6964 eV
Band energy:                      -278.2539571719 H        -7571.6754 eV
TS:                                  0.0000000000 H            0.0000 eV
Band free energy (E-TS):          -278.2539571719 H        -7571.6754 eV
Extrapolated E(0K):               -278.2539571719 H        -7571.6754 eV
Input / Output electrons (q):    682.0000000000    682.0000000000
 
Energy H0:                        -282.8136666032 H        -7695.7514 eV
Energy SCC:                          0.0727980674 H            1.9809 eV
Total Electronic energy:          -282.7408685357 H        -7693.7705 eV
Repulsive energy:                    4.4505997298 H          121.1070 eV
Dispersion energy:                   1.1225146176 H           30.5452 eV
Total energy:                     -277.1677541883 H        -7542.1183 eV
Extrapolated to 0:                -277.1677541883 H        -7542.1183 eV
Total Mermin free energy:         -277.1677541883 H        -7542.1183 eV
Force related energy:             -277.1677541883 H        -7542.1183 eV
 
SCC converged
 
Full geometry written in geo_end.{xyz|gen}
 
MD Kinetic Energy:                   0.6868651752 H
Total MD Energy:                  -276.4808890131 H
Pressure:                           -0.204915E-04 au    -0.602880E+09 Pa
MD Temperature:                      0.0013045872 H          411.9556 K
MD Kinetic Energy:                   0.6868651752 H
Total MD Energy:                  -276.4808890131 H        -7523.4278 eV
MD Temperature:                      0.0013045872 H          411.9556 K
 
Molecular dynamics completed
 
